Copyright 1986-2019 Xilinx, Inc. All Rights Reserved.
-----------------------------------------------------------------------------------------
| Tool Version      : Vivado v.2019.1 (lin64) Build 2552052 Fri May 24 14:47:09 MDT 2019
| Date              : Tue Nov 18 01:00:46 2025
| Host              : hvm1 running 64-bit Ubuntu 22.04.5 LTS
| Command           : report_timing_summary -file reports/hls_argmax_25_9_timing.rpt
| Design            : p
| Device            : xcvu13p-fhga2104
| Speed File        : -3  PRODUCTION 1.23 03-18-2019
| Temperature Grade : E
-----------------------------------------------------------------------------------------

Timing Summary Report

------------------------------------------------------------------------------------------------
| Timer Settings
| --------------
------------------------------------------------------------------------------------------------

  Enable Multi Corner Analysis               :  Yes
  Enable Pessimism Removal                   :  Yes
  Pessimism Removal Resolution               :  Nearest Common Node
  Enable Input Delay Default Clock           :  No
  Enable Preset / Clear Arcs                 :  No
  Disable Flight Delays                      :  No
  Ignore I/O Paths                           :  No
  Timing Early Launch at Borrowing Latches   :  No
  Borrow Time for Max Delay Exceptions       :  Yes

  Corner  Analyze    Analyze    
  Name    Max Paths  Min Paths  
  ------  ---------  ---------  
  Slow    Yes        Yes        
  Fast    Yes        Yes        



check_timing report

Table of Contents
-----------------
1. checking no_clock
2. checking constant_clock
3. checking pulse_width_clock
4. checking unconstrained_internal_endpoints
5. checking no_input_delay
6. checking no_output_delay
7. checking multiple_clock
8. checking generated_clocks
9. checking loops
10. checking partial_input_delay
11. checking partial_output_delay
12. checking latch_loops

1. checking no_clock
--------------------
 There are 0 register/latch pins with no clock.


2. checking constant_clock
--------------------------
 There are 0 register/latch pins with constant_clock.


3. checking pulse_width_clock
-----------------------------
 There are 0 register/latch pins which need pulse_width check


4. checking unconstrained_internal_endpoints
--------------------------------------------
 There are 0 pins that are not constrained for maximum delay.

 There are 0 pins that are not constrained for maximum delay due to constant clock.


5. checking no_input_delay
--------------------------
 There are 403 input ports with no input delay specified. (HIGH)

 There are 0 input ports with no input delay but user has a false path constraint.


6. checking no_output_delay
---------------------------
 There are 13 ports with no output delay specified. (HIGH)

 There are 0 ports with no output delay but user has a false path constraint

 There are 0 ports with no output delay but with a timing clock defined on it or propagating through it


7. checking multiple_clock
--------------------------
 There are 0 register/latch pins with multiple clocks.


8. checking generated_clocks
----------------------------
 There are 0 generated clocks that are not connected to a clock source.


9. checking loops
-----------------
 There are 0 combinational loops in the design.


10. checking partial_input_delay
--------------------------------
 There are 0 input ports with partial input delay specified.


11. checking partial_output_delay
---------------------------------
 There are 0 ports with partial output delay specified.


12. checking latch_loops
------------------------
 There are 0 combinational latch loops in the design through latch input



------------------------------------------------------------------------------------------------
| Design Timing Summary
| ---------------------
------------------------------------------------------------------------------------------------

    WNS(ns)      TNS(ns)  TNS Failing Endpoints  TNS Total Endpoints      WHS(ns)      THS(ns)  THS Failing Endpoints  THS Total Endpoints     WPWS(ns)     TPWS(ns)  TPWS Failing Endpoints  TPWS Total Endpoints  
    -------      -------  ---------------------  -------------------      -------      -------  ---------------------  -------------------     --------     --------  ----------------------  --------------------  
     -2.302   -55649.762                  58747               146719        0.008        0.000                      0               146719        2.225        0.000                       0                 27081  


Timing constraints are not met.


------------------------------------------------------------------------------------------------
| Clock Summary
| -------------
------------------------------------------------------------------------------------------------

Clock   Waveform(ns)         Period(ns)      Frequency(MHz)
-----   ------------         ----------      --------------
ap_clk  {0.000 2.500}        5.000           200.000         


------------------------------------------------------------------------------------------------
| Intra Clock Table
| -----------------
------------------------------------------------------------------------------------------------

Clock             WNS(ns)      TNS(ns)  TNS Failing Endpoints  TNS Total Endpoints      WHS(ns)      THS(ns)  THS Failing Endpoints  THS Total Endpoints     WPWS(ns)     TPWS(ns)  TPWS Failing Endpoints  TPWS Total Endpoints  
-----             -------      -------  ---------------------  -------------------      -------      -------  ---------------------  -------------------     --------     --------  ----------------------  --------------------  
ap_clk             -2.302   -55649.762                  58747               146719        0.008        0.000                      0               146719        2.225        0.000                       0                 27081  


------------------------------------------------------------------------------------------------
| Inter Clock Table
| -----------------
------------------------------------------------------------------------------------------------

From Clock    To Clock          WNS(ns)      TNS(ns)  TNS Failing Endpoints  TNS Total Endpoints      WHS(ns)      THS(ns)  THS Failing Endpoints  THS Total Endpoints  
----------    --------          -------      -------  ---------------------  -------------------      -------      -------  ---------------------  -------------------  


------------------------------------------------------------------------------------------------
| Other Path Groups Table
| -----------------------
------------------------------------------------------------------------------------------------

Path Group    From Clock    To Clock          WNS(ns)      TNS(ns)  TNS Failing Endpoints  TNS Total Endpoints      WHS(ns)      THS(ns)  THS Failing Endpoints  THS Total Endpoints  
----------    ----------    --------          -------      -------  ---------------------  -------------------      -------      -------  ---------------------  -------------------  


------------------------------------------------------------------------------------------------
| Timing Details
| --------------
------------------------------------------------------------------------------------------------


---------------------------------------------------------------------------------------------------
From Clock:  ap_clk
  To Clock:  ap_clk

Setup :        58747  Failing Endpoints,  Worst Slack       -2.302ns,  Total Violation   -55649.762ns
Hold  :            0  Failing Endpoints,  Worst Slack        0.008ns,  Total Violation        0.000ns
PW    :            0  Failing Endpoints,  Worst Slack        2.225ns,  Total Violation        0.000ns
---------------------------------------------------------------------------------------------------


Max Delay Paths
--------------------------------------------------------------------------------------
Slack (VIOLATED) :        -2.302ns  (required time - arrival time)
  Source:                 grp_dense_latency_0_0_0_0_0_0_0_0_0_0_0_0_0_0_0_0_0_0_0_0_0_0_0_0_0_0_0_0_0_0_0_0_0_fu_109/add_ln703_1754_reg_13635888_reg[2]/C
                            (rising edge-triggered cell FDRE clocked by ap_clk  {rise@0.000ns fall@2.500ns period=5.000ns})
  Destination:            grp_dense_latency_0_0_0_0_0_0_0_0_0_0_0_0_0_0_0_0_0_0_0_0_0_0_0_0_0_0_0_0_0_0_0_0_0_1_fu_177/mul_ln1118_945_fu_2674_p2/DSP_A_B_DATA_INST/RSTA
                            (rising edge-triggered cell DSP_A_B_DATA clocked by ap_clk  {rise@0.000ns fall@2.500ns period=5.000ns})
  Path Group:             ap_clk
  Path Type:              Setup (Max at Slow Process Corner)
  Requirement:            5.000ns  (ap_clk rise@5.000ns - ap_clk rise@0.000ns)
  Data Path Delay:        7.062ns  (logic 1.588ns (22.487%)  route 5.474ns (77.513%))
  Logic Levels:           14  (CARRY8=7 LUT3=3 LUT4=3 LUT5=1)
  Clock Path Skew:        -0.026ns (DCD - SCD + CPR)
    Destination Clock Delay (DCD):    3.123ns = ( 8.123 - 5.000 ) 
    Source Clock Delay      (SCD):    3.501ns
    Clock Pessimism Removal (CPR):    0.352ns
  Clock Uncertainty:      0.035ns  ((TSJ^2 + TIJ^2)^1/2 + DJ) / 2 + PE
    Total System Jitter     (TSJ):    0.071ns
    Total Input Jitter      (TIJ):    0.000ns
    Discrete Jitter          (DJ):    0.000ns
    Phase Error              (PE):    0.000ns
  Clock Net Delay (Source):      2.625ns (routing 1.128ns, distribution 1.497ns)
  Clock Net Delay (Destination): 2.490ns (routing 1.023ns, distribution 1.467ns)

    Location             Delay type                Incr(ns)  Path(ns)    Netlist Resource(s)
  -------------------------------------------------------------------    -------------------
                         (clock ap_clk rise edge)     0.000     0.000 r  
    AP13                                              0.000     0.000 r  ap_clk (IN)
                         net (fo=0)                   0.000     0.000    ap_clk_IBUF_inst/I
    AP13                 INBUF (Prop_INBUF_HPIOB_M_PAD_O)
                                                      0.534     0.534 r  ap_clk_IBUF_inst/INBUF_INST/O
                         net (fo=1, routed)           0.000     0.534    ap_clk_IBUF_inst/OUT
    AP13                 IBUFCTRL (Prop_IBUFCTRL_HPIOB_M_I_O)
                                                      0.000     0.534 r  ap_clk_IBUF_inst/IBUFCTRL_INST/O
                         net (fo=1, routed)           0.314     0.848    ap_clk_IBUF
    BUFGCE_X0Y170        BUFGCE (Prop_BUFCE_BUFGCE_I_O)
                                                      0.028     0.876 r  ap_clk_IBUF_BUFG_inst/O
    X3Y10 (CLOCK_ROOT)   net (fo=48048, routed)       2.625     3.501    grp_dense_latency_0_0_0_0_0_0_0_0_0_0_0_0_0_0_0_0_0_0_0_0_0_0_0_0_0_0_0_0_0_0_0_0_0_fu_109/ap_clk_IBUF_BUFG
    SLR Crossing[1->2]   
    SLICE_X172Y617       FDRE                                         r  grp_dense_latency_0_0_0_0_0_0_0_0_0_0_0_0_0_0_0_0_0_0_0_0_0_0_0_0_0_0_0_0_0_0_0_0_0_fu_109/add_ln703_1754_reg_13635888_reg[2]/C
  -------------------------------------------------------------------    -------------------
    SLICE_X172Y617       FDRE (Prop_CFF_SLICEL_C_Q)
                                                      0.070     3.571 r  grp_dense_latency_0_0_0_0_0_0_0_0_0_0_0_0_0_0_0_0_0_0_0_0_0_0_0_0_0_0_0_0_0_0_0_0_0_fu_109/add_ln703_1754_reg_13635888_reg[2]/Q
                         net (fo=2, routed)           0.278     3.849    grp_dense_latency_0_0_0_0_0_0_0_0_0_0_0_0_0_0_0_0_0_0_0_0_0_0_0_0_0_0_0_0_0_0_0_0_0_fu_109/add_ln703_1754_reg_13635888[2]
    SLICE_X168Y612       LUT3 (Prop_C5LUT_SLICEL_I1_O)
                                                      0.122     3.971 r  grp_dense_latency_0_0_0_0_0_0_0_0_0_0_0_0_0_0_0_0_0_0_0_0_0_0_0_0_0_0_0_0_0_0_0_0_0_fu_109/ap_return_27_int_reg[39]_i_74/O
                         net (fo=2, routed)           0.196     4.167    grp_dense_latency_0_0_0_0_0_0_0_0_0_0_0_0_0_0_0_0_0_0_0_0_0_0_0_0_0_0_0_0_0_0_0_0_0_fu_109/ap_return_27_int_reg[39]_i_74_n_0
    SLICE_X168Y612       LUT4 (Prop_D6LUT_SLICEL_I3_O)
                                                      0.133     4.300 r  grp_dense_latency_0_0_0_0_0_0_0_0_0_0_0_0_0_0_0_0_0_0_0_0_0_0_0_0_0_0_0_0_0_0_0_0_0_fu_109/ap_return_27_int_reg[39]_i_81/O
                         net (fo=1, routed)           0.012     4.312    grp_dense_latency_0_0_0_0_0_0_0_0_0_0_0_0_0_0_0_0_0_0_0_0_0_0_0_0_0_0_0_0_0_0_0_0_0_fu_109/ap_return_27_int_reg[39]_i_81_n_0
    SLICE_X168Y612       CARRY8 (Prop_CARRY8_SLICEL_S[3]_O[6])
                                                      0.148     4.460 r  grp_dense_latency_0_0_0_0_0_0_0_0_0_0_0_0_0_0_0_0_0_0_0_0_0_0_0_0_0_0_0_0_0_0_0_0_0_fu_109/ap_return_27_int_reg_reg[39]_i_69/O[6]
                         net (fo=2, routed)           0.519     4.979    grp_dense_latency_0_0_0_0_0_0_0_0_0_0_0_0_0_0_0_0_0_0_0_0_0_0_0_0_0_0_0_0_0_0_0_0_0_fu_109/ap_return_27_int_reg_reg[39]_i_69_n_9
    SLICE_X156Y599       LUT3 (Prop_G5LUT_SLICEM_I0_O)
                                                      0.063     5.042 r  grp_dense_latency_0_0_0_0_0_0_0_0_0_0_0_0_0_0_0_0_0_0_0_0_0_0_0_0_0_0_0_0_0_0_0_0_0_fu_109/ap_return_27_int_reg[31]_i_21/O
                         net (fo=2, routed)           0.360     5.402    grp_dense_latency_0_0_0_0_0_0_0_0_0_0_0_0_0_0_0_0_0_0_0_0_0_0_0_0_0_0_0_0_0_0_0_0_0_fu_109/ap_return_27_int_reg[31]_i_21_n_0
    SLICE_X156Y599       LUT4 (Prop_H6LUT_SLICEM_I3_O)
                                                      0.090     5.492 r  grp_dense_latency_0_0_0_0_0_0_0_0_0_0_0_0_0_0_0_0_0_0_0_0_0_0_0_0_0_0_0_0_0_0_0_0_0_fu_109/ap_return_27_int_reg[31]_i_28/O
                         net (fo=1, routed)           0.019     5.511    grp_dense_latency_0_0_0_0_0_0_0_0_0_0_0_0_0_0_0_0_0_0_0_0_0_0_0_0_0_0_0_0_0_0_0_0_0_fu_109/ap_return_27_int_reg[31]_i_28_n_0
    SLICE_X156Y599       CARRY8 (Prop_CARRY8_SLICEM_S[7]_CO[7])
                                                      0.099     5.610 r  grp_dense_latency_0_0_0_0_0_0_0_0_0_0_0_0_0_0_0_0_0_0_0_0_0_0_0_0_0_0_0_0_0_0_0_0_0_fu_109/ap_return_27_int_reg_reg[31]_i_18/CO[7]
                         net (fo=1, routed)           0.023     5.633    grp_dense_latency_0_0_0_0_0_0_0_0_0_0_0_0_0_0_0_0_0_0_0_0_0_0_0_0_0_0_0_0_0_0_0_0_0_fu_109/ap_return_27_int_reg_reg[31]_i_18_n_0
    SLICE_X156Y600       CARRY8 (Prop_CARRY8_SLICEM_CI_O[0])
                                                      0.050     5.683 r  grp_dense_latency_0_0_0_0_0_0_0_0_0_0_0_0_0_0_0_0_0_0_0_0_0_0_0_0_0_0_0_0_0_0_0_0_0_fu_109/ap_return_27_int_reg_reg[39]_i_18/O[0]
                         net (fo=2, routed)           0.545     6.228    grp_dense_latency_0_0_0_0_0_0_0_0_0_0_0_0_0_0_0_0_0_0_0_0_0_0_0_0_0_0_0_0_0_0_0_0_0_1_fu_177/ap_return_27_int_reg_reg[39]_3[0]
    SLICE_X148Y599       LUT3 (Prop_A5LUT_SLICEL_I0_O)
                                                      0.145     6.373 r  grp_dense_latency_0_0_0_0_0_0_0_0_0_0_0_0_0_0_0_0_0_0_0_0_0_0_0_0_0_0_0_0_0_0_0_0_0_1_fu_177/ap_return_27_int_reg[31]_i_8/O
                         net (fo=2, routed)           0.460     6.833    grp_dense_latency_0_0_0_0_0_0_0_0_0_0_0_0_0_0_0_0_0_0_0_0_0_0_0_0_0_0_0_0_0_0_0_0_0_1_fu_177/ap_return_27_int_reg[31]_i_8_n_0
    SLICE_X148Y599       CARRY8 (Prop_CARRY8_SLICEL_DI[1]_CO[7])
                                                      0.101     6.934 r  grp_dense_latency_0_0_0_0_0_0_0_0_0_0_0_0_0_0_0_0_0_0_0_0_0_0_0_0_0_0_0_0_0_0_0_0_0_1_fu_177/ap_return_27_int_reg_reg[31]_i_1/CO[7]
                         net (fo=1, routed)           0.023     6.957    grp_dense_latency_0_0_0_0_0_0_0_0_0_0_0_0_0_0_0_0_0_0_0_0_0_0_0_0_0_0_0_0_0_0_0_0_0_1_fu_177/ap_return_27_int_reg_reg[31]_i_1_n_0
    SLICE_X148Y600       CARRY8 (Prop_CARRY8_SLICEL_CI_O[1])
                                                      0.067     7.024 f  grp_dense_latency_0_0_0_0_0_0_0_0_0_0_0_0_0_0_0_0_0_0_0_0_0_0_0_0_0_0_0_0_0_0_0_0_0_1_fu_177/ap_return_27_int_reg_reg[39]_i_1/O[1]
                         net (fo=4, routed)           0.573     7.597    grp_dense_latency_0_0_0_0_0_0_0_0_0_0_0_0_0_0_0_0_0_0_0_0_0_0_0_0_0_0_0_0_0_0_0_0_0_fu_109/acc_27_V_fu_13633407_p2[17]
    SLICE_X130Y600       LUT5 (Prop_A6LUT_SLICEL_I0_O)
                                                      0.135     7.732 r  grp_dense_latency_0_0_0_0_0_0_0_0_0_0_0_0_0_0_0_0_0_0_0_0_0_0_0_0_0_0_0_0_0_0_0_0_0_fu_109/icmp_ln1494_27_fu_928_p2_carry__1_i_16/O
                         net (fo=1, routed)           0.013     7.745    call_ret3_relu_ap_fixed_57_25_5_3_0_ap_fixed_25_9_5_3_0_relu_config9_s_fu_323/icmp_ln1494_27_fu_928_p2_carry__2_1[0]
    SLICE_X130Y600       CARRY8 (Prop_CARRY8_SLICEL_S[0]_CO[7])
                                                      0.171     7.916 f  call_ret3_relu_ap_fixed_57_25_5_3_0_ap_fixed_25_9_5_3_0_relu_config9_s_fu_323/icmp_ln1494_27_fu_928_p2_carry__1/CO[7]
                         net (fo=1, routed)           0.023     7.939    call_ret3_relu_ap_fixed_57_25_5_3_0_ap_fixed_25_9_5_3_0_relu_config9_s_fu_323/icmp_ln1494_27_fu_928_p2_carry__1_n_0
    SLICE_X130Y601       CARRY8 (Prop_CARRY8_SLICEL_CI_CO[4])
                                                      0.081     8.020 f  call_ret3_relu_ap_fixed_57_25_5_3_0_ap_fixed_25_9_5_3_0_relu_config9_s_fu_323/icmp_ln1494_27_fu_928_p2_carry__2/CO[4]
                         net (fo=1, routed)           0.397     8.417    call_ret3_relu_ap_fixed_57_25_5_3_0_ap_fixed_25_9_5_3_0_relu_config9_s_fu_323/icmp_ln1494_27_fu_928_p2_carry__2_n_3
    SLICE_X118Y602       LUT4 (Prop_D6LUT_SLICEM_I3_O)
                                                      0.113     8.530 r  call_ret3_relu_ap_fixed_57_25_5_3_0_ap_fixed_25_9_5_3_0_relu_config9_s_fu_323/mul_ln1118_927_fu_2621_p2_i_1/O
                         net (fo=52, routed)          2.033    10.563    grp_dense_latency_0_0_0_0_0_0_0_0_0_0_0_0_0_0_0_0_0_0_0_0_0_0_0_0_0_0_0_0_0_0_0_0_0_1_fu_177/mul_ln1118_945_fu_2674_p2/RSTA
    DSP48E2_X3Y238       DSP_A_B_DATA                                 r  grp_dense_latency_0_0_0_0_0_0_0_0_0_0_0_0_0_0_0_0_0_0_0_0_0_0_0_0_0_0_0_0_0_0_0_0_0_1_fu_177/mul_ln1118_945_fu_2674_p2/DSP_A_B_DATA_INST/RSTA
  -------------------------------------------------------------------    -------------------

                         (clock ap_clk rise edge)     5.000     5.000 r  
    AP13                                              0.000     5.000 r  ap_clk (IN)
                         net (fo=0)                   0.000     5.000    ap_clk_IBUF_inst/I
    AP13                 INBUF (Prop_INBUF_HPIOB_M_PAD_O)
                                                      0.330     5.330 r  ap_clk_IBUF_inst/INBUF_INST/O
                         net (fo=1, routed)           0.000     5.330    ap_clk_IBUF_inst/OUT
    AP13                 IBUFCTRL (Prop_IBUFCTRL_HPIOB_M_I_O)
                                                      0.000     5.330 r  ap_clk_IBUF_inst/IBUFCTRL_INST/O
                         net (fo=1, routed)           0.279     5.609    ap_clk_IBUF
    BUFGCE_X0Y170        BUFGCE (Prop_BUFCE_BUFGCE_I_O)
                                                      0.024     5.633 r  ap_clk_IBUF_BUFG_inst/O
    X3Y10 (CLOCK_ROOT)   net (fo=48048, routed)       2.490     8.123    grp_dense_latency_0_0_0_0_0_0_0_0_0_0_0_0_0_0_0_0_0_0_0_0_0_0_0_0_0_0_0_0_0_0_0_0_0_1_fu_177/mul_ln1118_945_fu_2674_p2/CLK
    SLR Crossing[1->2]   
    DSP48E2_X3Y238       DSP_A_B_DATA                                 r  grp_dense_latency_0_0_0_0_0_0_0_0_0_0_0_0_0_0_0_0_0_0_0_0_0_0_0_0_0_0_0_0_0_0_0_0_0_1_fu_177/mul_ln1118_945_fu_2674_p2/DSP_A_B_DATA_INST/CLK
                         clock pessimism              0.352     8.475    
                         clock uncertainty           -0.035     8.439    
    DSP48E2_X3Y238       DSP_A_B_DATA (Setup_DSP_A_B_DATA_DSP48E2_CLK_RSTA)
                                                     -0.179     8.260    grp_dense_latency_0_0_0_0_0_0_0_0_0_0_0_0_0_0_0_0_0_0_0_0_0_0_0_0_0_0_0_0_0_0_0_0_0_1_fu_177/mul_ln1118_945_fu_2674_p2/DSP_A_B_DATA_INST
  -------------------------------------------------------------------
                         required time                          8.260    
                         arrival time                         -10.563    
  -------------------------------------------------------------------
                         slack                                 -2.302    





Min Delay Paths
--------------------------------------------------------------------------------------
Slack (MET) :             0.008ns  (arrival time - required time)
  Source:                 grp_dense_latency_0_0_0_0_0_0_0_0_0_0_0_0_0_0_0_0_0_0_0_0_0_0_0_0_0_0_0_0_0_0_0_0_0_1_fu_177/add_ln703_935_reg_3733942_reg[24]/C
                            (rising edge-triggered cell FDRE clocked by ap_clk  {rise@0.000ns fall@2.500ns period=5.000ns})
  Destination:            grp_dense_latency_0_0_0_0_0_0_0_0_0_0_0_0_0_0_0_0_0_0_0_0_0_0_0_0_0_0_0_0_0_0_0_0_0_1_fu_177/ap_return_24_int_reg_reg[40]/D
                            (rising edge-triggered cell FDRE clocked by ap_clk  {rise@0.000ns fall@2.500ns period=5.000ns})
  Path Group:             ap_clk
  Path Type:              Hold (Min at Fast Process Corner)
  Requirement:            0.000ns  (ap_clk rise@0.000ns - ap_clk rise@0.000ns)
  Data Path Delay:        0.165ns  (logic 0.092ns (55.758%)  route 0.073ns (44.242%))
  Logic Levels:           2  (CARRY8=1 LUT6=1)
  Clock Path Skew:        0.111ns (DCD - SCD - CPR)
    Destination Clock Delay (DCD):    2.381ns
    Source Clock Delay      (SCD):    1.912ns
    Clock Pessimism Removal (CPR):    0.358ns
  Clock Net Delay (Source):      1.517ns (routing 0.681ns, distribution 0.836ns)
  Clock Net Delay (Destination): 1.761ns (routing 0.759ns, distribution 1.002ns)

    Location             Delay type                Incr(ns)  Path(ns)    Netlist Resource(s)
  -------------------------------------------------------------------    -------------------
                         (clock ap_clk rise edge)     0.000     0.000 r  
    AP13                                              0.000     0.000 r  ap_clk (IN)
                         net (fo=0)                   0.000     0.000    ap_clk_IBUF_inst/I
    AP13                 INBUF (Prop_INBUF_HPIOB_M_PAD_O)
                                                      0.234     0.234 r  ap_clk_IBUF_inst/INBUF_INST/O
                         net (fo=1, routed)           0.000     0.234    ap_clk_IBUF_inst/OUT
    AP13                 IBUFCTRL (Prop_IBUFCTRL_HPIOB_M_I_O)
                                                      0.000     0.234 r  ap_clk_IBUF_inst/IBUFCTRL_INST/O
                         net (fo=1, routed)           0.144     0.378    ap_clk_IBUF
    BUFGCE_X0Y170        BUFGCE (Prop_BUFCE_BUFGCE_I_O)
                                                      0.017     0.395 r  ap_clk_IBUF_BUFG_inst/O
    X3Y10 (CLOCK_ROOT)   net (fo=48048, routed)       1.517     1.912    grp_dense_latency_0_0_0_0_0_0_0_0_0_0_0_0_0_0_0_0_0_0_0_0_0_0_0_0_0_0_0_0_0_0_0_0_0_1_fu_177/ap_clk_IBUF_BUFG
    SLR Crossing[1->2]   
    SLICE_X57Y559        FDRE                                         r  grp_dense_latency_0_0_0_0_0_0_0_0_0_0_0_0_0_0_0_0_0_0_0_0_0_0_0_0_0_0_0_0_0_0_0_0_0_1_fu_177/add_ln703_935_reg_3733942_reg[24]/C
  -------------------------------------------------------------------    -------------------
    SLICE_X57Y559        FDRE (Prop_AFF_SLICEM_C_Q)
                                                      0.038     1.950 r  grp_dense_latency_0_0_0_0_0_0_0_0_0_0_0_0_0_0_0_0_0_0_0_0_0_0_0_0_0_0_0_0_0_0_0_0_0_1_fu_177/add_ln703_935_reg_3733942_reg[24]/Q
                         net (fo=1, routed)           0.056     2.006    grp_dense_latency_0_0_0_0_0_0_0_0_0_0_0_0_0_0_0_0_0_0_0_0_0_0_0_0_0_0_0_0_0_0_0_0_0_1_fu_177/add_ln703_935_reg_3733942[24]
    SLICE_X56Y559        LUT6 (Prop_A6LUT_SLICEM_I5_O)
                                                      0.035     2.041 r  grp_dense_latency_0_0_0_0_0_0_0_0_0_0_0_0_0_0_0_0_0_0_0_0_0_0_0_0_0_0_0_0_0_0_0_0_0_1_fu_177/ap_return_24_int_reg[40]_i_2__0/O
                         net (fo=1, routed)           0.010     2.051    grp_dense_latency_0_0_0_0_0_0_0_0_0_0_0_0_0_0_0_0_0_0_0_0_0_0_0_0_0_0_0_0_0_0_0_0_0_1_fu_177/ap_return_24_int_reg[40]_i_2__0_n_0
    SLICE_X56Y559        CARRY8 (Prop_CARRY8_SLICEM_S[0]_O[0])
                                                      0.019     2.070 r  grp_dense_latency_0_0_0_0_0_0_0_0_0_0_0_0_0_0_0_0_0_0_0_0_0_0_0_0_0_0_0_0_0_0_0_0_0_1_fu_177/ap_return_24_int_reg_reg[40]_i_1__0/O[0]
                         net (fo=2, routed)           0.007     2.077    grp_dense_latency_0_0_0_0_0_0_0_0_0_0_0_0_0_0_0_0_0_0_0_0_0_0_0_0_0_0_0_0_0_0_0_0_0_1_fu_177/acc_24_V_fu_3732492_p2[24]
    SLICE_X56Y559        FDRE                                         r  grp_dense_latency_0_0_0_0_0_0_0_0_0_0_0_0_0_0_0_0_0_0_0_0_0_0_0_0_0_0_0_0_0_0_0_0_0_1_fu_177/ap_return_24_int_reg_reg[40]/D
  -------------------------------------------------------------------    -------------------

                         (clock ap_clk rise edge)     0.000     0.000 r  
    AP13                                              0.000     0.000 r  ap_clk (IN)
                         net (fo=0)                   0.000     0.000    ap_clk_IBUF_inst/I
    AP13                 INBUF (Prop_INBUF_HPIOB_M_PAD_O)
                                                      0.420     0.420 r  ap_clk_IBUF_inst/INBUF_INST/O
                         net (fo=1, routed)           0.000     0.420    ap_clk_IBUF_inst/OUT
    AP13                 IBUFCTRL (Prop_IBUFCTRL_HPIOB_M_I_O)
                                                      0.000     0.420 r  ap_clk_IBUF_inst/IBUFCTRL_INST/O
                         net (fo=1, routed)           0.181     0.601    ap_clk_IBUF
    BUFGCE_X0Y170        BUFGCE (Prop_BUFCE_BUFGCE_I_O)
                                                      0.019     0.620 r  ap_clk_IBUF_BUFG_inst/O
    X3Y10 (CLOCK_ROOT)   net (fo=48048, routed)       1.761     2.381    grp_dense_latency_0_0_0_0_0_0_0_0_0_0_0_0_0_0_0_0_0_0_0_0_0_0_0_0_0_0_0_0_0_0_0_0_0_1_fu_177/ap_clk_IBUF_BUFG
    SLR Crossing[1->2]   
    SLICE_X56Y559        FDRE                                         r  grp_dense_latency_0_0_0_0_0_0_0_0_0_0_0_0_0_0_0_0_0_0_0_0_0_0_0_0_0_0_0_0_0_0_0_0_0_1_fu_177/ap_return_24_int_reg_reg[40]/C
                         clock pessimism             -0.358     2.022    
    SLICE_X56Y559        FDRE (Hold_AFF_SLICEM_C_D)
                                                      0.046     2.068    grp_dense_latency_0_0_0_0_0_0_0_0_0_0_0_0_0_0_0_0_0_0_0_0_0_0_0_0_0_0_0_0_0_0_0_0_0_1_fu_177/ap_return_24_int_reg_reg[40]
  -------------------------------------------------------------------
                         required time                         -2.068    
                         arrival time                           2.077    
  -------------------------------------------------------------------
                         slack                                  0.008    





Pulse Width Checks
--------------------------------------------------------------------------------------
Clock Name:         ap_clk
Waveform(ns):       { 0.000 2.500 }
Period(ns):         5.000
Sources:            { ap_clk }

Check Type        Corner  Lib Pin   Reference Pin  Required(ns)  Actual(ns)  Slack(ns)  Location        Pin
Min Period        n/a     BUFGCE/I  n/a            1.122         5.000       3.878      BUFGCE_X0Y170   ap_clk_IBUF_BUFG_inst/I
Low Pulse Width   Slow    FDRE/C    n/a            0.275         2.500       2.225      SLICE_X88Y610   grp_dense_latency_0_0_0_0_0_0_0_0_0_0_0_0_0_0_0_0_0_0_0_0_0_0_0_0_0_0_0_0_0_0_0_0_0_fu_109/mul_ln1118_730_fu_2991_p2_i_10_psdsp_11/C
High Pulse Width  Fast    FDRE/C    n/a            0.275         2.500       2.225      SLICE_X103Y588  grp_dense_latency_0_0_0_0_0_0_0_0_0_0_0_0_0_0_0_0_0_0_0_0_0_0_0_0_0_0_0_0_0_0_0_0_0_fu_109/mul_ln1118_730_fu_2991_p2_i_10_psdsp/C



