Copyright 1986-2019 Xilinx, Inc. All Rights Reserved.
-----------------------------------------------------------------------------------------
| Tool Version      : Vivado v.2019.1 (lin64) Build 2552052 Fri May 24 14:47:09 MDT 2019
| Date              : Thu Nov 13 03:43:54 2025
| Host              : hvm1 running 64-bit Ubuntu 22.04.5 LTS
| Command           : report_timing_summary -file reports/hls_base_22_6_timing.rpt
| Design            : p
| Device            : xcvu13p-fhga2104
| Speed File        : -3  PRODUCTION 1.23 03-18-2019
| Temperature Grade : E
-----------------------------------------------------------------------------------------

Timing Summary Report

------------------------------------------------------------------------------------------------
| Timer Settings
| --------------
------------------------------------------------------------------------------------------------

  Enable Multi Corner Analysis               :  Yes
  Enable Pessimism Removal                   :  Yes
  Pessimism Removal Resolution               :  Nearest Common Node
  Enable Input Delay Default Clock           :  No
  Enable Preset / Clear Arcs                 :  No
  Disable Flight Delays                      :  No
  Ignore I/O Paths                           :  No
  Timing Early Launch at Borrowing Latches   :  No
  Borrow Time for Max Delay Exceptions       :  Yes

  Corner  Analyze    Analyze    
  Name    Max Paths  Min Paths  
  ------  ---------  ---------  
  Slow    Yes        Yes        
  Fast    Yes        Yes        



check_timing report

Table of Contents
-----------------
1. checking no_clock
2. checking constant_clock
3. checking pulse_width_clock
4. checking unconstrained_internal_endpoints
5. checking no_input_delay
6. checking no_output_delay
7. checking multiple_clock
8. checking generated_clocks
9. checking loops
10. checking partial_input_delay
11. checking partial_output_delay
12. checking latch_loops

1. checking no_clock
--------------------
 There are 0 register/latch pins with no clock.


2. checking constant_clock
--------------------------
 There are 0 register/latch pins with constant_clock.


3. checking pulse_width_clock
-----------------------------
 There are 0 register/latch pins which need pulse_width check


4. checking unconstrained_internal_endpoints
--------------------------------------------
 There are 0 pins that are not constrained for maximum delay.

 There are 0 pins that are not constrained for maximum delay due to constant clock.


5. checking no_input_delay
--------------------------
 There are 355 input ports with no input delay specified. (HIGH)

 There are 0 input ports with no input delay but user has a false path constraint.


6. checking no_output_delay
---------------------------
 There are 98 ports with no output delay specified. (HIGH)

 There are 0 ports with no output delay but user has a false path constraint

 There are 0 ports with no output delay but with a timing clock defined on it or propagating through it


7. checking multiple_clock
--------------------------
 There are 0 register/latch pins with multiple clocks.


8. checking generated_clocks
----------------------------
 There are 0 generated clocks that are not connected to a clock source.


9. checking loops
-----------------
 There are 0 combinational loops in the design.


10. checking partial_input_delay
--------------------------------
 There are 0 input ports with partial input delay specified.


11. checking partial_output_delay
---------------------------------
 There are 0 ports with partial output delay specified.


12. checking latch_loops
------------------------
 There are 0 combinational latch loops in the design through latch input



------------------------------------------------------------------------------------------------
| Design Timing Summary
| ---------------------
------------------------------------------------------------------------------------------------

    WNS(ns)      TNS(ns)  TNS Failing Endpoints  TNS Total Endpoints      WHS(ns)      THS(ns)  THS Failing Endpoints  THS Total Endpoints     WPWS(ns)     TPWS(ns)  TPWS Failing Endpoints  TPWS Total Endpoints  
    -------      -------  ---------------------  -------------------      -------      -------  ---------------------  -------------------     --------     --------  ----------------------  --------------------  
     -1.467   -20929.002                  45744               137076        0.031        0.000                      0               137076        2.005        0.000                       0                 22293  


Timing constraints are not met.


------------------------------------------------------------------------------------------------
| Clock Summary
| -------------
------------------------------------------------------------------------------------------------

Clock   Waveform(ns)         Period(ns)      Frequency(MHz)
-----   ------------         ----------      --------------
ap_clk  {0.000 2.500}        5.000           200.000         


------------------------------------------------------------------------------------------------
| Intra Clock Table
| -----------------
------------------------------------------------------------------------------------------------

Clock             WNS(ns)      TNS(ns)  TNS Failing Endpoints  TNS Total Endpoints      WHS(ns)      THS(ns)  THS Failing Endpoints  THS Total Endpoints     WPWS(ns)     TPWS(ns)  TPWS Failing Endpoints  TPWS Total Endpoints  
-----             -------      -------  ---------------------  -------------------      -------      -------  ---------------------  -------------------     --------     --------  ----------------------  --------------------  
ap_clk             -1.467   -20929.002                  45744               137076        0.031        0.000                      0               137076        2.005        0.000                       0                 22293  


------------------------------------------------------------------------------------------------
| Inter Clock Table
| -----------------
------------------------------------------------------------------------------------------------

From Clock    To Clock          WNS(ns)      TNS(ns)  TNS Failing Endpoints  TNS Total Endpoints      WHS(ns)      THS(ns)  THS Failing Endpoints  THS Total Endpoints  
----------    --------          -------      -------  ---------------------  -------------------      -------      -------  ---------------------  -------------------  


------------------------------------------------------------------------------------------------
| Other Path Groups Table
| -----------------------
------------------------------------------------------------------------------------------------

Path Group    From Clock    To Clock          WNS(ns)      TNS(ns)  TNS Failing Endpoints  TNS Total Endpoints      WHS(ns)      THS(ns)  THS Failing Endpoints  THS Total Endpoints  
----------    ----------    --------          -------      -------  ---------------------  -------------------      -------      -------  ---------------------  -------------------  


------------------------------------------------------------------------------------------------
| Timing Details
| --------------
------------------------------------------------------------------------------------------------


---------------------------------------------------------------------------------------------------
From Clock:  ap_clk
  To Clock:  ap_clk

Setup :        45744  Failing Endpoints,  Worst Slack       -1.467ns,  Total Violation   -20929.003ns
Hold  :            0  Failing Endpoints,  Worst Slack        0.031ns,  Total Violation        0.000ns
PW    :            0  Failing Endpoints,  Worst Slack        2.005ns,  Total Violation        0.000ns
---------------------------------------------------------------------------------------------------


Max Delay Paths
--------------------------------------------------------------------------------------
Slack (VIOLATED) :        -1.467ns  (required time - arrival time)
  Source:                 grp_dense_latency_0_0_0_0_0_0_0_0_0_0_0_0_0_0_0_0_0_0_0_0_0_0_0_0_0_0_0_0_0_0_0_0_0_s_fu_203/mul_ln1118_1464_fu_2941_p2/DSP_A_B_DATA_INST/CLK
                            (rising edge-triggered cell DSP_A_B_DATA clocked by ap_clk  {rise@0.000ns fall@2.500ns period=5.000ns})
  Destination:            layer2_out_2_V_reg_1575_reg[31]_replica_2/D
                            (rising edge-triggered cell FDRE clocked by ap_clk  {rise@0.000ns fall@2.500ns period=5.000ns})
  Path Group:             ap_clk
  Path Type:              Setup (Max at Slow Process Corner)
  Requirement:            5.000ns  (ap_clk rise@5.000ns - ap_clk rise@0.000ns)
  Data Path Delay:        6.069ns  (logic 2.395ns (39.463%)  route 3.674ns (60.537%))
  Logic Levels:           16  (CARRY8=4 DSP_ALU=1 DSP_M_DATA=1 DSP_MULTIPLIER=1 DSP_OUTPUT=1 DSP_PREADD_DATA=1 LUT3=4 LUT4=3)
  Clock Path Skew:        -0.386ns (DCD - SCD + CPR)
    Destination Clock Delay (DCD):    3.883ns = ( 8.883 - 5.000 ) 
    Source Clock Delay      (SCD):    4.761ns
    Clock Pessimism Removal (CPR):    0.491ns
  Clock Uncertainty:      0.035ns  ((TSJ^2 + TIJ^2)^1/2 + DJ) / 2 + PE
    Total System Jitter     (TSJ):    0.071ns
    Total Input Jitter      (TIJ):    0.000ns
    Discrete Jitter          (DJ):    0.000ns
    Phase Error              (PE):    0.000ns
  Clock Net Delay (Source):      3.944ns (routing 2.232ns, distribution 1.712ns)
  Clock Net Delay (Destination): 3.309ns (routing 2.021ns, distribution 1.288ns)

    Location             Delay type                Incr(ns)  Path(ns)    Netlist Resource(s)
  -------------------------------------------------------------------    -------------------
                         (clock ap_clk rise edge)     0.000     0.000 r  
    T14                                               0.000     0.000 r  ap_clk (IN)
                         net (fo=0)                   0.000     0.000    ap_clk_IBUF_inst/I
    T14                  INBUF (Prop_INBUF_HPIOB_M_PAD_O)
                                                      0.475     0.475 r  ap_clk_IBUF_inst/INBUF_INST/O
                         net (fo=1, routed)           0.000     0.475    ap_clk_IBUF_inst/OUT
    T14                  IBUFCTRL (Prop_IBUFCTRL_HPIOB_M_I_O)
                                                      0.000     0.475 r  ap_clk_IBUF_inst/IBUFCTRL_INST/O
                         net (fo=1, routed)           0.314     0.789    ap_clk_IBUF
    BUFGCE_X0Y290        BUFGCE (Prop_BUFCE_BUFGCE_I_O)
                                                      0.028     0.817 r  ap_clk_IBUF_BUFG_inst/O
    X3Y4 (CLOCK_ROOT)    net (fo=42527, routed)       3.944     4.761    grp_dense_latency_0_0_0_0_0_0_0_0_0_0_0_0_0_0_0_0_0_0_0_0_0_0_0_0_0_0_0_0_0_0_0_0_0_s_fu_203/mul_ln1118_1464_fu_2941_p2/CLK
    SLR Crossing[3->0]   
    DSP48E2_X28Y34       DSP_A_B_DATA                                 r  grp_dense_latency_0_0_0_0_0_0_0_0_0_0_0_0_0_0_0_0_0_0_0_0_0_0_0_0_0_0_0_0_0_0_0_0_0_s_fu_203/mul_ln1118_1464_fu_2941_p2/DSP_A_B_DATA_INST/CLK
  -------------------------------------------------------------------    -------------------
    DSP48E2_X28Y34       DSP_A_B_DATA (Prop_DSP_A_B_DATA_DSP48E2_CLK_A2_DATA[19])
                                                      0.191     4.952 r  grp_dense_latency_0_0_0_0_0_0_0_0_0_0_0_0_0_0_0_0_0_0_0_0_0_0_0_0_0_0_0_0_0_0_0_0_0_s_fu_203/mul_ln1118_1464_fu_2941_p2/DSP_A_B_DATA_INST/A2_DATA[19]
                         net (fo=1, routed)           0.000     4.952    grp_dense_latency_0_0_0_0_0_0_0_0_0_0_0_0_0_0_0_0_0_0_0_0_0_0_0_0_0_0_0_0_0_0_0_0_0_s_fu_203/mul_ln1118_1464_fu_2941_p2/DSP_A_B_DATA.A2_DATA<19>
    DSP48E2_X28Y34       DSP_PREADD_DATA (Prop_DSP_PREADD_DATA_DSP48E2_A2_DATA[19]_A2A1[19])
                                                      0.060     5.012 r  grp_dense_latency_0_0_0_0_0_0_0_0_0_0_0_0_0_0_0_0_0_0_0_0_0_0_0_0_0_0_0_0_0_0_0_0_0_s_fu_203/mul_ln1118_1464_fu_2941_p2/DSP_PREADD_DATA_INST/A2A1[19]
                         net (fo=1, routed)           0.000     5.012    grp_dense_latency_0_0_0_0_0_0_0_0_0_0_0_0_0_0_0_0_0_0_0_0_0_0_0_0_0_0_0_0_0_0_0_0_0_s_fu_203/mul_ln1118_1464_fu_2941_p2/DSP_PREADD_DATA.A2A1<19>
    DSP48E2_X28Y34       DSP_MULTIPLIER (Prop_DSP_MULTIPLIER_DSP48E2_A2A1[19]_U[20])
                                                      0.403     5.415 f  grp_dense_latency_0_0_0_0_0_0_0_0_0_0_0_0_0_0_0_0_0_0_0_0_0_0_0_0_0_0_0_0_0_0_0_0_0_s_fu_203/mul_ln1118_1464_fu_2941_p2/DSP_MULTIPLIER_INST/U[20]
                         net (fo=1, routed)           0.000     5.415    grp_dense_latency_0_0_0_0_0_0_0_0_0_0_0_0_0_0_0_0_0_0_0_0_0_0_0_0_0_0_0_0_0_0_0_0_0_s_fu_203/mul_ln1118_1464_fu_2941_p2/DSP_MULTIPLIER.U<20>
    DSP48E2_X28Y34       DSP_M_DATA (Prop_DSP_M_DATA_DSP48E2_U[20]_U_DATA[20])
                                                      0.035     5.450 r  grp_dense_latency_0_0_0_0_0_0_0_0_0_0_0_0_0_0_0_0_0_0_0_0_0_0_0_0_0_0_0_0_0_0_0_0_0_s_fu_203/mul_ln1118_1464_fu_2941_p2/DSP_M_DATA_INST/U_DATA[20]
                         net (fo=1, routed)           0.000     5.450    grp_dense_latency_0_0_0_0_0_0_0_0_0_0_0_0_0_0_0_0_0_0_0_0_0_0_0_0_0_0_0_0_0_0_0_0_0_s_fu_203/mul_ln1118_1464_fu_2941_p2/DSP_M_DATA.U_DATA<20>
    DSP48E2_X28Y34       DSP_ALU (Prop_DSP_ALU_DSP48E2_U_DATA[20]_ALU_OUT[20])
                                                      0.451     5.901 f  grp_dense_latency_0_0_0_0_0_0_0_0_0_0_0_0_0_0_0_0_0_0_0_0_0_0_0_0_0_0_0_0_0_0_0_0_0_s_fu_203/mul_ln1118_1464_fu_2941_p2/DSP_ALU_INST/ALU_OUT[20]
                         net (fo=1, routed)           0.000     5.901    grp_dense_latency_0_0_0_0_0_0_0_0_0_0_0_0_0_0_0_0_0_0_0_0_0_0_0_0_0_0_0_0_0_0_0_0_0_s_fu_203/mul_ln1118_1464_fu_2941_p2/DSP_ALU.ALU_OUT<20>
    DSP48E2_X28Y34       DSP_OUTPUT (Prop_DSP_OUTPUT_DSP48E2_ALU_OUT[20]_P[20])
                                                      0.089     5.990 r  grp_dense_latency_0_0_0_0_0_0_0_0_0_0_0_0_0_0_0_0_0_0_0_0_0_0_0_0_0_0_0_0_0_0_0_0_0_s_fu_203/mul_ln1118_1464_fu_2941_p2/DSP_OUTPUT_INST/P[20]
                         net (fo=2, routed)           0.415     6.405    grp_dense_latency_0_0_0_0_0_0_0_0_0_0_0_0_0_0_0_0_0_0_0_0_0_0_0_0_0_0_0_0_0_0_0_0_0_s_fu_203/mul_ln1118_1464_fu_2941_p2_n_85
    SLICE_X194Y91        LUT3 (Prop_E5LUT_SLICEM_I1_O)
                                                      0.101     6.506 r  grp_dense_latency_0_0_0_0_0_0_0_0_0_0_0_0_0_0_0_0_0_0_0_0_0_0_0_0_0_0_0_0_0_0_0_0_0_s_fu_203/ap_return_2_int_reg[37]_i_177/O
                         net (fo=2, routed)           0.188     6.694    grp_dense_latency_0_0_0_0_0_0_0_0_0_0_0_0_0_0_0_0_0_0_0_0_0_0_0_0_0_0_0_0_0_0_0_0_0_s_fu_203/ap_return_2_int_reg[37]_i_177_n_0
    SLICE_X194Y91        LUT4 (Prop_F6LUT_SLICEM_I3_O)
                                                      0.088     6.782 r  grp_dense_latency_0_0_0_0_0_0_0_0_0_0_0_0_0_0_0_0_0_0_0_0_0_0_0_0_0_0_0_0_0_0_0_0_0_s_fu_203/ap_return_2_int_reg[37]_i_184/O
                         net (fo=1, routed)           0.026     6.808    grp_dense_latency_0_0_0_0_0_0_0_0_0_0_0_0_0_0_0_0_0_0_0_0_0_0_0_0_0_0_0_0_0_0_0_0_0_s_fu_203/ap_return_2_int_reg[37]_i_184_n_0
    SLICE_X194Y91        CARRY8 (Prop_CARRY8_SLICEM_S[5]_CO[7])
                                                      0.137     6.945 r  grp_dense_latency_0_0_0_0_0_0_0_0_0_0_0_0_0_0_0_0_0_0_0_0_0_0_0_0_0_0_0_0_0_0_0_0_0_s_fu_203/ap_return_2_int_reg_reg[37]_i_105/CO[7]
                         net (fo=1, routed)           0.023     6.968    grp_dense_latency_0_0_0_0_0_0_0_0_0_0_0_0_0_0_0_0_0_0_0_0_0_0_0_0_0_0_0_0_0_0_0_0_0_s_fu_203/ap_return_2_int_reg_reg[37]_i_105_n_0
    SLICE_X194Y92        CARRY8 (Prop_CARRY8_SLICEM_CI_O[0])
                                                      0.050     7.018 r  grp_dense_latency_0_0_0_0_0_0_0_0_0_0_0_0_0_0_0_0_0_0_0_0_0_0_0_0_0_0_0_0_0_0_0_0_0_s_fu_203/ap_return_2_int_reg_reg[37]_i_103/O[0]
                         net (fo=2, routed)           0.403     7.421    grp_dense_latency_0_0_0_0_0_0_0_0_0_0_0_0_0_0_0_0_0_0_0_0_0_0_0_0_0_0_0_0_0_0_0_0_0_s_fu_203/ap_return_2_int_reg_reg[37]_i_103_n_15
    SLICE_X193Y97        LUT3 (Prop_A5LUT_SLICEL_I1_O)
                                                      0.123     7.544 r  grp_dense_latency_0_0_0_0_0_0_0_0_0_0_0_0_0_0_0_0_0_0_0_0_0_0_0_0_0_0_0_0_0_0_0_0_0_s_fu_203/ap_return_2_int_reg[37]_i_58__0/O
                         net (fo=2, routed)           0.139     7.683    grp_dense_latency_0_0_0_0_0_0_0_0_0_0_0_0_0_0_0_0_0_0_0_0_0_0_0_0_0_0_0_0_0_0_0_0_0_s_fu_203/ap_return_2_int_reg[37]_i_58__0_n_0
    SLICE_X193Y97        LUT4 (Prop_B6LUT_SLICEL_I3_O)
                                                      0.114     7.797 r  grp_dense_latency_0_0_0_0_0_0_0_0_0_0_0_0_0_0_0_0_0_0_0_0_0_0_0_0_0_0_0_0_0_0_0_0_0_s_fu_203/ap_return_2_int_reg[37]_i_66__0/O
                         net (fo=1, routed)           0.012     7.809    grp_dense_latency_0_0_0_0_0_0_0_0_0_0_0_0_0_0_0_0_0_0_0_0_0_0_0_0_0_0_0_0_0_0_0_0_0_s_fu_203/ap_return_2_int_reg[37]_i_66__0_n_0
    SLICE_X193Y97        CARRY8 (Prop_CARRY8_SLICEL_S[1]_O[5])
                                                      0.208     8.017 r  grp_dense_latency_0_0_0_0_0_0_0_0_0_0_0_0_0_0_0_0_0_0_0_0_0_0_0_0_0_0_0_0_0_0_0_0_0_s_fu_203/ap_return_2_int_reg_reg[37]_i_16__0/O[5]
                         net (fo=2, routed)           0.367     8.384    grp_dense_latency_0_0_0_0_0_0_0_0_0_0_0_0_0_0_0_0_0_0_0_0_0_0_0_0_0_0_0_0_0_0_0_0_0_s_fu_203/ap_return_2_int_reg_reg[37]_i_16__0_n_10
    SLICE_X191Y103       LUT3 (Prop_F5LUT_SLICEM_I0_O)
                                                      0.103     8.487 r  grp_dense_latency_0_0_0_0_0_0_0_0_0_0_0_0_0_0_0_0_0_0_0_0_0_0_0_0_0_0_0_0_0_0_0_0_0_s_fu_203/ap_return_2_int_reg[31]_i_3__0/O
                         net (fo=2, routed)           0.156     8.643    grp_dense_latency_0_0_0_0_0_0_0_0_0_0_0_0_0_0_0_0_0_0_0_0_0_0_0_0_0_0_0_0_0_0_0_0_0_s_fu_203/ap_return_2_int_reg[31]_i_3__0_n_0
    SLICE_X191Y103       LUT4 (Prop_G6LUT_SLICEM_I3_O)
                                                      0.135     8.778 r  grp_dense_latency_0_0_0_0_0_0_0_0_0_0_0_0_0_0_0_0_0_0_0_0_0_0_0_0_0_0_0_0_0_0_0_0_0_s_fu_203/ap_return_2_int_reg[31]_i_11__0/O
                         net (fo=1, routed)           0.019     8.797    grp_dense_latency_0_0_0_0_0_0_0_0_0_0_0_0_0_0_0_0_0_0_0_0_0_0_0_0_0_0_0_0_0_0_0_0_0_s_fu_203/ap_return_2_int_reg[31]_i_11__0_n_0
    SLICE_X191Y103       CARRY8 (Prop_CARRY8_SLICEM_S[6]_O[7])
                                                      0.076     8.873 r  grp_dense_latency_0_0_0_0_0_0_0_0_0_0_0_0_0_0_0_0_0_0_0_0_0_0_0_0_0_0_0_0_0_0_0_0_0_s_fu_203/ap_return_2_int_reg_reg[31]_i_1__0/O[7]
                         net (fo=2, routed)           1.716    10.589    grp_dense_latency_0_0_0_0_0_0_0_0_0_0_0_0_0_0_0_0_0_0_0_0_0_0_0_0_0_0_0_0_0_0_0_0_0_s_fu_203/acc_2_V_fu_3182872_p2[15]
    SLICE_X123Y169       LUT3 (Prop_A6LUT_SLICEL_I0_O)
                                                      0.031    10.620 r  grp_dense_latency_0_0_0_0_0_0_0_0_0_0_0_0_0_0_0_0_0_0_0_0_0_0_0_0_0_0_0_0_0_0_0_0_0_s_fu_203/layer2_out_2_V_reg_1575[31]_i_1/O
                         net (fo=9, routed)           0.210    10.830    grp_dense_latency_0_0_0_0_0_0_0_0_0_0_0_0_0_0_0_0_0_0_0_0_0_0_0_0_0_0_0_0_0_0_0_0_0_s_fu_203_ap_return_2[31]
    SLICE_X124Y169       FDRE                                         r  layer2_out_2_V_reg_1575_reg[31]_replica_2/D
  -------------------------------------------------------------------    -------------------

                         (clock ap_clk rise edge)     5.000     5.000 r  
    T14                                               0.000     5.000 r  ap_clk (IN)
                         net (fo=0)                   0.000     5.000    ap_clk_IBUF_inst/I
    T14                  INBUF (Prop_INBUF_HPIOB_M_PAD_O)
                                                      0.271     5.271 r  ap_clk_IBUF_inst/INBUF_INST/O
                         net (fo=1, routed)           0.000     5.271    ap_clk_IBUF_inst/OUT
    T14                  IBUFCTRL (Prop_IBUFCTRL_HPIOB_M_I_O)
                                                      0.000     5.271 r  ap_clk_IBUF_inst/IBUFCTRL_INST/O
                         net (fo=1, routed)           0.279     5.550    ap_clk_IBUF
    BUFGCE_X0Y290        BUFGCE (Prop_BUFCE_BUFGCE_I_O)
                                                      0.024     5.574 r  ap_clk_IBUF_BUFG_inst/O
    X3Y4 (CLOCK_ROOT)    net (fo=42527, routed)       3.309     8.883    ap_clk_IBUF_BUFG
    SLR Crossing[3->0]   
    SLICE_X124Y169       FDRE                                         r  layer2_out_2_V_reg_1575_reg[31]_replica_2/C
                         clock pessimism              0.491     9.375    
                         clock uncertainty           -0.035     9.339    
    SLICE_X124Y169       FDRE (Setup_BFF_SLICEM_C_D)
                                                      0.023     9.362    layer2_out_2_V_reg_1575_reg[31]_replica_2
  -------------------------------------------------------------------
                         required time                          9.362    
                         arrival time                         -10.830    
  -------------------------------------------------------------------
                         slack                                 -1.467    





Min Delay Paths
--------------------------------------------------------------------------------------
Slack (MET) :             0.031ns  (arrival time - required time)
  Source:                 grp_dense_latency_0_0_0_0_0_0_0_0_0_0_0_0_0_0_0_0_0_0_0_0_0_0_0_0_0_0_0_0_0_0_0_0_0_s_fu_203/ap_return_47_int_reg_reg[36]/C
                            (rising edge-triggered cell FDRE clocked by ap_clk  {rise@0.000ns fall@2.500ns period=5.000ns})
  Destination:            layer2_out_47_V_reg_1800_reg[36]/D
                            (rising edge-triggered cell FDRE clocked by ap_clk  {rise@0.000ns fall@2.500ns period=5.000ns})
  Path Group:             ap_clk
  Path Type:              Hold (Min at Fast Process Corner)
  Requirement:            0.000ns  (ap_clk rise@0.000ns - ap_clk rise@0.000ns)
  Data Path Delay:        0.097ns  (logic 0.052ns (53.608%)  route 0.045ns (46.392%))
  Logic Levels:           1  (LUT3=1)
  Clock Path Skew:        0.020ns (DCD - SCD - CPR)
    Destination Clock Delay (DCD):    3.108ns
    Source Clock Delay      (SCD):    2.604ns
    Clock Pessimism Removal (CPR):    0.483ns
  Clock Net Delay (Source):      2.268ns (routing 1.368ns, distribution 0.900ns)
  Clock Net Delay (Destination): 2.547ns (routing 1.534ns, distribution 1.013ns)

    Location             Delay type                Incr(ns)  Path(ns)    Netlist Resource(s)
  -------------------------------------------------------------------    -------------------
                         (clock ap_clk rise edge)     0.000     0.000 r  
    T14                                               0.000     0.000 r  ap_clk (IN)
                         net (fo=0)                   0.000     0.000    ap_clk_IBUF_inst/I
    T14                  INBUF (Prop_INBUF_HPIOB_M_PAD_O)
                                                      0.175     0.175 r  ap_clk_IBUF_inst/INBUF_INST/O
                         net (fo=1, routed)           0.000     0.175    ap_clk_IBUF_inst/OUT
    T14                  IBUFCTRL (Prop_IBUFCTRL_HPIOB_M_I_O)
                                                      0.000     0.175 r  ap_clk_IBUF_inst/IBUFCTRL_INST/O
                         net (fo=1, routed)           0.144     0.319    ap_clk_IBUF
    BUFGCE_X0Y290        BUFGCE (Prop_BUFCE_BUFGCE_I_O)
                                                      0.017     0.336 r  ap_clk_IBUF_BUFG_inst/O
    X3Y4 (CLOCK_ROOT)    net (fo=42527, routed)       2.268     2.604    grp_dense_latency_0_0_0_0_0_0_0_0_0_0_0_0_0_0_0_0_0_0_0_0_0_0_0_0_0_0_0_0_0_0_0_0_0_s_fu_203/ap_clk_IBUF_BUFG
    SLR Crossing[3->0]   
    SLICE_X128Y162       FDRE                                         r  grp_dense_latency_0_0_0_0_0_0_0_0_0_0_0_0_0_0_0_0_0_0_0_0_0_0_0_0_0_0_0_0_0_0_0_0_0_s_fu_203/ap_return_47_int_reg_reg[36]/C
  -------------------------------------------------------------------    -------------------
    SLICE_X128Y162       FDRE (Prop_EFF_SLICEM_C_Q)
                                                      0.038     2.642 r  grp_dense_latency_0_0_0_0_0_0_0_0_0_0_0_0_0_0_0_0_0_0_0_0_0_0_0_0_0_0_0_0_0_0_0_0_0_s_fu_203/ap_return_47_int_reg_reg[36]/Q
                         net (fo=1, routed)           0.027     2.669    grp_dense_latency_0_0_0_0_0_0_0_0_0_0_0_0_0_0_0_0_0_0_0_0_0_0_0_0_0_0_0_0_0_0_0_0_0_s_fu_203/ap_return_47_int_reg_reg_n_0_[36]
    SLICE_X128Y163       LUT3 (Prop_A6LUT_SLICEM_I1_O)
                                                      0.014     2.683 r  grp_dense_latency_0_0_0_0_0_0_0_0_0_0_0_0_0_0_0_0_0_0_0_0_0_0_0_0_0_0_0_0_0_0_0_0_0_s_fu_203/layer2_out_47_V_reg_1800[36]_i_1/O
                         net (fo=1, routed)           0.018     2.701    grp_dense_latency_0_0_0_0_0_0_0_0_0_0_0_0_0_0_0_0_0_0_0_0_0_0_0_0_0_0_0_0_0_0_0_0_0_s_fu_203_ap_return_47[36]
    SLICE_X128Y163       FDRE                                         r  layer2_out_47_V_reg_1800_reg[36]/D
  -------------------------------------------------------------------    -------------------

                         (clock ap_clk rise edge)     0.000     0.000 r  
    T14                                               0.000     0.000 r  ap_clk (IN)
                         net (fo=0)                   0.000     0.000    ap_clk_IBUF_inst/I
    T14                  INBUF (Prop_INBUF_HPIOB_M_PAD_O)
                                                      0.361     0.361 r  ap_clk_IBUF_inst/INBUF_INST/O
                         net (fo=1, routed)           0.000     0.361    ap_clk_IBUF_inst/OUT
    T14                  IBUFCTRL (Prop_IBUFCTRL_HPIOB_M_I_O)
                                                      0.000     0.361 r  ap_clk_IBUF_inst/IBUFCTRL_INST/O
                         net (fo=1, routed)           0.181     0.542    ap_clk_IBUF
    BUFGCE_X0Y290        BUFGCE (Prop_BUFCE_BUFGCE_I_O)
                                                      0.019     0.561 r  ap_clk_IBUF_BUFG_inst/O
    X3Y4 (CLOCK_ROOT)    net (fo=42527, routed)       2.547     3.108    ap_clk_IBUF_BUFG
    SLR Crossing[3->0]   
    SLICE_X128Y163       FDRE                                         r  layer2_out_47_V_reg_1800_reg[36]/C
                         clock pessimism             -0.483     2.625    
    SLICE_X128Y163       FDRE (Hold_AFF_SLICEM_C_D)
                                                      0.046     2.671    layer2_out_47_V_reg_1800_reg[36]
  -------------------------------------------------------------------
                         required time                         -2.671    
                         arrival time                           2.701    
  -------------------------------------------------------------------
                         slack                                  0.031    





Pulse Width Checks
--------------------------------------------------------------------------------------
Clock Name:         ap_clk
Waveform(ns):       { 0.000 2.500 }
Period(ns):         5.000
Sources:            { ap_clk }

Check Type        Corner  Lib Pin             Reference Pin  Required(ns)  Actual(ns)  Slack(ns)  Location       Pin
Min Period        n/a     RAMB18E2/CLKARDCLK  n/a            1.212         5.000       3.788      RAMB18_X7Y184  grp_softmax_stable_ap_fixed_ap_fixed_18_8_5_3_0_softmax_config16_s_fu_385/invert_table2_U/softmax_stable_ap_fixed_ap_fixed_18_8_5_3_0_softmax_config16_s_invert_table2_rom_U/q0_reg/CLKARDCLK
Low Pulse Width   Fast    RAMB18E2/CLKARDCLK  n/a            0.495         2.500       2.005      RAMB18_X7Y185  q0_reg/CLKARDCLK
High Pulse Width  Slow    RAMB18E2/CLKARDCLK  n/a            0.495         2.500       2.005      RAMB18_X7Y184  grp_softmax_stable_ap_fixed_ap_fixed_18_8_5_3_0_softmax_config16_s_fu_385/invert_table2_U/softmax_stable_ap_fixed_ap_fixed_18_8_5_3_0_softmax_config16_s_invert_table2_rom_U/q0_reg/CLKARDCLK



