Copyright 1986-2019 Xilinx, Inc. All Rights Reserved.
-------------------------------------------------------------------------------------------------------------------
| Tool Version : Vivado v.2019.1 (lin64) Build 2552052 Fri May 24 14:47:09 MDT 2019
| Date         : Sun Jan 25 22:26:31 2026
| Host         : hvm1 running 64-bit Ubuntu 22.04.5 LTS
| Command      : report_utilization -hierarchical -hierarchical_depth 1 -file reports/hls_rndsat_4_2_util_hier.rpt
| Design       : p
| Device       : xcvu13pfhga2104-3
| Design State : Routed
-------------------------------------------------------------------------------------------------------------------

Utilization Design Information

Table of Contents
-----------------
1. Utilization by Hierarchy

1. Utilization by Hierarchy
---------------------------

+------------------------------------------------------------------------------------------------+-----------------------------------------------------------------------------------+------------+------------+---------+------+------+--------+--------+------+--------------+
|                                            Instance                                            |                                       Module                                      | Total LUTs | Logic LUTs | LUTRAMs | SRLs |  FFs | RAMB36 | RAMB18 | URAM | DSP48 Blocks |
+------------------------------------------------------------------------------------------------+-----------------------------------------------------------------------------------+------------+------------+---------+------+------+--------+--------+------+--------------+
| p                                                                                              |                                                                             (top) |       5479 |       5355 |       0 |  124 | 3686 |      0 |      0 |    0 |            0 |
|   (p)                                                                                          |                                                                             (top) |         10 |         10 |       0 |    0 |  882 |      0 |      0 |    0 |            0 |
|   call_ret2_relu_ap_fixed_4_2_0_0_0_ap_fixed_4_2_0_0_0_relu_config5_s_fu_379                   |                         relu_ap_fixed_4_2_0_0_0_ap_fixed_4_2_0_0_0_relu_config5_s |         92 |         92 |       0 |    0 |    0 |      0 |      0 |    0 |            0 |
|   call_ret5_relu_ap_fixed_4_2_0_0_0_ap_fixed_4_2_0_0_0_relu_config9_s_fu_471                   |                         relu_ap_fixed_4_2_0_0_0_ap_fixed_4_2_0_0_0_relu_config9_s |         59 |         59 |       0 |    0 |    0 |      0 |      0 |    0 |            0 |
|   call_ret8_relu_ap_fixed_4_2_0_0_0_ap_fixed_4_2_0_0_0_relu_config13_s_fu_435                  |                        relu_ap_fixed_4_2_0_0_0_ap_fixed_4_2_0_0_0_relu_config13_s |         56 |         56 |       0 |    0 |    0 |      0 |      0 |    0 |            0 |
|   grp_dense_latency_0_0_0_0_0_0_0_0_0_0_0_0_0_0_0_0_0_0_0_0_0_0_0_0_0_0_0_0_0_0_0_0_0_1_fu_167 | dense_latency_0_0_0_0_0_0_0_0_0_0_0_0_0_0_0_0_0_0_0_0_0_0_0_0_0_0_0_0_0_0_0_0_0_1 |        993 |        986 |       0 |    7 |  686 |      0 |      0 |    0 |            0 |
|   grp_dense_latency_0_0_0_0_0_0_0_0_0_0_0_0_0_0_0_0_0_0_0_0_0_0_0_0_0_0_0_0_0_0_0_0_0_fu_111   |   dense_latency_0_0_0_0_0_0_0_0_0_0_0_0_0_0_0_0_0_0_0_0_0_0_0_0_0_0_0_0_0_0_0_0_0 |        873 |        830 |       0 |   43 |  830 |      0 |      0 |    0 |            0 |
|   grp_dense_latency_0_0_0_0_0_0_0_0_0_0_0_0_0_0_0_0_0_0_0_0_0_0_0_0_0_0_0_0_0_0_0_0_0_s_fu_105 | dense_latency_0_0_0_0_0_0_0_0_0_0_0_0_0_0_0_0_0_0_0_0_0_0_0_0_0_0_0_0_0_0_0_0_0_s |       2510 |       2510 |       0 |    0 |  766 |      0 |      0 |    0 |            0 |
|   grp_dense_latency_ap_fixed_ap_fixed_4_2_0_0_0_config14_0_0_0_0_0_0_fu_203                    |                    dense_latency_ap_fixed_ap_fixed_4_2_0_0_0_config14_0_0_0_0_0_0 |        680 |        606 |       0 |   74 |  471 |      0 |      0 |    0 |            0 |
|   grp_softmax_stable_ap_fixed_ap_fixed_4_2_0_0_0_softmax_config16_s_fu_366                     |                     softmax_stable_ap_fixed_ap_fixed_4_2_0_0_0_softmax_config16_s |        206 |        206 |       0 |    0 |   51 |      0 |      0 |    0 |            0 |
+------------------------------------------------------------------------------------------------+-----------------------------------------------------------------------------------+------------+------------+---------+------+------+--------+--------+------+--------------+
* Note: The sum of lower-level cells may be larger than their parent cells total, due to cross-hierarchy LUT combining


