Copyright 1986-2019 Xilinx, Inc. All Rights Reserved.
-----------------------------------------------------------------------------------------
| Tool Version      : Vivado v.2019.1 (lin64) Build 2552052 Fri May 24 14:47:09 MDT 2019
| Date              : Fri Nov 21 14:11:06 2025
| Host              : hvm1 running 64-bit Ubuntu 22.04.5 LTS
| Command           : report_timing_summary -file reports/hls_argmax_res_10_4_timing.rpt
| Design            : p
| Device            : xcvu13p-fhga2104
| Speed File        : -3  PRODUCTION 1.23 03-18-2019
| Temperature Grade : E
-----------------------------------------------------------------------------------------

Timing Summary Report

------------------------------------------------------------------------------------------------
| Timer Settings
| --------------
------------------------------------------------------------------------------------------------

  Enable Multi Corner Analysis               :  Yes
  Enable Pessimism Removal                   :  Yes
  Pessimism Removal Resolution               :  Nearest Common Node
  Enable Input Delay Default Clock           :  No
  Enable Preset / Clear Arcs                 :  No
  Disable Flight Delays                      :  No
  Ignore I/O Paths                           :  No
  Timing Early Launch at Borrowing Latches   :  No
  Borrow Time for Max Delay Exceptions       :  Yes

  Corner  Analyze    Analyze    
  Name    Max Paths  Min Paths  
  ------  ---------  ---------  
  Slow    Yes        Yes        
  Fast    Yes        Yes        



check_timing report

Table of Contents
-----------------
1. checking no_clock
2. checking constant_clock
3. checking pulse_width_clock
4. checking unconstrained_internal_endpoints
5. checking no_input_delay
6. checking no_output_delay
7. checking multiple_clock
8. checking generated_clocks
9. checking loops
10. checking partial_input_delay
11. checking partial_output_delay
12. checking latch_loops

1. checking no_clock
--------------------
 There are 0 register/latch pins with no clock.


2. checking constant_clock
--------------------------
 There are 0 register/latch pins with constant_clock.


3. checking pulse_width_clock
-----------------------------
 There are 0 register/latch pins which need pulse_width check


4. checking unconstrained_internal_endpoints
--------------------------------------------
 There are 0 pins that are not constrained for maximum delay.

 There are 0 pins that are not constrained for maximum delay due to constant clock.


5. checking no_input_delay
--------------------------
 There are 163 input ports with no input delay specified. (HIGH)

 There are 0 input ports with no input delay but user has a false path constraint.


6. checking no_output_delay
---------------------------
 There are 13 ports with no output delay specified. (HIGH)

 There are 0 ports with no output delay but user has a false path constraint

 There are 0 ports with no output delay but with a timing clock defined on it or propagating through it


7. checking multiple_clock
--------------------------
 There are 0 register/latch pins with multiple clocks.


8. checking generated_clocks
----------------------------
 There are 0 generated clocks that are not connected to a clock source.


9. checking loops
-----------------
 There are 0 combinational loops in the design.


10. checking partial_input_delay
--------------------------------
 There are 0 input ports with partial input delay specified.


11. checking partial_output_delay
---------------------------------
 There are 0 ports with partial output delay specified.


12. checking latch_loops
------------------------
 There are 0 combinational latch loops in the design through latch input



------------------------------------------------------------------------------------------------
| Design Timing Summary
| ---------------------
------------------------------------------------------------------------------------------------

    WNS(ns)      TNS(ns)  TNS Failing Endpoints  TNS Total Endpoints      WHS(ns)      THS(ns)  THS Failing Endpoints  THS Total Endpoints     WPWS(ns)     TPWS(ns)  TPWS Failing Endpoints  TPWS Total Endpoints  
    -------      -------  ---------------------  -------------------      -------      -------  ---------------------  -------------------     --------     --------  ----------------------  --------------------  
      0.068        0.000                      0                20133        0.026        0.000                      0                20133        2.225        0.000                       0                 10582  


All user specified timing constraints are met.


------------------------------------------------------------------------------------------------
| Clock Summary
| -------------
------------------------------------------------------------------------------------------------

Clock   Waveform(ns)         Period(ns)      Frequency(MHz)
-----   ------------         ----------      --------------
ap_clk  {0.000 2.500}        5.000           200.000         


------------------------------------------------------------------------------------------------
| Intra Clock Table
| -----------------
------------------------------------------------------------------------------------------------

Clock             WNS(ns)      TNS(ns)  TNS Failing Endpoints  TNS Total Endpoints      WHS(ns)      THS(ns)  THS Failing Endpoints  THS Total Endpoints     WPWS(ns)     TPWS(ns)  TPWS Failing Endpoints  TPWS Total Endpoints  
-----             -------      -------  ---------------------  -------------------      -------      -------  ---------------------  -------------------     --------     --------  ----------------------  --------------------  
ap_clk              0.068        0.000                      0                20133        0.026        0.000                      0                20133        2.225        0.000                       0                 10582  


------------------------------------------------------------------------------------------------
| Inter Clock Table
| -----------------
------------------------------------------------------------------------------------------------

From Clock    To Clock          WNS(ns)      TNS(ns)  TNS Failing Endpoints  TNS Total Endpoints      WHS(ns)      THS(ns)  THS Failing Endpoints  THS Total Endpoints  
----------    --------          -------      -------  ---------------------  -------------------      -------      -------  ---------------------  -------------------  


------------------------------------------------------------------------------------------------
| Other Path Groups Table
| -----------------------
------------------------------------------------------------------------------------------------

Path Group    From Clock    To Clock          WNS(ns)      TNS(ns)  TNS Failing Endpoints  TNS Total Endpoints      WHS(ns)      THS(ns)  THS Failing Endpoints  THS Total Endpoints  
----------    ----------    --------          -------      -------  ---------------------  -------------------      -------      -------  ---------------------  -------------------  


------------------------------------------------------------------------------------------------
| Timing Details
| --------------
------------------------------------------------------------------------------------------------


---------------------------------------------------------------------------------------------------
From Clock:  ap_clk
  To Clock:  ap_clk

Setup :            0  Failing Endpoints,  Worst Slack        0.068ns,  Total Violation        0.000ns
Hold  :            0  Failing Endpoints,  Worst Slack        0.026ns,  Total Violation        0.000ns
PW    :            0  Failing Endpoints,  Worst Slack        2.225ns,  Total Violation        0.000ns
---------------------------------------------------------------------------------------------------


Max Delay Paths
--------------------------------------------------------------------------------------
Slack (MET) :             0.068ns  (required time - arrival time)
  Source:                 layer5_out_11_V_U/mOutPtr_reg[0]/C
                            (rising edge-triggered cell FDSE clocked by ap_clk  {rise@0.000ns fall@2.500ns period=5.000ns})
  Destination:            dense_resource_rf_leq_nin_0_0_0_0_0_0_0_0_0_0_0_0_0_0_0_0_0_0_0_0_0_0_0_0_0_0_0_U0/add_ln703_1435_reg_40347_reg[9]/D
                            (rising edge-triggered cell FDRE clocked by ap_clk  {rise@0.000ns fall@2.500ns period=5.000ns})
  Path Group:             ap_clk
  Path Type:              Setup (Max at Slow Process Corner)
  Requirement:            5.000ns  (ap_clk rise@5.000ns - ap_clk rise@0.000ns)
  Data Path Delay:        4.702ns  (logic 1.364ns (29.009%)  route 3.338ns (70.991%))
  Logic Levels:           15  (CARRY8=4 LUT3=4 LUT4=4 LUT6=3)
  Clock Path Skew:        -0.218ns (DCD - SCD + CPR)
    Destination Clock Delay (DCD):    2.591ns = ( 7.591 - 5.000 ) 
    Source Clock Delay      (SCD):    3.159ns
    Clock Pessimism Removal (CPR):    0.350ns
  Clock Uncertainty:      0.035ns  ((TSJ^2 + TIJ^2)^1/2 + DJ) / 2 + PE
    Total System Jitter     (TSJ):    0.071ns
    Total Input Jitter      (TIJ):    0.000ns
    Discrete Jitter          (DJ):    0.000ns
    Phase Error              (PE):    0.000ns
  Clock Net Delay (Source):      2.283ns (routing 1.055ns, distribution 1.228ns)
  Clock Net Delay (Destination): 1.958ns (routing 0.956ns, distribution 1.002ns)

    Location             Delay type                Incr(ns)  Path(ns)    Netlist Resource(s)
  -------------------------------------------------------------------    -------------------
                         (clock ap_clk rise edge)     0.000     0.000 r  
    AU14                                              0.000     0.000 r  ap_clk (IN)
                         net (fo=0)                   0.000     0.000    ap_clk_IBUF_inst/I
    AU14                 INBUF (Prop_INBUF_HPIOB_M_PAD_O)
                                                      0.534     0.534 r  ap_clk_IBUF_inst/INBUF_INST/O
                         net (fo=1, routed)           0.000     0.534    ap_clk_IBUF_inst/OUT
    AU14                 IBUFCTRL (Prop_IBUFCTRL_HPIOB_M_I_O)
                                                      0.000     0.534 r  ap_clk_IBUF_inst/IBUFCTRL_INST/O
                         net (fo=1, routed)           0.314     0.848    ap_clk_IBUF
    BUFGCE_X0Y170        BUFGCE (Prop_BUFCE_BUFGCE_I_O)
                                                      0.028     0.876 r  ap_clk_IBUF_BUFG_inst/O
    X3Y5 (CLOCK_ROOT)    net (fo=10581, routed)       2.283     3.159    layer5_out_11_V_U/ap_clk_IBUF_BUFG
    SLICE_X156Y434       FDSE                                         r  layer5_out_11_V_U/mOutPtr_reg[0]/C
  -------------------------------------------------------------------    -------------------
    SLICE_X156Y434       FDSE (Prop_FFF_SLICEM_C_Q)
                                                      0.066     3.225 r  layer5_out_11_V_U/mOutPtr_reg[0]/Q
                         net (fo=45, routed)          0.542     3.767    layer5_out_11_V_U/U_fifo_w10_d2_A_ram/Q[0]
    SLICE_X151Y427       LUT4 (Prop_G6LUT_SLICEL_I2_O)
                                                      0.047     3.814 f  layer5_out_11_V_U/U_fifo_w10_d2_A_ram/add_ln703_589_reg_39987[7]_i_42/O
                         net (fo=100, routed)         0.464     4.278    layer5_out_11_V_U/U_fifo_w10_d2_A_ram/SRL_SIG_reg[1][4]_0
    SLICE_X155Y435       LUT6 (Prop_H6LUT_SLICEL_I2_O)
                                                      0.090     4.368 r  layer5_out_11_V_U/U_fifo_w10_d2_A_ram/add_ln703_441_reg_39932[9]_i_207/O
                         net (fo=4, routed)           0.050     4.418    layer5_out_11_V_U/U_fifo_w10_d2_A_ram/add_ln703_441_reg_39932[9]_i_207_n_0
    SLICE_X155Y435       LUT3 (Prop_C6LUT_SLICEL_I2_O)
                                                      0.113     4.531 r  layer5_out_11_V_U/U_fifo_w10_d2_A_ram/add_ln703_441_reg_39932[9]_i_89/O
                         net (fo=13, routed)          0.523     5.054    layer5_out_13_V_U/U_fifo_w10_d2_A_ram/add_ln703_1435_reg_40347[9]_i_158_0
    SLICE_X152Y419       LUT6 (Prop_G6LUT_SLICEM_I1_O)
                                                      0.047     5.101 f  layer5_out_13_V_U/U_fifo_w10_d2_A_ram/add_ln703_1435_reg_40347[9]_i_218/O
                         net (fo=3, routed)           0.090     5.191    layer5_out_13_V_U/U_fifo_w10_d2_A_ram/add_ln703_1435_reg_40347[9]_i_218_n_0
    SLICE_X153Y419       LUT6 (Prop_H6LUT_SLICEL_I3_O)
                                                      0.090     5.281 f  layer5_out_13_V_U/U_fifo_w10_d2_A_ram/add_ln703_1435_reg_40347[9]_i_217/O
                         net (fo=2, routed)           0.102     5.383    layer5_out_7_V_U/U_fifo_w10_d2_A_ram/add_ln703_1435_reg_40347_reg[9]_i_74_4
    SLICE_X151Y420       LUT3 (Prop_E6LUT_SLICEL_I1_O)
                                                      0.134     5.517 r  layer5_out_7_V_U/U_fifo_w10_d2_A_ram/add_ln703_1435_reg_40347[9]_i_157/O
                         net (fo=2, routed)           0.183     5.700    layer5_out_7_V_U/U_fifo_w10_d2_A_ram/add_ln703_1435_reg_40347_reg[9]_i_215[0]
    SLICE_X151Y419       LUT4 (Prop_F6LUT_SLICEL_I0_O)
                                                      0.114     5.814 r  layer5_out_7_V_U/U_fifo_w10_d2_A_ram/add_ln703_1435_reg_40347[9]_i_164/O
                         net (fo=1, routed)           0.014     5.828    layer5_out_13_V_U/U_fifo_w10_d2_A_ram/add_ln703_1435_reg_40347[9]_i_32_0[2]
    SLICE_X151Y419       CARRY8 (Prop_CARRY8_SLICEL_S[5]_O[5])
                                                      0.048     5.876 r  layer5_out_13_V_U/U_fifo_w10_d2_A_ram/add_ln703_1435_reg_40347_reg[9]_i_74/O[5]
                         net (fo=2, routed)           0.475     6.351    layer5_out_13_V_U_n_107
    SLICE_X145Y413       LUT3 (Prop_F5LUT_SLICEM_I2_O)
                                                      0.148     6.499 r  add_ln703_1435_reg_40347[9]_i_27/O
                         net (fo=2, routed)           0.194     6.693    add_ln703_1435_reg_40347[9]_i_27_n_0
    SLICE_X145Y413       LUT4 (Prop_G6LUT_SLICEM_I3_O)
                                                      0.082     6.775 r  add_ln703_1435_reg_40347[9]_i_34/O
                         net (fo=1, routed)           0.019     6.794    add_ln703_1435_reg_40347[9]_i_34_n_0
    SLICE_X145Y413       CARRY8 (Prop_CARRY8_SLICEM_S[6]_O[6])
                                                      0.049     6.843 r  add_ln703_1435_reg_40347_reg[9]_i_6/O[6]
                         net (fo=2, routed)           0.418     7.261    dense_resource_rf_leq_nin_0_0_0_0_0_0_0_0_0_0_0_0_0_0_0_0_0_0_0_0_0_0_0_0_0_0_0_U0/add_ln703_1435_reg_40347_reg[9]_5[6]
    SLICE_X141Y412       LUT3 (Prop_G5LUT_SLICEM_I1_O)
                                                      0.121     7.382 r  dense_resource_rf_leq_nin_0_0_0_0_0_0_0_0_0_0_0_0_0_0_0_0_0_0_0_0_0_0_0_0_0_0_0_U0/add_ln703_1435_reg_40347[7]_i_2/O
                         net (fo=2, routed)           0.198     7.580    dense_resource_rf_leq_nin_0_0_0_0_0_0_0_0_0_0_0_0_0_0_0_0_0_0_0_0_0_0_0_0_0_0_0_U0/add_ln703_1435_reg_40347[7]_i_2_n_0
    SLICE_X141Y412       LUT4 (Prop_H6LUT_SLICEM_I3_O)
                                                      0.049     7.629 r  dense_resource_rf_leq_nin_0_0_0_0_0_0_0_0_0_0_0_0_0_0_0_0_0_0_0_0_0_0_0_0_0_0_0_U0/add_ln703_1435_reg_40347[7]_i_9/O
                         net (fo=1, routed)           0.019     7.648    dense_resource_rf_leq_nin_0_0_0_0_0_0_0_0_0_0_0_0_0_0_0_0_0_0_0_0_0_0_0_0_0_0_0_U0/add_ln703_1435_reg_40347[7]_i_9_n_0
    SLICE_X141Y412       CARRY8 (Prop_CARRY8_SLICEM_S[7]_CO[7])
                                                      0.099     7.747 r  dense_resource_rf_leq_nin_0_0_0_0_0_0_0_0_0_0_0_0_0_0_0_0_0_0_0_0_0_0_0_0_0_0_0_U0/add_ln703_1435_reg_40347_reg[7]_i_1/CO[7]
                         net (fo=1, routed)           0.023     7.770    dense_resource_rf_leq_nin_0_0_0_0_0_0_0_0_0_0_0_0_0_0_0_0_0_0_0_0_0_0_0_0_0_0_0_U0/add_ln703_1435_reg_40347_reg[7]_i_1_n_0
    SLICE_X141Y413       CARRY8 (Prop_CARRY8_SLICEM_CI_O[1])
                                                      0.067     7.837 r  dense_resource_rf_leq_nin_0_0_0_0_0_0_0_0_0_0_0_0_0_0_0_0_0_0_0_0_0_0_0_0_0_0_0_U0/add_ln703_1435_reg_40347_reg[9]_i_1/O[1]
                         net (fo=1, routed)           0.024     7.861    dense_resource_rf_leq_nin_0_0_0_0_0_0_0_0_0_0_0_0_0_0_0_0_0_0_0_0_0_0_0_0_0_0_0_U0/add_ln703_1435_fu_35102_p2[9]
    SLICE_X141Y413       FDRE                                         r  dense_resource_rf_leq_nin_0_0_0_0_0_0_0_0_0_0_0_0_0_0_0_0_0_0_0_0_0_0_0_0_0_0_0_U0/add_ln703_1435_reg_40347_reg[9]/D
  -------------------------------------------------------------------    -------------------

                         (clock ap_clk rise edge)     5.000     5.000 r  
    AU14                                              0.000     5.000 r  ap_clk (IN)
                         net (fo=0)                   0.000     5.000    ap_clk_IBUF_inst/I
    AU14                 INBUF (Prop_INBUF_HPIOB_M_PAD_O)
                                                      0.330     5.330 r  ap_clk_IBUF_inst/INBUF_INST/O
                         net (fo=1, routed)           0.000     5.330    ap_clk_IBUF_inst/OUT
    AU14                 IBUFCTRL (Prop_IBUFCTRL_HPIOB_M_I_O)
                                                      0.000     5.330 r  ap_clk_IBUF_inst/IBUFCTRL_INST/O
                         net (fo=1, routed)           0.279     5.609    ap_clk_IBUF
    BUFGCE_X0Y170        BUFGCE (Prop_BUFCE_BUFGCE_I_O)
                                                      0.024     5.633 r  ap_clk_IBUF_BUFG_inst/O
    X3Y5 (CLOCK_ROOT)    net (fo=10581, routed)       1.958     7.591    dense_resource_rf_leq_nin_0_0_0_0_0_0_0_0_0_0_0_0_0_0_0_0_0_0_0_0_0_0_0_0_0_0_0_U0/ap_clk_IBUF_BUFG
    SLICE_X141Y413       FDRE                                         r  dense_resource_rf_leq_nin_0_0_0_0_0_0_0_0_0_0_0_0_0_0_0_0_0_0_0_0_0_0_0_0_0_0_0_U0/add_ln703_1435_reg_40347_reg[9]/C
                         clock pessimism              0.350     7.941    
                         clock uncertainty           -0.035     7.906    
    SLICE_X141Y413       FDRE (Setup_BFF_SLICEM_C_D)
                                                      0.023     7.929    dense_resource_rf_leq_nin_0_0_0_0_0_0_0_0_0_0_0_0_0_0_0_0_0_0_0_0_0_0_0_0_0_0_0_U0/add_ln703_1435_reg_40347_reg[9]
  -------------------------------------------------------------------
                         required time                          7.929    
                         arrival time                          -7.861    
  -------------------------------------------------------------------
                         slack                                  0.068    





Min Delay Paths
--------------------------------------------------------------------------------------
Slack (MET) :             0.026ns  (arrival time - required time)
  Source:                 layer2_out_46_V_U/mOutPtr_reg[1]/C
                            (rising edge-triggered cell FDSE clocked by ap_clk  {rise@0.000ns fall@2.500ns period=5.000ns})
  Destination:            layer2_out_46_V_U/internal_full_n_reg/D
                            (rising edge-triggered cell FDRE clocked by ap_clk  {rise@0.000ns fall@2.500ns period=5.000ns})
  Path Group:             ap_clk
  Path Type:              Hold (Min at Fast Process Corner)
  Requirement:            0.000ns  (ap_clk rise@0.000ns - ap_clk rise@0.000ns)
  Data Path Delay:        0.099ns  (logic 0.054ns (54.545%)  route 0.045ns (45.455%))
  Logic Levels:           1  (LUT6=1)
  Clock Path Skew:        0.027ns (DCD - SCD - CPR)
    Destination Clock Delay (DCD):    2.112ns
    Source Clock Delay      (SCD):    1.716ns
    Clock Pessimism Removal (CPR):    0.369ns
  Clock Net Delay (Source):      1.321ns (routing 0.639ns, distribution 0.682ns)
  Clock Net Delay (Destination): 1.492ns (routing 0.713ns, distribution 0.779ns)

    Location             Delay type                Incr(ns)  Path(ns)    Netlist Resource(s)
  -------------------------------------------------------------------    -------------------
                         (clock ap_clk rise edge)     0.000     0.000 r  
    AU14                                              0.000     0.000 r  ap_clk (IN)
                         net (fo=0)                   0.000     0.000    ap_clk_IBUF_inst/I
    AU14                 INBUF (Prop_INBUF_HPIOB_M_PAD_O)
                                                      0.234     0.234 r  ap_clk_IBUF_inst/INBUF_INST/O
                         net (fo=1, routed)           0.000     0.234    ap_clk_IBUF_inst/OUT
    AU14                 IBUFCTRL (Prop_IBUFCTRL_HPIOB_M_I_O)
                                                      0.000     0.234 r  ap_clk_IBUF_inst/IBUFCTRL_INST/O
                         net (fo=1, routed)           0.144     0.378    ap_clk_IBUF
    BUFGCE_X0Y170        BUFGCE (Prop_BUFCE_BUFGCE_I_O)
                                                      0.017     0.395 r  ap_clk_IBUF_BUFG_inst/O
    X3Y5 (CLOCK_ROOT)    net (fo=10581, routed)       1.321     1.716    layer2_out_46_V_U/ap_clk_IBUF_BUFG
    SLICE_X131Y394       FDSE                                         r  layer2_out_46_V_U/mOutPtr_reg[1]/C
  -------------------------------------------------------------------    -------------------
    SLICE_X131Y394       FDSE (Prop_EFF_SLICEL_C_Q)
                                                      0.039     1.755 r  layer2_out_46_V_U/mOutPtr_reg[1]/Q
                         net (fo=23, routed)          0.030     1.785    layer2_out_46_V_U/mOutPtr_reg_n_0_[1]
    SLICE_X131Y395       LUT6 (Prop_B6LUT_SLICEL_I1_O)
                                                      0.015     1.800 r  layer2_out_46_V_U/internal_full_n_i_1__213/O
                         net (fo=1, routed)           0.015     1.815    layer2_out_46_V_U/internal_full_n_i_1__213_n_0
    SLICE_X131Y395       FDRE                                         r  layer2_out_46_V_U/internal_full_n_reg/D
  -------------------------------------------------------------------    -------------------

                         (clock ap_clk rise edge)     0.000     0.000 r  
    AU14                                              0.000     0.000 r  ap_clk (IN)
                         net (fo=0)                   0.000     0.000    ap_clk_IBUF_inst/I
    AU14                 INBUF (Prop_INBUF_HPIOB_M_PAD_O)
                                                      0.420     0.420 r  ap_clk_IBUF_inst/INBUF_INST/O
                         net (fo=1, routed)           0.000     0.420    ap_clk_IBUF_inst/OUT
    AU14                 IBUFCTRL (Prop_IBUFCTRL_HPIOB_M_I_O)
                                                      0.000     0.420 r  ap_clk_IBUF_inst/IBUFCTRL_INST/O
                         net (fo=1, routed)           0.181     0.601    ap_clk_IBUF
    BUFGCE_X0Y170        BUFGCE (Prop_BUFCE_BUFGCE_I_O)
                                                      0.019     0.620 r  ap_clk_IBUF_BUFG_inst/O
    X3Y5 (CLOCK_ROOT)    net (fo=10581, routed)       1.492     2.112    layer2_out_46_V_U/ap_clk_IBUF_BUFG
    SLICE_X131Y395       FDRE                                         r  layer2_out_46_V_U/internal_full_n_reg/C
                         clock pessimism             -0.369     1.743    
    SLICE_X131Y395       FDRE (Hold_BFF_SLICEL_C_D)
                                                      0.046     1.789    layer2_out_46_V_U/internal_full_n_reg
  -------------------------------------------------------------------
                         required time                         -1.789    
                         arrival time                           1.815    
  -------------------------------------------------------------------
                         slack                                  0.026    





Pulse Width Checks
--------------------------------------------------------------------------------------
Clock Name:         ap_clk
Waveform(ns):       { 0.000 2.500 }
Period(ns):         5.000
Sources:            { ap_clk }

Check Type        Corner  Lib Pin   Reference Pin  Required(ns)  Actual(ns)  Slack(ns)  Location        Pin
Min Period        n/a     BUFGCE/I  n/a            1.122         5.000       3.878      BUFGCE_X0Y170   ap_clk_IBUF_BUFG_inst/I
Low Pulse Width   Slow    FDRE/C    n/a            0.275         2.500       2.225      SLICE_X128Y412  layer5_out_48_V_U/U_fifo_w10_d2_A_ram/SRL_SIG_reg[0][2]/C
High Pulse Width  Slow    FDRE/C    n/a            0.275         2.500       2.225      SLICE_X134Y410  layer5_out_47_V_U/internal_empty_n_reg/C



