Copyright 1986-2019 Xilinx, Inc. All Rights Reserved.
-----------------------------------------------------------------------------------------
| Tool Version      : Vivado v.2019.1 (lin64) Build 2552052 Fri May 24 14:47:09 MDT 2019
| Date              : Sun Nov 16 12:01:46 2025
| Host              : hvm1 running 64-bit Ubuntu 22.04.5 LTS
| Command           : report_timing_summary -file reports/hls_final_4_2_timing.rpt
| Design            : p
| Device            : xcvu13p-fhga2104
| Speed File        : -3  PRODUCTION 1.23 03-18-2019
| Temperature Grade : E
-----------------------------------------------------------------------------------------

Timing Summary Report

------------------------------------------------------------------------------------------------
| Timer Settings
| --------------
------------------------------------------------------------------------------------------------

  Enable Multi Corner Analysis               :  Yes
  Enable Pessimism Removal                   :  Yes
  Pessimism Removal Resolution               :  Nearest Common Node
  Enable Input Delay Default Clock           :  No
  Enable Preset / Clear Arcs                 :  No
  Disable Flight Delays                      :  No
  Ignore I/O Paths                           :  No
  Timing Early Launch at Borrowing Latches   :  No
  Borrow Time for Max Delay Exceptions       :  Yes

  Corner  Analyze    Analyze    
  Name    Max Paths  Min Paths  
  ------  ---------  ---------  
  Slow    Yes        Yes        
  Fast    Yes        Yes        



check_timing report

Table of Contents
-----------------
1. checking no_clock
2. checking constant_clock
3. checking pulse_width_clock
4. checking unconstrained_internal_endpoints
5. checking no_input_delay
6. checking no_output_delay
7. checking multiple_clock
8. checking generated_clocks
9. checking loops
10. checking partial_input_delay
11. checking partial_output_delay
12. checking latch_loops

1. checking no_clock
--------------------
 There are 0 register/latch pins with no clock.


2. checking constant_clock
--------------------------
 There are 0 register/latch pins with constant_clock.


3. checking pulse_width_clock
-----------------------------
 There are 0 register/latch pins which need pulse_width check


4. checking unconstrained_internal_endpoints
--------------------------------------------
 There are 0 pins that are not constrained for maximum delay.

 There are 0 pins that are not constrained for maximum delay due to constant clock.


5. checking no_input_delay
--------------------------
 There are 67 input ports with no input delay specified. (HIGH)

 There are 0 input ports with no input delay but user has a false path constraint.


6. checking no_output_delay
---------------------------
 There are 28 ports with no output delay specified. (HIGH)

 There are 0 ports with no output delay but user has a false path constraint

 There are 0 ports with no output delay but with a timing clock defined on it or propagating through it


7. checking multiple_clock
--------------------------
 There are 0 register/latch pins with multiple clocks.


8. checking generated_clocks
----------------------------
 There are 0 generated clocks that are not connected to a clock source.


9. checking loops
-----------------
 There are 0 combinational loops in the design.


10. checking partial_input_delay
--------------------------------
 There are 0 input ports with partial input delay specified.


11. checking partial_output_delay
---------------------------------
 There are 0 ports with partial output delay specified.


12. checking latch_loops
------------------------
 There are 0 combinational latch loops in the design through latch input



------------------------------------------------------------------------------------------------
| Design Timing Summary
| ---------------------
------------------------------------------------------------------------------------------------

    WNS(ns)      TNS(ns)  TNS Failing Endpoints  TNS Total Endpoints      WHS(ns)      THS(ns)  THS Failing Endpoints  THS Total Endpoints     WPWS(ns)     TPWS(ns)  TPWS Failing Endpoints  TPWS Total Endpoints  
    -------      -------  ---------------------  -------------------      -------      -------  ---------------------  -------------------     --------     --------  ----------------------  --------------------  
      1.508        0.000                      0                15689        0.005        0.000                      0                15689        2.032        0.000                       0                  7067  


All user specified timing constraints are met.


------------------------------------------------------------------------------------------------
| Clock Summary
| -------------
------------------------------------------------------------------------------------------------

Clock   Waveform(ns)         Period(ns)      Frequency(MHz)
-----   ------------         ----------      --------------
ap_clk  {0.000 2.500}        5.000           200.000         


------------------------------------------------------------------------------------------------
| Intra Clock Table
| -----------------
------------------------------------------------------------------------------------------------

Clock             WNS(ns)      TNS(ns)  TNS Failing Endpoints  TNS Total Endpoints      WHS(ns)      THS(ns)  THS Failing Endpoints  THS Total Endpoints     WPWS(ns)     TPWS(ns)  TPWS Failing Endpoints  TPWS Total Endpoints  
-----             -------      -------  ---------------------  -------------------      -------      -------  ---------------------  -------------------     --------     --------  ----------------------  --------------------  
ap_clk              1.508        0.000                      0                15689        0.005        0.000                      0                15689        2.032        0.000                       0                  7067  


------------------------------------------------------------------------------------------------
| Inter Clock Table
| -----------------
------------------------------------------------------------------------------------------------

From Clock    To Clock          WNS(ns)      TNS(ns)  TNS Failing Endpoints  TNS Total Endpoints      WHS(ns)      THS(ns)  THS Failing Endpoints  THS Total Endpoints  
----------    --------          -------      -------  ---------------------  -------------------      -------      -------  ---------------------  -------------------  


------------------------------------------------------------------------------------------------
| Other Path Groups Table
| -----------------------
------------------------------------------------------------------------------------------------

Path Group    From Clock    To Clock          WNS(ns)      TNS(ns)  TNS Failing Endpoints  TNS Total Endpoints      WHS(ns)      THS(ns)  THS Failing Endpoints  THS Total Endpoints  
----------    ----------    --------          -------      -------  ---------------------  -------------------      -------      -------  ---------------------  -------------------  


------------------------------------------------------------------------------------------------
| Timing Details
| --------------
------------------------------------------------------------------------------------------------


---------------------------------------------------------------------------------------------------
From Clock:  ap_clk
  To Clock:  ap_clk

Setup :            0  Failing Endpoints,  Worst Slack        1.508ns,  Total Violation        0.000ns
Hold  :            0  Failing Endpoints,  Worst Slack        0.005ns,  Total Violation        0.000ns
PW    :            0  Failing Endpoints,  Worst Slack        2.032ns,  Total Violation        0.000ns
---------------------------------------------------------------------------------------------------


Max Delay Paths
--------------------------------------------------------------------------------------
Slack (MET) :             1.508ns  (required time - arrival time)
  Source:                 grp_dense_latency_0_0_0_0_0_0_0_0_0_0_0_0_0_0_0_0_0_0_0_0_0_0_0_0_0_0_0_0_0_0_0_0_0_s_fu_203/data_V_read_int_reg_reg[2]/C
                            (rising edge-triggered cell FDRE clocked by ap_clk  {rise@0.000ns fall@2.500ns period=5.000ns})
  Destination:            grp_dense_latency_0_0_0_0_0_0_0_0_0_0_0_0_0_0_0_0_0_0_0_0_0_0_0_0_0_0_0_0_0_0_0_0_0_s_fu_203/select_ln340_2517_reg_75656_reg[1]/CE
                            (rising edge-triggered cell FDSE clocked by ap_clk  {rise@0.000ns fall@2.500ns period=5.000ns})
  Path Group:             ap_clk
  Path Type:              Setup (Max at Slow Process Corner)
  Requirement:            5.000ns  (ap_clk rise@5.000ns - ap_clk rise@0.000ns)
  Data Path Delay:        3.360ns  (logic 0.681ns (20.268%)  route 2.679ns (79.732%))
  Logic Levels:           8  (LUT2=1 LUT3=1 LUT4=1 LUT6=5)
  Clock Path Skew:        -0.054ns (DCD - SCD + CPR)
    Destination Clock Delay (DCD):    2.038ns = ( 7.038 - 5.000 ) 
    Source Clock Delay      (SCD):    2.436ns
    Clock Pessimism Removal (CPR):    0.344ns
  Clock Uncertainty:      0.035ns  ((TSJ^2 + TIJ^2)^1/2 + DJ) / 2 + PE
    Total System Jitter     (TSJ):    0.071ns
    Total Input Jitter      (TIJ):    0.000ns
    Discrete Jitter          (DJ):    0.000ns
    Phase Error              (PE):    0.000ns
  Clock Net Delay (Source):      1.560ns (routing 0.660ns, distribution 0.900ns)
  Clock Net Delay (Destination): 1.405ns (routing 0.600ns, distribution 0.805ns)

    Location             Delay type                Incr(ns)  Path(ns)    Netlist Resource(s)
  -------------------------------------------------------------------    -------------------
                         (clock ap_clk rise edge)     0.000     0.000 r  
    AP13                                              0.000     0.000 r  ap_clk (IN)
                         net (fo=0)                   0.000     0.000    ap_clk_IBUF_inst/I
    AP13                 INBUF (Prop_INBUF_HPIOB_M_PAD_O)
                                                      0.534     0.534 r  ap_clk_IBUF_inst/INBUF_INST/O
                         net (fo=1, routed)           0.000     0.534    ap_clk_IBUF_inst/OUT
    AP13                 IBUFCTRL (Prop_IBUFCTRL_HPIOB_M_I_O)
                                                      0.000     0.534 r  ap_clk_IBUF_inst/IBUFCTRL_INST/O
                         net (fo=1, routed)           0.314     0.848    ap_clk_IBUF
    BUFGCE_X0Y176        BUFGCE (Prop_BUFCE_BUFGCE_I_O)
                                                      0.028     0.876 r  ap_clk_IBUF_BUFG_inst/O
    X4Y6 (CLOCK_ROOT)    net (fo=7066, routed)        1.560     2.436    grp_dense_latency_0_0_0_0_0_0_0_0_0_0_0_0_0_0_0_0_0_0_0_0_0_0_0_0_0_0_0_0_0_0_0_0_0_s_fu_203/ap_clk_IBUF_BUFG
    SLICE_X121Y334       FDRE                                         r  grp_dense_latency_0_0_0_0_0_0_0_0_0_0_0_0_0_0_0_0_0_0_0_0_0_0_0_0_0_0_0_0_0_0_0_0_0_s_fu_203/data_V_read_int_reg_reg[2]/C
  -------------------------------------------------------------------    -------------------
    SLICE_X121Y334       FDRE (Prop_CFF_SLICEM_C_Q)
                                                      0.068     2.504 r  grp_dense_latency_0_0_0_0_0_0_0_0_0_0_0_0_0_0_0_0_0_0_0_0_0_0_0_0_0_0_0_0_0_0_0_0_0_s_fu_203/data_V_read_int_reg_reg[2]/Q
                         net (fo=88, routed)          0.957     3.461    grp_dense_latency_0_0_0_0_0_0_0_0_0_0_0_0_0_0_0_0_0_0_0_0_0_0_0_0_0_0_0_0_0_0_0_0_0_s_fu_203/tmp_15_fu_476_p3[4]
    SLICE_X129Y304       LUT3 (Prop_D5LUT_SLICEM_I0_O)
                                                      0.119     3.580 f  grp_dense_latency_0_0_0_0_0_0_0_0_0_0_0_0_0_0_0_0_0_0_0_0_0_0_0_0_0_0_0_0_0_0_0_0_0_s_fu_203/sext_ln703_1031_reg_75509[0]_i_1/O
                         net (fo=18, routed)          0.584     4.164    grp_dense_latency_0_0_0_0_0_0_0_0_0_0_0_0_0_0_0_0_0_0_0_0_0_0_0_0_0_0_0_0_0_0_0_0_0_s_fu_203/sext_ln703_1031_fu_14410_p1[0]
    SLICE_X124Y307       LUT6 (Prop_H6LUT_SLICEM_I4_O)
                                                      0.138     4.302 f  grp_dense_latency_0_0_0_0_0_0_0_0_0_0_0_0_0_0_0_0_0_0_0_0_0_0_0_0_0_0_0_0_0_0_0_0_0_s_fu_203/select_ln340_2517_reg_75656[2]_i_4/O
                         net (fo=2, routed)           0.046     4.348    grp_dense_latency_0_0_0_0_0_0_0_0_0_0_0_0_0_0_0_0_0_0_0_0_0_0_0_0_0_0_0_0_0_0_0_0_0_s_fu_203/select_ln340_2517_reg_75656[2]_i_4_n_0
    SLICE_X124Y307       LUT6 (Prop_G6LUT_SLICEM_I0_O)
                                                      0.031     4.379 f  grp_dense_latency_0_0_0_0_0_0_0_0_0_0_0_0_0_0_0_0_0_0_0_0_0_0_0_0_0_0_0_0_0_0_0_0_0_s_fu_203/select_ln340_2517_reg_75656[3]_i_7/O
                         net (fo=3, routed)           0.464     4.843    grp_dense_latency_0_0_0_0_0_0_0_0_0_0_0_0_0_0_0_0_0_0_0_0_0_0_0_0_0_0_0_0_0_0_0_0_0_s_fu_203/select_ln340_2517_reg_75656[3]_i_7_n_0
    SLICE_X129Y307       LUT6 (Prop_B6LUT_SLICEM_I5_O)
                                                      0.031     4.874 r  grp_dense_latency_0_0_0_0_0_0_0_0_0_0_0_0_0_0_0_0_0_0_0_0_0_0_0_0_0_0_0_0_0_0_0_0_0_s_fu_203/select_ln340_2517_reg_75656[0]_i_2/O
                         net (fo=3, routed)           0.109     4.983    grp_dense_latency_0_0_0_0_0_0_0_0_0_0_0_0_0_0_0_0_0_0_0_0_0_0_0_0_0_0_0_0_0_0_0_0_0_s_fu_203/select_ln340_2517_reg_75656[0]_i_2_n_0
    SLICE_X128Y307       LUT6 (Prop_H6LUT_SLICEM_I5_O)
                                                      0.090     5.073 f  grp_dense_latency_0_0_0_0_0_0_0_0_0_0_0_0_0_0_0_0_0_0_0_0_0_0_0_0_0_0_0_0_0_0_0_0_0_s_fu_203/select_ln340_2517_reg_75656[2]_i_3/O
                         net (fo=2, routed)           0.094     5.167    grp_dense_latency_0_0_0_0_0_0_0_0_0_0_0_0_0_0_0_0_0_0_0_0_0_0_0_0_0_0_0_0_0_0_0_0_0_s_fu_203/select_ln340_2517_reg_75656[2]_i_3_n_0
    SLICE_X127Y307       LUT6 (Prop_G6LUT_SLICEL_I5_O)
                                                      0.047     5.214 r  grp_dense_latency_0_0_0_0_0_0_0_0_0_0_0_0_0_0_0_0_0_0_0_0_0_0_0_0_0_0_0_0_0_0_0_0_0_s_fu_203/select_ln340_2517_reg_75656[3]_i_5/O
                         net (fo=3, routed)           0.048     5.262    grp_dense_latency_0_0_0_0_0_0_0_0_0_0_0_0_0_0_0_0_0_0_0_0_0_0_0_0_0_0_0_0_0_0_0_0_0_s_fu_203/select_ln340_2517_reg_75656[3]_i_5_n_0
    SLICE_X127Y307       LUT4 (Prop_B5LUT_SLICEL_I0_O)
                                                      0.126     5.388 r  grp_dense_latency_0_0_0_0_0_0_0_0_0_0_0_0_0_0_0_0_0_0_0_0_0_0_0_0_0_0_0_0_0_0_0_0_0_s_fu_203/select_ln340_2517_reg_75656[3]_i_6/O
                         net (fo=4, routed)           0.175     5.563    grp_dense_latency_0_0_0_0_0_0_0_0_0_0_0_0_0_0_0_0_0_0_0_0_0_0_0_0_0_0_0_0_0_0_0_0_0_s_fu_203/select_ln340_2517_reg_75656[3]_i_6_n_0
    SLICE_X127Y307       LUT2 (Prop_E6LUT_SLICEL_I1_O)
                                                      0.031     5.594 r  grp_dense_latency_0_0_0_0_0_0_0_0_0_0_0_0_0_0_0_0_0_0_0_0_0_0_0_0_0_0_0_0_0_0_0_0_0_s_fu_203/select_ln340_2517_reg_75656[3]_i_2/O
                         net (fo=4, routed)           0.202     5.796    grp_dense_latency_0_0_0_0_0_0_0_0_0_0_0_0_0_0_0_0_0_0_0_0_0_0_0_0_0_0_0_0_0_0_0_0_0_s_fu_203/select_ln340_2517_reg_75656[3]_i_2_n_0
    SLICE_X127Y307       FDSE                                         r  grp_dense_latency_0_0_0_0_0_0_0_0_0_0_0_0_0_0_0_0_0_0_0_0_0_0_0_0_0_0_0_0_0_0_0_0_0_s_fu_203/select_ln340_2517_reg_75656_reg[1]/CE
  -------------------------------------------------------------------    -------------------

                         (clock ap_clk rise edge)     5.000     5.000 r  
    AP13                                              0.000     5.000 r  ap_clk (IN)
                         net (fo=0)                   0.000     5.000    ap_clk_IBUF_inst/I
    AP13                 INBUF (Prop_INBUF_HPIOB_M_PAD_O)
                                                      0.330     5.330 r  ap_clk_IBUF_inst/INBUF_INST/O
                         net (fo=1, routed)           0.000     5.330    ap_clk_IBUF_inst/OUT
    AP13                 IBUFCTRL (Prop_IBUFCTRL_HPIOB_M_I_O)
                                                      0.000     5.330 r  ap_clk_IBUF_inst/IBUFCTRL_INST/O
                         net (fo=1, routed)           0.279     5.609    ap_clk_IBUF
    BUFGCE_X0Y176        BUFGCE (Prop_BUFCE_BUFGCE_I_O)
                                                      0.024     5.633 r  ap_clk_IBUF_BUFG_inst/O
    X4Y6 (CLOCK_ROOT)    net (fo=7066, routed)        1.405     7.038    grp_dense_latency_0_0_0_0_0_0_0_0_0_0_0_0_0_0_0_0_0_0_0_0_0_0_0_0_0_0_0_0_0_0_0_0_0_s_fu_203/ap_clk_IBUF_BUFG
    SLICE_X127Y307       FDSE                                         r  grp_dense_latency_0_0_0_0_0_0_0_0_0_0_0_0_0_0_0_0_0_0_0_0_0_0_0_0_0_0_0_0_0_0_0_0_0_s_fu_203/select_ln340_2517_reg_75656_reg[1]/C
                         clock pessimism              0.344     7.382    
                         clock uncertainty           -0.035     7.346    
    SLICE_X127Y307       FDSE (Setup_AFF2_SLICEL_C_CE)
                                                     -0.043     7.303    grp_dense_latency_0_0_0_0_0_0_0_0_0_0_0_0_0_0_0_0_0_0_0_0_0_0_0_0_0_0_0_0_0_0_0_0_0_s_fu_203/select_ln340_2517_reg_75656_reg[1]
  -------------------------------------------------------------------
                         required time                          7.303    
                         arrival time                          -5.796    
  -------------------------------------------------------------------
                         slack                                  1.508    





Min Delay Paths
--------------------------------------------------------------------------------------
Slack (MET) :             0.005ns  (arrival time - required time)
  Source:                 grp_dense_latency_0_0_0_0_0_0_0_0_0_0_0_0_0_0_0_0_0_0_0_0_0_0_0_0_0_0_0_0_0_0_0_0_0_fu_135/select_ln340_3973_reg_107502_pp0_iter9_reg_reg[1]/C
                            (rising edge-triggered cell FDRE clocked by ap_clk  {rise@0.000ns fall@2.500ns period=5.000ns})
  Destination:            grp_dense_latency_0_0_0_0_0_0_0_0_0_0_0_0_0_0_0_0_0_0_0_0_0_0_0_0_0_0_0_0_0_0_0_0_0_fu_135/ap_return_23_int_reg_reg[3]/D
                            (rising edge-triggered cell FDRE clocked by ap_clk  {rise@0.000ns fall@2.500ns period=5.000ns})
  Path Group:             ap_clk
  Path Type:              Hold (Min at Slow Process Corner)
  Requirement:            0.000ns  (ap_clk rise@0.000ns - ap_clk rise@0.000ns)
  Data Path Delay:        0.136ns  (logic 0.052ns (38.235%)  route 0.084ns (61.765%))
  Logic Levels:           0  
  Clock Path Skew:        0.085ns (DCD - SCD - CPR)
    Destination Clock Delay (DCD):    2.447ns
    Source Clock Delay      (SCD):    2.029ns
    Clock Pessimism Removal (CPR):    0.333ns
  Clock Net Delay (Source):      1.396ns (routing 0.600ns, distribution 0.796ns)
  Clock Net Delay (Destination): 1.571ns (routing 0.660ns, distribution 0.911ns)

    Location             Delay type                Incr(ns)  Path(ns)    Netlist Resource(s)
  -------------------------------------------------------------------    -------------------
                         (clock ap_clk rise edge)     0.000     0.000 r  
    AP13                                              0.000     0.000 r  ap_clk (IN)
                         net (fo=0)                   0.000     0.000    ap_clk_IBUF_inst/I
    AP13                 INBUF (Prop_INBUF_HPIOB_M_PAD_O)
                                                      0.330     0.330 r  ap_clk_IBUF_inst/INBUF_INST/O
                         net (fo=1, routed)           0.000     0.330    ap_clk_IBUF_inst/OUT
    AP13                 IBUFCTRL (Prop_IBUFCTRL_HPIOB_M_I_O)
                                                      0.000     0.330 r  ap_clk_IBUF_inst/IBUFCTRL_INST/O
                         net (fo=1, routed)           0.279     0.609    ap_clk_IBUF
    BUFGCE_X0Y176        BUFGCE (Prop_BUFCE_BUFGCE_I_O)
                                                      0.024     0.633 r  ap_clk_IBUF_BUFG_inst/O
    X4Y6 (CLOCK_ROOT)    net (fo=7066, routed)        1.396     2.029    grp_dense_latency_0_0_0_0_0_0_0_0_0_0_0_0_0_0_0_0_0_0_0_0_0_0_0_0_0_0_0_0_0_0_0_0_0_fu_135/ap_clk_IBUF_BUFG
    SLICE_X126Y376       FDRE                                         r  grp_dense_latency_0_0_0_0_0_0_0_0_0_0_0_0_0_0_0_0_0_0_0_0_0_0_0_0_0_0_0_0_0_0_0_0_0_fu_135/select_ln340_3973_reg_107502_pp0_iter9_reg_reg[1]/C
  -------------------------------------------------------------------    -------------------
    SLICE_X126Y376       FDRE (Prop_EFF_SLICEM_C_Q)
                                                      0.052     2.081 r  grp_dense_latency_0_0_0_0_0_0_0_0_0_0_0_0_0_0_0_0_0_0_0_0_0_0_0_0_0_0_0_0_0_0_0_0_0_fu_135/select_ln340_3973_reg_107502_pp0_iter9_reg_reg[1]/Q
                         net (fo=4, routed)           0.084     2.165    grp_dense_latency_0_0_0_0_0_0_0_0_0_0_0_0_0_0_0_0_0_0_0_0_0_0_0_0_0_0_0_0_0_0_0_0_0_fu_135/select_ln340_3973_reg_107502_pp0_iter9_reg_reg[3]_1[1]
    SLICE_X125Y377       FDRE                                         r  grp_dense_latency_0_0_0_0_0_0_0_0_0_0_0_0_0_0_0_0_0_0_0_0_0_0_0_0_0_0_0_0_0_0_0_0_0_fu_135/ap_return_23_int_reg_reg[3]/D
  -------------------------------------------------------------------    -------------------

                         (clock ap_clk rise edge)     0.000     0.000 r  
    AP13                                              0.000     0.000 r  ap_clk (IN)
                         net (fo=0)                   0.000     0.000    ap_clk_IBUF_inst/I
    AP13                 INBUF (Prop_INBUF_HPIOB_M_PAD_O)
                                                      0.534     0.534 r  ap_clk_IBUF_inst/INBUF_INST/O
                         net (fo=1, routed)           0.000     0.534    ap_clk_IBUF_inst/OUT
    AP13                 IBUFCTRL (Prop_IBUFCTRL_HPIOB_M_I_O)
                                                      0.000     0.534 r  ap_clk_IBUF_inst/IBUFCTRL_INST/O
                         net (fo=1, routed)           0.314     0.848    ap_clk_IBUF
    BUFGCE_X0Y176        BUFGCE (Prop_BUFCE_BUFGCE_I_O)
                                                      0.028     0.876 r  ap_clk_IBUF_BUFG_inst/O
    X4Y6 (CLOCK_ROOT)    net (fo=7066, routed)        1.571     2.447    grp_dense_latency_0_0_0_0_0_0_0_0_0_0_0_0_0_0_0_0_0_0_0_0_0_0_0_0_0_0_0_0_0_0_0_0_0_fu_135/ap_clk_IBUF_BUFG
    SLICE_X125Y377       FDRE                                         r  grp_dense_latency_0_0_0_0_0_0_0_0_0_0_0_0_0_0_0_0_0_0_0_0_0_0_0_0_0_0_0_0_0_0_0_0_0_fu_135/ap_return_23_int_reg_reg[3]/C
                         clock pessimism             -0.333     2.114    
    SLICE_X125Y377       FDRE (Hold_AFF_SLICEL_C_D)
                                                      0.046     2.160    grp_dense_latency_0_0_0_0_0_0_0_0_0_0_0_0_0_0_0_0_0_0_0_0_0_0_0_0_0_0_0_0_0_0_0_0_0_fu_135/ap_return_23_int_reg_reg[3]
  -------------------------------------------------------------------
                         required time                         -2.160    
                         arrival time                           2.165    
  -------------------------------------------------------------------
                         slack                                  0.005    





Pulse Width Checks
--------------------------------------------------------------------------------------
Clock Name:         ap_clk
Waveform(ns):       { 0.000 2.500 }
Period(ns):         5.000
Sources:            { ap_clk }

Check Type        Corner  Lib Pin     Reference Pin  Required(ns)  Actual(ns)  Slack(ns)  Location        Pin
Min Period        n/a     BUFGCE/I    n/a            1.122         5.000       3.878      BUFGCE_X0Y176   ap_clk_IBUF_BUFG_inst/I
Low Pulse Width   Fast    SRL16E/CLK  n/a            0.468         2.500       2.032      SLICE_X128Y404  grp_dense_latency_0_0_0_0_0_0_0_0_0_0_0_0_0_0_0_0_0_0_0_0_0_0_0_0_0_0_0_0_0_0_0_0_0_1_fu_99/data_26_V_read_5_reg_109253_pp0_iter3_reg_reg[0]_srl4/CLK
High Pulse Width  Fast    SRL16E/CLK  n/a            0.468         2.500       2.032      SLICE_X126Y392  grp_dense_latency_0_0_0_0_0_0_0_0_0_0_0_0_0_0_0_0_0_0_0_0_0_0_0_0_0_0_0_0_0_0_0_0_0_1_fu_99/select_ln340_711_reg_109883_pp0_iter1_reg_reg[2]_srl2/CLK



