Copyright 1986-2019 Xilinx, Inc. All Rights Reserved.
------------------------------------------------------------------------------------------------------------------
| Tool Version : Vivado v.2019.1 (lin64) Build 2552052 Fri May 24 14:47:09 MDT 2019
| Date         : Wed Oct 29 16:38:31 2025
| Host         : hvm1 running 64-bit Ubuntu 22.04.5 LTS
| Command      : report_utilization -hierarchical -hierarchical_depth 1 -file reports/hls_16_6_base_util_hier.rpt
| Design       : myproject
| Device       : xcvu13pfhga2104-3
| Design State : Routed
------------------------------------------------------------------------------------------------------------------

Utilization Design Information

Table of Contents
-----------------
1. Utilization by Hierarchy

1. Utilization by Hierarchy
---------------------------

+------------------------------------------------------------------------------------------------------+-----------------------------------------------------------------------------------+------------+------------+---------+------+------+--------+--------+------+--------------+
|                                               Instance                                               |                                       Module                                      | Total LUTs | Logic LUTs | LUTRAMs | SRLs |  FFs | RAMB36 | RAMB18 | URAM | DSP48 Blocks |
+------------------------------------------------------------------------------------------------------+-----------------------------------------------------------------------------------+------------+------------+---------+------+------+--------+--------+------+--------------+
| myproject                                                                                            |                                                                             (top) |      60919 |      60919 |       0 |    0 | 9241 |      0 |      4 |    0 |         2082 |
|   (myproject)                                                                                        |                                                                             (top) |      21217 |      21217 |       0 |    0 | 2090 |      0 |      0 |    0 |            0 |
|   call_ret1_normalize_0_0_0_0_0_0_0_0_0_0_0_0_0_0_0_0_0_0_0_0_0_0_0_0_0_0_0_0_0_0_0_0_0_0_0_1_fu_249 | normalize_0_0_0_0_0_0_0_0_0_0_0_0_0_0_0_0_0_0_0_0_0_0_0_0_0_0_0_0_0_0_0_0_0_0_0_1 |        822 |        822 |       0 |    0 |  585 |      0 |      0 |    0 |           64 |
|   call_ret4_normalize_0_0_0_0_0_0_0_0_0_0_0_0_0_0_0_0_0_0_0_0_0_0_0_0_0_0_0_0_0_0_0_0_0_0_0_s_fu_421 | normalize_0_0_0_0_0_0_0_0_0_0_0_0_0_0_0_0_0_0_0_0_0_0_0_0_0_0_0_0_0_0_0_0_0_0_0_s |        272 |        272 |       0 |    0 |    0 |      0 |      0 |    0 |           32 |
|   call_ret7_normalize_0_0_0_0_0_0_0_0_0_0_0_0_0_0_0_0_0_0_0_0_0_0_0_0_0_0_0_0_0_0_0_0_0_0_0_2_fu_385 | normalize_0_0_0_0_0_0_0_0_0_0_0_0_0_0_0_0_0_0_0_0_0_0_0_0_0_0_0_0_0_0_0_0_0_0_0_2 |        274 |        274 |       0 |    0 |    0 |      0 |      0 |    0 |           31 |
|   grp_dense_latency_0_0_0_0_0_0_0_0_0_0_0_0_0_0_0_0_0_0_0_0_0_0_0_0_0_0_0_0_0_0_0_0_0_1_fu_171       | dense_latency_0_0_0_0_0_0_0_0_0_0_0_0_0_0_0_0_0_0_0_0_0_0_0_0_0_0_0_0_0_0_0_0_0_1 |       8454 |       8454 |       0 |    0 | 1508 |      0 |      0 |    0 |          456 |
|   grp_dense_latency_0_0_0_0_0_0_0_0_0_0_0_0_0_0_0_0_0_0_0_0_0_0_0_0_0_0_0_0_0_0_0_0_0_fu_103         |   dense_latency_0_0_0_0_0_0_0_0_0_0_0_0_0_0_0_0_0_0_0_0_0_0_0_0_0_0_0_0_0_0_0_0_0 |      14552 |      14552 |       0 |    0 | 2734 |      0 |      0 |    0 |          743 |
|   grp_dense_latency_0_0_0_0_0_0_0_0_0_0_0_0_0_0_0_0_0_0_0_0_0_0_0_0_0_0_0_0_0_0_0_0_0_s_fu_207       | dense_latency_0_0_0_0_0_0_0_0_0_0_0_0_0_0_0_0_0_0_0_0_0_0_0_0_0_0_0_0_0_0_0_0_0_s |      13760 |      13760 |       0 |    0 | 1983 |      0 |      0 |    0 |          632 |
|   grp_dense_latency_ap_fixed_ap_fixed_16_6_5_3_0_config14_0_0_0_0_0_0_fu_213                         |                   dense_latency_ap_fixed_ap_fixed_16_6_5_3_0_config14_0_0_0_0_0_0 |       1666 |       1666 |       0 |    0 |  289 |      0 |      0 |    0 |          119 |
|   grp_softmax_stable_ap_fixed_ap_fixed_16_6_5_3_0_softmax_config16_s_fu_529                          |                    softmax_stable_ap_fixed_ap_fixed_16_6_5_3_0_softmax_config16_s |         26 |         26 |       0 |    0 |   52 |      0 |      4 |    0 |            5 |
+------------------------------------------------------------------------------------------------------+-----------------------------------------------------------------------------------+------------+------------+---------+------+------+--------+--------+------+--------------+
* Note: The sum of lower-level cells may be larger than their parent cells total, due to cross-hierarchy LUT combining


