Copyright 1986-2019 Xilinx, Inc. All Rights Reserved.
-----------------------------------------------------------------------------------------
| Tool Version      : Vivado v.2019.1 (lin64) Build 2552052 Fri May 24 14:47:09 MDT 2019
| Date              : Fri Dec 26 14:05:34 2025
| Host              : hvm1 running 64-bit Ubuntu 22.04.5 LTS
| Command           : report_timing_summary -file reports/hls_acstable_4_2_timing.rpt
| Design            : p
| Device            : xcvu13p-fhga2104
| Speed File        : -3  PRODUCTION 1.23 03-18-2019
| Temperature Grade : E
-----------------------------------------------------------------------------------------

Timing Summary Report

------------------------------------------------------------------------------------------------
| Timer Settings
| --------------
------------------------------------------------------------------------------------------------

  Enable Multi Corner Analysis               :  Yes
  Enable Pessimism Removal                   :  Yes
  Pessimism Removal Resolution               :  Nearest Common Node
  Enable Input Delay Default Clock           :  No
  Enable Preset / Clear Arcs                 :  No
  Disable Flight Delays                      :  No
  Ignore I/O Paths                           :  No
  Timing Early Launch at Borrowing Latches   :  No
  Borrow Time for Max Delay Exceptions       :  Yes

  Corner  Analyze    Analyze    
  Name    Max Paths  Min Paths  
  ------  ---------  ---------  
  Slow    Yes        Yes        
  Fast    Yes        Yes        



check_timing report

Table of Contents
-----------------
1. checking no_clock
2. checking constant_clock
3. checking pulse_width_clock
4. checking unconstrained_internal_endpoints
5. checking no_input_delay
6. checking no_output_delay
7. checking multiple_clock
8. checking generated_clocks
9. checking loops
10. checking partial_input_delay
11. checking partial_output_delay
12. checking latch_loops

1. checking no_clock
--------------------
 There are 0 register/latch pins with no clock.


2. checking constant_clock
--------------------------
 There are 0 register/latch pins with constant_clock.


3. checking pulse_width_clock
-----------------------------
 There are 0 register/latch pins which need pulse_width check


4. checking unconstrained_internal_endpoints
--------------------------------------------
 There are 0 pins that are not constrained for maximum delay.

 There are 0 pins that are not constrained for maximum delay due to constant clock.


5. checking no_input_delay
--------------------------
 There are 67 input ports with no input delay specified. (HIGH)

 There are 0 input ports with no input delay but user has a false path constraint.


6. checking no_output_delay
---------------------------
 There are 28 ports with no output delay specified. (HIGH)

 There are 0 ports with no output delay but user has a false path constraint

 There are 0 ports with no output delay but with a timing clock defined on it or propagating through it


7. checking multiple_clock
--------------------------
 There are 0 register/latch pins with multiple clocks.


8. checking generated_clocks
----------------------------
 There are 0 generated clocks that are not connected to a clock source.


9. checking loops
-----------------
 There are 0 combinational loops in the design.


10. checking partial_input_delay
--------------------------------
 There are 0 input ports with partial input delay specified.


11. checking partial_output_delay
---------------------------------
 There are 0 ports with partial output delay specified.


12. checking latch_loops
------------------------
 There are 0 combinational latch loops in the design through latch input



------------------------------------------------------------------------------------------------
| Design Timing Summary
| ---------------------
------------------------------------------------------------------------------------------------

    WNS(ns)      TNS(ns)  TNS Failing Endpoints  TNS Total Endpoints      WHS(ns)      THS(ns)  THS Failing Endpoints  THS Total Endpoints     WPWS(ns)     TPWS(ns)  TPWS Failing Endpoints  TPWS Total Endpoints  
    -------      -------  ---------------------  -------------------      -------      -------  ---------------------  -------------------     --------     --------  ----------------------  --------------------  
      0.694        0.000                      0                 1791        0.046        0.000                      0                 1791        2.005        0.000                       0                   679  


All user specified timing constraints are met.


------------------------------------------------------------------------------------------------
| Clock Summary
| -------------
------------------------------------------------------------------------------------------------

Clock   Waveform(ns)         Period(ns)      Frequency(MHz)
-----   ------------         ----------      --------------
ap_clk  {0.000 2.500}        5.000           200.000         


------------------------------------------------------------------------------------------------
| Intra Clock Table
| -----------------
------------------------------------------------------------------------------------------------

Clock             WNS(ns)      TNS(ns)  TNS Failing Endpoints  TNS Total Endpoints      WHS(ns)      THS(ns)  THS Failing Endpoints  THS Total Endpoints     WPWS(ns)     TPWS(ns)  TPWS Failing Endpoints  TPWS Total Endpoints  
-----             -------      -------  ---------------------  -------------------      -------      -------  ---------------------  -------------------     --------     --------  ----------------------  --------------------  
ap_clk              0.694        0.000                      0                 1791        0.046        0.000                      0                 1791        2.005        0.000                       0                   679  


------------------------------------------------------------------------------------------------
| Inter Clock Table
| -----------------
------------------------------------------------------------------------------------------------

From Clock    To Clock          WNS(ns)      TNS(ns)  TNS Failing Endpoints  TNS Total Endpoints      WHS(ns)      THS(ns)  THS Failing Endpoints  THS Total Endpoints  
----------    --------          -------      -------  ---------------------  -------------------      -------      -------  ---------------------  -------------------  


------------------------------------------------------------------------------------------------
| Other Path Groups Table
| -----------------------
------------------------------------------------------------------------------------------------

Path Group    From Clock    To Clock          WNS(ns)      TNS(ns)  TNS Failing Endpoints  TNS Total Endpoints      WHS(ns)      THS(ns)  THS Failing Endpoints  THS Total Endpoints  
----------    ----------    --------          -------      -------  ---------------------  -------------------      -------      -------  ---------------------  -------------------  


------------------------------------------------------------------------------------------------
| Timing Details
| --------------
------------------------------------------------------------------------------------------------


---------------------------------------------------------------------------------------------------
From Clock:  ap_clk
  To Clock:  ap_clk

Setup :            0  Failing Endpoints,  Worst Slack        0.694ns,  Total Violation        0.000ns
Hold  :            0  Failing Endpoints,  Worst Slack        0.046ns,  Total Violation        0.000ns
PW    :            0  Failing Endpoints,  Worst Slack        2.005ns,  Total Violation        0.000ns
---------------------------------------------------------------------------------------------------


Max Delay Paths
--------------------------------------------------------------------------------------
Slack (MET) :             0.694ns  (required time - arrival time)
  Source:                 layer9_out_26_V_reg_2043_reg[1]/C
                            (rising edge-triggered cell FDRE clocked by ap_clk  {rise@0.000ns fall@2.500ns period=5.000ns})
  Destination:            layer13_out_2_V_reg_2083_reg[3]/R
                            (rising edge-triggered cell FDRE clocked by ap_clk  {rise@0.000ns fall@2.500ns period=5.000ns})
  Path Group:             ap_clk
  Path Type:              Setup (Max at Slow Process Corner)
  Requirement:            5.000ns  (ap_clk rise@5.000ns - ap_clk rise@0.000ns)
  Data Path Delay:        4.147ns  (logic 0.849ns (20.473%)  route 3.298ns (79.527%))
  Logic Levels:           8  (CARRY8=1 LUT4=2 LUT5=1 LUT6=4)
  Clock Path Skew:        -0.062ns (DCD - SCD + CPR)
    Destination Clock Delay (DCD):    1.587ns = ( 6.587 - 5.000 ) 
    Source Clock Delay      (SCD):    1.907ns
    Clock Pessimism Removal (CPR):    0.258ns
  Clock Uncertainty:      0.035ns  ((TSJ^2 + TIJ^2)^1/2 + DJ) / 2 + PE
    Total System Jitter     (TSJ):    0.071ns
    Total Input Jitter      (TIJ):    0.000ns
    Discrete Jitter          (DJ):    0.000ns
    Phase Error              (PE):    0.000ns
  Clock Net Delay (Source):      1.031ns (routing 0.156ns, distribution 0.875ns)
  Clock Net Delay (Destination): 0.954ns (routing 0.141ns, distribution 0.813ns)

    Location             Delay type                Incr(ns)  Path(ns)    Netlist Resource(s)
  -------------------------------------------------------------------    -------------------
                         (clock ap_clk rise edge)     0.000     0.000 r  
    AP13                                              0.000     0.000 r  ap_clk (IN)
                         net (fo=0)                   0.000     0.000    ap_clk_IBUF_inst/I
    AP13                 INBUF (Prop_INBUF_HPIOB_M_PAD_O)
                                                      0.534     0.534 r  ap_clk_IBUF_inst/INBUF_INST/O
                         net (fo=1, routed)           0.000     0.534    ap_clk_IBUF_inst/OUT
    AP13                 IBUFCTRL (Prop_IBUFCTRL_HPIOB_M_I_O)
                                                      0.000     0.534 r  ap_clk_IBUF_inst/IBUFCTRL_INST/O
                         net (fo=1, routed)           0.314     0.848    ap_clk_IBUF
    BUFGCE_X0Y176        BUFGCE (Prop_BUFCE_BUFGCE_I_O)
                                                      0.028     0.876 r  ap_clk_IBUF_BUFG_inst/O
    X4Y7 (CLOCK_ROOT)    net (fo=678, routed)         1.031     1.907    ap_clk_IBUF_BUFG
    SLICE_X121Y453       FDRE                                         r  layer9_out_26_V_reg_2043_reg[1]/C
  -------------------------------------------------------------------    -------------------
    SLICE_X121Y453       FDRE (Prop_EFF_SLICEM_C_Q)
                                                      0.066     1.973 f  layer9_out_26_V_reg_2043_reg[1]/Q
                         net (fo=65, routed)          1.490     3.463    layer9_out_26_V_reg_2043[1]
    SLICE_X139Y389       LUT4 (Prop_D6LUT_SLICEM_I2_O)
                                                      0.113     3.576 r  layer13_out_11_V_reg_2128[3]_i_64/O
                         net (fo=10, routed)          0.270     3.846    layer13_out_11_V_reg_2128[3]_i_64_n_0
    SLICE_X132Y388       LUT6 (Prop_F6LUT_SLICEL_I5_O)
                                                      0.031     3.877 r  layer13_out_2_V_reg_2083[3]_i_58/O
                         net (fo=1, routed)           0.044     3.921    layer13_out_2_V_reg_2083[3]_i_58_n_0
    SLICE_X132Y388       LUT6 (Prop_H6LUT_SLICEL_I1_O)
                                                      0.114     4.035 r  layer13_out_2_V_reg_2083[3]_i_52/O
                         net (fo=1, routed)           0.295     4.330    layer13_out_2_V_reg_2083[3]_i_52_n_0
    SLICE_X128Y385       LUT5 (Prop_D6LUT_SLICEM_I1_O)
                                                      0.133     4.463 r  layer13_out_2_V_reg_2083[3]_i_32/O
                         net (fo=1, routed)           0.128     4.591    layer13_out_2_V_reg_2083[3]_i_32_n_0
    SLICE_X128Y384       LUT6 (Prop_F6LUT_SLICEM_I5_O)
                                                      0.081     4.672 r  layer13_out_2_V_reg_2083[3]_i_9/O
                         net (fo=7, routed)           0.184     4.856    layer13_out_2_V_reg_2083[3]_i_9_n_0
    SLICE_X127Y381       LUT6 (Prop_G6LUT_SLICEL_I5_O)
                                                      0.047     4.903 f  layer13_out_2_V_reg_2083[3]_i_2/O
                         net (fo=4, routed)           0.364     5.267    call_ret4_dense_latency_0_0_0_0_0_0_0_0_0_0_0_0_0_0_0_0_0_0_0_0_0_0_0_0_0_0_0_0_0_0_0_0_0_1_fu_165_ap_return_2[5]
    SLICE_X126Y382       CARRY8 (Prop_CARRY8_SLICEM_DI[2]_CO[5])
                                                      0.129     5.396 f  layer13_out_2_V_reg_2083_reg[3]_i_3/CO[5]
                         net (fo=1, routed)           0.316     5.712    layer13_out_2_V_reg_2083_reg[3]_i_3_n_2
    SLICE_X128Y382       LUT4 (Prop_E6LUT_SLICEM_I3_O)
                                                      0.135     5.847 r  layer13_out_2_V_reg_2083[3]_i_1/O
                         net (fo=4, routed)           0.207     6.054    layer13_out_2_V_reg_2083[3]_i_1_n_0
    SLICE_X128Y381       FDRE                                         r  layer13_out_2_V_reg_2083_reg[3]/R
  -------------------------------------------------------------------    -------------------

                         (clock ap_clk rise edge)     5.000     5.000 r  
    AP13                                              0.000     5.000 r  ap_clk (IN)
                         net (fo=0)                   0.000     5.000    ap_clk_IBUF_inst/I
    AP13                 INBUF (Prop_INBUF_HPIOB_M_PAD_O)
                                                      0.330     5.330 r  ap_clk_IBUF_inst/INBUF_INST/O
                         net (fo=1, routed)           0.000     5.330    ap_clk_IBUF_inst/OUT
    AP13                 IBUFCTRL (Prop_IBUFCTRL_HPIOB_M_I_O)
                                                      0.000     5.330 r  ap_clk_IBUF_inst/IBUFCTRL_INST/O
                         net (fo=1, routed)           0.279     5.609    ap_clk_IBUF
    BUFGCE_X0Y176        BUFGCE (Prop_BUFCE_BUFGCE_I_O)
                                                      0.024     5.633 r  ap_clk_IBUF_BUFG_inst/O
    X4Y7 (CLOCK_ROOT)    net (fo=678, routed)         0.954     6.587    ap_clk_IBUF_BUFG
    SLICE_X128Y381       FDRE                                         r  layer13_out_2_V_reg_2083_reg[3]/C
                         clock pessimism              0.258     6.845    
                         clock uncertainty           -0.035     6.809    
    SLICE_X128Y381       FDRE (Setup_EFF_SLICEM_C_R)
                                                     -0.062     6.747    layer13_out_2_V_reg_2083_reg[3]
  -------------------------------------------------------------------
                         required time                          6.747    
                         arrival time                          -6.054    
  -------------------------------------------------------------------
                         slack                                  0.694    





Min Delay Paths
--------------------------------------------------------------------------------------
Slack (MET) :             0.046ns  (arrival time - required time)
  Source:                 grp_softmax_stable_ap_fixed_ap_fixed_4_2_5_3_0_softmax_config16_s_fu_383/y_V_3_reg_577_reg[3]/C
                            (rising edge-triggered cell FDRE clocked by ap_clk  {rise@0.000ns fall@2.500ns period=5.000ns})
  Destination:            grp_softmax_stable_ap_fixed_ap_fixed_4_2_5_3_0_softmax_config16_s_fu_383/q2_reg/ADDRBWRADDR[7]
                            (rising edge-triggered cell RAMB18E2 clocked by ap_clk  {rise@0.000ns fall@2.500ns period=5.000ns})
  Path Group:             ap_clk
  Path Type:              Hold (Min at Fast Process Corner)
  Requirement:            0.000ns  (ap_clk rise@0.000ns - ap_clk rise@0.000ns)
  Data Path Delay:        0.143ns  (logic 0.039ns (27.273%)  route 0.104ns (72.727%))
  Logic Levels:           0  
  Clock Path Skew:        0.091ns (DCD - SCD - CPR)
    Destination Clock Delay (DCD):    1.452ns
    Source Clock Delay      (SCD):    1.059ns
    Clock Pessimism Removal (CPR):    0.302ns
  Clock Net Delay (Source):      0.664ns (routing 0.096ns, distribution 0.568ns)
  Clock Net Delay (Destination): 0.832ns (routing 0.108ns, distribution 0.724ns)

    Location             Delay type                Incr(ns)  Path(ns)    Netlist Resource(s)
  -------------------------------------------------------------------    -------------------
                         (clock ap_clk rise edge)     0.000     0.000 r  
    AP13                                              0.000     0.000 r  ap_clk (IN)
                         net (fo=0)                   0.000     0.000    ap_clk_IBUF_inst/I
    AP13                 INBUF (Prop_INBUF_HPIOB_M_PAD_O)
                                                      0.234     0.234 r  ap_clk_IBUF_inst/INBUF_INST/O
                         net (fo=1, routed)           0.000     0.234    ap_clk_IBUF_inst/OUT
    AP13                 IBUFCTRL (Prop_IBUFCTRL_HPIOB_M_I_O)
                                                      0.000     0.234 r  ap_clk_IBUF_inst/IBUFCTRL_INST/O
                         net (fo=1, routed)           0.144     0.378    ap_clk_IBUF
    BUFGCE_X0Y176        BUFGCE (Prop_BUFCE_BUFGCE_I_O)
                                                      0.017     0.395 r  ap_clk_IBUF_BUFG_inst/O
    X4Y7 (CLOCK_ROOT)    net (fo=678, routed)         0.664     1.059    grp_softmax_stable_ap_fixed_ap_fixed_4_2_5_3_0_softmax_config16_s_fu_383/ap_clk_IBUF_BUFG
    SLICE_X120Y410       FDRE                                         r  grp_softmax_stable_ap_fixed_ap_fixed_4_2_5_3_0_softmax_config16_s_fu_383/y_V_3_reg_577_reg[3]/C
  -------------------------------------------------------------------    -------------------
    SLICE_X120Y410       FDRE (Prop_EFF_SLICEL_C_Q)
                                                      0.039     1.098 r  grp_softmax_stable_ap_fixed_ap_fixed_4_2_5_3_0_softmax_config16_s_fu_383/y_V_3_reg_577_reg[3]/Q
                         net (fo=1, routed)           0.104     1.202    grp_softmax_stable_ap_fixed_ap_fixed_4_2_5_3_0_softmax_config16_s_fu_383/y_V_3_reg_577[3]
    RAMB18_X8Y164        RAMB18E2                                     r  grp_softmax_stable_ap_fixed_ap_fixed_4_2_5_3_0_softmax_config16_s_fu_383/q2_reg/ADDRBWRADDR[7]
  -------------------------------------------------------------------    -------------------

                         (clock ap_clk rise edge)     0.000     0.000 r  
    AP13                                              0.000     0.000 r  ap_clk (IN)
                         net (fo=0)                   0.000     0.000    ap_clk_IBUF_inst/I
    AP13                 INBUF (Prop_INBUF_HPIOB_M_PAD_O)
                                                      0.420     0.420 r  ap_clk_IBUF_inst/INBUF_INST/O
                         net (fo=1, routed)           0.000     0.420    ap_clk_IBUF_inst/OUT
    AP13                 IBUFCTRL (Prop_IBUFCTRL_HPIOB_M_I_O)
                                                      0.000     0.420 r  ap_clk_IBUF_inst/IBUFCTRL_INST/O
                         net (fo=1, routed)           0.181     0.601    ap_clk_IBUF
    BUFGCE_X0Y176        BUFGCE (Prop_BUFCE_BUFGCE_I_O)
                                                      0.019     0.620 r  ap_clk_IBUF_BUFG_inst/O
    X4Y7 (CLOCK_ROOT)    net (fo=678, routed)         0.832     1.452    grp_softmax_stable_ap_fixed_ap_fixed_4_2_5_3_0_softmax_config16_s_fu_383/ap_clk_IBUF_BUFG
    RAMB18_X8Y164        RAMB18E2                                     r  grp_softmax_stable_ap_fixed_ap_fixed_4_2_5_3_0_softmax_config16_s_fu_383/q2_reg/CLKBWRCLK
                         clock pessimism             -0.302     1.150    
    RAMB18_X8Y164        RAMB18E2 (Hold_RAMB18E2_L_RAMB180_CLKBWRCLK_ADDRBWRADDR[7])
                                                      0.006     1.156    grp_softmax_stable_ap_fixed_ap_fixed_4_2_5_3_0_softmax_config16_s_fu_383/q2_reg
  -------------------------------------------------------------------
                         required time                         -1.156    
                         arrival time                           1.202    
  -------------------------------------------------------------------
                         slack                                  0.046    





Pulse Width Checks
--------------------------------------------------------------------------------------
Clock Name:         ap_clk
Waveform(ns):       { 0.000 2.500 }
Period(ns):         5.000
Sources:            { ap_clk }

Check Type        Corner  Lib Pin             Reference Pin  Required(ns)  Actual(ns)  Slack(ns)  Location       Pin
Min Period        n/a     RAMB18E2/CLKARDCLK  n/a            1.212         5.000       3.788      RAMB18_X8Y164  grp_softmax_stable_ap_fixed_ap_fixed_4_2_5_3_0_softmax_config16_s_fu_383/q2_reg/CLKARDCLK
Low Pulse Width   Slow    RAMB18E2/CLKARDCLK  n/a            0.495         2.500       2.005      RAMB18_X8Y164  grp_softmax_stable_ap_fixed_ap_fixed_4_2_5_3_0_softmax_config16_s_fu_383/q2_reg/CLKARDCLK
High Pulse Width  Fast    RAMB18E2/CLKARDCLK  n/a            0.495         2.500       2.005      RAMB18_X8Y164  grp_softmax_stable_ap_fixed_ap_fixed_4_2_5_3_0_softmax_config16_s_fu_383/q2_reg/CLKARDCLK



