Copyright 1986-2019 Xilinx, Inc. All Rights Reserved.
-----------------------------------------------------------------------------------------
| Tool Version      : Vivado v.2019.1 (lin64) Build 2552052 Fri May 24 14:47:09 MDT 2019
| Date              : Sun Dec 28 07:43:40 2025
| Host              : hvm1 running 64-bit Ubuntu 22.04.5 LTS
| Command           : report_timing_summary -file reports/hls_please_28_10_timing.rpt
| Design            : p
| Device            : xcvu13p-fhga2104
| Speed File        : -3  PRODUCTION 1.23 03-18-2019
| Temperature Grade : E
-----------------------------------------------------------------------------------------

Timing Summary Report

------------------------------------------------------------------------------------------------
| Timer Settings
| --------------
------------------------------------------------------------------------------------------------

  Enable Multi Corner Analysis               :  Yes
  Enable Pessimism Removal                   :  Yes
  Pessimism Removal Resolution               :  Nearest Common Node
  Enable Input Delay Default Clock           :  No
  Enable Preset / Clear Arcs                 :  No
  Disable Flight Delays                      :  No
  Ignore I/O Paths                           :  No
  Timing Early Launch at Borrowing Latches   :  No
  Borrow Time for Max Delay Exceptions       :  Yes

  Corner  Analyze    Analyze    
  Name    Max Paths  Min Paths  
  ------  ---------  ---------  
  Slow    Yes        Yes        
  Fast    Yes        Yes        



check_timing report

Table of Contents
-----------------
1. checking no_clock
2. checking constant_clock
3. checking pulse_width_clock
4. checking unconstrained_internal_endpoints
5. checking no_input_delay
6. checking no_output_delay
7. checking multiple_clock
8. checking generated_clocks
9. checking loops
10. checking partial_input_delay
11. checking partial_output_delay
12. checking latch_loops

1. checking no_clock
--------------------
 There are 0 register/latch pins with no clock.


2. checking constant_clock
--------------------------
 There are 0 register/latch pins with constant_clock.


3. checking pulse_width_clock
-----------------------------
 There are 0 register/latch pins which need pulse_width check


4. checking unconstrained_internal_endpoints
--------------------------------------------
 There are 0 pins that are not constrained for maximum delay.

 There are 0 pins that are not constrained for maximum delay due to constant clock.


5. checking no_input_delay
--------------------------
 There are 451 input ports with no input delay specified. (HIGH)

 There are 0 input ports with no input delay but user has a false path constraint.


6. checking no_output_delay
---------------------------
 There are 148 ports with no output delay specified. (HIGH)

 There are 0 ports with no output delay but user has a false path constraint

 There are 0 ports with no output delay but with a timing clock defined on it or propagating through it


7. checking multiple_clock
--------------------------
 There are 0 register/latch pins with multiple clocks.


8. checking generated_clocks
----------------------------
 There are 0 generated clocks that are not connected to a clock source.


9. checking loops
-----------------
 There are 0 combinational loops in the design.


10. checking partial_input_delay
--------------------------------
 There are 0 input ports with partial input delay specified.


11. checking partial_output_delay
---------------------------------
 There are 0 ports with partial output delay specified.


12. checking latch_loops
------------------------
 There are 0 combinational latch loops in the design through latch input



------------------------------------------------------------------------------------------------
| Design Timing Summary
| ---------------------
------------------------------------------------------------------------------------------------

    WNS(ns)      TNS(ns)  TNS Failing Endpoints  TNS Total Endpoints      WHS(ns)      THS(ns)  THS Failing Endpoints  THS Total Endpoints     WPWS(ns)     TPWS(ns)  TPWS Failing Endpoints  TPWS Total Endpoints  
    -------      -------  ---------------------  -------------------      -------      -------  ---------------------  -------------------     --------     --------  ----------------------  --------------------  
     -2.280   -51671.352                  52022                73665        0.007        0.000                      0                73665        2.005        0.000                       0                 51053  


Timing constraints are not met.


------------------------------------------------------------------------------------------------
| Clock Summary
| -------------
------------------------------------------------------------------------------------------------

Clock   Waveform(ns)         Period(ns)      Frequency(MHz)
-----   ------------         ----------      --------------
ap_clk  {0.000 2.500}        5.000           200.000         


------------------------------------------------------------------------------------------------
| Intra Clock Table
| -----------------
------------------------------------------------------------------------------------------------

Clock             WNS(ns)      TNS(ns)  TNS Failing Endpoints  TNS Total Endpoints      WHS(ns)      THS(ns)  THS Failing Endpoints  THS Total Endpoints     WPWS(ns)     TPWS(ns)  TPWS Failing Endpoints  TPWS Total Endpoints  
-----             -------      -------  ---------------------  -------------------      -------      -------  ---------------------  -------------------     --------     --------  ----------------------  --------------------  
ap_clk             -2.280   -51671.352                  52022                73665        0.007        0.000                      0                73665        2.005        0.000                       0                 51053  


------------------------------------------------------------------------------------------------
| Inter Clock Table
| -----------------
------------------------------------------------------------------------------------------------

From Clock    To Clock          WNS(ns)      TNS(ns)  TNS Failing Endpoints  TNS Total Endpoints      WHS(ns)      THS(ns)  THS Failing Endpoints  THS Total Endpoints  
----------    --------          -------      -------  ---------------------  -------------------      -------      -------  ---------------------  -------------------  


------------------------------------------------------------------------------------------------
| Other Path Groups Table
| -----------------------
------------------------------------------------------------------------------------------------

Path Group    From Clock    To Clock          WNS(ns)      TNS(ns)  TNS Failing Endpoints  TNS Total Endpoints      WHS(ns)      THS(ns)  THS Failing Endpoints  THS Total Endpoints  
----------    ----------    --------          -------      -------  ---------------------  -------------------      -------      -------  ---------------------  -------------------  


------------------------------------------------------------------------------------------------
| Timing Details
| --------------
------------------------------------------------------------------------------------------------


---------------------------------------------------------------------------------------------------
From Clock:  ap_clk
  To Clock:  ap_clk

Setup :        52022  Failing Endpoints,  Worst Slack       -2.280ns,  Total Violation   -51671.352ns
Hold  :            0  Failing Endpoints,  Worst Slack        0.007ns,  Total Violation        0.000ns
PW    :            0  Failing Endpoints,  Worst Slack        2.005ns,  Total Violation        0.000ns
---------------------------------------------------------------------------------------------------


Max Delay Paths
--------------------------------------------------------------------------------------
Slack (VIOLATED) :        -2.280ns  (required time - arrival time)
  Source:                 fc1_input_V_preg_reg[169]/C
                            (rising edge-triggered cell FDRE clocked by ap_clk  {rise@0.000ns fall@2.500ns period=5.000ns})
  Destination:            grp_dense_latency_0_0_0_0_0_0_0_0_0_0_0_0_0_0_0_0_0_0_0_0_0_0_0_0_0_0_0_0_0_0_0_0_0_s_fu_207/add_ln703_1395_reg_3929079_reg[27]/D
                            (rising edge-triggered cell FDRE clocked by ap_clk  {rise@0.000ns fall@2.500ns period=5.000ns})
  Path Group:             ap_clk
  Path Type:              Setup (Max at Slow Process Corner)
  Requirement:            5.000ns  (ap_clk rise@5.000ns - ap_clk rise@0.000ns)
  Data Path Delay:        7.184ns  (logic 1.466ns (20.406%)  route 5.718ns (79.594%))
  Logic Levels:           16  (CARRY8=10 LUT2=2 LUT3=4)
  Clock Path Skew:        -0.084ns (DCD - SCD + CPR)
    Destination Clock Delay (DCD):    3.036ns = ( 8.036 - 5.000 ) 
    Source Clock Delay      (SCD):    3.493ns
    Clock Pessimism Removal (CPR):    0.374ns
  Clock Uncertainty:      0.035ns  ((TSJ^2 + TIJ^2)^1/2 + DJ) / 2 + PE
    Total System Jitter     (TSJ):    0.071ns
    Total Input Jitter      (TIJ):    0.000ns
    Discrete Jitter          (DJ):    0.000ns
    Phase Error              (PE):    0.000ns
  Clock Net Delay (Source):      2.631ns (routing 0.818ns, distribution 1.813ns)
  Clock Net Delay (Destination): 2.416ns (routing 0.742ns, distribution 1.674ns)

    Location             Delay type                Incr(ns)  Path(ns)    Netlist Resource(s)
  -------------------------------------------------------------------    -------------------
                         (clock ap_clk rise edge)     0.000     0.000 r  
    AR14                                              0.000     0.000 r  ap_clk (IN)
                         net (fo=0)                   0.000     0.000    ap_clk_IBUF_inst/I
    AR14                 INBUF (Prop_INBUF_HPIOB_M_PAD_O)
                                                      0.520     0.520 r  ap_clk_IBUF_inst/INBUF_INST/O
                         net (fo=1, routed)           0.000     0.520    ap_clk_IBUF_inst/OUT
    AR14                 IBUFCTRL (Prop_IBUFCTRL_HPIOB_M_I_O)
                                                      0.000     0.520 r  ap_clk_IBUF_inst/IBUFCTRL_INST/O
                         net (fo=1, routed)           0.314     0.834    ap_clk_IBUF
    BUFGCE_X0Y188        BUFGCE (Prop_BUFCE_BUFGCE_I_O)
                                                      0.028     0.862 r  ap_clk_IBUF_BUFG_inst/O
    X3Y9 (CLOCK_ROOT)    net (fo=52798, routed)       2.631     3.493    ap_clk_IBUF_BUFG
    SLR Crossing[1->3]   
    SLICE_X127Y899       FDRE                                         r  fc1_input_V_preg_reg[169]/C
  -------------------------------------------------------------------    -------------------
    SLICE_X127Y899       FDRE (Prop_EFF_SLICEL_C_Q)
                                                      0.070     3.563 f  fc1_input_V_preg_reg[169]/Q
                         net (fo=139, routed)         0.165     3.728    grp_dense_latency_0_0_0_0_0_0_0_0_0_0_0_0_0_0_0_0_0_0_0_0_0_0_0_0_0_0_0_0_0_0_0_0_0_s_fu_207/Q[163]
    SLICE_X127Y899       LUT3 (Prop_A6LUT_SLICEL_I1_O)
                                                      0.047     3.775 r  grp_dense_latency_0_0_0_0_0_0_0_0_0_0_0_0_0_0_0_0_0_0_0_0_0_0_0_0_0_0_0_0_0_0_0_0_0_s_fu_207/add_ln703_1411_reg_3929094[7]_i_82/O
                         net (fo=133, routed)         3.014     6.789    add_ln703_1187_reg_3928754[7]_i_198_n_0
    SLICE_X69Y778        LUT2 (Prop_E6LUT_SLICEL_I0_O)
                                                      0.114     6.903 r  add_ln703_1395_reg_3929079[15]_i_268/O
                         net (fo=1, routed)           0.010     6.913    add_ln703_1395_reg_3929079[15]_i_268_n_0
    SLICE_X69Y778        CARRY8 (Prop_CARRY8_SLICEL_S[4]_CO[7])
                                                      0.133     7.046 r  add_ln703_1395_reg_3929079_reg[15]_i_226/CO[7]
                         net (fo=1, routed)           0.023     7.069    add_ln703_1395_reg_3929079_reg[15]_i_226_n_0
    SLICE_X69Y779        CARRY8 (Prop_CARRY8_SLICEL_CI_O[1])
                                                      0.067     7.136 r  add_ln703_1395_reg_3929079_reg[23]_i_303/O[1]
                         net (fo=3, routed)           0.257     7.393    add_ln703_1395_reg_3929079_reg[23]_i_303_n_14
    SLICE_X69Y777        LUT3 (Prop_H6LUT_SLICEL_I2_O)
                                                      0.090     7.483 r  add_ln703_1395_reg_3929079[15]_i_230/O
                         net (fo=1, routed)           0.340     7.823    add_ln703_1395_reg_3929079[15]_i_230_n_0
    SLICE_X72Y778        CARRY8 (Prop_CARRY8_SLICEM_DI[5]_CO[7])
                                                      0.067     7.890 r  add_ln703_1395_reg_3929079_reg[15]_i_183/CO[7]
                         net (fo=1, routed)           0.023     7.913    add_ln703_1395_reg_3929079_reg[15]_i_183_n_0
    SLICE_X72Y779        CARRY8 (Prop_CARRY8_SLICEM_CI_O[4])
                                                      0.076     7.989 r  add_ln703_1395_reg_3929079_reg[23]_i_186/O[4]
                         net (fo=3, routed)           0.357     8.346    add_ln703_1395_reg_3929079_reg[23]_i_186_n_11
    SLICE_X70Y779        LUT3 (Prop_G6LUT_SLICEL_I0_O)
                                                      0.114     8.460 r  add_ln703_1395_reg_3929079[23]_i_85/O
                         net (fo=1, routed)           0.444     8.904    add_ln703_1395_reg_3929079[23]_i_85_n_0
    SLICE_X71Y779        CARRY8 (Prop_CARRY8_SLICEM_DI[2]_O[5])
                                                      0.162     9.066 r  add_ln703_1395_reg_3929079_reg[23]_i_54/O[5]
                         net (fo=2, routed)           0.283     9.349    grp_dense_latency_0_0_0_0_0_0_0_0_0_0_0_0_0_0_0_0_0_0_0_0_0_0_0_0_0_0_0_0_0_0_0_0_0_s_fu_207/sext_ln203_768_fu_3911676_p1[6]
    SLICE_X70Y780        LUT2 (Prop_G6LUT_SLICEL_I0_O)
                                                      0.114     9.463 r  grp_dense_latency_0_0_0_0_0_0_0_0_0_0_0_0_0_0_0_0_0_0_0_0_0_0_0_0_0_0_0_0_0_0_0_0_0_s_fu_207/add_ln703_1395_reg_3929079[15]_i_55/O
                         net (fo=1, routed)           0.012     9.475    grp_dense_latency_0_0_0_0_0_0_0_0_0_0_0_0_0_0_0_0_0_0_0_0_0_0_0_0_0_0_0_0_0_0_0_0_0_s_fu_207/add_ln703_1395_reg_3929079[15]_i_55_n_0
    SLICE_X70Y780        CARRY8 (Prop_CARRY8_SLICEL_S[6]_CO[7])
                                                      0.099     9.574 r  grp_dense_latency_0_0_0_0_0_0_0_0_0_0_0_0_0_0_0_0_0_0_0_0_0_0_0_0_0_0_0_0_0_0_0_0_0_s_fu_207/add_ln703_1395_reg_3929079_reg[15]_i_20/CO[7]
                         net (fo=1, routed)           0.023     9.597    grp_dense_latency_0_0_0_0_0_0_0_0_0_0_0_0_0_0_0_0_0_0_0_0_0_0_0_0_0_0_0_0_0_0_0_0_0_s_fu_207/add_ln703_1395_reg_3929079_reg[15]_i_20_n_0
    SLICE_X70Y781        CARRY8 (Prop_CARRY8_SLICEL_CI_O[2])
                                                      0.061     9.658 r  grp_dense_latency_0_0_0_0_0_0_0_0_0_0_0_0_0_0_0_0_0_0_0_0_0_0_0_0_0_0_0_0_0_0_0_0_0_s_fu_207/add_ln703_1395_reg_3929079_reg[23]_i_20/O[2]
                         net (fo=3, routed)           0.419    10.077    grp_dense_latency_0_0_0_0_0_0_0_0_0_0_0_0_0_0_0_0_0_0_0_0_0_0_0_0_0_0_0_0_0_0_0_0_0_s_fu_207/sext_ln703_395_fu_3922449_p1[10]
    SLICE_X76Y788        LUT3 (Prop_F6LUT_SLICEM_I1_O)
                                                      0.081    10.158 r  grp_dense_latency_0_0_0_0_0_0_0_0_0_0_0_0_0_0_0_0_0_0_0_0_0_0_0_0_0_0_0_0_0_0_0_0_0_s_fu_207/add_ln703_1395_reg_3929079[15]_i_6/O
                         net (fo=1, routed)           0.277    10.435    grp_dense_latency_0_0_0_0_0_0_0_0_0_0_0_0_0_0_0_0_0_0_0_0_0_0_0_0_0_0_0_0_0_0_0_0_0_s_fu_207/add_ln703_1395_reg_3929079[15]_i_6_n_0
    SLICE_X75Y788        CARRY8 (Prop_CARRY8_SLICEL_DI[3]_CO[7])
                                                      0.087    10.522 r  grp_dense_latency_0_0_0_0_0_0_0_0_0_0_0_0_0_0_0_0_0_0_0_0_0_0_0_0_0_0_0_0_0_0_0_0_0_s_fu_207/add_ln703_1395_reg_3929079_reg[15]_i_1/CO[7]
                         net (fo=1, routed)           0.023    10.545    grp_dense_latency_0_0_0_0_0_0_0_0_0_0_0_0_0_0_0_0_0_0_0_0_0_0_0_0_0_0_0_0_0_0_0_0_0_s_fu_207/add_ln703_1395_reg_3929079_reg[15]_i_1_n_0
    SLICE_X75Y789        CARRY8 (Prop_CARRY8_SLICEL_CI_CO[7])
                                                      0.012    10.557 r  grp_dense_latency_0_0_0_0_0_0_0_0_0_0_0_0_0_0_0_0_0_0_0_0_0_0_0_0_0_0_0_0_0_0_0_0_0_s_fu_207/add_ln703_1395_reg_3929079_reg[23]_i_1/CO[7]
                         net (fo=1, routed)           0.023    10.580    grp_dense_latency_0_0_0_0_0_0_0_0_0_0_0_0_0_0_0_0_0_0_0_0_0_0_0_0_0_0_0_0_0_0_0_0_0_s_fu_207/add_ln703_1395_reg_3929079_reg[23]_i_1_n_0
    SLICE_X75Y790        CARRY8 (Prop_CARRY8_SLICEL_CI_O[3])
                                                      0.072    10.652 r  grp_dense_latency_0_0_0_0_0_0_0_0_0_0_0_0_0_0_0_0_0_0_0_0_0_0_0_0_0_0_0_0_0_0_0_0_0_s_fu_207/add_ln703_1395_reg_3929079_reg[27]_i_1/O[3]
                         net (fo=1, routed)           0.025    10.677    grp_dense_latency_0_0_0_0_0_0_0_0_0_0_0_0_0_0_0_0_0_0_0_0_0_0_0_0_0_0_0_0_0_0_0_0_0_s_fu_207/add_ln703_1395_fu_3922459_p2[27]
    SLICE_X75Y790        FDRE                                         r  grp_dense_latency_0_0_0_0_0_0_0_0_0_0_0_0_0_0_0_0_0_0_0_0_0_0_0_0_0_0_0_0_0_0_0_0_0_s_fu_207/add_ln703_1395_reg_3929079_reg[27]/D
  -------------------------------------------------------------------    -------------------

                         (clock ap_clk rise edge)     5.000     5.000 r  
    AR14                                              0.000     5.000 r  ap_clk (IN)
                         net (fo=0)                   0.000     5.000    ap_clk_IBUF_inst/I
    AR14                 INBUF (Prop_INBUF_HPIOB_M_PAD_O)
                                                      0.317     5.317 r  ap_clk_IBUF_inst/INBUF_INST/O
                         net (fo=1, routed)           0.000     5.317    ap_clk_IBUF_inst/OUT
    AR14                 IBUFCTRL (Prop_IBUFCTRL_HPIOB_M_I_O)
                                                      0.000     5.317 r  ap_clk_IBUF_inst/IBUFCTRL_INST/O
                         net (fo=1, routed)           0.279     5.596    ap_clk_IBUF
    BUFGCE_X0Y188        BUFGCE (Prop_BUFCE_BUFGCE_I_O)
                                                      0.024     5.620 r  ap_clk_IBUF_BUFG_inst/O
    X3Y9 (CLOCK_ROOT)    net (fo=52798, routed)       2.416     8.036    grp_dense_latency_0_0_0_0_0_0_0_0_0_0_0_0_0_0_0_0_0_0_0_0_0_0_0_0_0_0_0_0_0_0_0_0_0_s_fu_207/ap_clk_IBUF_BUFG
    SLR Crossing[1->3]   
    SLICE_X75Y790        FDRE                                         r  grp_dense_latency_0_0_0_0_0_0_0_0_0_0_0_0_0_0_0_0_0_0_0_0_0_0_0_0_0_0_0_0_0_0_0_0_0_s_fu_207/add_ln703_1395_reg_3929079_reg[27]/C
                         clock pessimism              0.374     8.409    
                         clock uncertainty           -0.035     8.374    
    SLICE_X75Y790        FDRE (Setup_DFF_SLICEL_C_D)
                                                      0.023     8.397    grp_dense_latency_0_0_0_0_0_0_0_0_0_0_0_0_0_0_0_0_0_0_0_0_0_0_0_0_0_0_0_0_0_0_0_0_0_s_fu_207/add_ln703_1395_reg_3929079_reg[27]
  -------------------------------------------------------------------
                         required time                          8.397    
                         arrival time                         -10.677    
  -------------------------------------------------------------------
                         slack                                 -2.280    





Min Delay Paths
--------------------------------------------------------------------------------------
Slack (MET) :             0.007ns  (arrival time - required time)
  Source:                 grp_dense_latency_0_0_0_0_0_0_0_0_0_0_0_0_0_0_0_0_0_0_0_0_0_0_0_0_0_0_0_0_0_0_0_0_0_fu_103/ap_return_13_int_reg_reg[5]/C
                            (rising edge-triggered cell FDRE clocked by ap_clk  {rise@0.000ns fall@2.500ns period=5.000ns})
  Destination:            call_ret4_normalize_0_0_0_0_0_0_0_0_0_0_0_0_0_0_0_0_0_0_0_0_0_0_0_0_0_0_0_0_0_0_0_0_0_0_0_s_fu_385/mul_ln1192_13_fu_430_p2/DSP_A_B_DATA_INST/B[5]
                            (rising edge-triggered cell DSP_A_B_DATA clocked by ap_clk  {rise@0.000ns fall@2.500ns period=5.000ns})
  Path Group:             ap_clk
  Path Type:              Hold (Min at Slow Process Corner)
  Requirement:            0.000ns  (ap_clk rise@0.000ns - ap_clk rise@0.000ns)
  Data Path Delay:        0.785ns  (logic 0.108ns (13.758%)  route 0.677ns (86.242%))
  Logic Levels:           1  (LUT3=1)
  Clock Path Skew:        0.552ns (DCD - SCD - CPR)
    Destination Clock Delay (DCD):    3.801ns
    Source Clock Delay      (SCD):    2.912ns
    Clock Pessimism Removal (CPR):    0.338ns
  Inter-SLR Compensation: 0.320ns  ((SCD + DPD - CCD) * PF)
    Source Clock Delay      (SCD):    2.912ns
    Data Path Delay         (DPD):    0.785ns
    Common Clock Delay      (CCD):    1.563ns
    Prorating Factor         (PF):    0.150
  Clock Net Delay (Source):      2.292ns (routing 0.742ns, distribution 1.550ns)
  Clock Net Delay (Destination): 2.939ns (routing 0.818ns, distribution 2.121ns)

    Location             Delay type                Incr(ns)  Path(ns)    Netlist Resource(s)
  -------------------------------------------------------------------    -------------------
                         (clock ap_clk rise edge)     0.000     0.000 r  
    AR14                                              0.000     0.000 r  ap_clk (IN)
                         net (fo=0)                   0.000     0.000    ap_clk_IBUF_inst/I
    AR14                 INBUF (Prop_INBUF_HPIOB_M_PAD_O)
                                                      0.317     0.317 r  ap_clk_IBUF_inst/INBUF_INST/O
                         net (fo=1, routed)           0.000     0.317    ap_clk_IBUF_inst/OUT
    AR14                 IBUFCTRL (Prop_IBUFCTRL_HPIOB_M_I_O)
                                                      0.000     0.317 r  ap_clk_IBUF_inst/IBUFCTRL_INST/O
                         net (fo=1, routed)           0.279     0.596    ap_clk_IBUF
    BUFGCE_X0Y188        BUFGCE (Prop_BUFCE_BUFGCE_I_O)
                                                      0.024     0.620 r  ap_clk_IBUF_BUFG_inst/O
    X3Y9 (CLOCK_ROOT)    net (fo=52798, routed)       2.292     2.912    grp_dense_latency_0_0_0_0_0_0_0_0_0_0_0_0_0_0_0_0_0_0_0_0_0_0_0_0_0_0_0_0_0_0_0_0_0_fu_103/ap_clk_IBUF_BUFG
    SLR Crossing[1->2]   
    SLICE_X126Y530       FDRE                                         r  grp_dense_latency_0_0_0_0_0_0_0_0_0_0_0_0_0_0_0_0_0_0_0_0_0_0_0_0_0_0_0_0_0_0_0_0_0_fu_103/ap_return_13_int_reg_reg[5]/C
  -------------------------------------------------------------------    -------------------
    SLICE_X126Y530       FDRE (Prop_EFF_SLICEM_C_Q)
                                                      0.052     2.964 r  grp_dense_latency_0_0_0_0_0_0_0_0_0_0_0_0_0_0_0_0_0_0_0_0_0_0_0_0_0_0_0_0_0_0_0_0_0_fu_103/ap_return_13_int_reg_reg[5]/Q
                         net (fo=1, routed)           0.064     3.028    grp_dense_latency_0_0_0_0_0_0_0_0_0_0_0_0_0_0_0_0_0_0_0_0_0_0_0_0_0_0_0_0_0_0_0_0_0_fu_103/ap_return_13_int_reg[5]
    SLICE_X126Y530       LUT3 (Prop_D6LUT_SLICEM_I1_O)
                                                      0.056     3.084 r  grp_dense_latency_0_0_0_0_0_0_0_0_0_0_0_0_0_0_0_0_0_0_0_0_0_0_0_0_0_0_0_0_0_0_0_0_0_fu_103/mul_ln1192_13_fu_430_p2_i_12/O
                         net (fo=1, routed)           0.613     3.697    call_ret4_normalize_0_0_0_0_0_0_0_0_0_0_0_0_0_0_0_0_0_0_0_0_0_0_0_0_0_0_0_0_0_0_0_0_0_0_0_s_fu_385/mul_ln1192_13_fu_430_p2/B[5]
    SLR Crossing[2->1]   
    DSP48E2_X18Y188      DSP_A_B_DATA                                 r  call_ret4_normalize_0_0_0_0_0_0_0_0_0_0_0_0_0_0_0_0_0_0_0_0_0_0_0_0_0_0_0_0_0_0_0_0_0_0_0_s_fu_385/mul_ln1192_13_fu_430_p2/DSP_A_B_DATA_INST/B[5]
  -------------------------------------------------------------------    -------------------

                         (clock ap_clk rise edge)     0.000     0.000 r  
    AR14                                              0.000     0.000 r  ap_clk (IN)
                         net (fo=0)                   0.000     0.000    ap_clk_IBUF_inst/I
    AR14                 INBUF (Prop_INBUF_HPIOB_M_PAD_O)
                                                      0.520     0.520 r  ap_clk_IBUF_inst/INBUF_INST/O
                         net (fo=1, routed)           0.000     0.520    ap_clk_IBUF_inst/OUT
    AR14                 IBUFCTRL (Prop_IBUFCTRL_HPIOB_M_I_O)
                                                      0.000     0.520 r  ap_clk_IBUF_inst/IBUFCTRL_INST/O
                         net (fo=1, routed)           0.314     0.834    ap_clk_IBUF
    BUFGCE_X0Y188        BUFGCE (Prop_BUFCE_BUFGCE_I_O)
                                                      0.028     0.862 r  ap_clk_IBUF_BUFG_inst/O
    X3Y9 (CLOCK_ROOT)    net (fo=52798, routed)       2.939     3.801    call_ret4_normalize_0_0_0_0_0_0_0_0_0_0_0_0_0_0_0_0_0_0_0_0_0_0_0_0_0_0_0_0_0_0_0_0_0_0_0_s_fu_385/mul_ln1192_13_fu_430_p2/CLK
    DSP48E2_X18Y188      DSP_A_B_DATA                                 r  call_ret4_normalize_0_0_0_0_0_0_0_0_0_0_0_0_0_0_0_0_0_0_0_0_0_0_0_0_0_0_0_0_0_0_0_0_0_0_0_s_fu_385/mul_ln1192_13_fu_430_p2/DSP_A_B_DATA_INST/CLK
                         clock pessimism             -0.338     3.464    
                         inter-SLR compensation       0.320     3.784    
    DSP48E2_X18Y188      DSP_A_B_DATA (Hold_DSP_A_B_DATA_DSP48E2_CLK_B[5])
                                                     -0.094     3.690    call_ret4_normalize_0_0_0_0_0_0_0_0_0_0_0_0_0_0_0_0_0_0_0_0_0_0_0_0_0_0_0_0_0_0_0_0_0_0_0_s_fu_385/mul_ln1192_13_fu_430_p2/DSP_A_B_DATA_INST
  -------------------------------------------------------------------
                         required time                         -3.690    
                         arrival time                           3.697    
  -------------------------------------------------------------------
                         slack                                  0.007    





Pulse Width Checks
--------------------------------------------------------------------------------------
Clock Name:         ap_clk
Waveform(ns):       { 0.000 2.500 }
Period(ns):         5.000
Sources:            { ap_clk }

Check Type        Corner  Lib Pin             Reference Pin  Required(ns)  Actual(ns)  Slack(ns)  Location       Pin
Min Period        n/a     RAMB18E2/CLKARDCLK  n/a            1.212         5.000       3.788      RAMB18_X6Y106  grp_softmax_stable_ap_fixed_ap_fixed_28_10_5_3_0_softmax_config16_s_fu_529/invert_table2_U/softmax_stable_ap_fixed_ap_fixed_28_10_5_3_0_softmax_config16_s_invert_table2_rom_U/q0_reg/CLKARDCLK
Low Pulse Width   Slow    RAMB18E2/CLKBWRCLK  n/a            0.495         2.500       2.005      RAMB18_X7Y128  grp_softmax_stable_ap_fixed_ap_fixed_28_10_5_3_0_softmax_config16_s_fu_529/q0_reg/CLKBWRCLK
High Pulse Width  Slow    RAMB18E2/CLKARDCLK  n/a            0.495         2.500       2.005      RAMB18_X6Y106  grp_softmax_stable_ap_fixed_ap_fixed_28_10_5_3_0_softmax_config16_s_fu_529/invert_table2_U/softmax_stable_ap_fixed_ap_fixed_28_10_5_3_0_softmax_config16_s_invert_table2_rom_U/q0_reg/CLKARDCLK



