Copyright 1986-2019 Xilinx, Inc. All Rights Reserved.
-----------------------------------------------------------------------------------------
| Tool Version      : Vivado v.2019.1 (lin64) Build 2552052 Fri May 24 14:47:09 MDT 2019
| Date              : Mon Dec 29 03:32:54 2025
| Host              : hvm1 running 64-bit Ubuntu 22.04.5 LTS
| Command           : report_timing_summary -file reports/hls_reuse5_22_8_timing.rpt
| Design            : p
| Device            : xcvu13p-fhga2104
| Speed File        : -3  PRODUCTION 1.23 03-18-2019
| Temperature Grade : E
-----------------------------------------------------------------------------------------

Timing Summary Report

------------------------------------------------------------------------------------------------
| Timer Settings
| --------------
------------------------------------------------------------------------------------------------

  Enable Multi Corner Analysis               :  Yes
  Enable Pessimism Removal                   :  Yes
  Pessimism Removal Resolution               :  Nearest Common Node
  Enable Input Delay Default Clock           :  No
  Enable Preset / Clear Arcs                 :  No
  Disable Flight Delays                      :  No
  Ignore I/O Paths                           :  No
  Timing Early Launch at Borrowing Latches   :  No
  Borrow Time for Max Delay Exceptions       :  Yes

  Corner  Analyze    Analyze    
  Name    Max Paths  Min Paths  
  ------  ---------  ---------  
  Slow    Yes        Yes        
  Fast    Yes        Yes        



check_timing report

Table of Contents
-----------------
1. checking no_clock
2. checking constant_clock
3. checking pulse_width_clock
4. checking unconstrained_internal_endpoints
5. checking no_input_delay
6. checking no_output_delay
7. checking multiple_clock
8. checking generated_clocks
9. checking loops
10. checking partial_input_delay
11. checking partial_output_delay
12. checking latch_loops

1. checking no_clock
--------------------
 There are 0 register/latch pins with no clock.


2. checking constant_clock
--------------------------
 There are 0 register/latch pins with constant_clock.


3. checking pulse_width_clock
-----------------------------
 There are 0 register/latch pins which need pulse_width check


4. checking unconstrained_internal_endpoints
--------------------------------------------
 There are 0 pins that are not constrained for maximum delay.

 There are 0 pins that are not constrained for maximum delay due to constant clock.


5. checking no_input_delay
--------------------------
 There are 355 input ports with no input delay specified. (HIGH)

 There are 0 input ports with no input delay but user has a false path constraint.


6. checking no_output_delay
---------------------------
 There are 118 ports with no output delay specified. (HIGH)

 There are 0 ports with no output delay but user has a false path constraint

 There are 0 ports with no output delay but with a timing clock defined on it or propagating through it


7. checking multiple_clock
--------------------------
 There are 0 register/latch pins with multiple clocks.


8. checking generated_clocks
----------------------------
 There are 0 generated clocks that are not connected to a clock source.


9. checking loops
-----------------
 There are 0 combinational loops in the design.


10. checking partial_input_delay
--------------------------------
 There are 0 input ports with partial input delay specified.


11. checking partial_output_delay
---------------------------------
 There are 0 ports with partial output delay specified.


12. checking latch_loops
------------------------
 There are 0 combinational latch loops in the design through latch input



------------------------------------------------------------------------------------------------
| Design Timing Summary
| ---------------------
------------------------------------------------------------------------------------------------

    WNS(ns)      TNS(ns)  TNS Failing Endpoints  TNS Total Endpoints      WHS(ns)      THS(ns)  THS Failing Endpoints  THS Total Endpoints     WPWS(ns)     TPWS(ns)  TPWS Failing Endpoints  TPWS Total Endpoints  
    -------      -------  ---------------------  -------------------      -------      -------  ---------------------  -------------------     --------     --------  ----------------------  --------------------  
     -1.278   -13907.051                  31445               100736        0.042        0.000                      0               100736        2.005        0.000                       0                 17760  


Timing constraints are not met.


------------------------------------------------------------------------------------------------
| Clock Summary
| -------------
------------------------------------------------------------------------------------------------

Clock   Waveform(ns)         Period(ns)      Frequency(MHz)
-----   ------------         ----------      --------------
ap_clk  {0.000 2.500}        5.000           200.000         


------------------------------------------------------------------------------------------------
| Intra Clock Table
| -----------------
------------------------------------------------------------------------------------------------

Clock             WNS(ns)      TNS(ns)  TNS Failing Endpoints  TNS Total Endpoints      WHS(ns)      THS(ns)  THS Failing Endpoints  THS Total Endpoints     WPWS(ns)     TPWS(ns)  TPWS Failing Endpoints  TPWS Total Endpoints  
-----             -------      -------  ---------------------  -------------------      -------      -------  ---------------------  -------------------     --------     --------  ----------------------  --------------------  
ap_clk             -1.278   -13907.051                  31445               100736        0.042        0.000                      0               100736        2.005        0.000                       0                 17760  


------------------------------------------------------------------------------------------------
| Inter Clock Table
| -----------------
------------------------------------------------------------------------------------------------

From Clock    To Clock          WNS(ns)      TNS(ns)  TNS Failing Endpoints  TNS Total Endpoints      WHS(ns)      THS(ns)  THS Failing Endpoints  THS Total Endpoints  
----------    --------          -------      -------  ---------------------  -------------------      -------      -------  ---------------------  -------------------  


------------------------------------------------------------------------------------------------
| Other Path Groups Table
| -----------------------
------------------------------------------------------------------------------------------------

Path Group    From Clock    To Clock          WNS(ns)      TNS(ns)  TNS Failing Endpoints  TNS Total Endpoints      WHS(ns)      THS(ns)  THS Failing Endpoints  THS Total Endpoints  
----------    ----------    --------          -------      -------  ---------------------  -------------------      -------      -------  ---------------------  -------------------  


------------------------------------------------------------------------------------------------
| Timing Details
| --------------
------------------------------------------------------------------------------------------------


---------------------------------------------------------------------------------------------------
From Clock:  ap_clk
  To Clock:  ap_clk

Setup :        31445  Failing Endpoints,  Worst Slack       -1.278ns,  Total Violation   -13907.051ns
Hold  :            0  Failing Endpoints,  Worst Slack        0.042ns,  Total Violation        0.000ns
PW    :            0  Failing Endpoints,  Worst Slack        2.005ns,  Total Violation        0.000ns
---------------------------------------------------------------------------------------------------


Max Delay Paths
--------------------------------------------------------------------------------------
Slack (VIOLATED) :        -1.278ns  (required time - arrival time)
  Source:                 grp_dense_latency_0_0_0_0_0_0_0_0_0_0_0_0_0_0_0_0_0_0_0_0_0_0_0_0_0_0_0_0_0_0_0_0_0_s_fu_207/mul_ln1118_1547_fu_2978_p2/DSP_A_B_DATA_INST/CLK
                            (rising edge-triggered cell DSP_A_B_DATA clocked by ap_clk  {rise@0.000ns fall@2.500ns period=5.000ns})
  Destination:            call_ret1_normalize_0_0_0_0_0_0_0_0_0_0_0_0_0_0_0_0_0_0_0_0_0_0_0_0_0_0_0_0_0_0_0_0_0_0_0_1_fu_249/add_ln1192_72_fu_18553_p2/DSP_A_B_DATA_INST/A[28]
                            (rising edge-triggered cell DSP_A_B_DATA clocked by ap_clk  {rise@0.000ns fall@2.500ns period=5.000ns})
  Path Group:             ap_clk
  Path Type:              Setup (Max at Slow Process Corner)
  Requirement:            5.000ns  (ap_clk rise@5.000ns - ap_clk rise@0.000ns)
  Data Path Delay:        5.802ns  (logic 2.429ns (41.865%)  route 3.373ns (58.135%))
  Logic Levels:           19  (CARRY8=6 DSP_ALU=1 DSP_M_DATA=1 DSP_MULTIPLIER=1 DSP_OUTPUT=1 DSP_PREADD_DATA=1 LUT2=1 LUT3=4 LUT4=1 LUT5=1 LUT6=1)
  Clock Path Skew:        -0.165ns (DCD - SCD + CPR)
    Destination Clock Delay (DCD):    4.184ns = ( 9.184 - 5.000 ) 
    Source Clock Delay      (SCD):    4.877ns
    Clock Pessimism Removal (CPR):    0.528ns
  Clock Uncertainty:      0.035ns  ((TSJ^2 + TIJ^2)^1/2 + DJ) / 2 + PE
    Total System Jitter     (TSJ):    0.071ns
    Total Input Jitter      (TIJ):    0.000ns
    Discrete Jitter          (DJ):    0.000ns
    Phase Error              (PE):    0.000ns
  Clock Net Delay (Source):      4.056ns (routing 2.445ns, distribution 1.611ns)
  Clock Net Delay (Destination): 3.605ns (routing 2.214ns, distribution 1.391ns)

    Location             Delay type                Incr(ns)  Path(ns)    Netlist Resource(s)
  -------------------------------------------------------------------    -------------------
                         (clock ap_clk rise edge)     0.000     0.000 r  
    U13                                               0.000     0.000 r  ap_clk (IN)
                         net (fo=0)                   0.000     0.000    ap_clk_IBUF_inst/I
    U13                  INBUF (Prop_INBUF_HPIOB_M_PAD_O)
                                                      0.479     0.479 r  ap_clk_IBUF_inst/INBUF_INST/O
                         net (fo=1, routed)           0.000     0.479    ap_clk_IBUF_inst/OUT
    U13                  IBUFCTRL (Prop_IBUFCTRL_HPIOB_M_I_O)
                                                      0.000     0.479 r  ap_clk_IBUF_inst/IBUFCTRL_INST/O
                         net (fo=1, routed)           0.314     0.793    ap_clk_IBUF
    BUFGCE_X0Y290        BUFGCE (Prop_BUFCE_BUFGCE_I_O)
                                                      0.028     0.821 r  ap_clk_IBUF_BUFG_inst/O
    X3Y3 (CLOCK_ROOT)    net (fo=36903, routed)       4.056     4.877    grp_dense_latency_0_0_0_0_0_0_0_0_0_0_0_0_0_0_0_0_0_0_0_0_0_0_0_0_0_0_0_0_0_0_0_0_0_s_fu_207/mul_ln1118_1547_fu_2978_p2/CLK
    SLR Crossing[3->0]   
    DSP48E2_X0Y67        DSP_A_B_DATA                                 r  grp_dense_latency_0_0_0_0_0_0_0_0_0_0_0_0_0_0_0_0_0_0_0_0_0_0_0_0_0_0_0_0_0_0_0_0_0_s_fu_207/mul_ln1118_1547_fu_2978_p2/DSP_A_B_DATA_INST/CLK
  -------------------------------------------------------------------    -------------------
    DSP48E2_X0Y67        DSP_A_B_DATA (Prop_DSP_A_B_DATA_DSP48E2_CLK_A2_DATA[13])
                                                      0.191     5.068 r  grp_dense_latency_0_0_0_0_0_0_0_0_0_0_0_0_0_0_0_0_0_0_0_0_0_0_0_0_0_0_0_0_0_0_0_0_0_s_fu_207/mul_ln1118_1547_fu_2978_p2/DSP_A_B_DATA_INST/A2_DATA[13]
                         net (fo=1, routed)           0.000     5.068    grp_dense_latency_0_0_0_0_0_0_0_0_0_0_0_0_0_0_0_0_0_0_0_0_0_0_0_0_0_0_0_0_0_0_0_0_0_s_fu_207/mul_ln1118_1547_fu_2978_p2/DSP_A_B_DATA.A2_DATA<13>
    DSP48E2_X0Y67        DSP_PREADD_DATA (Prop_DSP_PREADD_DATA_DSP48E2_A2_DATA[13]_A2A1[13])
                                                      0.060     5.128 r  grp_dense_latency_0_0_0_0_0_0_0_0_0_0_0_0_0_0_0_0_0_0_0_0_0_0_0_0_0_0_0_0_0_0_0_0_0_s_fu_207/mul_ln1118_1547_fu_2978_p2/DSP_PREADD_DATA_INST/A2A1[13]
                         net (fo=1, routed)           0.000     5.128    grp_dense_latency_0_0_0_0_0_0_0_0_0_0_0_0_0_0_0_0_0_0_0_0_0_0_0_0_0_0_0_0_0_0_0_0_0_s_fu_207/mul_ln1118_1547_fu_2978_p2/DSP_PREADD_DATA.A2A1<13>
    DSP48E2_X0Y67        DSP_MULTIPLIER (Prop_DSP_MULTIPLIER_DSP48E2_A2A1[13]_U[14])
                                                      0.403     5.531 f  grp_dense_latency_0_0_0_0_0_0_0_0_0_0_0_0_0_0_0_0_0_0_0_0_0_0_0_0_0_0_0_0_0_0_0_0_0_s_fu_207/mul_ln1118_1547_fu_2978_p2/DSP_MULTIPLIER_INST/U[14]
                         net (fo=1, routed)           0.000     5.531    grp_dense_latency_0_0_0_0_0_0_0_0_0_0_0_0_0_0_0_0_0_0_0_0_0_0_0_0_0_0_0_0_0_0_0_0_0_s_fu_207/mul_ln1118_1547_fu_2978_p2/DSP_MULTIPLIER.U<14>
    DSP48E2_X0Y67        DSP_M_DATA (Prop_DSP_M_DATA_DSP48E2_U[14]_U_DATA[14])
                                                      0.035     5.566 r  grp_dense_latency_0_0_0_0_0_0_0_0_0_0_0_0_0_0_0_0_0_0_0_0_0_0_0_0_0_0_0_0_0_0_0_0_0_s_fu_207/mul_ln1118_1547_fu_2978_p2/DSP_M_DATA_INST/U_DATA[14]
                         net (fo=1, routed)           0.000     5.566    grp_dense_latency_0_0_0_0_0_0_0_0_0_0_0_0_0_0_0_0_0_0_0_0_0_0_0_0_0_0_0_0_0_0_0_0_0_s_fu_207/mul_ln1118_1547_fu_2978_p2/DSP_M_DATA.U_DATA<14>
    DSP48E2_X0Y67        DSP_ALU (Prop_DSP_ALU_DSP48E2_U_DATA[14]_ALU_OUT[14])
                                                      0.451     6.017 f  grp_dense_latency_0_0_0_0_0_0_0_0_0_0_0_0_0_0_0_0_0_0_0_0_0_0_0_0_0_0_0_0_0_0_0_0_0_s_fu_207/mul_ln1118_1547_fu_2978_p2/DSP_ALU_INST/ALU_OUT[14]
                         net (fo=1, routed)           0.000     6.017    grp_dense_latency_0_0_0_0_0_0_0_0_0_0_0_0_0_0_0_0_0_0_0_0_0_0_0_0_0_0_0_0_0_0_0_0_0_s_fu_207/mul_ln1118_1547_fu_2978_p2/DSP_ALU.ALU_OUT<14>
    DSP48E2_X0Y67        DSP_OUTPUT (Prop_DSP_OUTPUT_DSP48E2_ALU_OUT[14]_P[14])
                                                      0.089     6.106 r  grp_dense_latency_0_0_0_0_0_0_0_0_0_0_0_0_0_0_0_0_0_0_0_0_0_0_0_0_0_0_0_0_0_0_0_0_0_s_fu_207/mul_ln1118_1547_fu_2978_p2/DSP_OUTPUT_INST/P[14]
                         net (fo=1, routed)           0.295     6.401    grp_dense_latency_0_0_0_0_0_0_0_0_0_0_0_0_0_0_0_0_0_0_0_0_0_0_0_0_0_0_0_0_0_0_0_0_0_s_fu_207/sext_ln203_787_fu_3203539_p1[0]
    SLICE_X3Y171         LUT2 (Prop_A6LUT_SLICEL_I1_O)
                                                      0.031     6.432 r  grp_dense_latency_0_0_0_0_0_0_0_0_0_0_0_0_0_0_0_0_0_0_0_0_0_0_0_0_0_0_0_0_0_0_0_0_0_s_fu_207/ap_return_41_int_reg[21]_i_206/O
                         net (fo=1, routed)           0.013     6.445    grp_dense_latency_0_0_0_0_0_0_0_0_0_0_0_0_0_0_0_0_0_0_0_0_0_0_0_0_0_0_0_0_0_0_0_0_0_s_fu_207/ap_return_41_int_reg[21]_i_206_n_0
    SLICE_X3Y171         CARRY8 (Prop_CARRY8_SLICEL_S[0]_CO[7])
                                                      0.171     6.616 r  grp_dense_latency_0_0_0_0_0_0_0_0_0_0_0_0_0_0_0_0_0_0_0_0_0_0_0_0_0_0_0_0_0_0_0_0_0_s_fu_207/ap_return_41_int_reg_reg[21]_i_185/CO[7]
                         net (fo=1, routed)           0.023     6.639    grp_dense_latency_0_0_0_0_0_0_0_0_0_0_0_0_0_0_0_0_0_0_0_0_0_0_0_0_0_0_0_0_0_0_0_0_0_s_fu_207/ap_return_41_int_reg_reg[21]_i_185_n_0
    SLICE_X3Y172         CARRY8 (Prop_CARRY8_SLICEL_CI_O[1])
                                                      0.067     6.706 r  grp_dense_latency_0_0_0_0_0_0_0_0_0_0_0_0_0_0_0_0_0_0_0_0_0_0_0_0_0_0_0_0_0_0_0_0_0_s_fu_207/ap_return_41_int_reg_reg[21]_i_184/O[1]
                         net (fo=2, routed)           0.237     6.943    grp_dense_latency_0_0_0_0_0_0_0_0_0_0_0_0_0_0_0_0_0_0_0_0_0_0_0_0_0_0_0_0_0_0_0_0_0_s_fu_207/sext_ln703_443_fu_3209253_p1[9]
    SLICE_X8Y173         LUT3 (Prop_B5LUT_SLICEM_I0_O)
                                                      0.126     7.069 r  grp_dense_latency_0_0_0_0_0_0_0_0_0_0_0_0_0_0_0_0_0_0_0_0_0_0_0_0_0_0_0_0_0_0_0_0_0_s_fu_207/ap_return_41_int_reg[21]_i_157/O
                         net (fo=2, routed)           0.283     7.352    grp_dense_latency_0_0_0_0_0_0_0_0_0_0_0_0_0_0_0_0_0_0_0_0_0_0_0_0_0_0_0_0_0_0_0_0_0_s_fu_207/ap_return_41_int_reg[21]_i_157_n_0
    SLICE_X8Y173         CARRY8 (Prop_CARRY8_SLICEM_DI[2]_O[6])
                                                      0.152     7.504 r  grp_dense_latency_0_0_0_0_0_0_0_0_0_0_0_0_0_0_0_0_0_0_0_0_0_0_0_0_0_0_0_0_0_0_0_0_0_s_fu_207/ap_return_41_int_reg_reg[21]_i_139/O[6]
                         net (fo=2, routed)           0.602     8.106    grp_dense_latency_0_0_0_0_0_0_0_0_0_0_0_0_0_0_0_0_0_0_0_0_0_0_0_0_0_0_0_0_0_0_0_0_0_s_fu_207/ap_return_41_int_reg_reg[21]_i_139_n_9
    SLICE_X15Y176        LUT3 (Prop_G5LUT_SLICEL_I0_O)
                                                      0.062     8.168 r  grp_dense_latency_0_0_0_0_0_0_0_0_0_0_0_0_0_0_0_0_0_0_0_0_0_0_0_0_0_0_0_0_0_0_0_0_0_s_fu_207/ap_return_41_int_reg[21]_i_90/O
                         net (fo=2, routed)           0.129     8.297    grp_dense_latency_0_0_0_0_0_0_0_0_0_0_0_0_0_0_0_0_0_0_0_0_0_0_0_0_0_0_0_0_0_0_0_0_0_s_fu_207/ap_return_41_int_reg[21]_i_90_n_0
    SLICE_X15Y176        LUT4 (Prop_H6LUT_SLICEL_I3_O)
                                                      0.090     8.387 r  grp_dense_latency_0_0_0_0_0_0_0_0_0_0_0_0_0_0_0_0_0_0_0_0_0_0_0_0_0_0_0_0_0_0_0_0_0_s_fu_207/ap_return_41_int_reg[21]_i_98/O
                         net (fo=1, routed)           0.013     8.400    grp_dense_latency_0_0_0_0_0_0_0_0_0_0_0_0_0_0_0_0_0_0_0_0_0_0_0_0_0_0_0_0_0_0_0_0_0_s_fu_207/ap_return_41_int_reg[21]_i_98_n_0
    SLICE_X15Y176        CARRY8 (Prop_CARRY8_SLICEL_S[7]_CO[7])
                                                      0.099     8.499 r  grp_dense_latency_0_0_0_0_0_0_0_0_0_0_0_0_0_0_0_0_0_0_0_0_0_0_0_0_0_0_0_0_0_0_0_0_0_s_fu_207/ap_return_41_int_reg_reg[21]_i_21/CO[7]
                         net (fo=1, routed)           0.023     8.522    grp_dense_latency_0_0_0_0_0_0_0_0_0_0_0_0_0_0_0_0_0_0_0_0_0_0_0_0_0_0_0_0_0_0_0_0_0_s_fu_207/ap_return_41_int_reg_reg[21]_i_21_n_0
    SLICE_X15Y177        CARRY8 (Prop_CARRY8_SLICEL_CI_O[2])
                                                      0.061     8.583 r  grp_dense_latency_0_0_0_0_0_0_0_0_0_0_0_0_0_0_0_0_0_0_0_0_0_0_0_0_0_0_0_0_0_0_0_0_0_s_fu_207/ap_return_41_int_reg_reg[21]_i_13/O[2]
                         net (fo=4, routed)           0.462     9.045    grp_dense_latency_0_0_0_0_0_0_0_0_0_0_0_0_0_0_0_0_0_0_0_0_0_0_0_0_0_0_0_0_0_0_0_0_0_s_fu_207/ap_return_41_int_reg_reg[21]_i_13_n_13
    SLICE_X27Y177        LUT3 (Prop_E6LUT_SLICEM_I2_O)
                                                      0.031     9.076 r  grp_dense_latency_0_0_0_0_0_0_0_0_0_0_0_0_0_0_0_0_0_0_0_0_0_0_0_0_0_0_0_0_0_0_0_0_0_s_fu_207/ap_return_41_int_reg[21]_i_18/O
                         net (fo=2, routed)           0.047     9.123    grp_dense_latency_0_0_0_0_0_0_0_0_0_0_0_0_0_0_0_0_0_0_0_0_0_0_0_0_0_0_0_0_0_0_0_0_0_s_fu_207/ap_return_41_int_reg[21]_i_18_n_0
    SLICE_X27Y177        LUT5 (Prop_C6LUT_SLICEM_I4_O)
                                                      0.081     9.204 r  grp_dense_latency_0_0_0_0_0_0_0_0_0_0_0_0_0_0_0_0_0_0_0_0_0_0_0_0_0_0_0_0_0_0_0_0_0_s_fu_207/ap_return_41_int_reg[21]_i_3/O
                         net (fo=2, routed)           0.166     9.370    grp_dense_latency_0_0_0_0_0_0_0_0_0_0_0_0_0_0_0_0_0_0_0_0_0_0_0_0_0_0_0_0_0_0_0_0_0_s_fu_207/ap_return_41_int_reg[21]_i_3_n_0
    SLICE_X30Y176        LUT6 (Prop_D6LUT_SLICEM_I0_O)
                                                      0.031     9.401 r  grp_dense_latency_0_0_0_0_0_0_0_0_0_0_0_0_0_0_0_0_0_0_0_0_0_0_0_0_0_0_0_0_0_0_0_0_0_s_fu_207/ap_return_41_int_reg[21]_i_9/O
                         net (fo=1, routed)           0.029     9.430    grp_dense_latency_0_0_0_0_0_0_0_0_0_0_0_0_0_0_0_0_0_0_0_0_0_0_0_0_0_0_0_0_0_0_0_0_0_s_fu_207/ap_return_41_int_reg[21]_i_9_n_0
    SLICE_X30Y176        CARRY8 (Prop_CARRY8_SLICEM_S[3]_O[5])
                                                      0.167     9.597 r  grp_dense_latency_0_0_0_0_0_0_0_0_0_0_0_0_0_0_0_0_0_0_0_0_0_0_0_0_0_0_0_0_0_0_0_0_0_s_fu_207/ap_return_41_int_reg_reg[21]_i_1/O[5]
                         net (fo=2, routed)           0.166     9.763    grp_dense_latency_0_0_0_0_0_0_0_0_0_0_0_0_0_0_0_0_0_0_0_0_0_0_0_0_0_0_0_0_0_0_0_0_0_s_fu_207/acc_41_V_fu_3209280_p2[21]
    SLICE_X30Y172        LUT3 (Prop_C6LUT_SLICEM_I0_O)
                                                      0.031     9.794 r  grp_dense_latency_0_0_0_0_0_0_0_0_0_0_0_0_0_0_0_0_0_0_0_0_0_0_0_0_0_0_0_0_0_0_0_0_0_s_fu_207/add_ln1192_72_fu_18553_p2_i_1/O
                         net (fo=9, routed)           0.885    10.679    call_ret1_normalize_0_0_0_0_0_0_0_0_0_0_0_0_0_0_0_0_0_0_0_0_0_0_0_0_0_0_0_0_0_0_0_0_0_0_0_1_fu_249/add_ln1192_72_fu_18553_p2/A[28]
    DSP48E2_X9Y68        DSP_A_B_DATA                                 r  call_ret1_normalize_0_0_0_0_0_0_0_0_0_0_0_0_0_0_0_0_0_0_0_0_0_0_0_0_0_0_0_0_0_0_0_0_0_0_0_1_fu_249/add_ln1192_72_fu_18553_p2/DSP_A_B_DATA_INST/A[28]
  -------------------------------------------------------------------    -------------------

                         (clock ap_clk rise edge)     5.000     5.000 r  
    U13                                               0.000     5.000 r  ap_clk (IN)
                         net (fo=0)                   0.000     5.000    ap_clk_IBUF_inst/I
    U13                  INBUF (Prop_INBUF_HPIOB_M_PAD_O)
                                                      0.276     5.276 r  ap_clk_IBUF_inst/INBUF_INST/O
                         net (fo=1, routed)           0.000     5.276    ap_clk_IBUF_inst/OUT
    U13                  IBUFCTRL (Prop_IBUFCTRL_HPIOB_M_I_O)
                                                      0.000     5.276 r  ap_clk_IBUF_inst/IBUFCTRL_INST/O
                         net (fo=1, routed)           0.279     5.555    ap_clk_IBUF
    BUFGCE_X0Y290        BUFGCE (Prop_BUFCE_BUFGCE_I_O)
                                                      0.024     5.579 r  ap_clk_IBUF_BUFG_inst/O
    X3Y3 (CLOCK_ROOT)    net (fo=36903, routed)       3.605     9.184    call_ret1_normalize_0_0_0_0_0_0_0_0_0_0_0_0_0_0_0_0_0_0_0_0_0_0_0_0_0_0_0_0_0_0_0_0_0_0_0_1_fu_249/add_ln1192_72_fu_18553_p2/CLK
    SLR Crossing[3->0]   
    DSP48E2_X9Y68        DSP_A_B_DATA                                 r  call_ret1_normalize_0_0_0_0_0_0_0_0_0_0_0_0_0_0_0_0_0_0_0_0_0_0_0_0_0_0_0_0_0_0_0_0_0_0_0_1_fu_249/add_ln1192_72_fu_18553_p2/DSP_A_B_DATA_INST/CLK
                         clock pessimism              0.528     9.712    
                         clock uncertainty           -0.035     9.677    
    DSP48E2_X9Y68        DSP_A_B_DATA (Setup_DSP_A_B_DATA_DSP48E2_CLK_A[28])
                                                     -0.276     9.401    call_ret1_normalize_0_0_0_0_0_0_0_0_0_0_0_0_0_0_0_0_0_0_0_0_0_0_0_0_0_0_0_0_0_0_0_0_0_0_0_1_fu_249/add_ln1192_72_fu_18553_p2/DSP_A_B_DATA_INST
  -------------------------------------------------------------------
                         required time                          9.401    
                         arrival time                         -10.679    
  -------------------------------------------------------------------
                         slack                                 -1.278    





Min Delay Paths
--------------------------------------------------------------------------------------
Slack (MET) :             0.042ns  (arrival time - required time)
  Source:                 grp_dense_latency_0_0_0_0_0_0_0_0_0_0_0_0_0_0_0_0_0_0_0_0_0_0_0_0_0_0_0_0_0_0_0_0_0_fu_103/add_ln703_861_reg_11459744_reg[18]/C
                            (rising edge-triggered cell FDRE clocked by ap_clk  {rise@0.000ns fall@2.500ns period=5.000ns})
  Destination:            grp_dense_latency_0_0_0_0_0_0_0_0_0_0_0_0_0_0_0_0_0_0_0_0_0_0_0_0_0_0_0_0_0_0_0_0_0_fu_103/ap_return_14_int_reg_reg[18]/D
                            (rising edge-triggered cell FDRE clocked by ap_clk  {rise@0.000ns fall@2.500ns period=5.000ns})
  Path Group:             ap_clk
  Path Type:              Hold (Min at Fast Process Corner)
  Requirement:            0.000ns  (ap_clk rise@0.000ns - ap_clk rise@0.000ns)
  Data Path Delay:        0.147ns  (logic 0.072ns (48.980%)  route 0.075ns (51.021%))
  Logic Levels:           2  (CARRY8=1 LUT6=1)
  Clock Path Skew:        0.059ns (DCD - SCD - CPR)
    Destination Clock Delay (DCD):    3.238ns
    Source Clock Delay      (SCD):    2.718ns
    Clock Pessimism Removal (CPR):    0.461ns
  Clock Net Delay (Source):      2.377ns (routing 1.499ns, distribution 0.878ns)
  Clock Net Delay (Destination): 2.673ns (routing 1.681ns, distribution 0.992ns)

    Location             Delay type                Incr(ns)  Path(ns)    Netlist Resource(s)
  -------------------------------------------------------------------    -------------------
                         (clock ap_clk rise edge)     0.000     0.000 r  
    U13                                               0.000     0.000 r  ap_clk (IN)
                         net (fo=0)                   0.000     0.000    ap_clk_IBUF_inst/I
    U13                  INBUF (Prop_INBUF_HPIOB_M_PAD_O)
                                                      0.180     0.180 r  ap_clk_IBUF_inst/INBUF_INST/O
                         net (fo=1, routed)           0.000     0.180    ap_clk_IBUF_inst/OUT
    U13                  IBUFCTRL (Prop_IBUFCTRL_HPIOB_M_I_O)
                                                      0.000     0.180 r  ap_clk_IBUF_inst/IBUFCTRL_INST/O
                         net (fo=1, routed)           0.144     0.324    ap_clk_IBUF
    BUFGCE_X0Y290        BUFGCE (Prop_BUFCE_BUFGCE_I_O)
                                                      0.017     0.341 r  ap_clk_IBUF_BUFG_inst/O
    X3Y3 (CLOCK_ROOT)    net (fo=36903, routed)       2.377     2.718    grp_dense_latency_0_0_0_0_0_0_0_0_0_0_0_0_0_0_0_0_0_0_0_0_0_0_0_0_0_0_0_0_0_0_0_0_0_fu_103/CLK
    SLR Crossing[3->0]   
    SLICE_X140Y166       FDRE                                         r  grp_dense_latency_0_0_0_0_0_0_0_0_0_0_0_0_0_0_0_0_0_0_0_0_0_0_0_0_0_0_0_0_0_0_0_0_0_fu_103/add_ln703_861_reg_11459744_reg[18]/C
  -------------------------------------------------------------------    -------------------
    SLICE_X140Y166       FDRE (Prop_CFF_SLICEL_C_Q)
                                                      0.039     2.757 r  grp_dense_latency_0_0_0_0_0_0_0_0_0_0_0_0_0_0_0_0_0_0_0_0_0_0_0_0_0_0_0_0_0_0_0_0_0_fu_103/add_ln703_861_reg_11459744_reg[18]/Q
                         net (fo=2, routed)           0.054     2.811    grp_dense_latency_0_0_0_0_0_0_0_0_0_0_0_0_0_0_0_0_0_0_0_0_0_0_0_0_0_0_0_0_0_0_0_0_0_fu_103/add_ln703_861_reg_11459744[18]
    SLICE_X141Y166       LUT6 (Prop_C6LUT_SLICEM_I2_O)
                                                      0.014     2.825 r  grp_dense_latency_0_0_0_0_0_0_0_0_0_0_0_0_0_0_0_0_0_0_0_0_0_0_0_0_0_0_0_0_0_0_0_0_0_fu_103/ap_return_14_int_reg[21]_i_10/O
                         net (fo=1, routed)           0.014     2.839    grp_dense_latency_0_0_0_0_0_0_0_0_0_0_0_0_0_0_0_0_0_0_0_0_0_0_0_0_0_0_0_0_0_0_0_0_0_fu_103/ap_return_14_int_reg[21]_i_10_n_0
    SLICE_X141Y166       CARRY8 (Prop_CARRY8_SLICEM_S[2]_O[2])
                                                      0.019     2.858 r  grp_dense_latency_0_0_0_0_0_0_0_0_0_0_0_0_0_0_0_0_0_0_0_0_0_0_0_0_0_0_0_0_0_0_0_0_0_fu_103/ap_return_14_int_reg_reg[21]_i_1/O[2]
                         net (fo=2, routed)           0.007     2.865    grp_dense_latency_0_0_0_0_0_0_0_0_0_0_0_0_0_0_0_0_0_0_0_0_0_0_0_0_0_0_0_0_0_0_0_0_0_fu_103/acc_14_V_fu_11458143_p2[18]
    SLICE_X141Y166       FDRE                                         r  grp_dense_latency_0_0_0_0_0_0_0_0_0_0_0_0_0_0_0_0_0_0_0_0_0_0_0_0_0_0_0_0_0_0_0_0_0_fu_103/ap_return_14_int_reg_reg[18]/D
  -------------------------------------------------------------------    -------------------

                         (clock ap_clk rise edge)     0.000     0.000 r  
    U13                                               0.000     0.000 r  ap_clk (IN)
                         net (fo=0)                   0.000     0.000    ap_clk_IBUF_inst/I
    U13                  INBUF (Prop_INBUF_HPIOB_M_PAD_O)
                                                      0.365     0.365 r  ap_clk_IBUF_inst/INBUF_INST/O
                         net (fo=1, routed)           0.000     0.365    ap_clk_IBUF_inst/OUT
    U13                  IBUFCTRL (Prop_IBUFCTRL_HPIOB_M_I_O)
                                                      0.000     0.365 r  ap_clk_IBUF_inst/IBUFCTRL_INST/O
                         net (fo=1, routed)           0.181     0.546    ap_clk_IBUF
    BUFGCE_X0Y290        BUFGCE (Prop_BUFCE_BUFGCE_I_O)
                                                      0.019     0.565 r  ap_clk_IBUF_BUFG_inst/O
    X3Y3 (CLOCK_ROOT)    net (fo=36903, routed)       2.673     3.238    grp_dense_latency_0_0_0_0_0_0_0_0_0_0_0_0_0_0_0_0_0_0_0_0_0_0_0_0_0_0_0_0_0_0_0_0_0_fu_103/CLK
    SLR Crossing[3->0]   
    SLICE_X141Y166       FDRE                                         r  grp_dense_latency_0_0_0_0_0_0_0_0_0_0_0_0_0_0_0_0_0_0_0_0_0_0_0_0_0_0_0_0_0_0_0_0_0_fu_103/ap_return_14_int_reg_reg[18]/C
                         clock pessimism             -0.461     2.778    
    SLICE_X141Y166       FDRE (Hold_CFF_SLICEM_C_D)
                                                      0.046     2.824    grp_dense_latency_0_0_0_0_0_0_0_0_0_0_0_0_0_0_0_0_0_0_0_0_0_0_0_0_0_0_0_0_0_0_0_0_0_fu_103/ap_return_14_int_reg_reg[18]
  -------------------------------------------------------------------
                         required time                         -2.824    
                         arrival time                           2.865    
  -------------------------------------------------------------------
                         slack                                  0.042    





Pulse Width Checks
--------------------------------------------------------------------------------------
Clock Name:         ap_clk
Waveform(ns):       { 0.000 2.500 }
Period(ns):         5.000
Sources:            { ap_clk }

Check Type        Corner  Lib Pin             Reference Pin  Required(ns)  Actual(ns)  Slack(ns)  Location        Pin
Min Period        n/a     RAMB18E2/CLKARDCLK  n/a            1.212         5.000       3.788      RAMB18_X9Y166   invert_table2_U/softmax_stable_ap_fixed_ap_fixed_22_8_5_3_0_softmax_config16_s_invert_table2_rom_U/q0_reg/CLKARDCLK
Low Pulse Width   Fast    RAMB18E2/CLKARDCLK  n/a            0.495         2.500       2.005      RAMB18_X10Y166  q0_reg/CLKARDCLK
High Pulse Width  Slow    RAMB18E2/CLKARDCLK  n/a            0.495         2.500       2.005      RAMB18_X9Y166   invert_table2_U/softmax_stable_ap_fixed_ap_fixed_22_8_5_3_0_softmax_config16_s_invert_table2_rom_U/q0_reg/CLKARDCLK



