Copyright 1986-2019 Xilinx, Inc. All Rights Reserved.
--------------------------------------------------------------------------------------------------------------------
| Tool Version : Vivado v.2019.1 (lin64) Build 2552052 Fri May 24 14:47:09 MDT 2019
| Date         : Mon Dec 29 03:32:06 2025
| Host         : hvm1 running 64-bit Ubuntu 22.04.5 LTS
| Command      : report_utilization -hierarchical -hierarchical_depth 1 -file reports/hls_reuse5_22_8_util_hier.rpt
| Design       : p
| Device       : xcvu13pfhga2104-3
| Design State : Routed
--------------------------------------------------------------------------------------------------------------------

Utilization Design Information

Table of Contents
-----------------
1. Utilization by Hierarchy

1. Utilization by Hierarchy
---------------------------

+------------------------------------------------------------------------------------------------------+-----------------------------------------------------------------------------------+------------+------------+---------+------+-------+--------+--------+------+--------------+
|                                               Instance                                               |                                       Module                                      | Total LUTs | Logic LUTs | LUTRAMs | SRLs |  FFs  | RAMB36 | RAMB18 | URAM | DSP48 Blocks |
+------------------------------------------------------------------------------------------------------+-----------------------------------------------------------------------------------+------------+------------+---------+------+-------+--------+--------+------+--------------+
| p                                                                                                    |                                                                             (top) |      76970 |      76970 |       0 |    0 | 17739 |      0 |      4 |    0 |         3294 |
|   (p)                                                                                                |                                                                             (top) |      11823 |      11823 |       0 |    0 |  2648 |      0 |      4 |    0 |            0 |
|   call_ret1_normalize_0_0_0_0_0_0_0_0_0_0_0_0_0_0_0_0_0_0_0_0_0_0_0_0_0_0_0_0_0_0_0_0_0_0_0_1_fu_249 | normalize_0_0_0_0_0_0_0_0_0_0_0_0_0_0_0_0_0_0_0_0_0_0_0_0_0_0_0_0_0_0_0_0_0_0_0_1 |       1408 |       1408 |       0 |    0 |   399 |      0 |      0 |    0 |           64 |
|   call_ret4_normalize_0_0_0_0_0_0_0_0_0_0_0_0_0_0_0_0_0_0_0_0_0_0_0_0_0_0_0_0_0_0_0_0_0_0_0_s_fu_385 | normalize_0_0_0_0_0_0_0_0_0_0_0_0_0_0_0_0_0_0_0_0_0_0_0_0_0_0_0_0_0_0_0_0_0_0_0_s |        441 |        441 |       0 |    0 |     0 |      0 |      0 |    0 |           32 |
|   call_ret5_relu_ap_fixed_22_8_5_3_0_ap_fixed_22_8_5_3_0_relu_config9_s_fu_457                       |                       relu_ap_fixed_22_8_5_3_0_ap_fixed_22_8_5_3_0_relu_config9_s |        352 |        352 |       0 |    0 |   714 |      0 |      0 |    0 |            0 |
|   call_ret7_normalize_0_0_0_0_0_0_0_0_0_0_0_0_0_0_0_0_0_0_0_0_0_0_0_0_0_0_0_0_0_0_0_0_0_0_0_2_fu_421 | normalize_0_0_0_0_0_0_0_0_0_0_0_0_0_0_0_0_0_0_0_0_0_0_0_0_0_0_0_0_0_0_0_0_0_0_0_2 |        365 |        365 |       0 |    0 |     0 |      0 |      0 |    0 |           32 |
|   call_ret8_relu_ap_fixed_22_8_5_3_0_ap_fixed_22_8_5_3_0_relu_config13_s_fu_493                      |                      relu_ap_fixed_22_8_5_3_0_ap_fixed_22_8_5_3_0_relu_config13_s |         16 |         16 |       0 |    0 |     0 |      0 |      0 |    0 |            0 |
|   grp_dense_latency_0_0_0_0_0_0_0_0_0_0_0_0_0_0_0_0_0_0_0_0_0_0_0_0_0_0_0_0_0_0_0_0_0_1_fu_171       | dense_latency_0_0_0_0_0_0_0_0_0_0_0_0_0_0_0_0_0_0_0_0_0_0_0_0_0_0_0_0_0_0_0_0_0_1 |      14576 |      14576 |       0 |    0 |  3764 |      0 |      0 |    0 |          775 |
|   grp_dense_latency_0_0_0_0_0_0_0_0_0_0_0_0_0_0_0_0_0_0_0_0_0_0_0_0_0_0_0_0_0_0_0_0_0_fu_103         |   dense_latency_0_0_0_0_0_0_0_0_0_0_0_0_0_0_0_0_0_0_0_0_0_0_0_0_0_0_0_0_0_0_0_0_0 |      28418 |      28418 |       0 |    0 |  6659 |      0 |      0 |    0 |         1381 |
|   grp_dense_latency_0_0_0_0_0_0_0_0_0_0_0_0_0_0_0_0_0_0_0_0_0_0_0_0_0_0_0_0_0_0_0_0_0_s_fu_207       | dense_latency_0_0_0_0_0_0_0_0_0_0_0_0_0_0_0_0_0_0_0_0_0_0_0_0_0_0_0_0_0_0_0_0_0_s |      17029 |      17029 |       0 |    0 |  2842 |      0 |      0 |    0 |          857 |
|   grp_dense_latency_ap_fixed_ap_fixed_22_8_5_3_0_config14_0_0_0_0_0_0_fu_213                         |                   dense_latency_ap_fixed_ap_fixed_22_8_5_3_0_config14_0_0_0_0_0_0 |       2307 |       2307 |       0 |    0 |   661 |      0 |      0 |    0 |          148 |
|   grp_softmax_stable_ap_fixed_ap_fixed_22_8_5_3_0_softmax_config16_s_fu_529                          |                    softmax_stable_ap_fixed_ap_fixed_22_8_5_3_0_softmax_config16_s |        282 |        282 |       0 |    0 |    52 |      0 |      0 |    0 |            5 |
+------------------------------------------------------------------------------------------------------+-----------------------------------------------------------------------------------+------------+------------+---------+------+-------+--------+--------+------+--------------+
* Note: The sum of lower-level cells may be larger than their parent cells total, due to cross-hierarchy LUT combining


