

================================================================
== Vivado HLS Report for 'compute_output_buffer_2d_array_array_ap_fixed_8_2_5_3_0_6u_config2_s'
================================================================
* Date:           Mon Nov 24 11:54:04 2025

* Version:        2019.1 (Build 2552052 on Fri May 24 15:28:33 MDT 2019)
* Project:        myproject_prj
* Solution:       solution1
* Product family: kintexu
* Target device:  xcku035-fbva676-2-e


================================================================
== Performance Estimates
================================================================
+ Timing (ns): 
    * Summary: 
    +--------+-------+----------+------------+
    |  Clock | Target| Estimated| Uncertainty|
    +--------+-------+----------+------------+
    |ap_clk  |   5.00|     3.842|        0.62|
    +--------+-------+----------+------------+

+ Latency (clock cycles): 
    * Summary: 
    +-----+-----+-----+-----+---------+
    |  Latency  |  Interval | Pipeline|
    | min | max | min | max |   Type  |
    +-----+-----+-----+-----+---------+
    |    1|   13|    1|   13|   none  |
    +-----+-----+-----+-----+---------+

    + Detail: 
        * Instance: 
        +------------------------------------------------------------------------------------+-------------------------------------------------------------------------+-----+-----+-----+-----+---------------------------------------------+
        |                                                                                    |                                                                         |  Latency  |  Interval |                   Pipeline                  |
        |                                      Instance                                      |                                  Module                                 | min | max | min | max |                     Type                    |
        +------------------------------------------------------------------------------------+-------------------------------------------------------------------------+-----+-----+-----+-----+---------------------------------------------+
        |grp_dense_resource_rf_leq_nin_ap_ufixed_ap_fixed_config2_mult_0_0_0_0_0_0_0_fu_184  |dense_resource_rf_leq_nin_ap_ufixed_ap_fixed_config2_mult_0_0_0_0_0_0_0  |   10|   11|    9|    9| loop rewind(delay=0 initiation interval(s)) |
        |call_ret_shift_line_buffer_array_ap_ufixed_8_0_5_3_0_1u_config2_s_fu_208            |shift_line_buffer_array_ap_ufixed_8_0_5_3_0_1u_config2_s                 |    0|    0|    1|    1|                   function                  |
        +------------------------------------------------------------------------------------+-------------------------------------------------------------------------+-----+-----+-----+-----+---------------------------------------------+

        * Loop: 
        N/A



================================================================
== Utilization Estimates
================================================================
* Summary: 
+-----------------+---------+-------+--------+--------+-----+
|       Name      | BRAM_18K| DSP48E|   FF   |   LUT  | URAM|
+-----------------+---------+-------+--------+--------+-----+
|DSP              |        -|      -|       -|       -|    -|
|Expression       |        -|      -|       0|     354|    -|
|FIFO             |        -|      -|       -|       -|    -|
|Instance         |        2|      0|     209|     746|    -|
|Memory           |        -|      -|       -|       -|    -|
|Multiplexer      |        -|      -|       -|     117|    -|
|Register         |        -|      -|     383|       -|    -|
+-----------------+---------+-------+--------+--------+-----+
|Total            |        2|      0|     592|    1217|    0|
+-----------------+---------+-------+--------+--------+-----+
|Available        |     1080|   1700|  406256|  203128|    0|
+-----------------+---------+-------+--------+--------+-----+
|Utilization (%)  |    ~0   |      0|   ~0   |   ~0   |    0|
+-----------------+---------+-------+--------+--------+-----+

+ Detail: 
    * Instance: 
    +------------------------------------------------------------------------------------+-------------------------------------------------------------------------+---------+-------+-----+-----+-----+
    |                                      Instance                                      |                                  Module                                 | BRAM_18K| DSP48E|  FF | LUT | URAM|
    +------------------------------------------------------------------------------------+-------------------------------------------------------------------------+---------+-------+-----+-----+-----+
    |grp_dense_resource_rf_leq_nin_ap_ufixed_ap_fixed_config2_mult_0_0_0_0_0_0_0_fu_184  |dense_resource_rf_leq_nin_ap_ufixed_ap_fixed_config2_mult_0_0_0_0_0_0_0  |        2|      0|  208|  714|    0|
    |call_ret_shift_line_buffer_array_ap_ufixed_8_0_5_3_0_1u_config2_s_fu_208            |shift_line_buffer_array_ap_ufixed_8_0_5_3_0_1u_config2_s                 |        0|      0|    1|   32|    0|
    +------------------------------------------------------------------------------------+-------------------------------------------------------------------------+---------+-------+-----+-----+-----+
    |Total                                                                               |                                                                         |        2|      0|  209|  746|    0|
    +------------------------------------------------------------------------------------+-------------------------------------------------------------------------+---------+-------+-----+-----+-----+

    * DSP48E: 
    N/A

    * Memory: 
    N/A

    * FIFO: 
    N/A

    * Expression: 
    +--------------------------+----------+-------+---+----+------------+------------+
    |       Variable Name      | Operation| DSP48E| FF| LUT| Bitwidth P0| Bitwidth P1|
    +--------------------------+----------+-------+---+----+------------+------------+
    |add_ln311_fu_497_p2       |     +    |      0|  0|  39|          32|           1|
    |add_ln313_fu_508_p2       |     +    |      0|  0|  39|          32|           1|
    |add_ln316_fu_451_p2       |     +    |      0|  0|  39|          32|           1|
    |add_ln318_fu_462_p2       |     +    |      0|  0|  39|          32|           1|
    |and_ln284_3_fu_410_p2     |    and   |      0|  0|   2|           1|           1|
    |and_ln284_4_fu_416_p2     |    and   |      0|  0|   2|           1|           1|
    |and_ln284_fu_404_p2       |    and   |      0|  0|   2|           1|           1|
    |ap_block_state3           |    and   |      0|  0|   2|           1|           1|
    |ap_condition_164          |    and   |      0|  0|   2|           1|           1|
    |ap_condition_216          |    and   |      0|  0|   2|           1|           1|
    |io_acc_block_signal_op58  |    and   |      0|  0|   2|           1|           1|
    |icmp_ln284_4_fu_358_p2    |   icmp   |      0|  0|  20|          32|           2|
    |icmp_ln284_5_fu_378_p2    |   icmp   |      0|  0|  20|          31|           1|
    |icmp_ln284_6_fu_398_p2    |   icmp   |      0|  0|  20|          31|           1|
    |icmp_ln284_fu_348_p2      |   icmp   |      0|  0|  20|          32|           2|
    |icmp_ln303_fu_446_p2      |   icmp   |      0|  0|  20|          32|           6|
    |icmp_ln307_fu_492_p2      |   icmp   |      0|  0|  20|          32|           6|
    |select_ln313_fu_513_p3    |  select  |      0|  0|  32|           1|           2|
    |select_ln318_fu_467_p3    |  select  |      0|  0|  32|           1|           2|
    +--------------------------+----------+-------+---+----+------------+------------+
    |Total                     |          |      0|  0| 354|         327|          33|
    +--------------------------+----------+-------+---+----+------------+------------+

    * Multiplexer: 
    +-------------------------------------+----+-----------+-----+-----------+
    |                 Name                | LUT| Input Size| Bits| Total Bits|
    +-------------------------------------+----+-----------+-----+-----------+
    |ap_NS_fsm                            |  21|          4|    1|          4|
    |ap_phi_mux_storemerge_phi_fu_177_p4  |  15|          3|   32|         96|
    |pX_5                                 |   9|          2|   32|         64|
    |pY_5                                 |   9|          2|   32|         64|
    |res_stream_V_data_0_V_blk_n          |   9|          2|    1|          2|
    |res_stream_V_data_1_V_blk_n          |   9|          2|    1|          2|
    |res_stream_V_data_2_V_blk_n          |   9|          2|    1|          2|
    |res_stream_V_data_3_V_blk_n          |   9|          2|    1|          2|
    |res_stream_V_data_4_V_blk_n          |   9|          2|    1|          2|
    |res_stream_V_data_5_V_blk_n          |   9|          2|    1|          2|
    |sX_5                                 |   9|          2|   32|         64|
    +-------------------------------------+----+-----------+-----+-----------+
    |Total                                | 117|         25|  135|        304|
    +-------------------------------------+----+-----------+-----+-----------+

    * Register: 
    +-------------------------------------------------------------------------------------------------+----+----+-----+-----------+
    |                                               Name                                              | FF | LUT| Bits| Const Bits|
    +-------------------------------------------------------------------------------------------------+----+----+-----+-----------+
    |and_ln284_4_reg_565                                                                              |   1|   0|    1|          0|
    |ap_CS_fsm                                                                                        |   3|   0|    3|          0|
    |grp_dense_resource_rf_leq_nin_ap_ufixed_ap_fixed_config2_mult_0_0_0_0_0_0_0_fu_184_ap_start_reg  |   1|   0|    1|          0|
    |icmp_ln284_4_reg_548                                                                             |   1|   0|    1|          0|
    |icmp_ln284_reg_538                                                                               |   1|   0|    1|          0|
    |kernel_data_V_0                                                                                  |   8|   0|    8|          0|
    |kernel_data_V_1411                                                                               |   8|   0|    8|          0|
    |kernel_data_V_2412                                                                               |   8|   0|    8|          0|
    |kernel_data_V_3413                                                                               |   8|   0|    8|          0|
    |kernel_data_V_4414                                                                               |   8|   0|    8|          0|
    |kernel_data_V_5415                                                                               |   8|   0|    8|          0|
    |kernel_data_V_6                                                                                  |   8|   0|    8|          0|
    |kernel_data_V_7                                                                                  |   8|   0|    8|          0|
    |kernel_data_V_8                                                                                  |   8|   0|    8|          0|
    |pX_5                                                                                             |  32|   0|   32|          0|
    |pX_5_load_reg_559                                                                                |  32|   0|   32|          0|
    |pY_5                                                                                             |  32|   0|   32|          0|
    |pY_5_load_reg_553                                                                                |  32|   0|   32|          0|
    |sX_5                                                                                             |  32|   0|   32|          0|
    |sX_5_load_reg_533                                                                                |  32|   0|   32|          0|
    |sY_5                                                                                             |  32|   0|   32|          0|
    |sY_5_load_reg_543                                                                                |  32|   0|   32|          0|
    |tmp_data_0_V_reg_569                                                                             |   8|   0|    8|          0|
    |tmp_data_1_V_reg_574                                                                             |   8|   0|    8|          0|
    |tmp_data_2_V_reg_579                                                                             |   8|   0|    8|          0|
    |tmp_data_3_V_reg_584                                                                             |   8|   0|    8|          0|
    |tmp_data_4_V_reg_589                                                                             |   8|   0|    8|          0|
    |tmp_data_5_V_reg_594                                                                             |   8|   0|    8|          0|
    +-------------------------------------------------------------------------------------------------+----+----+-----+-----------+
    |Total                                                                                            | 383|   0|  383|          0|
    +-------------------------------------------------------------------------------------------------+----+----+-----+-----------+



================================================================
== Interface
================================================================
* Summary: 
+------------------------------+-----+-----+------------+-----------------------------------------------------------------------+--------------+
|           RTL Ports          | Dir | Bits|  Protocol  |                             Source Object                             |    C Type    |
+------------------------------+-----+-----+------------+-----------------------------------------------------------------------+--------------+
|ap_clk                        |  in |    1| ap_ctrl_hs | compute_output_buffer_2d<array,array<ap_fixed<8,2,5,3,0>,6u>,config2> | return value |
|ap_rst                        |  in |    1| ap_ctrl_hs | compute_output_buffer_2d<array,array<ap_fixed<8,2,5,3,0>,6u>,config2> | return value |
|ap_start                      |  in |    1| ap_ctrl_hs | compute_output_buffer_2d<array,array<ap_fixed<8,2,5,3,0>,6u>,config2> | return value |
|ap_done                       | out |    1| ap_ctrl_hs | compute_output_buffer_2d<array,array<ap_fixed<8,2,5,3,0>,6u>,config2> | return value |
|ap_idle                       | out |    1| ap_ctrl_hs | compute_output_buffer_2d<array,array<ap_fixed<8,2,5,3,0>,6u>,config2> | return value |
|ap_ready                      | out |    1| ap_ctrl_hs | compute_output_buffer_2d<array,array<ap_fixed<8,2,5,3,0>,6u>,config2> | return value |
|p_read                        |  in |    8|   ap_none  |                                 p_read                                |    scalar    |
|res_stream_V_data_0_V_din     | out |    8|   ap_fifo  |                         res_stream_V_data_0_V                         |    pointer   |
|res_stream_V_data_0_V_full_n  |  in |    1|   ap_fifo  |                         res_stream_V_data_0_V                         |    pointer   |
|res_stream_V_data_0_V_write   | out |    1|   ap_fifo  |                         res_stream_V_data_0_V                         |    pointer   |
|res_stream_V_data_1_V_din     | out |    8|   ap_fifo  |                         res_stream_V_data_1_V                         |    pointer   |
|res_stream_V_data_1_V_full_n  |  in |    1|   ap_fifo  |                         res_stream_V_data_1_V                         |    pointer   |
|res_stream_V_data_1_V_write   | out |    1|   ap_fifo  |                         res_stream_V_data_1_V                         |    pointer   |
|res_stream_V_data_2_V_din     | out |    8|   ap_fifo  |                         res_stream_V_data_2_V                         |    pointer   |
|res_stream_V_data_2_V_full_n  |  in |    1|   ap_fifo  |                         res_stream_V_data_2_V                         |    pointer   |
|res_stream_V_data_2_V_write   | out |    1|   ap_fifo  |                         res_stream_V_data_2_V                         |    pointer   |
|res_stream_V_data_3_V_din     | out |    8|   ap_fifo  |                         res_stream_V_data_3_V                         |    pointer   |
|res_stream_V_data_3_V_full_n  |  in |    1|   ap_fifo  |                         res_stream_V_data_3_V                         |    pointer   |
|res_stream_V_data_3_V_write   | out |    1|   ap_fifo  |                         res_stream_V_data_3_V                         |    pointer   |
|res_stream_V_data_4_V_din     | out |    8|   ap_fifo  |                         res_stream_V_data_4_V                         |    pointer   |
|res_stream_V_data_4_V_full_n  |  in |    1|   ap_fifo  |                         res_stream_V_data_4_V                         |    pointer   |
|res_stream_V_data_4_V_write   | out |    1|   ap_fifo  |                         res_stream_V_data_4_V                         |    pointer   |
|res_stream_V_data_5_V_din     | out |    8|   ap_fifo  |                         res_stream_V_data_5_V                         |    pointer   |
|res_stream_V_data_5_V_full_n  |  in |    1|   ap_fifo  |                         res_stream_V_data_5_V                         |    pointer   |
|res_stream_V_data_5_V_write   | out |    1|   ap_fifo  |                         res_stream_V_data_5_V                         |    pointer   |
+------------------------------+-----+-----+------------+-----------------------------------------------------------------------+--------------+

