

================================================================
== Vivado HLS Report for 'relu_array_ap_fixed_15u_array_ap_ufixed_8_2_5_3_0_15u_relu_config17_s'
================================================================
* Date:           Fri Nov 21 19:12:49 2025

* Version:        2019.1 (Build 2552052 on Fri May 24 15:28:33 MDT 2019)
* Project:        myproject_prj
* Solution:       solution1
* Product family: kintexu
* Target device:  xcku035-fbva676-2-e


================================================================
== Performance Estimates
================================================================
+ Timing (ns): 
    * Summary: 
    +--------+-------+----------+------------+
    |  Clock | Target| Estimated| Uncertainty|
    +--------+-------+----------+------------+
    |ap_clk  |   5.00|     3.578|        0.62|
    +--------+-------+----------+------------+

+ Latency (clock cycles): 
    * Summary: 
    +-----+-----+-----+-----+----------+
    |  Latency  |  Interval | Pipeline |
    | min | max | min | max |   Type   |
    +-----+-----+-----+-----+----------+
    |    1|    1|    1|    1| function |
    +-----+-----+-----+-----+----------+

    + Detail: 
        * Instance: 
        N/A

        * Loop: 
        N/A



================================================================
== Utilization Estimates
================================================================
* Summary: 
+-----------------+---------+-------+--------+--------+-----+
|       Name      | BRAM_18K| DSP48E|   FF   |   LUT  | URAM|
+-----------------+---------+-------+--------+--------+-----+
|DSP              |        -|      -|       -|       -|    -|
|Expression       |        -|      -|       0|     325|    -|
|FIFO             |        -|      -|       -|       -|    -|
|Instance         |        -|      -|       -|       -|    -|
|Memory           |        -|      -|       -|       -|    -|
|Multiplexer      |        -|      -|       -|     288|    -|
|Register         |        -|      -|     124|       -|    -|
+-----------------+---------+-------+--------+--------+-----+
|Total            |        0|      0|     124|     613|    0|
+-----------------+---------+-------+--------+--------+-----+
|Available        |     1080|   1700|  406256|  203128|    0|
+-----------------+---------+-------+--------+--------+-----+
|Utilization (%)  |        0|      0|   ~0   |   ~0   |    0|
+-----------------+---------+-------+--------+--------+-----+

+ Detail: 
    * Instance: 
    N/A

    * DSP48E: 
    N/A

    * Memory: 
    N/A

    * FIFO: 
    N/A

    * Expression: 
    +----------------------------------+----------+-------+---+----+------------+------------+
    |           Variable Name          | Operation| DSP48E| FF| LUT| Bitwidth P0| Bitwidth P1|
    +----------------------------------+----------+-------+---+----+------------+------------+
    |io_acc_block_signal_op3           |    and   |      0|  0|   2|           1|           1|
    |io_acc_block_signal_op97          |    and   |      0|  0|   2|           1|           1|
    |icmp_ln1494_10_fu_763_p2          |   icmp   |      0|  0|  13|          16|           1|
    |icmp_ln1494_11_fu_779_p2          |   icmp   |      0|  0|  13|          16|           1|
    |icmp_ln1494_12_fu_795_p2          |   icmp   |      0|  0|  13|          16|           1|
    |icmp_ln1494_13_fu_811_p2          |   icmp   |      0|  0|  13|          16|           1|
    |icmp_ln1494_14_fu_827_p2          |   icmp   |      0|  0|  13|          16|           1|
    |icmp_ln1494_1_fu_619_p2           |   icmp   |      0|  0|  13|          16|           1|
    |icmp_ln1494_2_fu_635_p2           |   icmp   |      0|  0|  13|          16|           1|
    |icmp_ln1494_3_fu_651_p2           |   icmp   |      0|  0|  13|          16|           1|
    |icmp_ln1494_4_fu_667_p2           |   icmp   |      0|  0|  13|          16|           1|
    |icmp_ln1494_5_fu_683_p2           |   icmp   |      0|  0|  13|          16|           1|
    |icmp_ln1494_6_fu_699_p2           |   icmp   |      0|  0|  13|          16|           1|
    |icmp_ln1494_7_fu_715_p2           |   icmp   |      0|  0|  13|          16|           1|
    |icmp_ln1494_8_fu_731_p2           |   icmp   |      0|  0|  13|          16|           1|
    |icmp_ln1494_9_fu_747_p2           |   icmp   |      0|  0|  13|          16|           1|
    |icmp_ln1494_fu_603_p2             |   icmp   |      0|  0|  13|          16|           1|
    |ap_block_pp0_stage0_01001         |    or    |      0|  0|   2|           1|           1|
    |ap_block_state1_pp0_stage0_iter0  |    or    |      0|  0|   2|           1|           1|
    |tmp_data_0_V_fu_843_p3            |  select  |      0|  0|   8|           1|           8|
    |tmp_data_10_V_fu_923_p3           |  select  |      0|  0|   8|           1|           8|
    |tmp_data_11_V_fu_931_p3           |  select  |      0|  0|   8|           1|           8|
    |tmp_data_12_V_fu_939_p3           |  select  |      0|  0|   8|           1|           8|
    |tmp_data_13_V_fu_947_p3           |  select  |      0|  0|   8|           1|           8|
    |tmp_data_14_V_fu_955_p3           |  select  |      0|  0|   8|           1|           8|
    |tmp_data_1_V_fu_851_p3            |  select  |      0|  0|   8|           1|           8|
    |tmp_data_2_V_fu_859_p3            |  select  |      0|  0|   8|           1|           8|
    |tmp_data_3_V_fu_867_p3            |  select  |      0|  0|   8|           1|           8|
    |tmp_data_4_V_fu_875_p3            |  select  |      0|  0|   8|           1|           8|
    |tmp_data_5_V_fu_883_p3            |  select  |      0|  0|   8|           1|           8|
    |tmp_data_6_V_fu_891_p3            |  select  |      0|  0|   8|           1|           8|
    |tmp_data_7_V_fu_899_p3            |  select  |      0|  0|   8|           1|           8|
    |tmp_data_8_V_fu_907_p3            |  select  |      0|  0|   8|           1|           8|
    |tmp_data_9_V_fu_915_p3            |  select  |      0|  0|   8|           1|           8|
    |ap_enable_pp0                     |    xor   |      0|  0|   2|           1|           2|
    +----------------------------------+----------+-------+---+----+------------+------------+
    |Total                             |          |      0|  0| 325|         260|         141|
    +----------------------------------+----------+-------+---+----+------------+------------+

    * Multiplexer: 
    +------------------------+----+-----------+-----+-----------+
    |          Name          | LUT| Input Size| Bits| Total Bits|
    +------------------------+----+-----------+-----+-----------+
    |ap_done                 |   9|          2|    1|          2|
    |data_V_data_0_V_blk_n   |   9|          2|    1|          2|
    |data_V_data_10_V_blk_n  |   9|          2|    1|          2|
    |data_V_data_11_V_blk_n  |   9|          2|    1|          2|
    |data_V_data_12_V_blk_n  |   9|          2|    1|          2|
    |data_V_data_13_V_blk_n  |   9|          2|    1|          2|
    |data_V_data_14_V_blk_n  |   9|          2|    1|          2|
    |data_V_data_1_V_blk_n   |   9|          2|    1|          2|
    |data_V_data_2_V_blk_n   |   9|          2|    1|          2|
    |data_V_data_3_V_blk_n   |   9|          2|    1|          2|
    |data_V_data_4_V_blk_n   |   9|          2|    1|          2|
    |data_V_data_5_V_blk_n   |   9|          2|    1|          2|
    |data_V_data_6_V_blk_n   |   9|          2|    1|          2|
    |data_V_data_7_V_blk_n   |   9|          2|    1|          2|
    |data_V_data_8_V_blk_n   |   9|          2|    1|          2|
    |data_V_data_9_V_blk_n   |   9|          2|    1|          2|
    |real_start              |   9|          2|    1|          2|
    |res_V_data_0_V_blk_n    |   9|          2|    1|          2|
    |res_V_data_10_V_blk_n   |   9|          2|    1|          2|
    |res_V_data_11_V_blk_n   |   9|          2|    1|          2|
    |res_V_data_12_V_blk_n   |   9|          2|    1|          2|
    |res_V_data_13_V_blk_n   |   9|          2|    1|          2|
    |res_V_data_14_V_blk_n   |   9|          2|    1|          2|
    |res_V_data_1_V_blk_n    |   9|          2|    1|          2|
    |res_V_data_2_V_blk_n    |   9|          2|    1|          2|
    |res_V_data_3_V_blk_n    |   9|          2|    1|          2|
    |res_V_data_4_V_blk_n    |   9|          2|    1|          2|
    |res_V_data_5_V_blk_n    |   9|          2|    1|          2|
    |res_V_data_6_V_blk_n    |   9|          2|    1|          2|
    |res_V_data_7_V_blk_n    |   9|          2|    1|          2|
    |res_V_data_8_V_blk_n    |   9|          2|    1|          2|
    |res_V_data_9_V_blk_n    |   9|          2|    1|          2|
    +------------------------+----+-----------+-----+-----------+
    |Total                   | 288|         64|   32|         64|
    +------------------------+----+-----------+-----+-----------+

    * Register: 
    +-------------------------+---+----+-----+-----------+
    |           Name          | FF| LUT| Bits| Const Bits|
    +-------------------------+---+----+-----+-----------+
    |ap_CS_fsm                |  1|   0|    1|          0|
    |ap_done_reg              |  1|   0|    1|          0|
    |ap_enable_reg_pp0_iter1  |  1|   0|    1|          0|
    |start_once_reg           |  1|   0|    1|          0|
    |tmp_data_0_V_reg_963     |  8|   0|    8|          0|
    |tmp_data_10_V_reg_1013   |  8|   0|    8|          0|
    |tmp_data_11_V_reg_1018   |  8|   0|    8|          0|
    |tmp_data_12_V_reg_1023   |  8|   0|    8|          0|
    |tmp_data_13_V_reg_1028   |  8|   0|    8|          0|
    |tmp_data_14_V_reg_1033   |  8|   0|    8|          0|
    |tmp_data_1_V_reg_968     |  8|   0|    8|          0|
    |tmp_data_2_V_reg_973     |  8|   0|    8|          0|
    |tmp_data_3_V_reg_978     |  8|   0|    8|          0|
    |tmp_data_4_V_reg_983     |  8|   0|    8|          0|
    |tmp_data_5_V_reg_988     |  8|   0|    8|          0|
    |tmp_data_6_V_reg_993     |  8|   0|    8|          0|
    |tmp_data_7_V_reg_998     |  8|   0|    8|          0|
    |tmp_data_8_V_reg_1003    |  8|   0|    8|          0|
    |tmp_data_9_V_reg_1008    |  8|   0|    8|          0|
    +-------------------------+---+----+-----+-----------+
    |Total                    |124|   0|  124|          0|
    +-------------------------+---+----+-----+-----------+



================================================================
== Interface
================================================================
* Summary: 
+--------------------------+-----+-----+------------+-------------------------------------------------------------------------+--------------+
|         RTL Ports        | Dir | Bits|  Protocol  |                              Source Object                              |    C Type    |
+--------------------------+-----+-----+------------+-------------------------------------------------------------------------+--------------+
|ap_clk                    |  in |    1| ap_ctrl_hs | relu<array<ap_fixed,15u>,array<ap_ufixed<8,2,5,3,0>,15u>,relu_config17> | return value |
|ap_rst                    |  in |    1| ap_ctrl_hs | relu<array<ap_fixed,15u>,array<ap_ufixed<8,2,5,3,0>,15u>,relu_config17> | return value |
|ap_start                  |  in |    1| ap_ctrl_hs | relu<array<ap_fixed,15u>,array<ap_ufixed<8,2,5,3,0>,15u>,relu_config17> | return value |
|start_full_n              |  in |    1| ap_ctrl_hs | relu<array<ap_fixed,15u>,array<ap_ufixed<8,2,5,3,0>,15u>,relu_config17> | return value |
|ap_done                   | out |    1| ap_ctrl_hs | relu<array<ap_fixed,15u>,array<ap_ufixed<8,2,5,3,0>,15u>,relu_config17> | return value |
|ap_continue               |  in |    1| ap_ctrl_hs | relu<array<ap_fixed,15u>,array<ap_ufixed<8,2,5,3,0>,15u>,relu_config17> | return value |
|ap_idle                   | out |    1| ap_ctrl_hs | relu<array<ap_fixed,15u>,array<ap_ufixed<8,2,5,3,0>,15u>,relu_config17> | return value |
|ap_ready                  | out |    1| ap_ctrl_hs | relu<array<ap_fixed,15u>,array<ap_ufixed<8,2,5,3,0>,15u>,relu_config17> | return value |
|start_out                 | out |    1| ap_ctrl_hs | relu<array<ap_fixed,15u>,array<ap_ufixed<8,2,5,3,0>,15u>,relu_config17> | return value |
|start_write               | out |    1| ap_ctrl_hs | relu<array<ap_fixed,15u>,array<ap_ufixed<8,2,5,3,0>,15u>,relu_config17> | return value |
|data_V_data_0_V_dout      |  in |   16|   ap_fifo  |                             data_V_data_0_V                             |    pointer   |
|data_V_data_0_V_empty_n   |  in |    1|   ap_fifo  |                             data_V_data_0_V                             |    pointer   |
|data_V_data_0_V_read      | out |    1|   ap_fifo  |                             data_V_data_0_V                             |    pointer   |
|data_V_data_1_V_dout      |  in |   16|   ap_fifo  |                             data_V_data_1_V                             |    pointer   |
|data_V_data_1_V_empty_n   |  in |    1|   ap_fifo  |                             data_V_data_1_V                             |    pointer   |
|data_V_data_1_V_read      | out |    1|   ap_fifo  |                             data_V_data_1_V                             |    pointer   |
|data_V_data_2_V_dout      |  in |   16|   ap_fifo  |                             data_V_data_2_V                             |    pointer   |
|data_V_data_2_V_empty_n   |  in |    1|   ap_fifo  |                             data_V_data_2_V                             |    pointer   |
|data_V_data_2_V_read      | out |    1|   ap_fifo  |                             data_V_data_2_V                             |    pointer   |
|data_V_data_3_V_dout      |  in |   16|   ap_fifo  |                             data_V_data_3_V                             |    pointer   |
|data_V_data_3_V_empty_n   |  in |    1|   ap_fifo  |                             data_V_data_3_V                             |    pointer   |
|data_V_data_3_V_read      | out |    1|   ap_fifo  |                             data_V_data_3_V                             |    pointer   |
|data_V_data_4_V_dout      |  in |   16|   ap_fifo  |                             data_V_data_4_V                             |    pointer   |
|data_V_data_4_V_empty_n   |  in |    1|   ap_fifo  |                             data_V_data_4_V                             |    pointer   |
|data_V_data_4_V_read      | out |    1|   ap_fifo  |                             data_V_data_4_V                             |    pointer   |
|data_V_data_5_V_dout      |  in |   16|   ap_fifo  |                             data_V_data_5_V                             |    pointer   |
|data_V_data_5_V_empty_n   |  in |    1|   ap_fifo  |                             data_V_data_5_V                             |    pointer   |
|data_V_data_5_V_read      | out |    1|   ap_fifo  |                             data_V_data_5_V                             |    pointer   |
|data_V_data_6_V_dout      |  in |   16|   ap_fifo  |                             data_V_data_6_V                             |    pointer   |
|data_V_data_6_V_empty_n   |  in |    1|   ap_fifo  |                             data_V_data_6_V                             |    pointer   |
|data_V_data_6_V_read      | out |    1|   ap_fifo  |                             data_V_data_6_V                             |    pointer   |
|data_V_data_7_V_dout      |  in |   16|   ap_fifo  |                             data_V_data_7_V                             |    pointer   |
|data_V_data_7_V_empty_n   |  in |    1|   ap_fifo  |                             data_V_data_7_V                             |    pointer   |
|data_V_data_7_V_read      | out |    1|   ap_fifo  |                             data_V_data_7_V                             |    pointer   |
|data_V_data_8_V_dout      |  in |   16|   ap_fifo  |                             data_V_data_8_V                             |    pointer   |
|data_V_data_8_V_empty_n   |  in |    1|   ap_fifo  |                             data_V_data_8_V                             |    pointer   |
|data_V_data_8_V_read      | out |    1|   ap_fifo  |                             data_V_data_8_V                             |    pointer   |
|data_V_data_9_V_dout      |  in |   16|   ap_fifo  |                             data_V_data_9_V                             |    pointer   |
|data_V_data_9_V_empty_n   |  in |    1|   ap_fifo  |                             data_V_data_9_V                             |    pointer   |
|data_V_data_9_V_read      | out |    1|   ap_fifo  |                             data_V_data_9_V                             |    pointer   |
|data_V_data_10_V_dout     |  in |   16|   ap_fifo  |                             data_V_data_10_V                            |    pointer   |
|data_V_data_10_V_empty_n  |  in |    1|   ap_fifo  |                             data_V_data_10_V                            |    pointer   |
|data_V_data_10_V_read     | out |    1|   ap_fifo  |                             data_V_data_10_V                            |    pointer   |
|data_V_data_11_V_dout     |  in |   16|   ap_fifo  |                             data_V_data_11_V                            |    pointer   |
|data_V_data_11_V_empty_n  |  in |    1|   ap_fifo  |                             data_V_data_11_V                            |    pointer   |
|data_V_data_11_V_read     | out |    1|   ap_fifo  |                             data_V_data_11_V                            |    pointer   |
|data_V_data_12_V_dout     |  in |   16|   ap_fifo  |                             data_V_data_12_V                            |    pointer   |
|data_V_data_12_V_empty_n  |  in |    1|   ap_fifo  |                             data_V_data_12_V                            |    pointer   |
|data_V_data_12_V_read     | out |    1|   ap_fifo  |                             data_V_data_12_V                            |    pointer   |
|data_V_data_13_V_dout     |  in |   16|   ap_fifo  |                             data_V_data_13_V                            |    pointer   |
|data_V_data_13_V_empty_n  |  in |    1|   ap_fifo  |                             data_V_data_13_V                            |    pointer   |
|data_V_data_13_V_read     | out |    1|   ap_fifo  |                             data_V_data_13_V                            |    pointer   |
|data_V_data_14_V_dout     |  in |   16|   ap_fifo  |                             data_V_data_14_V                            |    pointer   |
|data_V_data_14_V_empty_n  |  in |    1|   ap_fifo  |                             data_V_data_14_V                            |    pointer   |
|data_V_data_14_V_read     | out |    1|   ap_fifo  |                             data_V_data_14_V                            |    pointer   |
|res_V_data_0_V_din        | out |    8|   ap_fifo  |                              res_V_data_0_V                             |    pointer   |
|res_V_data_0_V_full_n     |  in |    1|   ap_fifo  |                              res_V_data_0_V                             |    pointer   |
|res_V_data_0_V_write      | out |    1|   ap_fifo  |                              res_V_data_0_V                             |    pointer   |
|res_V_data_1_V_din        | out |    8|   ap_fifo  |                              res_V_data_1_V                             |    pointer   |
|res_V_data_1_V_full_n     |  in |    1|   ap_fifo  |                              res_V_data_1_V                             |    pointer   |
|res_V_data_1_V_write      | out |    1|   ap_fifo  |                              res_V_data_1_V                             |    pointer   |
|res_V_data_2_V_din        | out |    8|   ap_fifo  |                              res_V_data_2_V                             |    pointer   |
|res_V_data_2_V_full_n     |  in |    1|   ap_fifo  |                              res_V_data_2_V                             |    pointer   |
|res_V_data_2_V_write      | out |    1|   ap_fifo  |                              res_V_data_2_V                             |    pointer   |
|res_V_data_3_V_din        | out |    8|   ap_fifo  |                              res_V_data_3_V                             |    pointer   |
|res_V_data_3_V_full_n     |  in |    1|   ap_fifo  |                              res_V_data_3_V                             |    pointer   |
|res_V_data_3_V_write      | out |    1|   ap_fifo  |                              res_V_data_3_V                             |    pointer   |
|res_V_data_4_V_din        | out |    8|   ap_fifo  |                              res_V_data_4_V                             |    pointer   |
|res_V_data_4_V_full_n     |  in |    1|   ap_fifo  |                              res_V_data_4_V                             |    pointer   |
|res_V_data_4_V_write      | out |    1|   ap_fifo  |                              res_V_data_4_V                             |    pointer   |
|res_V_data_5_V_din        | out |    8|   ap_fifo  |                              res_V_data_5_V                             |    pointer   |
|res_V_data_5_V_full_n     |  in |    1|   ap_fifo  |                              res_V_data_5_V                             |    pointer   |
|res_V_data_5_V_write      | out |    1|   ap_fifo  |                              res_V_data_5_V                             |    pointer   |
|res_V_data_6_V_din        | out |    8|   ap_fifo  |                              res_V_data_6_V                             |    pointer   |
|res_V_data_6_V_full_n     |  in |    1|   ap_fifo  |                              res_V_data_6_V                             |    pointer   |
|res_V_data_6_V_write      | out |    1|   ap_fifo  |                              res_V_data_6_V                             |    pointer   |
|res_V_data_7_V_din        | out |    8|   ap_fifo  |                              res_V_data_7_V                             |    pointer   |
|res_V_data_7_V_full_n     |  in |    1|   ap_fifo  |                              res_V_data_7_V                             |    pointer   |
|res_V_data_7_V_write      | out |    1|   ap_fifo  |                              res_V_data_7_V                             |    pointer   |
|res_V_data_8_V_din        | out |    8|   ap_fifo  |                              res_V_data_8_V                             |    pointer   |
|res_V_data_8_V_full_n     |  in |    1|   ap_fifo  |                              res_V_data_8_V                             |    pointer   |
|res_V_data_8_V_write      | out |    1|   ap_fifo  |                              res_V_data_8_V                             |    pointer   |
|res_V_data_9_V_din        | out |    8|   ap_fifo  |                              res_V_data_9_V                             |    pointer   |
|res_V_data_9_V_full_n     |  in |    1|   ap_fifo  |                              res_V_data_9_V                             |    pointer   |
|res_V_data_9_V_write      | out |    1|   ap_fifo  |                              res_V_data_9_V                             |    pointer   |
|res_V_data_10_V_din       | out |    8|   ap_fifo  |                             res_V_data_10_V                             |    pointer   |
|res_V_data_10_V_full_n    |  in |    1|   ap_fifo  |                             res_V_data_10_V                             |    pointer   |
|res_V_data_10_V_write     | out |    1|   ap_fifo  |                             res_V_data_10_V                             |    pointer   |
|res_V_data_11_V_din       | out |    8|   ap_fifo  |                             res_V_data_11_V                             |    pointer   |
|res_V_data_11_V_full_n    |  in |    1|   ap_fifo  |                             res_V_data_11_V                             |    pointer   |
|res_V_data_11_V_write     | out |    1|   ap_fifo  |                             res_V_data_11_V                             |    pointer   |
|res_V_data_12_V_din       | out |    8|   ap_fifo  |                             res_V_data_12_V                             |    pointer   |
|res_V_data_12_V_full_n    |  in |    1|   ap_fifo  |                             res_V_data_12_V                             |    pointer   |
|res_V_data_12_V_write     | out |    1|   ap_fifo  |                             res_V_data_12_V                             |    pointer   |
|res_V_data_13_V_din       | out |    8|   ap_fifo  |                             res_V_data_13_V                             |    pointer   |
|res_V_data_13_V_full_n    |  in |    1|   ap_fifo  |                             res_V_data_13_V                             |    pointer   |
|res_V_data_13_V_write     | out |    1|   ap_fifo  |                             res_V_data_13_V                             |    pointer   |
|res_V_data_14_V_din       | out |    8|   ap_fifo  |                             res_V_data_14_V                             |    pointer   |
|res_V_data_14_V_full_n    |  in |    1|   ap_fifo  |                             res_V_data_14_V                             |    pointer   |
|res_V_data_14_V_write     | out |    1|   ap_fifo  |                             res_V_data_14_V                             |    pointer   |
+--------------------------+-----+-----+------------+-------------------------------------------------------------------------+--------------+

