Copyright 1986-2019 Xilinx, Inc. All Rights Reserved.
-----------------------------------------------------------------------------------------
| Tool Version      : Vivado v.2019.1 (lin64) Build 2552052 Fri May 24 14:47:09 MDT 2019
| Date              : Wed Nov  5 23:04:35 2025
| Host              : hvm1 running 64-bit Ubuntu 22.04.5 LTS
| Command           : report_timing_summary -file reports/10_4_SA6_timing.rpt
| Design            : waiz_benchmark
| Device            : xcvu13p-fhga2104
| Speed File        : -3  PRODUCTION 1.23 03-18-2019
| Temperature Grade : E
-----------------------------------------------------------------------------------------

Timing Summary Report

------------------------------------------------------------------------------------------------
| Timer Settings
| --------------
------------------------------------------------------------------------------------------------

  Enable Multi Corner Analysis               :  Yes
  Enable Pessimism Removal                   :  Yes
  Pessimism Removal Resolution               :  Nearest Common Node
  Enable Input Delay Default Clock           :  No
  Enable Preset / Clear Arcs                 :  No
  Disable Flight Delays                      :  No
  Ignore I/O Paths                           :  No
  Timing Early Launch at Borrowing Latches   :  No
  Borrow Time for Max Delay Exceptions       :  Yes

  Corner  Analyze    Analyze    
  Name    Max Paths  Min Paths  
  ------  ---------  ---------  
  Slow    Yes        Yes        
  Fast    Yes        Yes        



check_timing report

Table of Contents
-----------------
1. checking no_clock
2. checking constant_clock
3. checking pulse_width_clock
4. checking unconstrained_internal_endpoints
5. checking no_input_delay
6. checking no_output_delay
7. checking multiple_clock
8. checking generated_clocks
9. checking loops
10. checking partial_input_delay
11. checking partial_output_delay
12. checking latch_loops

1. checking no_clock
--------------------
 There are 0 register/latch pins with no clock.


2. checking constant_clock
--------------------------
 There are 0 register/latch pins with constant_clock.


3. checking pulse_width_clock
-----------------------------
 There are 0 register/latch pins which need pulse_width check


4. checking unconstrained_internal_endpoints
--------------------------------------------
 There are 0 pins that are not constrained for maximum delay.

 There are 0 pins that are not constrained for maximum delay due to constant clock.


5. checking no_input_delay
--------------------------
 There are 162 input ports with no input delay specified. (HIGH)

 There are 0 input ports with no input delay but user has a false path constraint.


6. checking no_output_delay
---------------------------
 There are 51 ports with no output delay specified. (HIGH)

 There are 0 ports with no output delay but user has a false path constraint

 There are 0 ports with no output delay but with a timing clock defined on it or propagating through it


7. checking multiple_clock
--------------------------
 There are 0 register/latch pins with multiple clocks.


8. checking generated_clocks
----------------------------
 There are 0 generated clocks that are not connected to a clock source.


9. checking loops
-----------------
 There are 0 combinational loops in the design.


10. checking partial_input_delay
--------------------------------
 There are 0 input ports with partial input delay specified.


11. checking partial_output_delay
---------------------------------
 There are 0 ports with partial output delay specified.


12. checking latch_loops
------------------------
 There are 0 combinational latch loops in the design through latch input



------------------------------------------------------------------------------------------------
| Design Timing Summary
| ---------------------
------------------------------------------------------------------------------------------------

    WNS(ns)      TNS(ns)  TNS Failing Endpoints  TNS Total Endpoints      WHS(ns)      THS(ns)  THS Failing Endpoints  THS Total Endpoints     WPWS(ns)     TPWS(ns)  TPWS Failing Endpoints  TPWS Total Endpoints  
    -------      -------  ---------------------  -------------------      -------      -------  ---------------------  -------------------     --------     --------  ----------------------  --------------------  
      0.976        0.000                      0                33784        0.004        0.000                      0                33784        2.225        0.000                       0                 36498  


All user specified timing constraints are met.


------------------------------------------------------------------------------------------------
| Clock Summary
| -------------
------------------------------------------------------------------------------------------------

Clock   Waveform(ns)         Period(ns)      Frequency(MHz)
-----   ------------         ----------      --------------
ap_clk  {0.000 2.500}        5.000           200.000         


------------------------------------------------------------------------------------------------
| Intra Clock Table
| -----------------
------------------------------------------------------------------------------------------------

Clock             WNS(ns)      TNS(ns)  TNS Failing Endpoints  TNS Total Endpoints      WHS(ns)      THS(ns)  THS Failing Endpoints  THS Total Endpoints     WPWS(ns)     TPWS(ns)  TPWS Failing Endpoints  TPWS Total Endpoints  
-----             -------      -------  ---------------------  -------------------      -------      -------  ---------------------  -------------------     --------     --------  ----------------------  --------------------  
ap_clk              0.976        0.000                      0                33784        0.004        0.000                      0                33784        2.225        0.000                       0                 36498  


------------------------------------------------------------------------------------------------
| Inter Clock Table
| -----------------
------------------------------------------------------------------------------------------------

From Clock    To Clock          WNS(ns)      TNS(ns)  TNS Failing Endpoints  TNS Total Endpoints      WHS(ns)      THS(ns)  THS Failing Endpoints  THS Total Endpoints  
----------    --------          -------      -------  ---------------------  -------------------      -------      -------  ---------------------  -------------------  


------------------------------------------------------------------------------------------------
| Other Path Groups Table
| -----------------------
------------------------------------------------------------------------------------------------

Path Group    From Clock    To Clock          WNS(ns)      TNS(ns)  TNS Failing Endpoints  TNS Total Endpoints      WHS(ns)      THS(ns)  THS Failing Endpoints  THS Total Endpoints  
----------    ----------    --------          -------      -------  ---------------------  -------------------      -------      -------  ---------------------  -------------------  


------------------------------------------------------------------------------------------------
| Timing Details
| --------------
------------------------------------------------------------------------------------------------


---------------------------------------------------------------------------------------------------
From Clock:  ap_clk
  To Clock:  ap_clk

Setup :            0  Failing Endpoints,  Worst Slack        0.976ns,  Total Violation        0.000ns
Hold  :            0  Failing Endpoints,  Worst Slack        0.004ns,  Total Violation        0.000ns
PW    :            0  Failing Endpoints,  Worst Slack        2.225ns,  Total Violation        0.000ns
---------------------------------------------------------------------------------------------------


Max Delay Paths
--------------------------------------------------------------------------------------
Slack (MET) :             0.976ns  (required time - arrival time)
  Source:                 denselayer1/FSM_onehot_state_reg[2]/C
                            (rising edge-triggered cell FDCE clocked by ap_clk  {rise@0.000ns fall@2.500ns period=5.000ns})
  Destination:            denselayer1/output_data_reg[41][2]/CE
                            (rising edge-triggered cell FDCE clocked by ap_clk  {rise@0.000ns fall@2.500ns period=5.000ns})
  Path Group:             ap_clk
  Path Type:              Setup (Max at Slow Process Corner)
  Requirement:            5.000ns  (ap_clk rise@5.000ns - ap_clk rise@0.000ns)
  Data Path Delay:        3.911ns  (logic 0.071ns (1.815%)  route 3.840ns (98.185%))
  Logic Levels:           0  
  Clock Path Skew:        -0.034ns (DCD - SCD + CPR)
    Destination Clock Delay (DCD):    1.707ns = ( 6.707 - 5.000 ) 
    Source Clock Delay      (SCD):    2.001ns
    Clock Pessimism Removal (CPR):    0.259ns
  Clock Uncertainty:      0.035ns  ((TSJ^2 + TIJ^2)^1/2 + DJ) / 2 + PE
    Total System Jitter     (TSJ):    0.071ns
    Total Input Jitter      (TIJ):    0.000ns
    Discrete Jitter          (DJ):    0.000ns
    Phase Error              (PE):    0.000ns
  Clock Net Delay (Source):      1.046ns (routing 0.156ns, distribution 0.890ns)
  Clock Net Delay (Destination): 0.997ns (routing 0.141ns, distribution 0.856ns)

    Location             Delay type                Incr(ns)  Path(ns)    Netlist Resource(s)
  -------------------------------------------------------------------    -------------------
                         (clock ap_clk rise edge)     0.000     0.000 r  
    AY9                                               0.000     0.000 r  clk (IN)
                         net (fo=0)                   0.000     0.000    clk_IBUF_inst/I
    AY9                  INBUF (Prop_INBUF_HPIOB_M_PAD_O)
                                                      0.602     0.602 r  clk_IBUF_inst/INBUF_INST/O
                         net (fo=1, routed)           0.000     0.602    clk_IBUF_inst/OUT
    AY9                  IBUFCTRL (Prop_IBUFCTRL_HPIOB_M_I_O)
                                                      0.000     0.602 r  clk_IBUF_inst/IBUFCTRL_INST/O
                         net (fo=1, routed)           0.325     0.927    clk_IBUF
    BUFGCE_X0Y146        BUFGCE (Prop_BUFCE_BUFGCE_I_O)
                                                      0.028     0.955 r  clk_IBUF_BUFG_inst/O
    X4Y6 (CLOCK_ROOT)    net (fo=36522, routed)       1.046     2.001    denselayer1/CLK
    SLICE_X120Y385       FDCE                                         r  denselayer1/FSM_onehot_state_reg[2]/C
  -------------------------------------------------------------------    -------------------
    SLICE_X120Y385       FDCE (Prop_FFF2_SLICEL_C_Q)
                                                      0.071     2.072 r  denselayer1/FSM_onehot_state_reg[2]/Q
                         net (fo=643, routed)         3.840     5.912    denselayer1/output_data
    SLICE_X129Y431       FDCE                                         r  denselayer1/output_data_reg[41][2]/CE
  -------------------------------------------------------------------    -------------------

                         (clock ap_clk rise edge)     5.000     5.000 r  
    AY9                                               0.000     5.000 r  clk (IN)
                         net (fo=0)                   0.000     5.000    clk_IBUF_inst/I
    AY9                  INBUF (Prop_INBUF_HPIOB_M_PAD_O)
                                                      0.397     5.397 r  clk_IBUF_inst/INBUF_INST/O
                         net (fo=1, routed)           0.000     5.397    clk_IBUF_inst/OUT
    AY9                  IBUFCTRL (Prop_IBUFCTRL_HPIOB_M_I_O)
                                                      0.000     5.397 r  clk_IBUF_inst/IBUFCTRL_INST/O
                         net (fo=1, routed)           0.289     5.686    clk_IBUF
    BUFGCE_X0Y146        BUFGCE (Prop_BUFCE_BUFGCE_I_O)
                                                      0.024     5.710 r  clk_IBUF_BUFG_inst/O
    X4Y6 (CLOCK_ROOT)    net (fo=36522, routed)       0.997     6.707    denselayer1/CLK
    SLICE_X129Y431       FDCE                                         r  denselayer1/output_data_reg[41][2]/C
                         clock pessimism              0.259     6.967    
                         clock uncertainty           -0.035     6.931    
    SLICE_X129Y431       FDCE (Setup_DFF_SLICEM_C_CE)
                                                     -0.044     6.887    denselayer1/output_data_reg[41][2]
  -------------------------------------------------------------------
                         required time                          6.887    
                         arrival time                          -5.912    
  -------------------------------------------------------------------
                         slack                                  0.976    





Min Delay Paths
--------------------------------------------------------------------------------------
Slack (MET) :             0.004ns  (arrival time - required time)
  Source:                 denselayer3/sum_all/col_trees[28].column_tree/genblk2[2].genblk1[16].tree_reg[16][6]/C
                            (rising edge-triggered cell FDRE clocked by ap_clk  {rise@0.000ns fall@2.500ns period=5.000ns})
  Destination:            denselayer3/sum_all/col_trees[28].column_tree/genblk2[1].genblk1[4].tree_reg[4][6]/D
                            (rising edge-triggered cell FDRE clocked by ap_clk  {rise@0.000ns fall@2.500ns period=5.000ns})
  Path Group:             ap_clk
  Path Type:              Hold (Min at Slow Process Corner)
  Requirement:            0.000ns  (ap_clk rise@0.000ns - ap_clk rise@0.000ns)
  Data Path Delay:        0.226ns  (logic 0.108ns (47.788%)  route 0.118ns (52.212%))
  Logic Levels:           2  (CARRY8=1 LUT6=1)
  Clock Path Skew:        0.176ns (DCD - SCD - CPR)
    Destination Clock Delay (DCD):    2.187ns
    Source Clock Delay      (SCD):    1.751ns
    Clock Pessimism Removal (CPR):    0.259ns
  Clock Net Delay (Source):      1.041ns (routing 0.141ns, distribution 0.900ns)
  Clock Net Delay (Destination): 1.232ns (routing 0.156ns, distribution 1.076ns)

    Location             Delay type                Incr(ns)  Path(ns)    Netlist Resource(s)
  -------------------------------------------------------------------    -------------------
                         (clock ap_clk rise edge)     0.000     0.000 r  
    AY9                                               0.000     0.000 r  clk (IN)
                         net (fo=0)                   0.000     0.000    clk_IBUF_inst/I
    AY9                  INBUF (Prop_INBUF_HPIOB_M_PAD_O)
                                                      0.397     0.397 r  clk_IBUF_inst/INBUF_INST/O
                         net (fo=1, routed)           0.000     0.397    clk_IBUF_inst/OUT
    AY9                  IBUFCTRL (Prop_IBUFCTRL_HPIOB_M_I_O)
                                                      0.000     0.397 r  clk_IBUF_inst/IBUFCTRL_INST/O
                         net (fo=1, routed)           0.289     0.686    clk_IBUF
    BUFGCE_X0Y146        BUFGCE (Prop_BUFCE_BUFGCE_I_O)
                                                      0.024     0.710 r  clk_IBUF_BUFG_inst/O
    X4Y6 (CLOCK_ROOT)    net (fo=36522, routed)       1.041     1.751    denselayer3/sum_all/col_trees[28].column_tree/CLK
    SLICE_X98Y419        FDRE                                         r  denselayer3/sum_all/col_trees[28].column_tree/genblk2[2].genblk1[16].tree_reg[16][6]/C
  -------------------------------------------------------------------    -------------------
    SLICE_X98Y419        FDRE (Prop_GFF_SLICEL_C_Q)
                                                      0.054     1.805 r  denselayer3/sum_all/col_trees[28].column_tree/genblk2[2].genblk1[16].tree_reg[16][6]/Q
                         net (fo=2, routed)           0.099     1.904    denselayer3/sum_all/col_trees[28].column_tree/genblk2[2].genblk1[16].tree_reg[16]_66[6]
    SLICE_X96Y421        LUT6 (Prop_G6LUT_SLICEL_I2_O)
                                                      0.031     1.935 r  denselayer3/sum_all/col_trees[28].column_tree/genblk2[1].genblk1[4].tree[4][7]_i_10__1/O
                         net (fo=1, routed)           0.009     1.944    denselayer3/sum_all/col_trees[28].column_tree/genblk2[1].genblk1[4].tree[4][7]_i_10__1_n_0
    SLICE_X96Y421        CARRY8 (Prop_CARRY8_SLICEL_S[6]_O[6])
                                                      0.023     1.967 r  denselayer3/sum_all/col_trees[28].column_tree/genblk2[1].genblk1[4].tree_reg[4][7]_i_1__1/O[6]
                         net (fo=1, routed)           0.010     1.977    denselayer3/sum_all/col_trees[28].column_tree/p_10_out[6]
    SLICE_X96Y421        FDRE                                         r  denselayer3/sum_all/col_trees[28].column_tree/genblk2[1].genblk1[4].tree_reg[4][6]/D
  -------------------------------------------------------------------    -------------------

                         (clock ap_clk rise edge)     0.000     0.000 r  
    AY9                                               0.000     0.000 r  clk (IN)
                         net (fo=0)                   0.000     0.000    clk_IBUF_inst/I
    AY9                  INBUF (Prop_INBUF_HPIOB_M_PAD_O)
                                                      0.602     0.602 r  clk_IBUF_inst/INBUF_INST/O
                         net (fo=1, routed)           0.000     0.602    clk_IBUF_inst/OUT
    AY9                  IBUFCTRL (Prop_IBUFCTRL_HPIOB_M_I_O)
                                                      0.000     0.602 r  clk_IBUF_inst/IBUFCTRL_INST/O
                         net (fo=1, routed)           0.325     0.927    clk_IBUF
    BUFGCE_X0Y146        BUFGCE (Prop_BUFCE_BUFGCE_I_O)
                                                      0.028     0.955 r  clk_IBUF_BUFG_inst/O
    X4Y6 (CLOCK_ROOT)    net (fo=36522, routed)       1.232     2.187    denselayer3/sum_all/col_trees[28].column_tree/CLK
    SLICE_X96Y421        FDRE                                         r  denselayer3/sum_all/col_trees[28].column_tree/genblk2[1].genblk1[4].tree_reg[4][6]/C
                         clock pessimism             -0.259     1.927    
    SLICE_X96Y421        FDRE (Hold_GFF_SLICEL_C_D)
                                                      0.046     1.973    denselayer3/sum_all/col_trees[28].column_tree/genblk2[1].genblk1[4].tree_reg[4][6]
  -------------------------------------------------------------------
                         required time                         -1.973    
                         arrival time                           1.977    
  -------------------------------------------------------------------
                         slack                                  0.004    





Pulse Width Checks
--------------------------------------------------------------------------------------
Clock Name:         ap_clk
Waveform(ns):       { 0.000 2.500 }
Period(ns):         5.000
Sources:            { clk }

Check Type        Corner  Lib Pin   Reference Pin  Required(ns)  Actual(ns)  Slack(ns)  Location        Pin
Min Period        n/a     BUFGCE/I  n/a            1.122         5.000       3.878      BUFGCE_X0Y146   clk_IBUF_BUFG_inst/I
Low Pulse Width   Slow    FDRE/C    n/a            0.275         2.500       2.225      SLICE_X154Y406  denselayer1/sum_all/col_trees[24].column_tree/output_data_reg[6]/C
High Pulse Width  Slow    FDRE/C    n/a            0.275         2.500       2.225      SLICE_X168Y358  denselayer1/INPUT_SIZE_rows[13].OUTPUT_SIZE_cols[59].sa/data_out_reg[10]/C



