Copyright 1986-2019 Xilinx, Inc. All Rights Reserved.
-------------------------------------------------------------------------------------------------------
| Tool Version : Vivado v.2019.1 (lin64) Build 2552052 Fri May 24 14:47:09 MDT 2019
| Date         : Wed Oct 22 11:55:07 2025
| Host         : hvm1 running 64-bit Ubuntu 22.04.5 LTS
| Command      : report_utilization -hierarchical -hierarchical_depth 1 -file reports/16_6_hier_fx.rpt
| Design       : waiz_benchmark
| Device       : xcvu13pfhga2104-3
| Design State : Routed
-------------------------------------------------------------------------------------------------------

Utilization Design Information

Table of Contents
-----------------
1. Utilization by Hierarchy

1. Utilization by Hierarchy
---------------------------

+--------------------+---------------------------------------+------------+------------+---------+------+-------+--------+--------+------+--------------+
|      Instance      |                 Module                | Total LUTs | Logic LUTs | LUTRAMs | SRLs |  FFs  | RAMB36 | RAMB18 | URAM | DSP48 Blocks |
+--------------------+---------------------------------------+------------+------------+---------+------+-------+--------+--------+------+--------------+
| waiz_benchmark     |                                 (top) |     116319 |     116319 |       0 |    0 | 58889 |      0 |      0 |    0 |         1000 |
|   (waiz_benchmark) |                                 (top) |          0 |          0 |       0 |    0 |     0 |      0 |      0 |    0 |            0 |
|   denselayer1      |                            denseLayer |      57000 |      57000 |       0 |    0 | 15224 |      0 |      0 |    0 |          300 |
|   denselayer2      |            denseLayer__parameterized0 |      38148 |      38148 |       0 |    0 | 27191 |      0 |      0 |    0 |          302 |
|   denselayer3      |            denseLayer__parameterized1 |      16007 |      16007 |       0 |    0 | 13995 |      0 |      0 |    0 |          341 |
|   denselayer4      |            denseLayer__parameterized2 |       2429 |       2429 |       0 |    0 |  2411 |      0 |      0 |    0 |           52 |
|   relulayer1       |                   reluActivationLayer |       6643 |       6643 |       0 |    0 |     0 |      0 |      0 |    0 |            0 |
|   relulayer2       |   reluActivationLayer__parameterized0 |       2819 |       2819 |       0 |    0 |     0 |      0 |      0 |    0 |            0 |
|   relulayer3       | reluActivationLayer__parameterized0_0 |        807 |        807 |       0 |    0 |     0 |      0 |      0 |    0 |            0 |
|   softmax          |                          softmaxLayer |        988 |        988 |       0 |    0 |    68 |      0 |      0 |    0 |            5 |
+--------------------+---------------------------------------+------------+------------+---------+------+-------+--------+--------+------+--------------+
* Note: The sum of lower-level cells may be larger than their parent cells total, due to cross-hierarchy LUT combining


