Copyright 1986-2019 Xilinx, Inc. All Rights Reserved.
-----------------------------------------------------------------------------------------
| Tool Version      : Vivado v.2019.1 (lin64) Build 2552052 Fri May 24 14:47:09 MDT 2019
| Date              : Sat Nov  8 22:53:18 2025
| Host              : hvm1 running 64-bit Ubuntu 22.04.5 LTS
| Command           : report_timing_summary -file reports/16_6_SA3_2_timing.rpt
| Design            : waiz_benchmark
| Device            : xcvu13p-fhga2104
| Speed File        : -3  PRODUCTION 1.23 03-18-2019
| Temperature Grade : E
-----------------------------------------------------------------------------------------

Timing Summary Report

------------------------------------------------------------------------------------------------
| Timer Settings
| --------------
------------------------------------------------------------------------------------------------

  Enable Multi Corner Analysis               :  Yes
  Enable Pessimism Removal                   :  Yes
  Pessimism Removal Resolution               :  Nearest Common Node
  Enable Input Delay Default Clock           :  No
  Enable Preset / Clear Arcs                 :  No
  Disable Flight Delays                      :  No
  Ignore I/O Paths                           :  No
  Timing Early Launch at Borrowing Latches   :  No
  Borrow Time for Max Delay Exceptions       :  Yes

  Corner  Analyze    Analyze    
  Name    Max Paths  Min Paths  
  ------  ---------  ---------  
  Slow    Yes        Yes        
  Fast    Yes        Yes        



check_timing report

Table of Contents
-----------------
1. checking no_clock
2. checking constant_clock
3. checking pulse_width_clock
4. checking unconstrained_internal_endpoints
5. checking no_input_delay
6. checking no_output_delay
7. checking multiple_clock
8. checking generated_clocks
9. checking loops
10. checking partial_input_delay
11. checking partial_output_delay
12. checking latch_loops

1. checking no_clock
--------------------
 There are 0 register/latch pins with no clock.


2. checking constant_clock
--------------------------
 There are 0 register/latch pins with constant_clock.


3. checking pulse_width_clock
-----------------------------
 There are 0 register/latch pins which need pulse_width check


4. checking unconstrained_internal_endpoints
--------------------------------------------
 There are 0 pins that are not constrained for maximum delay.

 There are 0 pins that are not constrained for maximum delay due to constant clock.


5. checking no_input_delay
--------------------------
 There are 258 input ports with no input delay specified. (HIGH)

 There are 0 input ports with no input delay but user has a false path constraint.


6. checking no_output_delay
---------------------------
 There are 81 ports with no output delay specified. (HIGH)

 There are 0 ports with no output delay but user has a false path constraint

 There are 0 ports with no output delay but with a timing clock defined on it or propagating through it


7. checking multiple_clock
--------------------------
 There are 0 register/latch pins with multiple clocks.


8. checking generated_clocks
----------------------------
 There are 0 generated clocks that are not connected to a clock source.


9. checking loops
-----------------
 There are 0 combinational loops in the design.


10. checking partial_input_delay
--------------------------------
 There are 0 input ports with partial input delay specified.


11. checking partial_output_delay
---------------------------------
 There are 0 ports with partial output delay specified.


12. checking latch_loops
------------------------
 There are 0 combinational latch loops in the design through latch input



------------------------------------------------------------------------------------------------
| Design Timing Summary
| ---------------------
------------------------------------------------------------------------------------------------

    WNS(ns)      TNS(ns)  TNS Failing Endpoints  TNS Total Endpoints      WHS(ns)      THS(ns)  THS Failing Endpoints  THS Total Endpoints     WPWS(ns)     TPWS(ns)  TPWS Failing Endpoints  TPWS Total Endpoints  
    -------      -------  ---------------------  -------------------      -------      -------  ---------------------  -------------------     --------     --------  ----------------------  --------------------  
      0.734        0.000                      0               122529        0.019        0.000                      0               122529        2.225        0.000                       0                 56848  


All user specified timing constraints are met.


------------------------------------------------------------------------------------------------
| Clock Summary
| -------------
------------------------------------------------------------------------------------------------

Clock   Waveform(ns)         Period(ns)      Frequency(MHz)
-----   ------------         ----------      --------------
ap_clk  {0.000 2.500}        5.000           200.000         


------------------------------------------------------------------------------------------------
| Intra Clock Table
| -----------------
------------------------------------------------------------------------------------------------

Clock             WNS(ns)      TNS(ns)  TNS Failing Endpoints  TNS Total Endpoints      WHS(ns)      THS(ns)  THS Failing Endpoints  THS Total Endpoints     WPWS(ns)     TPWS(ns)  TPWS Failing Endpoints  TPWS Total Endpoints  
-----             -------      -------  ---------------------  -------------------      -------      -------  ---------------------  -------------------     --------     --------  ----------------------  --------------------  
ap_clk              0.734        0.000                      0               122529        0.019        0.000                      0               122529        2.225        0.000                       0                 56848  


------------------------------------------------------------------------------------------------
| Inter Clock Table
| -----------------
------------------------------------------------------------------------------------------------

From Clock    To Clock          WNS(ns)      TNS(ns)  TNS Failing Endpoints  TNS Total Endpoints      WHS(ns)      THS(ns)  THS Failing Endpoints  THS Total Endpoints  
----------    --------          -------      -------  ---------------------  -------------------      -------      -------  ---------------------  -------------------  


------------------------------------------------------------------------------------------------
| Other Path Groups Table
| -----------------------
------------------------------------------------------------------------------------------------

Path Group    From Clock    To Clock          WNS(ns)      TNS(ns)  TNS Failing Endpoints  TNS Total Endpoints      WHS(ns)      THS(ns)  THS Failing Endpoints  THS Total Endpoints  
----------    ----------    --------          -------      -------  ---------------------  -------------------      -------      -------  ---------------------  -------------------  


------------------------------------------------------------------------------------------------
| Timing Details
| --------------
------------------------------------------------------------------------------------------------


---------------------------------------------------------------------------------------------------
From Clock:  ap_clk
  To Clock:  ap_clk

Setup :            0  Failing Endpoints,  Worst Slack        0.734ns,  Total Violation        0.000ns
Hold  :            0  Failing Endpoints,  Worst Slack        0.019ns,  Total Violation        0.000ns
PW    :            0  Failing Endpoints,  Worst Slack        2.225ns,  Total Violation        0.000ns
---------------------------------------------------------------------------------------------------


Max Delay Paths
--------------------------------------------------------------------------------------
Slack (MET) :             0.734ns  (required time - arrival time)
  Source:                 denselayer1/FSM_onehot_state_reg[2]_replica/C
                            (rising edge-triggered cell FDCE clocked by ap_clk  {rise@0.000ns fall@2.500ns period=5.000ns})
  Destination:            denselayer1/output_data_reg[21][12]/CE
                            (rising edge-triggered cell FDCE clocked by ap_clk  {rise@0.000ns fall@2.500ns period=5.000ns})
  Path Group:             ap_clk
  Path Type:              Setup (Max at Slow Process Corner)
  Requirement:            5.000ns  (ap_clk rise@5.000ns - ap_clk rise@0.000ns)
  Data Path Delay:        4.056ns  (logic 0.070ns (1.726%)  route 3.986ns (98.274%))
  Logic Levels:           0  
  Clock Path Skew:        -0.131ns (DCD - SCD + CPR)
    Destination Clock Delay (DCD):    2.517ns = ( 7.517 - 5.000 ) 
    Source Clock Delay      (SCD):    2.989ns
    Clock Pessimism Removal (CPR):    0.342ns
  Clock Uncertainty:      0.035ns  ((TSJ^2 + TIJ^2)^1/2 + DJ) / 2 + PE
    Total System Jitter     (TSJ):    0.071ns
    Total Input Jitter      (TIJ):    0.000ns
    Discrete Jitter          (DJ):    0.000ns
    Phase Error              (PE):    0.000ns
  Clock Net Delay (Source):      2.127ns (routing 1.055ns, distribution 1.072ns)
  Clock Net Delay (Destination): 1.897ns (routing 0.956ns, distribution 0.941ns)

    Location             Delay type                Incr(ns)  Path(ns)    Netlist Resource(s)
  -------------------------------------------------------------------    -------------------
                         (clock ap_clk rise edge)     0.000     0.000 r  
    AR14                                              0.000     0.000 r  clk (IN)
                         net (fo=0)                   0.000     0.000    clk_IBUF_inst/I
    AR14                 INBUF (Prop_INBUF_HPIOB_M_PAD_O)
                                                      0.520     0.520 r  clk_IBUF_inst/INBUF_INST/O
                         net (fo=1, routed)           0.000     0.520    clk_IBUF_inst/OUT
    AR14                 IBUFCTRL (Prop_IBUFCTRL_HPIOB_M_I_O)
                                                      0.000     0.520 r  clk_IBUF_inst/IBUFCTRL_INST/O
                         net (fo=1, routed)           0.314     0.834    clk_IBUF
    BUFGCE_X0Y170        BUFGCE (Prop_BUFCE_BUFGCE_I_O)
                                                      0.028     0.862 r  clk_IBUF_BUFG_inst/O
    X3Y5 (CLOCK_ROOT)    net (fo=62932, routed)       2.127     2.989    denselayer1/clk_IBUF_BUFG
    SLICE_X120Y459       FDCE                                         r  denselayer1/FSM_onehot_state_reg[2]_replica/C
  -------------------------------------------------------------------    -------------------
    SLICE_X120Y459       FDCE (Prop_EFF_SLICEL_C_Q)
                                                      0.070     3.059 r  denselayer1/FSM_onehot_state_reg[2]_replica/Q
                         net (fo=159, routed)         3.986     7.045    denselayer1/output_data_repN
    SLICE_X54Y263        FDCE                                         r  denselayer1/output_data_reg[21][12]/CE
  -------------------------------------------------------------------    -------------------

                         (clock ap_clk rise edge)     5.000     5.000 r  
    AR14                                              0.000     5.000 r  clk (IN)
                         net (fo=0)                   0.000     5.000    clk_IBUF_inst/I
    AR14                 INBUF (Prop_INBUF_HPIOB_M_PAD_O)
                                                      0.317     5.317 r  clk_IBUF_inst/INBUF_INST/O
                         net (fo=1, routed)           0.000     5.317    clk_IBUF_inst/OUT
    AR14                 IBUFCTRL (Prop_IBUFCTRL_HPIOB_M_I_O)
                                                      0.000     5.317 r  clk_IBUF_inst/IBUFCTRL_INST/O
                         net (fo=1, routed)           0.279     5.596    clk_IBUF
    BUFGCE_X0Y170        BUFGCE (Prop_BUFCE_BUFGCE_I_O)
                                                      0.024     5.620 r  clk_IBUF_BUFG_inst/O
    X3Y5 (CLOCK_ROOT)    net (fo=62932, routed)       1.897     7.517    denselayer1/clk_IBUF_BUFG
    SLICE_X54Y263        FDCE                                         r  denselayer1/output_data_reg[21][12]/C
                         clock pessimism              0.342     7.858    
                         clock uncertainty           -0.035     7.823    
    SLICE_X54Y263        FDCE (Setup_EFF_SLICEL_C_CE)
                                                     -0.044     7.779    denselayer1/output_data_reg[21][12]
  -------------------------------------------------------------------
                         required time                          7.779    
                         arrival time                          -7.045    
  -------------------------------------------------------------------
                         slack                                  0.734    





Min Delay Paths
--------------------------------------------------------------------------------------
Slack (MET) :             0.019ns  (arrival time - required time)
  Source:                 denselayer2/INPUT_SIZE_rows[14].OUTPUT_SIZE_cols[16].sa/data_out_reg[14]/C
                            (rising edge-triggered cell FDRE clocked by ap_clk  {rise@0.000ns fall@2.500ns period=5.000ns})
  Destination:            denselayer2/sum_all/col_trees[16].column_tree/genblk2[2].genblk1[19].tree_reg[19][5]/D
                            (rising edge-triggered cell FDRE clocked by ap_clk  {rise@0.000ns fall@2.500ns period=5.000ns})
  Path Group:             ap_clk
  Path Type:              Hold (Min at Fast Process Corner)
  Requirement:            0.000ns  (ap_clk rise@0.000ns - ap_clk rise@0.000ns)
  Data Path Delay:        0.178ns  (logic 0.106ns (59.551%)  route 0.072ns (40.449%))
  Logic Levels:           2  (CARRY8=1 LUT5=1)
  Clock Path Skew:        0.113ns (DCD - SCD - CPR)
    Destination Clock Delay (DCD):    2.062ns
    Source Clock Delay      (SCD):    1.651ns
    Clock Pessimism Removal (CPR):    0.299ns
  Clock Net Delay (Source):      1.269ns (routing 0.639ns, distribution 0.630ns)
  Clock Net Delay (Destination): 1.456ns (routing 0.713ns, distribution 0.743ns)

    Location             Delay type                Incr(ns)  Path(ns)    Netlist Resource(s)
  -------------------------------------------------------------------    -------------------
                         (clock ap_clk rise edge)     0.000     0.000 r  
    AR14                                              0.000     0.000 r  clk (IN)
                         net (fo=0)                   0.000     0.000    clk_IBUF_inst/I
    AR14                 INBUF (Prop_INBUF_HPIOB_M_PAD_O)
                                                      0.221     0.221 r  clk_IBUF_inst/INBUF_INST/O
                         net (fo=1, routed)           0.000     0.221    clk_IBUF_inst/OUT
    AR14                 IBUFCTRL (Prop_IBUFCTRL_HPIOB_M_I_O)
                                                      0.000     0.221 r  clk_IBUF_inst/IBUFCTRL_INST/O
                         net (fo=1, routed)           0.144     0.365    clk_IBUF
    BUFGCE_X0Y170        BUFGCE (Prop_BUFCE_BUFGCE_I_O)
                                                      0.017     0.382 r  clk_IBUF_BUFG_inst/O
    X3Y5 (CLOCK_ROOT)    net (fo=62932, routed)       1.269     1.651    denselayer2/INPUT_SIZE_rows[14].OUTPUT_SIZE_cols[16].sa/clk_IBUF_BUFG
    SLICE_X64Y358        FDRE                                         r  denselayer2/INPUT_SIZE_rows[14].OUTPUT_SIZE_cols[16].sa/data_out_reg[14]/C
  -------------------------------------------------------------------    -------------------
    SLICE_X64Y358        FDRE (Prop_CFF_SLICEL_C_Q)
                                                      0.039     1.690 r  denselayer2/INPUT_SIZE_rows[14].OUTPUT_SIZE_cols[16].sa/data_out_reg[14]/Q
                         net (fo=4, routed)           0.058     1.748    denselayer2/INPUT_SIZE_rows[14].OUTPUT_SIZE_cols[16].sa/Q[4]
    SLICE_X64Y360        LUT5 (Prop_E6LUT_SLICEL_I3_O)
                                                      0.050     1.798 r  denselayer2/INPUT_SIZE_rows[14].OUTPUT_SIZE_cols[16].sa/genblk2[2].genblk1[19].tree[19][8]_i_7__0/O
                         net (fo=1, routed)           0.007     1.805    denselayer2/INPUT_SIZE_rows[14].OUTPUT_SIZE_cols[16].sa/genblk2[2].genblk1[19].tree[19][8]_i_7__0_n_0
    SLICE_X64Y360        CARRY8 (Prop_CARRY8_SLICEL_S[4]_O[4])
                                                      0.017     1.822 r  denselayer2/INPUT_SIZE_rows[14].OUTPUT_SIZE_cols[16].sa/genblk2[2].genblk1[19].tree_reg[19][8]_i_1__0/O[4]
                         net (fo=1, routed)           0.007     1.829    denselayer2/sum_all/col_trees[16].column_tree/genblk2[2].genblk1[19].tree_reg[19][15]_3[5]
    SLICE_X64Y360        FDRE                                         r  denselayer2/sum_all/col_trees[16].column_tree/genblk2[2].genblk1[19].tree_reg[19][5]/D
  -------------------------------------------------------------------    -------------------

                         (clock ap_clk rise edge)     0.000     0.000 r  
    AR14                                              0.000     0.000 r  clk (IN)
                         net (fo=0)                   0.000     0.000    clk_IBUF_inst/I
    AR14                 INBUF (Prop_INBUF_HPIOB_M_PAD_O)
                                                      0.406     0.406 r  clk_IBUF_inst/INBUF_INST/O
                         net (fo=1, routed)           0.000     0.406    clk_IBUF_inst/OUT
    AR14                 IBUFCTRL (Prop_IBUFCTRL_HPIOB_M_I_O)
                                                      0.000     0.406 r  clk_IBUF_inst/IBUFCTRL_INST/O
                         net (fo=1, routed)           0.181     0.587    clk_IBUF
    BUFGCE_X0Y170        BUFGCE (Prop_BUFCE_BUFGCE_I_O)
                                                      0.019     0.606 r  clk_IBUF_BUFG_inst/O
    X3Y5 (CLOCK_ROOT)    net (fo=62932, routed)       1.456     2.062    denselayer2/sum_all/col_trees[16].column_tree/clk_IBUF_BUFG
    SLICE_X64Y360        FDRE                                         r  denselayer2/sum_all/col_trees[16].column_tree/genblk2[2].genblk1[19].tree_reg[19][5]/C
                         clock pessimism             -0.299     1.764    
    SLICE_X64Y360        FDRE (Hold_EFF_SLICEL_C_D)
                                                      0.046     1.810    denselayer2/sum_all/col_trees[16].column_tree/genblk2[2].genblk1[19].tree_reg[19][5]
  -------------------------------------------------------------------
                         required time                         -1.810    
                         arrival time                           1.829    
  -------------------------------------------------------------------
                         slack                                  0.019    





Pulse Width Checks
--------------------------------------------------------------------------------------
Clock Name:         ap_clk
Waveform(ns):       { 0.000 2.500 }
Period(ns):         5.000
Sources:            { clk }

Check Type        Corner  Lib Pin   Reference Pin  Required(ns)  Actual(ns)  Slack(ns)  Location       Pin
Min Period        n/a     BUFGCE/I  n/a            1.122         5.000       3.878      BUFGCE_X0Y170  clk_IBUF_BUFG_inst/I
Low Pulse Width   Slow    FDCE/C    n/a            0.275         2.500       2.225      SLICE_X51Y342  denselayer1/output_data_reg[10][13]/C
High Pulse Width  Fast    FDRE/C    n/a            0.275         2.500       2.225      SLICE_X27Y313  denselayer1/INPUT_SIZE_rows[12].OUTPUT_SIZE_cols[49].sa/data_out_reg[16]/C



