Copyright 1986-2019 Xilinx, Inc. All Rights Reserved.
----------------------------------------------------------------------------------------------------
| Tool Version : Vivado v.2019.1 (lin64) Build 2552052 Fri May 24 14:47:09 MDT 2019
| Date         : Sun Oct 12 14:00:39 2025
| Host         : hvm1 running 64-bit Ubuntu 22.04.5 LTS
| Command      : report_utilization -hierarchical -hierarchical_depth 1 -file reports/16_6_hier.rpt
| Design       : waiz_benchmark
| Device       : 7vx690tffg1761-2
| Design State : Synthesized
----------------------------------------------------------------------------------------------------

Utilization Design Information

Table of Contents
-----------------
1. Utilization by Hierarchy

1. Utilization by Hierarchy
---------------------------

+--------------------+---------------------------------------+------------+------------+---------+------+-------+--------+--------+--------------+
|      Instance      |                 Module                | Total LUTs | Logic LUTs | LUTRAMs | SRLs |  FFs  | RAMB36 | RAMB18 | DSP48 Blocks |
+--------------------+---------------------------------------+------------+------------+---------+------+-------+--------+--------+--------------+
| waiz_benchmark     |                                 (top) |     119572 |     119572 |       0 |    0 | 59445 |      0 |      0 |         1000 |
|   (waiz_benchmark) |                                 (top) |         32 |         32 |       0 |    0 |     0 |      0 |      0 |            0 |
|   denselayer1      |                            denseLayer |      58570 |      58570 |       0 |    0 | 15356 |      0 |      0 |          300 |
|   denselayer2      |            denseLayer__parameterized0 |      38769 |      38769 |       0 |    0 | 27519 |      0 |      0 |          302 |
|   denselayer3      |            denseLayer__parameterized1 |      16045 |      16045 |       0 |    0 | 14092 |      0 |      0 |          341 |
|   denselayer4      |            denseLayer__parameterized2 |       2423 |       2423 |       0 |    0 |  2410 |      0 |      0 |           52 |
|   relulayer1       |                   reluActivationLayer |       7077 |       7077 |       0 |    0 |     0 |      0 |      0 |            0 |
|   relulayer2       |   reluActivationLayer__parameterized0 |       3041 |       3041 |       0 |    0 |     0 |      0 |      0 |            0 |
|   relulayer3       | reluActivationLayer__parameterized0_0 |       1000 |       1000 |       0 |    0 |     0 |      0 |      0 |            0 |
|   softmax          |                          softmaxLayer |        996 |        996 |       0 |    0 |    68 |      0 |      0 |            5 |
+--------------------+---------------------------------------+------------+------------+---------+------+-------+--------+--------+--------------+


