Copyright 1986-2019 Xilinx, Inc. All Rights Reserved.
-----------------------------------------------------------------------------------------
| Tool Version      : Vivado v.2019.1 (lin64) Build 2552052 Fri May 24 14:47:09 MDT 2019
| Date              : Thu Nov 13 13:29:18 2025
| Host              : hvm1 running 64-bit Ubuntu 22.04.5 LTS
| Command           : report_timing_summary -file reports/16_6_Fixed_int_SD_timing.rpt
| Design            : waiz_benchmark
| Device            : xcvu13p-fhga2104
| Speed File        : -3  PRODUCTION 1.23 03-18-2019
| Temperature Grade : E
-----------------------------------------------------------------------------------------

Timing Summary Report

------------------------------------------------------------------------------------------------
| Timer Settings
| --------------
------------------------------------------------------------------------------------------------

  Enable Multi Corner Analysis               :  Yes
  Enable Pessimism Removal                   :  Yes
  Pessimism Removal Resolution               :  Nearest Common Node
  Enable Input Delay Default Clock           :  No
  Enable Preset / Clear Arcs                 :  No
  Disable Flight Delays                      :  No
  Ignore I/O Paths                           :  No
  Timing Early Launch at Borrowing Latches   :  No
  Borrow Time for Max Delay Exceptions       :  Yes

  Corner  Analyze    Analyze    
  Name    Max Paths  Min Paths  
  ------  ---------  ---------  
  Slow    Yes        Yes        
  Fast    Yes        Yes        



check_timing report

Table of Contents
-----------------
1. checking no_clock
2. checking constant_clock
3. checking pulse_width_clock
4. checking unconstrained_internal_endpoints
5. checking no_input_delay
6. checking no_output_delay
7. checking multiple_clock
8. checking generated_clocks
9. checking loops
10. checking partial_input_delay
11. checking partial_output_delay
12. checking latch_loops

1. checking no_clock
--------------------
 There are 0 register/latch pins with no clock.


2. checking constant_clock
--------------------------
 There are 0 register/latch pins with constant_clock.


3. checking pulse_width_clock
-----------------------------
 There are 0 register/latch pins which need pulse_width check


4. checking unconstrained_internal_endpoints
--------------------------------------------
 There are 0 pins that are not constrained for maximum delay.

 There are 0 pins that are not constrained for maximum delay due to constant clock.


5. checking no_input_delay
--------------------------
 There are 258 input ports with no input delay specified. (HIGH)

 There are 0 input ports with no input delay but user has a false path constraint.


6. checking no_output_delay
---------------------------
 There are 81 ports with no output delay specified. (HIGH)

 There are 0 ports with no output delay but user has a false path constraint

 There are 0 ports with no output delay but with a timing clock defined on it or propagating through it


7. checking multiple_clock
--------------------------
 There are 0 register/latch pins with multiple clocks.


8. checking generated_clocks
----------------------------
 There are 0 generated clocks that are not connected to a clock source.


9. checking loops
-----------------
 There are 0 combinational loops in the design.


10. checking partial_input_delay
--------------------------------
 There are 0 input ports with partial input delay specified.


11. checking partial_output_delay
---------------------------------
 There are 0 ports with partial output delay specified.


12. checking latch_loops
------------------------
 There are 0 combinational latch loops in the design through latch input



------------------------------------------------------------------------------------------------
| Design Timing Summary
| ---------------------
------------------------------------------------------------------------------------------------

    WNS(ns)      TNS(ns)  TNS Failing Endpoints  TNS Total Endpoints      WHS(ns)      THS(ns)  THS Failing Endpoints  THS Total Endpoints     WPWS(ns)     TPWS(ns)  TPWS Failing Endpoints  TPWS Total Endpoints  
    -------      -------  ---------------------  -------------------      -------      -------  ---------------------  -------------------     --------     --------  ----------------------  --------------------  
      0.916        0.000                      0               118935        0.001        0.000                      0               118935        2.225        0.000                       0                 57972  


All user specified timing constraints are met.


------------------------------------------------------------------------------------------------
| Clock Summary
| -------------
------------------------------------------------------------------------------------------------

Clock   Waveform(ns)         Period(ns)      Frequency(MHz)
-----   ------------         ----------      --------------
ap_clk  {0.000 2.500}        5.000           200.000         


------------------------------------------------------------------------------------------------
| Intra Clock Table
| -----------------
------------------------------------------------------------------------------------------------

Clock             WNS(ns)      TNS(ns)  TNS Failing Endpoints  TNS Total Endpoints      WHS(ns)      THS(ns)  THS Failing Endpoints  THS Total Endpoints     WPWS(ns)     TPWS(ns)  TPWS Failing Endpoints  TPWS Total Endpoints  
-----             -------      -------  ---------------------  -------------------      -------      -------  ---------------------  -------------------     --------     --------  ----------------------  --------------------  
ap_clk              0.916        0.000                      0               118935        0.001        0.000                      0               118935        2.225        0.000                       0                 57972  


------------------------------------------------------------------------------------------------
| Inter Clock Table
| -----------------
------------------------------------------------------------------------------------------------

From Clock    To Clock          WNS(ns)      TNS(ns)  TNS Failing Endpoints  TNS Total Endpoints      WHS(ns)      THS(ns)  THS Failing Endpoints  THS Total Endpoints  
----------    --------          -------      -------  ---------------------  -------------------      -------      -------  ---------------------  -------------------  


------------------------------------------------------------------------------------------------
| Other Path Groups Table
| -----------------------
------------------------------------------------------------------------------------------------

Path Group    From Clock    To Clock          WNS(ns)      TNS(ns)  TNS Failing Endpoints  TNS Total Endpoints      WHS(ns)      THS(ns)  THS Failing Endpoints  THS Total Endpoints  
----------    ----------    --------          -------      -------  ---------------------  -------------------      -------      -------  ---------------------  -------------------  


------------------------------------------------------------------------------------------------
| Timing Details
| --------------
------------------------------------------------------------------------------------------------


---------------------------------------------------------------------------------------------------
From Clock:  ap_clk
  To Clock:  ap_clk

Setup :            0  Failing Endpoints,  Worst Slack        0.916ns,  Total Violation        0.000ns
Hold  :            0  Failing Endpoints,  Worst Slack        0.001ns,  Total Violation        0.000ns
PW    :            0  Failing Endpoints,  Worst Slack        2.225ns,  Total Violation        0.000ns
---------------------------------------------------------------------------------------------------


Max Delay Paths
--------------------------------------------------------------------------------------
Slack (MET) :             0.916ns  (required time - arrival time)
  Source:                 denselayer1/output_data_reg[1][10]/C
                            (rising edge-triggered cell FDCE clocked by ap_clk  {rise@0.000ns fall@2.500ns period=5.000ns})
  Destination:            denselayer2/INPUT_SIZE_rows[1].OUTPUT_SIZE_cols[25].sa/data_out_reg[25]/D
                            (rising edge-triggered cell FDRE clocked by ap_clk  {rise@0.000ns fall@2.500ns period=5.000ns})
  Path Group:             ap_clk
  Path Type:              Setup (Max at Slow Process Corner)
  Requirement:            5.000ns  (ap_clk rise@5.000ns - ap_clk rise@0.000ns)
  Data Path Delay:        3.830ns  (logic 0.570ns (14.883%)  route 3.260ns (85.117%))
  Logic Levels:           5  (CARRY8=2 LUT2=1 LUT6=2)
  Clock Path Skew:        -0.242ns (DCD - SCD + CPR)
    Destination Clock Delay (DCD):    2.512ns = ( 7.512 - 5.000 ) 
    Source Clock Delay      (SCD):    3.095ns
    Clock Pessimism Removal (CPR):    0.342ns
  Clock Uncertainty:      0.035ns  ((TSJ^2 + TIJ^2)^1/2 + DJ) / 2 + PE
    Total System Jitter     (TSJ):    0.071ns
    Total Input Jitter      (TIJ):    0.000ns
    Discrete Jitter          (DJ):    0.000ns
    Phase Error              (PE):    0.000ns
  Clock Net Delay (Source):      2.233ns (routing 1.055ns, distribution 1.178ns)
  Clock Net Delay (Destination): 1.892ns (routing 0.956ns, distribution 0.936ns)

    Location             Delay type                Incr(ns)  Path(ns)    Netlist Resource(s)
  -------------------------------------------------------------------    -------------------
                         (clock ap_clk rise edge)     0.000     0.000 r  
    AR14                                              0.000     0.000 r  clk (IN)
                         net (fo=0)                   0.000     0.000    clk_IBUF_inst/I
    AR14                 INBUF (Prop_INBUF_HPIOB_M_PAD_O)
                                                      0.520     0.520 r  clk_IBUF_inst/INBUF_INST/O
                         net (fo=1, routed)           0.000     0.520    clk_IBUF_inst/OUT
    AR14                 IBUFCTRL (Prop_IBUFCTRL_HPIOB_M_I_O)
                                                      0.000     0.520 r  clk_IBUF_inst/IBUFCTRL_INST/O
                         net (fo=1, routed)           0.314     0.834    clk_IBUF
    BUFGCE_X0Y170        BUFGCE (Prop_BUFCE_BUFGCE_I_O)
                                                      0.028     0.862 r  clk_IBUF_BUFG_inst/O
    X3Y5 (CLOCK_ROOT)    net (fo=63671, routed)       2.233     3.095    denselayer1/clk_IBUF_BUFG
    SLICE_X153Y391       FDCE                                         r  denselayer1/output_data_reg[1][10]/C
  -------------------------------------------------------------------    -------------------
    SLICE_X153Y391       FDCE (Prop_AFF_SLICEL_C_Q)
                                                      0.069     3.164 r  denselayer1/output_data_reg[1][10]/Q
                         net (fo=122, routed)         1.798     4.962    relulayer1/Q[10]
    SLICE_X143Y242       LUT2 (Prop_B6LUT_SLICEL_I0_O)
                                                      0.135     5.097 r  relulayer1/buff0_reg_i_5/O
                         net (fo=39, routed)          1.040     6.137    denselayer1/INPUT_SIZE_rows[1].OUTPUT_SIZE_cols[25].sa/dense2_input_data[62][10]
    SLICE_X118Y285       LUT6 (Prop_G6LUT_SLICEM_I4_O)
                                                      0.082     6.219 r  denselayer1/INPUT_SIZE_rows[1].OUTPUT_SIZE_cols[25].sa/data_out0__3_carry__0_i_2__5/O
                         net (fo=2, routed)           0.363     6.582    denselayer1/INPUT_SIZE_rows[1].OUTPUT_SIZE_cols[25].sa/output_data_reg[1][10][6]
    SLICE_X123Y282       LUT6 (Prop_G6LUT_SLICEL_I0_O)
                                                      0.082     6.664 r  denselayer1/INPUT_SIZE_rows[1].OUTPUT_SIZE_cols[25].sa/data_out0__3_carry__0_i_10__5/O
                         net (fo=1, routed)           0.012     6.676    denselayer2/INPUT_SIZE_rows[1].OUTPUT_SIZE_cols[25].sa/data_out_reg[18]_1[6]
    SLICE_X123Y282       CARRY8 (Prop_CARRY8_SLICEL_S[6]_CO[7])
                                                      0.099     6.775 r  denselayer2/INPUT_SIZE_rows[1].OUTPUT_SIZE_cols[25].sa/data_out0__3_carry__0/CO[7]
                         net (fo=1, routed)           0.023     6.798    denselayer2/INPUT_SIZE_rows[1].OUTPUT_SIZE_cols[25].sa/data_out0__3_carry__0_n_0
    SLICE_X123Y283       CARRY8 (Prop_CARRY8_SLICEL_CI_O[5])
                                                      0.103     6.901 r  denselayer2/INPUT_SIZE_rows[1].OUTPUT_SIZE_cols[25].sa/data_out0__3_carry__1/O[5]
                         net (fo=1, routed)           0.024     6.925    denselayer2/INPUT_SIZE_rows[1].OUTPUT_SIZE_cols[25].sa/p_0_in[25]
    SLICE_X123Y283       FDRE                                         r  denselayer2/INPUT_SIZE_rows[1].OUTPUT_SIZE_cols[25].sa/data_out_reg[25]/D
  -------------------------------------------------------------------    -------------------

                         (clock ap_clk rise edge)     5.000     5.000 r  
    AR14                                              0.000     5.000 r  clk (IN)
                         net (fo=0)                   0.000     5.000    clk_IBUF_inst/I
    AR14                 INBUF (Prop_INBUF_HPIOB_M_PAD_O)
                                                      0.317     5.317 r  clk_IBUF_inst/INBUF_INST/O
                         net (fo=1, routed)           0.000     5.317    clk_IBUF_inst/OUT
    AR14                 IBUFCTRL (Prop_IBUFCTRL_HPIOB_M_I_O)
                                                      0.000     5.317 r  clk_IBUF_inst/IBUFCTRL_INST/O
                         net (fo=1, routed)           0.279     5.596    clk_IBUF
    BUFGCE_X0Y170        BUFGCE (Prop_BUFCE_BUFGCE_I_O)
                                                      0.024     5.620 r  clk_IBUF_BUFG_inst/O
    X3Y5 (CLOCK_ROOT)    net (fo=63671, routed)       1.892     7.512    denselayer2/INPUT_SIZE_rows[1].OUTPUT_SIZE_cols[25].sa/clk_IBUF_BUFG
    SLICE_X123Y283       FDRE                                         r  denselayer2/INPUT_SIZE_rows[1].OUTPUT_SIZE_cols[25].sa/data_out_reg[25]/C
                         clock pessimism              0.342     7.853    
                         clock uncertainty           -0.035     7.818    
    SLICE_X123Y283       FDRE (Setup_FFF_SLICEL_C_D)
                                                      0.023     7.841    denselayer2/INPUT_SIZE_rows[1].OUTPUT_SIZE_cols[25].sa/data_out_reg[25]
  -------------------------------------------------------------------
                         required time                          7.841    
                         arrival time                          -6.925    
  -------------------------------------------------------------------
                         slack                                  0.916    





Min Delay Paths
--------------------------------------------------------------------------------------
Slack (MET) :             0.001ns  (arrival time - required time)
  Source:                 denselayer2/INPUT_SIZE_rows[29].OUTPUT_SIZE_cols[18].sa/data_out_reg[13]/C
                            (rising edge-triggered cell FDRE clocked by ap_clk  {rise@0.000ns fall@2.500ns period=5.000ns})
  Destination:            denselayer2/sum_all/col_trees[18].column_tree/genblk2[2].genblk1[23].tree_reg[23][4]/D
                            (rising edge-triggered cell FDRE clocked by ap_clk  {rise@0.000ns fall@2.500ns period=5.000ns})
  Path Group:             ap_clk
  Path Type:              Hold (Min at Slow Process Corner)
  Requirement:            0.000ns  (ap_clk rise@0.000ns - ap_clk rise@0.000ns)
  Data Path Delay:        0.185ns  (logic 0.095ns (51.351%)  route 0.090ns (48.649%))
  Logic Levels:           2  (CARRY8=1 LUT6=1)
  Clock Path Skew:        0.138ns (DCD - SCD - CPR)
    Destination Clock Delay (DCD):    3.112ns
    Source Clock Delay      (SCD):    2.629ns
    Clock Pessimism Removal (CPR):    0.346ns
  Clock Net Delay (Source):      2.009ns (routing 0.956ns, distribution 1.053ns)
  Clock Net Delay (Destination): 2.250ns (routing 1.055ns, distribution 1.195ns)

    Location             Delay type                Incr(ns)  Path(ns)    Netlist Resource(s)
  -------------------------------------------------------------------    -------------------
                         (clock ap_clk rise edge)     0.000     0.000 r  
    AR14                                              0.000     0.000 r  clk (IN)
                         net (fo=0)                   0.000     0.000    clk_IBUF_inst/I
    AR14                 INBUF (Prop_INBUF_HPIOB_M_PAD_O)
                                                      0.317     0.317 r  clk_IBUF_inst/INBUF_INST/O
                         net (fo=1, routed)           0.000     0.317    clk_IBUF_inst/OUT
    AR14                 IBUFCTRL (Prop_IBUFCTRL_HPIOB_M_I_O)
                                                      0.000     0.317 r  clk_IBUF_inst/IBUFCTRL_INST/O
                         net (fo=1, routed)           0.279     0.596    clk_IBUF
    BUFGCE_X0Y170        BUFGCE (Prop_BUFCE_BUFGCE_I_O)
                                                      0.024     0.620 r  clk_IBUF_BUFG_inst/O
    X3Y5 (CLOCK_ROOT)    net (fo=63671, routed)       2.009     2.629    denselayer2/INPUT_SIZE_rows[29].OUTPUT_SIZE_cols[18].sa/clk_IBUF_BUFG
    SLICE_X157Y299       FDRE                                         r  denselayer2/INPUT_SIZE_rows[29].OUTPUT_SIZE_cols[18].sa/data_out_reg[13]/C
  -------------------------------------------------------------------    -------------------
    SLICE_X157Y299       FDRE (Prop_FFF_SLICEM_C_Q)
                                                      0.052     2.681 r  denselayer2/INPUT_SIZE_rows[29].OUTPUT_SIZE_cols[18].sa/data_out_reg[13]/Q
                         net (fo=3, routed)           0.067     2.748    denselayer2/INPUT_SIZE_rows[31].OUTPUT_SIZE_cols[18].sa/genblk2[2].genblk1[23].tree[23][15]_i_12__14[2]
    SLICE_X157Y301       LUT6 (Prop_E6LUT_SLICEM_I3_O)
                                                      0.019     2.767 r  denselayer2/INPUT_SIZE_rows[31].OUTPUT_SIZE_cols[18].sa/genblk2[2].genblk1[23].tree[23][7]_i_12__17/O
                         net (fo=1, routed)           0.013     2.780    denselayer2/INPUT_SIZE_rows[31].OUTPUT_SIZE_cols[18].sa/genblk2[2].genblk1[23].tree[23][7]_i_12__17_n_0
    SLICE_X157Y301       CARRY8 (Prop_CARRY8_SLICEM_S[4]_O[4])
                                                      0.024     2.804 r  denselayer2/INPUT_SIZE_rows[31].OUTPUT_SIZE_cols[18].sa/genblk2[2].genblk1[23].tree_reg[23][7]_i_1__17/O[4]
                         net (fo=1, routed)           0.010     2.814    denselayer2/sum_all/col_trees[18].column_tree/genblk2[2].genblk1[23].tree_reg[23][15]_0[4]
    SLICE_X157Y301       FDRE                                         r  denselayer2/sum_all/col_trees[18].column_tree/genblk2[2].genblk1[23].tree_reg[23][4]/D
  -------------------------------------------------------------------    -------------------

                         (clock ap_clk rise edge)     0.000     0.000 r  
    AR14                                              0.000     0.000 r  clk (IN)
                         net (fo=0)                   0.000     0.000    clk_IBUF_inst/I
    AR14                 INBUF (Prop_INBUF_HPIOB_M_PAD_O)
                                                      0.520     0.520 r  clk_IBUF_inst/INBUF_INST/O
                         net (fo=1, routed)           0.000     0.520    clk_IBUF_inst/OUT
    AR14                 IBUFCTRL (Prop_IBUFCTRL_HPIOB_M_I_O)
                                                      0.000     0.520 r  clk_IBUF_inst/IBUFCTRL_INST/O
                         net (fo=1, routed)           0.314     0.834    clk_IBUF
    BUFGCE_X0Y170        BUFGCE (Prop_BUFCE_BUFGCE_I_O)
                                                      0.028     0.862 r  clk_IBUF_BUFG_inst/O
    X3Y5 (CLOCK_ROOT)    net (fo=63671, routed)       2.250     3.112    denselayer2/sum_all/col_trees[18].column_tree/clk_IBUF_BUFG
    SLICE_X157Y301       FDRE                                         r  denselayer2/sum_all/col_trees[18].column_tree/genblk2[2].genblk1[23].tree_reg[23][4]/C
                         clock pessimism             -0.346     2.767    
    SLICE_X157Y301       FDRE (Hold_EFF_SLICEM_C_D)
                                                      0.046     2.813    denselayer2/sum_all/col_trees[18].column_tree/genblk2[2].genblk1[23].tree_reg[23][4]
  -------------------------------------------------------------------
                         required time                         -2.813    
                         arrival time                           2.814    
  -------------------------------------------------------------------
                         slack                                  0.001    





Pulse Width Checks
--------------------------------------------------------------------------------------
Clock Name:         ap_clk
Waveform(ns):       { 0.000 2.500 }
Period(ns):         5.000
Sources:            { clk }

Check Type        Corner  Lib Pin   Reference Pin  Required(ns)  Actual(ns)  Slack(ns)  Location        Pin
Min Period        n/a     BUFGCE/I  n/a            1.122         5.000       3.878      BUFGCE_X0Y170   clk_IBUF_BUFG_inst/I
Low Pulse Width   Slow    FDRE/C    n/a            0.275         2.500       2.225      SLICE_X121Y284  denselayer2/INPUT_SIZE_rows[8].OUTPUT_SIZE_cols[6].sa/data_out_reg[10]/C
High Pulse Width  Slow    FDRE/C    n/a            0.275         2.500       2.225      SLICE_X175Y333  denselayer1/sum_all/col_trees[48].column_tree/genblk2[0].genblk1[1].tree_reg[1][8]/C



