Copyright 1986-2019 Xilinx, Inc. All Rights Reserved.
-----------------------------------------------------------------------------------------
| Tool Version      : Vivado v.2019.1 (lin64) Build 2552052 Fri May 24 14:47:09 MDT 2019
| Date              : Thu Nov  6 18:40:25 2025
| Host              : hvm1 running 64-bit Ubuntu 22.04.5 LTS
| Command           : report_timing_summary -file reports/19_7_SA3_5_timing.rpt
| Design            : waiz_benchmark
| Device            : xcvu13p-fhga2104
| Speed File        : -3  PRODUCTION 1.23 03-18-2019
| Temperature Grade : E
-----------------------------------------------------------------------------------------

Timing Summary Report

------------------------------------------------------------------------------------------------
| Timer Settings
| --------------
------------------------------------------------------------------------------------------------

  Enable Multi Corner Analysis               :  Yes
  Enable Pessimism Removal                   :  Yes
  Pessimism Removal Resolution               :  Nearest Common Node
  Enable Input Delay Default Clock           :  No
  Enable Preset / Clear Arcs                 :  No
  Disable Flight Delays                      :  No
  Ignore I/O Paths                           :  No
  Timing Early Launch at Borrowing Latches   :  No
  Borrow Time for Max Delay Exceptions       :  Yes

  Corner  Analyze    Analyze    
  Name    Max Paths  Min Paths  
  ------  ---------  ---------  
  Slow    Yes        Yes        
  Fast    Yes        Yes        



check_timing report

Table of Contents
-----------------
1. checking no_clock
2. checking constant_clock
3. checking pulse_width_clock
4. checking unconstrained_internal_endpoints
5. checking no_input_delay
6. checking no_output_delay
7. checking multiple_clock
8. checking generated_clocks
9. checking loops
10. checking partial_input_delay
11. checking partial_output_delay
12. checking latch_loops

1. checking no_clock
--------------------
 There are 0 register/latch pins with no clock.


2. checking constant_clock
--------------------------
 There are 0 register/latch pins with constant_clock.


3. checking pulse_width_clock
-----------------------------
 There are 0 register/latch pins which need pulse_width check


4. checking unconstrained_internal_endpoints
--------------------------------------------
 There are 0 pins that are not constrained for maximum delay.

 There are 0 pins that are not constrained for maximum delay due to constant clock.


5. checking no_input_delay
--------------------------
 There are 306 input ports with no input delay specified. (HIGH)

 There are 0 input ports with no input delay but user has a false path constraint.


6. checking no_output_delay
---------------------------
 There are 96 ports with no output delay specified. (HIGH)

 There are 0 ports with no output delay but user has a false path constraint

 There are 0 ports with no output delay but with a timing clock defined on it or propagating through it


7. checking multiple_clock
--------------------------
 There are 0 register/latch pins with multiple clocks.


8. checking generated_clocks
----------------------------
 There are 0 generated clocks that are not connected to a clock source.


9. checking loops
-----------------
 There are 0 combinational loops in the design.


10. checking partial_input_delay
--------------------------------
 There are 0 input ports with partial input delay specified.


11. checking partial_output_delay
---------------------------------
 There are 0 ports with partial output delay specified.


12. checking latch_loops
------------------------
 There are 0 combinational latch loops in the design through latch input



------------------------------------------------------------------------------------------------
| Design Timing Summary
| ---------------------
------------------------------------------------------------------------------------------------

    WNS(ns)      TNS(ns)  TNS Failing Endpoints  TNS Total Endpoints      WHS(ns)      THS(ns)  THS Failing Endpoints  THS Total Endpoints     WPWS(ns)     TPWS(ns)  TPWS Failing Endpoints  TPWS Total Endpoints  
    -------      -------  ---------------------  -------------------      -------      -------  ---------------------  -------------------     --------     --------  ----------------------  --------------------  
      0.605        0.000                      0               161115        0.010        0.000                      0               161115        2.225        0.000                       0                 64109  


All user specified timing constraints are met.


------------------------------------------------------------------------------------------------
| Clock Summary
| -------------
------------------------------------------------------------------------------------------------

Clock   Waveform(ns)         Period(ns)      Frequency(MHz)
-----   ------------         ----------      --------------
ap_clk  {0.000 2.500}        5.000           200.000         


------------------------------------------------------------------------------------------------
| Intra Clock Table
| -----------------
------------------------------------------------------------------------------------------------

Clock             WNS(ns)      TNS(ns)  TNS Failing Endpoints  TNS Total Endpoints      WHS(ns)      THS(ns)  THS Failing Endpoints  THS Total Endpoints     WPWS(ns)     TPWS(ns)  TPWS Failing Endpoints  TPWS Total Endpoints  
-----             -------      -------  ---------------------  -------------------      -------      -------  ---------------------  -------------------     --------     --------  ----------------------  --------------------  
ap_clk              0.605        0.000                      0               161115        0.010        0.000                      0               161115        2.225        0.000                       0                 64109  


------------------------------------------------------------------------------------------------
| Inter Clock Table
| -----------------
------------------------------------------------------------------------------------------------

From Clock    To Clock          WNS(ns)      TNS(ns)  TNS Failing Endpoints  TNS Total Endpoints      WHS(ns)      THS(ns)  THS Failing Endpoints  THS Total Endpoints  
----------    --------          -------      -------  ---------------------  -------------------      -------      -------  ---------------------  -------------------  


------------------------------------------------------------------------------------------------
| Other Path Groups Table
| -----------------------
------------------------------------------------------------------------------------------------

Path Group    From Clock    To Clock          WNS(ns)      TNS(ns)  TNS Failing Endpoints  TNS Total Endpoints      WHS(ns)      THS(ns)  THS Failing Endpoints  THS Total Endpoints  
----------    ----------    --------          -------      -------  ---------------------  -------------------      -------      -------  ---------------------  -------------------  


------------------------------------------------------------------------------------------------
| Timing Details
| --------------
------------------------------------------------------------------------------------------------


---------------------------------------------------------------------------------------------------
From Clock:  ap_clk
  To Clock:  ap_clk

Setup :            0  Failing Endpoints,  Worst Slack        0.605ns,  Total Violation        0.000ns
Hold  :            0  Failing Endpoints,  Worst Slack        0.010ns,  Total Violation        0.000ns
PW    :            0  Failing Endpoints,  Worst Slack        2.225ns,  Total Violation        0.000ns
---------------------------------------------------------------------------------------------------


Max Delay Paths
--------------------------------------------------------------------------------------
Slack (MET) :             0.605ns  (required time - arrival time)
  Source:                 denselayer1/FSM_onehot_state_reg[2]_replica/C
                            (rising edge-triggered cell FDCE clocked by ap_clk  {rise@0.000ns fall@2.500ns period=5.000ns})
  Destination:            denselayer1/output_data_reg[1][1]/CE
                            (rising edge-triggered cell FDCE clocked by ap_clk  {rise@0.000ns fall@2.500ns period=5.000ns})
  Path Group:             ap_clk
  Path Type:              Setup (Max at Slow Process Corner)
  Requirement:            5.000ns  (ap_clk rise@5.000ns - ap_clk rise@0.000ns)
  Data Path Delay:        4.143ns  (logic 0.069ns (1.665%)  route 4.074ns (98.335%))
  Logic Levels:           0  
  Clock Path Skew:        -0.173ns (DCD - SCD + CPR)
    Destination Clock Delay (DCD):    3.388ns = ( 8.388 - 5.000 ) 
    Source Clock Delay      (SCD):    3.996ns
    Clock Pessimism Removal (CPR):    0.435ns
  Clock Uncertainty:      0.035ns  ((TSJ^2 + TIJ^2)^1/2 + DJ) / 2 + PE
    Total System Jitter     (TSJ):    0.071ns
    Total Input Jitter      (TIJ):    0.000ns
    Discrete Jitter          (DJ):    0.000ns
    Phase Error              (PE):    0.000ns
  Clock Net Delay (Source):      3.175ns (routing 2.044ns, distribution 1.131ns)
  Clock Net Delay (Destination): 2.809ns (routing 1.851ns, distribution 0.958ns)

    Location             Delay type                Incr(ns)  Path(ns)    Netlist Resource(s)
  -------------------------------------------------------------------    -------------------
                         (clock ap_clk rise edge)     0.000     0.000 r  
    U13                                               0.000     0.000 r  clk (IN)
                         net (fo=0)                   0.000     0.000    clk_IBUF_inst/I
    U13                  INBUF (Prop_INBUF_HPIOB_M_PAD_O)
                                                      0.479     0.479 r  clk_IBUF_inst/INBUF_INST/O
                         net (fo=1, routed)           0.000     0.479    clk_IBUF_inst/OUT
    U13                  IBUFCTRL (Prop_IBUFCTRL_HPIOB_M_I_O)
                                                      0.000     0.479 r  clk_IBUF_inst/IBUFCTRL_INST/O
                         net (fo=1, routed)           0.314     0.793    clk_IBUF
    BUFGCE_X0Y290        BUFGCE (Prop_BUFCE_BUFGCE_I_O)
                                                      0.028     0.821 r  clk_IBUF_BUFG_inst/O
    X3Y5 (CLOCK_ROOT)    net (fo=72543, routed)       3.175     3.996    denselayer1/clk_IBUF_BUFG
    SLR Crossing[3->1]   
    SLICE_X129Y468       FDCE                                         r  denselayer1/FSM_onehot_state_reg[2]_replica/C
  -------------------------------------------------------------------    -------------------
    SLICE_X129Y468       FDCE (Prop_EFF2_SLICEM_C_Q)
                                                      0.069     4.065 r  denselayer1/FSM_onehot_state_reg[2]_replica/Q
                         net (fo=137, routed)         4.074     8.139    denselayer1/output_data_repN
    SLICE_X48Y257        FDCE                                         r  denselayer1/output_data_reg[1][1]/CE
  -------------------------------------------------------------------    -------------------

                         (clock ap_clk rise edge)     5.000     5.000 r  
    U13                                               0.000     5.000 r  clk (IN)
                         net (fo=0)                   0.000     5.000    clk_IBUF_inst/I
    U13                  INBUF (Prop_INBUF_HPIOB_M_PAD_O)
                                                      0.276     5.276 r  clk_IBUF_inst/INBUF_INST/O
                         net (fo=1, routed)           0.000     5.276    clk_IBUF_inst/OUT
    U13                  IBUFCTRL (Prop_IBUFCTRL_HPIOB_M_I_O)
                                                      0.000     5.276 r  clk_IBUF_inst/IBUFCTRL_INST/O
                         net (fo=1, routed)           0.279     5.555    clk_IBUF
    BUFGCE_X0Y290        BUFGCE (Prop_BUFCE_BUFGCE_I_O)
                                                      0.024     5.579 r  clk_IBUF_BUFG_inst/O
    X3Y5 (CLOCK_ROOT)    net (fo=72543, routed)       2.809     8.388    denselayer1/clk_IBUF_BUFG
    SLR Crossing[3->1]   
    SLICE_X48Y257        FDCE                                         r  denselayer1/output_data_reg[1][1]/C
                         clock pessimism              0.435     8.823    
                         clock uncertainty           -0.035     8.788    
    SLICE_X48Y257        FDCE (Setup_EFF_SLICEM_C_CE)
                                                     -0.044     8.744    denselayer1/output_data_reg[1][1]
  -------------------------------------------------------------------
                         required time                          8.744    
                         arrival time                          -8.139    
  -------------------------------------------------------------------
                         slack                                  0.605    





Min Delay Paths
--------------------------------------------------------------------------------------
Slack (MET) :             0.010ns  (arrival time - required time)
  Source:                 denselayer3/sum_all/col_trees[18].column_tree/genblk2[0].genblk1[1].tree_reg[1][5]/C
                            (rising edge-triggered cell FDRE clocked by ap_clk  {rise@0.000ns fall@2.500ns period=5.000ns})
  Destination:            denselayer3/sum_all/col_trees[18].column_tree/output_data_reg[5]/D
                            (rising edge-triggered cell FDRE clocked by ap_clk  {rise@0.000ns fall@2.500ns period=5.000ns})
  Path Group:             ap_clk
  Path Type:              Hold (Min at Fast Process Corner)
  Requirement:            0.000ns  (ap_clk rise@0.000ns - ap_clk rise@0.000ns)
  Data Path Delay:        0.102ns  (logic 0.039ns (38.235%)  route 0.063ns (61.765%))
  Logic Levels:           0  
  Clock Path Skew:        0.045ns (DCD - SCD - CPR)
    Destination Clock Delay (DCD):    2.802ns
    Source Clock Delay      (SCD):    2.337ns
    Clock Pessimism Removal (CPR):    0.420ns
  Clock Net Delay (Source):      1.996ns (routing 1.251ns, distribution 0.745ns)
  Clock Net Delay (Destination): 2.237ns (routing 1.402ns, distribution 0.835ns)

    Location             Delay type                Incr(ns)  Path(ns)    Netlist Resource(s)
  -------------------------------------------------------------------    -------------------
                         (clock ap_clk rise edge)     0.000     0.000 r  
    U13                                               0.000     0.000 r  clk (IN)
                         net (fo=0)                   0.000     0.000    clk_IBUF_inst/I
    U13                  INBUF (Prop_INBUF_HPIOB_M_PAD_O)
                                                      0.180     0.180 r  clk_IBUF_inst/INBUF_INST/O
                         net (fo=1, routed)           0.000     0.180    clk_IBUF_inst/OUT
    U13                  IBUFCTRL (Prop_IBUFCTRL_HPIOB_M_I_O)
                                                      0.000     0.180 r  clk_IBUF_inst/IBUFCTRL_INST/O
                         net (fo=1, routed)           0.144     0.324    clk_IBUF
    BUFGCE_X0Y290        BUFGCE (Prop_BUFCE_BUFGCE_I_O)
                                                      0.017     0.341 r  clk_IBUF_BUFG_inst/O
    X3Y5 (CLOCK_ROOT)    net (fo=72543, routed)       1.996     2.337    denselayer3/sum_all/col_trees[18].column_tree/CLK
    SLR Crossing[3->1]   
    SLICE_X155Y394       FDRE                                         r  denselayer3/sum_all/col_trees[18].column_tree/genblk2[0].genblk1[1].tree_reg[1][5]/C
  -------------------------------------------------------------------    -------------------
    SLICE_X155Y394       FDRE (Prop_FFF_SLICEL_C_Q)
                                                      0.039     2.376 r  denselayer3/sum_all/col_trees[18].column_tree/genblk2[0].genblk1[1].tree_reg[1][5]/Q
                         net (fo=1, routed)           0.063     2.439    denselayer3/sum_all/col_trees[18].column_tree/genblk2[0].genblk1[1].tree_reg[1]_162[5]
    SLICE_X156Y394       FDRE                                         r  denselayer3/sum_all/col_trees[18].column_tree/output_data_reg[5]/D
  -------------------------------------------------------------------    -------------------

                         (clock ap_clk rise edge)     0.000     0.000 r  
    U13                                               0.000     0.000 r  clk (IN)
                         net (fo=0)                   0.000     0.000    clk_IBUF_inst/I
    U13                  INBUF (Prop_INBUF_HPIOB_M_PAD_O)
                                                      0.365     0.365 r  clk_IBUF_inst/INBUF_INST/O
                         net (fo=1, routed)           0.000     0.365    clk_IBUF_inst/OUT
    U13                  IBUFCTRL (Prop_IBUFCTRL_HPIOB_M_I_O)
                                                      0.000     0.365 r  clk_IBUF_inst/IBUFCTRL_INST/O
                         net (fo=1, routed)           0.181     0.546    clk_IBUF
    BUFGCE_X0Y290        BUFGCE (Prop_BUFCE_BUFGCE_I_O)
                                                      0.019     0.565 r  clk_IBUF_BUFG_inst/O
    X3Y5 (CLOCK_ROOT)    net (fo=72543, routed)       2.237     2.802    denselayer3/sum_all/col_trees[18].column_tree/CLK
    SLR Crossing[3->1]   
    SLICE_X156Y394       FDRE                                         r  denselayer3/sum_all/col_trees[18].column_tree/output_data_reg[5]/C
                         clock pessimism             -0.420     2.382    
    SLICE_X156Y394       FDRE (Hold_GFF2_SLICEM_C_D)
                                                      0.047     2.429    denselayer3/sum_all/col_trees[18].column_tree/output_data_reg[5]
  -------------------------------------------------------------------
                         required time                         -2.429    
                         arrival time                           2.439    
  -------------------------------------------------------------------
                         slack                                  0.010    





Pulse Width Checks
--------------------------------------------------------------------------------------
Clock Name:         ap_clk
Waveform(ns):       { 0.000 2.500 }
Period(ns):         5.000
Sources:            { clk }

Check Type        Corner  Lib Pin   Reference Pin  Required(ns)  Actual(ns)  Slack(ns)  Location        Pin
Min Period        n/a     BUFGCE/I  n/a            1.122         5.000       3.878      BUFGCE_X0Y290   clk_IBUF_BUFG_inst/I
Low Pulse Width   Slow    FDRE/C    n/a            0.275         2.500       2.225      SLICE_X44Y282   denselayer1/sum_all/col_trees[63].column_tree/output_data_reg[13]/C
High Pulse Width  Slow    FDRE/C    n/a            0.275         2.500       2.225      SLICE_X119Y392  denselayer1/INPUT_SIZE_rows[7].OUTPUT_SIZE_cols[41].sa/data_out_reg[13]/C



