Copyright 1986-2019 Xilinx, Inc. All Rights Reserved.
-----------------------------------------------------------------------------------------
| Tool Version      : Vivado v.2019.1 (lin64) Build 2552052 Fri May 24 14:47:09 MDT 2019
| Date              : Fri Nov  7 12:29:20 2025
| Host              : hvm1 running 64-bit Ubuntu 22.04.5 LTS
| Command           : report_timing_summary -file reports/19_7_norm_noop_timing.rpt
| Design            : waiz_benchmark
| Device            : xcvu13p-fhga2104
| Speed File        : -3  PRODUCTION 1.23 03-18-2019
| Temperature Grade : E
-----------------------------------------------------------------------------------------

Timing Summary Report

------------------------------------------------------------------------------------------------
| Timer Settings
| --------------
------------------------------------------------------------------------------------------------

  Enable Multi Corner Analysis               :  Yes
  Enable Pessimism Removal                   :  Yes
  Pessimism Removal Resolution               :  Nearest Common Node
  Enable Input Delay Default Clock           :  No
  Enable Preset / Clear Arcs                 :  No
  Disable Flight Delays                      :  No
  Ignore I/O Paths                           :  No
  Timing Early Launch at Borrowing Latches   :  No
  Borrow Time for Max Delay Exceptions       :  Yes

  Corner  Analyze    Analyze    
  Name    Max Paths  Min Paths  
  ------  ---------  ---------  
  Slow    Yes        Yes        
  Fast    Yes        Yes        



check_timing report

Table of Contents
-----------------
1. checking no_clock
2. checking constant_clock
3. checking pulse_width_clock
4. checking unconstrained_internal_endpoints
5. checking no_input_delay
6. checking no_output_delay
7. checking multiple_clock
8. checking generated_clocks
9. checking loops
10. checking partial_input_delay
11. checking partial_output_delay
12. checking latch_loops

1. checking no_clock
--------------------
 There are 0 register/latch pins with no clock.


2. checking constant_clock
--------------------------
 There are 0 register/latch pins with constant_clock.


3. checking pulse_width_clock
-----------------------------
 There are 0 register/latch pins which need pulse_width check


4. checking unconstrained_internal_endpoints
--------------------------------------------
 There are 0 pins that are not constrained for maximum delay.

 There are 0 pins that are not constrained for maximum delay due to constant clock.


5. checking no_input_delay
--------------------------
 There are 306 input ports with no input delay specified. (HIGH)

 There are 0 input ports with no input delay but user has a false path constraint.


6. checking no_output_delay
---------------------------
 There are 96 ports with no output delay specified. (HIGH)

 There are 0 ports with no output delay but user has a false path constraint

 There are 0 ports with no output delay but with a timing clock defined on it or propagating through it


7. checking multiple_clock
--------------------------
 There are 0 register/latch pins with multiple clocks.


8. checking generated_clocks
----------------------------
 There are 0 generated clocks that are not connected to a clock source.


9. checking loops
-----------------
 There are 0 combinational loops in the design.


10. checking partial_input_delay
--------------------------------
 There are 0 input ports with partial input delay specified.


11. checking partial_output_delay
---------------------------------
 There are 0 ports with partial output delay specified.


12. checking latch_loops
------------------------
 There are 0 combinational latch loops in the design through latch input



------------------------------------------------------------------------------------------------
| Design Timing Summary
| ---------------------
------------------------------------------------------------------------------------------------

    WNS(ns)      TNS(ns)  TNS Failing Endpoints  TNS Total Endpoints      WHS(ns)      THS(ns)  THS Failing Endpoints  THS Total Endpoints     WPWS(ns)     TPWS(ns)  TPWS Failing Endpoints  TPWS Total Endpoints  
    -------      -------  ---------------------  -------------------      -------      -------  ---------------------  -------------------     --------     --------  ----------------------  --------------------  
      0.659        0.000                      0               156758        0.009        0.000                      0               156758        2.225        0.000                       0                 38881  


All user specified timing constraints are met.


------------------------------------------------------------------------------------------------
| Clock Summary
| -------------
------------------------------------------------------------------------------------------------

Clock   Waveform(ns)         Period(ns)      Frequency(MHz)
-----   ------------         ----------      --------------
ap_clk  {0.000 2.500}        5.000           200.000         


------------------------------------------------------------------------------------------------
| Intra Clock Table
| -----------------
------------------------------------------------------------------------------------------------

Clock             WNS(ns)      TNS(ns)  TNS Failing Endpoints  TNS Total Endpoints      WHS(ns)      THS(ns)  THS Failing Endpoints  THS Total Endpoints     WPWS(ns)     TPWS(ns)  TPWS Failing Endpoints  TPWS Total Endpoints  
-----             -------      -------  ---------------------  -------------------      -------      -------  ---------------------  -------------------     --------     --------  ----------------------  --------------------  
ap_clk              0.659        0.000                      0               156758        0.009        0.000                      0               156758        2.225        0.000                       0                 38881  


------------------------------------------------------------------------------------------------
| Inter Clock Table
| -----------------
------------------------------------------------------------------------------------------------

From Clock    To Clock          WNS(ns)      TNS(ns)  TNS Failing Endpoints  TNS Total Endpoints      WHS(ns)      THS(ns)  THS Failing Endpoints  THS Total Endpoints  
----------    --------          -------      -------  ---------------------  -------------------      -------      -------  ---------------------  -------------------  


------------------------------------------------------------------------------------------------
| Other Path Groups Table
| -----------------------
------------------------------------------------------------------------------------------------

Path Group    From Clock    To Clock          WNS(ns)      TNS(ns)  TNS Failing Endpoints  TNS Total Endpoints      WHS(ns)      THS(ns)  THS Failing Endpoints  THS Total Endpoints  
----------    ----------    --------          -------      -------  ---------------------  -------------------      -------      -------  ---------------------  -------------------  


------------------------------------------------------------------------------------------------
| Timing Details
| --------------
------------------------------------------------------------------------------------------------


---------------------------------------------------------------------------------------------------
From Clock:  ap_clk
  To Clock:  ap_clk

Setup :            0  Failing Endpoints,  Worst Slack        0.659ns,  Total Violation        0.000ns
Hold  :            0  Failing Endpoints,  Worst Slack        0.009ns,  Total Violation        0.000ns
PW    :            0  Failing Endpoints,  Worst Slack        2.225ns,  Total Violation        0.000ns
---------------------------------------------------------------------------------------------------


Max Delay Paths
--------------------------------------------------------------------------------------
Slack (MET) :             0.659ns  (required time - arrival time)
  Source:                 denselayer2/output_data_reg[8][18]/C
                            (rising edge-triggered cell FDCE clocked by ap_clk  {rise@0.000ns fall@2.500ns period=5.000ns})
  Destination:            denselayer3/INPUT_SIZE_rows[8].OUTPUT_SIZE_cols[13].sa/data_out_reg/DSP_OUTPUT_INST/ALU_OUT[18]
                            (rising edge-triggered cell DSP_OUTPUT clocked by ap_clk  {rise@0.000ns fall@2.500ns period=5.000ns})
  Path Group:             ap_clk
  Path Type:              Setup (Max at Slow Process Corner)
  Requirement:            5.000ns  (ap_clk rise@5.000ns - ap_clk rise@0.000ns)
  Data Path Delay:        4.194ns  (logic 1.220ns (29.089%)  route 2.974ns (70.911%))
  Logic Levels:           6  (DSP_A_B_DATA=1 DSP_ALU=1 DSP_M_DATA=1 DSP_MULTIPLIER=1 DSP_PREADD_DATA=1 LUT2=1)
  Clock Path Skew:        -0.128ns (DCD - SCD + CPR)
    Destination Clock Delay (DCD):    3.197ns = ( 8.197 - 5.000 ) 
    Source Clock Delay      (SCD):    3.709ns
    Clock Pessimism Removal (CPR):    0.384ns
  Clock Uncertainty:      0.035ns  ((TSJ^2 + TIJ^2)^1/2 + DJ) / 2 + PE
    Total System Jitter     (TSJ):    0.071ns
    Total Input Jitter      (TIJ):    0.000ns
    Discrete Jitter          (DJ):    0.000ns
    Phase Error              (PE):    0.000ns
  Clock Net Delay (Source):      2.833ns (routing 1.456ns, distribution 1.377ns)
  Clock Net Delay (Destination): 2.564ns (routing 1.319ns, distribution 1.245ns)

    Location             Delay type                Incr(ns)  Path(ns)    Netlist Resource(s)
  -------------------------------------------------------------------    -------------------
                         (clock ap_clk rise edge)     0.000     0.000 r  
    AP13                                              0.000     0.000 r  clk (IN)
                         net (fo=0)                   0.000     0.000    clk_IBUF_inst/I
    AP13                 INBUF (Prop_INBUF_HPIOB_M_PAD_O)
                                                      0.534     0.534 r  clk_IBUF_inst/INBUF_INST/O
                         net (fo=1, routed)           0.000     0.534    clk_IBUF_inst/OUT
    AP13                 IBUFCTRL (Prop_IBUFCTRL_HPIOB_M_I_O)
                                                      0.000     0.534 r  clk_IBUF_inst/IBUFCTRL_INST/O
                         net (fo=1, routed)           0.314     0.848    clk_IBUF
    BUFGCE_X0Y170        BUFGCE (Prop_BUFCE_BUFGCE_I_O)
                                                      0.028     0.876 r  clk_IBUF_BUFG_inst/O
    X3Y3 (CLOCK_ROOT)    net (fo=55535, routed)       2.833     3.709    denselayer2/clk_IBUF_BUFG
    SLR Crossing[1->0]   
    SLICE_X135Y220       FDCE                                         r  denselayer2/output_data_reg[8][18]/C
  -------------------------------------------------------------------    -------------------
    SLICE_X135Y220       FDCE (Prop_AFF_SLICEL_C_Q)
                                                      0.069     3.778 r  denselayer2/output_data_reg[8][18]/Q
                         net (fo=118, routed)         0.551     4.329    relulayer2/data_out0_carry__1[18]
    SLICE_X125Y215       LUT2 (Prop_D6LUT_SLICEL_I1_O)
                                                      0.047     4.376 f  relulayer2/data_out_reg_i_1__7/O
                         net (fo=27, routed)          2.423     6.799    denselayer3/INPUT_SIZE_rows[8].OUTPUT_SIZE_cols[13].sa/data_out_reg/A[17]
    DSP48E2_X8Y49        DSP_A_B_DATA (Prop_DSP_A_B_DATA_DSP48E2_A[17]_A2_DATA[17])
                                                      0.155     6.954 r  denselayer3/INPUT_SIZE_rows[8].OUTPUT_SIZE_cols[13].sa/data_out_reg/DSP_A_B_DATA_INST/A2_DATA[17]
                         net (fo=1, routed)           0.000     6.954    denselayer3/INPUT_SIZE_rows[8].OUTPUT_SIZE_cols[13].sa/data_out_reg/DSP_A_B_DATA.A2_DATA<17>
    DSP48E2_X8Y49        DSP_PREADD_DATA (Prop_DSP_PREADD_DATA_DSP48E2_A2_DATA[17]_A2A1[17])
                                                      0.060     7.014 r  denselayer3/INPUT_SIZE_rows[8].OUTPUT_SIZE_cols[13].sa/data_out_reg/DSP_PREADD_DATA_INST/A2A1[17]
                         net (fo=1, routed)           0.000     7.014    denselayer3/INPUT_SIZE_rows[8].OUTPUT_SIZE_cols[13].sa/data_out_reg/DSP_PREADD_DATA.A2A1<17>
    DSP48E2_X8Y49        DSP_MULTIPLIER (Prop_DSP_MULTIPLIER_DSP48E2_A2A1[17]_U[18])
                                                      0.403     7.417 f  denselayer3/INPUT_SIZE_rows[8].OUTPUT_SIZE_cols[13].sa/data_out_reg/DSP_MULTIPLIER_INST/U[18]
                         net (fo=1, routed)           0.000     7.417    denselayer3/INPUT_SIZE_rows[8].OUTPUT_SIZE_cols[13].sa/data_out_reg/DSP_MULTIPLIER.U<18>
    DSP48E2_X8Y49        DSP_M_DATA (Prop_DSP_M_DATA_DSP48E2_U[18]_U_DATA[18])
                                                      0.035     7.452 r  denselayer3/INPUT_SIZE_rows[8].OUTPUT_SIZE_cols[13].sa/data_out_reg/DSP_M_DATA_INST/U_DATA[18]
                         net (fo=1, routed)           0.000     7.452    denselayer3/INPUT_SIZE_rows[8].OUTPUT_SIZE_cols[13].sa/data_out_reg/DSP_M_DATA.U_DATA<18>
    DSP48E2_X8Y49        DSP_ALU (Prop_DSP_ALU_DSP48E2_U_DATA[18]_ALU_OUT[18])
                                                      0.451     7.903 r  denselayer3/INPUT_SIZE_rows[8].OUTPUT_SIZE_cols[13].sa/data_out_reg/DSP_ALU_INST/ALU_OUT[18]
                         net (fo=1, routed)           0.000     7.903    denselayer3/INPUT_SIZE_rows[8].OUTPUT_SIZE_cols[13].sa/data_out_reg/DSP_ALU.ALU_OUT<18>
    DSP48E2_X8Y49        DSP_OUTPUT                                   r  denselayer3/INPUT_SIZE_rows[8].OUTPUT_SIZE_cols[13].sa/data_out_reg/DSP_OUTPUT_INST/ALU_OUT[18]
  -------------------------------------------------------------------    -------------------

                         (clock ap_clk rise edge)     5.000     5.000 r  
    AP13                                              0.000     5.000 r  clk (IN)
                         net (fo=0)                   0.000     5.000    clk_IBUF_inst/I
    AP13                 INBUF (Prop_INBUF_HPIOB_M_PAD_O)
                                                      0.330     5.330 r  clk_IBUF_inst/INBUF_INST/O
                         net (fo=1, routed)           0.000     5.330    clk_IBUF_inst/OUT
    AP13                 IBUFCTRL (Prop_IBUFCTRL_HPIOB_M_I_O)
                                                      0.000     5.330 r  clk_IBUF_inst/IBUFCTRL_INST/O
                         net (fo=1, routed)           0.279     5.609    clk_IBUF
    BUFGCE_X0Y170        BUFGCE (Prop_BUFCE_BUFGCE_I_O)
                                                      0.024     5.633 r  clk_IBUF_BUFG_inst/O
    X3Y3 (CLOCK_ROOT)    net (fo=55535, routed)       2.564     8.197    denselayer3/INPUT_SIZE_rows[8].OUTPUT_SIZE_cols[13].sa/data_out_reg/CLK
    SLR Crossing[1->0]   
    DSP48E2_X8Y49        DSP_OUTPUT                                   r  denselayer3/INPUT_SIZE_rows[8].OUTPUT_SIZE_cols[13].sa/data_out_reg/DSP_OUTPUT_INST/CLK
                         clock pessimism              0.384     8.581    
                         clock uncertainty           -0.035     8.545    
    DSP48E2_X8Y49        DSP_OUTPUT (Setup_DSP_OUTPUT_DSP48E2_CLK_ALU_OUT[18])
                                                      0.016     8.561    denselayer3/INPUT_SIZE_rows[8].OUTPUT_SIZE_cols[13].sa/data_out_reg/DSP_OUTPUT_INST
  -------------------------------------------------------------------
                         required time                          8.561    
                         arrival time                          -7.903    
  -------------------------------------------------------------------
                         slack                                  0.659    





Min Delay Paths
--------------------------------------------------------------------------------------
Slack (MET) :             0.009ns  (arrival time - required time)
  Source:                 denselayer3/sum_all/col_trees[11].column_tree/genblk2[0].genblk1[1].tree_reg[1][5]/C
                            (rising edge-triggered cell FDRE clocked by ap_clk  {rise@0.000ns fall@2.500ns period=5.000ns})
  Destination:            denselayer3/sum_all/col_trees[11].column_tree/output_data_reg[5]/D
                            (rising edge-triggered cell FDRE clocked by ap_clk  {rise@0.000ns fall@2.500ns period=5.000ns})
  Path Group:             ap_clk
  Path Type:              Hold (Min at Fast Process Corner)
  Requirement:            0.000ns  (ap_clk rise@0.000ns - ap_clk rise@0.000ns)
  Data Path Delay:        0.102ns  (logic 0.039ns (38.235%)  route 0.063ns (61.765%))
  Logic Levels:           0  
  Clock Path Skew:        0.046ns (DCD - SCD - CPR)
    Destination Clock Delay (DCD):    2.584ns
    Source Clock Delay      (SCD):    2.153ns
    Clock Pessimism Removal (CPR):    0.384ns
  Clock Net Delay (Source):      1.758ns (routing 0.887ns, distribution 0.871ns)
  Clock Net Delay (Destination): 1.964ns (routing 0.992ns, distribution 0.972ns)

    Location             Delay type                Incr(ns)  Path(ns)    Netlist Resource(s)
  -------------------------------------------------------------------    -------------------
                         (clock ap_clk rise edge)     0.000     0.000 r  
    AP13                                              0.000     0.000 r  clk (IN)
                         net (fo=0)                   0.000     0.000    clk_IBUF_inst/I
    AP13                 INBUF (Prop_INBUF_HPIOB_M_PAD_O)
                                                      0.234     0.234 r  clk_IBUF_inst/INBUF_INST/O
                         net (fo=1, routed)           0.000     0.234    clk_IBUF_inst/OUT
    AP13                 IBUFCTRL (Prop_IBUFCTRL_HPIOB_M_I_O)
                                                      0.000     0.234 r  clk_IBUF_inst/IBUFCTRL_INST/O
                         net (fo=1, routed)           0.144     0.378    clk_IBUF
    BUFGCE_X0Y170        BUFGCE (Prop_BUFCE_BUFGCE_I_O)
                                                      0.017     0.395 r  clk_IBUF_BUFG_inst/O
    X3Y3 (CLOCK_ROOT)    net (fo=55535, routed)       1.758     2.153    denselayer3/sum_all/col_trees[11].column_tree/clk_IBUF_BUFG
    SLR Crossing[1->0]   
    SLICE_X127Y160       FDRE                                         r  denselayer3/sum_all/col_trees[11].column_tree/genblk2[0].genblk1[1].tree_reg[1][5]/C
  -------------------------------------------------------------------    -------------------
    SLICE_X127Y160       FDRE (Prop_FFF_SLICEL_C_Q)
                                                      0.039     2.192 r  denselayer3/sum_all/col_trees[11].column_tree/genblk2[0].genblk1[1].tree_reg[1][5]/Q
                         net (fo=1, routed)           0.063     2.255    denselayer3/sum_all/col_trees[11].column_tree/genblk2[0].genblk1[1].tree_reg[1]_198[5]
    SLICE_X128Y160       FDRE                                         r  denselayer3/sum_all/col_trees[11].column_tree/output_data_reg[5]/D
  -------------------------------------------------------------------    -------------------

                         (clock ap_clk rise edge)     0.000     0.000 r  
    AP13                                              0.000     0.000 r  clk (IN)
                         net (fo=0)                   0.000     0.000    clk_IBUF_inst/I
    AP13                 INBUF (Prop_INBUF_HPIOB_M_PAD_O)
                                                      0.420     0.420 r  clk_IBUF_inst/INBUF_INST/O
                         net (fo=1, routed)           0.000     0.420    clk_IBUF_inst/OUT
    AP13                 IBUFCTRL (Prop_IBUFCTRL_HPIOB_M_I_O)
                                                      0.000     0.420 r  clk_IBUF_inst/IBUFCTRL_INST/O
                         net (fo=1, routed)           0.181     0.601    clk_IBUF
    BUFGCE_X0Y170        BUFGCE (Prop_BUFCE_BUFGCE_I_O)
                                                      0.019     0.620 r  clk_IBUF_BUFG_inst/O
    X3Y3 (CLOCK_ROOT)    net (fo=55535, routed)       1.964     2.584    denselayer3/sum_all/col_trees[11].column_tree/clk_IBUF_BUFG
    SLR Crossing[1->0]   
    SLICE_X128Y160       FDRE                                         r  denselayer3/sum_all/col_trees[11].column_tree/output_data_reg[5]/C
                         clock pessimism             -0.384     2.199    
    SLICE_X128Y160       FDRE (Hold_GFF2_SLICEM_C_D)
                                                      0.047     2.246    denselayer3/sum_all/col_trees[11].column_tree/output_data_reg[5]
  -------------------------------------------------------------------
                         required time                         -2.246    
                         arrival time                           2.255    
  -------------------------------------------------------------------
                         slack                                  0.009    





Pulse Width Checks
--------------------------------------------------------------------------------------
Clock Name:         ap_clk
Waveform(ns):       { 0.000 2.500 }
Period(ns):         5.000
Sources:            { clk }

Check Type        Corner  Lib Pin   Reference Pin  Required(ns)  Actual(ns)  Slack(ns)  Location        Pin
Min Period        n/a     BUFGCE/I  n/a            1.122         5.000       3.878      BUFGCE_X0Y170   clk_IBUF_BUFG_inst/I
Low Pulse Width   Slow    FDRE/C    n/a            0.275         2.500       2.225      SLICE_X44Y348   denselayer2/INPUT_SIZE_rows[16].OUTPUT_SIZE_cols[2].sa/data_out_reg[16]/C
High Pulse Width  Fast    FDPE/C    n/a            0.275         2.500       2.225      SLICE_X122Y267  denselayer1/FSM_onehot_state_reg[0]/C



