Copyright 1986-2019 Xilinx, Inc. All Rights Reserved.
--------------------------------------------------------------------------------------------------------
| Tool Version : Vivado v.2019.1 (lin64) Build 2552052 Fri May 24 14:47:09 MDT 2019
| Date         : Wed Nov  5 13:29:51 2025
| Host         : hvm1 running 64-bit Ubuntu 22.04.5 LTS
| Command      : report_utilization -hierarchical -hierarchical_depth 1 -file reports/19_7_SA3_hier.rpt
| Design       : waiz_benchmark
| Device       : xcvu13pfhga2104-3
| Design State : Routed
--------------------------------------------------------------------------------------------------------

Utilization Design Information

Table of Contents
-----------------
1. Utilization by Hierarchy

1. Utilization by Hierarchy
---------------------------

+--------------------+---------------------------------------+------------+------------+---------+------+-------+--------+--------+------+--------------+
|      Instance      |                 Module                | Total LUTs | Logic LUTs | LUTRAMs | SRLs |  FFs  | RAMB36 | RAMB18 | URAM | DSP48 Blocks |
+--------------------+---------------------------------------+------------+------------+---------+------+-------+--------+--------+------+--------------+
| waiz_benchmark     |                                 (top) |     167036 |     167036 |       0 |    0 | 72985 |      0 |      0 |    0 |         1053 |
|   (waiz_benchmark) |                                 (top) |         39 |         39 |       0 |    0 |     0 |      0 |      0 |    0 |            0 |
|   denselayer1      |                            denseLayer |      87462 |      87462 |       0 |    0 | 18244 |      0 |      0 |    0 |          335 |
|   denselayer2      |            denseLayer__parameterized0 |      52373 |      52373 |       0 |    0 | 34824 |      0 |      0 |    0 |          309 |
|   denselayer3      |            denseLayer__parameterized1 |      20884 |      20884 |       0 |    0 | 17233 |      0 |      0 |    0 |          352 |
|   denselayer4      |            denseLayer__parameterized2 |       2360 |       2360 |       0 |    0 |  2616 |      0 |      0 |    0 |           52 |
|   relulayer1       |                   reluActivationLayer |       7517 |       7517 |       0 |    0 |     0 |      0 |      0 |    0 |            0 |
|   relulayer2       |   reluActivationLayer__parameterized0 |       3193 |       3193 |       0 |    0 |     0 |      0 |      0 |    0 |            0 |
|   relulayer3       | reluActivationLayer__parameterized0_0 |        807 |        807 |       0 |    0 |     0 |      0 |      0 |    0 |            0 |
|   softmax          |                          softmaxLayer |        989 |        989 |       0 |    0 |    68 |      0 |      0 |    0 |            5 |
+--------------------+---------------------------------------+------------+------------+---------+------+-------+--------+--------+------+--------------+
* Note: The sum of lower-level cells may be larger than their parent cells total, due to cross-hierarchy LUT combining


