Copyright 1986-2019 Xilinx, Inc. All Rights Reserved.
-----------------------------------------------------------------------------------------------------------------
| Tool Version : Vivado v.2019.1 (lin64) Build 2552052 Fri May 24 14:47:09 MDT 2019
| Date         : Thu Nov 13 14:49:04 2025
| Host         : hvm1 running 64-bit Ubuntu 22.04.5 LTS
| Command      : report_utilization -hierarchical -hierarchical_depth 1 -file reports/20_6_Fixed_int_SD_hier.rpt
| Design       : waiz_benchmark
| Device       : xcvu13pfhga2104-3
| Design State : Routed
-----------------------------------------------------------------------------------------------------------------

Utilization Design Information

Table of Contents
-----------------
1. Utilization by Hierarchy

1. Utilization by Hierarchy
---------------------------

+--------------------+---------------------------------------+------------+------------+---------+------+-------+--------+--------+------+--------------+
|      Instance      |                 Module                | Total LUTs | Logic LUTs | LUTRAMs | SRLs |  FFs  | RAMB36 | RAMB18 | URAM | DSP48 Blocks |
+--------------------+---------------------------------------+------------+------------+---------+------+-------+--------+--------+------+--------------+
| waiz_benchmark     |                                 (top) |     164358 |     164358 |       0 |    0 | 66757 |      0 |      0 |    0 |         1776 |
|   (waiz_benchmark) |                                 (top) |        404 |        404 |       0 |    0 |     0 |      0 |      0 |    0 |            0 |
|   denselayer1      |                            denseLayer |      82219 |      82219 |       0 |    0 | 16215 |      0 |      0 |    0 |          519 |
|   denselayer2      |            denseLayer__parameterized0 |      53842 |      53842 |       0 |    0 | 32482 |      0 |      0 |    0 |          643 |
|   denselayer3      |            denseLayer__parameterized1 |      21240 |      21240 |       0 |    0 | 15548 |      0 |      0 |    0 |          522 |
|   denselayer4      |            denseLayer__parameterized2 |       2908 |       2908 |       0 |    0 |  2444 |      0 |      0 |    0 |           87 |
|   relulayer1       |                   reluActivationLayer |       7906 |       7906 |       0 |    0 |     0 |      0 |      0 |    0 |            0 |
|   relulayer2       |   reluActivationLayer__parameterized0 |       3265 |       3265 |       0 |    0 |     0 |      0 |      0 |    0 |            0 |
|   relulayer3       | reluActivationLayer__parameterized0_0 |        663 |        663 |       0 |    0 |     0 |      0 |      0 |    0 |            0 |
|   softmax          |                          softmaxLayer |        990 |        990 |       0 |    0 |    68 |      0 |      0 |    0 |            5 |
+--------------------+---------------------------------------+------------+------------+---------+------+-------+--------+--------+------+--------------+
* Note: The sum of lower-level cells may be larger than their parent cells total, due to cross-hierarchy LUT combining


