Copyright 1986-2019 Xilinx, Inc. All Rights Reserved.
-----------------------------------------------------------------------------------------
| Tool Version      : Vivado v.2019.1 (lin64) Build 2552052 Fri May 24 14:47:09 MDT 2019
| Date              : Thu Nov 13 16:37:28 2025
| Host              : hvm1 running 64-bit Ubuntu 22.04.5 LTS
| Command           : report_timing_summary -file reports/24_6_Fixed_int_SD_timing.rpt
| Design            : waiz_benchmark
| Device            : xcvu13p-fhga2104
| Speed File        : -3  PRODUCTION 1.23 03-18-2019
| Temperature Grade : E
-----------------------------------------------------------------------------------------

Timing Summary Report

------------------------------------------------------------------------------------------------
| Timer Settings
| --------------
------------------------------------------------------------------------------------------------

  Enable Multi Corner Analysis               :  Yes
  Enable Pessimism Removal                   :  Yes
  Pessimism Removal Resolution               :  Nearest Common Node
  Enable Input Delay Default Clock           :  No
  Enable Preset / Clear Arcs                 :  No
  Disable Flight Delays                      :  No
  Ignore I/O Paths                           :  No
  Timing Early Launch at Borrowing Latches   :  No
  Borrow Time for Max Delay Exceptions       :  Yes

  Corner  Analyze    Analyze    
  Name    Max Paths  Min Paths  
  ------  ---------  ---------  
  Slow    Yes        Yes        
  Fast    Yes        Yes        



check_timing report

Table of Contents
-----------------
1. checking no_clock
2. checking constant_clock
3. checking pulse_width_clock
4. checking unconstrained_internal_endpoints
5. checking no_input_delay
6. checking no_output_delay
7. checking multiple_clock
8. checking generated_clocks
9. checking loops
10. checking partial_input_delay
11. checking partial_output_delay
12. checking latch_loops

1. checking no_clock
--------------------
 There are 0 register/latch pins with no clock.


2. checking constant_clock
--------------------------
 There are 0 register/latch pins with constant_clock.


3. checking pulse_width_clock
-----------------------------
 There are 0 register/latch pins which need pulse_width check


4. checking unconstrained_internal_endpoints
--------------------------------------------
 There are 0 pins that are not constrained for maximum delay.

 There are 0 pins that are not constrained for maximum delay due to constant clock.


5. checking no_input_delay
--------------------------
 There are 386 input ports with no input delay specified. (HIGH)

 There are 0 input ports with no input delay but user has a false path constraint.


6. checking no_output_delay
---------------------------
 There are 121 ports with no output delay specified. (HIGH)

 There are 0 ports with no output delay but user has a false path constraint

 There are 0 ports with no output delay but with a timing clock defined on it or propagating through it


7. checking multiple_clock
--------------------------
 There are 0 register/latch pins with multiple clocks.


8. checking generated_clocks
----------------------------
 There are 0 generated clocks that are not connected to a clock source.


9. checking loops
-----------------
 There are 0 combinational loops in the design.


10. checking partial_input_delay
--------------------------------
 There are 0 input ports with partial input delay specified.


11. checking partial_output_delay
---------------------------------
 There are 0 ports with partial output delay specified.


12. checking latch_loops
------------------------
 There are 0 combinational latch loops in the design through latch input



------------------------------------------------------------------------------------------------
| Design Timing Summary
| ---------------------
------------------------------------------------------------------------------------------------

    WNS(ns)      TNS(ns)  TNS Failing Endpoints  TNS Total Endpoints      WHS(ns)      THS(ns)  THS Failing Endpoints  THS Total Endpoints     WPWS(ns)     TPWS(ns)  TPWS Failing Endpoints  TPWS Total Endpoints  
    -------      -------  ---------------------  -------------------      -------      -------  ---------------------  -------------------     --------     --------  ----------------------  --------------------  
      0.602        0.000                      0               226007        0.011        0.000                      0               226007        2.225        0.000                       0                 79135  


All user specified timing constraints are met.


------------------------------------------------------------------------------------------------
| Clock Summary
| -------------
------------------------------------------------------------------------------------------------

Clock   Waveform(ns)         Period(ns)      Frequency(MHz)
-----   ------------         ----------      --------------
ap_clk  {0.000 2.500}        5.000           200.000         


------------------------------------------------------------------------------------------------
| Intra Clock Table
| -----------------
------------------------------------------------------------------------------------------------

Clock             WNS(ns)      TNS(ns)  TNS Failing Endpoints  TNS Total Endpoints      WHS(ns)      THS(ns)  THS Failing Endpoints  THS Total Endpoints     WPWS(ns)     TPWS(ns)  TPWS Failing Endpoints  TPWS Total Endpoints  
-----             -------      -------  ---------------------  -------------------      -------      -------  ---------------------  -------------------     --------     --------  ----------------------  --------------------  
ap_clk              0.602        0.000                      0               226007        0.011        0.000                      0               226007        2.225        0.000                       0                 79135  


------------------------------------------------------------------------------------------------
| Inter Clock Table
| -----------------
------------------------------------------------------------------------------------------------

From Clock    To Clock          WNS(ns)      TNS(ns)  TNS Failing Endpoints  TNS Total Endpoints      WHS(ns)      THS(ns)  THS Failing Endpoints  THS Total Endpoints  
----------    --------          -------      -------  ---------------------  -------------------      -------      -------  ---------------------  -------------------  


------------------------------------------------------------------------------------------------
| Other Path Groups Table
| -----------------------
------------------------------------------------------------------------------------------------

Path Group    From Clock    To Clock          WNS(ns)      TNS(ns)  TNS Failing Endpoints  TNS Total Endpoints      WHS(ns)      THS(ns)  THS Failing Endpoints  THS Total Endpoints  
----------    ----------    --------          -------      -------  ---------------------  -------------------      -------      -------  ---------------------  -------------------  


------------------------------------------------------------------------------------------------
| Timing Details
| --------------
------------------------------------------------------------------------------------------------


---------------------------------------------------------------------------------------------------
From Clock:  ap_clk
  To Clock:  ap_clk

Setup :            0  Failing Endpoints,  Worst Slack        0.602ns,  Total Violation        0.000ns
Hold  :            0  Failing Endpoints,  Worst Slack        0.011ns,  Total Violation        0.000ns
PW    :            0  Failing Endpoints,  Worst Slack        2.225ns,  Total Violation        0.000ns
---------------------------------------------------------------------------------------------------


Max Delay Paths
--------------------------------------------------------------------------------------
Slack (MET) :             0.602ns  (required time - arrival time)
  Source:                 denselayer1/output_data_reg[44][23]/C
                            (rising edge-triggered cell FDCE clocked by ap_clk  {rise@0.000ns fall@2.500ns period=5.000ns})
  Destination:            denselayer2/INPUT_SIZE_rows[44].OUTPUT_SIZE_cols[24].sa/data_out_reg[39]/D
                            (rising edge-triggered cell FDRE clocked by ap_clk  {rise@0.000ns fall@2.500ns period=5.000ns})
  Path Group:             ap_clk
  Path Type:              Setup (Max at Slow Process Corner)
  Requirement:            5.000ns  (ap_clk rise@5.000ns - ap_clk rise@0.000ns)
  Data Path Delay:        4.283ns  (logic 0.854ns (19.939%)  route 3.429ns (80.061%))
  Logic Levels:           8  (CARRY8=4 LUT2=1 LUT3=2 LUT5=1)
  Clock Path Skew:        -0.103ns (DCD - SCD + CPR)
    Destination Clock Delay (DCD):    2.392ns = ( 7.392 - 5.000 ) 
    Source Clock Delay      (SCD):    2.855ns
    Clock Pessimism Removal (CPR):    0.360ns
  Clock Uncertainty:      0.035ns  ((TSJ^2 + TIJ^2)^1/2 + DJ) / 2 + PE
    Total System Jitter     (TSJ):    0.071ns
    Total Input Jitter      (TIJ):    0.000ns
    Discrete Jitter          (DJ):    0.000ns
    Phase Error              (PE):    0.000ns
  Clock Net Delay (Source):      1.979ns (routing 0.868ns, distribution 1.111ns)
  Clock Net Delay (Destination): 1.759ns (routing 0.787ns, distribution 0.972ns)

    Location             Delay type                Incr(ns)  Path(ns)    Netlist Resource(s)
  -------------------------------------------------------------------    -------------------
                         (clock ap_clk rise edge)     0.000     0.000 r  
    AP13                                              0.000     0.000 r  clk (IN)
                         net (fo=0)                   0.000     0.000    clk_IBUF_inst/I
    AP13                 INBUF (Prop_INBUF_HPIOB_M_PAD_O)
                                                      0.534     0.534 r  clk_IBUF_inst/INBUF_INST/O
                         net (fo=1, routed)           0.000     0.534    clk_IBUF_inst/OUT
    AP13                 IBUFCTRL (Prop_IBUFCTRL_HPIOB_M_I_O)
                                                      0.000     0.534 r  clk_IBUF_inst/IBUFCTRL_INST/O
                         net (fo=1, routed)           0.314     0.848    clk_IBUF
    BUFGCE_X0Y170        BUFGCE (Prop_BUFCE_BUFGCE_I_O)
                                                      0.028     0.876 r  clk_IBUF_BUFG_inst/O
    X3Y6 (CLOCK_ROOT)    net (fo=91133, routed)       1.979     2.855    denselayer1/clk_IBUF_BUFG
    SLICE_X90Y361        FDCE                                         r  denselayer1/output_data_reg[44][23]/C
  -------------------------------------------------------------------    -------------------
    SLICE_X90Y361        FDCE (Prop_GFF_SLICEL_C_Q)
                                                      0.070     2.925 r  denselayer1/output_data_reg[44][23]/Q
                         net (fo=166, routed)         1.053     3.978    relulayer1/data_out_reg[33]_1[23]
    SLICE_X61Y410        LUT2 (Prop_F5LUT_SLICEM_I1_O)
                                                      0.067     4.045 r  relulayer1/data_out[18]_i_31__12/O
                         net (fo=60, routed)          1.528     5.573    denselayer1/data_out[18]_i_28__95_n_0
    SLICE_X112Y353       LUT3 (Prop_C5LUT_SLICEL_I0_O)
                                                      0.088     5.661 r  denselayer1/data_out[27]_i_41__4/O
                         net (fo=1, routed)           0.374     6.035    denselayer1/data_out[27]_i_41__4_n_0
    SLICE_X109Y370       LUT5 (Prop_B6LUT_SLICEM_I1_O)
                                                      0.081     6.116 r  denselayer1/data_out[27]_i_33__22/O
                         net (fo=1, routed)           0.020     6.136    denselayer1/data_out[27]_i_33__22_n_0
    SLICE_X109Y370       CARRY8 (Prop_CARRY8_SLICEM_S[1]_CO[7])
                                                      0.170     6.306 r  denselayer1/data_out_reg[27]_i_18__20/CO[7]
                         net (fo=1, routed)           0.023     6.329    denselayer1/data_out_reg[27]_i_18__20_n_0
    SLICE_X109Y371       CARRY8 (Prop_CARRY8_SLICEM_CI_O[5])
                                                      0.103     6.432 r  denselayer1/data_out_reg[41]_i_9__10/O[5]
                         net (fo=3, routed)           0.194     6.626    denselayer1/data_out_reg[41]_i_9__10_n_10
    SLICE_X107Y373       LUT3 (Prop_F6LUT_SLICEM_I0_O)
                                                      0.114     6.740 r  denselayer1/data_out[35]_i_6__60/O
                         net (fo=1, routed)           0.189     6.929    denselayer1/data_out[35]_i_6__60_n_0
    SLICE_X108Y373       CARRY8 (Prop_CARRY8_SLICEL_DI[2]_CO[7])
                                                      0.089     7.018 r  denselayer1/data_out_reg[35]_i_1__73/CO[7]
                         net (fo=1, routed)           0.023     7.041    denselayer1/data_out_reg[35]_i_1__73_n_0
    SLICE_X108Y374       CARRY8 (Prop_CARRY8_SLICEL_CI_O[3])
                                                      0.072     7.113 r  denselayer1/data_out_reg[41]_i_1__344/O[3]
                         net (fo=1, routed)           0.025     7.138    denselayer2/INPUT_SIZE_rows[44].OUTPUT_SIZE_cols[24].sa/data_out_reg[41]_1[21]
    SLICE_X108Y374       FDRE                                         r  denselayer2/INPUT_SIZE_rows[44].OUTPUT_SIZE_cols[24].sa/data_out_reg[39]/D
  -------------------------------------------------------------------    -------------------

                         (clock ap_clk rise edge)     5.000     5.000 r  
    AP13                                              0.000     5.000 r  clk (IN)
                         net (fo=0)                   0.000     5.000    clk_IBUF_inst/I
    AP13                 INBUF (Prop_INBUF_HPIOB_M_PAD_O)
                                                      0.330     5.330 r  clk_IBUF_inst/INBUF_INST/O
                         net (fo=1, routed)           0.000     5.330    clk_IBUF_inst/OUT
    AP13                 IBUFCTRL (Prop_IBUFCTRL_HPIOB_M_I_O)
                                                      0.000     5.330 r  clk_IBUF_inst/IBUFCTRL_INST/O
                         net (fo=1, routed)           0.279     5.609    clk_IBUF
    BUFGCE_X0Y170        BUFGCE (Prop_BUFCE_BUFGCE_I_O)
                                                      0.024     5.633 r  clk_IBUF_BUFG_inst/O
    X3Y6 (CLOCK_ROOT)    net (fo=91133, routed)       1.759     7.392    denselayer2/INPUT_SIZE_rows[44].OUTPUT_SIZE_cols[24].sa/clk_IBUF_BUFG
    SLICE_X108Y374       FDRE                                         r  denselayer2/INPUT_SIZE_rows[44].OUTPUT_SIZE_cols[24].sa/data_out_reg[39]/C
                         clock pessimism              0.360     7.752    
                         clock uncertainty           -0.035     7.716    
    SLICE_X108Y374       FDRE (Setup_DFF_SLICEL_C_D)
                                                      0.023     7.739    denselayer2/INPUT_SIZE_rows[44].OUTPUT_SIZE_cols[24].sa/data_out_reg[39]
  -------------------------------------------------------------------
                         required time                          7.739    
                         arrival time                          -7.138    
  -------------------------------------------------------------------
                         slack                                  0.602    





Min Delay Paths
--------------------------------------------------------------------------------------
Slack (MET) :             0.011ns  (arrival time - required time)
  Source:                 denselayer3/sum_all/col_trees[6].column_tree/genblk2[0].genblk1[1].tree_reg[1][14]/C
                            (rising edge-triggered cell FDRE clocked by ap_clk  {rise@0.000ns fall@2.500ns period=5.000ns})
  Destination:            denselayer3/sum_all/col_trees[6].column_tree/output_data_reg[14]/D
                            (rising edge-triggered cell FDRE clocked by ap_clk  {rise@0.000ns fall@2.500ns period=5.000ns})
  Path Group:             ap_clk
  Path Type:              Hold (Min at Slow Process Corner)
  Requirement:            0.000ns  (ap_clk rise@0.000ns - ap_clk rise@0.000ns)
  Data Path Delay:        0.258ns  (logic 0.054ns (20.930%)  route 0.204ns (79.070%))
  Logic Levels:           0  
  Clock Path Skew:        0.200ns (DCD - SCD - CPR)
    Destination Clock Delay (DCD):    3.146ns
    Source Clock Delay      (SCD):    2.622ns
    Clock Pessimism Removal (CPR):    0.324ns
  Clock Net Delay (Source):      1.989ns (routing 0.787ns, distribution 1.202ns)
  Clock Net Delay (Destination): 2.270ns (routing 0.868ns, distribution 1.402ns)

    Location             Delay type                Incr(ns)  Path(ns)    Netlist Resource(s)
  -------------------------------------------------------------------    -------------------
                         (clock ap_clk rise edge)     0.000     0.000 r  
    AP13                                              0.000     0.000 r  clk (IN)
                         net (fo=0)                   0.000     0.000    clk_IBUF_inst/I
    AP13                 INBUF (Prop_INBUF_HPIOB_M_PAD_O)
                                                      0.330     0.330 r  clk_IBUF_inst/INBUF_INST/O
                         net (fo=1, routed)           0.000     0.330    clk_IBUF_inst/OUT
    AP13                 IBUFCTRL (Prop_IBUFCTRL_HPIOB_M_I_O)
                                                      0.000     0.330 r  clk_IBUF_inst/IBUFCTRL_INST/O
                         net (fo=1, routed)           0.279     0.609    clk_IBUF
    BUFGCE_X0Y170        BUFGCE (Prop_BUFCE_BUFGCE_I_O)
                                                      0.024     0.633 r  clk_IBUF_BUFG_inst/O
    X3Y6 (CLOCK_ROOT)    net (fo=91133, routed)       1.989     2.622    denselayer3/sum_all/col_trees[6].column_tree/clk_IBUF_BUFG
    SLICE_X159Y398       FDRE                                         r  denselayer3/sum_all/col_trees[6].column_tree/genblk2[0].genblk1[1].tree_reg[1][14]/C
  -------------------------------------------------------------------    -------------------
    SLICE_X159Y398       FDRE (Prop_GFF_SLICEL_C_Q)
                                                      0.054     2.676 r  denselayer3/sum_all/col_trees[6].column_tree/genblk2[0].genblk1[1].tree_reg[1][14]/Q
                         net (fo=1, routed)           0.204     2.880    denselayer3/sum_all/col_trees[6].column_tree/genblk2[0].genblk1[1].tree_reg[1]_318[14]
    SLICE_X159Y427       FDRE                                         r  denselayer3/sum_all/col_trees[6].column_tree/output_data_reg[14]/D
  -------------------------------------------------------------------    -------------------

                         (clock ap_clk rise edge)     0.000     0.000 r  
    AP13                                              0.000     0.000 r  clk (IN)
                         net (fo=0)                   0.000     0.000    clk_IBUF_inst/I
    AP13                 INBUF (Prop_INBUF_HPIOB_M_PAD_O)
                                                      0.534     0.534 r  clk_IBUF_inst/INBUF_INST/O
                         net (fo=1, routed)           0.000     0.534    clk_IBUF_inst/OUT
    AP13                 IBUFCTRL (Prop_IBUFCTRL_HPIOB_M_I_O)
                                                      0.000     0.534 r  clk_IBUF_inst/IBUFCTRL_INST/O
                         net (fo=1, routed)           0.314     0.848    clk_IBUF
    BUFGCE_X0Y170        BUFGCE (Prop_BUFCE_BUFGCE_I_O)
                                                      0.028     0.876 r  clk_IBUF_BUFG_inst/O
    X3Y6 (CLOCK_ROOT)    net (fo=91133, routed)       2.270     3.146    denselayer3/sum_all/col_trees[6].column_tree/clk_IBUF_BUFG
    SLICE_X159Y427       FDRE                                         r  denselayer3/sum_all/col_trees[6].column_tree/output_data_reg[14]/C
                         clock pessimism             -0.324     2.822    
    SLICE_X159Y427       FDRE (Hold_BFF2_SLICEL_C_D)
                                                      0.047     2.869    denselayer3/sum_all/col_trees[6].column_tree/output_data_reg[14]
  -------------------------------------------------------------------
                         required time                         -2.869    
                         arrival time                           2.880    
  -------------------------------------------------------------------
                         slack                                  0.011    





Pulse Width Checks
--------------------------------------------------------------------------------------
Clock Name:         ap_clk
Waveform(ns):       { 0.000 2.500 }
Period(ns):         5.000
Sources:            { clk }

Check Type        Corner  Lib Pin   Reference Pin  Required(ns)  Actual(ns)  Slack(ns)  Location       Pin
Min Period        n/a     BUFGCE/I  n/a            1.122         5.000       3.878      BUFGCE_X0Y170  clk_IBUF_BUFG_inst/I
Low Pulse Width   Slow    FDRE/C    n/a            0.275         2.500       2.225      SLICE_X65Y442  denselayer1/INPUT_SIZE_rows[8].OUTPUT_SIZE_cols[47].sa/data_out_reg[18]/C
High Pulse Width  Fast    FDRE/C    n/a            0.275         2.500       2.225      SLICE_X65Y443  denselayer1/INPUT_SIZE_rows[8].OUTPUT_SIZE_cols[47].sa/data_out_reg[23]/C



