Copyright 1986-2019 Xilinx, Inc. All Rights Reserved.
-----------------------------------------------------------------------------------------
| Tool Version      : Vivado v.2019.1 (lin64) Build 2552052 Fri May 24 14:47:09 MDT 2019
| Date              : Thu Nov  6 02:54:53 2025
| Host              : hvm1 running 64-bit Ubuntu 22.04.5 LTS
| Command           : report_timing_summary -file reports/25_9_SA6_timing.rpt
| Design            : waiz_benchmark
| Device            : xcvu13p-fhga2104
| Speed File        : -3  PRODUCTION 1.23 03-18-2019
| Temperature Grade : E
-----------------------------------------------------------------------------------------

Timing Summary Report

------------------------------------------------------------------------------------------------
| Timer Settings
| --------------
------------------------------------------------------------------------------------------------

  Enable Multi Corner Analysis               :  Yes
  Enable Pessimism Removal                   :  Yes
  Pessimism Removal Resolution               :  Nearest Common Node
  Enable Input Delay Default Clock           :  No
  Enable Preset / Clear Arcs                 :  No
  Disable Flight Delays                      :  No
  Ignore I/O Paths                           :  No
  Timing Early Launch at Borrowing Latches   :  No
  Borrow Time for Max Delay Exceptions       :  Yes

  Corner  Analyze    Analyze    
  Name    Max Paths  Min Paths  
  ------  ---------  ---------  
  Slow    Yes        Yes        
  Fast    Yes        Yes        



check_timing report

Table of Contents
-----------------
1. checking no_clock
2. checking constant_clock
3. checking pulse_width_clock
4. checking unconstrained_internal_endpoints
5. checking no_input_delay
6. checking no_output_delay
7. checking multiple_clock
8. checking generated_clocks
9. checking loops
10. checking partial_input_delay
11. checking partial_output_delay
12. checking latch_loops

1. checking no_clock
--------------------
 There are 0 register/latch pins with no clock.


2. checking constant_clock
--------------------------
 There are 0 register/latch pins with constant_clock.


3. checking pulse_width_clock
-----------------------------
 There are 0 register/latch pins which need pulse_width check


4. checking unconstrained_internal_endpoints
--------------------------------------------
 There are 0 pins that are not constrained for maximum delay.

 There are 0 pins that are not constrained for maximum delay due to constant clock.


5. checking no_input_delay
--------------------------
 There are 402 input ports with no input delay specified. (HIGH)

 There are 0 input ports with no input delay but user has a false path constraint.


6. checking no_output_delay
---------------------------
 There are 126 ports with no output delay specified. (HIGH)

 There are 0 ports with no output delay but user has a false path constraint

 There are 0 ports with no output delay but with a timing clock defined on it or propagating through it


7. checking multiple_clock
--------------------------
 There are 0 register/latch pins with multiple clocks.


8. checking generated_clocks
----------------------------
 There are 0 generated clocks that are not connected to a clock source.


9. checking loops
-----------------
 There are 0 combinational loops in the design.


10. checking partial_input_delay
--------------------------------
 There are 0 input ports with partial input delay specified.


11. checking partial_output_delay
---------------------------------
 There are 0 ports with partial output delay specified.


12. checking latch_loops
------------------------
 There are 0 combinational latch loops in the design through latch input



------------------------------------------------------------------------------------------------
| Design Timing Summary
| ---------------------
------------------------------------------------------------------------------------------------

    WNS(ns)      TNS(ns)  TNS Failing Endpoints  TNS Total Endpoints      WHS(ns)      THS(ns)  THS Failing Endpoints  THS Total Endpoints     WPWS(ns)     TPWS(ns)  TPWS Failing Endpoints  TPWS Total Endpoints  
    -------      -------  ---------------------  -------------------      -------      -------  ---------------------  -------------------     --------     --------  ----------------------  --------------------  
      0.167        0.000                      0               140134        0.014        0.000                      0               140134        2.225        0.000                       0                119295  


All user specified timing constraints are met.


------------------------------------------------------------------------------------------------
| Clock Summary
| -------------
------------------------------------------------------------------------------------------------

Clock   Waveform(ns)         Period(ns)      Frequency(MHz)
-----   ------------         ----------      --------------
ap_clk  {0.000 2.500}        5.000           200.000         


------------------------------------------------------------------------------------------------
| Intra Clock Table
| -----------------
------------------------------------------------------------------------------------------------

Clock             WNS(ns)      TNS(ns)  TNS Failing Endpoints  TNS Total Endpoints      WHS(ns)      THS(ns)  THS Failing Endpoints  THS Total Endpoints     WPWS(ns)     TPWS(ns)  TPWS Failing Endpoints  TPWS Total Endpoints  
-----             -------      -------  ---------------------  -------------------      -------      -------  ---------------------  -------------------     --------     --------  ----------------------  --------------------  
ap_clk              0.167        0.000                      0               140134        0.014        0.000                      0               140134        2.225        0.000                       0                119295  


------------------------------------------------------------------------------------------------
| Inter Clock Table
| -----------------
------------------------------------------------------------------------------------------------

From Clock    To Clock          WNS(ns)      TNS(ns)  TNS Failing Endpoints  TNS Total Endpoints      WHS(ns)      THS(ns)  THS Failing Endpoints  THS Total Endpoints  
----------    --------          -------      -------  ---------------------  -------------------      -------      -------  ---------------------  -------------------  


------------------------------------------------------------------------------------------------
| Other Path Groups Table
| -----------------------
------------------------------------------------------------------------------------------------

Path Group    From Clock    To Clock          WNS(ns)      TNS(ns)  TNS Failing Endpoints  TNS Total Endpoints      WHS(ns)      THS(ns)  THS Failing Endpoints  THS Total Endpoints  
----------    ----------    --------          -------      -------  ---------------------  -------------------      -------      -------  ---------------------  -------------------  


------------------------------------------------------------------------------------------------
| Timing Details
| --------------
------------------------------------------------------------------------------------------------


---------------------------------------------------------------------------------------------------
From Clock:  ap_clk
  To Clock:  ap_clk

Setup :            0  Failing Endpoints,  Worst Slack        0.167ns,  Total Violation        0.000ns
Hold  :            0  Failing Endpoints,  Worst Slack        0.014ns,  Total Violation        0.000ns
PW    :            0  Failing Endpoints,  Worst Slack        2.225ns,  Total Violation        0.000ns
---------------------------------------------------------------------------------------------------


Max Delay Paths
--------------------------------------------------------------------------------------
Slack (MET) :             0.167ns  (required time - arrival time)
  Source:                 denselayer1/output_data_reg[17][6]/C
                            (rising edge-triggered cell FDCE clocked by ap_clk  {rise@0.000ns fall@2.500ns period=5.000ns})
  Destination:            denselayer2/INPUT_SIZE_rows[17].OUTPUT_SIZE_cols[4].sa/data_out_reg[39]/D
                            (rising edge-triggered cell FDRE clocked by ap_clk  {rise@0.000ns fall@2.500ns period=5.000ns})
  Path Group:             ap_clk
  Path Type:              Setup (Max at Slow Process Corner)
  Requirement:            5.000ns  (ap_clk rise@5.000ns - ap_clk rise@0.000ns)
  Data Path Delay:        4.542ns  (logic 0.794ns (17.481%)  route 3.748ns (82.519%))
  Logic Levels:           8  (CARRY8=4 LUT2=1 LUT3=2 LUT6=1)
  Clock Path Skew:        -0.279ns (DCD - SCD + CPR)
    Destination Clock Delay (DCD):    3.062ns = ( 8.062 - 5.000 ) 
    Source Clock Delay      (SCD):    3.751ns
    Clock Pessimism Removal (CPR):    0.410ns
  Clock Uncertainty:      0.035ns  ((TSJ^2 + TIJ^2)^1/2 + DJ) / 2 + PE
    Total System Jitter     (TSJ):    0.071ns
    Total Input Jitter      (TIJ):    0.000ns
    Discrete Jitter          (DJ):    0.000ns
    Phase Error              (PE):    0.000ns
  Clock Net Delay (Source):      2.795ns (routing 1.269ns, distribution 1.526ns)
  Clock Net Delay (Destination): 2.351ns (routing 1.150ns, distribution 1.201ns)

    Location             Delay type                Incr(ns)  Path(ns)    Netlist Resource(s)
  -------------------------------------------------------------------    -------------------
                         (clock ap_clk rise edge)     0.000     0.000 r  
    BC10                                              0.000     0.000 r  clk (IN)
                         net (fo=0)                   0.000     0.000    clk_IBUF_inst/I
    BC10                 INBUF (Prop_INBUF_HPIOB_M_PAD_O)
                                                      0.593     0.593 r  clk_IBUF_inst/INBUF_INST/O
                         net (fo=1, routed)           0.000     0.593    clk_IBUF_inst/OUT
    BC10                 IBUFCTRL (Prop_IBUFCTRL_HPIOB_M_I_O)
                                                      0.000     0.593 r  clk_IBUF_inst/IBUFCTRL_INST/O
                         net (fo=1, routed)           0.335     0.928    clk_IBUF
    BUFGCE_X0Y146        BUFGCE (Prop_BUFCE_BUFGCE_I_O)
                                                      0.028     0.956 r  clk_IBUF_BUFG_inst/O
    X3Y3 (CLOCK_ROOT)    net (fo=122039, routed)      2.795     3.751    denselayer1/clk_IBUF_BUFG
    SLICE_X148Y288       FDCE                                         r  denselayer1/output_data_reg[17][6]/C
  -------------------------------------------------------------------    -------------------
    SLICE_X148Y288       FDCE (Prop_FFF_SLICEL_C_Q)
                                                      0.070     3.821 r  denselayer1/output_data_reg[17][6]/Q
                         net (fo=94, routed)          1.625     5.446    relulayer1/Q[6]
    SLICE_X116Y250       LUT2 (Prop_B5LUT_SLICEL_I0_O)
                                                      0.067     5.513 r  relulayer1/buff0_reg_i_18/O
                         net (fo=83, routed)          0.771     6.284    denselayer1/dense2_input_data[46][6]
    SLICE_X101Y269       LUT3 (Prop_E6LUT_SLICEL_I2_O)
                                                      0.089     6.373 r  denselayer1/data_out0__2_carry__1_i_5__239/O
                         net (fo=1, routed)           0.336     6.709    denselayer2/INPUT_SIZE_rows[17].OUTPUT_SIZE_cols[4].sa/data_out0__105_carry__1_i_22__18[3]
    SLICE_X98Y269        CARRY8 (Prop_CARRY8_SLICEL_DI[3]_CO[7])
                                                      0.087     6.796 r  denselayer2/INPUT_SIZE_rows[17].OUTPUT_SIZE_cols[4].sa/data_out0__2_carry__1/CO[7]
                         net (fo=1, routed)           0.048     6.844    denselayer2/INPUT_SIZE_rows[17].OUTPUT_SIZE_cols[4].sa/data_out0__2_carry__1_n_0
    SLICE_X98Y270        CARRY8 (Prop_CARRY8_SLICEL_CI_O[4])
                                                      0.076     6.920 r  denselayer2/INPUT_SIZE_rows[17].OUTPUT_SIZE_cols[4].sa/data_out0__2_carry__2/O[4]
                         net (fo=5, routed)           0.450     7.370    denselayer1/data_out_reg[40]_1221[4]
    SLICE_X96Y247        LUT3 (Prop_D6LUT_SLICEL_I1_O)
                                                      0.114     7.484 r  denselayer1/data_out0__105_carry__2_i_18__19/O
                         net (fo=1, routed)           0.459     7.943    denselayer1/data_out0__105_carry__2_i_18__19_n_0
    SLICE_X93Y273        LUT6 (Prop_G6LUT_SLICEL_I2_O)
                                                      0.089     8.032 r  denselayer1/data_out0__105_carry__2_i_10__28/O
                         net (fo=1, routed)           0.012     8.044    denselayer2/INPUT_SIZE_rows[17].OUTPUT_SIZE_cols[4].sa/data_out_reg[33]_1[6]
    SLICE_X93Y273        CARRY8 (Prop_CARRY8_SLICEL_S[6]_CO[7])
                                                      0.099     8.143 r  denselayer2/INPUT_SIZE_rows[17].OUTPUT_SIZE_cols[4].sa/data_out0__105_carry__2/CO[7]
                         net (fo=1, routed)           0.023     8.166    denselayer2/INPUT_SIZE_rows[17].OUTPUT_SIZE_cols[4].sa/data_out0__105_carry__2_n_0
    SLICE_X93Y274        CARRY8 (Prop_CARRY8_SLICEL_CI_O[5])
                                                      0.103     8.269 r  denselayer2/INPUT_SIZE_rows[17].OUTPUT_SIZE_cols[4].sa/data_out0__105_carry__3/O[5]
                         net (fo=1, routed)           0.024     8.293    denselayer2/INPUT_SIZE_rows[17].OUTPUT_SIZE_cols[4].sa/data_out0__105_carry__3_n_10
    SLICE_X93Y274        FDRE                                         r  denselayer2/INPUT_SIZE_rows[17].OUTPUT_SIZE_cols[4].sa/data_out_reg[39]/D
  -------------------------------------------------------------------    -------------------

                         (clock ap_clk rise edge)     5.000     5.000 r  
    BC10                                              0.000     5.000 r  clk (IN)
                         net (fo=0)                   0.000     5.000    clk_IBUF_inst/I
    BC10                 INBUF (Prop_INBUF_HPIOB_M_PAD_O)
                                                      0.389     5.389 r  clk_IBUF_inst/INBUF_INST/O
                         net (fo=1, routed)           0.000     5.389    clk_IBUF_inst/OUT
    BC10                 IBUFCTRL (Prop_IBUFCTRL_HPIOB_M_I_O)
                                                      0.000     5.389 r  clk_IBUF_inst/IBUFCTRL_INST/O
                         net (fo=1, routed)           0.298     5.687    clk_IBUF
    BUFGCE_X0Y146        BUFGCE (Prop_BUFCE_BUFGCE_I_O)
                                                      0.024     5.711 r  clk_IBUF_BUFG_inst/O
    X3Y3 (CLOCK_ROOT)    net (fo=122039, routed)      2.351     8.062    denselayer2/INPUT_SIZE_rows[17].OUTPUT_SIZE_cols[4].sa/clk_IBUF_BUFG
    SLICE_X93Y274        FDRE                                         r  denselayer2/INPUT_SIZE_rows[17].OUTPUT_SIZE_cols[4].sa/data_out_reg[39]/C
                         clock pessimism              0.410     8.472    
                         clock uncertainty           -0.035     8.437    
    SLICE_X93Y274        FDRE (Setup_FFF_SLICEL_C_D)
                                                      0.023     8.460    denselayer2/INPUT_SIZE_rows[17].OUTPUT_SIZE_cols[4].sa/data_out_reg[39]
  -------------------------------------------------------------------
                         required time                          8.460    
                         arrival time                          -8.293    
  -------------------------------------------------------------------
                         slack                                  0.167    





Min Delay Paths
--------------------------------------------------------------------------------------
Slack (MET) :             0.014ns  (arrival time - required time)
  Source:                 denselayer2/INPUT_SIZE_rows[36].OUTPUT_SIZE_cols[29].sa/data_out_reg[39]/C
                            (rising edge-triggered cell FDRE clocked by ap_clk  {rise@0.000ns fall@2.500ns period=5.000ns})
  Destination:            denselayer2/sum_all/col_trees[29].column_tree/genblk2[2].genblk1[25].tree_reg[25][24]/D
                            (rising edge-triggered cell FDRE clocked by ap_clk  {rise@0.000ns fall@2.500ns period=5.000ns})
  Path Group:             ap_clk
  Path Type:              Hold (Min at Fast Process Corner)
  Requirement:            0.000ns  (ap_clk rise@0.000ns - ap_clk rise@0.000ns)
  Data Path Delay:        0.199ns  (logic 0.072ns (36.181%)  route 0.127ns (63.819%))
  Logic Levels:           2  (CARRY8=1 LUT6=1)
  Clock Path Skew:        0.139ns (DCD - SCD - CPR)
    Destination Clock Delay (DCD):    2.530ns
    Source Clock Delay      (SCD):    2.046ns
    Clock Pessimism Removal (CPR):    0.345ns
  Clock Net Delay (Source):      1.580ns (routing 0.771ns, distribution 0.809ns)
  Clock Net Delay (Destination): 1.841ns (routing 0.861ns, distribution 0.980ns)

    Location             Delay type                Incr(ns)  Path(ns)    Netlist Resource(s)
  -------------------------------------------------------------------    -------------------
                         (clock ap_clk rise edge)     0.000     0.000 r  
    BC10                                              0.000     0.000 r  clk (IN)
                         net (fo=0)                   0.000     0.000    clk_IBUF_inst/I
    BC10                 INBUF (Prop_INBUF_HPIOB_M_PAD_O)
                                                      0.293     0.293 r  clk_IBUF_inst/INBUF_INST/O
                         net (fo=1, routed)           0.000     0.293    clk_IBUF_inst/OUT
    BC10                 IBUFCTRL (Prop_IBUFCTRL_HPIOB_M_I_O)
                                                      0.000     0.293 r  clk_IBUF_inst/IBUFCTRL_INST/O
                         net (fo=1, routed)           0.156     0.449    clk_IBUF
    BUFGCE_X0Y146        BUFGCE (Prop_BUFCE_BUFGCE_I_O)
                                                      0.017     0.466 r  clk_IBUF_BUFG_inst/O
    X3Y3 (CLOCK_ROOT)    net (fo=122039, routed)      1.580     2.046    denselayer2/INPUT_SIZE_rows[36].OUTPUT_SIZE_cols[29].sa/clk_IBUF_BUFG
    SLICE_X95Y417        FDRE                                         r  denselayer2/INPUT_SIZE_rows[36].OUTPUT_SIZE_cols[29].sa/data_out_reg[39]/C
  -------------------------------------------------------------------    -------------------
    SLICE_X95Y417        FDRE (Prop_GFF_SLICEM_C_Q)
                                                      0.039     2.085 r  denselayer2/INPUT_SIZE_rows[36].OUTPUT_SIZE_cols[29].sa/data_out_reg[39]/Q
                         net (fo=2, routed)           0.110     2.195    denselayer2/INPUT_SIZE_rows[38].OUTPUT_SIZE_cols[29].sa/Q[4]
    SLICE_X94Y420        LUT6 (Prop_A6LUT_SLICEM_I4_O)
                                                      0.014     2.209 r  denselayer2/INPUT_SIZE_rows[38].OUTPUT_SIZE_cols[29].sa/genblk2[2].genblk1[25].tree[25][24]_i_2__26/O
                         net (fo=1, routed)           0.010     2.219    denselayer2/INPUT_SIZE_rows[39].OUTPUT_SIZE_cols[29].sa/S[0]
    SLICE_X94Y420        CARRY8 (Prop_CARRY8_SLICEM_S[0]_O[0])
                                                      0.019     2.238 r  denselayer2/INPUT_SIZE_rows[39].OUTPUT_SIZE_cols[29].sa/genblk2[2].genblk1[25].tree_reg[25][24]_i_1__28/O[0]
                         net (fo=1, routed)           0.007     2.245    denselayer2/sum_all/col_trees[29].column_tree/genblk2[2].genblk1[25].tree_reg[25][24]_0[24]
    SLICE_X94Y420        FDRE                                         r  denselayer2/sum_all/col_trees[29].column_tree/genblk2[2].genblk1[25].tree_reg[25][24]/D
  -------------------------------------------------------------------    -------------------

                         (clock ap_clk rise edge)     0.000     0.000 r  
    BC10                                              0.000     0.000 r  clk (IN)
                         net (fo=0)                   0.000     0.000    clk_IBUF_inst/I
    BC10                 INBUF (Prop_INBUF_HPIOB_M_PAD_O)
                                                      0.479     0.479 r  clk_IBUF_inst/INBUF_INST/O
                         net (fo=1, routed)           0.000     0.479    clk_IBUF_inst/OUT
    BC10                 IBUFCTRL (Prop_IBUFCTRL_HPIOB_M_I_O)
                                                      0.000     0.479 r  clk_IBUF_inst/IBUFCTRL_INST/O
                         net (fo=1, routed)           0.191     0.670    clk_IBUF
    BUFGCE_X0Y146        BUFGCE (Prop_BUFCE_BUFGCE_I_O)
                                                      0.019     0.689 r  clk_IBUF_BUFG_inst/O
    X3Y3 (CLOCK_ROOT)    net (fo=122039, routed)      1.841     2.530    denselayer2/sum_all/col_trees[29].column_tree/clk_IBUF_BUFG
    SLICE_X94Y420        FDRE                                         r  denselayer2/sum_all/col_trees[29].column_tree/genblk2[2].genblk1[25].tree_reg[25][24]/C
                         clock pessimism             -0.345     2.185    
    SLICE_X94Y420        FDRE (Hold_AFF_SLICEM_C_D)
                                                      0.046     2.231    denselayer2/sum_all/col_trees[29].column_tree/genblk2[2].genblk1[25].tree_reg[25][24]
  -------------------------------------------------------------------
                         required time                         -2.231    
                         arrival time                           2.245    
  -------------------------------------------------------------------
                         slack                                  0.014    





Pulse Width Checks
--------------------------------------------------------------------------------------
Clock Name:         ap_clk
Waveform(ns):       { 0.000 2.500 }
Period(ns):         5.000
Sources:            { clk }

Check Type        Corner  Lib Pin   Reference Pin  Required(ns)  Actual(ns)  Slack(ns)  Location        Pin
Min Period        n/a     BUFGCE/I  n/a            1.122         5.000       3.878      BUFGCE_X0Y146   clk_IBUF_BUFG_inst/I
Low Pulse Width   Slow    FDRE/C    n/a            0.275         2.500       2.225      SLICE_X153Y289  denselayer1/INPUT_SIZE_rows[7].OUTPUT_SIZE_cols[12].sa/data_out_reg[17]/C
High Pulse Width  Slow    FDRE/C    n/a            0.275         2.500       2.225      SLICE_X178Y356  denselayer1/INPUT_SIZE_rows[12].OUTPUT_SIZE_cols[36].sa/data_out_reg[23]/C



