Copyright 1986-2019 Xilinx, Inc. All Rights Reserved.
---------------------------------------------------------------------------------------------------------
| Tool Version : Vivado v.2019.1 (lin64) Build 2552052 Fri May 24 14:47:09 MDT 2019
| Date         : Sun Oct 26 05:19:16 2025
| Host         : hvm1 running 64-bit Ubuntu 22.04.5 LTS
| Command      : report_utilization -hierarchical -hierarchical_depth 1 -file reports/28_10_hier_sa0.rpt
| Design       : waiz_benchmark
| Device       : xcvu13pfhga2104-3
| Design State : Routed
---------------------------------------------------------------------------------------------------------

Utilization Design Information

Table of Contents
-----------------
1. Utilization by Hierarchy

1. Utilization by Hierarchy
---------------------------

+--------------------+---------------------------------------+------------+------------+---------+------+-------+--------+--------+------+--------------+
|      Instance      |                 Module                | Total LUTs | Logic LUTs | LUTRAMs | SRLs |  FFs  | RAMB36 | RAMB18 | URAM | DSP48 Blocks |
+--------------------+---------------------------------------+------------+------------+---------+------+-------+--------+--------+------+--------------+
| waiz_benchmark     |                                 (top) |     108562 |     108562 |       0 |    0 | 46542 |      0 |      0 |    0 |         4812 |
|   (waiz_benchmark) |                                 (top) |          0 |          0 |       0 |    0 |     0 |      0 |      0 |    0 |            0 |
|   denselayer1      |                            denseLayer |      25595 |      25595 |       0 |    0 | 12611 |      0 |      0 |    0 |         1187 |
|   denselayer2      |            denseLayer__parameterized0 |      50739 |      50739 |       0 |    0 | 20713 |      0 |      0 |    0 |         2101 |
|   denselayer3      |            denseLayer__parameterized1 |      26064 |      26064 |       0 |    0 | 11716 |      0 |      0 |    0 |         1344 |
|   denselayer4      |            denseLayer__parameterized2 |       3338 |       3338 |       0 |    0 |  1434 |      0 |      0 |    0 |          175 |
|   relulayer1       |                   reluActivationLayer |        944 |        944 |       0 |    0 |     0 |      0 |      0 |    0 |            0 |
|   relulayer2       |   reluActivationLayer__parameterized0 |        459 |        459 |       0 |    0 |     0 |      0 |      0 |    0 |            0 |
|   relulayer3       | reluActivationLayer__parameterized0_0 |        436 |        436 |       0 |    0 |     0 |      0 |      0 |    0 |            0 |
|   softmax          |                          softmaxLayer |        989 |        989 |       0 |    0 |    68 |      0 |      0 |    0 |            5 |
+--------------------+---------------------------------------+------------+------------+---------+------+-------+--------+--------+------+--------------+
* Note: The sum of lower-level cells may be larger than their parent cells total, due to cross-hierarchy LUT combining


