Copyright 1986-2019 Xilinx, Inc. All Rights Reserved.
---------------------------------------------------------------------------------------------------------
| Tool Version : Vivado v.2019.1 (lin64) Build 2552052 Fri May 24 14:47:09 MDT 2019
| Date         : Thu Nov  6 04:18:43 2025
| Host         : hvm1 running 64-bit Ubuntu 22.04.5 LTS
| Command      : report_utilization -hierarchical -hierarchical_depth 1 -file reports/28_10_SA6_hier.rpt
| Design       : waiz_benchmark
| Device       : xcvu13pfhga2104-3
| Design State : Routed
---------------------------------------------------------------------------------------------------------

Utilization Design Information

Table of Contents
-----------------
1. Utilization by Hierarchy

1. Utilization by Hierarchy
---------------------------

+--------------------+---------------------------------------+------------+------------+---------+------+--------+--------+--------+------+--------------+
|      Instance      |                 Module                | Total LUTs | Logic LUTs | LUTRAMs | SRLs |   FFs  | RAMB36 | RAMB18 | URAM | DSP48 Blocks |
+--------------------+---------------------------------------+------------+------------+---------+------+--------+--------+--------+------+--------------+
| waiz_benchmark     |                                 (top) |     389955 |     389955 |       0 |    0 | 118605 |      0 |      0 |    0 |         1541 |
|   (waiz_benchmark) |                                 (top) |       3752 |       3752 |       0 |    0 |      0 |      0 |      0 |    0 |            0 |
|   denselayer1      |                            denseLayer |     220560 |     220560 |       0 |    0 |  28987 |      0 |      0 |    0 |          464 |
|   denselayer2      |            denseLayer__parameterized0 |     114770 |     114770 |       0 |    0 |  58141 |      0 |      0 |    0 |          416 |
|   denselayer3      |            denseLayer__parameterized1 |      39898 |      39898 |       0 |    0 |  27159 |      0 |      0 |    0 |          592 |
|   denselayer4      |            denseLayer__parameterized2 |       4328 |       4328 |       0 |    0 |   4250 |      0 |      0 |    0 |           64 |
|   relulayer1       |                   reluActivationLayer |      22772 |      22772 |       0 |    0 |      0 |      0 |      0 |    0 |            0 |
|   relulayer2       |   reluActivationLayer__parameterized0 |      10035 |      10035 |       0 |    0 |      0 |      0 |      0 |    0 |            0 |
|   relulayer3       | reluActivationLayer__parameterized0_0 |       2268 |       2268 |       0 |    0 |      0 |      0 |      0 |    0 |            0 |
|   softmax          |                          softmaxLayer |        988 |        988 |       0 |    0 |     68 |      0 |      0 |    0 |            5 |
+--------------------+---------------------------------------+------------+------------+---------+------+--------+--------+--------+------+--------------+
* Note: The sum of lower-level cells may be larger than their parent cells total, due to cross-hierarchy LUT combining


