Copyright 1986-2019 Xilinx, Inc. All Rights Reserved.
-----------------------------------------------------------------------------------------------------------------
| Tool Version : Vivado v.2019.1 (lin64) Build 2552052 Fri May 24 14:47:09 MDT 2019
| Date         : Thu Nov 13 20:36:55 2025
| Host         : hvm1 running 64-bit Ubuntu 22.04.5 LTS
| Command      : report_utilization -hierarchical -hierarchical_depth 1 -file reports/30_6_Fixed_int_SD_hier.rpt
| Design       : waiz_benchmark
| Device       : xcvu13pfhga2104-3
| Design State : Routed
-----------------------------------------------------------------------------------------------------------------

Utilization Design Information

Table of Contents
-----------------
1. Utilization by Hierarchy

1. Utilization by Hierarchy
---------------------------

+--------------------+---------------------------------------+------------+------------+---------+------+-------+--------+--------+------+--------------+
|      Instance      |                 Module                | Total LUTs | Logic LUTs | LUTRAMs | SRLs |  FFs  | RAMB36 | RAMB18 | URAM | DSP48 Blocks |
+--------------------+---------------------------------------+------------+------------+---------+------+-------+--------+--------+------+--------------+
| waiz_benchmark     |                                 (top) |     274705 |     274705 |       0 |    0 | 82443 |      0 |      0 |    0 |         5758 |
|   (waiz_benchmark) |                                 (top) |       2950 |       2950 |       0 |    0 |     0 |      0 |      0 |    0 |            0 |
|   denselayer1      |                            denseLayer |     135826 |     135826 |       0 |    0 | 19555 |      0 |      0 |    0 |         1553 |
|   denselayer2      |            denseLayer__parameterized0 |      93089 |      93089 |       0 |    0 | 41387 |      0 |      0 |    0 |         2432 |
|   denselayer3      |            denseLayer__parameterized1 |      33352 |      33352 |       0 |    0 | 19009 |      0 |      0 |    0 |         1503 |
|   denselayer4      |            denseLayer__parameterized2 |       4483 |       4483 |       0 |    0 |  2424 |      0 |      0 |    0 |          265 |
|   relulayer1       |                   reluActivationLayer |      13140 |      13140 |       0 |    0 |     0 |      0 |      0 |    0 |            0 |
|   relulayer2       |   reluActivationLayer__parameterized0 |       4774 |       4774 |       0 |    0 |     0 |      0 |      0 |    0 |            0 |
|   relulayer3       | reluActivationLayer__parameterized0_0 |       1082 |       1082 |       0 |    0 |     0 |      0 |      0 |    0 |            0 |
|   softmax          |                          softmaxLayer |        988 |        988 |       0 |    0 |    68 |      0 |      0 |    0 |            5 |
+--------------------+---------------------------------------+------------+------------+---------+------+-------+--------+--------+------+--------------+
* Note: The sum of lower-level cells may be larger than their parent cells total, due to cross-hierarchy LUT combining


