Copyright 1986-2019 Xilinx, Inc. All Rights Reserved.
-----------------------------------------------------------------------------------------------------------
| Tool Version : Vivado v.2019.1 (lin64) Build 2552052 Fri May 24 14:47:09 MDT 2019
| Date         : Mon Nov 10 00:50:01 2025
| Host         : hvm1 running 64-bit Ubuntu 22.04.5 LTS
| Command      : report_utilization -hierarchical -hierarchical_depth 1 -file reports/31_11_SA3_6_hier.rpt
| Design       : waiz_benchmark
| Device       : xcvu13pfhga2104-3
| Design State : Routed
-----------------------------------------------------------------------------------------------------------

Utilization Design Information

Table of Contents
-----------------
1. Utilization by Hierarchy

1. Utilization by Hierarchy
---------------------------

+--------------------+---------------------------------------+------------+------------+---------+------+--------+--------+--------+------+--------------+
|      Instance      |                 Module                | Total LUTs | Logic LUTs | LUTRAMs | SRLs |   FFs  | RAMB36 | RAMB18 | URAM | DSP48 Blocks |
+--------------------+---------------------------------------+------------+------------+---------+------+--------+--------+--------+------+--------------+
| waiz_benchmark     |                                 (top) |     239235 |     239235 |       0 |    0 | 109696 |      0 |      0 |    0 |         5451 |
|   (waiz_benchmark) |                                 (top) |        228 |        228 |       0 |    0 |      0 |      0 |      0 |    0 |            0 |
|   denselayer1      |                            denseLayer |      76448 |      76448 |       0 |    0 |  24196 |      0 |      0 |    0 |         1519 |
|   denselayer2      |            denseLayer__parameterized0 |     109613 |     109613 |       0 |    0 |  58461 |      0 |      0 |    0 |         2188 |
|   denselayer3      |            denseLayer__parameterized1 |      43176 |      43176 |       0 |    0 |  23718 |      0 |      0 |    0 |         1487 |
|   denselayer4      |            denseLayer__parameterized2 |       6585 |       6585 |       0 |    0 |   3253 |      0 |      0 |    0 |          252 |
|   relulayer1       |                   reluActivationLayer |       4131 |       4131 |       0 |    0 |      0 |      0 |      0 |    0 |            0 |
|   relulayer2       |   reluActivationLayer__parameterized0 |       1209 |       1209 |       0 |    0 |      0 |      0 |      0 |    0 |            0 |
|   relulayer3       | reluActivationLayer__parameterized0_0 |        575 |        575 |       0 |    0 |      0 |      0 |      0 |    0 |            0 |
|   softmax          |                          softmaxLayer |        988 |        988 |       0 |    0 |     68 |      0 |      0 |    0 |            5 |
+--------------------+---------------------------------------+------------+------------+---------+------+--------+--------+--------+------+--------------+
* Note: The sum of lower-level cells may be larger than their parent cells total, due to cross-hierarchy LUT combining


