Copyright 1986-2019 Xilinx, Inc. All Rights Reserved.
-----------------------------------------------------------------------------------------
| Tool Version      : Vivado v.2019.1 (lin64) Build 2552052 Fri May 24 14:47:09 MDT 2019
| Date              : Thu Nov  6 06:00:05 2025
| Host              : hvm1 running 64-bit Ubuntu 22.04.5 LTS
| Command           : report_timing_summary -file reports/31_11_SA6_timing.rpt
| Design            : waiz_benchmark
| Device            : xcvu13p-fhga2104
| Speed File        : -3  PRODUCTION 1.23 03-18-2019
| Temperature Grade : E
-----------------------------------------------------------------------------------------

Timing Summary Report

------------------------------------------------------------------------------------------------
| Timer Settings
| --------------
------------------------------------------------------------------------------------------------

  Enable Multi Corner Analysis               :  Yes
  Enable Pessimism Removal                   :  Yes
  Pessimism Removal Resolution               :  Nearest Common Node
  Enable Input Delay Default Clock           :  No
  Enable Preset / Clear Arcs                 :  No
  Disable Flight Delays                      :  No
  Ignore I/O Paths                           :  No
  Timing Early Launch at Borrowing Latches   :  No
  Borrow Time for Max Delay Exceptions       :  Yes

  Corner  Analyze    Analyze    
  Name    Max Paths  Min Paths  
  ------  ---------  ---------  
  Slow    Yes        Yes        
  Fast    Yes        Yes        



check_timing report

Table of Contents
-----------------
1. checking no_clock
2. checking constant_clock
3. checking pulse_width_clock
4. checking unconstrained_internal_endpoints
5. checking no_input_delay
6. checking no_output_delay
7. checking multiple_clock
8. checking generated_clocks
9. checking loops
10. checking partial_input_delay
11. checking partial_output_delay
12. checking latch_loops

1. checking no_clock
--------------------
 There are 0 register/latch pins with no clock.


2. checking constant_clock
--------------------------
 There are 0 register/latch pins with constant_clock.


3. checking pulse_width_clock
-----------------------------
 There are 0 register/latch pins which need pulse_width check


4. checking unconstrained_internal_endpoints
--------------------------------------------
 There are 0 pins that are not constrained for maximum delay.

 There are 0 pins that are not constrained for maximum delay due to constant clock.


5. checking no_input_delay
--------------------------
 There are 498 input ports with no input delay specified. (HIGH)

 There are 0 input ports with no input delay but user has a false path constraint.


6. checking no_output_delay
---------------------------
 There are 156 ports with no output delay specified. (HIGH)

 There are 0 ports with no output delay but user has a false path constraint

 There are 0 ports with no output delay but with a timing clock defined on it or propagating through it


7. checking multiple_clock
--------------------------
 There are 0 register/latch pins with multiple clocks.


8. checking generated_clocks
----------------------------
 There are 0 generated clocks that are not connected to a clock source.


9. checking loops
-----------------
 There are 0 combinational loops in the design.


10. checking partial_input_delay
--------------------------------
 There are 0 input ports with partial input delay specified.


11. checking partial_output_delay
---------------------------------
 There are 0 ports with partial output delay specified.


12. checking latch_loops
------------------------
 There are 0 combinational latch loops in the design through latch input



------------------------------------------------------------------------------------------------
| Design Timing Summary
| ---------------------
------------------------------------------------------------------------------------------------

    WNS(ns)      TNS(ns)  TNS Failing Endpoints  TNS Total Endpoints      WHS(ns)      THS(ns)  THS Failing Endpoints  THS Total Endpoints     WPWS(ns)     TPWS(ns)  TPWS Failing Endpoints  TPWS Total Endpoints  
    -------      -------  ---------------------  -------------------      -------      -------  ---------------------  -------------------     --------     --------  ----------------------  --------------------  
      0.246        0.000                      0               223651        0.016        0.000                      0               223651        2.225        0.000                       0                128464  


All user specified timing constraints are met.


------------------------------------------------------------------------------------------------
| Clock Summary
| -------------
------------------------------------------------------------------------------------------------

Clock   Waveform(ns)         Period(ns)      Frequency(MHz)
-----   ------------         ----------      --------------
ap_clk  {0.000 2.500}        5.000           200.000         


------------------------------------------------------------------------------------------------
| Intra Clock Table
| -----------------
------------------------------------------------------------------------------------------------

Clock             WNS(ns)      TNS(ns)  TNS Failing Endpoints  TNS Total Endpoints      WHS(ns)      THS(ns)  THS Failing Endpoints  THS Total Endpoints     WPWS(ns)     TPWS(ns)  TPWS Failing Endpoints  TPWS Total Endpoints  
-----             -------      -------  ---------------------  -------------------      -------      -------  ---------------------  -------------------     --------     --------  ----------------------  --------------------  
ap_clk              0.246        0.000                      0               223651        0.016        0.000                      0               223651        2.225        0.000                       0                128464  


------------------------------------------------------------------------------------------------
| Inter Clock Table
| -----------------
------------------------------------------------------------------------------------------------

From Clock    To Clock          WNS(ns)      TNS(ns)  TNS Failing Endpoints  TNS Total Endpoints      WHS(ns)      THS(ns)  THS Failing Endpoints  THS Total Endpoints  
----------    --------          -------      -------  ---------------------  -------------------      -------      -------  ---------------------  -------------------  


------------------------------------------------------------------------------------------------
| Other Path Groups Table
| -----------------------
------------------------------------------------------------------------------------------------

Path Group    From Clock    To Clock          WNS(ns)      TNS(ns)  TNS Failing Endpoints  TNS Total Endpoints      WHS(ns)      THS(ns)  THS Failing Endpoints  THS Total Endpoints  
----------    ----------    --------          -------      -------  ---------------------  -------------------      -------      -------  ---------------------  -------------------  


------------------------------------------------------------------------------------------------
| Timing Details
| --------------
------------------------------------------------------------------------------------------------


---------------------------------------------------------------------------------------------------
From Clock:  ap_clk
  To Clock:  ap_clk

Setup :            0  Failing Endpoints,  Worst Slack        0.246ns,  Total Violation        0.000ns
Hold  :            0  Failing Endpoints,  Worst Slack        0.016ns,  Total Violation        0.000ns
PW    :            0  Failing Endpoints,  Worst Slack        2.225ns,  Total Violation        0.000ns
---------------------------------------------------------------------------------------------------


Max Delay Paths
--------------------------------------------------------------------------------------
Slack (MET) :             0.246ns  (required time - arrival time)
  Source:                 denselayer2/output_data_reg[5][30]/C
                            (rising edge-triggered cell FDCE clocked by ap_clk  {rise@0.000ns fall@2.500ns period=5.000ns})
  Destination:            denselayer3/INPUT_SIZE_rows[5].OUTPUT_SIZE_cols[7].sa/mow/internal_operation/tmp_product/DSP_A_B_DATA_INST/B[6]
                            (rising edge-triggered cell DSP_A_B_DATA clocked by ap_clk  {rise@0.000ns fall@2.500ns period=5.000ns})
  Path Group:             ap_clk
  Path Type:              Setup (Max at Slow Process Corner)
  Requirement:            5.000ns  (ap_clk rise@5.000ns - ap_clk rise@0.000ns)
  Data Path Delay:        4.715ns  (logic 0.199ns (4.221%)  route 4.516ns (95.779%))
  Logic Levels:           1  (LUT2=1)
  Clock Path Skew:        0.240ns (DCD - SCD + CPR)
    Destination Clock Delay (DCD):    3.602ns = ( 8.602 - 5.000 ) 
    Source Clock Delay      (SCD):    3.786ns
    Clock Pessimism Removal (CPR):    0.423ns
  Clock Uncertainty:      0.035ns  ((TSJ^2 + TIJ^2)^1/2 + DJ) / 2 + PE
    Total System Jitter     (TSJ):    0.071ns
    Total Input Jitter      (TIJ):    0.000ns
    Discrete Jitter          (DJ):    0.000ns
    Phase Error              (PE):    0.000ns
  Clock Net Delay (Source):      2.928ns (routing 1.689ns, distribution 1.239ns)
  Clock Net Delay (Destination): 2.989ns (routing 1.530ns, distribution 1.459ns)

    Location             Delay type                Incr(ns)  Path(ns)    Netlist Resource(s)
  -------------------------------------------------------------------    -------------------
                         (clock ap_clk rise edge)     0.000     0.000 r  
    AW18                                              0.000     0.000 r  clk (IN)
                         net (fo=0)                   0.000     0.000    clk_IBUF_inst/I
    AW18                 INBUF (Prop_INBUF_HPIOB_M_PAD_O)
                                                      0.495     0.495 r  clk_IBUF_inst/INBUF_INST/O
                         net (fo=1, routed)           0.000     0.495    clk_IBUF_inst/OUT
    AW18                 IBUFCTRL (Prop_IBUFCTRL_HPIOB_M_I_O)
                                                      0.000     0.495 r  clk_IBUF_inst/IBUFCTRL_INST/O
                         net (fo=1, routed)           0.335     0.830    clk_IBUF
    BUFGCE_X0Y122        BUFGCE (Prop_BUFCE_BUFGCE_I_O)
                                                      0.028     0.858 r  clk_IBUF_BUFG_inst/O
    X3Y11 (CLOCK_ROOT)   net (fo=146589, routed)      2.928     3.786    denselayer2/clk_IBUF_BUFG
    SLR Crossing[1->2]   
    SLICE_X103Y610       FDCE                                         r  denselayer2/output_data_reg[5][30]/C
  -------------------------------------------------------------------    -------------------
    SLICE_X103Y610       FDCE (Prop_FFF_SLICEL_C_Q)
                                                      0.070     3.856 f  denselayer2/output_data_reg[5][30]/Q
                         net (fo=115, routed)         0.281     4.137    relulayer2/a_reg0_reg[29]_1[30]
    SLICE_X103Y606       LUT2 (Prop_F5LUT_SLICEL_I1_O)
                                                      0.129     4.266 r  relulayer2/tmp_product_i_11__1/O
                         net (fo=71, routed)          4.235     8.501    denselayer3/INPUT_SIZE_rows[5].OUTPUT_SIZE_cols[7].sa/mow/internal_operation/tmp_product/B[6]
    DSP48E2_X0Y198       DSP_A_B_DATA                                 r  denselayer3/INPUT_SIZE_rows[5].OUTPUT_SIZE_cols[7].sa/mow/internal_operation/tmp_product/DSP_A_B_DATA_INST/B[6]
  -------------------------------------------------------------------    -------------------

                         (clock ap_clk rise edge)     5.000     5.000 r  
    AW18                                              0.000     5.000 r  clk (IN)
                         net (fo=0)                   0.000     5.000    clk_IBUF_inst/I
    AW18                 INBUF (Prop_INBUF_HPIOB_M_PAD_O)
                                                      0.291     5.291 r  clk_IBUF_inst/INBUF_INST/O
                         net (fo=1, routed)           0.000     5.291    clk_IBUF_inst/OUT
    AW18                 IBUFCTRL (Prop_IBUFCTRL_HPIOB_M_I_O)
                                                      0.000     5.291 r  clk_IBUF_inst/IBUFCTRL_INST/O
                         net (fo=1, routed)           0.298     5.589    clk_IBUF
    BUFGCE_X0Y122        BUFGCE (Prop_BUFCE_BUFGCE_I_O)
                                                      0.024     5.613 r  clk_IBUF_BUFG_inst/O
    X3Y11 (CLOCK_ROOT)   net (fo=146589, routed)      2.989     8.602    denselayer3/INPUT_SIZE_rows[5].OUTPUT_SIZE_cols[7].sa/mow/internal_operation/tmp_product/CLK
    SLR Crossing[1->2]   
    DSP48E2_X0Y198       DSP_A_B_DATA                                 r  denselayer3/INPUT_SIZE_rows[5].OUTPUT_SIZE_cols[7].sa/mow/internal_operation/tmp_product/DSP_A_B_DATA_INST/CLK
                         clock pessimism              0.423     9.026    
                         clock uncertainty           -0.035     8.991    
    DSP48E2_X0Y198       DSP_A_B_DATA (Setup_DSP_A_B_DATA_DSP48E2_CLK_B[6])
                                                     -0.244     8.747    denselayer3/INPUT_SIZE_rows[5].OUTPUT_SIZE_cols[7].sa/mow/internal_operation/tmp_product/DSP_A_B_DATA_INST
  -------------------------------------------------------------------
                         required time                          8.747    
                         arrival time                          -8.501    
  -------------------------------------------------------------------
                         slack                                  0.246    





Min Delay Paths
--------------------------------------------------------------------------------------
Slack (MET) :             0.016ns  (arrival time - required time)
  Source:                 denselayer2/INPUT_SIZE_rows[9].OUTPUT_SIZE_cols[26].sa/mow/internal_operation/buff0_reg[3]__0/C
                            (rising edge-triggered cell FDRE clocked by ap_clk  {rise@0.000ns fall@2.500ns period=5.000ns})
  Destination:            denselayer2/sum_all/col_trees[26].column_tree/genblk2[2].genblk1[18].tree_reg[18][10]/D
                            (rising edge-triggered cell FDRE clocked by ap_clk  {rise@0.000ns fall@2.500ns period=5.000ns})
  Path Group:             ap_clk
  Path Type:              Hold (Min at Fast Process Corner)
  Requirement:            0.000ns  (ap_clk rise@0.000ns - ap_clk rise@0.000ns)
  Data Path Delay:        0.152ns  (logic 0.071ns (46.711%)  route 0.081ns (53.290%))
  Logic Levels:           2  (CARRY8=1 LUT6=1)
  Clock Path Skew:        0.090ns (DCD - SCD - CPR)
    Destination Clock Delay (DCD):    2.860ns
    Source Clock Delay      (SCD):    2.354ns
    Clock Pessimism Removal (CPR):    0.416ns
  Clock Net Delay (Source):      1.986ns (routing 1.029ns, distribution 0.957ns)
  Clock Net Delay (Destination): 2.269ns (routing 1.152ns, distribution 1.117ns)

    Location             Delay type                Incr(ns)  Path(ns)    Netlist Resource(s)
  -------------------------------------------------------------------    -------------------
                         (clock ap_clk rise edge)     0.000     0.000 r  
    AW18                                              0.000     0.000 r  clk (IN)
                         net (fo=0)                   0.000     0.000    clk_IBUF_inst/I
    AW18                 INBUF (Prop_INBUF_HPIOB_M_PAD_O)
                                                      0.195     0.195 r  clk_IBUF_inst/INBUF_INST/O
                         net (fo=1, routed)           0.000     0.195    clk_IBUF_inst/OUT
    AW18                 IBUFCTRL (Prop_IBUFCTRL_HPIOB_M_I_O)
                                                      0.000     0.195 r  clk_IBUF_inst/IBUFCTRL_INST/O
                         net (fo=1, routed)           0.156     0.351    clk_IBUF
    BUFGCE_X0Y122        BUFGCE (Prop_BUFCE_BUFGCE_I_O)
                                                      0.017     0.368 r  clk_IBUF_BUFG_inst/O
    X3Y11 (CLOCK_ROOT)   net (fo=146589, routed)      1.986     2.354    denselayer2/INPUT_SIZE_rows[9].OUTPUT_SIZE_cols[26].sa/mow/internal_operation/clk_IBUF_BUFG
    SLR Crossing[1->3]   
    SLICE_X145Y912       FDRE                                         r  denselayer2/INPUT_SIZE_rows[9].OUTPUT_SIZE_cols[26].sa/mow/internal_operation/buff0_reg[3]__0/C
  -------------------------------------------------------------------    -------------------
    SLICE_X145Y912       FDRE (Prop_CFF_SLICEM_C_Q)
                                                      0.038     2.392 r  denselayer2/INPUT_SIZE_rows[9].OUTPUT_SIZE_cols[26].sa/mow/internal_operation/buff0_reg[3]__0/Q
                         net (fo=3, routed)           0.060     2.452    denselayer2/INPUT_SIZE_rows[11].OUTPUT_SIZE_cols[26].sa/p_1754_out[8]
    SLICE_X146Y912       LUT6 (Prop_C6LUT_SLICEM_I3_O)
                                                      0.014     2.466 r  denselayer2/INPUT_SIZE_rows[11].OUTPUT_SIZE_cols[26].sa/genblk2[2].genblk1[18].tree[18][15]_i_15__25/O
                         net (fo=1, routed)           0.014     2.480    denselayer2/INPUT_SIZE_rows[11].OUTPUT_SIZE_cols[26].sa/genblk2[2].genblk1[18].tree[18][15]_i_15__25_n_0
    SLICE_X146Y912       CARRY8 (Prop_CARRY8_SLICEM_S[2]_O[2])
                                                      0.019     2.499 r  denselayer2/INPUT_SIZE_rows[11].OUTPUT_SIZE_cols[26].sa/genblk2[2].genblk1[18].tree_reg[18][15]_i_1__25/O[2]
                         net (fo=1, routed)           0.007     2.506    denselayer2/sum_all/col_trees[26].column_tree/genblk2[2].genblk1[18].tree_reg[18][30]_0[10]
    SLICE_X146Y912       FDRE                                         r  denselayer2/sum_all/col_trees[26].column_tree/genblk2[2].genblk1[18].tree_reg[18][10]/D
  -------------------------------------------------------------------    -------------------

                         (clock ap_clk rise edge)     0.000     0.000 r  
    AW18                                              0.000     0.000 r  clk (IN)
                         net (fo=0)                   0.000     0.000    clk_IBUF_inst/I
    AW18                 INBUF (Prop_INBUF_HPIOB_M_PAD_O)
                                                      0.381     0.381 r  clk_IBUF_inst/INBUF_INST/O
                         net (fo=1, routed)           0.000     0.381    clk_IBUF_inst/OUT
    AW18                 IBUFCTRL (Prop_IBUFCTRL_HPIOB_M_I_O)
                                                      0.000     0.381 r  clk_IBUF_inst/IBUFCTRL_INST/O
                         net (fo=1, routed)           0.191     0.572    clk_IBUF
    BUFGCE_X0Y122        BUFGCE (Prop_BUFCE_BUFGCE_I_O)
                                                      0.019     0.591 r  clk_IBUF_BUFG_inst/O
    X3Y11 (CLOCK_ROOT)   net (fo=146589, routed)      2.269     2.860    denselayer2/sum_all/col_trees[26].column_tree/clk_IBUF_BUFG
    SLR Crossing[1->3]   
    SLICE_X146Y912       FDRE                                         r  denselayer2/sum_all/col_trees[26].column_tree/genblk2[2].genblk1[18].tree_reg[18][10]/C
                         clock pessimism             -0.416     2.444    
    SLICE_X146Y912       FDRE (Hold_CFF_SLICEM_C_D)
                                                      0.046     2.490    denselayer2/sum_all/col_trees[26].column_tree/genblk2[2].genblk1[18].tree_reg[18][10]
  -------------------------------------------------------------------
                         required time                         -2.490    
                         arrival time                           2.506    
  -------------------------------------------------------------------
                         slack                                  0.016    





Pulse Width Checks
--------------------------------------------------------------------------------------
Clock Name:         ap_clk
Waveform(ns):       { 0.000 2.500 }
Period(ns):         5.000
Sources:            { clk }

Check Type        Corner  Lib Pin   Reference Pin  Required(ns)  Actual(ns)  Slack(ns)  Location        Pin
Min Period        n/a     BUFGCE/I  n/a            1.122         5.000       3.878      BUFGCE_X0Y122   clk_IBUF_BUFG_inst/I
Low Pulse Width   Slow    FDCE/C    n/a            0.275         2.500       2.225      SLICE_X98Y699   denselayer2/output_data_reg[17][2]/C
High Pulse Width  Fast    FDRE/C    n/a            0.275         2.500       2.225      SLICE_X109Y869  denselayer2/INPUT_SIZE_rows[40].OUTPUT_SIZE_cols[2].sa/data_out_reg[24]/C



