Copyright 1986-2019 Xilinx, Inc. All Rights Reserved.
-----------------------------------------------------------------------------------------
| Tool Version      : Vivado v.2019.1 (lin64) Build 2552052 Fri May 24 14:47:09 MDT 2019
| Date              : Sun Oct 26 09:24:09 2025
| Host              : hvm1 running 64-bit Ubuntu 22.04.5 LTS
| Command           : report_timing_summary -file reports/34_12_timing_sa0.rpt
| Design            : waiz_benchmark
| Device            : xcvu13p-fhga2104
| Speed File        : -3  PRODUCTION 1.23 03-18-2019
| Temperature Grade : E
-----------------------------------------------------------------------------------------

Timing Summary Report

------------------------------------------------------------------------------------------------
| Timer Settings
| --------------
------------------------------------------------------------------------------------------------

  Enable Multi Corner Analysis               :  Yes
  Enable Pessimism Removal                   :  Yes
  Pessimism Removal Resolution               :  Nearest Common Node
  Enable Input Delay Default Clock           :  No
  Enable Preset / Clear Arcs                 :  No
  Disable Flight Delays                      :  No
  Ignore I/O Paths                           :  No
  Timing Early Launch at Borrowing Latches   :  No
  Borrow Time for Max Delay Exceptions       :  Yes

  Corner  Analyze    Analyze    
  Name    Max Paths  Min Paths  
  ------  ---------  ---------  
  Slow    Yes        Yes        
  Fast    Yes        Yes        



check_timing report

Table of Contents
-----------------
1. checking no_clock
2. checking constant_clock
3. checking pulse_width_clock
4. checking unconstrained_internal_endpoints
5. checking no_input_delay
6. checking no_output_delay
7. checking multiple_clock
8. checking generated_clocks
9. checking loops
10. checking partial_input_delay
11. checking partial_output_delay
12. checking latch_loops

1. checking no_clock
--------------------
 There are 0 register/latch pins with no clock.


2. checking constant_clock
--------------------------
 There are 0 register/latch pins with constant_clock.


3. checking pulse_width_clock
-----------------------------
 There are 0 register/latch pins which need pulse_width check


4. checking unconstrained_internal_endpoints
--------------------------------------------
 There are 0 pins that are not constrained for maximum delay.

 There are 0 pins that are not constrained for maximum delay due to constant clock.


5. checking no_input_delay
--------------------------
 There are 546 input ports with no input delay specified. (HIGH)

 There are 0 input ports with no input delay but user has a false path constraint.


6. checking no_output_delay
---------------------------
 There are 161 ports with no output delay specified. (HIGH)

 There are 0 ports with no output delay but user has a false path constraint

 There are 0 ports with no output delay but with a timing clock defined on it or propagating through it


7. checking multiple_clock
--------------------------
 There are 0 register/latch pins with multiple clocks.


8. checking generated_clocks
----------------------------
 There are 0 generated clocks that are not connected to a clock source.


9. checking loops
-----------------
 There are 0 combinational loops in the design.


10. checking partial_input_delay
--------------------------------
 There are 0 input ports with partial input delay specified.


11. checking partial_output_delay
---------------------------------
 There are 0 ports with partial output delay specified.


12. checking latch_loops
------------------------
 There are 0 combinational latch loops in the design through latch input



------------------------------------------------------------------------------------------------
| Design Timing Summary
| ---------------------
------------------------------------------------------------------------------------------------

    WNS(ns)      TNS(ns)  TNS Failing Endpoints  TNS Total Endpoints      WHS(ns)      THS(ns)  THS Failing Endpoints  THS Total Endpoints     WPWS(ns)     TPWS(ns)  TPWS Failing Endpoints  TPWS Total Endpoints  
    -------      -------  ---------------------  -------------------      -------      -------  ---------------------  -------------------     --------     --------  ----------------------  --------------------  
     -0.203     -239.366                   4427               372478        0.012        0.000                      0               372478        2.225        0.000                       0                 63005  


Timing constraints are not met.


------------------------------------------------------------------------------------------------
| Clock Summary
| -------------
------------------------------------------------------------------------------------------------

Clock   Waveform(ns)         Period(ns)      Frequency(MHz)
-----   ------------         ----------      --------------
ap_clk  {0.000 2.500}        5.000           200.000         


------------------------------------------------------------------------------------------------
| Intra Clock Table
| -----------------
------------------------------------------------------------------------------------------------

Clock             WNS(ns)      TNS(ns)  TNS Failing Endpoints  TNS Total Endpoints      WHS(ns)      THS(ns)  THS Failing Endpoints  THS Total Endpoints     WPWS(ns)     TPWS(ns)  TPWS Failing Endpoints  TPWS Total Endpoints  
-----             -------      -------  ---------------------  -------------------      -------      -------  ---------------------  -------------------     --------     --------  ----------------------  --------------------  
ap_clk             -0.203     -239.366                   4427               372478        0.012        0.000                      0               372478        2.225        0.000                       0                 63005  


------------------------------------------------------------------------------------------------
| Inter Clock Table
| -----------------
------------------------------------------------------------------------------------------------

From Clock    To Clock          WNS(ns)      TNS(ns)  TNS Failing Endpoints  TNS Total Endpoints      WHS(ns)      THS(ns)  THS Failing Endpoints  THS Total Endpoints  
----------    --------          -------      -------  ---------------------  -------------------      -------      -------  ---------------------  -------------------  


------------------------------------------------------------------------------------------------
| Other Path Groups Table
| -----------------------
------------------------------------------------------------------------------------------------

Path Group    From Clock    To Clock          WNS(ns)      TNS(ns)  TNS Failing Endpoints  TNS Total Endpoints      WHS(ns)      THS(ns)  THS Failing Endpoints  THS Total Endpoints  
----------    ----------    --------          -------      -------  ---------------------  -------------------      -------      -------  ---------------------  -------------------  


------------------------------------------------------------------------------------------------
| Timing Details
| --------------
------------------------------------------------------------------------------------------------


---------------------------------------------------------------------------------------------------
From Clock:  ap_clk
  To Clock:  ap_clk

Setup :         4427  Failing Endpoints,  Worst Slack       -0.203ns,  Total Violation     -239.366ns
Hold  :            0  Failing Endpoints,  Worst Slack        0.012ns,  Total Violation        0.000ns
PW    :            0  Failing Endpoints,  Worst Slack        2.225ns,  Total Violation        0.000ns
---------------------------------------------------------------------------------------------------


Max Delay Paths
--------------------------------------------------------------------------------------
Slack (VIOLATED) :        -0.203ns  (required time - arrival time)
  Source:                 denselayer1/output_data_reg[10][33]/C
                            (rising edge-triggered cell FDCE clocked by ap_clk  {rise@0.000ns fall@2.500ns period=5.000ns})
  Destination:            denselayer2/INPUT_SIZE_rows[10].OUTPUT_SIZE_cols[22].sa/mow/internal_operation/buff0_reg/DSP_A_B_DATA_INST/B[14]
                            (rising edge-triggered cell DSP_A_B_DATA clocked by ap_clk  {rise@0.000ns fall@2.500ns period=5.000ns})
  Path Group:             ap_clk
  Path Type:              Setup (Max at Slow Process Corner)
  Requirement:            5.000ns  (ap_clk rise@5.000ns - ap_clk rise@0.000ns)
  Data Path Delay:        4.295ns  (logic 0.155ns (3.609%)  route 4.140ns (96.391%))
  Logic Levels:           1  (LUT2=1)
  Clock Path Skew:        -0.361ns (DCD - SCD + CPR)
    Destination Clock Delay (DCD):    3.402ns = ( 8.402 - 5.000 ) 
    Source Clock Delay      (SCD):    4.111ns
    Clock Pessimism Removal (CPR):    0.348ns
  Clock Uncertainty:      0.035ns  ((TSJ^2 + TIJ^2)^1/2 + DJ) / 2 + PE
    Total System Jitter     (TSJ):    0.071ns
    Total Input Jitter      (TIJ):    0.000ns
    Discrete Jitter          (DJ):    0.000ns
    Phase Error              (PE):    0.000ns
  Inter-SLR Compensation: 0.268ns  ((DCD - CCD) * PF)
    Destination Clock Delay (DCD):    3.402ns
    Common Clock Delay      (CCD):    1.614ns
    Prorating Factor         (PF):    0.150
  Clock Net Delay (Source):      3.277ns (routing 1.128ns, distribution 2.149ns)
  Clock Net Delay (Destination): 2.811ns (routing 1.023ns, distribution 1.788ns)

    Location             Delay type                Incr(ns)  Path(ns)    Netlist Resource(s)
  -------------------------------------------------------------------    -------------------
                         (clock ap_clk rise edge)     0.000     0.000 r  
    AV19                                              0.000     0.000 r  clk (IN)
                         net (fo=0)                   0.000     0.000    clk_IBUF_inst/I
    AV19                 INBUF (Prop_INBUF_HPIOB_M_PAD_O)
                                                      0.481     0.481 r  clk_IBUF_inst/INBUF_INST/O
                         net (fo=1, routed)           0.000     0.481    clk_IBUF_inst/OUT
    AV19                 IBUFCTRL (Prop_IBUFCTRL_HPIOB_M_I_O)
                                                      0.000     0.481 r  clk_IBUF_inst/IBUFCTRL_INST/O
                         net (fo=1, routed)           0.325     0.806    clk_IBUF
    BUFGCE_X0Y122        BUFGCE (Prop_BUFCE_BUFGCE_I_O)
                                                      0.028     0.834 r  clk_IBUF_BUFG_inst/O
    X3Y8 (CLOCK_ROOT)    net (fo=109702, routed)      3.277     4.111    denselayer1/clk_IBUF_BUFG
    SLICE_X150Y468       FDCE                                         r  denselayer1/output_data_reg[10][33]/C
  -------------------------------------------------------------------    -------------------
    SLICE_X150Y468       FDCE (Prop_AFF_SLICEM_C_Q)
                                                      0.066     4.177 f  denselayer1/output_data_reg[10][33]/Q
                         net (fo=33, routed)          0.166     4.343    relulayer1/output_data[10][33]
    SLICE_X151Y467       LUT2 (Prop_G6LUT_SLICEL_I1_O)
                                                      0.089     4.432 r  relulayer1/buff0_reg_i_2__9/O
                         net (fo=32, routed)          3.974     8.406    denselayer2/INPUT_SIZE_rows[10].OUTPUT_SIZE_cols[22].sa/mow/internal_operation/buff0_reg/B[14]
    SLR Crossing[1->2]   
    DSP48E2_X13Y287      DSP_A_B_DATA                                 r  denselayer2/INPUT_SIZE_rows[10].OUTPUT_SIZE_cols[22].sa/mow/internal_operation/buff0_reg/DSP_A_B_DATA_INST/B[14]
  -------------------------------------------------------------------    -------------------

                         (clock ap_clk rise edge)     5.000     5.000 r  
    AV19                                              0.000     5.000 r  clk (IN)
                         net (fo=0)                   0.000     5.000    clk_IBUF_inst/I
    AV19                 INBUF (Prop_INBUF_HPIOB_M_PAD_O)
                                                      0.278     5.278 r  clk_IBUF_inst/INBUF_INST/O
                         net (fo=1, routed)           0.000     5.278    clk_IBUF_inst/OUT
    AV19                 IBUFCTRL (Prop_IBUFCTRL_HPIOB_M_I_O)
                                                      0.000     5.278 r  clk_IBUF_inst/IBUFCTRL_INST/O
                         net (fo=1, routed)           0.289     5.567    clk_IBUF
    BUFGCE_X0Y122        BUFGCE (Prop_BUFCE_BUFGCE_I_O)
                                                      0.024     5.591 r  clk_IBUF_BUFG_inst/O
    X3Y8 (CLOCK_ROOT)    net (fo=109702, routed)      2.811     8.402    denselayer2/INPUT_SIZE_rows[10].OUTPUT_SIZE_cols[22].sa/mow/internal_operation/buff0_reg/CLK
    SLR Crossing[1->2]   
    DSP48E2_X13Y287      DSP_A_B_DATA                                 r  denselayer2/INPUT_SIZE_rows[10].OUTPUT_SIZE_cols[22].sa/mow/internal_operation/buff0_reg/DSP_A_B_DATA_INST/CLK
                         clock pessimism              0.348     8.750    
                         inter-SLR compensation      -0.268     8.482    
                         clock uncertainty           -0.035     8.446    
    DSP48E2_X13Y287      DSP_A_B_DATA (Setup_DSP_A_B_DATA_DSP48E2_CLK_B[14])
                                                     -0.243     8.203    denselayer2/INPUT_SIZE_rows[10].OUTPUT_SIZE_cols[22].sa/mow/internal_operation/buff0_reg/DSP_A_B_DATA_INST
  -------------------------------------------------------------------
                         required time                          8.203    
                         arrival time                          -8.406    
  -------------------------------------------------------------------
                         slack                                 -0.203    





Min Delay Paths
--------------------------------------------------------------------------------------
Slack (MET) :             0.012ns  (arrival time - required time)
  Source:                 denselayer2/INPUT_SIZE_rows[34].OUTPUT_SIZE_cols[19].sa/mow/internal_operation/buff0_reg[8]__0/C
                            (rising edge-triggered cell FDRE clocked by ap_clk  {rise@0.000ns fall@2.500ns period=5.000ns})
  Destination:            denselayer2/sum_all/col_trees[19].column_tree/genblk2[2].genblk1[24].tree_reg[24][4]/D
                            (rising edge-triggered cell FDRE clocked by ap_clk  {rise@0.000ns fall@2.500ns period=5.000ns})
  Path Group:             ap_clk
  Path Type:              Hold (Min at Slow Process Corner)
  Requirement:            0.000ns  (ap_clk rise@0.000ns - ap_clk rise@0.000ns)
  Data Path Delay:        0.228ns  (logic 0.095ns (41.667%)  route 0.133ns (58.333%))
  Logic Levels:           2  (CARRY8=1 LUT6=1)
  Clock Path Skew:        0.170ns (DCD - SCD - CPR)
    Destination Clock Delay (DCD):    4.159ns
    Source Clock Delay      (SCD):    3.542ns
    Clock Pessimism Removal (CPR):    0.447ns
  Clock Net Delay (Source):      2.951ns (routing 1.023ns, distribution 1.928ns)
  Clock Net Delay (Destination): 3.325ns (routing 1.128ns, distribution 2.197ns)

    Location             Delay type                Incr(ns)  Path(ns)    Netlist Resource(s)
  -------------------------------------------------------------------    -------------------
                         (clock ap_clk rise edge)     0.000     0.000 r  
    AV19                                              0.000     0.000 r  clk (IN)
                         net (fo=0)                   0.000     0.000    clk_IBUF_inst/I
    AV19                 INBUF (Prop_INBUF_HPIOB_M_PAD_O)
                                                      0.278     0.278 r  clk_IBUF_inst/INBUF_INST/O
                         net (fo=1, routed)           0.000     0.278    clk_IBUF_inst/OUT
    AV19                 IBUFCTRL (Prop_IBUFCTRL_HPIOB_M_I_O)
                                                      0.000     0.278 r  clk_IBUF_inst/IBUFCTRL_INST/O
                         net (fo=1, routed)           0.289     0.567    clk_IBUF
    BUFGCE_X0Y122        BUFGCE (Prop_BUFCE_BUFGCE_I_O)
                                                      0.024     0.591 r  clk_IBUF_BUFG_inst/O
    X3Y8 (CLOCK_ROOT)    net (fo=109702, routed)      2.951     3.542    denselayer2/INPUT_SIZE_rows[34].OUTPUT_SIZE_cols[19].sa/mow/internal_operation/clk_IBUF_BUFG
    SLR Crossing[1->3]   
    SLICE_X57Y745        FDRE                                         r  denselayer2/INPUT_SIZE_rows[34].OUTPUT_SIZE_cols[19].sa/mow/internal_operation/buff0_reg[8]__0/C
  -------------------------------------------------------------------    -------------------
    SLICE_X57Y745        FDRE (Prop_AFF_SLICEM_C_Q)
                                                      0.052     3.594 r  denselayer2/INPUT_SIZE_rows[34].OUTPUT_SIZE_cols[19].sa/mow/internal_operation/buff0_reg[8]__0/Q
                         net (fo=3, routed)           0.110     3.704    denselayer2/INPUT_SIZE_rows[35].OUTPUT_SIZE_cols[19].sa/mow/internal_operation/genblk2[2].genblk1[24].tree_reg[24][23]_0[2]
    SLICE_X56Y743        LUT6 (Prop_E6LUT_SLICEM_I4_O)
                                                      0.019     3.723 r  denselayer2/INPUT_SIZE_rows[35].OUTPUT_SIZE_cols[19].sa/mow/internal_operation/genblk2[2].genblk1[24].tree[24][7]_i_12__18/O
                         net (fo=1, routed)           0.013     3.736    denselayer2/INPUT_SIZE_rows[35].OUTPUT_SIZE_cols[19].sa/mow/internal_operation/genblk2[2].genblk1[24].tree[24][7]_i_12__18_n_0
    SLICE_X56Y743        CARRY8 (Prop_CARRY8_SLICEM_S[4]_O[4])
                                                      0.024     3.760 r  denselayer2/INPUT_SIZE_rows[35].OUTPUT_SIZE_cols[19].sa/mow/internal_operation/genblk2[2].genblk1[24].tree_reg[24][7]_i_1__18/O[4]
                         net (fo=1, routed)           0.010     3.770    denselayer2/sum_all/col_trees[19].column_tree/genblk2[2].genblk1[24].tree_reg[24][33]_0[4]
    SLICE_X56Y743        FDRE                                         r  denselayer2/sum_all/col_trees[19].column_tree/genblk2[2].genblk1[24].tree_reg[24][4]/D
  -------------------------------------------------------------------    -------------------

                         (clock ap_clk rise edge)     0.000     0.000 r  
    AV19                                              0.000     0.000 r  clk (IN)
                         net (fo=0)                   0.000     0.000    clk_IBUF_inst/I
    AV19                 INBUF (Prop_INBUF_HPIOB_M_PAD_O)
                                                      0.481     0.481 r  clk_IBUF_inst/INBUF_INST/O
                         net (fo=1, routed)           0.000     0.481    clk_IBUF_inst/OUT
    AV19                 IBUFCTRL (Prop_IBUFCTRL_HPIOB_M_I_O)
                                                      0.000     0.481 r  clk_IBUF_inst/IBUFCTRL_INST/O
                         net (fo=1, routed)           0.325     0.806    clk_IBUF
    BUFGCE_X0Y122        BUFGCE (Prop_BUFCE_BUFGCE_I_O)
                                                      0.028     0.834 r  clk_IBUF_BUFG_inst/O
    X3Y8 (CLOCK_ROOT)    net (fo=109702, routed)      3.325     4.159    denselayer2/sum_all/col_trees[19].column_tree/clk_IBUF_BUFG
    SLR Crossing[1->3]   
    SLICE_X56Y743        FDRE                                         r  denselayer2/sum_all/col_trees[19].column_tree/genblk2[2].genblk1[24].tree_reg[24][4]/C
                         clock pessimism             -0.447     3.712    
    SLICE_X56Y743        FDRE (Hold_EFF_SLICEM_C_D)
                                                      0.046     3.758    denselayer2/sum_all/col_trees[19].column_tree/genblk2[2].genblk1[24].tree_reg[24][4]
  -------------------------------------------------------------------
                         required time                         -3.758    
                         arrival time                           3.770    
  -------------------------------------------------------------------
                         slack                                  0.012    





Pulse Width Checks
--------------------------------------------------------------------------------------
Clock Name:         ap_clk
Waveform(ns):       { 0.000 2.500 }
Period(ns):         5.000
Sources:            { clk }

Check Type        Corner  Lib Pin   Reference Pin  Required(ns)  Actual(ns)  Slack(ns)  Location        Pin
Min Period        n/a     BUFGCE/I  n/a            1.122         5.000       3.878      BUFGCE_X0Y122   clk_IBUF_BUFG_inst/I
Low Pulse Width   Slow    FDRE/C    n/a            0.275         2.500       2.225      SLICE_X142Y875  denselayer1/INPUT_SIZE_rows[3].OUTPUT_SIZE_cols[0].sa/mow/internal_operation/a_reg0_reg[17]/C
High Pulse Width  Fast    FDCE/C    n/a            0.275         2.500       2.225      SLICE_X138Y535  denselayer1/FSM_onehot_state_reg[2]_replica/C



