Copyright 1986-2019 Xilinx, Inc. All Rights Reserved.
-----------------------------------------------------------------------------------------------------------
| Tool Version : Vivado v.2019.1 (lin64) Build 2552052 Fri May 24 14:47:09 MDT 2019
| Date         : Mon Nov 10 02:14:52 2025
| Host         : hvm1 running 64-bit Ubuntu 22.04.5 LTS
| Command      : report_utilization -hierarchical -hierarchical_depth 1 -file reports/34_12_SA3_6_hier.rpt
| Design       : waiz_benchmark
| Device       : xcvu13pfhga2104-3
| Design State : Routed
-----------------------------------------------------------------------------------------------------------

Utilization Design Information

Table of Contents
-----------------
1. Utilization by Hierarchy

1. Utilization by Hierarchy
---------------------------

+--------------------+---------------------------------------+------------+------------+---------+------+-------+--------+--------+------+--------------+
|      Instance      |                 Module                | Total LUTs | Logic LUTs | LUTRAMs | SRLs |  FFs  | RAMB36 | RAMB18 | URAM | DSP48 Blocks |
+--------------------+---------------------------------------+------------+------------+---------+------+-------+--------+--------+------+--------------+
| waiz_benchmark     |                                 (top) |     167765 |     167765 |       0 |    0 | 67441 |      0 |      0 |    0 |         7589 |
|   (waiz_benchmark) |                                 (top) |         34 |         34 |       0 |    0 |     0 |      0 |      0 |    0 |            0 |
|   denselayer1      |                            denseLayer |      57541 |      57541 |       0 |    0 | 17032 |      0 |      0 |    0 |         1886 |
|   denselayer2      |            denseLayer__parameterized0 |      69118 |      69118 |       0 |    0 | 31657 |      0 |      0 |    0 |         3508 |
|   denselayer3      |            denseLayer__parameterized1 |      32650 |      32650 |       0 |    0 | 16082 |      0 |      0 |    0 |         1888 |
|   denselayer4      |            denseLayer__parameterized2 |       5044 |       5044 |       0 |    0 |  2206 |      0 |      0 |    0 |          302 |
|   relulayer1       |                   reluActivationLayer |       2819 |       2819 |       0 |    0 |    49 |      0 |      0 |    0 |            0 |
|   relulayer2       |   reluActivationLayer__parameterized0 |       1050 |       1050 |       0 |    0 |   347 |      0 |      0 |    0 |            0 |
|   relulayer3       | reluActivationLayer__parameterized0_0 |        607 |        607 |       0 |    0 |     0 |      0 |      0 |    0 |            0 |
|   softmax          |                          softmaxLayer |        989 |        989 |       0 |    0 |    68 |      0 |      0 |    0 |            5 |
+--------------------+---------------------------------------+------------+------------+---------+------+-------+--------+--------+------+--------------+
* Note: The sum of lower-level cells may be larger than their parent cells total, due to cross-hierarchy LUT combining


