Copyright 1986-2019 Xilinx, Inc. All Rights Reserved.
--------------------------------------------------------------------------------------------------------------
| Tool Version : Vivado v.2019.1 (lin64) Build 2552052 Fri May 24 14:47:09 MDT 2019
| Date         : Wed Nov 12 23:23:23 2025
| Host         : hvm1 running 64-bit Ubuntu 22.04.5 LTS
| Command      : report_utilization -hierarchical -hierarchical_depth 1 -file reports/34_6_Fixed_int_hier.rpt
| Design       : waiz_benchmark
| Device       : xcvu13pfhga2104-3
| Design State : Routed
--------------------------------------------------------------------------------------------------------------

Utilization Design Information

Table of Contents
-----------------
1. Utilization by Hierarchy

1. Utilization by Hierarchy
---------------------------

+--------------------+---------------------------------------+------------+------------+---------+------+--------+--------+--------+------+--------------+
|      Instance      |                 Module                | Total LUTs | Logic LUTs | LUTRAMs | SRLs |   FFs  | RAMB36 | RAMB18 | URAM | DSP48 Blocks |
+--------------------+---------------------------------------+------------+------------+---------+------+--------+--------+--------+------+--------------+
| waiz_benchmark     |                                 (top) |     379222 |     379222 |       0 |    0 | 110222 |      0 |      0 |    0 |         8231 |
|   (waiz_benchmark) |                                 (top) |       5127 |       5127 |       0 |    0 |      0 |      0 |      0 |    0 |            0 |
|   denselayer1      |                            denseLayer |     179121 |     179121 |       0 |    0 |  29101 |      0 |      0 |    0 |         2292 |
|   denselayer2      |            denseLayer__parameterized0 |     122511 |     122511 |       0 |    0 |  48293 |      0 |      0 |    0 |         3220 |
|   denselayer3      |            denseLayer__parameterized1 |      58924 |      58924 |       0 |    0 |  29159 |      0 |      0 |    0 |         2346 |
|   denselayer4      |            denseLayer__parameterized2 |       7669 |       7669 |       0 |    0 |   3601 |      0 |      0 |    0 |          368 |
|   relulayer1       |                   reluActivationLayer |      18576 |      18576 |       0 |    0 |      0 |      0 |      0 |    0 |            0 |
|   relulayer2       |   reluActivationLayer__parameterized0 |       8072 |       8072 |       0 |    0 |      0 |      0 |      0 |    0 |            0 |
|   relulayer3       | reluActivationLayer__parameterized0_0 |       1317 |       1317 |       0 |    0 |      0 |      0 |      0 |    0 |            0 |
|   softmax          |                          softmaxLayer |        988 |        988 |       0 |    0 |     68 |      0 |      0 |    0 |            5 |
+--------------------+---------------------------------------+------------+------------+---------+------+--------+--------+--------+------+--------------+
* Note: The sum of lower-level cells may be larger than their parent cells total, due to cross-hierarchy LUT combining


