Copyright 1986-2019 Xilinx, Inc. All Rights Reserved.
---------------------------------------------------------------------------------------------------------
| Tool Version : Vivado v.2019.1 (lin64) Build 2552052 Fri May 24 14:47:09 MDT 2019
| Date         : Tue Nov  4 19:36:27 2025
| Host         : hvm1 running 64-bit Ubuntu 22.04.5 LTS
| Command      : report_utilization -hierarchical -hierarchical_depth 1 -file reports/37_13_SA2_hier.rpt
| Design       : waiz_benchmark
| Device       : xcvu13pfhga2104-3
| Design State : Routed
---------------------------------------------------------------------------------------------------------

Utilization Design Information

Table of Contents
-----------------
1. Utilization by Hierarchy

1. Utilization by Hierarchy
---------------------------

+--------------------+---------------------------------------+------------+------------+---------+------+--------+--------+--------+------+--------------+
|      Instance      |                 Module                | Total LUTs | Logic LUTs | LUTRAMs | SRLs |   FFs  | RAMB36 | RAMB18 | URAM | DSP48 Blocks |
+--------------------+---------------------------------------+------------+------------+---------+------+--------+--------+--------+------+--------------+
| waiz_benchmark     |                                 (top) |     287691 |     287691 |       0 |    0 | 136832 |      0 |      0 |    0 |         8467 |
|   (waiz_benchmark) |                                 (top) |          0 |          0 |       0 |    0 |      0 |      0 |      0 |    0 |            0 |
|   denselayer1      |                            denseLayer |      73862 |      73862 |       0 |    0 |  36559 |      0 |      0 |    0 |         2036 |
|   denselayer2      |            denseLayer__parameterized0 |     127314 |     127314 |       0 |    0 |  58383 |      0 |      0 |    0 |         4068 |
|   denselayer3      |            denseLayer__parameterized1 |      71570 |      71570 |       0 |    0 |  34610 |      0 |      0 |    0 |         2042 |
|   denselayer4      |            denseLayer__parameterized2 |      11604 |      11604 |       0 |    0 |   5526 |      0 |      0 |    0 |          316 |
|   relulayer1       |                   reluActivationLayer |       1499 |       1499 |       0 |    0 |    104 |      0 |      0 |    0 |            0 |
|   relulayer2       |   reluActivationLayer__parameterized0 |        653 |        653 |       0 |    0 |   1582 |      0 |      0 |    0 |            0 |
|   relulayer3       | reluActivationLayer__parameterized0_0 |        650 |        650 |       0 |    0 |      0 |      0 |      0 |    0 |            0 |
|   softmax          |                          softmaxLayer |        989 |        989 |       0 |    0 |     68 |      0 |      0 |    0 |            5 |
+--------------------+---------------------------------------+------------+------------+---------+------+--------+--------+--------+------+--------------+
* Note: The sum of lower-level cells may be larger than their parent cells total, due to cross-hierarchy LUT combining


