Copyright 1986-2019 Xilinx, Inc. All Rights Reserved.
-----------------------------------------------------------------------------------------
| Tool Version      : Vivado v.2019.1 (lin64) Build 2552052 Fri May 24 14:47:09 MDT 2019
| Date              : Wed Nov  5 22:11:44 2025
| Host              : hvm1 running 64-bit Ubuntu 22.04.5 LTS
| Command           : report_timing_summary -file reports/37_13_SA3_timing.rpt
| Design            : waiz_benchmark
| Device            : xcvu13p-fhga2104
| Speed File        : -3  PRODUCTION 1.23 03-18-2019
| Temperature Grade : E
-----------------------------------------------------------------------------------------

Timing Summary Report

------------------------------------------------------------------------------------------------
| Timer Settings
| --------------
------------------------------------------------------------------------------------------------

  Enable Multi Corner Analysis               :  Yes
  Enable Pessimism Removal                   :  Yes
  Pessimism Removal Resolution               :  Nearest Common Node
  Enable Input Delay Default Clock           :  No
  Enable Preset / Clear Arcs                 :  No
  Disable Flight Delays                      :  No
  Ignore I/O Paths                           :  No
  Timing Early Launch at Borrowing Latches   :  No
  Borrow Time for Max Delay Exceptions       :  Yes

  Corner  Analyze    Analyze    
  Name    Max Paths  Min Paths  
  ------  ---------  ---------  
  Slow    Yes        Yes        
  Fast    Yes        Yes        



check_timing report

Table of Contents
-----------------
1. checking no_clock
2. checking constant_clock
3. checking pulse_width_clock
4. checking unconstrained_internal_endpoints
5. checking no_input_delay
6. checking no_output_delay
7. checking multiple_clock
8. checking generated_clocks
9. checking loops
10. checking partial_input_delay
11. checking partial_output_delay
12. checking latch_loops

1. checking no_clock
--------------------
 There are 0 register/latch pins with no clock.


2. checking constant_clock
--------------------------
 There are 0 register/latch pins with constant_clock.


3. checking pulse_width_clock
-----------------------------
 There are 0 register/latch pins which need pulse_width check


4. checking unconstrained_internal_endpoints
--------------------------------------------
 There are 0 pins that are not constrained for maximum delay.

 There are 0 pins that are not constrained for maximum delay due to constant clock.


5. checking no_input_delay
--------------------------
 There are 594 input ports with no input delay specified. (HIGH)

 There are 0 input ports with no input delay but user has a false path constraint.


6. checking no_output_delay
---------------------------
 There are 166 ports with no output delay specified. (HIGH)

 There are 0 ports with no output delay but user has a false path constraint

 There are 0 ports with no output delay but with a timing clock defined on it or propagating through it


7. checking multiple_clock
--------------------------
 There are 0 register/latch pins with multiple clocks.


8. checking generated_clocks
----------------------------
 There are 0 generated clocks that are not connected to a clock source.


9. checking loops
-----------------
 There are 0 combinational loops in the design.


10. checking partial_input_delay
--------------------------------
 There are 0 input ports with partial input delay specified.


11. checking partial_output_delay
---------------------------------
 There are 0 ports with partial output delay specified.


12. checking latch_loops
------------------------
 There are 0 combinational latch loops in the design through latch input



------------------------------------------------------------------------------------------------
| Design Timing Summary
| ---------------------
------------------------------------------------------------------------------------------------

    WNS(ns)      TNS(ns)  TNS Failing Endpoints  TNS Total Endpoints      WHS(ns)      THS(ns)  THS Failing Endpoints  THS Total Endpoints     WPWS(ns)     TPWS(ns)  TPWS Failing Endpoints  TPWS Total Endpoints  
    -------      -------  ---------------------  -------------------      -------      -------  ---------------------  -------------------     --------     --------  ----------------------  --------------------  
      0.000        0.000                      0               434202        0.021        0.000                      0               434202        2.225        0.000                       0                148859  


All user specified timing constraints are met.


------------------------------------------------------------------------------------------------
| Clock Summary
| -------------
------------------------------------------------------------------------------------------------

Clock   Waveform(ns)         Period(ns)      Frequency(MHz)
-----   ------------         ----------      --------------
ap_clk  {0.000 2.500}        5.000           200.000         


------------------------------------------------------------------------------------------------
| Intra Clock Table
| -----------------
------------------------------------------------------------------------------------------------

Clock             WNS(ns)      TNS(ns)  TNS Failing Endpoints  TNS Total Endpoints      WHS(ns)      THS(ns)  THS Failing Endpoints  THS Total Endpoints     WPWS(ns)     TPWS(ns)  TPWS Failing Endpoints  TPWS Total Endpoints  
-----             -------      -------  ---------------------  -------------------      -------      -------  ---------------------  -------------------     --------     --------  ----------------------  --------------------  
ap_clk              0.000        0.000                      0               434202        0.021        0.000                      0               434202        2.225        0.000                       0                148859  


------------------------------------------------------------------------------------------------
| Inter Clock Table
| -----------------
------------------------------------------------------------------------------------------------

From Clock    To Clock          WNS(ns)      TNS(ns)  TNS Failing Endpoints  TNS Total Endpoints      WHS(ns)      THS(ns)  THS Failing Endpoints  THS Total Endpoints  
----------    --------          -------      -------  ---------------------  -------------------      -------      -------  ---------------------  -------------------  


------------------------------------------------------------------------------------------------
| Other Path Groups Table
| -----------------------
------------------------------------------------------------------------------------------------

Path Group    From Clock    To Clock          WNS(ns)      TNS(ns)  TNS Failing Endpoints  TNS Total Endpoints      WHS(ns)      THS(ns)  THS Failing Endpoints  THS Total Endpoints  
----------    ----------    --------          -------      -------  ---------------------  -------------------      -------      -------  ---------------------  -------------------  


------------------------------------------------------------------------------------------------
| Timing Details
| --------------
------------------------------------------------------------------------------------------------


---------------------------------------------------------------------------------------------------
From Clock:  ap_clk
  To Clock:  ap_clk

Setup :            0  Failing Endpoints,  Worst Slack        0.000ns,  Total Violation        0.000ns
Hold  :            0  Failing Endpoints,  Worst Slack        0.021ns,  Total Violation        0.000ns
PW    :            0  Failing Endpoints,  Worst Slack        2.225ns,  Total Violation        0.000ns
---------------------------------------------------------------------------------------------------


Max Delay Paths
--------------------------------------------------------------------------------------
Slack (MET) :             0.000ns  (required time - arrival time)
  Source:                 denselayer1/INPUT_SIZE_rows[15].OUTPUT_SIZE_cols[0].sa/mow/internal_operation/a_reg0_reg[35]_rep__7/C
                            (rising edge-triggered cell FDRE clocked by ap_clk  {rise@0.000ns fall@2.500ns period=5.000ns})
  Destination:            denselayer1/INPUT_SIZE_rows[15].OUTPUT_SIZE_cols[16].sa/mow/internal_operation/buff0_reg[26]/D
                            (rising edge-triggered cell FDRE clocked by ap_clk  {rise@0.000ns fall@2.500ns period=5.000ns})
  Path Group:             ap_clk
  Path Type:              Setup (Max at Slow Process Corner)
  Requirement:            5.000ns  (ap_clk rise@5.000ns - ap_clk rise@0.000ns)
  Data Path Delay:        5.136ns  (logic 0.356ns (6.931%)  route 4.780ns (93.069%))
  Logic Levels:           3  (CARRY8=3)
  Clock Path Skew:        0.148ns (DCD - SCD + CPR)
    Destination Clock Delay (DCD):    3.529ns = ( 8.529 - 5.000 ) 
    Source Clock Delay      (SCD):    3.703ns
    Clock Pessimism Removal (CPR):    0.322ns
  Clock Uncertainty:      0.035ns  ((TSJ^2 + TIJ^2)^1/2 + DJ) / 2 + PE
    Total System Jitter     (TSJ):    0.071ns
    Total Input Jitter      (TIJ):    0.000ns
    Discrete Jitter          (DJ):    0.000ns
    Phase Error              (PE):    0.000ns
  Clock Net Delay (Source):      2.747ns (routing 0.727ns, distribution 2.020ns)
  Clock Net Delay (Destination): 2.818ns (routing 0.660ns, distribution 2.158ns)

    Location             Delay type                Incr(ns)  Path(ns)    Netlist Resource(s)
  -------------------------------------------------------------------    -------------------
                         (clock ap_clk rise edge)     0.000     0.000 r  
    BC10                                              0.000     0.000 r  clk (IN)
                         net (fo=0)                   0.000     0.000    clk_IBUF_inst/I
    BC10                 INBUF (Prop_INBUF_HPIOB_M_PAD_O)
                                                      0.593     0.593 r  clk_IBUF_inst/INBUF_INST/O
                         net (fo=1, routed)           0.000     0.593    clk_IBUF_inst/OUT
    BC10                 IBUFCTRL (Prop_IBUFCTRL_HPIOB_M_I_O)
                                                      0.000     0.593 r  clk_IBUF_inst/IBUFCTRL_INST/O
                         net (fo=1, routed)           0.335     0.928    clk_IBUF
    BUFGCE_X0Y146        BUFGCE (Prop_BUFCE_BUFGCE_I_O)
                                                      0.028     0.956 r  clk_IBUF_BUFG_inst/O
    X3Y7 (CLOCK_ROOT)    net (fo=191596, routed)      2.747     3.703    denselayer1/INPUT_SIZE_rows[15].OUTPUT_SIZE_cols[0].sa/mow/internal_operation/clk_IBUF_BUFG
    SLR Crossing[1->2]   
    SLICE_X82Y583        FDRE                                         r  denselayer1/INPUT_SIZE_rows[15].OUTPUT_SIZE_cols[0].sa/mow/internal_operation/a_reg0_reg[35]_rep__7/C
  -------------------------------------------------------------------    -------------------
    SLICE_X82Y583        FDRE (Prop_EFF_SLICEL_C_Q)
                                                      0.070     3.773 r  denselayer1/INPUT_SIZE_rows[15].OUTPUT_SIZE_cols[0].sa/mow/internal_operation/a_reg0_reg[35]_rep__7/Q
                         net (fo=123, routed)         4.710     8.483    denselayer1/INPUT_SIZE_rows[15].OUTPUT_SIZE_cols[16].sa/mow/internal_operation/S[0]
    SLICE_X185Y501       CARRY8 (Prop_CARRY8_SLICEL_S[0]_CO[7])
                                                      0.171     8.654 r  denselayer1/INPUT_SIZE_rows[15].OUTPUT_SIZE_cols[16].sa/mow/internal_operation/tmp_product_carry/CO[7]
                         net (fo=1, routed)           0.023     8.677    denselayer1/INPUT_SIZE_rows[15].OUTPUT_SIZE_cols[16].sa/mow/internal_operation/tmp_product_carry_n_0
    SLICE_X185Y502       CARRY8 (Prop_CARRY8_SLICEL_CI_CO[7])
                                                      0.012     8.689 r  denselayer1/INPUT_SIZE_rows[15].OUTPUT_SIZE_cols[16].sa/mow/internal_operation/tmp_product_carry__0/CO[7]
                         net (fo=1, routed)           0.023     8.712    denselayer1/INPUT_SIZE_rows[15].OUTPUT_SIZE_cols[16].sa/mow/internal_operation/tmp_product_carry__0_n_0
    SLICE_X185Y503       CARRY8 (Prop_CARRY8_SLICEL_CI_O[5])
                                                      0.103     8.815 r  denselayer1/INPUT_SIZE_rows[15].OUTPUT_SIZE_cols[16].sa/mow/internal_operation/tmp_product_carry__1/O[5]
                         net (fo=1, routed)           0.024     8.839    denselayer1/INPUT_SIZE_rows[15].OUTPUT_SIZE_cols[16].sa/mow/internal_operation/tmp_product_carry__1_n_10
    SLICE_X185Y503       FDRE                                         r  denselayer1/INPUT_SIZE_rows[15].OUTPUT_SIZE_cols[16].sa/mow/internal_operation/buff0_reg[26]/D
  -------------------------------------------------------------------    -------------------

                         (clock ap_clk rise edge)     5.000     5.000 r  
    BC10                                              0.000     5.000 r  clk (IN)
                         net (fo=0)                   0.000     5.000    clk_IBUF_inst/I
    BC10                 INBUF (Prop_INBUF_HPIOB_M_PAD_O)
                                                      0.389     5.389 r  clk_IBUF_inst/INBUF_INST/O
                         net (fo=1, routed)           0.000     5.389    clk_IBUF_inst/OUT
    BC10                 IBUFCTRL (Prop_IBUFCTRL_HPIOB_M_I_O)
                                                      0.000     5.389 r  clk_IBUF_inst/IBUFCTRL_INST/O
                         net (fo=1, routed)           0.298     5.687    clk_IBUF
    BUFGCE_X0Y146        BUFGCE (Prop_BUFCE_BUFGCE_I_O)
                                                      0.024     5.711 r  clk_IBUF_BUFG_inst/O
    X3Y7 (CLOCK_ROOT)    net (fo=191596, routed)      2.818     8.529    denselayer1/INPUT_SIZE_rows[15].OUTPUT_SIZE_cols[16].sa/mow/internal_operation/clk_IBUF_BUFG
    SLR Crossing[1->2]   
    SLICE_X185Y503       FDRE                                         r  denselayer1/INPUT_SIZE_rows[15].OUTPUT_SIZE_cols[16].sa/mow/internal_operation/buff0_reg[26]/C
                         clock pessimism              0.322     8.851    
                         clock uncertainty           -0.035     8.816    
    SLICE_X185Y503       FDRE (Setup_FFF_SLICEL_C_D)
                                                      0.023     8.839    denselayer1/INPUT_SIZE_rows[15].OUTPUT_SIZE_cols[16].sa/mow/internal_operation/buff0_reg[26]
  -------------------------------------------------------------------
                         required time                          8.839    
                         arrival time                          -8.839    
  -------------------------------------------------------------------
                         slack                                  0.000    





Min Delay Paths
--------------------------------------------------------------------------------------
Slack (MET) :             0.021ns  (arrival time - required time)
  Source:                 denselayer2/sum_all/col_trees[30].column_tree/genblk2[2].genblk1[24].tree_reg[24][9]/C
                            (rising edge-triggered cell FDRE clocked by ap_clk  {rise@0.000ns fall@2.500ns period=5.000ns})
  Destination:            denselayer2/sum_all/col_trees[30].column_tree/genblk2[1].genblk1[6].tree_reg[6][9]/D
                            (rising edge-triggered cell FDRE clocked by ap_clk  {rise@0.000ns fall@2.500ns period=5.000ns})
  Path Group:             ap_clk
  Path Type:              Hold (Min at Fast Process Corner)
  Requirement:            0.000ns  (ap_clk rise@0.000ns - ap_clk rise@0.000ns)
  Data Path Delay:        0.223ns  (logic 0.071ns (31.839%)  route 0.152ns (68.161%))
  Logic Levels:           2  (CARRY8=1 LUT6=1)
  Clock Path Skew:        0.156ns (DCD - SCD - CPR)
    Destination Clock Delay (DCD):    2.649ns
    Source Clock Delay      (SCD):    2.221ns
    Clock Pessimism Removal (CPR):    0.272ns
  Clock Net Delay (Source):      1.755ns (routing 0.433ns, distribution 1.322ns)
  Clock Net Delay (Destination): 1.960ns (routing 0.480ns, distribution 1.480ns)

    Location             Delay type                Incr(ns)  Path(ns)    Netlist Resource(s)
  -------------------------------------------------------------------    -------------------
                         (clock ap_clk rise edge)     0.000     0.000 r  
    BC10                                              0.000     0.000 r  clk (IN)
                         net (fo=0)                   0.000     0.000    clk_IBUF_inst/I
    BC10                 INBUF (Prop_INBUF_HPIOB_M_PAD_O)
                                                      0.293     0.293 r  clk_IBUF_inst/INBUF_INST/O
                         net (fo=1, routed)           0.000     0.293    clk_IBUF_inst/OUT
    BC10                 IBUFCTRL (Prop_IBUFCTRL_HPIOB_M_I_O)
                                                      0.000     0.293 r  clk_IBUF_inst/IBUFCTRL_INST/O
                         net (fo=1, routed)           0.156     0.449    clk_IBUF
    BUFGCE_X0Y146        BUFGCE (Prop_BUFCE_BUFGCE_I_O)
                                                      0.017     0.466 r  clk_IBUF_BUFG_inst/O
    X3Y7 (CLOCK_ROOT)    net (fo=191596, routed)      1.755     2.221    denselayer2/sum_all/col_trees[30].column_tree/clk_IBUF_BUFG
    SLICE_X26Y429        FDRE                                         r  denselayer2/sum_all/col_trees[30].column_tree/genblk2[2].genblk1[24].tree_reg[24][9]/C
  -------------------------------------------------------------------    -------------------
    SLICE_X26Y429        FDRE (Prop_BFF_SLICEL_C_Q)
                                                      0.039     2.260 r  denselayer2/sum_all/col_trees[30].column_tree/genblk2[2].genblk1[24].tree_reg[24][9]/Q
                         net (fo=2, routed)           0.138     2.398    denselayer2/sum_all/col_trees[30].column_tree/genblk2[2].genblk1[24].tree_reg[24]_701[9]
    SLICE_X26Y415        LUT6 (Prop_B6LUT_SLICEL_I2_O)
                                                      0.015     2.413 r  denselayer2/sum_all/col_trees[30].column_tree/genblk2[1].genblk1[6].tree[6][15]_i_16__29/O
                         net (fo=1, routed)           0.007     2.420    denselayer2/sum_all/col_trees[30].column_tree/genblk2[1].genblk1[6].tree[6][15]_i_16__29_n_0
    SLICE_X26Y415        CARRY8 (Prop_CARRY8_SLICEL_S[1]_O[1])
                                                      0.017     2.437 r  denselayer2/sum_all/col_trees[30].column_tree/genblk2[1].genblk1[6].tree_reg[6][15]_i_1__29/O[1]
                         net (fo=1, routed)           0.007     2.444    denselayer2/sum_all/col_trees[30].column_tree/p_17_out[9]
    SLICE_X26Y415        FDRE                                         r  denselayer2/sum_all/col_trees[30].column_tree/genblk2[1].genblk1[6].tree_reg[6][9]/D
  -------------------------------------------------------------------    -------------------

                         (clock ap_clk rise edge)     0.000     0.000 r  
    BC10                                              0.000     0.000 r  clk (IN)
                         net (fo=0)                   0.000     0.000    clk_IBUF_inst/I
    BC10                 INBUF (Prop_INBUF_HPIOB_M_PAD_O)
                                                      0.479     0.479 r  clk_IBUF_inst/INBUF_INST/O
                         net (fo=1, routed)           0.000     0.479    clk_IBUF_inst/OUT
    BC10                 IBUFCTRL (Prop_IBUFCTRL_HPIOB_M_I_O)
                                                      0.000     0.479 r  clk_IBUF_inst/IBUFCTRL_INST/O
                         net (fo=1, routed)           0.191     0.670    clk_IBUF
    BUFGCE_X0Y146        BUFGCE (Prop_BUFCE_BUFGCE_I_O)
                                                      0.019     0.689 r  clk_IBUF_BUFG_inst/O
    X3Y7 (CLOCK_ROOT)    net (fo=191596, routed)      1.960     2.649    denselayer2/sum_all/col_trees[30].column_tree/clk_IBUF_BUFG
    SLICE_X26Y415        FDRE                                         r  denselayer2/sum_all/col_trees[30].column_tree/genblk2[1].genblk1[6].tree_reg[6][9]/C
                         clock pessimism             -0.272     2.377    
    SLICE_X26Y415        FDRE (Hold_BFF_SLICEL_C_D)
                                                      0.046     2.423    denselayer2/sum_all/col_trees[30].column_tree/genblk2[1].genblk1[6].tree_reg[6][9]
  -------------------------------------------------------------------
                         required time                         -2.423    
                         arrival time                           2.444    
  -------------------------------------------------------------------
                         slack                                  0.021    





Pulse Width Checks
--------------------------------------------------------------------------------------
Clock Name:         ap_clk
Waveform(ns):       { 0.000 2.500 }
Period(ns):         5.000
Sources:            { clk }

Check Type        Corner  Lib Pin   Reference Pin  Required(ns)  Actual(ns)  Slack(ns)  Location        Pin
Min Period        n/a     BUFGCE/I  n/a            1.122         5.000       3.878      BUFGCE_X0Y146   clk_IBUF_BUFG_inst/I
Low Pulse Width   Slow    FDRE/C    n/a            0.275         2.500       2.225      SLICE_X185Y340  denselayer2/INPUT_SIZE_rows[17].OUTPUT_SIZE_cols[4].sa/mow/internal_operation/buff0_reg[12]/C
High Pulse Width  Slow    FDRE/C    n/a            0.275         2.500       2.225      SLICE_X173Y314  denselayer2/INPUT_SIZE_rows[17].OUTPUT_SIZE_cols[3].sa/data_out_reg[24]/C



