Copyright 1986-2019 Xilinx, Inc. All Rights Reserved.
---------------------------------------------------------------------------------------------------------
| Tool Version : Vivado v.2019.1 (lin64) Build 2552052 Fri May 24 14:47:09 MDT 2019
| Date         : Thu Nov  6 09:38:57 2025
| Host         : hvm1 running 64-bit Ubuntu 22.04.5 LTS
| Command      : report_utilization -hierarchical -hierarchical_depth 1 -file reports/37_13_SA6_hier.rpt
| Design       : waiz_benchmark
| Device       : xcvu13pfhga2104-3
| Design State : Routed
---------------------------------------------------------------------------------------------------------

Utilization Design Information

Table of Contents
-----------------
1. Utilization by Hierarchy

1. Utilization by Hierarchy
---------------------------

+--------------------+---------------------------------------+------------+------------+---------+------+--------+--------+--------+------+--------------+
|      Instance      |                 Module                | Total LUTs | Logic LUTs | LUTRAMs | SRLs |   FFs  | RAMB36 | RAMB18 | URAM | DSP48 Blocks |
+--------------------+---------------------------------------+------------+------------+---------+------+--------+--------+--------+------+--------------+
| waiz_benchmark     |                                 (top) |     459278 |     459278 |       0 |    0 | 164407 |      0 |      0 |    0 |         5815 |
|   (waiz_benchmark) |                                 (top) |       3487 |       3487 |       0 |    0 |      0 |      0 |      0 |    0 |            0 |
|   denselayer1      |                            denseLayer |     208333 |     208333 |       0 |    0 |  41844 |      0 |      0 |    0 |         1570 |
|   denselayer2      |            denseLayer__parameterized0 |     159539 |     159539 |       0 |    0 |  76944 |      0 |      0 |    0 |         2462 |
|   denselayer3      |            denseLayer__parameterized1 |      72653 |      72653 |       0 |    0 |  40465 |      0 |      0 |    0 |         1512 |
|   denselayer4      |            denseLayer__parameterized2 |       9359 |       9359 |       0 |    0 |   5086 |      0 |      0 |    0 |          266 |
|   relulayer1       |                   reluActivationLayer |      14710 |      14710 |       0 |    0 |      0 |      0 |      0 |    0 |            0 |
|   relulayer2       |   reluActivationLayer__parameterized0 |       5159 |       5159 |       0 |    0 |      0 |      0 |      0 |    0 |            0 |
|   relulayer3       | reluActivationLayer__parameterized0_0 |       1147 |       1147 |       0 |    0 |      0 |      0 |      0 |    0 |            0 |
|   softmax          |                          softmaxLayer |        988 |        988 |       0 |    0 |     68 |      0 |      0 |    0 |            5 |
+--------------------+---------------------------------------+------------+------------+---------+------+--------+--------+--------+------+--------------+
* Note: The sum of lower-level cells may be larger than their parent cells total, due to cross-hierarchy LUT combining


