Copyright 1986-2019 Xilinx, Inc. All Rights Reserved.
-----------------------------------------------------------------------------------------
| Tool Version      : Vivado v.2019.1 (lin64) Build 2552052 Fri May 24 14:47:09 MDT 2019
| Date              : Tue Nov 11 04:54:04 2025
| Host              : hvm1 running 64-bit Ubuntu 22.04.5 LTS
| Command           : report_timing_summary -file reports/37_13_HM37_13_SA8_2_timing.rpt
| Design            : waiz_benchmark
| Device            : xcvu13p-fhga2104
| Speed File        : -3  PRODUCTION 1.23 03-18-2019
| Temperature Grade : E
-----------------------------------------------------------------------------------------

Timing Summary Report

------------------------------------------------------------------------------------------------
| Timer Settings
| --------------
------------------------------------------------------------------------------------------------

  Enable Multi Corner Analysis               :  Yes
  Enable Pessimism Removal                   :  Yes
  Pessimism Removal Resolution               :  Nearest Common Node
  Enable Input Delay Default Clock           :  No
  Enable Preset / Clear Arcs                 :  No
  Disable Flight Delays                      :  No
  Ignore I/O Paths                           :  No
  Timing Early Launch at Borrowing Latches   :  No
  Borrow Time for Max Delay Exceptions       :  Yes

  Corner  Analyze    Analyze    
  Name    Max Paths  Min Paths  
  ------  ---------  ---------  
  Slow    Yes        Yes        
  Fast    Yes        Yes        



check_timing report

Table of Contents
-----------------
1. checking no_clock
2. checking constant_clock
3. checking pulse_width_clock
4. checking unconstrained_internal_endpoints
5. checking no_input_delay
6. checking no_output_delay
7. checking multiple_clock
8. checking generated_clocks
9. checking loops
10. checking partial_input_delay
11. checking partial_output_delay
12. checking latch_loops

1. checking no_clock
--------------------
 There are 0 register/latch pins with no clock.


2. checking constant_clock
--------------------------
 There are 0 register/latch pins with constant_clock.


3. checking pulse_width_clock
-----------------------------
 There are 0 register/latch pins which need pulse_width check


4. checking unconstrained_internal_endpoints
--------------------------------------------
 There are 0 pins that are not constrained for maximum delay.

 There are 0 pins that are not constrained for maximum delay due to constant clock.


5. checking no_input_delay
--------------------------
 There are 594 input ports with no input delay specified. (HIGH)

 There are 0 input ports with no input delay but user has a false path constraint.


6. checking no_output_delay
---------------------------
 There are 166 ports with no output delay specified. (HIGH)

 There are 0 ports with no output delay but user has a false path constraint

 There are 0 ports with no output delay but with a timing clock defined on it or propagating through it


7. checking multiple_clock
--------------------------
 There are 0 register/latch pins with multiple clocks.


8. checking generated_clocks
----------------------------
 There are 0 generated clocks that are not connected to a clock source.


9. checking loops
-----------------
 There are 0 combinational loops in the design.


10. checking partial_input_delay
--------------------------------
 There are 0 input ports with partial input delay specified.


11. checking partial_output_delay
---------------------------------
 There are 0 ports with partial output delay specified.


12. checking latch_loops
------------------------
 There are 0 combinational latch loops in the design through latch input



------------------------------------------------------------------------------------------------
| Design Timing Summary
| ---------------------
------------------------------------------------------------------------------------------------

    WNS(ns)      TNS(ns)  TNS Failing Endpoints  TNS Total Endpoints      WHS(ns)      THS(ns)  THS Failing Endpoints  THS Total Endpoints     WPWS(ns)     TPWS(ns)  TPWS Failing Endpoints  TPWS Total Endpoints  
    -------      -------  ---------------------  -------------------      -------      -------  ---------------------  -------------------     --------     --------  ----------------------  --------------------  
      0.044        0.000                      0               311698        0.016        0.000                      0               311698        2.225        0.000                       0                183937  


All user specified timing constraints are met.


------------------------------------------------------------------------------------------------
| Clock Summary
| -------------
------------------------------------------------------------------------------------------------

Clock   Waveform(ns)         Period(ns)      Frequency(MHz)
-----   ------------         ----------      --------------
ap_clk  {0.000 2.500}        5.000           200.000         


------------------------------------------------------------------------------------------------
| Intra Clock Table
| -----------------
------------------------------------------------------------------------------------------------

Clock             WNS(ns)      TNS(ns)  TNS Failing Endpoints  TNS Total Endpoints      WHS(ns)      THS(ns)  THS Failing Endpoints  THS Total Endpoints     WPWS(ns)     TPWS(ns)  TPWS Failing Endpoints  TPWS Total Endpoints  
-----             -------      -------  ---------------------  -------------------      -------      -------  ---------------------  -------------------     --------     --------  ----------------------  --------------------  
ap_clk              0.044        0.000                      0               311698        0.016        0.000                      0               311698        2.225        0.000                       0                183937  


------------------------------------------------------------------------------------------------
| Inter Clock Table
| -----------------
------------------------------------------------------------------------------------------------

From Clock    To Clock          WNS(ns)      TNS(ns)  TNS Failing Endpoints  TNS Total Endpoints      WHS(ns)      THS(ns)  THS Failing Endpoints  THS Total Endpoints  
----------    --------          -------      -------  ---------------------  -------------------      -------      -------  ---------------------  -------------------  


------------------------------------------------------------------------------------------------
| Other Path Groups Table
| -----------------------
------------------------------------------------------------------------------------------------

Path Group    From Clock    To Clock          WNS(ns)      TNS(ns)  TNS Failing Endpoints  TNS Total Endpoints      WHS(ns)      THS(ns)  THS Failing Endpoints  THS Total Endpoints  
----------    ----------    --------          -------      -------  ---------------------  -------------------      -------      -------  ---------------------  -------------------  


------------------------------------------------------------------------------------------------
| Timing Details
| --------------
------------------------------------------------------------------------------------------------


---------------------------------------------------------------------------------------------------
From Clock:  ap_clk
  To Clock:  ap_clk

Setup :            0  Failing Endpoints,  Worst Slack        0.044ns,  Total Violation        0.000ns
Hold  :            0  Failing Endpoints,  Worst Slack        0.016ns,  Total Violation        0.000ns
PW    :            0  Failing Endpoints,  Worst Slack        2.225ns,  Total Violation        0.000ns
---------------------------------------------------------------------------------------------------


Max Delay Paths
--------------------------------------------------------------------------------------
Slack (MET) :             0.044ns  (required time - arrival time)
  Source:                 denselayer1/INPUT_SIZE_rows[7].OUTPUT_SIZE_cols[45].sa/mow/internal_operation/a_reg0_reg[34]_rep__2/C
                            (rising edge-triggered cell FDRE clocked by ap_clk  {rise@0.000ns fall@2.500ns period=5.000ns})
  Destination:            denselayer1/INPUT_SIZE_rows[7].OUTPUT_SIZE_cols[50].sa/mow/internal_operation/buff0_reg[26]/D
                            (rising edge-triggered cell FDRE clocked by ap_clk  {rise@0.000ns fall@2.500ns period=5.000ns})
  Path Group:             ap_clk
  Path Type:              Setup (Max at Slow Process Corner)
  Requirement:            5.000ns  (ap_clk rise@5.000ns - ap_clk rise@0.000ns)
  Data Path Delay:        4.693ns  (logic 0.341ns (7.266%)  route 4.352ns (92.734%))
  Logic Levels:           5  (CARRY8=4 LUT4=1)
  Clock Path Skew:        -0.251ns (DCD - SCD + CPR)
    Destination Clock Delay (DCD):    3.209ns = ( 8.209 - 5.000 ) 
    Source Clock Delay      (SCD):    3.852ns
    Clock Pessimism Removal (CPR):    0.392ns
  Clock Uncertainty:      0.035ns  ((TSJ^2 + TIJ^2)^1/2 + DJ) / 2 + PE
    Total System Jitter     (TSJ):    0.071ns
    Total Input Jitter      (TIJ):    0.000ns
    Discrete Jitter          (DJ):    0.000ns
    Phase Error              (PE):    0.000ns
  Clock Net Delay (Source):      2.896ns (routing 1.128ns, distribution 1.768ns)
  Clock Net Delay (Destination): 2.498ns (routing 1.023ns, distribution 1.475ns)

    Location             Delay type                Incr(ns)  Path(ns)    Netlist Resource(s)
  -------------------------------------------------------------------    -------------------
                         (clock ap_clk rise edge)     0.000     0.000 r  
    BC10                                              0.000     0.000 r  clk (IN)
                         net (fo=0)                   0.000     0.000    clk_IBUF_inst/I
    BC10                 INBUF (Prop_INBUF_HPIOB_M_PAD_O)
                                                      0.593     0.593 r  clk_IBUF_inst/INBUF_INST/O
                         net (fo=1, routed)           0.000     0.593    clk_IBUF_inst/OUT
    BC10                 IBUFCTRL (Prop_IBUFCTRL_HPIOB_M_I_O)
                                                      0.000     0.593 r  clk_IBUF_inst/IBUFCTRL_INST/O
                         net (fo=1, routed)           0.335     0.928    clk_IBUF
    BUFGCE_X0Y146        BUFGCE (Prop_BUFCE_BUFGCE_I_O)
                                                      0.028     0.956 r  clk_IBUF_BUFG_inst/O
    X3Y9 (CLOCK_ROOT)    net (fo=205191, routed)      2.896     3.852    denselayer1/INPUT_SIZE_rows[7].OUTPUT_SIZE_cols[45].sa/mow/internal_operation/clk_IBUF_BUFG
    SLR Crossing[1->3]   
    SLICE_X76Y936        FDRE                                         r  denselayer1/INPUT_SIZE_rows[7].OUTPUT_SIZE_cols[45].sa/mow/internal_operation/a_reg0_reg[34]_rep__2/C
  -------------------------------------------------------------------    -------------------
    SLICE_X76Y936        FDRE (Prop_EFF_SLICEM_C_Q)
                                                      0.066     3.918 r  denselayer1/INPUT_SIZE_rows[7].OUTPUT_SIZE_cols[45].sa/mow/internal_operation/a_reg0_reg[34]_rep__2/Q
                         net (fo=102, routed)         4.233     8.151    denselayer1/INPUT_SIZE_rows[7].OUTPUT_SIZE_cols[45].sa/mow/internal_operation/a_reg0_reg[34]_rep__2_0
    SLICE_X100Y757       LUT4 (Prop_F6LUT_SLICEM_I3_O)
                                                      0.047     8.198 r  denselayer1/INPUT_SIZE_rows[7].OUTPUT_SIZE_cols[45].sa/mow/internal_operation/tmp_product_carry_i_6__608/O
                         net (fo=1, routed)           0.026     8.224    denselayer1/INPUT_SIZE_rows[7].OUTPUT_SIZE_cols[50].sa/mow/internal_operation/buff0_reg[8]_0[4]
    SLICE_X100Y757       CARRY8 (Prop_CARRY8_SLICEM_S[5]_CO[7])
                                                      0.137     8.361 r  denselayer1/INPUT_SIZE_rows[7].OUTPUT_SIZE_cols[50].sa/mow/internal_operation/tmp_product_carry/CO[7]
                         net (fo=1, routed)           0.023     8.384    denselayer1/INPUT_SIZE_rows[7].OUTPUT_SIZE_cols[50].sa/mow/internal_operation/tmp_product_carry_n_0
    SLICE_X100Y758       CARRY8 (Prop_CARRY8_SLICEM_CI_CO[7])
                                                      0.012     8.396 r  denselayer1/INPUT_SIZE_rows[7].OUTPUT_SIZE_cols[50].sa/mow/internal_operation/tmp_product_carry__0/CO[7]
                         net (fo=1, routed)           0.023     8.419    denselayer1/INPUT_SIZE_rows[7].OUTPUT_SIZE_cols[50].sa/mow/internal_operation/tmp_product_carry__0_n_0
    SLICE_X100Y759       CARRY8 (Prop_CARRY8_SLICEM_CI_CO[7])
                                                      0.012     8.431 r  denselayer1/INPUT_SIZE_rows[7].OUTPUT_SIZE_cols[50].sa/mow/internal_operation/tmp_product_carry__1/CO[7]
                         net (fo=1, routed)           0.023     8.454    denselayer1/INPUT_SIZE_rows[7].OUTPUT_SIZE_cols[50].sa/mow/internal_operation/tmp_product_carry__1_n_0
    SLICE_X100Y760       CARRY8 (Prop_CARRY8_SLICEM_CI_O[1])
                                                      0.067     8.521 r  denselayer1/INPUT_SIZE_rows[7].OUTPUT_SIZE_cols[50].sa/mow/internal_operation/tmp_product_carry__2/O[1]
                         net (fo=1, routed)           0.024     8.545    denselayer1/INPUT_SIZE_rows[7].OUTPUT_SIZE_cols[50].sa/mow/internal_operation/tmp_product_carry__2_n_14
    SLICE_X100Y760       FDRE                                         r  denselayer1/INPUT_SIZE_rows[7].OUTPUT_SIZE_cols[50].sa/mow/internal_operation/buff0_reg[26]/D
  -------------------------------------------------------------------    -------------------

                         (clock ap_clk rise edge)     5.000     5.000 r  
    BC10                                              0.000     5.000 r  clk (IN)
                         net (fo=0)                   0.000     5.000    clk_IBUF_inst/I
    BC10                 INBUF (Prop_INBUF_HPIOB_M_PAD_O)
                                                      0.389     5.389 r  clk_IBUF_inst/INBUF_INST/O
                         net (fo=1, routed)           0.000     5.389    clk_IBUF_inst/OUT
    BC10                 IBUFCTRL (Prop_IBUFCTRL_HPIOB_M_I_O)
                                                      0.000     5.389 r  clk_IBUF_inst/IBUFCTRL_INST/O
                         net (fo=1, routed)           0.298     5.687    clk_IBUF
    BUFGCE_X0Y146        BUFGCE (Prop_BUFCE_BUFGCE_I_O)
                                                      0.024     5.711 r  clk_IBUF_BUFG_inst/O
    X3Y9 (CLOCK_ROOT)    net (fo=205191, routed)      2.498     8.209    denselayer1/INPUT_SIZE_rows[7].OUTPUT_SIZE_cols[50].sa/mow/internal_operation/clk_IBUF_BUFG
    SLR Crossing[1->3]   
    SLICE_X100Y760       FDRE                                         r  denselayer1/INPUT_SIZE_rows[7].OUTPUT_SIZE_cols[50].sa/mow/internal_operation/buff0_reg[26]/C
                         clock pessimism              0.392     8.601    
                         clock uncertainty           -0.035     8.566    
    SLICE_X100Y760       FDRE (Setup_BFF_SLICEM_C_D)
                                                      0.023     8.589    denselayer1/INPUT_SIZE_rows[7].OUTPUT_SIZE_cols[50].sa/mow/internal_operation/buff0_reg[26]
  -------------------------------------------------------------------
                         required time                          8.589    
                         arrival time                          -8.545    
  -------------------------------------------------------------------
                         slack                                  0.044    





Min Delay Paths
--------------------------------------------------------------------------------------
Slack (MET) :             0.016ns  (arrival time - required time)
  Source:                 denselayer3/sum_all/col_trees[31].column_tree/genblk2[0].genblk1[1].tree_reg[1][13]/C
                            (rising edge-triggered cell FDRE clocked by ap_clk  {rise@0.000ns fall@2.500ns period=5.000ns})
  Destination:            denselayer3/sum_all/col_trees[31].column_tree/output_data_reg[13]/D
                            (rising edge-triggered cell FDRE clocked by ap_clk  {rise@0.000ns fall@2.500ns period=5.000ns})
  Path Group:             ap_clk
  Path Type:              Hold (Min at Fast Process Corner)
  Requirement:            0.000ns  (ap_clk rise@0.000ns - ap_clk rise@0.000ns)
  Data Path Delay:        0.109ns  (logic 0.037ns (33.945%)  route 0.072ns (66.055%))
  Logic Levels:           0  
  Clock Path Skew:        0.046ns (DCD - SCD - CPR)
    Destination Clock Delay (DCD):    2.612ns
    Source Clock Delay      (SCD):    2.191ns
    Clock Pessimism Removal (CPR):    0.375ns
  Clock Net Delay (Source):      1.725ns (routing 0.681ns, distribution 1.044ns)
  Clock Net Delay (Destination): 1.923ns (routing 0.759ns, distribution 1.164ns)

    Location             Delay type                Incr(ns)  Path(ns)    Netlist Resource(s)
  -------------------------------------------------------------------    -------------------
                         (clock ap_clk rise edge)     0.000     0.000 r  
    BC10                                              0.000     0.000 r  clk (IN)
                         net (fo=0)                   0.000     0.000    clk_IBUF_inst/I
    BC10                 INBUF (Prop_INBUF_HPIOB_M_PAD_O)
                                                      0.293     0.293 r  clk_IBUF_inst/INBUF_INST/O
                         net (fo=1, routed)           0.000     0.293    clk_IBUF_inst/OUT
    BC10                 IBUFCTRL (Prop_IBUFCTRL_HPIOB_M_I_O)
                                                      0.000     0.293 r  clk_IBUF_inst/IBUFCTRL_INST/O
                         net (fo=1, routed)           0.156     0.449    clk_IBUF
    BUFGCE_X0Y146        BUFGCE (Prop_BUFCE_BUFGCE_I_O)
                                                      0.017     0.466 r  clk_IBUF_BUFG_inst/O
    X3Y9 (CLOCK_ROOT)    net (fo=205191, routed)      1.725     2.191    denselayer3/sum_all/col_trees[31].column_tree/clk_IBUF_BUFG
    SLICE_X88Y434        FDRE                                         r  denselayer3/sum_all/col_trees[31].column_tree/genblk2[0].genblk1[1].tree_reg[1][13]/C
  -------------------------------------------------------------------    -------------------
    SLICE_X88Y434        FDRE (Prop_FFF_SLICEM_C_Q)
                                                      0.037     2.228 r  denselayer3/sum_all/col_trees[31].column_tree/genblk2[0].genblk1[1].tree_reg[1][13]/Q
                         net (fo=1, routed)           0.072     2.300    denselayer3/sum_all/col_trees[31].column_tree/genblk2[0].genblk1[1].tree_reg[1]_414[13]
    SLICE_X87Y434        FDRE                                         r  denselayer3/sum_all/col_trees[31].column_tree/output_data_reg[13]/D
  -------------------------------------------------------------------    -------------------

                         (clock ap_clk rise edge)     0.000     0.000 r  
    BC10                                              0.000     0.000 r  clk (IN)
                         net (fo=0)                   0.000     0.000    clk_IBUF_inst/I
    BC10                 INBUF (Prop_INBUF_HPIOB_M_PAD_O)
                                                      0.479     0.479 r  clk_IBUF_inst/INBUF_INST/O
                         net (fo=1, routed)           0.000     0.479    clk_IBUF_inst/OUT
    BC10                 IBUFCTRL (Prop_IBUFCTRL_HPIOB_M_I_O)
                                                      0.000     0.479 r  clk_IBUF_inst/IBUFCTRL_INST/O
                         net (fo=1, routed)           0.191     0.670    clk_IBUF
    BUFGCE_X0Y146        BUFGCE (Prop_BUFCE_BUFGCE_I_O)
                                                      0.019     0.689 r  clk_IBUF_BUFG_inst/O
    X3Y9 (CLOCK_ROOT)    net (fo=205191, routed)      1.923     2.612    denselayer3/sum_all/col_trees[31].column_tree/clk_IBUF_BUFG
    SLICE_X87Y434        FDRE                                         r  denselayer3/sum_all/col_trees[31].column_tree/output_data_reg[13]/C
                         clock pessimism             -0.375     2.237    
    SLICE_X87Y434        FDRE (Hold_GFF2_SLICEM_C_D)
                                                      0.047     2.284    denselayer3/sum_all/col_trees[31].column_tree/output_data_reg[13]
  -------------------------------------------------------------------
                         required time                         -2.284    
                         arrival time                           2.300    
  -------------------------------------------------------------------
                         slack                                  0.016    





Pulse Width Checks
--------------------------------------------------------------------------------------
Clock Name:         ap_clk
Waveform(ns):       { 0.000 2.500 }
Period(ns):         5.000
Sources:            { clk }

Check Type        Corner  Lib Pin   Reference Pin  Required(ns)  Actual(ns)  Slack(ns)  Location        Pin
Min Period        n/a     BUFGCE/I  n/a            1.122         5.000       3.878      BUFGCE_X0Y146   clk_IBUF_BUFG_inst/I
Low Pulse Width   Slow    FDRE/C    n/a            0.275         2.500       2.225      SLICE_X182Y392  denselayer3/INPUT_SIZE_rows[30].OUTPUT_SIZE_cols[10].sa/data_out_reg[33]/C
High Pulse Width  Slow    FDRE/C    n/a            0.275         2.500       2.225      SLICE_X112Y638  denselayer2/INPUT_SIZE_rows[11].OUTPUT_SIZE_cols[23].sa/data_out_reg[24]/C



