Copyright 1986-2019 Xilinx, Inc. All Rights Reserved.
------------------------------------------------------------------------------------------------------
| Tool Version : Vivado v.2019.1 (lin64) Build 2552052 Fri May 24 14:47:09 MDT 2019
| Date         : Sun Oct 19 22:03:25 2025
| Host         : hvm1 running 64-bit Ubuntu 22.04.5 LTS
| Command      : report_utilization -hierarchical -hierarchical_depth 1 -file reports/7_3_hier_fx.rpt
| Design       : waiz_benchmark
| Device       : 7vx690tffg1761-2
| Design State : Routed
------------------------------------------------------------------------------------------------------

Utilization Design Information

Table of Contents
-----------------
1. Utilization by Hierarchy

1. Utilization by Hierarchy
---------------------------

+--------------------+---------------------------------------+------------+------------+---------+------+-------+--------+--------+--------------+
|      Instance      |                 Module                | Total LUTs | Logic LUTs | LUTRAMs | SRLs |  FFs  | RAMB36 | RAMB18 | DSP48 Blocks |
+--------------------+---------------------------------------+------------+------------+---------+------+-------+--------+--------+--------------+
| waiz_benchmark     |                                 (top) |      27430 |      27430 |       0 |    0 | 19453 |      0 |      0 |            5 |
|   (waiz_benchmark) |                                 (top) |          0 |          0 |       0 |    0 |     0 |      0 |      0 |            0 |
|   denselayer1      |                            denseLayer |       8895 |       8895 |       0 |    0 |  4941 |      0 |      0 |            0 |
|   denselayer2      |            denseLayer__parameterized0 |      10933 |      10933 |       0 |    0 |  7433 |      0 |      0 |            0 |
|   denselayer3      |            denseLayer__parameterized1 |       5194 |       5194 |       0 |    0 |  5898 |      0 |      0 |            0 |
|   denselayer4      |            denseLayer__parameterized2 |       1499 |       1499 |       0 |    0 |  1121 |      0 |      0 |            0 |
|   relulayer1       |                   reluActivationLayer |       1244 |       1244 |       0 |    0 |     0 |      0 |      0 |            0 |
|   relulayer2       |   reluActivationLayer__parameterized0 |       1584 |       1584 |       0 |    0 |     0 |      0 |      0 |            0 |
|   relulayer3       | reluActivationLayer__parameterized0_0 |        262 |        262 |       0 |    0 |     0 |      0 |      0 |            0 |
|   softmax          |                          softmaxLayer |        196 |        196 |       0 |    0 |    60 |      0 |      0 |            5 |
+--------------------+---------------------------------------+------------+------------+---------+------+-------+--------+--------+--------------+
* Note: The sum of lower-level cells may be larger than their parent cells total, due to cross-hierarchy LUT combining


