

================================================================
== Vivado HLS Report for 'myproject'
================================================================
* Date:           Sat Nov 22 12:20:48 2025

* Version:        2019.1 (Build 2552052 on Fri May 24 15:28:33 MDT 2019)
* Project:        myproject_prj
* Solution:       solution1
* Product family: virtex7
* Target device:  xc7vx690t-ffg1761-2


================================================================
== Performance Estimates
================================================================
+ Timing (ns): 
    * Summary: 
    +--------+-------+----------+------------+
    |  Clock | Target| Estimated| Uncertainty|
    +--------+-------+----------+------------+
    |ap_clk  |   5.00|     4.890|        0.62|
    +--------+-------+----------+------------+

+ Latency (clock cycles): 
    * Summary: 
    +-----+-----+-----+-----+---------+
    |  Latency  |  Interval | Pipeline|
    | min | max | min | max |   Type  |
    +-----+-----+-----+-----+---------+
    |  353|  353|  353|  353|   none  |
    +-----+-----+-----+-----+---------+

    + Detail: 
        * Instance: 
        +----------------------------------------------------------------------------------------------+-----------------------------------------------------------------------------------+-----+-----+-----+-----+----------+
        |                                                                                              |                                                                                   |  Latency  |  Interval | Pipeline |
        |                                           Instance                                           |                                       Module                                      | min | max | min | max |   Type   |
        +----------------------------------------------------------------------------------------------+-----------------------------------------------------------------------------------+-----+-----+-----+-----+----------+
        |grp_lstm_stack_ap_fixed_16_6_5_3_0_ap_fixed_16_6_5_3_0_config2_s_fu_137                       |lstm_stack_ap_fixed_16_6_5_3_0_ap_fixed_16_6_5_3_0_config2_s                       |  339|  339|  339|  339|   none   |
        |grp_dense_latency_0_0_0_0_0_0_0_0_0_0_0_0_0_0_0_0_0_0_0_0_0_0_0_0_0_0_0_0_0_0_0_0_0_s_fu_227  |dense_latency_0_0_0_0_0_0_0_0_0_0_0_0_0_0_0_0_0_0_0_0_0_0_0_0_0_0_0_0_0_0_0_0_0_s  |    3|    3|    1|    1| function |
        |grp_dense_latency_ap_fixed_16_6_5_3_0_ap_fixed_16_6_5_3_0_config5_0_0_fu_251                  |dense_latency_ap_fixed_16_6_5_3_0_ap_fixed_16_6_5_3_0_config5_0_0                  |    3|    3|    1|    1| function |
        |call_ret2_relu_ap_fixed_16_6_5_3_0_ap_fixed_16_6_5_3_0_relu_config4_s_fu_319                  |relu_ap_fixed_16_6_5_3_0_ap_fixed_16_6_5_3_0_relu_config4_s                        |    0|    0|    1|    1| function |
        |grp_sigmoid_ap_fixed_16_6_5_3_0_ap_fixed_16_6_5_3_0_sigmoid_config6_s_fu_387                  |sigmoid_ap_fixed_16_6_5_3_0_ap_fixed_16_6_5_3_0_sigmoid_config6_s                  |    2|    2|    1|    1| function |
        +----------------------------------------------------------------------------------------------+-----------------------------------------------------------------------------------+-----+-----+-----+-----+----------+

        * Loop: 
        N/A



================================================================
== Utilization Estimates
================================================================
* Summary: 
+-----------------+---------+-------+--------+--------+-----+
|       Name      | BRAM_18K| DSP48E|   FF   |   LUT  | URAM|
+-----------------+---------+-------+--------+--------+-----+
|DSP              |        -|      -|       -|       -|    -|
|Expression       |        -|      -|       0|       2|    -|
|FIFO             |        -|      -|       -|       -|    -|
|Instance         |       41|   2498|   72156|  116566|    -|
|Memory           |        -|      -|       -|       -|    -|
|Multiplexer      |        -|      -|       -|     101|    -|
|Register         |        -|      -|    4002|       -|    -|
+-----------------+---------+-------+--------+--------+-----+
|Total            |       41|   2498|   76158|  116669|    0|
+-----------------+---------+-------+--------+--------+-----+
|Available        |     2940|   3600|  866400|  433200|    0|
+-----------------+---------+-------+--------+--------+-----+
|Utilization (%)  |        1|     69|       8|      26|    0|
+-----------------+---------+-------+--------+--------+-----+

+ Detail: 
    * Instance: 
    +----------------------------------------------------------------------------------------------+-----------------------------------------------------------------------------------+---------+-------+-------+-------+-----+
    |                                           Instance                                           |                                       Module                                      | BRAM_18K| DSP48E|   FF  |  LUT  | URAM|
    +----------------------------------------------------------------------------------------------+-----------------------------------------------------------------------------------+---------+-------+-------+-------+-----+
    |grp_dense_latency_0_0_0_0_0_0_0_0_0_0_0_0_0_0_0_0_0_0_0_0_0_0_0_0_0_0_0_0_0_0_0_0_0_s_fu_227  |dense_latency_0_0_0_0_0_0_0_0_0_0_0_0_0_0_0_0_0_0_0_0_0_0_0_0_0_0_0_0_0_0_0_0_0_s  |        0|    944|  22302|  36910|    0|
    |grp_dense_latency_ap_fixed_16_6_5_3_0_ap_fixed_16_6_5_3_0_config5_0_0_fu_251                  |dense_latency_ap_fixed_16_6_5_3_0_ap_fixed_16_6_5_3_0_config5_0_0                  |        0|     60|   2420|   1624|    0|
    |grp_lstm_stack_ap_fixed_16_6_5_3_0_ap_fixed_16_6_5_3_0_config2_s_fu_137                       |lstm_stack_ap_fixed_16_6_5_3_0_ap_fixed_16_6_5_3_0_config2_s                       |       40|   1494|  47419|  76090|    0|
    |call_ret2_relu_ap_fixed_16_6_5_3_0_ap_fixed_16_6_5_3_0_relu_config4_s_fu_319                  |relu_ap_fixed_16_6_5_3_0_ap_fixed_16_6_5_3_0_relu_config4_s                        |        0|      0|      0|   1792|    0|
    |grp_sigmoid_ap_fixed_16_6_5_3_0_ap_fixed_16_6_5_3_0_sigmoid_config6_s_fu_387                  |sigmoid_ap_fixed_16_6_5_3_0_ap_fixed_16_6_5_3_0_sigmoid_config6_s                  |        1|      0|     15|    150|    0|
    +----------------------------------------------------------------------------------------------+-----------------------------------------------------------------------------------+---------+-------+-------+-------+-----+
    |Total                                                                                         |                                                                                   |       41|   2498|  72156| 116566|    0|
    +----------------------------------------------------------------------------------------------+-----------------------------------------------------------------------------------+---------+-------+-------+-------+-----+

    * DSP48E: 
    N/A

    * Memory: 
    N/A

    * FIFO: 
    N/A

    * Expression: 
    +-----------------+----------+-------+---+----+------------+------------+
    |  Variable Name  | Operation| DSP48E| FF| LUT| Bitwidth P0| Bitwidth P1|
    +-----------------+----------+-------+---+----+------------+------------+
    |ap_block_state1  |    or    |      0|  0|   2|           1|           1|
    +-----------------+----------+-------+---+----+------------+------------+
    |Total            |          |      0|  0|   2|           1|           1|
    +-----------------+----------+-------+---+----+------------+------------+

    * Multiplexer: 
    +------------------------------+----+-----------+------+-----------+
    |             Name             | LUT| Input Size| Bits | Total Bits|
    +------------------------------+----+-----------+------+-----------+
    |ap_NS_fsm                     |  65|         16|     1|         16|
    |layer1_input_V_ap_vld_in_sig  |   9|          2|     1|          2|
    |layer1_input_V_ap_vld_preg    |   9|          2|     1|          2|
    |layer1_input_V_blk_n          |   9|          2|     1|          2|
    |layer1_input_V_in_sig         |   9|          2|  1920|       3840|
    +------------------------------+----+-----------+------+-----------+
    |Total                         | 101|         24|  1924|       3862|
    +------------------------------+----+-----------+------+-----------+

    * Register: 
    +-------------------------------------------------------------------------------------------+------+----+------+-----------+
    |                                            Name                                           |  FF  | LUT| Bits | Const Bits|
    +-------------------------------------------------------------------------------------------+------+----+------+-----------+
    |ap_CS_fsm                                                                                  |    15|   0|    15|          0|
    |grp_lstm_stack_ap_fixed_16_6_5_3_0_ap_fixed_16_6_5_3_0_config2_s_fu_137_ap_start_reg       |     1|   0|     1|          0|
    |grp_sigmoid_ap_fixed_16_6_5_3_0_ap_fixed_16_6_5_3_0_sigmoid_config6_s_fu_387_ap_start_reg  |     1|   0|     1|          0|
    |layer1_input_V_ap_vld_preg                                                                 |     1|   0|     1|          0|
    |layer1_input_V_preg                                                                        |  1920|   0|  1920|          0|
    |layer3_out_0_V_reg_1116                                                                    |    16|   0|    16|          0|
    |layer3_out_10_V_reg_1166                                                                   |    16|   0|    16|          0|
    |layer3_out_11_V_reg_1171                                                                   |    16|   0|    16|          0|
    |layer3_out_12_V_reg_1176                                                                   |    16|   0|    16|          0|
    |layer3_out_13_V_reg_1181                                                                   |    16|   0|    16|          0|
    |layer3_out_14_V_reg_1186                                                                   |    16|   0|    16|          0|
    |layer3_out_15_V_reg_1191                                                                   |    16|   0|    16|          0|
    |layer3_out_16_V_reg_1196                                                                   |    16|   0|    16|          0|
    |layer3_out_17_V_reg_1201                                                                   |    16|   0|    16|          0|
    |layer3_out_18_V_reg_1206                                                                   |    16|   0|    16|          0|
    |layer3_out_19_V_reg_1211                                                                   |    16|   0|    16|          0|
    |layer3_out_1_V_reg_1121                                                                    |    16|   0|    16|          0|
    |layer3_out_20_V_reg_1216                                                                   |    16|   0|    16|          0|
    |layer3_out_21_V_reg_1221                                                                   |    16|   0|    16|          0|
    |layer3_out_22_V_reg_1226                                                                   |    16|   0|    16|          0|
    |layer3_out_23_V_reg_1231                                                                   |    16|   0|    16|          0|
    |layer3_out_24_V_reg_1236                                                                   |    16|   0|    16|          0|
    |layer3_out_25_V_reg_1241                                                                   |    16|   0|    16|          0|
    |layer3_out_26_V_reg_1246                                                                   |    16|   0|    16|          0|
    |layer3_out_27_V_reg_1251                                                                   |    16|   0|    16|          0|
    |layer3_out_28_V_reg_1256                                                                   |    16|   0|    16|          0|
    |layer3_out_29_V_reg_1261                                                                   |    16|   0|    16|          0|
    |layer3_out_2_V_reg_1126                                                                    |    16|   0|    16|          0|
    |layer3_out_30_V_reg_1266                                                                   |    16|   0|    16|          0|
    |layer3_out_31_V_reg_1271                                                                   |    16|   0|    16|          0|
    |layer3_out_32_V_reg_1276                                                                   |    16|   0|    16|          0|
    |layer3_out_33_V_reg_1281                                                                   |    16|   0|    16|          0|
    |layer3_out_34_V_reg_1286                                                                   |    16|   0|    16|          0|
    |layer3_out_35_V_reg_1291                                                                   |    16|   0|    16|          0|
    |layer3_out_36_V_reg_1296                                                                   |    16|   0|    16|          0|
    |layer3_out_37_V_reg_1301                                                                   |    16|   0|    16|          0|
    |layer3_out_38_V_reg_1306                                                                   |    16|   0|    16|          0|
    |layer3_out_39_V_reg_1311                                                                   |    16|   0|    16|          0|
    |layer3_out_3_V_reg_1131                                                                    |    16|   0|    16|          0|
    |layer3_out_40_V_reg_1316                                                                   |    16|   0|    16|          0|
    |layer3_out_41_V_reg_1321                                                                   |    16|   0|    16|          0|
    |layer3_out_42_V_reg_1326                                                                   |    16|   0|    16|          0|
    |layer3_out_43_V_reg_1331                                                                   |    16|   0|    16|          0|
    |layer3_out_44_V_reg_1336                                                                   |    16|   0|    16|          0|
    |layer3_out_45_V_reg_1341                                                                   |    16|   0|    16|          0|
    |layer3_out_46_V_reg_1346                                                                   |    16|   0|    16|          0|
    |layer3_out_47_V_reg_1351                                                                   |    16|   0|    16|          0|
    |layer3_out_48_V_reg_1356                                                                   |    16|   0|    16|          0|
    |layer3_out_49_V_reg_1361                                                                   |    16|   0|    16|          0|
    |layer3_out_4_V_reg_1136                                                                    |    16|   0|    16|          0|
    |layer3_out_50_V_reg_1366                                                                   |    16|   0|    16|          0|
    |layer3_out_51_V_reg_1371                                                                   |    16|   0|    16|          0|
    |layer3_out_52_V_reg_1376                                                                   |    16|   0|    16|          0|
    |layer3_out_53_V_reg_1381                                                                   |    16|   0|    16|          0|
    |layer3_out_54_V_reg_1386                                                                   |    16|   0|    16|          0|
    |layer3_out_55_V_reg_1391                                                                   |    16|   0|    16|          0|
    |layer3_out_56_V_reg_1396                                                                   |    16|   0|    16|          0|
    |layer3_out_57_V_reg_1401                                                                   |    16|   0|    16|          0|
    |layer3_out_58_V_reg_1406                                                                   |    16|   0|    16|          0|
    |layer3_out_59_V_reg_1411                                                                   |    16|   0|    16|          0|
    |layer3_out_5_V_reg_1141                                                                    |    16|   0|    16|          0|
    |layer3_out_60_V_reg_1416                                                                   |    16|   0|    16|          0|
    |layer3_out_61_V_reg_1421                                                                   |    16|   0|    16|          0|
    |layer3_out_62_V_reg_1426                                                                   |    16|   0|    16|          0|
    |layer3_out_63_V_reg_1431                                                                   |    16|   0|    16|          0|
    |layer3_out_6_V_reg_1146                                                                    |    16|   0|    16|          0|
    |layer3_out_7_V_reg_1151                                                                    |    16|   0|    16|          0|
    |layer3_out_8_V_reg_1156                                                                    |    16|   0|    16|          0|
    |layer3_out_9_V_reg_1161                                                                    |    16|   0|    16|          0|
    |layer4_out_0_V_reg_1436                                                                    |    16|   0|    16|          0|
    |layer4_out_10_V_reg_1486                                                                   |    16|   0|    16|          0|
    |layer4_out_11_V_reg_1491                                                                   |    16|   0|    16|          0|
    |layer4_out_12_V_reg_1496                                                                   |    16|   0|    16|          0|
    |layer4_out_13_V_reg_1501                                                                   |    16|   0|    16|          0|
    |layer4_out_14_V_reg_1506                                                                   |    16|   0|    16|          0|
    |layer4_out_15_V_reg_1511                                                                   |    16|   0|    16|          0|
    |layer4_out_16_V_reg_1516                                                                   |    16|   0|    16|          0|
    |layer4_out_17_V_reg_1521                                                                   |    16|   0|    16|          0|
    |layer4_out_18_V_reg_1526                                                                   |    16|   0|    16|          0|
    |layer4_out_19_V_reg_1531                                                                   |    16|   0|    16|          0|
    |layer4_out_1_V_reg_1441                                                                    |    16|   0|    16|          0|
    |layer4_out_20_V_reg_1536                                                                   |    16|   0|    16|          0|
    |layer4_out_21_V_reg_1541                                                                   |    16|   0|    16|          0|
    |layer4_out_22_V_reg_1546                                                                   |    16|   0|    16|          0|
    |layer4_out_23_V_reg_1551                                                                   |    16|   0|    16|          0|
    |layer4_out_24_V_reg_1556                                                                   |    16|   0|    16|          0|
    |layer4_out_25_V_reg_1561                                                                   |    16|   0|    16|          0|
    |layer4_out_26_V_reg_1566                                                                   |    16|   0|    16|          0|
    |layer4_out_27_V_reg_1571                                                                   |    16|   0|    16|          0|
    |layer4_out_28_V_reg_1576                                                                   |    16|   0|    16|          0|
    |layer4_out_29_V_reg_1581                                                                   |    16|   0|    16|          0|
    |layer4_out_2_V_reg_1446                                                                    |    16|   0|    16|          0|
    |layer4_out_30_V_reg_1586                                                                   |    16|   0|    16|          0|
    |layer4_out_31_V_reg_1591                                                                   |    16|   0|    16|          0|
    |layer4_out_32_V_reg_1596                                                                   |    16|   0|    16|          0|
    |layer4_out_33_V_reg_1601                                                                   |    16|   0|    16|          0|
    |layer4_out_34_V_reg_1606                                                                   |    16|   0|    16|          0|
    |layer4_out_35_V_reg_1611                                                                   |    16|   0|    16|          0|
    |layer4_out_36_V_reg_1616                                                                   |    16|   0|    16|          0|
    |layer4_out_37_V_reg_1621                                                                   |    16|   0|    16|          0|
    |layer4_out_38_V_reg_1626                                                                   |    16|   0|    16|          0|
    |layer4_out_39_V_reg_1631                                                                   |    16|   0|    16|          0|
    |layer4_out_3_V_reg_1451                                                                    |    16|   0|    16|          0|
    |layer4_out_40_V_reg_1636                                                                   |    16|   0|    16|          0|
    |layer4_out_41_V_reg_1641                                                                   |    16|   0|    16|          0|
    |layer4_out_42_V_reg_1646                                                                   |    16|   0|    16|          0|
    |layer4_out_43_V_reg_1651                                                                   |    16|   0|    16|          0|
    |layer4_out_44_V_reg_1656                                                                   |    16|   0|    16|          0|
    |layer4_out_45_V_reg_1661                                                                   |    16|   0|    16|          0|
    |layer4_out_46_V_reg_1666                                                                   |    16|   0|    16|          0|
    |layer4_out_47_V_reg_1671                                                                   |    16|   0|    16|          0|
    |layer4_out_48_V_reg_1676                                                                   |    16|   0|    16|          0|
    |layer4_out_49_V_reg_1681                                                                   |    16|   0|    16|          0|
    |layer4_out_4_V_reg_1456                                                                    |    16|   0|    16|          0|
    |layer4_out_50_V_reg_1686                                                                   |    16|   0|    16|          0|
    |layer4_out_51_V_reg_1691                                                                   |    16|   0|    16|          0|
    |layer4_out_52_V_reg_1696                                                                   |    16|   0|    16|          0|
    |layer4_out_53_V_reg_1701                                                                   |    16|   0|    16|          0|
    |layer4_out_54_V_reg_1706                                                                   |    16|   0|    16|          0|
    |layer4_out_55_V_reg_1711                                                                   |    16|   0|    16|          0|
    |layer4_out_56_V_reg_1716                                                                   |    16|   0|    16|          0|
    |layer4_out_57_V_reg_1721                                                                   |    16|   0|    16|          0|
    |layer4_out_58_V_reg_1726                                                                   |    16|   0|    16|          0|
    |layer4_out_59_V_reg_1731                                                                   |    16|   0|    16|          0|
    |layer4_out_5_V_reg_1461                                                                    |    16|   0|    16|          0|
    |layer4_out_60_V_reg_1736                                                                   |    16|   0|    16|          0|
    |layer4_out_61_V_reg_1741                                                                   |    16|   0|    16|          0|
    |layer4_out_62_V_reg_1746                                                                   |    16|   0|    16|          0|
    |layer4_out_63_V_reg_1751                                                                   |    16|   0|    16|          0|
    |layer4_out_6_V_reg_1466                                                                    |    16|   0|    16|          0|
    |layer4_out_7_V_reg_1471                                                                    |    16|   0|    16|          0|
    |layer4_out_8_V_reg_1476                                                                    |    16|   0|    16|          0|
    |layer4_out_9_V_reg_1481                                                                    |    16|   0|    16|          0|
    |layer5_out_0_V_reg_1756                                                                    |    16|   0|    16|          0|
    +-------------------------------------------------------------------------------------------+------+----+------+-----------+
    |Total                                                                                      |  4002|   0|  4002|          0|
    +-------------------------------------------------------------------------------------------+------+----+------+-----------+



================================================================
== Interface
================================================================
* Summary: 
+-----------------------+-----+------+------------+----------------+--------------+
|       RTL Ports       | Dir | Bits |  Protocol  |  Source Object |    C Type    |
+-----------------------+-----+------+------------+----------------+--------------+
|ap_clk                 |  in |     1| ap_ctrl_hs |    myproject   | return value |
|ap_rst                 |  in |     1| ap_ctrl_hs |    myproject   | return value |
|ap_start               |  in |     1| ap_ctrl_hs |    myproject   | return value |
|ap_done                | out |     1| ap_ctrl_hs |    myproject   | return value |
|ap_idle                | out |     1| ap_ctrl_hs |    myproject   | return value |
|ap_ready               | out |     1| ap_ctrl_hs |    myproject   | return value |
|layer1_input_V         |  in |  1920|   ap_vld   | layer1_input_V |    pointer   |
|layer1_input_V_ap_vld  |  in |     1|   ap_vld   | layer1_input_V |    pointer   |
|layer6_out_0_V         | out |    16|   ap_vld   | layer6_out_0_V |    pointer   |
|layer6_out_0_V_ap_vld  | out |     1|   ap_vld   | layer6_out_0_V |    pointer   |
+-----------------------+-----+------+------------+----------------+--------------+

