

================================================================
== Vivado HLS Report for 'dense_array_ap_fixed_32u_array_ap_fixed_46_26_5_3_0_16u_config7_s'
================================================================
* Date:           Tue Nov 18 20:03:23 2025

* Version:        2019.1 (Build 2552052 on Fri May 24 15:28:33 MDT 2019)
* Project:        myproject_prj
* Solution:       solution1
* Product family: virtex7
* Target device:  xc7vx690t-ffg1761-2


================================================================
== Performance Estimates
================================================================
+ Timing (ns): 
    * Summary: 
    +--------+-------+----------+------------+
    |  Clock | Target| Estimated| Uncertainty|
    +--------+-------+----------+------------+
    |ap_clk  |   5.00|     4.890|        0.62|
    +--------+-------+----------+------------+

+ Latency (clock cycles): 
    * Summary: 
    +-----+-----+-----+-----+---------+
    |  Latency  |  Interval | Pipeline|
    | min | max | min | max |   Type  |
    +-----+-----+-----+-----+---------+
    |  132|  133|  132|  133|   none  |
    +-----+-----+-----+-----+---------+

    + Detail: 
        * Instance: 
        N/A

        * Loop: 
        N/A

============================================================
+ Verbose Summary: Synthesis Manager
============================================================
InlineROM: 1
ExposeGlobal: 0
============================================================
+ Verbose Summary: CDFG Model
============================================================
IsTopModel: 0
ResetActiveHigh: 1
IsCombinational: 2
IsDatapathOnly: 0
HasWiredReturn: 1
HasMFsm: 0
HasVarLatency: 1
IsPipeline: 0
IsRtlPipelined: 0
IsInstanceOverlapped: 0
IsDontTouch: 0
HasImplIP: 0
IsGatedGlobalClock: 0


============================================================
+ Verbose Summary: Schedule
============================================================
* Number of FSM states : 3
* Pipeline : 0
* Dataflow Pipeline: 0

* FSM state transitions: 
1 --> 2 
2 --> 3 
3 --> 

* FSM state operations: 

State 1 <SV = 0> <Delay = 3.03>
ST_1 : Operation 4 [1/1] (2.18ns)   --->   "%empty = call { i20, i20, i20, i20, i20, i20, i20, i20, i20, i20, i20, i20, i20, i20, i20, i20, i20, i20, i20, i20, i20, i20, i20, i20, i20, i20, i20, i20, i20, i20, i20, i20 } @_ssdm_op_Read.ap_fifo.volatile.i20P.i20P.i20P.i20P.i20P.i20P.i20P.i20P.i20P.i20P.i20P.i20P.i20P.i20P.i20P.i20P.i20P.i20P.i20P.i20P.i20P.i20P.i20P.i20P.i20P.i20P.i20P.i20P.i20P.i20P.i20P.i20P(i20* %data_stream_V_data_0_V, i20* %data_stream_V_data_1_V, i20* %data_stream_V_data_2_V, i20* %data_stream_V_data_3_V, i20* %data_stream_V_data_4_V, i20* %data_stream_V_data_5_V, i20* %data_stream_V_data_6_V, i20* %data_stream_V_data_7_V, i20* %data_stream_V_data_8_V, i20* %data_stream_V_data_9_V, i20* %data_stream_V_data_10_V, i20* %data_stream_V_data_11_V, i20* %data_stream_V_data_12_V, i20* %data_stream_V_data_13_V, i20* %data_stream_V_data_14_V, i20* %data_stream_V_data_15_V, i20* %data_stream_V_data_16_V, i20* %data_stream_V_data_17_V, i20* %data_stream_V_data_18_V, i20* %data_stream_V_data_19_V, i20* %data_stream_V_data_20_V, i20* %data_stream_V_data_21_V, i20* %data_stream_V_data_22_V, i20* %data_stream_V_data_23_V, i20* %data_stream_V_data_24_V, i20* %data_stream_V_data_25_V, i20* %data_stream_V_data_26_V, i20* %data_stream_V_data_27_V, i20* %data_stream_V_data_28_V, i20* %data_stream_V_data_29_V, i20* %data_stream_V_data_30_V, i20* %data_stream_V_data_31_V)" [firmware/nnet_utils/nnet_dense_stream.h:38]   --->   Operation 4 'read' 'empty' <Predicate = true> <Delay = 2.18> <Core = "FIFO">   --->   Core 32 'FIFO' <Latency = 0> <II = 1> <Delay = 2.39> <Storage> <Opcode : 'read' 'write' 'nbread' 'nbwrite'> <Ports = 0> <Width = 46> <Depth = 1> <FIFO>
ST_1 : Operation 5 [1/1] (0.00ns)   --->   "%data_0_V = extractvalue { i20, i20, i20, i20, i20, i20, i20, i20, i20, i20, i20, i20, i20, i20, i20, i20, i20, i20, i20, i20, i20, i20, i20, i20, i20, i20, i20, i20, i20, i20, i20, i20 } %empty, 0" [firmware/nnet_utils/nnet_dense_stream.h:38]   --->   Operation 5 'extractvalue' 'data_0_V' <Predicate = true> <Delay = 0.00>
ST_1 : Operation 6 [1/1] (0.00ns)   --->   "%data_1_V = extractvalue { i20, i20, i20, i20, i20, i20, i20, i20, i20, i20, i20, i20, i20, i20, i20, i20, i20, i20, i20, i20, i20, i20, i20, i20, i20, i20, i20, i20, i20, i20, i20, i20 } %empty, 1" [firmware/nnet_utils/nnet_dense_stream.h:38]   --->   Operation 6 'extractvalue' 'data_1_V' <Predicate = true> <Delay = 0.00>
ST_1 : Operation 7 [1/1] (0.00ns)   --->   "%data_2_V = extractvalue { i20, i20, i20, i20, i20, i20, i20, i20, i20, i20, i20, i20, i20, i20, i20, i20, i20, i20, i20, i20, i20, i20, i20, i20, i20, i20, i20, i20, i20, i20, i20, i20 } %empty, 2" [firmware/nnet_utils/nnet_dense_stream.h:38]   --->   Operation 7 'extractvalue' 'data_2_V' <Predicate = true> <Delay = 0.00>
ST_1 : Operation 8 [1/1] (0.00ns)   --->   "%data_3_V = extractvalue { i20, i20, i20, i20, i20, i20, i20, i20, i20, i20, i20, i20, i20, i20, i20, i20, i20, i20, i20, i20, i20, i20, i20, i20, i20, i20, i20, i20, i20, i20, i20, i20 } %empty, 3" [firmware/nnet_utils/nnet_dense_stream.h:38]   --->   Operation 8 'extractvalue' 'data_3_V' <Predicate = true> <Delay = 0.00>
ST_1 : Operation 9 [1/1] (0.00ns)   --->   "%data_4_V = extractvalue { i20, i20, i20, i20, i20, i20, i20, i20, i20, i20, i20, i20, i20, i20, i20, i20, i20, i20, i20, i20, i20, i20, i20, i20, i20, i20, i20, i20, i20, i20, i20, i20 } %empty, 4" [firmware/nnet_utils/nnet_dense_stream.h:38]   --->   Operation 9 'extractvalue' 'data_4_V' <Predicate = true> <Delay = 0.00>
ST_1 : Operation 10 [1/1] (0.00ns)   --->   "%data_5_V = extractvalue { i20, i20, i20, i20, i20, i20, i20, i20, i20, i20, i20, i20, i20, i20, i20, i20, i20, i20, i20, i20, i20, i20, i20, i20, i20, i20, i20, i20, i20, i20, i20, i20 } %empty, 5" [firmware/nnet_utils/nnet_dense_stream.h:38]   --->   Operation 10 'extractvalue' 'data_5_V' <Predicate = true> <Delay = 0.00>
ST_1 : Operation 11 [1/1] (0.00ns)   --->   "%data_6_V = extractvalue { i20, i20, i20, i20, i20, i20, i20, i20, i20, i20, i20, i20, i20, i20, i20, i20, i20, i20, i20, i20, i20, i20, i20, i20, i20, i20, i20, i20, i20, i20, i20, i20 } %empty, 6" [firmware/nnet_utils/nnet_dense_stream.h:38]   --->   Operation 11 'extractvalue' 'data_6_V' <Predicate = true> <Delay = 0.00>
ST_1 : Operation 12 [1/1] (0.00ns)   --->   "%data_7_V = extractvalue { i20, i20, i20, i20, i20, i20, i20, i20, i20, i20, i20, i20, i20, i20, i20, i20, i20, i20, i20, i20, i20, i20, i20, i20, i20, i20, i20, i20, i20, i20, i20, i20 } %empty, 7" [firmware/nnet_utils/nnet_dense_stream.h:38]   --->   Operation 12 'extractvalue' 'data_7_V' <Predicate = true> <Delay = 0.00>
ST_1 : Operation 13 [1/1] (0.00ns)   --->   "%data_8_V = extractvalue { i20, i20, i20, i20, i20, i20, i20, i20, i20, i20, i20, i20, i20, i20, i20, i20, i20, i20, i20, i20, i20, i20, i20, i20, i20, i20, i20, i20, i20, i20, i20, i20 } %empty, 8" [firmware/nnet_utils/nnet_dense_stream.h:38]   --->   Operation 13 'extractvalue' 'data_8_V' <Predicate = true> <Delay = 0.00>
ST_1 : Operation 14 [1/1] (0.00ns)   --->   "%data_9_V = extractvalue { i20, i20, i20, i20, i20, i20, i20, i20, i20, i20, i20, i20, i20, i20, i20, i20, i20, i20, i20, i20, i20, i20, i20, i20, i20, i20, i20, i20, i20, i20, i20, i20 } %empty, 9" [firmware/nnet_utils/nnet_dense_stream.h:38]   --->   Operation 14 'extractvalue' 'data_9_V' <Predicate = true> <Delay = 0.00>
ST_1 : Operation 15 [1/1] (0.00ns)   --->   "%data_10_V = extractvalue { i20, i20, i20, i20, i20, i20, i20, i20, i20, i20, i20, i20, i20, i20, i20, i20, i20, i20, i20, i20, i20, i20, i20, i20, i20, i20, i20, i20, i20, i20, i20, i20 } %empty, 10" [firmware/nnet_utils/nnet_dense_stream.h:38]   --->   Operation 15 'extractvalue' 'data_10_V' <Predicate = true> <Delay = 0.00>
ST_1 : Operation 16 [1/1] (0.00ns)   --->   "%data_11_V = extractvalue { i20, i20, i20, i20, i20, i20, i20, i20, i20, i20, i20, i20, i20, i20, i20, i20, i20, i20, i20, i20, i20, i20, i20, i20, i20, i20, i20, i20, i20, i20, i20, i20 } %empty, 11" [firmware/nnet_utils/nnet_dense_stream.h:38]   --->   Operation 16 'extractvalue' 'data_11_V' <Predicate = true> <Delay = 0.00>
ST_1 : Operation 17 [1/1] (0.00ns)   --->   "%data_12_V = extractvalue { i20, i20, i20, i20, i20, i20, i20, i20, i20, i20, i20, i20, i20, i20, i20, i20, i20, i20, i20, i20, i20, i20, i20, i20, i20, i20, i20, i20, i20, i20, i20, i20 } %empty, 12" [firmware/nnet_utils/nnet_dense_stream.h:38]   --->   Operation 17 'extractvalue' 'data_12_V' <Predicate = true> <Delay = 0.00>
ST_1 : Operation 18 [1/1] (0.00ns)   --->   "%data_13_V = extractvalue { i20, i20, i20, i20, i20, i20, i20, i20, i20, i20, i20, i20, i20, i20, i20, i20, i20, i20, i20, i20, i20, i20, i20, i20, i20, i20, i20, i20, i20, i20, i20, i20 } %empty, 13" [firmware/nnet_utils/nnet_dense_stream.h:38]   --->   Operation 18 'extractvalue' 'data_13_V' <Predicate = true> <Delay = 0.00>
ST_1 : Operation 19 [1/1] (0.00ns)   --->   "%data_14_V = extractvalue { i20, i20, i20, i20, i20, i20, i20, i20, i20, i20, i20, i20, i20, i20, i20, i20, i20, i20, i20, i20, i20, i20, i20, i20, i20, i20, i20, i20, i20, i20, i20, i20 } %empty, 14" [firmware/nnet_utils/nnet_dense_stream.h:38]   --->   Operation 19 'extractvalue' 'data_14_V' <Predicate = true> <Delay = 0.00>
ST_1 : Operation 20 [1/1] (0.00ns)   --->   "%data_15_V = extractvalue { i20, i20, i20, i20, i20, i20, i20, i20, i20, i20, i20, i20, i20, i20, i20, i20, i20, i20, i20, i20, i20, i20, i20, i20, i20, i20, i20, i20, i20, i20, i20, i20 } %empty, 15" [firmware/nnet_utils/nnet_dense_stream.h:38]   --->   Operation 20 'extractvalue' 'data_15_V' <Predicate = true> <Delay = 0.00>
ST_1 : Operation 21 [1/1] (0.00ns)   --->   "%data_16_V = extractvalue { i20, i20, i20, i20, i20, i20, i20, i20, i20, i20, i20, i20, i20, i20, i20, i20, i20, i20, i20, i20, i20, i20, i20, i20, i20, i20, i20, i20, i20, i20, i20, i20 } %empty, 16" [firmware/nnet_utils/nnet_dense_stream.h:38]   --->   Operation 21 'extractvalue' 'data_16_V' <Predicate = true> <Delay = 0.00>
ST_1 : Operation 22 [1/1] (0.00ns)   --->   "%data_17_V = extractvalue { i20, i20, i20, i20, i20, i20, i20, i20, i20, i20, i20, i20, i20, i20, i20, i20, i20, i20, i20, i20, i20, i20, i20, i20, i20, i20, i20, i20, i20, i20, i20, i20 } %empty, 17" [firmware/nnet_utils/nnet_dense_stream.h:38]   --->   Operation 22 'extractvalue' 'data_17_V' <Predicate = true> <Delay = 0.00>
ST_1 : Operation 23 [1/1] (0.00ns)   --->   "%data_18_V = extractvalue { i20, i20, i20, i20, i20, i20, i20, i20, i20, i20, i20, i20, i20, i20, i20, i20, i20, i20, i20, i20, i20, i20, i20, i20, i20, i20, i20, i20, i20, i20, i20, i20 } %empty, 18" [firmware/nnet_utils/nnet_dense_stream.h:38]   --->   Operation 23 'extractvalue' 'data_18_V' <Predicate = true> <Delay = 0.00>
ST_1 : Operation 24 [1/1] (0.00ns)   --->   "%data_19_V = extractvalue { i20, i20, i20, i20, i20, i20, i20, i20, i20, i20, i20, i20, i20, i20, i20, i20, i20, i20, i20, i20, i20, i20, i20, i20, i20, i20, i20, i20, i20, i20, i20, i20 } %empty, 19" [firmware/nnet_utils/nnet_dense_stream.h:38]   --->   Operation 24 'extractvalue' 'data_19_V' <Predicate = true> <Delay = 0.00>
ST_1 : Operation 25 [1/1] (0.00ns)   --->   "%data_20_V = extractvalue { i20, i20, i20, i20, i20, i20, i20, i20, i20, i20, i20, i20, i20, i20, i20, i20, i20, i20, i20, i20, i20, i20, i20, i20, i20, i20, i20, i20, i20, i20, i20, i20 } %empty, 20" [firmware/nnet_utils/nnet_dense_stream.h:38]   --->   Operation 25 'extractvalue' 'data_20_V' <Predicate = true> <Delay = 0.00>
ST_1 : Operation 26 [1/1] (0.00ns)   --->   "%data_21_V = extractvalue { i20, i20, i20, i20, i20, i20, i20, i20, i20, i20, i20, i20, i20, i20, i20, i20, i20, i20, i20, i20, i20, i20, i20, i20, i20, i20, i20, i20, i20, i20, i20, i20 } %empty, 21" [firmware/nnet_utils/nnet_dense_stream.h:38]   --->   Operation 26 'extractvalue' 'data_21_V' <Predicate = true> <Delay = 0.00>
ST_1 : Operation 27 [1/1] (0.00ns)   --->   "%data_22_V = extractvalue { i20, i20, i20, i20, i20, i20, i20, i20, i20, i20, i20, i20, i20, i20, i20, i20, i20, i20, i20, i20, i20, i20, i20, i20, i20, i20, i20, i20, i20, i20, i20, i20 } %empty, 22" [firmware/nnet_utils/nnet_dense_stream.h:38]   --->   Operation 27 'extractvalue' 'data_22_V' <Predicate = true> <Delay = 0.00>
ST_1 : Operation 28 [1/1] (0.00ns)   --->   "%data_23_V = extractvalue { i20, i20, i20, i20, i20, i20, i20, i20, i20, i20, i20, i20, i20, i20, i20, i20, i20, i20, i20, i20, i20, i20, i20, i20, i20, i20, i20, i20, i20, i20, i20, i20 } %empty, 23" [firmware/nnet_utils/nnet_dense_stream.h:38]   --->   Operation 28 'extractvalue' 'data_23_V' <Predicate = true> <Delay = 0.00>
ST_1 : Operation 29 [1/1] (0.00ns)   --->   "%data_24_V = extractvalue { i20, i20, i20, i20, i20, i20, i20, i20, i20, i20, i20, i20, i20, i20, i20, i20, i20, i20, i20, i20, i20, i20, i20, i20, i20, i20, i20, i20, i20, i20, i20, i20 } %empty, 24" [firmware/nnet_utils/nnet_dense_stream.h:38]   --->   Operation 29 'extractvalue' 'data_24_V' <Predicate = true> <Delay = 0.00>
ST_1 : Operation 30 [1/1] (0.00ns)   --->   "%data_25_V = extractvalue { i20, i20, i20, i20, i20, i20, i20, i20, i20, i20, i20, i20, i20, i20, i20, i20, i20, i20, i20, i20, i20, i20, i20, i20, i20, i20, i20, i20, i20, i20, i20, i20 } %empty, 25" [firmware/nnet_utils/nnet_dense_stream.h:38]   --->   Operation 30 'extractvalue' 'data_25_V' <Predicate = true> <Delay = 0.00>
ST_1 : Operation 31 [1/1] (0.00ns)   --->   "%data_26_V = extractvalue { i20, i20, i20, i20, i20, i20, i20, i20, i20, i20, i20, i20, i20, i20, i20, i20, i20, i20, i20, i20, i20, i20, i20, i20, i20, i20, i20, i20, i20, i20, i20, i20 } %empty, 26" [firmware/nnet_utils/nnet_dense_stream.h:38]   --->   Operation 31 'extractvalue' 'data_26_V' <Predicate = true> <Delay = 0.00>
ST_1 : Operation 32 [1/1] (0.00ns)   --->   "%data_27_V = extractvalue { i20, i20, i20, i20, i20, i20, i20, i20, i20, i20, i20, i20, i20, i20, i20, i20, i20, i20, i20, i20, i20, i20, i20, i20, i20, i20, i20, i20, i20, i20, i20, i20 } %empty, 27" [firmware/nnet_utils/nnet_dense_stream.h:38]   --->   Operation 32 'extractvalue' 'data_27_V' <Predicate = true> <Delay = 0.00>
ST_1 : Operation 33 [1/1] (0.00ns)   --->   "%data_28_V = extractvalue { i20, i20, i20, i20, i20, i20, i20, i20, i20, i20, i20, i20, i20, i20, i20, i20, i20, i20, i20, i20, i20, i20, i20, i20, i20, i20, i20, i20, i20, i20, i20, i20 } %empty, 28" [firmware/nnet_utils/nnet_dense_stream.h:38]   --->   Operation 33 'extractvalue' 'data_28_V' <Predicate = true> <Delay = 0.00>
ST_1 : Operation 34 [1/1] (0.00ns)   --->   "%data_29_V = extractvalue { i20, i20, i20, i20, i20, i20, i20, i20, i20, i20, i20, i20, i20, i20, i20, i20, i20, i20, i20, i20, i20, i20, i20, i20, i20, i20, i20, i20, i20, i20, i20, i20 } %empty, 29" [firmware/nnet_utils/nnet_dense_stream.h:38]   --->   Operation 34 'extractvalue' 'data_29_V' <Predicate = true> <Delay = 0.00>
ST_1 : Operation 35 [1/1] (0.00ns)   --->   "%data_30_V = extractvalue { i20, i20, i20, i20, i20, i20, i20, i20, i20, i20, i20, i20, i20, i20, i20, i20, i20, i20, i20, i20, i20, i20, i20, i20, i20, i20, i20, i20, i20, i20, i20, i20 } %empty, 30" [firmware/nnet_utils/nnet_dense_stream.h:38]   --->   Operation 35 'extractvalue' 'data_30_V' <Predicate = true> <Delay = 0.00>
ST_1 : Operation 36 [1/1] (0.00ns)   --->   "%data_31_V = extractvalue { i20, i20, i20, i20, i20, i20, i20, i20, i20, i20, i20, i20, i20, i20, i20, i20, i20, i20, i20, i20, i20, i20, i20, i20, i20, i20, i20, i20, i20, i20, i20, i20 } %empty, 31" [firmware/nnet_utils/nnet_dense_stream.h:38]   --->   Operation 36 'extractvalue' 'data_31_V' <Predicate = true> <Delay = 0.00>
ST_1 : Operation 37 [2/2] (0.85ns)   --->   "%call_ret = call fastcc { i46, i46, i46, i46, i46, i46, i46, i46, i46, i46, i46, i46, i46, i46, i46, i46 } @"dense_wrapper<ap_fixed<20, 10, 5, 3, 0>, ap_fixed<46, 26, 5, 3, 0>, config7>"(i20 %data_0_V, i20 %data_1_V, i20 %data_2_V, i20 %data_3_V, i20 %data_4_V, i20 %data_5_V, i20 %data_6_V, i20 %data_7_V, i20 %data_8_V, i20 %data_9_V, i20 %data_10_V, i20 %data_11_V, i20 %data_12_V, i20 %data_13_V, i20 %data_14_V, i20 %data_15_V, i20 %data_16_V, i20 %data_17_V, i20 %data_18_V, i20 %data_19_V, i20 %data_20_V, i20 %data_21_V, i20 %data_22_V, i20 %data_23_V, i20 %data_24_V, i20 %data_25_V, i20 %data_26_V, i20 %data_27_V, i20 %data_28_V, i20 %data_29_V, i20 %data_30_V, i20 %data_31_V)" [firmware/nnet_utils/nnet_dense_stream.h:46]   --->   Operation 37 'call' 'call_ret' <Predicate = true> <Delay = 0.85> <CoreType = "Generic">   --->   Core 0 '' <Latency = 0> <II = 1> <Delay = 1.00> <Generic> <Opcode : >

State 2 <SV = 1> <Delay = 3.27>
ST_2 : Operation 38 [1/2] (3.27ns)   --->   "%call_ret = call fastcc { i46, i46, i46, i46, i46, i46, i46, i46, i46, i46, i46, i46, i46, i46, i46, i46 } @"dense_wrapper<ap_fixed<20, 10, 5, 3, 0>, ap_fixed<46, 26, 5, 3, 0>, config7>"(i20 %data_0_V, i20 %data_1_V, i20 %data_2_V, i20 %data_3_V, i20 %data_4_V, i20 %data_5_V, i20 %data_6_V, i20 %data_7_V, i20 %data_8_V, i20 %data_9_V, i20 %data_10_V, i20 %data_11_V, i20 %data_12_V, i20 %data_13_V, i20 %data_14_V, i20 %data_15_V, i20 %data_16_V, i20 %data_17_V, i20 %data_18_V, i20 %data_19_V, i20 %data_20_V, i20 %data_21_V, i20 %data_22_V, i20 %data_23_V, i20 %data_24_V, i20 %data_25_V, i20 %data_26_V, i20 %data_27_V, i20 %data_28_V, i20 %data_29_V, i20 %data_30_V, i20 %data_31_V)" [firmware/nnet_utils/nnet_dense_stream.h:46]   --->   Operation 38 'call' 'call_ret' <Predicate = true> <Delay = 3.27> <CoreType = "Generic">   --->   Core 0 '' <Latency = 0> <II = 1> <Delay = 1.00> <Generic> <Opcode : >
ST_2 : Operation 39 [1/1] (0.00ns)   --->   "%tmp_data_0_V = extractvalue { i46, i46, i46, i46, i46, i46, i46, i46, i46, i46, i46, i46, i46, i46, i46, i46 } %call_ret, 0" [firmware/nnet_utils/nnet_dense_stream.h:46]   --->   Operation 39 'extractvalue' 'tmp_data_0_V' <Predicate = true> <Delay = 0.00>
ST_2 : Operation 40 [1/1] (0.00ns)   --->   "%tmp_data_1_V = extractvalue { i46, i46, i46, i46, i46, i46, i46, i46, i46, i46, i46, i46, i46, i46, i46, i46 } %call_ret, 1" [firmware/nnet_utils/nnet_dense_stream.h:46]   --->   Operation 40 'extractvalue' 'tmp_data_1_V' <Predicate = true> <Delay = 0.00>
ST_2 : Operation 41 [1/1] (0.00ns)   --->   "%tmp_data_2_V = extractvalue { i46, i46, i46, i46, i46, i46, i46, i46, i46, i46, i46, i46, i46, i46, i46, i46 } %call_ret, 2" [firmware/nnet_utils/nnet_dense_stream.h:46]   --->   Operation 41 'extractvalue' 'tmp_data_2_V' <Predicate = true> <Delay = 0.00>
ST_2 : Operation 42 [1/1] (0.00ns)   --->   "%tmp_data_3_V = extractvalue { i46, i46, i46, i46, i46, i46, i46, i46, i46, i46, i46, i46, i46, i46, i46, i46 } %call_ret, 3" [firmware/nnet_utils/nnet_dense_stream.h:46]   --->   Operation 42 'extractvalue' 'tmp_data_3_V' <Predicate = true> <Delay = 0.00>
ST_2 : Operation 43 [1/1] (0.00ns)   --->   "%tmp_data_4_V = extractvalue { i46, i46, i46, i46, i46, i46, i46, i46, i46, i46, i46, i46, i46, i46, i46, i46 } %call_ret, 4" [firmware/nnet_utils/nnet_dense_stream.h:46]   --->   Operation 43 'extractvalue' 'tmp_data_4_V' <Predicate = true> <Delay = 0.00>
ST_2 : Operation 44 [1/1] (0.00ns)   --->   "%tmp_data_5_V = extractvalue { i46, i46, i46, i46, i46, i46, i46, i46, i46, i46, i46, i46, i46, i46, i46, i46 } %call_ret, 5" [firmware/nnet_utils/nnet_dense_stream.h:46]   --->   Operation 44 'extractvalue' 'tmp_data_5_V' <Predicate = true> <Delay = 0.00>
ST_2 : Operation 45 [1/1] (0.00ns)   --->   "%tmp_data_6_V = extractvalue { i46, i46, i46, i46, i46, i46, i46, i46, i46, i46, i46, i46, i46, i46, i46, i46 } %call_ret, 6" [firmware/nnet_utils/nnet_dense_stream.h:46]   --->   Operation 45 'extractvalue' 'tmp_data_6_V' <Predicate = true> <Delay = 0.00>
ST_2 : Operation 46 [1/1] (0.00ns)   --->   "%tmp_data_7_V = extractvalue { i46, i46, i46, i46, i46, i46, i46, i46, i46, i46, i46, i46, i46, i46, i46, i46 } %call_ret, 7" [firmware/nnet_utils/nnet_dense_stream.h:46]   --->   Operation 46 'extractvalue' 'tmp_data_7_V' <Predicate = true> <Delay = 0.00>
ST_2 : Operation 47 [1/1] (0.00ns)   --->   "%tmp_data_8_V = extractvalue { i46, i46, i46, i46, i46, i46, i46, i46, i46, i46, i46, i46, i46, i46, i46, i46 } %call_ret, 8" [firmware/nnet_utils/nnet_dense_stream.h:46]   --->   Operation 47 'extractvalue' 'tmp_data_8_V' <Predicate = true> <Delay = 0.00>
ST_2 : Operation 48 [1/1] (0.00ns)   --->   "%tmp_data_9_V = extractvalue { i46, i46, i46, i46, i46, i46, i46, i46, i46, i46, i46, i46, i46, i46, i46, i46 } %call_ret, 9" [firmware/nnet_utils/nnet_dense_stream.h:46]   --->   Operation 48 'extractvalue' 'tmp_data_9_V' <Predicate = true> <Delay = 0.00>
ST_2 : Operation 49 [1/1] (0.00ns)   --->   "%tmp_data_10_V = extractvalue { i46, i46, i46, i46, i46, i46, i46, i46, i46, i46, i46, i46, i46, i46, i46, i46 } %call_ret, 10" [firmware/nnet_utils/nnet_dense_stream.h:46]   --->   Operation 49 'extractvalue' 'tmp_data_10_V' <Predicate = true> <Delay = 0.00>
ST_2 : Operation 50 [1/1] (0.00ns)   --->   "%tmp_data_11_V = extractvalue { i46, i46, i46, i46, i46, i46, i46, i46, i46, i46, i46, i46, i46, i46, i46, i46 } %call_ret, 11" [firmware/nnet_utils/nnet_dense_stream.h:46]   --->   Operation 50 'extractvalue' 'tmp_data_11_V' <Predicate = true> <Delay = 0.00>
ST_2 : Operation 51 [1/1] (0.00ns)   --->   "%tmp_data_12_V = extractvalue { i46, i46, i46, i46, i46, i46, i46, i46, i46, i46, i46, i46, i46, i46, i46, i46 } %call_ret, 12" [firmware/nnet_utils/nnet_dense_stream.h:46]   --->   Operation 51 'extractvalue' 'tmp_data_12_V' <Predicate = true> <Delay = 0.00>
ST_2 : Operation 52 [1/1] (0.00ns)   --->   "%tmp_data_13_V = extractvalue { i46, i46, i46, i46, i46, i46, i46, i46, i46, i46, i46, i46, i46, i46, i46, i46 } %call_ret, 13" [firmware/nnet_utils/nnet_dense_stream.h:46]   --->   Operation 52 'extractvalue' 'tmp_data_13_V' <Predicate = true> <Delay = 0.00>
ST_2 : Operation 53 [1/1] (0.00ns)   --->   "%tmp_data_14_V = extractvalue { i46, i46, i46, i46, i46, i46, i46, i46, i46, i46, i46, i46, i46, i46, i46, i46 } %call_ret, 14" [firmware/nnet_utils/nnet_dense_stream.h:46]   --->   Operation 53 'extractvalue' 'tmp_data_14_V' <Predicate = true> <Delay = 0.00>
ST_2 : Operation 54 [1/1] (0.00ns)   --->   "%tmp_data_15_V = extractvalue { i46, i46, i46, i46, i46, i46, i46, i46, i46, i46, i46, i46, i46, i46, i46, i46 } %call_ret, 15" [firmware/nnet_utils/nnet_dense_stream.h:46]   --->   Operation 54 'extractvalue' 'tmp_data_15_V' <Predicate = true> <Delay = 0.00>

State 3 <SV = 2> <Delay = 2.18>
ST_3 : Operation 55 [1/1] (0.00ns)   --->   "call void (...)* @_ssdm_op_SpecInterface(i46* %res_stream_V_data_15_V, [8 x i8]* @ap_fifo_str, i32 0, i32 0, [1 x i8]* @p_str1068, i32 0, i32 0, [1 x i8]* @p_str1069, [1 x i8]* @p_str1070, [1 x i8]* @p_str1071, i32 2, i32 2, i32 16, i32 16, [1 x i8]* @p_str1072, [1 x i8]* @p_str1073)"   --->   Operation 55 'specinterface' <Predicate = true> <Delay = 0.00>
ST_3 : Operation 56 [1/1] (0.00ns)   --->   "call void (...)* @_ssdm_op_SpecInterface(i46* %res_stream_V_data_14_V, [8 x i8]* @ap_fifo_str, i32 0, i32 0, [1 x i8]* @p_str1061, i32 0, i32 0, [1 x i8]* @p_str1062, [1 x i8]* @p_str1063, [1 x i8]* @p_str1064, i32 2, i32 2, i32 16, i32 16, [1 x i8]* @p_str1065, [1 x i8]* @p_str1066)"   --->   Operation 56 'specinterface' <Predicate = true> <Delay = 0.00>
ST_3 : Operation 57 [1/1] (0.00ns)   --->   "call void (...)* @_ssdm_op_SpecInterface(i46* %res_stream_V_data_13_V, [8 x i8]* @ap_fifo_str, i32 0, i32 0, [1 x i8]* @p_str1054, i32 0, i32 0, [1 x i8]* @p_str1055, [1 x i8]* @p_str1056, [1 x i8]* @p_str1057, i32 2, i32 2, i32 16, i32 16, [1 x i8]* @p_str1058, [1 x i8]* @p_str1059)"   --->   Operation 57 'specinterface' <Predicate = true> <Delay = 0.00>
ST_3 : Operation 58 [1/1] (0.00ns)   --->   "call void (...)* @_ssdm_op_SpecInterface(i46* %res_stream_V_data_12_V, [8 x i8]* @ap_fifo_str, i32 0, i32 0, [1 x i8]* @p_str1047, i32 0, i32 0, [1 x i8]* @p_str1048, [1 x i8]* @p_str1049, [1 x i8]* @p_str1050, i32 2, i32 2, i32 16, i32 16, [1 x i8]* @p_str1051, [1 x i8]* @p_str1052)"   --->   Operation 58 'specinterface' <Predicate = true> <Delay = 0.00>
ST_3 : Operation 59 [1/1] (0.00ns)   --->   "call void (...)* @_ssdm_op_SpecInterface(i46* %res_stream_V_data_11_V, [8 x i8]* @ap_fifo_str, i32 0, i32 0, [1 x i8]* @p_str1040, i32 0, i32 0, [1 x i8]* @p_str1041, [1 x i8]* @p_str1042, [1 x i8]* @p_str1043, i32 2, i32 2, i32 16, i32 16, [1 x i8]* @p_str1044, [1 x i8]* @p_str1045)"   --->   Operation 59 'specinterface' <Predicate = true> <Delay = 0.00>
ST_3 : Operation 60 [1/1] (0.00ns)   --->   "call void (...)* @_ssdm_op_SpecInterface(i46* %res_stream_V_data_10_V, [8 x i8]* @ap_fifo_str, i32 0, i32 0, [1 x i8]* @p_str1033, i32 0, i32 0, [1 x i8]* @p_str1034, [1 x i8]* @p_str1035, [1 x i8]* @p_str1036, i32 2, i32 2, i32 16, i32 16, [1 x i8]* @p_str1037, [1 x i8]* @p_str1038)"   --->   Operation 60 'specinterface' <Predicate = true> <Delay = 0.00>
ST_3 : Operation 61 [1/1] (0.00ns)   --->   "call void (...)* @_ssdm_op_SpecInterface(i46* %res_stream_V_data_9_V, [8 x i8]* @ap_fifo_str, i32 0, i32 0, [1 x i8]* @p_str1026, i32 0, i32 0, [1 x i8]* @p_str1027, [1 x i8]* @p_str1028, [1 x i8]* @p_str1029, i32 2, i32 2, i32 16, i32 16, [1 x i8]* @p_str1030, [1 x i8]* @p_str1031)"   --->   Operation 61 'specinterface' <Predicate = true> <Delay = 0.00>
ST_3 : Operation 62 [1/1] (0.00ns)   --->   "call void (...)* @_ssdm_op_SpecInterface(i46* %res_stream_V_data_8_V, [8 x i8]* @ap_fifo_str, i32 0, i32 0, [1 x i8]* @p_str1019, i32 0, i32 0, [1 x i8]* @p_str1020, [1 x i8]* @p_str1021, [1 x i8]* @p_str1022, i32 2, i32 2, i32 16, i32 16, [1 x i8]* @p_str1023, [1 x i8]* @p_str1024)"   --->   Operation 62 'specinterface' <Predicate = true> <Delay = 0.00>
ST_3 : Operation 63 [1/1] (0.00ns)   --->   "call void (...)* @_ssdm_op_SpecInterface(i46* %res_stream_V_data_7_V, [8 x i8]* @ap_fifo_str, i32 0, i32 0, [1 x i8]* @p_str1012, i32 0, i32 0, [1 x i8]* @p_str1013, [1 x i8]* @p_str1014, [1 x i8]* @p_str1015, i32 2, i32 2, i32 16, i32 16, [1 x i8]* @p_str1016, [1 x i8]* @p_str1017)"   --->   Operation 63 'specinterface' <Predicate = true> <Delay = 0.00>
ST_3 : Operation 64 [1/1] (0.00ns)   --->   "call void (...)* @_ssdm_op_SpecInterface(i46* %res_stream_V_data_6_V, [8 x i8]* @ap_fifo_str, i32 0, i32 0, [1 x i8]* @p_str1005, i32 0, i32 0, [1 x i8]* @p_str1006, [1 x i8]* @p_str1007, [1 x i8]* @p_str1008, i32 2, i32 2, i32 16, i32 16, [1 x i8]* @p_str1009, [1 x i8]* @p_str1010)"   --->   Operation 64 'specinterface' <Predicate = true> <Delay = 0.00>
ST_3 : Operation 65 [1/1] (0.00ns)   --->   "call void (...)* @_ssdm_op_SpecInterface(i46* %res_stream_V_data_5_V, [8 x i8]* @ap_fifo_str, i32 0, i32 0, [1 x i8]* @p_str998, i32 0, i32 0, [1 x i8]* @p_str999, [1 x i8]* @p_str1000, [1 x i8]* @p_str1001, i32 2, i32 2, i32 16, i32 16, [1 x i8]* @p_str1002, [1 x i8]* @p_str1003)"   --->   Operation 65 'specinterface' <Predicate = true> <Delay = 0.00>
ST_3 : Operation 66 [1/1] (0.00ns)   --->   "call void (...)* @_ssdm_op_SpecInterface(i46* %res_stream_V_data_4_V, [8 x i8]* @ap_fifo_str, i32 0, i32 0, [1 x i8]* @p_str991, i32 0, i32 0, [1 x i8]* @p_str992, [1 x i8]* @p_str993, [1 x i8]* @p_str994, i32 2, i32 2, i32 16, i32 16, [1 x i8]* @p_str995, [1 x i8]* @p_str996)"   --->   Operation 66 'specinterface' <Predicate = true> <Delay = 0.00>
ST_3 : Operation 67 [1/1] (0.00ns)   --->   "call void (...)* @_ssdm_op_SpecInterface(i46* %res_stream_V_data_3_V, [8 x i8]* @ap_fifo_str, i32 0, i32 0, [1 x i8]* @p_str984, i32 0, i32 0, [1 x i8]* @p_str985, [1 x i8]* @p_str986, [1 x i8]* @p_str987, i32 2, i32 2, i32 16, i32 16, [1 x i8]* @p_str988, [1 x i8]* @p_str989)"   --->   Operation 67 'specinterface' <Predicate = true> <Delay = 0.00>
ST_3 : Operation 68 [1/1] (0.00ns)   --->   "call void (...)* @_ssdm_op_SpecInterface(i46* %res_stream_V_data_2_V, [8 x i8]* @ap_fifo_str, i32 0, i32 0, [1 x i8]* @p_str977, i32 0, i32 0, [1 x i8]* @p_str978, [1 x i8]* @p_str979, [1 x i8]* @p_str980, i32 2, i32 2, i32 16, i32 16, [1 x i8]* @p_str981, [1 x i8]* @p_str982)"   --->   Operation 68 'specinterface' <Predicate = true> <Delay = 0.00>
ST_3 : Operation 69 [1/1] (0.00ns)   --->   "call void (...)* @_ssdm_op_SpecInterface(i46* %res_stream_V_data_1_V, [8 x i8]* @ap_fifo_str, i32 0, i32 0, [1 x i8]* @p_str970, i32 0, i32 0, [1 x i8]* @p_str971, [1 x i8]* @p_str972, [1 x i8]* @p_str973, i32 2, i32 2, i32 16, i32 16, [1 x i8]* @p_str974, [1 x i8]* @p_str975)"   --->   Operation 69 'specinterface' <Predicate = true> <Delay = 0.00>
ST_3 : Operation 70 [1/1] (0.00ns)   --->   "call void (...)* @_ssdm_op_SpecInterface(i46* %res_stream_V_data_0_V, [8 x i8]* @ap_fifo_str, i32 0, i32 0, [1 x i8]* @p_str963, i32 0, i32 0, [1 x i8]* @p_str964, [1 x i8]* @p_str965, [1 x i8]* @p_str966, i32 2, i32 2, i32 16, i32 16, [1 x i8]* @p_str967, [1 x i8]* @p_str968)"   --->   Operation 70 'specinterface' <Predicate = true> <Delay = 0.00>
ST_3 : Operation 71 [1/1] (0.00ns)   --->   "call void (...)* @_ssdm_op_SpecInterface(i20* %data_stream_V_data_31_V, [8 x i8]* @ap_fifo_str, i32 0, i32 0, [1 x i8]* @p_str956, i32 0, i32 0, [1 x i8]* @p_str957, [1 x i8]* @p_str958, [1 x i8]* @p_str959, i32 2, i32 2, i32 16, i32 16, [1 x i8]* @p_str960, [1 x i8]* @p_str961)"   --->   Operation 71 'specinterface' <Predicate = true> <Delay = 0.00>
ST_3 : Operation 72 [1/1] (0.00ns)   --->   "call void (...)* @_ssdm_op_SpecInterface(i20* %data_stream_V_data_30_V, [8 x i8]* @ap_fifo_str, i32 0, i32 0, [1 x i8]* @p_str949, i32 0, i32 0, [1 x i8]* @p_str950, [1 x i8]* @p_str951, [1 x i8]* @p_str952, i32 2, i32 2, i32 16, i32 16, [1 x i8]* @p_str953, [1 x i8]* @p_str954)"   --->   Operation 72 'specinterface' <Predicate = true> <Delay = 0.00>
ST_3 : Operation 73 [1/1] (0.00ns)   --->   "call void (...)* @_ssdm_op_SpecInterface(i20* %data_stream_V_data_29_V, [8 x i8]* @ap_fifo_str, i32 0, i32 0, [1 x i8]* @p_str942, i32 0, i32 0, [1 x i8]* @p_str943, [1 x i8]* @p_str944, [1 x i8]* @p_str945, i32 2, i32 2, i32 16, i32 16, [1 x i8]* @p_str946, [1 x i8]* @p_str947)"   --->   Operation 73 'specinterface' <Predicate = true> <Delay = 0.00>
ST_3 : Operation 74 [1/1] (0.00ns)   --->   "call void (...)* @_ssdm_op_SpecInterface(i20* %data_stream_V_data_28_V, [8 x i8]* @ap_fifo_str, i32 0, i32 0, [1 x i8]* @p_str935, i32 0, i32 0, [1 x i8]* @p_str936, [1 x i8]* @p_str937, [1 x i8]* @p_str938, i32 2, i32 2, i32 16, i32 16, [1 x i8]* @p_str939, [1 x i8]* @p_str940)"   --->   Operation 74 'specinterface' <Predicate = true> <Delay = 0.00>
ST_3 : Operation 75 [1/1] (0.00ns)   --->   "call void (...)* @_ssdm_op_SpecInterface(i20* %data_stream_V_data_27_V, [8 x i8]* @ap_fifo_str, i32 0, i32 0, [1 x i8]* @p_str928, i32 0, i32 0, [1 x i8]* @p_str929, [1 x i8]* @p_str930, [1 x i8]* @p_str931, i32 2, i32 2, i32 16, i32 16, [1 x i8]* @p_str932, [1 x i8]* @p_str933)"   --->   Operation 75 'specinterface' <Predicate = true> <Delay = 0.00>
ST_3 : Operation 76 [1/1] (0.00ns)   --->   "call void (...)* @_ssdm_op_SpecInterface(i20* %data_stream_V_data_26_V, [8 x i8]* @ap_fifo_str, i32 0, i32 0, [1 x i8]* @p_str921, i32 0, i32 0, [1 x i8]* @p_str922, [1 x i8]* @p_str923, [1 x i8]* @p_str924, i32 2, i32 2, i32 16, i32 16, [1 x i8]* @p_str925, [1 x i8]* @p_str926)"   --->   Operation 76 'specinterface' <Predicate = true> <Delay = 0.00>
ST_3 : Operation 77 [1/1] (0.00ns)   --->   "call void (...)* @_ssdm_op_SpecInterface(i20* %data_stream_V_data_25_V, [8 x i8]* @ap_fifo_str, i32 0, i32 0, [1 x i8]* @p_str914, i32 0, i32 0, [1 x i8]* @p_str915, [1 x i8]* @p_str916, [1 x i8]* @p_str917, i32 2, i32 2, i32 16, i32 16, [1 x i8]* @p_str918, [1 x i8]* @p_str919)"   --->   Operation 77 'specinterface' <Predicate = true> <Delay = 0.00>
ST_3 : Operation 78 [1/1] (0.00ns)   --->   "call void (...)* @_ssdm_op_SpecInterface(i20* %data_stream_V_data_24_V, [8 x i8]* @ap_fifo_str, i32 0, i32 0, [1 x i8]* @p_str907, i32 0, i32 0, [1 x i8]* @p_str908, [1 x i8]* @p_str909, [1 x i8]* @p_str910, i32 2, i32 2, i32 16, i32 16, [1 x i8]* @p_str911, [1 x i8]* @p_str912)"   --->   Operation 78 'specinterface' <Predicate = true> <Delay = 0.00>
ST_3 : Operation 79 [1/1] (0.00ns)   --->   "call void (...)* @_ssdm_op_SpecInterface(i20* %data_stream_V_data_23_V, [8 x i8]* @ap_fifo_str, i32 0, i32 0, [1 x i8]* @p_str900, i32 0, i32 0, [1 x i8]* @p_str901, [1 x i8]* @p_str902, [1 x i8]* @p_str903, i32 2, i32 2, i32 16, i32 16, [1 x i8]* @p_str904, [1 x i8]* @p_str905)"   --->   Operation 79 'specinterface' <Predicate = true> <Delay = 0.00>
ST_3 : Operation 80 [1/1] (0.00ns)   --->   "call void (...)* @_ssdm_op_SpecInterface(i20* %data_stream_V_data_22_V, [8 x i8]* @ap_fifo_str, i32 0, i32 0, [1 x i8]* @p_str893, i32 0, i32 0, [1 x i8]* @p_str894, [1 x i8]* @p_str895, [1 x i8]* @p_str896, i32 2, i32 2, i32 16, i32 16, [1 x i8]* @p_str897, [1 x i8]* @p_str898)"   --->   Operation 80 'specinterface' <Predicate = true> <Delay = 0.00>
ST_3 : Operation 81 [1/1] (0.00ns)   --->   "call void (...)* @_ssdm_op_SpecInterface(i20* %data_stream_V_data_21_V, [8 x i8]* @ap_fifo_str, i32 0, i32 0, [1 x i8]* @p_str886, i32 0, i32 0, [1 x i8]* @p_str887, [1 x i8]* @p_str888, [1 x i8]* @p_str889, i32 2, i32 2, i32 16, i32 16, [1 x i8]* @p_str890, [1 x i8]* @p_str891)"   --->   Operation 81 'specinterface' <Predicate = true> <Delay = 0.00>
ST_3 : Operation 82 [1/1] (0.00ns)   --->   "call void (...)* @_ssdm_op_SpecInterface(i20* %data_stream_V_data_20_V, [8 x i8]* @ap_fifo_str, i32 0, i32 0, [1 x i8]* @p_str879, i32 0, i32 0, [1 x i8]* @p_str880, [1 x i8]* @p_str881, [1 x i8]* @p_str882, i32 2, i32 2, i32 16, i32 16, [1 x i8]* @p_str883, [1 x i8]* @p_str884)"   --->   Operation 82 'specinterface' <Predicate = true> <Delay = 0.00>
ST_3 : Operation 83 [1/1] (0.00ns)   --->   "call void (...)* @_ssdm_op_SpecInterface(i20* %data_stream_V_data_19_V, [8 x i8]* @ap_fifo_str, i32 0, i32 0, [1 x i8]* @p_str872, i32 0, i32 0, [1 x i8]* @p_str873, [1 x i8]* @p_str874, [1 x i8]* @p_str875, i32 2, i32 2, i32 16, i32 16, [1 x i8]* @p_str876, [1 x i8]* @p_str877)"   --->   Operation 83 'specinterface' <Predicate = true> <Delay = 0.00>
ST_3 : Operation 84 [1/1] (0.00ns)   --->   "call void (...)* @_ssdm_op_SpecInterface(i20* %data_stream_V_data_18_V, [8 x i8]* @ap_fifo_str, i32 0, i32 0, [1 x i8]* @p_str865, i32 0, i32 0, [1 x i8]* @p_str866, [1 x i8]* @p_str867, [1 x i8]* @p_str868, i32 2, i32 2, i32 16, i32 16, [1 x i8]* @p_str869, [1 x i8]* @p_str870)"   --->   Operation 84 'specinterface' <Predicate = true> <Delay = 0.00>
ST_3 : Operation 85 [1/1] (0.00ns)   --->   "call void (...)* @_ssdm_op_SpecInterface(i20* %data_stream_V_data_17_V, [8 x i8]* @ap_fifo_str, i32 0, i32 0, [1 x i8]* @p_str858, i32 0, i32 0, [1 x i8]* @p_str859, [1 x i8]* @p_str860, [1 x i8]* @p_str861, i32 2, i32 2, i32 16, i32 16, [1 x i8]* @p_str862, [1 x i8]* @p_str863)"   --->   Operation 85 'specinterface' <Predicate = true> <Delay = 0.00>
ST_3 : Operation 86 [1/1] (0.00ns)   --->   "call void (...)* @_ssdm_op_SpecInterface(i20* %data_stream_V_data_16_V, [8 x i8]* @ap_fifo_str, i32 0, i32 0, [1 x i8]* @p_str851, i32 0, i32 0, [1 x i8]* @p_str852, [1 x i8]* @p_str853, [1 x i8]* @p_str854, i32 2, i32 2, i32 16, i32 16, [1 x i8]* @p_str855, [1 x i8]* @p_str856)"   --->   Operation 86 'specinterface' <Predicate = true> <Delay = 0.00>
ST_3 : Operation 87 [1/1] (0.00ns)   --->   "call void (...)* @_ssdm_op_SpecInterface(i20* %data_stream_V_data_15_V, [8 x i8]* @ap_fifo_str, i32 0, i32 0, [1 x i8]* @p_str844, i32 0, i32 0, [1 x i8]* @p_str845, [1 x i8]* @p_str846, [1 x i8]* @p_str847, i32 2, i32 2, i32 16, i32 16, [1 x i8]* @p_str848, [1 x i8]* @p_str849)"   --->   Operation 87 'specinterface' <Predicate = true> <Delay = 0.00>
ST_3 : Operation 88 [1/1] (0.00ns)   --->   "call void (...)* @_ssdm_op_SpecInterface(i20* %data_stream_V_data_14_V, [8 x i8]* @ap_fifo_str, i32 0, i32 0, [1 x i8]* @p_str837, i32 0, i32 0, [1 x i8]* @p_str838, [1 x i8]* @p_str839, [1 x i8]* @p_str840, i32 2, i32 2, i32 16, i32 16, [1 x i8]* @p_str841, [1 x i8]* @p_str842)"   --->   Operation 88 'specinterface' <Predicate = true> <Delay = 0.00>
ST_3 : Operation 89 [1/1] (0.00ns)   --->   "call void (...)* @_ssdm_op_SpecInterface(i20* %data_stream_V_data_13_V, [8 x i8]* @ap_fifo_str, i32 0, i32 0, [1 x i8]* @p_str830, i32 0, i32 0, [1 x i8]* @p_str831, [1 x i8]* @p_str832, [1 x i8]* @p_str833, i32 2, i32 2, i32 16, i32 16, [1 x i8]* @p_str834, [1 x i8]* @p_str835)"   --->   Operation 89 'specinterface' <Predicate = true> <Delay = 0.00>
ST_3 : Operation 90 [1/1] (0.00ns)   --->   "call void (...)* @_ssdm_op_SpecInterface(i20* %data_stream_V_data_12_V, [8 x i8]* @ap_fifo_str, i32 0, i32 0, [1 x i8]* @p_str823, i32 0, i32 0, [1 x i8]* @p_str824, [1 x i8]* @p_str825, [1 x i8]* @p_str826, i32 2, i32 2, i32 16, i32 16, [1 x i8]* @p_str827, [1 x i8]* @p_str828)"   --->   Operation 90 'specinterface' <Predicate = true> <Delay = 0.00>
ST_3 : Operation 91 [1/1] (0.00ns)   --->   "call void (...)* @_ssdm_op_SpecInterface(i20* %data_stream_V_data_11_V, [8 x i8]* @ap_fifo_str, i32 0, i32 0, [1 x i8]* @p_str816, i32 0, i32 0, [1 x i8]* @p_str817, [1 x i8]* @p_str818, [1 x i8]* @p_str819, i32 2, i32 2, i32 16, i32 16, [1 x i8]* @p_str820, [1 x i8]* @p_str821)"   --->   Operation 91 'specinterface' <Predicate = true> <Delay = 0.00>
ST_3 : Operation 92 [1/1] (0.00ns)   --->   "call void (...)* @_ssdm_op_SpecInterface(i20* %data_stream_V_data_10_V, [8 x i8]* @ap_fifo_str, i32 0, i32 0, [1 x i8]* @p_str809, i32 0, i32 0, [1 x i8]* @p_str810, [1 x i8]* @p_str811, [1 x i8]* @p_str812, i32 2, i32 2, i32 16, i32 16, [1 x i8]* @p_str813, [1 x i8]* @p_str814)"   --->   Operation 92 'specinterface' <Predicate = true> <Delay = 0.00>
ST_3 : Operation 93 [1/1] (0.00ns)   --->   "call void (...)* @_ssdm_op_SpecInterface(i20* %data_stream_V_data_9_V, [8 x i8]* @ap_fifo_str, i32 0, i32 0, [1 x i8]* @p_str802, i32 0, i32 0, [1 x i8]* @p_str803, [1 x i8]* @p_str804, [1 x i8]* @p_str805, i32 2, i32 2, i32 16, i32 16, [1 x i8]* @p_str806, [1 x i8]* @p_str807)"   --->   Operation 93 'specinterface' <Predicate = true> <Delay = 0.00>
ST_3 : Operation 94 [1/1] (0.00ns)   --->   "call void (...)* @_ssdm_op_SpecInterface(i20* %data_stream_V_data_8_V, [8 x i8]* @ap_fifo_str, i32 0, i32 0, [1 x i8]* @p_str795, i32 0, i32 0, [1 x i8]* @p_str796, [1 x i8]* @p_str797, [1 x i8]* @p_str798, i32 2, i32 2, i32 16, i32 16, [1 x i8]* @p_str799, [1 x i8]* @p_str800)"   --->   Operation 94 'specinterface' <Predicate = true> <Delay = 0.00>
ST_3 : Operation 95 [1/1] (0.00ns)   --->   "call void (...)* @_ssdm_op_SpecInterface(i20* %data_stream_V_data_7_V, [8 x i8]* @ap_fifo_str, i32 0, i32 0, [1 x i8]* @p_str788, i32 0, i32 0, [1 x i8]* @p_str789, [1 x i8]* @p_str790, [1 x i8]* @p_str791, i32 2, i32 2, i32 16, i32 16, [1 x i8]* @p_str792, [1 x i8]* @p_str793)"   --->   Operation 95 'specinterface' <Predicate = true> <Delay = 0.00>
ST_3 : Operation 96 [1/1] (0.00ns)   --->   "call void (...)* @_ssdm_op_SpecInterface(i20* %data_stream_V_data_6_V, [8 x i8]* @ap_fifo_str, i32 0, i32 0, [1 x i8]* @p_str781, i32 0, i32 0, [1 x i8]* @p_str782, [1 x i8]* @p_str783, [1 x i8]* @p_str784, i32 2, i32 2, i32 16, i32 16, [1 x i8]* @p_str785, [1 x i8]* @p_str786)"   --->   Operation 96 'specinterface' <Predicate = true> <Delay = 0.00>
ST_3 : Operation 97 [1/1] (0.00ns)   --->   "call void (...)* @_ssdm_op_SpecInterface(i20* %data_stream_V_data_5_V, [8 x i8]* @ap_fifo_str, i32 0, i32 0, [1 x i8]* @p_str774, i32 0, i32 0, [1 x i8]* @p_str775, [1 x i8]* @p_str776, [1 x i8]* @p_str777, i32 2, i32 2, i32 16, i32 16, [1 x i8]* @p_str778, [1 x i8]* @p_str779)"   --->   Operation 97 'specinterface' <Predicate = true> <Delay = 0.00>
ST_3 : Operation 98 [1/1] (0.00ns)   --->   "call void (...)* @_ssdm_op_SpecInterface(i20* %data_stream_V_data_4_V, [8 x i8]* @ap_fifo_str, i32 0, i32 0, [1 x i8]* @p_str767, i32 0, i32 0, [1 x i8]* @p_str768, [1 x i8]* @p_str769, [1 x i8]* @p_str770, i32 2, i32 2, i32 16, i32 16, [1 x i8]* @p_str771, [1 x i8]* @p_str772)"   --->   Operation 98 'specinterface' <Predicate = true> <Delay = 0.00>
ST_3 : Operation 99 [1/1] (0.00ns)   --->   "call void (...)* @_ssdm_op_SpecInterface(i20* %data_stream_V_data_3_V, [8 x i8]* @ap_fifo_str, i32 0, i32 0, [1 x i8]* @p_str760, i32 0, i32 0, [1 x i8]* @p_str761, [1 x i8]* @p_str762, [1 x i8]* @p_str763, i32 2, i32 2, i32 16, i32 16, [1 x i8]* @p_str764, [1 x i8]* @p_str765)"   --->   Operation 99 'specinterface' <Predicate = true> <Delay = 0.00>
ST_3 : Operation 100 [1/1] (0.00ns)   --->   "call void (...)* @_ssdm_op_SpecInterface(i20* %data_stream_V_data_2_V, [8 x i8]* @ap_fifo_str, i32 0, i32 0, [1 x i8]* @p_str753, i32 0, i32 0, [1 x i8]* @p_str754, [1 x i8]* @p_str755, [1 x i8]* @p_str756, i32 2, i32 2, i32 16, i32 16, [1 x i8]* @p_str757, [1 x i8]* @p_str758)"   --->   Operation 100 'specinterface' <Predicate = true> <Delay = 0.00>
ST_3 : Operation 101 [1/1] (0.00ns)   --->   "call void (...)* @_ssdm_op_SpecInterface(i20* %data_stream_V_data_1_V, [8 x i8]* @ap_fifo_str, i32 0, i32 0, [1 x i8]* @p_str746, i32 0, i32 0, [1 x i8]* @p_str747, [1 x i8]* @p_str748, [1 x i8]* @p_str749, i32 2, i32 2, i32 16, i32 16, [1 x i8]* @p_str750, [1 x i8]* @p_str751)"   --->   Operation 101 'specinterface' <Predicate = true> <Delay = 0.00>
ST_3 : Operation 102 [1/1] (0.00ns)   --->   "call void (...)* @_ssdm_op_SpecInterface(i20* %data_stream_V_data_0_V, [8 x i8]* @ap_fifo_str, i32 0, i32 0, [1 x i8]* @p_str739, i32 0, i32 0, [1 x i8]* @p_str740, [1 x i8]* @p_str741, [1 x i8]* @p_str742, i32 2, i32 2, i32 16, i32 16, [1 x i8]* @p_str743, [1 x i8]* @p_str744)"   --->   Operation 102 'specinterface' <Predicate = true> <Delay = 0.00>
ST_3 : Operation 103 [1/1] (0.00ns)   --->   "call void (...)* @_ssdm_op_SpecLoopName([12 x i8]* @p_str27) nounwind" [firmware/nnet_utils/nnet_dense_stream.h:34]   --->   Operation 103 'specloopname' <Predicate = true> <Delay = 0.00>
ST_3 : Operation 104 [1/1] (0.00ns)   --->   "call void (...)* @_ssdm_op_SpecLoopName([9 x i8]* @p_str29) nounwind" [firmware/nnet_utils/nnet_dense_stream.h:49]   --->   Operation 104 'specloopname' <Predicate = true> <Delay = 0.00>
ST_3 : Operation 105 [1/1] (2.18ns)   --->   "call void @_ssdm_op_Write.ap_fifo.volatile.i46P.i46P.i46P.i46P.i46P.i46P.i46P.i46P.i46P.i46P.i46P.i46P.i46P.i46P.i46P.i46P(i46* %res_stream_V_data_0_V, i46* %res_stream_V_data_1_V, i46* %res_stream_V_data_2_V, i46* %res_stream_V_data_3_V, i46* %res_stream_V_data_4_V, i46* %res_stream_V_data_5_V, i46* %res_stream_V_data_6_V, i46* %res_stream_V_data_7_V, i46* %res_stream_V_data_8_V, i46* %res_stream_V_data_9_V, i46* %res_stream_V_data_10_V, i46* %res_stream_V_data_11_V, i46* %res_stream_V_data_12_V, i46* %res_stream_V_data_13_V, i46* %res_stream_V_data_14_V, i46* %res_stream_V_data_15_V, i46 %tmp_data_0_V, i46 %tmp_data_1_V, i46 %tmp_data_2_V, i46 %tmp_data_3_V, i46 %tmp_data_4_V, i46 %tmp_data_5_V, i46 %tmp_data_6_V, i46 %tmp_data_7_V, i46 %tmp_data_8_V, i46 %tmp_data_9_V, i46 %tmp_data_10_V, i46 %tmp_data_11_V, i46 %tmp_data_12_V, i46 %tmp_data_13_V, i46 %tmp_data_14_V, i46 %tmp_data_15_V)" [firmware/nnet_utils/nnet_dense_stream.h:60]   --->   Operation 105 'write' <Predicate = true> <Delay = 2.18> <Core = "FIFO">   --->   Core 32 'FIFO' <Latency = 0> <II = 1> <Delay = 2.39> <Storage> <Opcode : 'read' 'write' 'nbread' 'nbwrite'> <Ports = 0> <Width = 46> <Depth = 1> <FIFO>
ST_3 : Operation 106 [1/1] (0.00ns)   --->   "ret void" [firmware/nnet_utils/nnet_dense_stream.h:62]   --->   Operation 106 'ret' <Predicate = true> <Delay = 0.00>


============================================================
+ Verbose Summary: Timing violations
============================================================
Target clock period: 5ns, clock uncertainty: 0.625ns.

 <State 1>: 3.04ns
The critical path consists of the following:
	fifo read on port 'data_stream_V_data_0_V' (firmware/nnet_utils/nnet_dense_stream.h:38) [100]  (2.19 ns)
	'call' operation ('call_ret', firmware/nnet_utils/nnet_dense_stream.h:46) to 'dense_wrapper<ap_fixed<20, 10, 5, 3, 0>, ap_fixed<46, 26, 5, 3, 0>, config7>' [133]  (0.85 ns)

 <State 2>: 3.28ns
The critical path consists of the following:
	'call' operation ('call_ret', firmware/nnet_utils/nnet_dense_stream.h:46) to 'dense_wrapper<ap_fixed<20, 10, 5, 3, 0>, ap_fixed<46, 26, 5, 3, 0>, config7>' [133]  (3.28 ns)

 <State 3>: 2.19ns
The critical path consists of the following:
	fifo write on port 'res_stream_V_data_0_V' (firmware/nnet_utils/nnet_dense_stream.h:60) [151]  (2.19 ns)


============================================================
+ Verbose Summary: Binding
============================================================
N/A
* FSMD analyzer results:
  - Output states:
 - Input state : 
  - Chain level:
	State 1
	State 2
	State 3


============================================================
+ Verbose Summary: Datapath Resource usage 
============================================================
N/A
