

================================================================
== Vivado HLS Report for 'relu_array_ap_fixed_16u_array_ap_fixed_20_10_5_3_0_16u_relu_config9_s'
================================================================
* Date:           Fri Nov 14 00:48:47 2025

* Version:        2019.1 (Build 2552052 on Fri May 24 15:28:33 MDT 2019)
* Project:        myproject_prj
* Solution:       solution1
* Product family: virtex7
* Target device:  xc7vx690t-ffg1761-2


================================================================
== Performance Estimates
================================================================
+ Timing (ns): 
    * Summary: 
    +--------+-------+----------+------------+
    |  Clock | Target| Estimated| Uncertainty|
    +--------+-------+----------+------------+
    |ap_clk  |   5.00|     4.296|        0.62|
    +--------+-------+----------+------------+

+ Latency (clock cycles): 
    * Summary: 
    +-----+-----+-----+-----+----------+
    |  Latency  |  Interval | Pipeline |
    | min | max | min | max |   Type   |
    +-----+-----+-----+-----+----------+
    |    1|    1|    1|    1| function |
    +-----+-----+-----+-----+----------+

    + Detail: 
        * Instance: 
        N/A

        * Loop: 
        N/A

============================================================
+ Verbose Summary: Synthesis Manager
============================================================
InlineROM: 1
ExposeGlobal: 0
============================================================
+ Verbose Summary: CDFG Model
============================================================
IsTopModel: 0
ResetActiveHigh: 1
IsCombinational: 2
IsDatapathOnly: 0
HasWiredReturn: 1
HasMFsm: 2
HasVarLatency: 0
IsPipeline: 1
IsRtlPipelined: 1
IsInstanceOverlapped: 0
IsDontTouch: 0
HasImplIP: 0
IsGatedGlobalClock: 0

+ Individual pipeline summary: 
  * Pipeline-0: initiation interval (II) = 1, depth = 2


============================================================
+ Verbose Summary: Schedule
============================================================
* Number of FSM states : 2
* Pipeline : 1
  Pipeline-0 : II = 1, D = 2, States = { 1 2 }
* Dataflow Pipeline: 0

* FSM state transitions: 
1 --> 2 
2 --> 

* FSM state operations: 

State 1 <SV = 0> <Delay = 4.29>
ST_1 : Operation 3 [1/1] (2.18ns)   --->   "%empty = call { i46, i46, i46, i46, i46, i46, i46, i46, i46, i46, i46, i46, i46, i46, i46, i46 } @_ssdm_op_Read.ap_fifo.volatile.i46P.i46P.i46P.i46P.i46P.i46P.i46P.i46P.i46P.i46P.i46P.i46P.i46P.i46P.i46P.i46P(i46* %data_V_data_0_V, i46* %data_V_data_1_V, i46* %data_V_data_2_V, i46* %data_V_data_3_V, i46* %data_V_data_4_V, i46* %data_V_data_5_V, i46* %data_V_data_6_V, i46* %data_V_data_7_V, i46* %data_V_data_8_V, i46* %data_V_data_9_V, i46* %data_V_data_10_V, i46* %data_V_data_11_V, i46* %data_V_data_12_V, i46* %data_V_data_13_V, i46* %data_V_data_14_V, i46* %data_V_data_15_V)" [firmware/nnet_utils/nnet_activation_stream.h:44]   --->   Operation 3 'read' 'empty' <Predicate = true> <Delay = 2.18> <Core = "FIFO">   --->   Core 32 'FIFO' <Latency = 0> <II = 1> <Delay = 2.39> <Storage> <Opcode : 'read' 'write' 'nbread' 'nbwrite'> <Ports = 0> <Width = 20> <Depth = 1> <FIFO>
ST_1 : Operation 4 [1/1] (0.00ns)   --->   "%tmp_data_V_6_0 = extractvalue { i46, i46, i46, i46, i46, i46, i46, i46, i46, i46, i46, i46, i46, i46, i46, i46 } %empty, 0" [firmware/nnet_utils/nnet_activation_stream.h:44]   --->   Operation 4 'extractvalue' 'tmp_data_V_6_0' <Predicate = true> <Delay = 0.00>
ST_1 : Operation 5 [1/1] (0.00ns)   --->   "%tmp_data_V_6_1 = extractvalue { i46, i46, i46, i46, i46, i46, i46, i46, i46, i46, i46, i46, i46, i46, i46, i46 } %empty, 1" [firmware/nnet_utils/nnet_activation_stream.h:44]   --->   Operation 5 'extractvalue' 'tmp_data_V_6_1' <Predicate = true> <Delay = 0.00>
ST_1 : Operation 6 [1/1] (0.00ns)   --->   "%tmp_data_V_6_2 = extractvalue { i46, i46, i46, i46, i46, i46, i46, i46, i46, i46, i46, i46, i46, i46, i46, i46 } %empty, 2" [firmware/nnet_utils/nnet_activation_stream.h:44]   --->   Operation 6 'extractvalue' 'tmp_data_V_6_2' <Predicate = true> <Delay = 0.00>
ST_1 : Operation 7 [1/1] (0.00ns)   --->   "%tmp_data_V_6_3 = extractvalue { i46, i46, i46, i46, i46, i46, i46, i46, i46, i46, i46, i46, i46, i46, i46, i46 } %empty, 3" [firmware/nnet_utils/nnet_activation_stream.h:44]   --->   Operation 7 'extractvalue' 'tmp_data_V_6_3' <Predicate = true> <Delay = 0.00>
ST_1 : Operation 8 [1/1] (0.00ns)   --->   "%tmp_data_V_6_4 = extractvalue { i46, i46, i46, i46, i46, i46, i46, i46, i46, i46, i46, i46, i46, i46, i46, i46 } %empty, 4" [firmware/nnet_utils/nnet_activation_stream.h:44]   --->   Operation 8 'extractvalue' 'tmp_data_V_6_4' <Predicate = true> <Delay = 0.00>
ST_1 : Operation 9 [1/1] (0.00ns)   --->   "%tmp_data_V_6_5 = extractvalue { i46, i46, i46, i46, i46, i46, i46, i46, i46, i46, i46, i46, i46, i46, i46, i46 } %empty, 5" [firmware/nnet_utils/nnet_activation_stream.h:44]   --->   Operation 9 'extractvalue' 'tmp_data_V_6_5' <Predicate = true> <Delay = 0.00>
ST_1 : Operation 10 [1/1] (0.00ns)   --->   "%tmp_data_V_6_6 = extractvalue { i46, i46, i46, i46, i46, i46, i46, i46, i46, i46, i46, i46, i46, i46, i46, i46 } %empty, 6" [firmware/nnet_utils/nnet_activation_stream.h:44]   --->   Operation 10 'extractvalue' 'tmp_data_V_6_6' <Predicate = true> <Delay = 0.00>
ST_1 : Operation 11 [1/1] (0.00ns)   --->   "%tmp_data_V_6_7 = extractvalue { i46, i46, i46, i46, i46, i46, i46, i46, i46, i46, i46, i46, i46, i46, i46, i46 } %empty, 7" [firmware/nnet_utils/nnet_activation_stream.h:44]   --->   Operation 11 'extractvalue' 'tmp_data_V_6_7' <Predicate = true> <Delay = 0.00>
ST_1 : Operation 12 [1/1] (0.00ns)   --->   "%tmp_data_V_6_8 = extractvalue { i46, i46, i46, i46, i46, i46, i46, i46, i46, i46, i46, i46, i46, i46, i46, i46 } %empty, 8" [firmware/nnet_utils/nnet_activation_stream.h:44]   --->   Operation 12 'extractvalue' 'tmp_data_V_6_8' <Predicate = true> <Delay = 0.00>
ST_1 : Operation 13 [1/1] (0.00ns)   --->   "%tmp_data_V_6_9 = extractvalue { i46, i46, i46, i46, i46, i46, i46, i46, i46, i46, i46, i46, i46, i46, i46, i46 } %empty, 9" [firmware/nnet_utils/nnet_activation_stream.h:44]   --->   Operation 13 'extractvalue' 'tmp_data_V_6_9' <Predicate = true> <Delay = 0.00>
ST_1 : Operation 14 [1/1] (0.00ns)   --->   "%tmp_data_V_6_10 = extractvalue { i46, i46, i46, i46, i46, i46, i46, i46, i46, i46, i46, i46, i46, i46, i46, i46 } %empty, 10" [firmware/nnet_utils/nnet_activation_stream.h:44]   --->   Operation 14 'extractvalue' 'tmp_data_V_6_10' <Predicate = true> <Delay = 0.00>
ST_1 : Operation 15 [1/1] (0.00ns)   --->   "%tmp_data_V_6_11 = extractvalue { i46, i46, i46, i46, i46, i46, i46, i46, i46, i46, i46, i46, i46, i46, i46, i46 } %empty, 11" [firmware/nnet_utils/nnet_activation_stream.h:44]   --->   Operation 15 'extractvalue' 'tmp_data_V_6_11' <Predicate = true> <Delay = 0.00>
ST_1 : Operation 16 [1/1] (0.00ns)   --->   "%tmp_data_V_6_12 = extractvalue { i46, i46, i46, i46, i46, i46, i46, i46, i46, i46, i46, i46, i46, i46, i46, i46 } %empty, 12" [firmware/nnet_utils/nnet_activation_stream.h:44]   --->   Operation 16 'extractvalue' 'tmp_data_V_6_12' <Predicate = true> <Delay = 0.00>
ST_1 : Operation 17 [1/1] (0.00ns)   --->   "%tmp_data_V_6_13 = extractvalue { i46, i46, i46, i46, i46, i46, i46, i46, i46, i46, i46, i46, i46, i46, i46, i46 } %empty, 13" [firmware/nnet_utils/nnet_activation_stream.h:44]   --->   Operation 17 'extractvalue' 'tmp_data_V_6_13' <Predicate = true> <Delay = 0.00>
ST_1 : Operation 18 [1/1] (0.00ns)   --->   "%tmp_data_V_6_14 = extractvalue { i46, i46, i46, i46, i46, i46, i46, i46, i46, i46, i46, i46, i46, i46, i46, i46 } %empty, 14" [firmware/nnet_utils/nnet_activation_stream.h:44]   --->   Operation 18 'extractvalue' 'tmp_data_V_6_14' <Predicate = true> <Delay = 0.00>
ST_1 : Operation 19 [1/1] (0.00ns)   --->   "%tmp_data_V_6_15 = extractvalue { i46, i46, i46, i46, i46, i46, i46, i46, i46, i46, i46, i46, i46, i46, i46, i46 } %empty, 15" [firmware/nnet_utils/nnet_activation_stream.h:44]   --->   Operation 19 'extractvalue' 'tmp_data_V_6_15' <Predicate = true> <Delay = 0.00>
ST_1 : Operation 20 [1/1] (1.38ns)   --->   "%icmp_ln1494 = icmp sgt i46 %tmp_data_V_6_0, 0" [firmware/nnet_utils/nnet_activation_stream.h:51]   --->   Operation 20 'icmp' 'icmp_ln1494' <Predicate = true> <Delay = 1.38> <Core = "Cmp">   --->   Core 25 'Cmp' <Latency = 0> <II = 1> <Delay = 1.38> <FuncUnit> <Opcode : 'icmp'> <InPorts = 2> <OutPorts = 1>
ST_1 : Operation 21 [1/1] (0.00ns)   --->   "%trunc_ln = call i20 @_ssdm_op_PartSelect.i20.i46.i32.i32(i46 %tmp_data_V_6_0, i32 10, i32 29)" [firmware/nnet_utils/nnet_activation_stream.h:52]   --->   Operation 21 'partselect' 'trunc_ln' <Predicate = true> <Delay = 0.00>
ST_1 : Operation 22 [1/1] (1.38ns)   --->   "%icmp_ln1494_1 = icmp sgt i46 %tmp_data_V_6_1, 0" [firmware/nnet_utils/nnet_activation_stream.h:51]   --->   Operation 22 'icmp' 'icmp_ln1494_1' <Predicate = true> <Delay = 1.38> <Core = "Cmp">   --->   Core 25 'Cmp' <Latency = 0> <II = 1> <Delay = 1.38> <FuncUnit> <Opcode : 'icmp'> <InPorts = 2> <OutPorts = 1>
ST_1 : Operation 23 [1/1] (0.00ns)   --->   "%trunc_ln708_1 = call i20 @_ssdm_op_PartSelect.i20.i46.i32.i32(i46 %tmp_data_V_6_1, i32 10, i32 29)" [firmware/nnet_utils/nnet_activation_stream.h:52]   --->   Operation 23 'partselect' 'trunc_ln708_1' <Predicate = true> <Delay = 0.00>
ST_1 : Operation 24 [1/1] (1.38ns)   --->   "%icmp_ln1494_2 = icmp sgt i46 %tmp_data_V_6_2, 0" [firmware/nnet_utils/nnet_activation_stream.h:51]   --->   Operation 24 'icmp' 'icmp_ln1494_2' <Predicate = true> <Delay = 1.38> <Core = "Cmp">   --->   Core 25 'Cmp' <Latency = 0> <II = 1> <Delay = 1.38> <FuncUnit> <Opcode : 'icmp'> <InPorts = 2> <OutPorts = 1>
ST_1 : Operation 25 [1/1] (0.00ns)   --->   "%trunc_ln708_2 = call i20 @_ssdm_op_PartSelect.i20.i46.i32.i32(i46 %tmp_data_V_6_2, i32 10, i32 29)" [firmware/nnet_utils/nnet_activation_stream.h:52]   --->   Operation 25 'partselect' 'trunc_ln708_2' <Predicate = true> <Delay = 0.00>
ST_1 : Operation 26 [1/1] (1.38ns)   --->   "%icmp_ln1494_3 = icmp sgt i46 %tmp_data_V_6_3, 0" [firmware/nnet_utils/nnet_activation_stream.h:51]   --->   Operation 26 'icmp' 'icmp_ln1494_3' <Predicate = true> <Delay = 1.38> <Core = "Cmp">   --->   Core 25 'Cmp' <Latency = 0> <II = 1> <Delay = 1.38> <FuncUnit> <Opcode : 'icmp'> <InPorts = 2> <OutPorts = 1>
ST_1 : Operation 27 [1/1] (0.00ns)   --->   "%trunc_ln708_3 = call i20 @_ssdm_op_PartSelect.i20.i46.i32.i32(i46 %tmp_data_V_6_3, i32 10, i32 29)" [firmware/nnet_utils/nnet_activation_stream.h:52]   --->   Operation 27 'partselect' 'trunc_ln708_3' <Predicate = true> <Delay = 0.00>
ST_1 : Operation 28 [1/1] (1.38ns)   --->   "%icmp_ln1494_4 = icmp sgt i46 %tmp_data_V_6_4, 0" [firmware/nnet_utils/nnet_activation_stream.h:51]   --->   Operation 28 'icmp' 'icmp_ln1494_4' <Predicate = true> <Delay = 1.38> <Core = "Cmp">   --->   Core 25 'Cmp' <Latency = 0> <II = 1> <Delay = 1.38> <FuncUnit> <Opcode : 'icmp'> <InPorts = 2> <OutPorts = 1>
ST_1 : Operation 29 [1/1] (0.00ns)   --->   "%trunc_ln708_4 = call i20 @_ssdm_op_PartSelect.i20.i46.i32.i32(i46 %tmp_data_V_6_4, i32 10, i32 29)" [firmware/nnet_utils/nnet_activation_stream.h:52]   --->   Operation 29 'partselect' 'trunc_ln708_4' <Predicate = true> <Delay = 0.00>
ST_1 : Operation 30 [1/1] (1.38ns)   --->   "%icmp_ln1494_5 = icmp sgt i46 %tmp_data_V_6_5, 0" [firmware/nnet_utils/nnet_activation_stream.h:51]   --->   Operation 30 'icmp' 'icmp_ln1494_5' <Predicate = true> <Delay = 1.38> <Core = "Cmp">   --->   Core 25 'Cmp' <Latency = 0> <II = 1> <Delay = 1.38> <FuncUnit> <Opcode : 'icmp'> <InPorts = 2> <OutPorts = 1>
ST_1 : Operation 31 [1/1] (0.00ns)   --->   "%trunc_ln708_5 = call i20 @_ssdm_op_PartSelect.i20.i46.i32.i32(i46 %tmp_data_V_6_5, i32 10, i32 29)" [firmware/nnet_utils/nnet_activation_stream.h:52]   --->   Operation 31 'partselect' 'trunc_ln708_5' <Predicate = true> <Delay = 0.00>
ST_1 : Operation 32 [1/1] (1.38ns)   --->   "%icmp_ln1494_6 = icmp sgt i46 %tmp_data_V_6_6, 0" [firmware/nnet_utils/nnet_activation_stream.h:51]   --->   Operation 32 'icmp' 'icmp_ln1494_6' <Predicate = true> <Delay = 1.38> <Core = "Cmp">   --->   Core 25 'Cmp' <Latency = 0> <II = 1> <Delay = 1.38> <FuncUnit> <Opcode : 'icmp'> <InPorts = 2> <OutPorts = 1>
ST_1 : Operation 33 [1/1] (0.00ns)   --->   "%trunc_ln708_6 = call i20 @_ssdm_op_PartSelect.i20.i46.i32.i32(i46 %tmp_data_V_6_6, i32 10, i32 29)" [firmware/nnet_utils/nnet_activation_stream.h:52]   --->   Operation 33 'partselect' 'trunc_ln708_6' <Predicate = true> <Delay = 0.00>
ST_1 : Operation 34 [1/1] (1.38ns)   --->   "%icmp_ln1494_7 = icmp sgt i46 %tmp_data_V_6_7, 0" [firmware/nnet_utils/nnet_activation_stream.h:51]   --->   Operation 34 'icmp' 'icmp_ln1494_7' <Predicate = true> <Delay = 1.38> <Core = "Cmp">   --->   Core 25 'Cmp' <Latency = 0> <II = 1> <Delay = 1.38> <FuncUnit> <Opcode : 'icmp'> <InPorts = 2> <OutPorts = 1>
ST_1 : Operation 35 [1/1] (0.00ns)   --->   "%trunc_ln708_7 = call i20 @_ssdm_op_PartSelect.i20.i46.i32.i32(i46 %tmp_data_V_6_7, i32 10, i32 29)" [firmware/nnet_utils/nnet_activation_stream.h:52]   --->   Operation 35 'partselect' 'trunc_ln708_7' <Predicate = true> <Delay = 0.00>
ST_1 : Operation 36 [1/1] (1.38ns)   --->   "%icmp_ln1494_8 = icmp sgt i46 %tmp_data_V_6_8, 0" [firmware/nnet_utils/nnet_activation_stream.h:51]   --->   Operation 36 'icmp' 'icmp_ln1494_8' <Predicate = true> <Delay = 1.38> <Core = "Cmp">   --->   Core 25 'Cmp' <Latency = 0> <II = 1> <Delay = 1.38> <FuncUnit> <Opcode : 'icmp'> <InPorts = 2> <OutPorts = 1>
ST_1 : Operation 37 [1/1] (0.00ns)   --->   "%trunc_ln708_8 = call i20 @_ssdm_op_PartSelect.i20.i46.i32.i32(i46 %tmp_data_V_6_8, i32 10, i32 29)" [firmware/nnet_utils/nnet_activation_stream.h:52]   --->   Operation 37 'partselect' 'trunc_ln708_8' <Predicate = true> <Delay = 0.00>
ST_1 : Operation 38 [1/1] (1.38ns)   --->   "%icmp_ln1494_9 = icmp sgt i46 %tmp_data_V_6_9, 0" [firmware/nnet_utils/nnet_activation_stream.h:51]   --->   Operation 38 'icmp' 'icmp_ln1494_9' <Predicate = true> <Delay = 1.38> <Core = "Cmp">   --->   Core 25 'Cmp' <Latency = 0> <II = 1> <Delay = 1.38> <FuncUnit> <Opcode : 'icmp'> <InPorts = 2> <OutPorts = 1>
ST_1 : Operation 39 [1/1] (0.00ns)   --->   "%trunc_ln708_9 = call i20 @_ssdm_op_PartSelect.i20.i46.i32.i32(i46 %tmp_data_V_6_9, i32 10, i32 29)" [firmware/nnet_utils/nnet_activation_stream.h:52]   --->   Operation 39 'partselect' 'trunc_ln708_9' <Predicate = true> <Delay = 0.00>
ST_1 : Operation 40 [1/1] (1.38ns)   --->   "%icmp_ln1494_10 = icmp sgt i46 %tmp_data_V_6_10, 0" [firmware/nnet_utils/nnet_activation_stream.h:51]   --->   Operation 40 'icmp' 'icmp_ln1494_10' <Predicate = true> <Delay = 1.38> <Core = "Cmp">   --->   Core 25 'Cmp' <Latency = 0> <II = 1> <Delay = 1.38> <FuncUnit> <Opcode : 'icmp'> <InPorts = 2> <OutPorts = 1>
ST_1 : Operation 41 [1/1] (0.00ns)   --->   "%trunc_ln708_10 = call i20 @_ssdm_op_PartSelect.i20.i46.i32.i32(i46 %tmp_data_V_6_10, i32 10, i32 29)" [firmware/nnet_utils/nnet_activation_stream.h:52]   --->   Operation 41 'partselect' 'trunc_ln708_10' <Predicate = true> <Delay = 0.00>
ST_1 : Operation 42 [1/1] (1.38ns)   --->   "%icmp_ln1494_11 = icmp sgt i46 %tmp_data_V_6_11, 0" [firmware/nnet_utils/nnet_activation_stream.h:51]   --->   Operation 42 'icmp' 'icmp_ln1494_11' <Predicate = true> <Delay = 1.38> <Core = "Cmp">   --->   Core 25 'Cmp' <Latency = 0> <II = 1> <Delay = 1.38> <FuncUnit> <Opcode : 'icmp'> <InPorts = 2> <OutPorts = 1>
ST_1 : Operation 43 [1/1] (0.00ns)   --->   "%trunc_ln708_11 = call i20 @_ssdm_op_PartSelect.i20.i46.i32.i32(i46 %tmp_data_V_6_11, i32 10, i32 29)" [firmware/nnet_utils/nnet_activation_stream.h:52]   --->   Operation 43 'partselect' 'trunc_ln708_11' <Predicate = true> <Delay = 0.00>
ST_1 : Operation 44 [1/1] (1.38ns)   --->   "%icmp_ln1494_12 = icmp sgt i46 %tmp_data_V_6_12, 0" [firmware/nnet_utils/nnet_activation_stream.h:51]   --->   Operation 44 'icmp' 'icmp_ln1494_12' <Predicate = true> <Delay = 1.38> <Core = "Cmp">   --->   Core 25 'Cmp' <Latency = 0> <II = 1> <Delay = 1.38> <FuncUnit> <Opcode : 'icmp'> <InPorts = 2> <OutPorts = 1>
ST_1 : Operation 45 [1/1] (0.00ns)   --->   "%trunc_ln708_12 = call i20 @_ssdm_op_PartSelect.i20.i46.i32.i32(i46 %tmp_data_V_6_12, i32 10, i32 29)" [firmware/nnet_utils/nnet_activation_stream.h:52]   --->   Operation 45 'partselect' 'trunc_ln708_12' <Predicate = true> <Delay = 0.00>
ST_1 : Operation 46 [1/1] (1.38ns)   --->   "%icmp_ln1494_13 = icmp sgt i46 %tmp_data_V_6_13, 0" [firmware/nnet_utils/nnet_activation_stream.h:51]   --->   Operation 46 'icmp' 'icmp_ln1494_13' <Predicate = true> <Delay = 1.38> <Core = "Cmp">   --->   Core 25 'Cmp' <Latency = 0> <II = 1> <Delay = 1.38> <FuncUnit> <Opcode : 'icmp'> <InPorts = 2> <OutPorts = 1>
ST_1 : Operation 47 [1/1] (0.00ns)   --->   "%trunc_ln708_13 = call i20 @_ssdm_op_PartSelect.i20.i46.i32.i32(i46 %tmp_data_V_6_13, i32 10, i32 29)" [firmware/nnet_utils/nnet_activation_stream.h:52]   --->   Operation 47 'partselect' 'trunc_ln708_13' <Predicate = true> <Delay = 0.00>
ST_1 : Operation 48 [1/1] (1.38ns)   --->   "%icmp_ln1494_14 = icmp sgt i46 %tmp_data_V_6_14, 0" [firmware/nnet_utils/nnet_activation_stream.h:51]   --->   Operation 48 'icmp' 'icmp_ln1494_14' <Predicate = true> <Delay = 1.38> <Core = "Cmp">   --->   Core 25 'Cmp' <Latency = 0> <II = 1> <Delay = 1.38> <FuncUnit> <Opcode : 'icmp'> <InPorts = 2> <OutPorts = 1>
ST_1 : Operation 49 [1/1] (0.00ns)   --->   "%trunc_ln708_14 = call i20 @_ssdm_op_PartSelect.i20.i46.i32.i32(i46 %tmp_data_V_6_14, i32 10, i32 29)" [firmware/nnet_utils/nnet_activation_stream.h:52]   --->   Operation 49 'partselect' 'trunc_ln708_14' <Predicate = true> <Delay = 0.00>
ST_1 : Operation 50 [1/1] (1.38ns)   --->   "%icmp_ln1494_15 = icmp sgt i46 %tmp_data_V_6_15, 0" [firmware/nnet_utils/nnet_activation_stream.h:51]   --->   Operation 50 'icmp' 'icmp_ln1494_15' <Predicate = true> <Delay = 1.38> <Core = "Cmp">   --->   Core 25 'Cmp' <Latency = 0> <II = 1> <Delay = 1.38> <FuncUnit> <Opcode : 'icmp'> <InPorts = 2> <OutPorts = 1>
ST_1 : Operation 51 [1/1] (0.00ns)   --->   "%trunc_ln708_15 = call i20 @_ssdm_op_PartSelect.i20.i46.i32.i32(i46 %tmp_data_V_6_15, i32 10, i32 29)" [firmware/nnet_utils/nnet_activation_stream.h:52]   --->   Operation 51 'partselect' 'trunc_ln708_15' <Predicate = true> <Delay = 0.00>
ST_1 : Operation 52 [1/1] (0.72ns)   --->   "%tmp_data_0_V = select i1 %icmp_ln1494, i20 %trunc_ln, i20 0" [firmware/nnet_utils/nnet_activation_stream.h:51]   --->   Operation 52 'select' 'tmp_data_0_V' <Predicate = true> <Delay = 0.72> <Core = "Sel">   --->   Core 26 'Sel' <Latency = 0> <II = 1> <Delay = 0.72> <FuncUnit> <Opcode : 'select'> <InPorts = 3> <OutPorts = 1>
ST_1 : Operation 53 [1/1] (0.72ns)   --->   "%tmp_data_1_V = select i1 %icmp_ln1494_1, i20 %trunc_ln708_1, i20 0" [firmware/nnet_utils/nnet_activation_stream.h:51]   --->   Operation 53 'select' 'tmp_data_1_V' <Predicate = true> <Delay = 0.72> <Core = "Sel">   --->   Core 26 'Sel' <Latency = 0> <II = 1> <Delay = 0.72> <FuncUnit> <Opcode : 'select'> <InPorts = 3> <OutPorts = 1>
ST_1 : Operation 54 [1/1] (0.72ns)   --->   "%tmp_data_2_V = select i1 %icmp_ln1494_2, i20 %trunc_ln708_2, i20 0" [firmware/nnet_utils/nnet_activation_stream.h:51]   --->   Operation 54 'select' 'tmp_data_2_V' <Predicate = true> <Delay = 0.72> <Core = "Sel">   --->   Core 26 'Sel' <Latency = 0> <II = 1> <Delay = 0.72> <FuncUnit> <Opcode : 'select'> <InPorts = 3> <OutPorts = 1>
ST_1 : Operation 55 [1/1] (0.72ns)   --->   "%tmp_data_3_V = select i1 %icmp_ln1494_3, i20 %trunc_ln708_3, i20 0" [firmware/nnet_utils/nnet_activation_stream.h:51]   --->   Operation 55 'select' 'tmp_data_3_V' <Predicate = true> <Delay = 0.72> <Core = "Sel">   --->   Core 26 'Sel' <Latency = 0> <II = 1> <Delay = 0.72> <FuncUnit> <Opcode : 'select'> <InPorts = 3> <OutPorts = 1>
ST_1 : Operation 56 [1/1] (0.72ns)   --->   "%tmp_data_4_V = select i1 %icmp_ln1494_4, i20 %trunc_ln708_4, i20 0" [firmware/nnet_utils/nnet_activation_stream.h:51]   --->   Operation 56 'select' 'tmp_data_4_V' <Predicate = true> <Delay = 0.72> <Core = "Sel">   --->   Core 26 'Sel' <Latency = 0> <II = 1> <Delay = 0.72> <FuncUnit> <Opcode : 'select'> <InPorts = 3> <OutPorts = 1>
ST_1 : Operation 57 [1/1] (0.72ns)   --->   "%tmp_data_5_V = select i1 %icmp_ln1494_5, i20 %trunc_ln708_5, i20 0" [firmware/nnet_utils/nnet_activation_stream.h:51]   --->   Operation 57 'select' 'tmp_data_5_V' <Predicate = true> <Delay = 0.72> <Core = "Sel">   --->   Core 26 'Sel' <Latency = 0> <II = 1> <Delay = 0.72> <FuncUnit> <Opcode : 'select'> <InPorts = 3> <OutPorts = 1>
ST_1 : Operation 58 [1/1] (0.72ns)   --->   "%tmp_data_6_V = select i1 %icmp_ln1494_6, i20 %trunc_ln708_6, i20 0" [firmware/nnet_utils/nnet_activation_stream.h:51]   --->   Operation 58 'select' 'tmp_data_6_V' <Predicate = true> <Delay = 0.72> <Core = "Sel">   --->   Core 26 'Sel' <Latency = 0> <II = 1> <Delay = 0.72> <FuncUnit> <Opcode : 'select'> <InPorts = 3> <OutPorts = 1>
ST_1 : Operation 59 [1/1] (0.72ns)   --->   "%tmp_data_7_V = select i1 %icmp_ln1494_7, i20 %trunc_ln708_7, i20 0" [firmware/nnet_utils/nnet_activation_stream.h:51]   --->   Operation 59 'select' 'tmp_data_7_V' <Predicate = true> <Delay = 0.72> <Core = "Sel">   --->   Core 26 'Sel' <Latency = 0> <II = 1> <Delay = 0.72> <FuncUnit> <Opcode : 'select'> <InPorts = 3> <OutPorts = 1>
ST_1 : Operation 60 [1/1] (0.72ns)   --->   "%tmp_data_8_V = select i1 %icmp_ln1494_8, i20 %trunc_ln708_8, i20 0" [firmware/nnet_utils/nnet_activation_stream.h:51]   --->   Operation 60 'select' 'tmp_data_8_V' <Predicate = true> <Delay = 0.72> <Core = "Sel">   --->   Core 26 'Sel' <Latency = 0> <II = 1> <Delay = 0.72> <FuncUnit> <Opcode : 'select'> <InPorts = 3> <OutPorts = 1>
ST_1 : Operation 61 [1/1] (0.72ns)   --->   "%tmp_data_9_V = select i1 %icmp_ln1494_9, i20 %trunc_ln708_9, i20 0" [firmware/nnet_utils/nnet_activation_stream.h:51]   --->   Operation 61 'select' 'tmp_data_9_V' <Predicate = true> <Delay = 0.72> <Core = "Sel">   --->   Core 26 'Sel' <Latency = 0> <II = 1> <Delay = 0.72> <FuncUnit> <Opcode : 'select'> <InPorts = 3> <OutPorts = 1>
ST_1 : Operation 62 [1/1] (0.72ns)   --->   "%tmp_data_10_V = select i1 %icmp_ln1494_10, i20 %trunc_ln708_10, i20 0" [firmware/nnet_utils/nnet_activation_stream.h:51]   --->   Operation 62 'select' 'tmp_data_10_V' <Predicate = true> <Delay = 0.72> <Core = "Sel">   --->   Core 26 'Sel' <Latency = 0> <II = 1> <Delay = 0.72> <FuncUnit> <Opcode : 'select'> <InPorts = 3> <OutPorts = 1>
ST_1 : Operation 63 [1/1] (0.72ns)   --->   "%tmp_data_11_V = select i1 %icmp_ln1494_11, i20 %trunc_ln708_11, i20 0" [firmware/nnet_utils/nnet_activation_stream.h:51]   --->   Operation 63 'select' 'tmp_data_11_V' <Predicate = true> <Delay = 0.72> <Core = "Sel">   --->   Core 26 'Sel' <Latency = 0> <II = 1> <Delay = 0.72> <FuncUnit> <Opcode : 'select'> <InPorts = 3> <OutPorts = 1>
ST_1 : Operation 64 [1/1] (0.72ns)   --->   "%tmp_data_12_V = select i1 %icmp_ln1494_12, i20 %trunc_ln708_12, i20 0" [firmware/nnet_utils/nnet_activation_stream.h:51]   --->   Operation 64 'select' 'tmp_data_12_V' <Predicate = true> <Delay = 0.72> <Core = "Sel">   --->   Core 26 'Sel' <Latency = 0> <II = 1> <Delay = 0.72> <FuncUnit> <Opcode : 'select'> <InPorts = 3> <OutPorts = 1>
ST_1 : Operation 65 [1/1] (0.72ns)   --->   "%tmp_data_13_V = select i1 %icmp_ln1494_13, i20 %trunc_ln708_13, i20 0" [firmware/nnet_utils/nnet_activation_stream.h:51]   --->   Operation 65 'select' 'tmp_data_13_V' <Predicate = true> <Delay = 0.72> <Core = "Sel">   --->   Core 26 'Sel' <Latency = 0> <II = 1> <Delay = 0.72> <FuncUnit> <Opcode : 'select'> <InPorts = 3> <OutPorts = 1>
ST_1 : Operation 66 [1/1] (0.72ns)   --->   "%tmp_data_14_V = select i1 %icmp_ln1494_14, i20 %trunc_ln708_14, i20 0" [firmware/nnet_utils/nnet_activation_stream.h:51]   --->   Operation 66 'select' 'tmp_data_14_V' <Predicate = true> <Delay = 0.72> <Core = "Sel">   --->   Core 26 'Sel' <Latency = 0> <II = 1> <Delay = 0.72> <FuncUnit> <Opcode : 'select'> <InPorts = 3> <OutPorts = 1>
ST_1 : Operation 67 [1/1] (0.72ns)   --->   "%tmp_data_15_V = select i1 %icmp_ln1494_15, i20 %trunc_ln708_15, i20 0" [firmware/nnet_utils/nnet_activation_stream.h:51]   --->   Operation 67 'select' 'tmp_data_15_V' <Predicate = true> <Delay = 0.72> <Core = "Sel">   --->   Core 26 'Sel' <Latency = 0> <II = 1> <Delay = 0.72> <FuncUnit> <Opcode : 'select'> <InPorts = 3> <OutPorts = 1>

State 2 <SV = 1> <Delay = 2.18>
ST_2 : Operation 68 [1/1] (0.00ns)   --->   "call void (...)* @_ssdm_op_SpecInterface(i20* %res_V_data_15_V, [8 x i8]* @ap_fifo_str, i32 0, i32 0, [1 x i8]* @p_str1180, i32 0, i32 0, [1 x i8]* @p_str1181, [1 x i8]* @p_str1182, [1 x i8]* @p_str1183, i32 2, i32 2, i32 16, i32 16, [1 x i8]* @p_str1184, [1 x i8]* @p_str1185)"   --->   Operation 68 'specinterface' <Predicate = true> <Delay = 0.00>
ST_2 : Operation 69 [1/1] (0.00ns)   --->   "call void (...)* @_ssdm_op_SpecInterface(i20* %res_V_data_14_V, [8 x i8]* @ap_fifo_str, i32 0, i32 0, [1 x i8]* @p_str1173, i32 0, i32 0, [1 x i8]* @p_str1174, [1 x i8]* @p_str1175, [1 x i8]* @p_str1176, i32 2, i32 2, i32 16, i32 16, [1 x i8]* @p_str1177, [1 x i8]* @p_str1178)"   --->   Operation 69 'specinterface' <Predicate = true> <Delay = 0.00>
ST_2 : Operation 70 [1/1] (0.00ns)   --->   "call void (...)* @_ssdm_op_SpecInterface(i20* %res_V_data_13_V, [8 x i8]* @ap_fifo_str, i32 0, i32 0, [1 x i8]* @p_str1166, i32 0, i32 0, [1 x i8]* @p_str1167, [1 x i8]* @p_str1168, [1 x i8]* @p_str1169, i32 2, i32 2, i32 16, i32 16, [1 x i8]* @p_str1170, [1 x i8]* @p_str1171)"   --->   Operation 70 'specinterface' <Predicate = true> <Delay = 0.00>
ST_2 : Operation 71 [1/1] (0.00ns)   --->   "call void (...)* @_ssdm_op_SpecInterface(i20* %res_V_data_12_V, [8 x i8]* @ap_fifo_str, i32 0, i32 0, [1 x i8]* @p_str1159, i32 0, i32 0, [1 x i8]* @p_str1160, [1 x i8]* @p_str1161, [1 x i8]* @p_str1162, i32 2, i32 2, i32 16, i32 16, [1 x i8]* @p_str1163, [1 x i8]* @p_str1164)"   --->   Operation 71 'specinterface' <Predicate = true> <Delay = 0.00>
ST_2 : Operation 72 [1/1] (0.00ns)   --->   "call void (...)* @_ssdm_op_SpecInterface(i20* %res_V_data_11_V, [8 x i8]* @ap_fifo_str, i32 0, i32 0, [1 x i8]* @p_str1152, i32 0, i32 0, [1 x i8]* @p_str1153, [1 x i8]* @p_str1154, [1 x i8]* @p_str1155, i32 2, i32 2, i32 16, i32 16, [1 x i8]* @p_str1156, [1 x i8]* @p_str1157)"   --->   Operation 72 'specinterface' <Predicate = true> <Delay = 0.00>
ST_2 : Operation 73 [1/1] (0.00ns)   --->   "call void (...)* @_ssdm_op_SpecInterface(i20* %res_V_data_10_V, [8 x i8]* @ap_fifo_str, i32 0, i32 0, [1 x i8]* @p_str1145, i32 0, i32 0, [1 x i8]* @p_str1146, [1 x i8]* @p_str1147, [1 x i8]* @p_str1148, i32 2, i32 2, i32 16, i32 16, [1 x i8]* @p_str1149, [1 x i8]* @p_str1150)"   --->   Operation 73 'specinterface' <Predicate = true> <Delay = 0.00>
ST_2 : Operation 74 [1/1] (0.00ns)   --->   "call void (...)* @_ssdm_op_SpecInterface(i20* %res_V_data_9_V, [8 x i8]* @ap_fifo_str, i32 0, i32 0, [1 x i8]* @p_str1138, i32 0, i32 0, [1 x i8]* @p_str1139, [1 x i8]* @p_str1140, [1 x i8]* @p_str1141, i32 2, i32 2, i32 16, i32 16, [1 x i8]* @p_str1142, [1 x i8]* @p_str1143)"   --->   Operation 74 'specinterface' <Predicate = true> <Delay = 0.00>
ST_2 : Operation 75 [1/1] (0.00ns)   --->   "call void (...)* @_ssdm_op_SpecInterface(i20* %res_V_data_8_V, [8 x i8]* @ap_fifo_str, i32 0, i32 0, [1 x i8]* @p_str1131, i32 0, i32 0, [1 x i8]* @p_str1132, [1 x i8]* @p_str1133, [1 x i8]* @p_str1134, i32 2, i32 2, i32 16, i32 16, [1 x i8]* @p_str1135, [1 x i8]* @p_str1136)"   --->   Operation 75 'specinterface' <Predicate = true> <Delay = 0.00>
ST_2 : Operation 76 [1/1] (0.00ns)   --->   "call void (...)* @_ssdm_op_SpecInterface(i20* %res_V_data_7_V, [8 x i8]* @ap_fifo_str, i32 0, i32 0, [1 x i8]* @p_str1124, i32 0, i32 0, [1 x i8]* @p_str1125, [1 x i8]* @p_str1126, [1 x i8]* @p_str1127, i32 2, i32 2, i32 16, i32 16, [1 x i8]* @p_str1128, [1 x i8]* @p_str1129)"   --->   Operation 76 'specinterface' <Predicate = true> <Delay = 0.00>
ST_2 : Operation 77 [1/1] (0.00ns)   --->   "call void (...)* @_ssdm_op_SpecInterface(i20* %res_V_data_6_V, [8 x i8]* @ap_fifo_str, i32 0, i32 0, [1 x i8]* @p_str1117, i32 0, i32 0, [1 x i8]* @p_str1118, [1 x i8]* @p_str1119, [1 x i8]* @p_str1120, i32 2, i32 2, i32 16, i32 16, [1 x i8]* @p_str1121, [1 x i8]* @p_str1122)"   --->   Operation 77 'specinterface' <Predicate = true> <Delay = 0.00>
ST_2 : Operation 78 [1/1] (0.00ns)   --->   "call void (...)* @_ssdm_op_SpecInterface(i20* %res_V_data_5_V, [8 x i8]* @ap_fifo_str, i32 0, i32 0, [1 x i8]* @p_str1110, i32 0, i32 0, [1 x i8]* @p_str1111, [1 x i8]* @p_str1112, [1 x i8]* @p_str1113, i32 2, i32 2, i32 16, i32 16, [1 x i8]* @p_str1114, [1 x i8]* @p_str1115)"   --->   Operation 78 'specinterface' <Predicate = true> <Delay = 0.00>
ST_2 : Operation 79 [1/1] (0.00ns)   --->   "call void (...)* @_ssdm_op_SpecInterface(i20* %res_V_data_4_V, [8 x i8]* @ap_fifo_str, i32 0, i32 0, [1 x i8]* @p_str1103, i32 0, i32 0, [1 x i8]* @p_str1104, [1 x i8]* @p_str1105, [1 x i8]* @p_str1106, i32 2, i32 2, i32 16, i32 16, [1 x i8]* @p_str1107, [1 x i8]* @p_str1108)"   --->   Operation 79 'specinterface' <Predicate = true> <Delay = 0.00>
ST_2 : Operation 80 [1/1] (0.00ns)   --->   "call void (...)* @_ssdm_op_SpecInterface(i20* %res_V_data_3_V, [8 x i8]* @ap_fifo_str, i32 0, i32 0, [1 x i8]* @p_str1096, i32 0, i32 0, [1 x i8]* @p_str1097, [1 x i8]* @p_str1098, [1 x i8]* @p_str1099, i32 2, i32 2, i32 16, i32 16, [1 x i8]* @p_str1100, [1 x i8]* @p_str1101)"   --->   Operation 80 'specinterface' <Predicate = true> <Delay = 0.00>
ST_2 : Operation 81 [1/1] (0.00ns)   --->   "call void (...)* @_ssdm_op_SpecInterface(i20* %res_V_data_2_V, [8 x i8]* @ap_fifo_str, i32 0, i32 0, [1 x i8]* @p_str1089, i32 0, i32 0, [1 x i8]* @p_str1090, [1 x i8]* @p_str1091, [1 x i8]* @p_str1092, i32 2, i32 2, i32 16, i32 16, [1 x i8]* @p_str1093, [1 x i8]* @p_str1094)"   --->   Operation 81 'specinterface' <Predicate = true> <Delay = 0.00>
ST_2 : Operation 82 [1/1] (0.00ns)   --->   "call void (...)* @_ssdm_op_SpecInterface(i20* %res_V_data_1_V, [8 x i8]* @ap_fifo_str, i32 0, i32 0, [1 x i8]* @p_str1082, i32 0, i32 0, [1 x i8]* @p_str1083, [1 x i8]* @p_str1084, [1 x i8]* @p_str1085, i32 2, i32 2, i32 16, i32 16, [1 x i8]* @p_str1086, [1 x i8]* @p_str1087)"   --->   Operation 82 'specinterface' <Predicate = true> <Delay = 0.00>
ST_2 : Operation 83 [1/1] (0.00ns)   --->   "call void (...)* @_ssdm_op_SpecInterface(i20* %res_V_data_0_V, [8 x i8]* @ap_fifo_str, i32 0, i32 0, [1 x i8]* @p_str1075, i32 0, i32 0, [1 x i8]* @p_str1076, [1 x i8]* @p_str1077, [1 x i8]* @p_str1078, i32 2, i32 2, i32 16, i32 16, [1 x i8]* @p_str1079, [1 x i8]* @p_str1080)"   --->   Operation 83 'specinterface' <Predicate = true> <Delay = 0.00>
ST_2 : Operation 84 [1/1] (0.00ns)   --->   "call void (...)* @_ssdm_op_SpecInterface(i46* %data_V_data_15_V, [8 x i8]* @ap_fifo_str, i32 0, i32 0, [1 x i8]* @p_str1068, i32 0, i32 0, [1 x i8]* @p_str1069, [1 x i8]* @p_str1070, [1 x i8]* @p_str1071, i32 2, i32 2, i32 16, i32 16, [1 x i8]* @p_str1072, [1 x i8]* @p_str1073)"   --->   Operation 84 'specinterface' <Predicate = true> <Delay = 0.00>
ST_2 : Operation 85 [1/1] (0.00ns)   --->   "call void (...)* @_ssdm_op_SpecInterface(i46* %data_V_data_14_V, [8 x i8]* @ap_fifo_str, i32 0, i32 0, [1 x i8]* @p_str1061, i32 0, i32 0, [1 x i8]* @p_str1062, [1 x i8]* @p_str1063, [1 x i8]* @p_str1064, i32 2, i32 2, i32 16, i32 16, [1 x i8]* @p_str1065, [1 x i8]* @p_str1066)"   --->   Operation 85 'specinterface' <Predicate = true> <Delay = 0.00>
ST_2 : Operation 86 [1/1] (0.00ns)   --->   "call void (...)* @_ssdm_op_SpecInterface(i46* %data_V_data_13_V, [8 x i8]* @ap_fifo_str, i32 0, i32 0, [1 x i8]* @p_str1054, i32 0, i32 0, [1 x i8]* @p_str1055, [1 x i8]* @p_str1056, [1 x i8]* @p_str1057, i32 2, i32 2, i32 16, i32 16, [1 x i8]* @p_str1058, [1 x i8]* @p_str1059)"   --->   Operation 86 'specinterface' <Predicate = true> <Delay = 0.00>
ST_2 : Operation 87 [1/1] (0.00ns)   --->   "call void (...)* @_ssdm_op_SpecInterface(i46* %data_V_data_12_V, [8 x i8]* @ap_fifo_str, i32 0, i32 0, [1 x i8]* @p_str1047, i32 0, i32 0, [1 x i8]* @p_str1048, [1 x i8]* @p_str1049, [1 x i8]* @p_str1050, i32 2, i32 2, i32 16, i32 16, [1 x i8]* @p_str1051, [1 x i8]* @p_str1052)"   --->   Operation 87 'specinterface' <Predicate = true> <Delay = 0.00>
ST_2 : Operation 88 [1/1] (0.00ns)   --->   "call void (...)* @_ssdm_op_SpecInterface(i46* %data_V_data_11_V, [8 x i8]* @ap_fifo_str, i32 0, i32 0, [1 x i8]* @p_str1040, i32 0, i32 0, [1 x i8]* @p_str1041, [1 x i8]* @p_str1042, [1 x i8]* @p_str1043, i32 2, i32 2, i32 16, i32 16, [1 x i8]* @p_str1044, [1 x i8]* @p_str1045)"   --->   Operation 88 'specinterface' <Predicate = true> <Delay = 0.00>
ST_2 : Operation 89 [1/1] (0.00ns)   --->   "call void (...)* @_ssdm_op_SpecInterface(i46* %data_V_data_10_V, [8 x i8]* @ap_fifo_str, i32 0, i32 0, [1 x i8]* @p_str1033, i32 0, i32 0, [1 x i8]* @p_str1034, [1 x i8]* @p_str1035, [1 x i8]* @p_str1036, i32 2, i32 2, i32 16, i32 16, [1 x i8]* @p_str1037, [1 x i8]* @p_str1038)"   --->   Operation 89 'specinterface' <Predicate = true> <Delay = 0.00>
ST_2 : Operation 90 [1/1] (0.00ns)   --->   "call void (...)* @_ssdm_op_SpecInterface(i46* %data_V_data_9_V, [8 x i8]* @ap_fifo_str, i32 0, i32 0, [1 x i8]* @p_str1026, i32 0, i32 0, [1 x i8]* @p_str1027, [1 x i8]* @p_str1028, [1 x i8]* @p_str1029, i32 2, i32 2, i32 16, i32 16, [1 x i8]* @p_str1030, [1 x i8]* @p_str1031)"   --->   Operation 90 'specinterface' <Predicate = true> <Delay = 0.00>
ST_2 : Operation 91 [1/1] (0.00ns)   --->   "call void (...)* @_ssdm_op_SpecInterface(i46* %data_V_data_8_V, [8 x i8]* @ap_fifo_str, i32 0, i32 0, [1 x i8]* @p_str1019, i32 0, i32 0, [1 x i8]* @p_str1020, [1 x i8]* @p_str1021, [1 x i8]* @p_str1022, i32 2, i32 2, i32 16, i32 16, [1 x i8]* @p_str1023, [1 x i8]* @p_str1024)"   --->   Operation 91 'specinterface' <Predicate = true> <Delay = 0.00>
ST_2 : Operation 92 [1/1] (0.00ns)   --->   "call void (...)* @_ssdm_op_SpecInterface(i46* %data_V_data_7_V, [8 x i8]* @ap_fifo_str, i32 0, i32 0, [1 x i8]* @p_str1012, i32 0, i32 0, [1 x i8]* @p_str1013, [1 x i8]* @p_str1014, [1 x i8]* @p_str1015, i32 2, i32 2, i32 16, i32 16, [1 x i8]* @p_str1016, [1 x i8]* @p_str1017)"   --->   Operation 92 'specinterface' <Predicate = true> <Delay = 0.00>
ST_2 : Operation 93 [1/1] (0.00ns)   --->   "call void (...)* @_ssdm_op_SpecInterface(i46* %data_V_data_6_V, [8 x i8]* @ap_fifo_str, i32 0, i32 0, [1 x i8]* @p_str1005, i32 0, i32 0, [1 x i8]* @p_str1006, [1 x i8]* @p_str1007, [1 x i8]* @p_str1008, i32 2, i32 2, i32 16, i32 16, [1 x i8]* @p_str1009, [1 x i8]* @p_str1010)"   --->   Operation 93 'specinterface' <Predicate = true> <Delay = 0.00>
ST_2 : Operation 94 [1/1] (0.00ns)   --->   "call void (...)* @_ssdm_op_SpecInterface(i46* %data_V_data_5_V, [8 x i8]* @ap_fifo_str, i32 0, i32 0, [1 x i8]* @p_str998, i32 0, i32 0, [1 x i8]* @p_str999, [1 x i8]* @p_str1000, [1 x i8]* @p_str1001, i32 2, i32 2, i32 16, i32 16, [1 x i8]* @p_str1002, [1 x i8]* @p_str1003)"   --->   Operation 94 'specinterface' <Predicate = true> <Delay = 0.00>
ST_2 : Operation 95 [1/1] (0.00ns)   --->   "call void (...)* @_ssdm_op_SpecInterface(i46* %data_V_data_4_V, [8 x i8]* @ap_fifo_str, i32 0, i32 0, [1 x i8]* @p_str991, i32 0, i32 0, [1 x i8]* @p_str992, [1 x i8]* @p_str993, [1 x i8]* @p_str994, i32 2, i32 2, i32 16, i32 16, [1 x i8]* @p_str995, [1 x i8]* @p_str996)"   --->   Operation 95 'specinterface' <Predicate = true> <Delay = 0.00>
ST_2 : Operation 96 [1/1] (0.00ns)   --->   "call void (...)* @_ssdm_op_SpecInterface(i46* %data_V_data_3_V, [8 x i8]* @ap_fifo_str, i32 0, i32 0, [1 x i8]* @p_str984, i32 0, i32 0, [1 x i8]* @p_str985, [1 x i8]* @p_str986, [1 x i8]* @p_str987, i32 2, i32 2, i32 16, i32 16, [1 x i8]* @p_str988, [1 x i8]* @p_str989)"   --->   Operation 96 'specinterface' <Predicate = true> <Delay = 0.00>
ST_2 : Operation 97 [1/1] (0.00ns)   --->   "call void (...)* @_ssdm_op_SpecInterface(i46* %data_V_data_2_V, [8 x i8]* @ap_fifo_str, i32 0, i32 0, [1 x i8]* @p_str977, i32 0, i32 0, [1 x i8]* @p_str978, [1 x i8]* @p_str979, [1 x i8]* @p_str980, i32 2, i32 2, i32 16, i32 16, [1 x i8]* @p_str981, [1 x i8]* @p_str982)"   --->   Operation 97 'specinterface' <Predicate = true> <Delay = 0.00>
ST_2 : Operation 98 [1/1] (0.00ns)   --->   "call void (...)* @_ssdm_op_SpecInterface(i46* %data_V_data_1_V, [8 x i8]* @ap_fifo_str, i32 0, i32 0, [1 x i8]* @p_str970, i32 0, i32 0, [1 x i8]* @p_str971, [1 x i8]* @p_str972, [1 x i8]* @p_str973, i32 2, i32 2, i32 16, i32 16, [1 x i8]* @p_str974, [1 x i8]* @p_str975)"   --->   Operation 98 'specinterface' <Predicate = true> <Delay = 0.00>
ST_2 : Operation 99 [1/1] (0.00ns)   --->   "call void (...)* @_ssdm_op_SpecInterface(i46* %data_V_data_0_V, [8 x i8]* @ap_fifo_str, i32 0, i32 0, [1 x i8]* @p_str963, i32 0, i32 0, [1 x i8]* @p_str964, [1 x i8]* @p_str965, [1 x i8]* @p_str966, i32 2, i32 2, i32 16, i32 16, [1 x i8]* @p_str967, [1 x i8]* @p_str968)"   --->   Operation 99 'specinterface' <Predicate = true> <Delay = 0.00>
ST_2 : Operation 100 [1/1] (0.00ns)   --->   "call void (...)* @_ssdm_op_SpecLoopName([12 x i8]* @p_str40) nounwind" [firmware/nnet_utils/nnet_activation_stream.h:41]   --->   Operation 100 'specloopname' <Predicate = true> <Delay = 0.00>
ST_2 : Operation 101 [1/1] (0.00ns)   --->   "%tmp = call i32 (...)* @_ssdm_op_SpecRegionBegin([12 x i8]* @p_str40)" [firmware/nnet_utils/nnet_activation_stream.h:41]   --->   Operation 101 'specregionbegin' 'tmp' <Predicate = true> <Delay = 0.00>
ST_2 : Operation 102 [1/1] (0.00ns)   --->   "call void (...)* @_ssdm_op_SpecPipeline(i32 -1, i32 1, i32 1, i32 0, [1 x i8]* @p_str12) nounwind" [firmware/nnet_utils/nnet_activation_stream.h:42]   --->   Operation 102 'specpipeline' <Predicate = true> <Delay = 0.00>
ST_2 : Operation 103 [1/1] (2.18ns)   --->   "call void @_ssdm_op_Write.ap_fifo.volatile.i20P.i20P.i20P.i20P.i20P.i20P.i20P.i20P.i20P.i20P.i20P.i20P.i20P.i20P.i20P.i20P(i20* %res_V_data_0_V, i20* %res_V_data_1_V, i20* %res_V_data_2_V, i20* %res_V_data_3_V, i20* %res_V_data_4_V, i20* %res_V_data_5_V, i20* %res_V_data_6_V, i20* %res_V_data_7_V, i20* %res_V_data_8_V, i20* %res_V_data_9_V, i20* %res_V_data_10_V, i20* %res_V_data_11_V, i20* %res_V_data_12_V, i20* %res_V_data_13_V, i20* %res_V_data_14_V, i20* %res_V_data_15_V, i20 %tmp_data_0_V, i20 %tmp_data_1_V, i20 %tmp_data_2_V, i20 %tmp_data_3_V, i20 %tmp_data_4_V, i20 %tmp_data_5_V, i20 %tmp_data_6_V, i20 %tmp_data_7_V, i20 %tmp_data_8_V, i20 %tmp_data_9_V, i20 %tmp_data_10_V, i20 %tmp_data_11_V, i20 %tmp_data_12_V, i20 %tmp_data_13_V, i20 %tmp_data_14_V, i20 %tmp_data_15_V)" [firmware/nnet_utils/nnet_activation_stream.h:57]   --->   Operation 103 'write' <Predicate = true> <Delay = 2.18> <Core = "FIFO">   --->   Core 32 'FIFO' <Latency = 0> <II = 1> <Delay = 2.39> <Storage> <Opcode : 'read' 'write' 'nbread' 'nbwrite'> <Ports = 0> <Width = 20> <Depth = 1> <FIFO>
ST_2 : Operation 104 [1/1] (0.00ns)   --->   "%empty_31 = call i32 (...)* @_ssdm_op_SpecRegionEnd([12 x i8]* @p_str40, i32 %tmp)" [firmware/nnet_utils/nnet_activation_stream.h:58]   --->   Operation 104 'specregionend' 'empty_31' <Predicate = true> <Delay = 0.00>
ST_2 : Operation 105 [1/1] (0.00ns)   --->   "ret void" [firmware/nnet_utils/nnet_activation_stream.h:59]   --->   Operation 105 'ret' <Predicate = true> <Delay = 0.00>


============================================================
+ Verbose Summary: Timing violations
============================================================
Target clock period: 5ns, clock uncertainty: 0.625ns.

 <State 1>: 4.3ns
The critical path consists of the following:
	fifo read on port 'data_V_data_0_V' (firmware/nnet_utils/nnet_activation_stream.h:44) [68]  (2.19 ns)
	'icmp' operation ('icmp_ln1494', firmware/nnet_utils/nnet_activation_stream.h:51) [85]  (1.39 ns)
	'select' operation ('tmp.data[0].V', firmware/nnet_utils/nnet_activation_stream.h:51) [117]  (0.72 ns)

 <State 2>: 2.19ns
The critical path consists of the following:
	fifo write on port 'res_V_data_0_V' (firmware/nnet_utils/nnet_activation_stream.h:57) [133]  (2.19 ns)


============================================================
+ Verbose Summary: Binding
============================================================
N/A
* FSMD analyzer results:
  - Output states:
 - Input state : 
  - Chain level:
	State 1
	State 2


============================================================
+ Verbose Summary: Datapath Resource usage 
============================================================
N/A
