Copyright 1986-2019 Xilinx, Inc. All Rights Reserved.
-----------------------------------------------------------------------------------------
| Tool Version      : Vivado v.2019.1 (lin64) Build 2552052 Fri May 24 14:47:09 MDT 2019
| Date              : Sun Nov 30 01:10:18 2025
| Host              : hvm1 running 64-bit Ubuntu 22.04.5 LTS
| Command           : report_timing_summary -file ./../reports/gaussian_timing.rpt
| Design            : myproject
| Device            : xcku035-fbva676
| Speed File        : -2  PRODUCTION 1.25 12-04-2018
| Temperature Grade : E
-----------------------------------------------------------------------------------------

Timing Summary Report

------------------------------------------------------------------------------------------------
| Timer Settings
| --------------
------------------------------------------------------------------------------------------------

  Enable Multi Corner Analysis               :  Yes
  Enable Pessimism Removal                   :  Yes
  Pessimism Removal Resolution               :  Nearest Common Node
  Enable Input Delay Default Clock           :  No
  Enable Preset / Clear Arcs                 :  No
  Disable Flight Delays                      :  No
  Ignore I/O Paths                           :  No
  Timing Early Launch at Borrowing Latches   :  No
  Borrow Time for Max Delay Exceptions       :  Yes

  Corner  Analyze    Analyze    
  Name    Max Paths  Min Paths  
  ------  ---------  ---------  
  Slow    Yes        Yes        
  Fast    Yes        Yes        



check_timing report

Table of Contents
-----------------
1. checking no_clock
2. checking constant_clock
3. checking pulse_width_clock
4. checking unconstrained_internal_endpoints
5. checking no_input_delay
6. checking no_output_delay
7. checking multiple_clock
8. checking generated_clocks
9. checking loops
10. checking partial_input_delay
11. checking partial_output_delay
12. checking latch_loops

1. checking no_clock
--------------------
 There are 0 register/latch pins with no clock.


2. checking constant_clock
--------------------------
 There are 0 register/latch pins with constant_clock.


3. checking pulse_width_clock
-----------------------------
 There are 0 register/latch pins which need pulse_width check


4. checking unconstrained_internal_endpoints
--------------------------------------------
 There are 0 pins that are not constrained for maximum delay.

 There are 0 pins that are not constrained for maximum delay due to constant clock.


5. checking no_input_delay
--------------------------
 There are 16 input ports with no input delay specified. (HIGH)

 There are 0 input ports with no input delay but user has a false path constraint.


6. checking no_output_delay
---------------------------
 There are 69 ports with no output delay specified. (HIGH)

 There are 0 ports with no output delay but user has a false path constraint

 There are 0 ports with no output delay but with a timing clock defined on it or propagating through it


7. checking multiple_clock
--------------------------
 There are 0 register/latch pins with multiple clocks.


8. checking generated_clocks
----------------------------
 There are 0 generated clocks that are not connected to a clock source.


9. checking loops
-----------------
 There are 0 combinational loops in the design.


10. checking partial_input_delay
--------------------------------
 There are 0 input ports with partial input delay specified.


11. checking partial_output_delay
---------------------------------
 There are 0 ports with partial output delay specified.


12. checking latch_loops
------------------------
 There are 0 combinational latch loops in the design through latch input



------------------------------------------------------------------------------------------------
| Design Timing Summary
| ---------------------
------------------------------------------------------------------------------------------------

    WNS(ns)      TNS(ns)  TNS Failing Endpoints  TNS Total Endpoints      WHS(ns)      THS(ns)  THS Failing Endpoints  THS Total Endpoints     WPWS(ns)     TPWS(ns)  TPWS Failing Endpoints  TPWS Total Endpoints  
    -------      -------  ---------------------  -------------------      -------      -------  ---------------------  -------------------     --------     --------  ----------------------  --------------------  
      0.122        0.000                      0                36672        0.016        0.000                      0                36672        1.520        0.000                       0                 17588  


All user specified timing constraints are met.


------------------------------------------------------------------------------------------------
| Clock Summary
| -------------
------------------------------------------------------------------------------------------------

Clock   Waveform(ns)         Period(ns)      Frequency(MHz)
-----   ------------         ----------      --------------
ap_clk  {0.000 2.500}        5.000           200.000         


------------------------------------------------------------------------------------------------
| Intra Clock Table
| -----------------
------------------------------------------------------------------------------------------------

Clock             WNS(ns)      TNS(ns)  TNS Failing Endpoints  TNS Total Endpoints      WHS(ns)      THS(ns)  THS Failing Endpoints  THS Total Endpoints     WPWS(ns)     TPWS(ns)  TPWS Failing Endpoints  TPWS Total Endpoints  
-----             -------      -------  ---------------------  -------------------      -------      -------  ---------------------  -------------------     --------     --------  ----------------------  --------------------  
ap_clk              0.122        0.000                      0                36672        0.016        0.000                      0                36672        1.520        0.000                       0                 17588  


------------------------------------------------------------------------------------------------
| Inter Clock Table
| -----------------
------------------------------------------------------------------------------------------------

From Clock    To Clock          WNS(ns)      TNS(ns)  TNS Failing Endpoints  TNS Total Endpoints      WHS(ns)      THS(ns)  THS Failing Endpoints  THS Total Endpoints  
----------    --------          -------      -------  ---------------------  -------------------      -------      -------  ---------------------  -------------------  


------------------------------------------------------------------------------------------------
| Other Path Groups Table
| -----------------------
------------------------------------------------------------------------------------------------

Path Group    From Clock    To Clock          WNS(ns)      TNS(ns)  TNS Failing Endpoints  TNS Total Endpoints      WHS(ns)      THS(ns)  THS Failing Endpoints  THS Total Endpoints  
----------    ----------    --------          -------      -------  ---------------------  -------------------      -------      -------  ---------------------  -------------------  


------------------------------------------------------------------------------------------------
| Timing Details
| --------------
------------------------------------------------------------------------------------------------


---------------------------------------------------------------------------------------------------
From Clock:  ap_clk
  To Clock:  ap_clk

Setup :            0  Failing Endpoints,  Worst Slack        0.122ns,  Total Violation        0.000ns
Hold  :            0  Failing Endpoints,  Worst Slack        0.016ns,  Total Violation        0.000ns
PW    :            0  Failing Endpoints,  Worst Slack        1.520ns,  Total Violation        0.000ns
---------------------------------------------------------------------------------------------------


Max Delay Paths
--------------------------------------------------------------------------------------
Slack (MET) :             0.122ns  (required time - arrival time)
  Source:                 conv_2d_cl_array_ap_ufixed_6u_array_ap_fixed_8_2_5_3_0_8u_config6_U0/grp_compute_output_buffer_2d_array_array_ap_fixed_8_2_5_3_0_8u_config6_s_fu_359/grp_dense_resource_rf_leq_nin_ap_ufixed_ap_fixed_config6_mult_0_0_0_0_0_0_0_0_0_fu_332/ap_enable_reg_pp0_iter2_reg/C
                            (rising edge-triggered cell FDRE clocked by ap_clk  {rise@0.000ns fall@2.500ns period=5.000ns})
  Destination:            conv_2d_cl_array_ap_ufixed_6u_array_ap_fixed_8_2_5_3_0_8u_config6_U0/grp_compute_output_buffer_2d_array_array_ap_fixed_8_2_5_3_0_8u_config6_s_fu_359/grp_dense_resource_rf_leq_nin_ap_ufixed_ap_fixed_config6_mult_0_0_0_0_0_0_0_0_0_fu_332/trunc_ln708_51_reg_11164_reg[11]/D
                            (rising edge-triggered cell FDRE clocked by ap_clk  {rise@0.000ns fall@2.500ns period=5.000ns})
  Path Group:             ap_clk
  Path Type:              Setup (Max at Slow Process Corner)
  Requirement:            5.000ns  (ap_clk rise@5.000ns - ap_clk rise@0.000ns)
  Data Path Delay:        4.563ns  (logic 1.332ns (29.191%)  route 3.231ns (70.809%))
  Logic Levels:           9  (CARRY8=3 LUT2=1 LUT4=1 LUT5=1 LUT6=2 MUXF7=1)
  Clock Path Skew:        -0.338ns (DCD - SCD + CPR)
    Destination Clock Delay (DCD):    3.362ns = ( 8.362 - 5.000 ) 
    Source Clock Delay      (SCD):    4.127ns
    Clock Pessimism Removal (CPR):    0.427ns
  Clock Uncertainty:      0.035ns  ((TSJ^2 + TIJ^2)^1/2 + DJ) / 2 + PE
    Total System Jitter     (TSJ):    0.071ns
    Total Input Jitter      (TIJ):    0.000ns
    Discrete Jitter          (DJ):    0.000ns
    Phase Error              (PE):    0.000ns
  Clock Net Delay (Source):      2.486ns (routing 0.838ns, distribution 1.648ns)
  Clock Net Delay (Destination): 2.079ns (routing 0.769ns, distribution 1.310ns)

    Location             Delay type                Incr(ns)  Path(ns)    Netlist Resource(s)
  -------------------------------------------------------------------    -------------------
                         (clock ap_clk rise edge)     0.000     0.000 r  
    AA13                                              0.000     0.000 r  ap_clk (IN)
                         net (fo=0)                   0.000     0.000    ap_clk_IBUF_inst/I
    AA13                 INBUF (Prop_INBUF_HRIO_PAD_O)
                                                      0.707     0.707 r  ap_clk_IBUF_inst/INBUF_INST/O
                         net (fo=1, routed)           0.092     0.799    ap_clk_IBUF_inst/OUT
    AA13                 IBUFCTRL (Prop_IBUFCTRL_HRIO_I_O)
                                                      0.043     0.842 r  ap_clk_IBUF_inst/IBUFCTRL_INST/O
                         net (fo=1, routed)           0.716     1.558    ap_clk_IBUF
    BUFGCE_X1Y2          BUFGCE (Prop_BUFCE_BUFGCE_I_O)
                                                      0.083     1.641 r  ap_clk_IBUF_BUFG_inst/O
    X2Y2 (CLOCK_ROOT)    net (fo=17587, routed)       2.486     4.127    conv_2d_cl_array_ap_ufixed_6u_array_ap_fixed_8_2_5_3_0_8u_config6_U0/grp_compute_output_buffer_2d_array_array_ap_fixed_8_2_5_3_0_8u_config6_s_fu_359/grp_dense_resource_rf_leq_nin_ap_ufixed_ap_fixed_config6_mult_0_0_0_0_0_0_0_0_0_fu_332/ap_clk_IBUF_BUFG
    SLICE_X77Y186        FDRE                                         r  conv_2d_cl_array_ap_ufixed_6u_array_ap_fixed_8_2_5_3_0_8u_config6_U0/grp_compute_output_buffer_2d_array_array_ap_fixed_8_2_5_3_0_8u_config6_s_fu_359/grp_dense_resource_rf_leq_nin_ap_ufixed_ap_fixed_config6_mult_0_0_0_0_0_0_0_0_0_fu_332/ap_enable_reg_pp0_iter2_reg/C
  -------------------------------------------------------------------    -------------------
    SLICE_X77Y186        FDRE (Prop_HFF_SLICEL_C_Q)
                                                      0.114     4.241 r  conv_2d_cl_array_ap_ufixed_6u_array_ap_fixed_8_2_5_3_0_8u_config6_U0/grp_compute_output_buffer_2d_array_array_ap_fixed_8_2_5_3_0_8u_config6_s_fu_359/grp_dense_resource_rf_leq_nin_ap_ufixed_ap_fixed_config6_mult_0_0_0_0_0_0_0_0_0_fu_332/ap_enable_reg_pp0_iter2_reg/Q
                         net (fo=867, routed)         0.665     4.906    conv_2d_cl_array_ap_ufixed_6u_array_ap_fixed_8_2_5_3_0_8u_config6_U0/grp_compute_output_buffer_2d_array_array_ap_fixed_8_2_5_3_0_8u_config6_s_fu_359/grp_dense_resource_rf_leq_nin_ap_ufixed_ap_fixed_config6_mult_0_0_0_0_0_0_0_0_0_fu_332/ap_enable_reg_pp0_iter2
    SLICE_X77Y177        LUT4 (Prop_E6LUT_SLICEL_I0_O)
                                                      0.069     4.975 r  conv_2d_cl_array_ap_ufixed_6u_array_ap_fixed_8_2_5_3_0_8u_config6_U0/grp_compute_output_buffer_2d_array_array_ap_fixed_8_2_5_3_0_8u_config6_s_fu_359/grp_dense_resource_rf_leq_nin_ap_ufixed_ap_fixed_config6_mult_0_0_0_0_0_0_0_0_0_fu_332/trunc_ln708_39_reg_11104[1]_i_76/O
                         net (fo=1, routed)           0.239     5.214    conv_2d_cl_array_ap_ufixed_6u_array_ap_fixed_8_2_5_3_0_8u_config6_U0/grp_compute_output_buffer_2d_array_array_ap_fixed_8_2_5_3_0_8u_config6_s_fu_359/grp_dense_resource_rf_leq_nin_ap_ufixed_ap_fixed_config6_mult_0_0_0_0_0_0_0_0_0_fu_332/myproject_mux_646_8_1_1_U160/trunc_ln708_39_reg_11104_reg[1]_i_40_2[1]
    SLICE_X79Y177        LUT6 (Prop_D6LUT_SLICEM_I0_O)
                                                      0.118     5.332 r  conv_2d_cl_array_ap_ufixed_6u_array_ap_fixed_8_2_5_3_0_8u_config6_U0/grp_compute_output_buffer_2d_array_array_ap_fixed_8_2_5_3_0_8u_config6_s_fu_359/grp_dense_resource_rf_leq_nin_ap_ufixed_ap_fixed_config6_mult_0_0_0_0_0_0_0_0_0_fu_332/myproject_mux_646_8_1_1_U160/trunc_ln708_39_reg_11104[1]_i_54/O
                         net (fo=1, routed)           0.000     5.332    conv_2d_cl_array_ap_ufixed_6u_array_ap_fixed_8_2_5_3_0_8u_config6_U0/grp_compute_output_buffer_2d_array_array_ap_fixed_8_2_5_3_0_8u_config6_s_fu_359/grp_dense_resource_rf_leq_nin_ap_ufixed_ap_fixed_config6_mult_0_0_0_0_0_0_0_0_0_fu_332/myproject_mux_646_8_1_1_U160/mux_1_0__2[1]
    SLICE_X79Y177        MUXF7 (Prop_F7MUX_CD_SLICEM_I0_O)
                                                      0.067     5.399 r  conv_2d_cl_array_ap_ufixed_6u_array_ap_fixed_8_2_5_3_0_8u_config6_U0/grp_compute_output_buffer_2d_array_array_ap_fixed_8_2_5_3_0_8u_config6_s_fu_359/grp_dense_resource_rf_leq_nin_ap_ufixed_ap_fixed_config6_mult_0_0_0_0_0_0_0_0_0_fu_332/myproject_mux_646_8_1_1_U160/trunc_ln708_39_reg_11104_reg[1]_i_43/O
                         net (fo=41, routed)          0.520     5.919    conv_2d_cl_array_ap_ufixed_6u_array_ap_fixed_8_2_5_3_0_8u_config6_U0/grp_compute_output_buffer_2d_array_array_ap_fixed_8_2_5_3_0_8u_config6_s_fu_359/grp_dense_resource_rf_leq_nin_ap_ufixed_ap_fixed_config6_mult_0_0_0_0_0_0_0_0_0_fu_332/myproject_mux_646_8_1_1_U160/w_index21_reg_727_reg[1]_0[1]
    SLICE_X77Y170        LUT5 (Prop_A6LUT_SLICEL_I4_O)
                                                      0.040     5.959 r  conv_2d_cl_array_ap_ufixed_6u_array_ap_fixed_8_2_5_3_0_8u_config6_U0/grp_compute_output_buffer_2d_array_array_ap_fixed_8_2_5_3_0_8u_config6_s_fu_359/grp_dense_resource_rf_leq_nin_ap_ufixed_ap_fixed_config6_mult_0_0_0_0_0_0_0_0_0_fu_332/myproject_mux_646_8_1_1_U160/trunc_ln708_39_reg_11104[1]_i_18/O
                         net (fo=104, routed)         0.592     6.551    conv_2d_cl_array_ap_ufixed_6u_array_ap_fixed_8_2_5_3_0_8u_config6_U0/grp_compute_output_buffer_2d_array_array_ap_fixed_8_2_5_3_0_8u_config6_s_fu_359/grp_dense_resource_rf_leq_nin_ap_ufixed_ap_fixed_config6_mult_0_0_0_0_0_0_0_0_0_fu_332/myproject_mux_646_8_1_1_U160_n_17
    SLICE_X72Y169        LUT6 (Prop_E6LUT_SLICEM_I0_O)
                                                      0.040     6.591 r  conv_2d_cl_array_ap_ufixed_6u_array_ap_fixed_8_2_5_3_0_8u_config6_U0/grp_compute_output_buffer_2d_array_array_ap_fixed_8_2_5_3_0_8u_config6_s_fu_359/grp_dense_resource_rf_leq_nin_ap_ufixed_ap_fixed_config6_mult_0_0_0_0_0_0_0_0_0_fu_332/trunc_ln708_51_reg_11164[1]_i_6/O
                         net (fo=1, routed)           0.329     6.920    conv_2d_cl_array_ap_ufixed_6u_array_ap_fixed_8_2_5_3_0_8u_config6_U0/grp_compute_output_buffer_2d_array_array_ap_fixed_8_2_5_3_0_8u_config6_s_fu_359/grp_dense_resource_rf_leq_nin_ap_ufixed_ap_fixed_config6_mult_0_0_0_0_0_0_0_0_0_fu_332/trunc_ln708_51_reg_11164[1]_i_6_n_1
    SLICE_X72Y167        CARRY8 (Prop_CARRY8_SLICEM_DI[3]_O[5])
                                                      0.274     7.194 r  conv_2d_cl_array_ap_ufixed_6u_array_ap_fixed_8_2_5_3_0_8u_config6_U0/grp_compute_output_buffer_2d_array_array_ap_fixed_8_2_5_3_0_8u_config6_s_fu_359/grp_dense_resource_rf_leq_nin_ap_ufixed_ap_fixed_config6_mult_0_0_0_0_0_0_0_0_0_fu_332/trunc_ln708_51_reg_11164_reg[1]_i_1/O[5]
                         net (fo=2, routed)           0.396     7.590    conv_2d_cl_array_ap_ufixed_6u_array_ap_fixed_8_2_5_3_0_8u_config6_U0/grp_compute_output_buffer_2d_array_array_ap_fixed_8_2_5_3_0_8u_config6_s_fu_359/grp_dense_resource_rf_leq_nin_ap_ufixed_ap_fixed_config6_mult_0_0_0_0_0_0_0_0_0_fu_332/trunc_ln708_51_reg_11164_reg[1]_i_1_n_11
    SLICE_X71Y168        LUT2 (Prop_C5LUT_SLICEM_I1_O)
                                                      0.135     7.725 r  conv_2d_cl_array_ap_ufixed_6u_array_ap_fixed_8_2_5_3_0_8u_config6_U0/grp_compute_output_buffer_2d_array_array_ap_fixed_8_2_5_3_0_8u_config6_s_fu_359/grp_dense_resource_rf_leq_nin_ap_ufixed_ap_fixed_config6_mult_0_0_0_0_0_0_0_0_0_fu_332/trunc_ln708_51_reg_11164[9]_i_6/O
                         net (fo=2, routed)           0.422     8.147    conv_2d_cl_array_ap_ufixed_6u_array_ap_fixed_8_2_5_3_0_8u_config6_U0/grp_compute_output_buffer_2d_array_array_ap_fixed_8_2_5_3_0_8u_config6_s_fu_359/grp_dense_resource_rf_leq_nin_ap_ufixed_ap_fixed_config6_mult_0_0_0_0_0_0_0_0_0_fu_332/trunc_ln708_51_reg_11164[9]_i_6_n_1
    SLICE_X71Y168        CARRY8 (Prop_CARRY8_SLICEM_DI[3]_CO[7])
                                                      0.342     8.489 r  conv_2d_cl_array_ap_ufixed_6u_array_ap_fixed_8_2_5_3_0_8u_config6_U0/grp_compute_output_buffer_2d_array_array_ap_fixed_8_2_5_3_0_8u_config6_s_fu_359/grp_dense_resource_rf_leq_nin_ap_ufixed_ap_fixed_config6_mult_0_0_0_0_0_0_0_0_0_fu_332/trunc_ln708_51_reg_11164_reg[9]_i_1/CO[7]
                         net (fo=1, routed)           0.027     8.516    conv_2d_cl_array_ap_ufixed_6u_array_ap_fixed_8_2_5_3_0_8u_config6_U0/grp_compute_output_buffer_2d_array_array_ap_fixed_8_2_5_3_0_8u_config6_s_fu_359/grp_dense_resource_rf_leq_nin_ap_ufixed_ap_fixed_config6_mult_0_0_0_0_0_0_0_0_0_fu_332/trunc_ln708_51_reg_11164_reg[9]_i_1_n_1
    SLICE_X71Y169        CARRY8 (Prop_CARRY8_SLICEM_CI_O[1])
                                                      0.133     8.649 r  conv_2d_cl_array_ap_ufixed_6u_array_ap_fixed_8_2_5_3_0_8u_config6_U0/grp_compute_output_buffer_2d_array_array_ap_fixed_8_2_5_3_0_8u_config6_s_fu_359/grp_dense_resource_rf_leq_nin_ap_ufixed_ap_fixed_config6_mult_0_0_0_0_0_0_0_0_0_fu_332/trunc_ln708_51_reg_11164_reg[11]_i_1/O[1]
                         net (fo=1, routed)           0.041     8.690    conv_2d_cl_array_ap_ufixed_6u_array_ap_fixed_8_2_5_3_0_8u_config6_U0/grp_compute_output_buffer_2d_array_array_ap_fixed_8_2_5_3_0_8u_config6_s_fu_359/grp_dense_resource_rf_leq_nin_ap_ufixed_ap_fixed_config6_mult_0_0_0_0_0_0_0_0_0_fu_332/mul_ln1118_42_fu_4849_p2[12]
    SLICE_X71Y169        FDRE                                         r  conv_2d_cl_array_ap_ufixed_6u_array_ap_fixed_8_2_5_3_0_8u_config6_U0/grp_compute_output_buffer_2d_array_array_ap_fixed_8_2_5_3_0_8u_config6_s_fu_359/grp_dense_resource_rf_leq_nin_ap_ufixed_ap_fixed_config6_mult_0_0_0_0_0_0_0_0_0_fu_332/trunc_ln708_51_reg_11164_reg[11]/D
  -------------------------------------------------------------------    -------------------

                         (clock ap_clk rise edge)     5.000     5.000 r  
    AA13                                              0.000     5.000 r  ap_clk (IN)
                         net (fo=0)                   0.000     5.000    ap_clk_IBUF_inst/I
    AA13                 INBUF (Prop_INBUF_HRIO_PAD_O)
                                                      0.495     5.495 r  ap_clk_IBUF_inst/INBUF_INST/O
                         net (fo=1, routed)           0.059     5.554    ap_clk_IBUF_inst/OUT
    AA13                 IBUFCTRL (Prop_IBUFCTRL_HRIO_I_O)
                                                      0.032     5.586 r  ap_clk_IBUF_inst/IBUFCTRL_INST/O
                         net (fo=1, routed)           0.622     6.208    ap_clk_IBUF
    BUFGCE_X1Y2          BUFGCE (Prop_BUFCE_BUFGCE_I_O)
                                                      0.075     6.283 r  ap_clk_IBUF_BUFG_inst/O
    X2Y2 (CLOCK_ROOT)    net (fo=17587, routed)       2.079     8.362    conv_2d_cl_array_ap_ufixed_6u_array_ap_fixed_8_2_5_3_0_8u_config6_U0/grp_compute_output_buffer_2d_array_array_ap_fixed_8_2_5_3_0_8u_config6_s_fu_359/grp_dense_resource_rf_leq_nin_ap_ufixed_ap_fixed_config6_mult_0_0_0_0_0_0_0_0_0_fu_332/ap_clk_IBUF_BUFG
    SLICE_X71Y169        FDRE                                         r  conv_2d_cl_array_ap_ufixed_6u_array_ap_fixed_8_2_5_3_0_8u_config6_U0/grp_compute_output_buffer_2d_array_array_ap_fixed_8_2_5_3_0_8u_config6_s_fu_359/grp_dense_resource_rf_leq_nin_ap_ufixed_ap_fixed_config6_mult_0_0_0_0_0_0_0_0_0_fu_332/trunc_ln708_51_reg_11164_reg[11]/C
                         clock pessimism              0.427     8.789    
                         clock uncertainty           -0.035     8.754    
    SLICE_X71Y169        FDRE (Setup_BFF_SLICEM_C_D)
                                                      0.058     8.812    conv_2d_cl_array_ap_ufixed_6u_array_ap_fixed_8_2_5_3_0_8u_config6_U0/grp_compute_output_buffer_2d_array_array_ap_fixed_8_2_5_3_0_8u_config6_s_fu_359/grp_dense_resource_rf_leq_nin_ap_ufixed_ap_fixed_config6_mult_0_0_0_0_0_0_0_0_0_fu_332/trunc_ln708_51_reg_11164_reg[11]
  -------------------------------------------------------------------
                         required time                          8.812    
                         arrival time                          -8.690    
  -------------------------------------------------------------------
                         slack                                  0.122    





Min Delay Paths
--------------------------------------------------------------------------------------
Slack (MET) :             0.016ns  (arrival time - required time)
  Source:                 conv_2d_cl_array_ap_ufixed_1u_array_ap_fixed_8_2_5_3_0_6u_config2_U0/grp_compute_output_buffer_2d_array_array_ap_fixed_8_2_5_3_0_6u_config2_s_fu_173/call_ret_shift_line_buffer_array_ap_ufixed_8_0_5_3_0_1u_config2_s_fu_208/line_buffer_Array_V_0_0_U/shift_line_buffer_array_ap_ufixed_8_0_5_3_0_1u_config2_s_line_buffer_Array_V_bkb_core_U/ShiftRegMem_reg[34][6]_srl32/CLK
                            (rising edge-triggered cell SRLC32E clocked by ap_clk  {rise@0.000ns fall@2.500ns period=5.000ns})
  Destination:            conv_2d_cl_array_ap_ufixed_1u_array_ap_fixed_8_2_5_3_0_6u_config2_U0/grp_compute_output_buffer_2d_array_array_ap_fixed_8_2_5_3_0_6u_config2_s_fu_173/call_ret_shift_line_buffer_array_ap_ufixed_8_0_5_3_0_1u_config2_s_fu_208/line_buffer_Array_V_0_0_U/shift_line_buffer_array_ap_ufixed_8_0_5_3_0_1u_config2_s_line_buffer_Array_V_bkb_core_U/ShiftRegMem_reg[47][6]_srl13/D
                            (rising edge-triggered cell SRL16E clocked by ap_clk  {rise@0.000ns fall@2.500ns period=5.000ns})
  Path Group:             ap_clk
  Path Type:              Hold (Min at Fast Process Corner)
  Requirement:            0.000ns  (ap_clk rise@0.000ns - ap_clk rise@0.000ns)
  Data Path Delay:        0.145ns  (logic 0.145ns (100.000%)  route 0.000ns (0.000%))
  Logic Levels:           0  
  Clock Path Skew:        0.009ns (DCD - SCD - CPR)
    Destination Clock Delay (DCD):    2.218ns
    Source Clock Delay      (SCD):    1.697ns
    Clock Pessimism Removal (CPR):    0.512ns
  Clock Net Delay (Source):      0.960ns (routing 0.380ns, distribution 0.580ns)
  Clock Net Delay (Destination): 1.138ns (routing 0.419ns, distribution 0.719ns)

    Location             Delay type                Incr(ns)  Path(ns)    Netlist Resource(s)
  -------------------------------------------------------------------    -------------------
                         (clock ap_clk rise edge)     0.000     0.000 r  
    AA13                                              0.000     0.000 r  ap_clk (IN)
                         net (fo=0)                   0.000     0.000    ap_clk_IBUF_inst/I
    AA13                 INBUF (Prop_INBUF_HRIO_PAD_O)
                                                      0.321     0.321 r  ap_clk_IBUF_inst/INBUF_INST/O
                         net (fo=1, routed)           0.025     0.346    ap_clk_IBUF_inst/OUT
    AA13                 IBUFCTRL (Prop_IBUFCTRL_HRIO_I_O)
                                                      0.015     0.361 r  ap_clk_IBUF_inst/IBUFCTRL_INST/O
                         net (fo=1, routed)           0.349     0.710    ap_clk_IBUF
    BUFGCE_X1Y2          BUFGCE (Prop_BUFCE_BUFGCE_I_O)
                                                      0.027     0.737 r  ap_clk_IBUF_BUFG_inst/O
    X2Y2 (CLOCK_ROOT)    net (fo=17587, routed)       0.960     1.697    conv_2d_cl_array_ap_ufixed_1u_array_ap_fixed_8_2_5_3_0_6u_config2_U0/grp_compute_output_buffer_2d_array_array_ap_fixed_8_2_5_3_0_6u_config2_s_fu_173/call_ret_shift_line_buffer_array_ap_ufixed_8_0_5_3_0_1u_config2_s_fu_208/line_buffer_Array_V_0_0_U/shift_line_buffer_array_ap_ufixed_8_0_5_3_0_1u_config2_s_line_buffer_Array_V_bkb_core_U/ap_clk_IBUF_BUFG
    SLICE_X50Y149        SRLC32E                                      r  conv_2d_cl_array_ap_ufixed_1u_array_ap_fixed_8_2_5_3_0_6u_config2_U0/grp_compute_output_buffer_2d_array_array_ap_fixed_8_2_5_3_0_6u_config2_s_fu_173/call_ret_shift_line_buffer_array_ap_ufixed_8_0_5_3_0_1u_config2_s_fu_208/line_buffer_Array_V_0_0_U/shift_line_buffer_array_ap_ufixed_8_0_5_3_0_1u_config2_s_line_buffer_Array_V_bkb_core_U/ShiftRegMem_reg[34][6]_srl32/CLK
  -------------------------------------------------------------------    -------------------
    SLICE_X50Y149        SRLC32E (Prop_D6LUT_SLICEM_CLK_Q31)
                                                      0.145     1.842 r  conv_2d_cl_array_ap_ufixed_1u_array_ap_fixed_8_2_5_3_0_6u_config2_U0/grp_compute_output_buffer_2d_array_array_ap_fixed_8_2_5_3_0_6u_config2_s_fu_173/call_ret_shift_line_buffer_array_ap_ufixed_8_0_5_3_0_1u_config2_s_fu_208/line_buffer_Array_V_0_0_U/shift_line_buffer_array_ap_ufixed_8_0_5_3_0_1u_config2_s_line_buffer_Array_V_bkb_core_U/ShiftRegMem_reg[34][6]_srl32/Q31
                         net (fo=1, routed)           0.000     1.842    conv_2d_cl_array_ap_ufixed_1u_array_ap_fixed_8_2_5_3_0_6u_config2_U0/grp_compute_output_buffer_2d_array_array_ap_fixed_8_2_5_3_0_6u_config2_s_fu_173/call_ret_shift_line_buffer_array_ap_ufixed_8_0_5_3_0_1u_config2_s_fu_208/line_buffer_Array_V_0_0_U/shift_line_buffer_array_ap_ufixed_8_0_5_3_0_1u_config2_s_line_buffer_Array_V_bkb_core_U/ShiftRegMem_reg[34][6]_srl32_n_2
    SLICE_X50Y149        SRL16E                                       r  conv_2d_cl_array_ap_ufixed_1u_array_ap_fixed_8_2_5_3_0_6u_config2_U0/grp_compute_output_buffer_2d_array_array_ap_fixed_8_2_5_3_0_6u_config2_s_fu_173/call_ret_shift_line_buffer_array_ap_ufixed_8_0_5_3_0_1u_config2_s_fu_208/line_buffer_Array_V_0_0_U/shift_line_buffer_array_ap_ufixed_8_0_5_3_0_1u_config2_s_line_buffer_Array_V_bkb_core_U/ShiftRegMem_reg[47][6]_srl13/D
  -------------------------------------------------------------------    -------------------

                         (clock ap_clk rise edge)     0.000     0.000 r  
    AA13                                              0.000     0.000 r  ap_clk (IN)
                         net (fo=0)                   0.000     0.000    ap_clk_IBUF_inst/I
    AA13                 INBUF (Prop_INBUF_HRIO_PAD_O)
                                                      0.577     0.577 r  ap_clk_IBUF_inst/INBUF_INST/O
                         net (fo=1, routed)           0.042     0.619    ap_clk_IBUF_inst/OUT
    AA13                 IBUFCTRL (Prop_IBUFCTRL_HRIO_I_O)
                                                      0.022     0.641 r  ap_clk_IBUF_inst/IBUFCTRL_INST/O
                         net (fo=1, routed)           0.408     1.049    ap_clk_IBUF
    BUFGCE_X1Y2          BUFGCE (Prop_BUFCE_BUFGCE_I_O)
                                                      0.031     1.080 r  ap_clk_IBUF_BUFG_inst/O
    X2Y2 (CLOCK_ROOT)    net (fo=17587, routed)       1.138     2.218    conv_2d_cl_array_ap_ufixed_1u_array_ap_fixed_8_2_5_3_0_6u_config2_U0/grp_compute_output_buffer_2d_array_array_ap_fixed_8_2_5_3_0_6u_config2_s_fu_173/call_ret_shift_line_buffer_array_ap_ufixed_8_0_5_3_0_1u_config2_s_fu_208/line_buffer_Array_V_0_0_U/shift_line_buffer_array_ap_ufixed_8_0_5_3_0_1u_config2_s_line_buffer_Array_V_bkb_core_U/ap_clk_IBUF_BUFG
    SLICE_X50Y149        SRL16E                                       r  conv_2d_cl_array_ap_ufixed_1u_array_ap_fixed_8_2_5_3_0_6u_config2_U0/grp_compute_output_buffer_2d_array_array_ap_fixed_8_2_5_3_0_6u_config2_s_fu_173/call_ret_shift_line_buffer_array_ap_ufixed_8_0_5_3_0_1u_config2_s_fu_208/line_buffer_Array_V_0_0_U/shift_line_buffer_array_ap_ufixed_8_0_5_3_0_1u_config2_s_line_buffer_Array_V_bkb_core_U/ShiftRegMem_reg[47][6]_srl13/CLK
                         clock pessimism             -0.512     1.706    
    SLICE_X50Y149        SRL16E (Hold_C6LUT_SLICEM_CLK_D)
                                                      0.120     1.826    conv_2d_cl_array_ap_ufixed_1u_array_ap_fixed_8_2_5_3_0_6u_config2_U0/grp_compute_output_buffer_2d_array_array_ap_fixed_8_2_5_3_0_6u_config2_s_fu_173/call_ret_shift_line_buffer_array_ap_ufixed_8_0_5_3_0_1u_config2_s_fu_208/line_buffer_Array_V_0_0_U/shift_line_buffer_array_ap_ufixed_8_0_5_3_0_1u_config2_s_line_buffer_Array_V_bkb_core_U/ShiftRegMem_reg[47][6]_srl13
  -------------------------------------------------------------------
                         required time                         -1.826    
                         arrival time                           1.842    
  -------------------------------------------------------------------
                         slack                                  0.016    





Pulse Width Checks
--------------------------------------------------------------------------------------
Clock Name:         ap_clk
Waveform(ns):       { 0.000 2.500 }
Period(ns):         5.000
Sources:            { ap_clk }

Check Type        Corner  Lib Pin             Reference Pin  Required(ns)  Actual(ns)  Slack(ns)  Location      Pin
Min Period        n/a     RAMB36E2/CLKARDCLK  n/a            1.961         5.000       3.039      RAMB36_X6Y29  layer2_out_V_data_2_V_U/mem_reg_bram_0/CLKARDCLK
Low Pulse Width   Fast    RAMB36E2/CLKARDCLK  n/a            0.980         2.500       1.520      RAMB36_X6Y29  layer2_out_V_data_2_V_U/mem_reg_bram_0/CLKARDCLK
High Pulse Width  Slow    RAMB36E2/CLKARDCLK  n/a            0.980         2.500       1.520      RAMB36_X6Y29  layer2_out_V_data_2_V_U/mem_reg_bram_0/CLKARDCLK



