Copyright 1986-2019 Xilinx, Inc. All Rights Reserved.
-----------------------------------------------------------------------------------------
| Tool Version      : Vivado v.2019.1 (lin64) Build 2552052 Fri May 24 14:47:09 MDT 2019
| Date              : Thu Nov 13 02:28:15 2025
| Host              : hvm1 running 64-bit Ubuntu 22.04.5 LTS
| Command           : report_timing_summary -file reports/hls_base_19_6_timing.rpt
| Design            : p
| Device            : xcvu13p-fhga2104
| Speed File        : -3  PRODUCTION 1.23 03-18-2019
| Temperature Grade : E
-----------------------------------------------------------------------------------------

Timing Summary Report

------------------------------------------------------------------------------------------------
| Timer Settings
| --------------
------------------------------------------------------------------------------------------------

  Enable Multi Corner Analysis               :  Yes
  Enable Pessimism Removal                   :  Yes
  Pessimism Removal Resolution               :  Nearest Common Node
  Enable Input Delay Default Clock           :  No
  Enable Preset / Clear Arcs                 :  No
  Disable Flight Delays                      :  No
  Ignore I/O Paths                           :  No
  Timing Early Launch at Borrowing Latches   :  No
  Borrow Time for Max Delay Exceptions       :  Yes

  Corner  Analyze    Analyze    
  Name    Max Paths  Min Paths  
  ------  ---------  ---------  
  Slow    Yes        Yes        
  Fast    Yes        Yes        



check_timing report

Table of Contents
-----------------
1. checking no_clock
2. checking constant_clock
3. checking pulse_width_clock
4. checking unconstrained_internal_endpoints
5. checking no_input_delay
6. checking no_output_delay
7. checking multiple_clock
8. checking generated_clocks
9. checking loops
10. checking partial_input_delay
11. checking partial_output_delay
12. checking latch_loops

1. checking no_clock
--------------------
 There are 0 register/latch pins with no clock.


2. checking constant_clock
--------------------------
 There are 0 register/latch pins with constant_clock.


3. checking pulse_width_clock
-----------------------------
 There are 0 register/latch pins which need pulse_width check


4. checking unconstrained_internal_endpoints
--------------------------------------------
 There are 0 pins that are not constrained for maximum delay.

 There are 0 pins that are not constrained for maximum delay due to constant clock.


5. checking no_input_delay
--------------------------
 There are 307 input ports with no input delay specified. (HIGH)

 There are 0 input ports with no input delay but user has a false path constraint.


6. checking no_output_delay
---------------------------
 There are 98 ports with no output delay specified. (HIGH)

 There are 0 ports with no output delay but user has a false path constraint

 There are 0 ports with no output delay but with a timing clock defined on it or propagating through it


7. checking multiple_clock
--------------------------
 There are 0 register/latch pins with multiple clocks.


8. checking generated_clocks
----------------------------
 There are 0 generated clocks that are not connected to a clock source.


9. checking loops
-----------------
 There are 0 combinational loops in the design.


10. checking partial_input_delay
--------------------------------
 There are 0 input ports with partial input delay specified.


11. checking partial_output_delay
---------------------------------
 There are 0 ports with partial output delay specified.


12. checking latch_loops
------------------------
 There are 0 combinational latch loops in the design through latch input



------------------------------------------------------------------------------------------------
| Design Timing Summary
| ---------------------
------------------------------------------------------------------------------------------------

    WNS(ns)      TNS(ns)  TNS Failing Endpoints  TNS Total Endpoints      WHS(ns)      THS(ns)  THS Failing Endpoints  THS Total Endpoints     WPWS(ns)     TPWS(ns)  TPWS Failing Endpoints  TPWS Total Endpoints  
    -------      -------  ---------------------  -------------------      -------      -------  ---------------------  -------------------     --------     --------  ----------------------  --------------------  
     -0.862    -4610.083                  17669               125418        0.028        0.000                      0               125418        2.005        0.000                       0                 15967  


Timing constraints are not met.


------------------------------------------------------------------------------------------------
| Clock Summary
| -------------
------------------------------------------------------------------------------------------------

Clock   Waveform(ns)         Period(ns)      Frequency(MHz)
-----   ------------         ----------      --------------
ap_clk  {0.000 2.500}        5.000           200.000         


------------------------------------------------------------------------------------------------
| Intra Clock Table
| -----------------
------------------------------------------------------------------------------------------------

Clock             WNS(ns)      TNS(ns)  TNS Failing Endpoints  TNS Total Endpoints      WHS(ns)      THS(ns)  THS Failing Endpoints  THS Total Endpoints     WPWS(ns)     TPWS(ns)  TPWS Failing Endpoints  TPWS Total Endpoints  
-----             -------      -------  ---------------------  -------------------      -------      -------  ---------------------  -------------------     --------     --------  ----------------------  --------------------  
ap_clk             -0.862    -4610.083                  17669               125418        0.028        0.000                      0               125418        2.005        0.000                       0                 15967  


------------------------------------------------------------------------------------------------
| Inter Clock Table
| -----------------
------------------------------------------------------------------------------------------------

From Clock    To Clock          WNS(ns)      TNS(ns)  TNS Failing Endpoints  TNS Total Endpoints      WHS(ns)      THS(ns)  THS Failing Endpoints  THS Total Endpoints  
----------    --------          -------      -------  ---------------------  -------------------      -------      -------  ---------------------  -------------------  


------------------------------------------------------------------------------------------------
| Other Path Groups Table
| -----------------------
------------------------------------------------------------------------------------------------

Path Group    From Clock    To Clock          WNS(ns)      TNS(ns)  TNS Failing Endpoints  TNS Total Endpoints      WHS(ns)      THS(ns)  THS Failing Endpoints  THS Total Endpoints  
----------    ----------    --------          -------      -------  ---------------------  -------------------      -------      -------  ---------------------  -------------------  


------------------------------------------------------------------------------------------------
| Timing Details
| --------------
------------------------------------------------------------------------------------------------


---------------------------------------------------------------------------------------------------
From Clock:  ap_clk
  To Clock:  ap_clk

Setup :        17669  Failing Endpoints,  Worst Slack       -0.862ns,  Total Violation    -4610.083ns
Hold  :            0  Failing Endpoints,  Worst Slack        0.028ns,  Total Violation        0.000ns
PW    :            0  Failing Endpoints,  Worst Slack        2.005ns,  Total Violation        0.000ns
---------------------------------------------------------------------------------------------------


Max Delay Paths
--------------------------------------------------------------------------------------
Slack (VIOLATED) :        -0.862ns  (required time - arrival time)
  Source:                 layer5_out_14_V_reg_1955_reg[2]/C
                            (rising edge-triggered cell FDRE clocked by ap_clk  {rise@0.000ns fall@2.500ns period=5.000ns})
  Destination:            grp_dense_latency_0_0_0_0_0_0_0_0_0_0_0_0_0_0_0_0_0_0_0_0_0_0_0_0_0_0_0_0_0_0_0_0_0_fu_99/add_ln703_924_reg_11606100_reg[17]/D
                            (rising edge-triggered cell FDRE clocked by ap_clk  {rise@0.000ns fall@2.500ns period=5.000ns})
  Path Group:             ap_clk
  Path Type:              Setup (Max at Slow Process Corner)
  Requirement:            5.000ns  (ap_clk rise@5.000ns - ap_clk rise@0.000ns)
  Data Path Delay:        5.773ns  (logic 2.034ns (35.233%)  route 3.739ns (64.767%))
  Logic Levels:           17  (CARRY8=9 LUT2=3 LUT3=3 LUT4=2)
  Clock Path Skew:        -0.077ns (DCD - SCD + CPR)
    Destination Clock Delay (DCD):    2.971ns = ( 7.971 - 5.000 ) 
    Source Clock Delay      (SCD):    3.403ns
    Clock Pessimism Removal (CPR):    0.355ns
  Clock Uncertainty:      0.035ns  ((TSJ^2 + TIJ^2)^1/2 + DJ) / 2 + PE
    Total System Jitter     (TSJ):    0.071ns
    Total Input Jitter      (TIJ):    0.000ns
    Discrete Jitter          (DJ):    0.000ns
    Phase Error              (PE):    0.000ns
  Clock Net Delay (Source):      2.527ns (routing 1.221ns, distribution 1.306ns)
  Clock Net Delay (Destination): 2.338ns (routing 1.109ns, distribution 1.229ns)

    Location             Delay type                Incr(ns)  Path(ns)    Netlist Resource(s)
  -------------------------------------------------------------------    -------------------
                         (clock ap_clk rise edge)     0.000     0.000 r  
    AU14                                              0.000     0.000 r  ap_clk (IN)
                         net (fo=0)                   0.000     0.000    ap_clk_IBUF_inst/I
    AU14                 INBUF (Prop_INBUF_HPIOB_M_PAD_O)
                                                      0.534     0.534 r  ap_clk_IBUF_inst/INBUF_INST/O
                         net (fo=1, routed)           0.000     0.534    ap_clk_IBUF_inst/OUT
    AU14                 IBUFCTRL (Prop_IBUFCTRL_HPIOB_M_I_O)
                                                      0.000     0.534 r  ap_clk_IBUF_inst/IBUFCTRL_INST/O
                         net (fo=1, routed)           0.314     0.848    ap_clk_IBUF
    BUFGCE_X0Y170        BUFGCE (Prop_BUFCE_BUFGCE_I_O)
                                                      0.028     0.876 r  ap_clk_IBUF_BUFG_inst/O
    X5Y4 (CLOCK_ROOT)    net (fo=35181, routed)       2.527     3.403    ap_clk_IBUF_BUFG
    SLICE_X129Y298       FDRE                                         r  layer5_out_14_V_reg_1955_reg[2]/C
  -------------------------------------------------------------------    -------------------
    SLICE_X129Y298       FDRE (Prop_AFF_SLICEM_C_Q)
                                                      0.066     3.469 r  layer5_out_14_V_reg_1955_reg[2]/Q
                         net (fo=12, routed)          0.157     3.626    layer5_out_14_V_reg_1955[2]
    SLICE_X129Y298       LUT2 (Prop_D6LUT_SLICEM_I1_O)
                                                      0.133     3.759 r  add_ln703_924_reg_11606100[18]_i_231/O
                         net (fo=1, routed)           0.029     3.788    add_ln703_924_reg_11606100[18]_i_231_n_0
    SLICE_X129Y298       CARRY8 (Prop_CARRY8_SLICEM_S[3]_CO[7])
                                                      0.145     3.933 r  add_ln703_924_reg_11606100_reg[18]_i_218/CO[7]
                         net (fo=1, routed)           0.023     3.956    add_ln703_924_reg_11606100_reg[18]_i_218_n_0
    SLICE_X129Y299       CARRY8 (Prop_CARRY8_SLICEM_CI_O[2])
                                                      0.061     4.017 r  add_ln703_924_reg_11606100_reg[18]_i_206/O[2]
                         net (fo=1, routed)           0.228     4.245    add_ln703_924_reg_11606100_reg[18]_i_206_n_13
    SLICE_X128Y299       LUT2 (Prop_B6LUT_SLICEM_I1_O)
                                                      0.136     4.381 r  add_ln703_924_reg_11606100[18]_i_204/O
                         net (fo=1, routed)           0.020     4.401    add_ln703_924_reg_11606100[18]_i_204_n_0
    SLICE_X128Y299       CARRY8 (Prop_CARRY8_SLICEM_S[1]_O[4])
                                                      0.181     4.582 r  add_ln703_924_reg_11606100_reg[18]_i_188/O[4]
                         net (fo=1, routed)           0.197     4.779    sext_ln203_516_fu_11565232_p1[1]
    SLICE_X127Y295       LUT2 (Prop_B6LUT_SLICEL_I1_O)
                                                      0.135     4.914 r  add_ln703_924_reg_11606100[18]_i_186/O
                         net (fo=1, routed)           0.012     4.926    add_ln703_924_reg_11606100[18]_i_186_n_0
    SLICE_X127Y295       CARRY8 (Prop_CARRY8_SLICEL_S[1]_O[6])
                                                      0.196     5.122 r  add_ln703_924_reg_11606100_reg[18]_i_175/O[6]
                         net (fo=2, routed)           0.861     5.983    grp_dense_latency_0_0_0_0_0_0_0_0_0_0_0_0_0_0_0_0_0_0_0_0_0_0_0_0_0_0_0_0_0_0_0_0_0_fu_99/add_ln703_924_reg_11606100_reg[18]_i_82_0[6]
    SLICE_X114Y286       LUT3 (Prop_G5LUT_SLICEM_I2_O)
                                                      0.063     6.046 r  grp_dense_latency_0_0_0_0_0_0_0_0_0_0_0_0_0_0_0_0_0_0_0_0_0_0_0_0_0_0_0_0_0_0_0_0_0_fu_99/add_ln703_924_reg_11606100[18]_i_136/O
                         net (fo=2, routed)           0.242     6.288    grp_dense_latency_0_0_0_0_0_0_0_0_0_0_0_0_0_0_0_0_0_0_0_0_0_0_0_0_0_0_0_0_0_0_0_0_0_fu_99/add_ln703_924_reg_11606100[18]_i_136_n_0
    SLICE_X114Y286       LUT4 (Prop_H6LUT_SLICEM_I3_O)
                                                      0.090     6.378 r  grp_dense_latency_0_0_0_0_0_0_0_0_0_0_0_0_0_0_0_0_0_0_0_0_0_0_0_0_0_0_0_0_0_0_0_0_0_fu_99/add_ln703_924_reg_11606100[18]_i_143/O
                         net (fo=1, routed)           0.019     6.397    grp_dense_latency_0_0_0_0_0_0_0_0_0_0_0_0_0_0_0_0_0_0_0_0_0_0_0_0_0_0_0_0_0_0_0_0_0_fu_99/add_ln703_924_reg_11606100[18]_i_143_n_0
    SLICE_X114Y286       CARRY8 (Prop_CARRY8_SLICEM_S[7]_CO[7])
                                                      0.099     6.496 r  grp_dense_latency_0_0_0_0_0_0_0_0_0_0_0_0_0_0_0_0_0_0_0_0_0_0_0_0_0_0_0_0_0_0_0_0_0_fu_99/add_ln703_924_reg_11606100_reg[18]_i_82/CO[7]
                         net (fo=1, routed)           0.023     6.519    grp_dense_latency_0_0_0_0_0_0_0_0_0_0_0_0_0_0_0_0_0_0_0_0_0_0_0_0_0_0_0_0_0_0_0_0_0_fu_99/add_ln703_924_reg_11606100_reg[18]_i_82_n_0
    SLICE_X114Y287       CARRY8 (Prop_CARRY8_SLICEM_CI_O[1])
                                                      0.067     6.586 r  grp_dense_latency_0_0_0_0_0_0_0_0_0_0_0_0_0_0_0_0_0_0_0_0_0_0_0_0_0_0_0_0_0_0_0_0_0_fu_99/add_ln703_924_reg_11606100_reg[18]_i_78/O[1]
                         net (fo=2, routed)           0.382     6.968    grp_dense_latency_0_0_0_0_0_0_0_0_0_0_0_0_0_0_0_0_0_0_0_0_0_0_0_0_0_0_0_0_0_0_0_0_0_fu_99/add_ln703_924_reg_11606100_reg[18]_i_78_n_14
    SLICE_X115Y289       LUT3 (Prop_B5LUT_SLICEM_I0_O)
                                                      0.126     7.094 r  grp_dense_latency_0_0_0_0_0_0_0_0_0_0_0_0_0_0_0_0_0_0_0_0_0_0_0_0_0_0_0_0_0_0_0_0_0_fu_99/add_ln703_924_reg_11606100[18]_i_33/O
                         net (fo=2, routed)           0.283     7.377    grp_dense_latency_0_0_0_0_0_0_0_0_0_0_0_0_0_0_0_0_0_0_0_0_0_0_0_0_0_0_0_0_0_0_0_0_0_fu_99/add_ln703_924_reg_11606100[18]_i_33_n_0
    SLICE_X115Y289       CARRY8 (Prop_CARRY8_SLICEM_DI[2]_O[3])
                                                      0.081     7.458 r  grp_dense_latency_0_0_0_0_0_0_0_0_0_0_0_0_0_0_0_0_0_0_0_0_0_0_0_0_0_0_0_0_0_0_0_0_0_fu_99/add_ln703_924_reg_11606100_reg[18]_i_10/O[3]
                         net (fo=2, routed)           0.975     8.433    grp_dense_latency_0_0_0_0_0_0_0_0_0_0_0_0_0_0_0_0_0_0_0_0_0_0_0_0_0_0_0_0_0_0_0_0_0_fu_99/add_ln703_924_reg_11606100_reg[18]_i_10_n_12
    SLICE_X127Y319       LUT3 (Prop_D5LUT_SLICEL_I0_O)
                                                      0.141     8.574 r  grp_dense_latency_0_0_0_0_0_0_0_0_0_0_0_0_0_0_0_0_0_0_0_0_0_0_0_0_0_0_0_0_0_0_0_0_0_fu_99/add_ln703_924_reg_11606100[15]_i_5/O
                         net (fo=2, routed)           0.231     8.805    grp_dense_latency_0_0_0_0_0_0_0_0_0_0_0_0_0_0_0_0_0_0_0_0_0_0_0_0_0_0_0_0_0_0_0_0_0_fu_99/add_ln703_924_reg_11606100[15]_i_5_n_0
    SLICE_X127Y319       LUT4 (Prop_E6LUT_SLICEL_I3_O)
                                                      0.114     8.919 r  grp_dense_latency_0_0_0_0_0_0_0_0_0_0_0_0_0_0_0_0_0_0_0_0_0_0_0_0_0_0_0_0_0_0_0_0_0_fu_99/add_ln703_924_reg_11606100[15]_i_13/O
                         net (fo=1, routed)           0.010     8.929    grp_dense_latency_0_0_0_0_0_0_0_0_0_0_0_0_0_0_0_0_0_0_0_0_0_0_0_0_0_0_0_0_0_0_0_0_0_fu_99/add_ln703_924_reg_11606100[15]_i_13_n_0
    SLICE_X127Y319       CARRY8 (Prop_CARRY8_SLICEL_S[4]_CO[7])
                                                      0.133     9.062 r  grp_dense_latency_0_0_0_0_0_0_0_0_0_0_0_0_0_0_0_0_0_0_0_0_0_0_0_0_0_0_0_0_0_0_0_0_0_fu_99/add_ln703_924_reg_11606100_reg[15]_i_1/CO[7]
                         net (fo=1, routed)           0.023     9.085    grp_dense_latency_0_0_0_0_0_0_0_0_0_0_0_0_0_0_0_0_0_0_0_0_0_0_0_0_0_0_0_0_0_0_0_0_0_fu_99/add_ln703_924_reg_11606100_reg[15]_i_1_n_0
    SLICE_X127Y320       CARRY8 (Prop_CARRY8_SLICEL_CI_O[1])
                                                      0.067     9.152 r  grp_dense_latency_0_0_0_0_0_0_0_0_0_0_0_0_0_0_0_0_0_0_0_0_0_0_0_0_0_0_0_0_0_0_0_0_0_fu_99/add_ln703_924_reg_11606100_reg[18]_i_1/O[1]
                         net (fo=1, routed)           0.024     9.176    grp_dense_latency_0_0_0_0_0_0_0_0_0_0_0_0_0_0_0_0_0_0_0_0_0_0_0_0_0_0_0_0_0_0_0_0_0_fu_99/add_ln703_924_fu_11597401_p2[17]
    SLICE_X127Y320       FDRE                                         r  grp_dense_latency_0_0_0_0_0_0_0_0_0_0_0_0_0_0_0_0_0_0_0_0_0_0_0_0_0_0_0_0_0_0_0_0_0_fu_99/add_ln703_924_reg_11606100_reg[17]/D
  -------------------------------------------------------------------    -------------------

                         (clock ap_clk rise edge)     5.000     5.000 r  
    AU14                                              0.000     5.000 r  ap_clk (IN)
                         net (fo=0)                   0.000     5.000    ap_clk_IBUF_inst/I
    AU14                 INBUF (Prop_INBUF_HPIOB_M_PAD_O)
                                                      0.330     5.330 r  ap_clk_IBUF_inst/INBUF_INST/O
                         net (fo=1, routed)           0.000     5.330    ap_clk_IBUF_inst/OUT
    AU14                 IBUFCTRL (Prop_IBUFCTRL_HPIOB_M_I_O)
                                                      0.000     5.330 r  ap_clk_IBUF_inst/IBUFCTRL_INST/O
                         net (fo=1, routed)           0.279     5.609    ap_clk_IBUF
    BUFGCE_X0Y170        BUFGCE (Prop_BUFCE_BUFGCE_I_O)
                                                      0.024     5.633 r  ap_clk_IBUF_BUFG_inst/O
    X5Y4 (CLOCK_ROOT)    net (fo=35181, routed)       2.338     7.971    grp_dense_latency_0_0_0_0_0_0_0_0_0_0_0_0_0_0_0_0_0_0_0_0_0_0_0_0_0_0_0_0_0_0_0_0_0_fu_99/ap_clk_IBUF_BUFG
    SLICE_X127Y320       FDRE                                         r  grp_dense_latency_0_0_0_0_0_0_0_0_0_0_0_0_0_0_0_0_0_0_0_0_0_0_0_0_0_0_0_0_0_0_0_0_0_fu_99/add_ln703_924_reg_11606100_reg[17]/C
                         clock pessimism              0.355     8.326    
                         clock uncertainty           -0.035     8.291    
    SLICE_X127Y320       FDRE (Setup_BFF_SLICEL_C_D)
                                                      0.023     8.314    grp_dense_latency_0_0_0_0_0_0_0_0_0_0_0_0_0_0_0_0_0_0_0_0_0_0_0_0_0_0_0_0_0_0_0_0_0_fu_99/add_ln703_924_reg_11606100_reg[17]
  -------------------------------------------------------------------
                         required time                          8.314    
                         arrival time                          -9.176    
  -------------------------------------------------------------------
                         slack                                 -0.862    





Min Delay Paths
--------------------------------------------------------------------------------------
Slack (MET) :             0.028ns  (arrival time - required time)
  Source:                 grp_dense_latency_0_0_0_0_0_0_0_0_0_0_0_0_0_0_0_0_0_0_0_0_0_0_0_0_0_0_0_0_0_0_0_0_0_s_fu_203/ap_return_12_int_reg_reg[22]/C
                            (rising edge-triggered cell FDRE clocked by ap_clk  {rise@0.000ns fall@2.500ns period=5.000ns})
  Destination:            layer2_out_12_V_reg_1625_reg[22]/D
                            (rising edge-triggered cell FDRE clocked by ap_clk  {rise@0.000ns fall@2.500ns period=5.000ns})
  Path Group:             ap_clk
  Path Type:              Hold (Min at Fast Process Corner)
  Requirement:            0.000ns  (ap_clk rise@0.000ns - ap_clk rise@0.000ns)
  Data Path Delay:        0.118ns  (logic 0.052ns (44.068%)  route 0.066ns (55.932%))
  Logic Levels:           1  (LUT3=1)
  Clock Path Skew:        0.044ns (DCD - SCD - CPR)
    Destination Clock Delay (DCD):    2.409ns
    Source Clock Delay      (SCD):    1.993ns
    Clock Pessimism Removal (CPR):    0.372ns
  Clock Net Delay (Source):      1.598ns (routing 0.743ns, distribution 0.855ns)
  Clock Net Delay (Destination): 1.789ns (routing 0.829ns, distribution 0.960ns)

    Location             Delay type                Incr(ns)  Path(ns)    Netlist Resource(s)
  -------------------------------------------------------------------    -------------------
                         (clock ap_clk rise edge)     0.000     0.000 r  
    AU14                                              0.000     0.000 r  ap_clk (IN)
                         net (fo=0)                   0.000     0.000    ap_clk_IBUF_inst/I
    AU14                 INBUF (Prop_INBUF_HPIOB_M_PAD_O)
                                                      0.234     0.234 r  ap_clk_IBUF_inst/INBUF_INST/O
                         net (fo=1, routed)           0.000     0.234    ap_clk_IBUF_inst/OUT
    AU14                 IBUFCTRL (Prop_IBUFCTRL_HPIOB_M_I_O)
                                                      0.000     0.234 r  ap_clk_IBUF_inst/IBUFCTRL_INST/O
                         net (fo=1, routed)           0.144     0.378    ap_clk_IBUF
    BUFGCE_X0Y170        BUFGCE (Prop_BUFCE_BUFGCE_I_O)
                                                      0.017     0.395 r  ap_clk_IBUF_BUFG_inst/O
    X5Y4 (CLOCK_ROOT)    net (fo=35181, routed)       1.598     1.993    grp_dense_latency_0_0_0_0_0_0_0_0_0_0_0_0_0_0_0_0_0_0_0_0_0_0_0_0_0_0_0_0_0_0_0_0_0_s_fu_203/ap_clk_IBUF_BUFG
    SLR Crossing[1->0]   
    SLICE_X128Y174       FDRE                                         r  grp_dense_latency_0_0_0_0_0_0_0_0_0_0_0_0_0_0_0_0_0_0_0_0_0_0_0_0_0_0_0_0_0_0_0_0_0_s_fu_203/ap_return_12_int_reg_reg[22]/C
  -------------------------------------------------------------------    -------------------
    SLICE_X128Y174       FDRE (Prop_BFF_SLICEM_C_Q)
                                                      0.038     2.031 r  grp_dense_latency_0_0_0_0_0_0_0_0_0_0_0_0_0_0_0_0_0_0_0_0_0_0_0_0_0_0_0_0_0_0_0_0_0_s_fu_203/ap_return_12_int_reg_reg[22]/Q
                         net (fo=1, routed)           0.050     2.081    grp_dense_latency_0_0_0_0_0_0_0_0_0_0_0_0_0_0_0_0_0_0_0_0_0_0_0_0_0_0_0_0_0_0_0_0_0_s_fu_203/ap_return_12_int_reg_reg_n_0_[22]
    SLICE_X127Y174       LUT3 (Prop_D6LUT_SLICEL_I1_O)
                                                      0.014     2.095 r  grp_dense_latency_0_0_0_0_0_0_0_0_0_0_0_0_0_0_0_0_0_0_0_0_0_0_0_0_0_0_0_0_0_0_0_0_0_s_fu_203/layer2_out_12_V_reg_1625[22]_i_1/O
                         net (fo=1, routed)           0.016     2.111    grp_dense_latency_0_0_0_0_0_0_0_0_0_0_0_0_0_0_0_0_0_0_0_0_0_0_0_0_0_0_0_0_0_0_0_0_0_s_fu_203_ap_return_12[22]
    SLICE_X127Y174       FDRE                                         r  layer2_out_12_V_reg_1625_reg[22]/D
  -------------------------------------------------------------------    -------------------

                         (clock ap_clk rise edge)     0.000     0.000 r  
    AU14                                              0.000     0.000 r  ap_clk (IN)
                         net (fo=0)                   0.000     0.000    ap_clk_IBUF_inst/I
    AU14                 INBUF (Prop_INBUF_HPIOB_M_PAD_O)
                                                      0.420     0.420 r  ap_clk_IBUF_inst/INBUF_INST/O
                         net (fo=1, routed)           0.000     0.420    ap_clk_IBUF_inst/OUT
    AU14                 IBUFCTRL (Prop_IBUFCTRL_HPIOB_M_I_O)
                                                      0.000     0.420 r  ap_clk_IBUF_inst/IBUFCTRL_INST/O
                         net (fo=1, routed)           0.181     0.601    ap_clk_IBUF
    BUFGCE_X0Y170        BUFGCE (Prop_BUFCE_BUFGCE_I_O)
                                                      0.019     0.620 r  ap_clk_IBUF_BUFG_inst/O
    X5Y4 (CLOCK_ROOT)    net (fo=35181, routed)       1.789     2.409    ap_clk_IBUF_BUFG
    SLR Crossing[1->0]   
    SLICE_X127Y174       FDRE                                         r  layer2_out_12_V_reg_1625_reg[22]/C
                         clock pessimism             -0.372     2.038    
    SLICE_X127Y174       FDRE (Hold_DFF_SLICEL_C_D)
                                                      0.046     2.084    layer2_out_12_V_reg_1625_reg[22]
  -------------------------------------------------------------------
                         required time                         -2.084    
                         arrival time                           2.111    
  -------------------------------------------------------------------
                         slack                                  0.028    





Pulse Width Checks
--------------------------------------------------------------------------------------
Clock Name:         ap_clk
Waveform(ns):       { 0.000 2.500 }
Period(ns):         5.000
Sources:            { ap_clk }

Check Type        Corner  Lib Pin             Reference Pin  Required(ns)  Actual(ns)  Slack(ns)  Location       Pin
Min Period        n/a     RAMB18E2/CLKARDCLK  n/a            1.212         5.000       3.788      RAMB18_X7Y176  grp_softmax_stable_ap_fixed_ap_fixed_18_8_5_3_0_softmax_config16_s_fu_385/invert_table2_U/softmax_stable_ap_fixed_ap_fixed_18_8_5_3_0_softmax_config16_s_invert_table2_rom_U/q0_reg/CLKARDCLK
Low Pulse Width   Slow    RAMB18E2/CLKARDCLK  n/a            0.495         2.500       2.005      RAMB18_X7Y177  q2_reg/CLKARDCLK
High Pulse Width  Slow    RAMB18E2/CLKARDCLK  n/a            0.495         2.500       2.005      RAMB18_X7Y176  grp_softmax_stable_ap_fixed_ap_fixed_18_8_5_3_0_softmax_config16_s_fu_385/invert_table2_U/softmax_stable_ap_fixed_ap_fixed_18_8_5_3_0_softmax_config16_s_invert_table2_rom_U/q0_reg/CLKARDCLK



