Copyright 1986-2019 Xilinx, Inc. All Rights Reserved.
------------------------------------------------------------------------------------------------------------------------
| Tool Version : Vivado v.2019.1 (lin64) Build 2552052 Fri May 24 14:47:09 MDT 2019
| Date         : Fri Nov 21 15:58:03 2025
| Host         : hvm1 running 64-bit Ubuntu 22.04.5 LTS
| Command      : report_utilization -hierarchical -hierarchical_depth 1 -file reports/hls_argmax_res_16_6_util_hier.rpt
| Design       : p
| Device       : xcvu13pfhga2104-3
| Design State : Routed
------------------------------------------------------------------------------------------------------------------------

Utilization Design Information

Table of Contents
-----------------
1. Utilization by Hierarchy

1. Utilization by Hierarchy
---------------------------

+----------------------------------------------------------------------------------------+-----------------------------------------------------------------------------------+------------+------------+---------+------+-------+--------+--------+------+--------------+
|                                        Instance                                        |                                       Module                                      | Total LUTs | Logic LUTs | LUTRAMs | SRLs |  FFs  | RAMB36 | RAMB18 | URAM | DSP48 Blocks |
+----------------------------------------------------------------------------------------+-----------------------------------------------------------------------------------+------------+------------+---------+------+-------+--------+--------+------+--------------+
| p                                                                                      |                                                                             (top) |      68769 |      68769 |       0 |    0 | 29615 |      0 |      0 |    0 |         2571 |
|   (p)                                                                                  |                                                                             (top) |       2392 |       2392 |       0 |    0 |   261 |      0 |      0 |    0 |            0 |
|   dense_resource_rf_leq_nin_0_0_0_0_0_0_0_0_0_0_0_0_0_0_0_0_0_0_0_0_0_0_0_0_0_0_0_1_U0 | dense_resource_rf_leq_nin_0_0_0_0_0_0_0_0_0_0_0_0_0_0_0_0_0_0_0_0_0_0_0_0_0_0_0_1 |      10837 |      10837 |       0 |    0 |  5204 |      0 |      0 |    0 |          714 |
|   dense_resource_rf_leq_nin_0_0_0_0_0_0_0_0_0_0_0_0_0_0_0_0_0_0_0_0_0_0_0_0_0_0_0_2_U0 | dense_resource_rf_leq_nin_0_0_0_0_0_0_0_0_0_0_0_0_0_0_0_0_0_0_0_0_0_0_0_0_0_0_0_2 |      12126 |      12126 |       0 |    0 |  4167 |      0 |      0 |    0 |          708 |
|   dense_resource_rf_leq_nin_0_0_0_0_0_0_0_0_0_0_0_0_0_0_0_0_0_0_0_0_0_0_0_0_0_0_0_U0   | dense_resource_rf_leq_nin_0_0_0_0_0_0_0_0_0_0_0_0_0_0_0_0_0_0_0_0_0_0_0_0_0_0_0_s |      17216 |      17216 |       0 |    0 |  8020 |      0 |      0 |    0 |         1030 |
|   dense_resource_rf_leq_nin_ap_fixed_ap_fixed_config14_0_0_0_0_0_0_U0                  |                  dense_resource_rf_leq_nin_ap_fixed_ap_fixed_config14_0_0_0_0_0_0 |       1744 |       1744 |       0 |    0 |   868 |      0 |      0 |    0 |          119 |
|   layer10_out_0_V_U                                                                    |                                                                     fifo_w26_d2_A |         53 |         53 |       0 |    0 |    36 |      0 |      0 |    0 |            0 |
|   layer10_out_10_V_U                                                                   |                                                                   fifo_w26_d2_A_0 |         53 |         53 |       0 |    0 |    36 |      0 |      0 |    0 |            0 |
|   layer10_out_11_V_U                                                                   |                                                                   fifo_w26_d2_A_1 |         52 |         52 |       0 |    0 |    36 |      0 |      0 |    0 |            0 |
|   layer10_out_12_V_U                                                                   |                                                                   fifo_w26_d2_A_2 |         54 |         54 |       0 |    0 |    36 |      0 |      0 |    0 |            0 |
|   layer10_out_13_V_U                                                                   |                                                                   fifo_w26_d2_A_3 |         52 |         52 |       0 |    0 |    36 |      0 |      0 |    0 |            0 |
|   layer10_out_14_V_U                                                                   |                                                                   fifo_w26_d2_A_4 |         53 |         53 |       0 |    0 |    36 |      0 |      0 |    0 |            0 |
|   layer10_out_15_V_U                                                                   |                                                                   fifo_w26_d2_A_5 |         53 |         53 |       0 |    0 |    36 |      0 |      0 |    0 |            0 |
|   layer10_out_16_V_U                                                                   |                                                                   fifo_w26_d2_A_6 |         52 |         52 |       0 |    0 |    36 |      0 |      0 |    0 |            0 |
|   layer10_out_17_V_U                                                                   |                                                                   fifo_w26_d2_A_7 |         52 |         52 |       0 |    0 |    36 |      0 |      0 |    0 |            0 |
|   layer10_out_18_V_U                                                                   |                                                                   fifo_w26_d2_A_8 |         54 |         54 |       0 |    0 |    36 |      0 |      0 |    0 |            0 |
|   layer10_out_19_V_U                                                                   |                                                                   fifo_w26_d2_A_9 |         52 |         52 |       0 |    0 |    36 |      0 |      0 |    0 |            0 |
|   layer10_out_1_V_U                                                                    |                                                                  fifo_w26_d2_A_10 |         52 |         52 |       0 |    0 |    36 |      0 |      0 |    0 |            0 |
|   layer10_out_20_V_U                                                                   |                                                                  fifo_w26_d2_A_11 |         52 |         52 |       0 |    0 |    36 |      0 |      0 |    0 |            0 |
|   layer10_out_21_V_U                                                                   |                                                                  fifo_w26_d2_A_12 |         54 |         54 |       0 |    0 |    36 |      0 |      0 |    0 |            0 |
|   layer10_out_22_V_U                                                                   |                                                                  fifo_w26_d2_A_13 |         52 |         52 |       0 |    0 |    36 |      0 |      0 |    0 |            0 |
|   layer10_out_23_V_U                                                                   |                                                                  fifo_w26_d2_A_14 |         52 |         52 |       0 |    0 |    36 |      0 |      0 |    0 |            0 |
|   layer10_out_24_V_U                                                                   |                                                                  fifo_w26_d2_A_15 |         53 |         53 |       0 |    0 |    36 |      0 |      0 |    0 |            0 |
|   layer10_out_25_V_U                                                                   |                                                                  fifo_w26_d2_A_16 |         53 |         53 |       0 |    0 |    36 |      0 |      0 |    0 |            0 |
|   layer10_out_26_V_U                                                                   |                                                                  fifo_w26_d2_A_17 |         52 |         52 |       0 |    0 |    36 |      0 |      0 |    0 |            0 |
|   layer10_out_27_V_U                                                                   |                                                                  fifo_w26_d2_A_18 |         53 |         53 |       0 |    0 |    36 |      0 |      0 |    0 |            0 |
|   layer10_out_28_V_U                                                                   |                                                                  fifo_w26_d2_A_19 |         52 |         52 |       0 |    0 |    36 |      0 |      0 |    0 |            0 |
|   layer10_out_29_V_U                                                                   |                                                                  fifo_w26_d2_A_20 |         55 |         55 |       0 |    0 |    36 |      0 |      0 |    0 |            0 |
|   layer10_out_2_V_U                                                                    |                                                                  fifo_w26_d2_A_21 |         52 |         52 |       0 |    0 |    36 |      0 |      0 |    0 |            0 |
|   layer10_out_30_V_U                                                                   |                                                                  fifo_w26_d2_A_22 |         52 |         52 |       0 |    0 |    36 |      0 |      0 |    0 |            0 |
|   layer10_out_31_V_U                                                                   |                                                                  fifo_w26_d2_A_23 |         53 |         53 |       0 |    0 |    36 |      0 |      0 |    0 |            0 |
|   layer10_out_3_V_U                                                                    |                                                                  fifo_w26_d2_A_24 |         54 |         54 |       0 |    0 |    36 |      0 |      0 |    0 |            0 |
|   layer10_out_4_V_U                                                                    |                                                                  fifo_w26_d2_A_25 |         52 |         52 |       0 |    0 |    36 |      0 |      0 |    0 |            0 |
|   layer10_out_5_V_U                                                                    |                                                                  fifo_w26_d2_A_26 |         52 |         52 |       0 |    0 |    36 |      0 |      0 |    0 |            0 |
|   layer10_out_6_V_U                                                                    |                                                                  fifo_w26_d2_A_27 |         53 |         53 |       0 |    0 |    36 |      0 |      0 |    0 |            0 |
|   layer10_out_7_V_U                                                                    |                                                                  fifo_w26_d2_A_28 |         53 |         53 |       0 |    0 |    36 |      0 |      0 |    0 |            0 |
|   layer10_out_8_V_U                                                                    |                                                                  fifo_w26_d2_A_29 |         52 |         52 |       0 |    0 |    36 |      0 |      0 |    0 |            0 |
|   layer10_out_9_V_U                                                                    |                                                                  fifo_w26_d2_A_30 |         53 |         53 |       0 |    0 |    36 |      0 |      0 |    0 |            0 |
|   layer13_out_0_V_U                                                                    |                                                                     fifo_w16_d2_A |         70 |         70 |       0 |    0 |    34 |      0 |      0 |    0 |            0 |
|   layer13_out_10_V_U                                                                   |                                                                  fifo_w16_d2_A_31 |         22 |         22 |       0 |    0 |    34 |      0 |      0 |    0 |            0 |
|   layer13_out_11_V_U                                                                   |                                                                  fifo_w16_d2_A_32 |         45 |         45 |       0 |    0 |    34 |      0 |      0 |    0 |            0 |
|   layer13_out_12_V_U                                                                   |                                                                  fifo_w16_d2_A_33 |         40 |         40 |       0 |    0 |    34 |      0 |      0 |    0 |            0 |
|   layer13_out_13_V_U                                                                   |                                                                  fifo_w16_d2_A_34 |         70 |         70 |       0 |    0 |    34 |      0 |      0 |    0 |            0 |
|   layer13_out_14_V_U                                                                   |                                                                  fifo_w16_d2_A_35 |         53 |         53 |       0 |    0 |    34 |      0 |      0 |    0 |            0 |
|   layer13_out_15_V_U                                                                   |                                                                  fifo_w16_d2_A_36 |         32 |         32 |       0 |    0 |    34 |      0 |      0 |    0 |            0 |
|   layer13_out_16_V_U                                                                   |                                                                  fifo_w16_d2_A_37 |         48 |         48 |       0 |    0 |    34 |      0 |      0 |    0 |            0 |
|   layer13_out_17_V_U                                                                   |                                                                  fifo_w16_d2_A_38 |         63 |         63 |       0 |    0 |    34 |      0 |      0 |    0 |            0 |
|   layer13_out_18_V_U                                                                   |                                                                  fifo_w16_d2_A_39 |         68 |         68 |       0 |    0 |    34 |      0 |      0 |    0 |            0 |
|   layer13_out_19_V_U                                                                   |                                                                  fifo_w16_d2_A_40 |         24 |         24 |       0 |    0 |    34 |      0 |      0 |    0 |            0 |
|   layer13_out_1_V_U                                                                    |                                                                  fifo_w16_d2_A_41 |         89 |         89 |       0 |    0 |    34 |      0 |      0 |    0 |            0 |
|   layer13_out_20_V_U                                                                   |                                                                  fifo_w16_d2_A_42 |         43 |         43 |       0 |    0 |    34 |      0 |      0 |    0 |            0 |
|   layer13_out_21_V_U                                                                   |                                                                  fifo_w16_d2_A_43 |         42 |         42 |       0 |    0 |    34 |      0 |      0 |    0 |            0 |
|   layer13_out_22_V_U                                                                   |                                                                  fifo_w16_d2_A_44 |         41 |         41 |       0 |    0 |    34 |      0 |      0 |    0 |            0 |
|   layer13_out_23_V_U                                                                   |                                                                  fifo_w16_d2_A_45 |         36 |         36 |       0 |    0 |    34 |      0 |      0 |    0 |            0 |
|   layer13_out_24_V_U                                                                   |                                                                  fifo_w16_d2_A_46 |         39 |         39 |       0 |    0 |    34 |      0 |      0 |    0 |            0 |
|   layer13_out_25_V_U                                                                   |                                                                  fifo_w16_d2_A_47 |         59 |         59 |       0 |    0 |    34 |      0 |      0 |    0 |            0 |
|   layer13_out_26_V_U                                                                   |                                                                  fifo_w16_d2_A_48 |         22 |         22 |       0 |    0 |    34 |      0 |      0 |    0 |            0 |
|   layer13_out_27_V_U                                                                   |                                                                  fifo_w16_d2_A_49 |         41 |         41 |       0 |    0 |    34 |      0 |      0 |    0 |            0 |
|   layer13_out_28_V_U                                                                   |                                                                  fifo_w16_d2_A_50 |         79 |         79 |       0 |    0 |    34 |      0 |      0 |    0 |            0 |
|   layer13_out_29_V_U                                                                   |                                                                  fifo_w16_d2_A_51 |         40 |         40 |       0 |    0 |    34 |      0 |      0 |    0 |            0 |
|   layer13_out_2_V_U                                                                    |                                                                  fifo_w16_d2_A_52 |         22 |         22 |       0 |    0 |    34 |      0 |      0 |    0 |            0 |
|   layer13_out_30_V_U                                                                   |                                                                  fifo_w16_d2_A_53 |         22 |         22 |       0 |    0 |    34 |      0 |      0 |    0 |            0 |
|   layer13_out_31_V_U                                                                   |                                                                  fifo_w16_d2_A_54 |         90 |         90 |       0 |    0 |    34 |      0 |      0 |    0 |            0 |
|   layer13_out_3_V_U                                                                    |                                                                  fifo_w16_d2_A_55 |         42 |         42 |       0 |    0 |    34 |      0 |      0 |    0 |            0 |
|   layer13_out_4_V_U                                                                    |                                                                  fifo_w16_d2_A_56 |         41 |         41 |       0 |    0 |    34 |      0 |      0 |    0 |            0 |
|   layer13_out_5_V_U                                                                    |                                                                  fifo_w16_d2_A_57 |         23 |         23 |       0 |    0 |    34 |      0 |      0 |    0 |            0 |
|   layer13_out_6_V_U                                                                    |                                                                  fifo_w16_d2_A_58 |         52 |         52 |       0 |    0 |    34 |      0 |      0 |    0 |            0 |
|   layer13_out_7_V_U                                                                    |                                                                  fifo_w16_d2_A_59 |         36 |         36 |       0 |    0 |    34 |      0 |      0 |    0 |            0 |
|   layer13_out_8_V_U                                                                    |                                                                  fifo_w16_d2_A_60 |         47 |         47 |       0 |    0 |    34 |      0 |      0 |    0 |            0 |
|   layer13_out_9_V_U                                                                    |                                                                  fifo_w16_d2_A_61 |         44 |         44 |       0 |    0 |    34 |      0 |      0 |    0 |            0 |
|   layer14_out_0_V_U                                                                    |                                                                  fifo_w26_d2_A_62 |         23 |         23 |       0 |    0 |    36 |      0 |      0 |    0 |            0 |
|   layer14_out_1_V_U                                                                    |                                                                  fifo_w26_d2_A_63 |          7 |          7 |       0 |    0 |    36 |      0 |      0 |    0 |            0 |
|   layer14_out_2_V_U                                                                    |                                                                  fifo_w26_d2_A_64 |         26 |         26 |       0 |    0 |    36 |      0 |      0 |    0 |            0 |
|   layer14_out_3_V_U                                                                    |                                                                  fifo_w26_d2_A_65 |          6 |          6 |       0 |    0 |    36 |      0 |      0 |    0 |            0 |
|   layer14_out_4_V_U                                                                    |                                                                  fifo_w26_d2_A_66 |         25 |         25 |       0 |    0 |    36 |      0 |      0 |    0 |            0 |
|   layer2_out_0_V_U                                                                     |                                                                  fifo_w26_d2_A_67 |         54 |         54 |       0 |    0 |    36 |      0 |      0 |    0 |            0 |
|   layer2_out_10_V_U                                                                    |                                                                  fifo_w26_d2_A_68 |         54 |         54 |       0 |    0 |    36 |      0 |      0 |    0 |            0 |
|   layer2_out_11_V_U                                                                    |                                                                  fifo_w26_d2_A_69 |         71 |         71 |       0 |    0 |    36 |      0 |      0 |    0 |            0 |
|   layer2_out_12_V_U                                                                    |                                                                  fifo_w26_d2_A_70 |         53 |         53 |       0 |    0 |    36 |      0 |      0 |    0 |            0 |
|   layer2_out_13_V_U                                                                    |                                                                  fifo_w26_d2_A_71 |         53 |         53 |       0 |    0 |    36 |      0 |      0 |    0 |            0 |
|   layer2_out_14_V_U                                                                    |                                                                  fifo_w26_d2_A_72 |         69 |         69 |       0 |    0 |    36 |      0 |      0 |    0 |            0 |
|   layer2_out_15_V_U                                                                    |                                                                  fifo_w26_d2_A_73 |         54 |         54 |       0 |    0 |    36 |      0 |      0 |    0 |            0 |
|   layer2_out_16_V_U                                                                    |                                                                  fifo_w26_d2_A_74 |         76 |         76 |       0 |    0 |    36 |      0 |      0 |    0 |            0 |
|   layer2_out_17_V_U                                                                    |                                                                  fifo_w26_d2_A_75 |         58 |         58 |       0 |    0 |    36 |      0 |      0 |    0 |            0 |
|   layer2_out_18_V_U                                                                    |                                                                  fifo_w26_d2_A_76 |         53 |         53 |       0 |    0 |    36 |      0 |      0 |    0 |            0 |
|   layer2_out_19_V_U                                                                    |                                                                  fifo_w26_d2_A_77 |         54 |         54 |       0 |    0 |    36 |      0 |      0 |    0 |            0 |
|   layer2_out_1_V_U                                                                     |                                                                  fifo_w26_d2_A_78 |         54 |         54 |       0 |    0 |    36 |      0 |      0 |    0 |            0 |
|   layer2_out_20_V_U                                                                    |                                                                  fifo_w26_d2_A_79 |         53 |         53 |       0 |    0 |    36 |      0 |      0 |    0 |            0 |
|   layer2_out_21_V_U                                                                    |                                                                  fifo_w26_d2_A_80 |         54 |         54 |       0 |    0 |    36 |      0 |      0 |    0 |            0 |
|   layer2_out_22_V_U                                                                    |                                                                  fifo_w26_d2_A_81 |         55 |         55 |       0 |    0 |    36 |      0 |      0 |    0 |            0 |
|   layer2_out_23_V_U                                                                    |                                                                  fifo_w26_d2_A_82 |         53 |         53 |       0 |    0 |    36 |      0 |      0 |    0 |            0 |
|   layer2_out_24_V_U                                                                    |                                                                  fifo_w26_d2_A_83 |         54 |         54 |       0 |    0 |    36 |      0 |      0 |    0 |            0 |
|   layer2_out_25_V_U                                                                    |                                                                  fifo_w26_d2_A_84 |         54 |         54 |       0 |    0 |    36 |      0 |      0 |    0 |            0 |
|   layer2_out_26_V_U                                                                    |                                                                  fifo_w26_d2_A_85 |         54 |         54 |       0 |    0 |    36 |      0 |      0 |    0 |            0 |
|   layer2_out_27_V_U                                                                    |                                                                  fifo_w26_d2_A_86 |         68 |         68 |       0 |    0 |    36 |      0 |      0 |    0 |            0 |
|   layer2_out_28_V_U                                                                    |                                                                  fifo_w26_d2_A_87 |         55 |         55 |       0 |    0 |    36 |      0 |      0 |    0 |            0 |
|   layer2_out_29_V_U                                                                    |                                                                  fifo_w26_d2_A_88 |         52 |         52 |       0 |    0 |    36 |      0 |      0 |    0 |            0 |
|   layer2_out_2_V_U                                                                     |                                                                  fifo_w26_d2_A_89 |         69 |         69 |       0 |    0 |    36 |      0 |      0 |    0 |            0 |
|   layer2_out_30_V_U                                                                    |                                                                  fifo_w26_d2_A_90 |         54 |         54 |       0 |    0 |    36 |      0 |      0 |    0 |            0 |
|   layer2_out_31_V_U                                                                    |                                                                  fifo_w26_d2_A_91 |         54 |         54 |       0 |    0 |    36 |      0 |      0 |    0 |            0 |
|   layer2_out_32_V_U                                                                    |                                                                  fifo_w26_d2_A_92 |         69 |         69 |       0 |    0 |    36 |      0 |      0 |    0 |            0 |
|   layer2_out_33_V_U                                                                    |                                                                  fifo_w26_d2_A_93 |         53 |         53 |       0 |    0 |    36 |      0 |      0 |    0 |            0 |
|   layer2_out_34_V_U                                                                    |                                                                  fifo_w26_d2_A_94 |         54 |         54 |       0 |    0 |    36 |      0 |      0 |    0 |            0 |
|   layer2_out_35_V_U                                                                    |                                                                  fifo_w26_d2_A_95 |         57 |         57 |       0 |    0 |    36 |      0 |      0 |    0 |            0 |
|   layer2_out_36_V_U                                                                    |                                                                  fifo_w26_d2_A_96 |         54 |         54 |       0 |    0 |    36 |      0 |      0 |    0 |            0 |
|   layer2_out_37_V_U                                                                    |                                                                  fifo_w26_d2_A_97 |         53 |         53 |       0 |    0 |    36 |      0 |      0 |    0 |            0 |
|   layer2_out_38_V_U                                                                    |                                                                  fifo_w26_d2_A_98 |         53 |         53 |       0 |    0 |    36 |      0 |      0 |    0 |            0 |
|   layer2_out_39_V_U                                                                    |                                                                  fifo_w26_d2_A_99 |         69 |         69 |       0 |    0 |    36 |      0 |      0 |    0 |            0 |
|   layer2_out_3_V_U                                                                     |                                                                 fifo_w26_d2_A_100 |         53 |         53 |       0 |    0 |    36 |      0 |      0 |    0 |            0 |
|   layer2_out_40_V_U                                                                    |                                                                 fifo_w26_d2_A_101 |         54 |         54 |       0 |    0 |    36 |      0 |      0 |    0 |            0 |
|   layer2_out_41_V_U                                                                    |                                                                 fifo_w26_d2_A_102 |         61 |         61 |       0 |    0 |    36 |      0 |      0 |    0 |            0 |
|   layer2_out_42_V_U                                                                    |                                                                 fifo_w26_d2_A_103 |         68 |         68 |       0 |    0 |    36 |      0 |      0 |    0 |            0 |
|   layer2_out_43_V_U                                                                    |                                                                 fifo_w26_d2_A_104 |         68 |         68 |       0 |    0 |    36 |      0 |      0 |    0 |            0 |
|   layer2_out_44_V_U                                                                    |                                                                 fifo_w26_d2_A_105 |         73 |         73 |       0 |    0 |    36 |      0 |      0 |    0 |            0 |
|   layer2_out_45_V_U                                                                    |                                                                 fifo_w26_d2_A_106 |         53 |         53 |       0 |    0 |    36 |      0 |      0 |    0 |            0 |
|   layer2_out_46_V_U                                                                    |                                                                 fifo_w26_d2_A_107 |         69 |         69 |       0 |    0 |    36 |      0 |      0 |    0 |            0 |
|   layer2_out_47_V_U                                                                    |                                                                 fifo_w26_d2_A_108 |         54 |         54 |       0 |    0 |    36 |      0 |      0 |    0 |            0 |
|   layer2_out_48_V_U                                                                    |                                                                 fifo_w26_d2_A_109 |         54 |         54 |       0 |    0 |    36 |      0 |      0 |    0 |            0 |
|   layer2_out_49_V_U                                                                    |                                                                 fifo_w26_d2_A_110 |         54 |         54 |       0 |    0 |    36 |      0 |      0 |    0 |            0 |
|   layer2_out_4_V_U                                                                     |                                                                 fifo_w26_d2_A_111 |         54 |         54 |       0 |    0 |    36 |      0 |      0 |    0 |            0 |
|   layer2_out_50_V_U                                                                    |                                                                 fifo_w26_d2_A_112 |         53 |         53 |       0 |    0 |    36 |      0 |      0 |    0 |            0 |
|   layer2_out_51_V_U                                                                    |                                                                 fifo_w26_d2_A_113 |         54 |         54 |       0 |    0 |    36 |      0 |      0 |    0 |            0 |
|   layer2_out_52_V_U                                                                    |                                                                 fifo_w26_d2_A_114 |         56 |         56 |       0 |    0 |    36 |      0 |      0 |    0 |            0 |
|   layer2_out_53_V_U                                                                    |                                                                 fifo_w26_d2_A_115 |         53 |         53 |       0 |    0 |    36 |      0 |      0 |    0 |            0 |
|   layer2_out_54_V_U                                                                    |                                                                 fifo_w26_d2_A_116 |         54 |         54 |       0 |    0 |    36 |      0 |      0 |    0 |            0 |
|   layer2_out_55_V_U                                                                    |                                                                 fifo_w26_d2_A_117 |         57 |         57 |       0 |    0 |    36 |      0 |      0 |    0 |            0 |
|   layer2_out_56_V_U                                                                    |                                                                 fifo_w26_d2_A_118 |         53 |         53 |       0 |    0 |    36 |      0 |      0 |    0 |            0 |
|   layer2_out_57_V_U                                                                    |                                                                 fifo_w26_d2_A_119 |         53 |         53 |       0 |    0 |    36 |      0 |      0 |    0 |            0 |
|   layer2_out_58_V_U                                                                    |                                                                 fifo_w26_d2_A_120 |         63 |         63 |       0 |    0 |    36 |      0 |      0 |    0 |            0 |
|   layer2_out_59_V_U                                                                    |                                                                 fifo_w26_d2_A_121 |         53 |         53 |       0 |    0 |    36 |      0 |      0 |    0 |            0 |
|   layer2_out_5_V_U                                                                     |                                                                 fifo_w26_d2_A_122 |         53 |         53 |       0 |    0 |    36 |      0 |      0 |    0 |            0 |
|   layer2_out_60_V_U                                                                    |                                                                 fifo_w26_d2_A_123 |         53 |         53 |       0 |    0 |    36 |      0 |      0 |    0 |            0 |
|   layer2_out_61_V_U                                                                    |                                                                 fifo_w26_d2_A_124 |         60 |         60 |       0 |    0 |    36 |      0 |      0 |    0 |            0 |
|   layer2_out_62_V_U                                                                    |                                                                 fifo_w26_d2_A_125 |         60 |         60 |       0 |    0 |    36 |      0 |      0 |    0 |            0 |
|   layer2_out_63_V_U                                                                    |                                                                 fifo_w26_d2_A_126 |         55 |         55 |       0 |    0 |    36 |      0 |      0 |    0 |            0 |
|   layer2_out_6_V_U                                                                     |                                                                 fifo_w26_d2_A_127 |         53 |         53 |       0 |    0 |    36 |      0 |      0 |    0 |            0 |
|   layer2_out_7_V_U                                                                     |                                                                 fifo_w26_d2_A_128 |         53 |         53 |       0 |    0 |    36 |      0 |      0 |    0 |            0 |
|   layer2_out_8_V_U                                                                     |                                                                 fifo_w26_d2_A_129 |         53 |         53 |       0 |    0 |    36 |      0 |      0 |    0 |            0 |
|   layer2_out_9_V_U                                                                     |                                                                 fifo_w26_d2_A_130 |         53 |         53 |       0 |    0 |    36 |      0 |      0 |    0 |            0 |
|   layer5_out_0_V_U                                                                     |                                                                 fifo_w16_d2_A_131 |        103 |        103 |       0 |    0 |    34 |      0 |      0 |    0 |            0 |
|   layer5_out_10_V_U                                                                    |                                                                 fifo_w16_d2_A_132 |        241 |        241 |       0 |    0 |    34 |      0 |      0 |    0 |            0 |
|   layer5_out_11_V_U                                                                    |                                                                 fifo_w16_d2_A_133 |        131 |        131 |       0 |    0 |    34 |      0 |      0 |    0 |            0 |
|   layer5_out_12_V_U                                                                    |                                                                 fifo_w16_d2_A_134 |        236 |        236 |       0 |    0 |    34 |      0 |      0 |    0 |            0 |
|   layer5_out_13_V_U                                                                    |                                                                 fifo_w16_d2_A_135 |        290 |        290 |       0 |    0 |    34 |      0 |      0 |    0 |            0 |
|   layer5_out_14_V_U                                                                    |                                                                 fifo_w16_d2_A_136 |        149 |        149 |       0 |    0 |    34 |      0 |      0 |    0 |            0 |
|   layer5_out_15_V_U                                                                    |                                                                 fifo_w16_d2_A_137 |        176 |        176 |       0 |    0 |    34 |      0 |      0 |    0 |            0 |
|   layer5_out_16_V_U                                                                    |                                                                 fifo_w16_d2_A_138 |        318 |        318 |       0 |    0 |    34 |      0 |      0 |    0 |            0 |
|   layer5_out_17_V_U                                                                    |                                                                 fifo_w16_d2_A_139 |        106 |        106 |       0 |    0 |    34 |      0 |      0 |    0 |            0 |
|   layer5_out_18_V_U                                                                    |                                                                 fifo_w16_d2_A_140 |        253 |        253 |       0 |    0 |    34 |      0 |      0 |    0 |            0 |
|   layer5_out_19_V_U                                                                    |                                                                 fifo_w16_d2_A_141 |        130 |        130 |       0 |    0 |    34 |      0 |      0 |    0 |            0 |
|   layer5_out_1_V_U                                                                     |                                                                 fifo_w16_d2_A_142 |        168 |        168 |       0 |    0 |    34 |      0 |      0 |    0 |            0 |
|   layer5_out_20_V_U                                                                    |                                                                 fifo_w16_d2_A_143 |        192 |        192 |       0 |    0 |    34 |      0 |      0 |    0 |            0 |
|   layer5_out_21_V_U                                                                    |                                                                 fifo_w16_d2_A_144 |        132 |        132 |       0 |    0 |    34 |      0 |      0 |    0 |            0 |
|   layer5_out_22_V_U                                                                    |                                                                 fifo_w16_d2_A_145 |        142 |        142 |       0 |    0 |    34 |      0 |      0 |    0 |            0 |
|   layer5_out_23_V_U                                                                    |                                                                 fifo_w16_d2_A_146 |        193 |        193 |       0 |    0 |    34 |      0 |      0 |    0 |            0 |
|   layer5_out_24_V_U                                                                    |                                                                 fifo_w16_d2_A_147 |         72 |         72 |       0 |    0 |    34 |      0 |      0 |    0 |            0 |
|   layer5_out_25_V_U                                                                    |                                                                 fifo_w16_d2_A_148 |        148 |        148 |       0 |    0 |    34 |      0 |      0 |    0 |            0 |
|   layer5_out_26_V_U                                                                    |                                                                 fifo_w16_d2_A_149 |        174 |        174 |       0 |    0 |    34 |      0 |      0 |    0 |            0 |
|   layer5_out_27_V_U                                                                    |                                                                 fifo_w16_d2_A_150 |        215 |        215 |       0 |    0 |    34 |      0 |      0 |    0 |            0 |
|   layer5_out_28_V_U                                                                    |                                                                 fifo_w16_d2_A_151 |        215 |        215 |       0 |    0 |    34 |      0 |      0 |    0 |            0 |
|   layer5_out_29_V_U                                                                    |                                                                 fifo_w16_d2_A_152 |        282 |        282 |       0 |    0 |    34 |      0 |      0 |    0 |            0 |
|   layer5_out_2_V_U                                                                     |                                                                 fifo_w16_d2_A_153 |        149 |        149 |       0 |    0 |    34 |      0 |      0 |    0 |            0 |
|   layer5_out_30_V_U                                                                    |                                                                 fifo_w16_d2_A_154 |        159 |        159 |       0 |    0 |    34 |      0 |      0 |    0 |            0 |
|   layer5_out_31_V_U                                                                    |                                                                 fifo_w16_d2_A_155 |        175 |        175 |       0 |    0 |    34 |      0 |      0 |    0 |            0 |
|   layer5_out_32_V_U                                                                    |                                                                 fifo_w16_d2_A_156 |        110 |        110 |       0 |    0 |    34 |      0 |      0 |    0 |            0 |
|   layer5_out_33_V_U                                                                    |                                                                 fifo_w16_d2_A_157 |        175 |        175 |       0 |    0 |    34 |      0 |      0 |    0 |            0 |
|   layer5_out_34_V_U                                                                    |                                                                 fifo_w16_d2_A_158 |        200 |        200 |       0 |    0 |    34 |      0 |      0 |    0 |            0 |
|   layer5_out_35_V_U                                                                    |                                                                 fifo_w16_d2_A_159 |        257 |        257 |       0 |    0 |    34 |      0 |      0 |    0 |            0 |
|   layer5_out_36_V_U                                                                    |                                                                 fifo_w16_d2_A_160 |        174 |        174 |       0 |    0 |    34 |      0 |      0 |    0 |            0 |
|   layer5_out_37_V_U                                                                    |                                                                 fifo_w16_d2_A_161 |        262 |        262 |       0 |    0 |    34 |      0 |      0 |    0 |            0 |
|   layer5_out_38_V_U                                                                    |                                                                 fifo_w16_d2_A_162 |        219 |        219 |       0 |    0 |    34 |      0 |      0 |    0 |            0 |
|   layer5_out_39_V_U                                                                    |                                                                 fifo_w16_d2_A_163 |        263 |        263 |       0 |    0 |    34 |      0 |      0 |    0 |            0 |
|   layer5_out_3_V_U                                                                     |                                                                 fifo_w16_d2_A_164 |        193 |        193 |       0 |    0 |    34 |      0 |      0 |    0 |            0 |
|   layer5_out_40_V_U                                                                    |                                                                 fifo_w16_d2_A_165 |        179 |        179 |       0 |    0 |    34 |      0 |      0 |    0 |            0 |
|   layer5_out_41_V_U                                                                    |                                                                 fifo_w16_d2_A_166 |        101 |        101 |       0 |    0 |    34 |      0 |      0 |    0 |            0 |
|   layer5_out_42_V_U                                                                    |                                                                 fifo_w16_d2_A_167 |        235 |        235 |       0 |    0 |    34 |      0 |      0 |    0 |            0 |
|   layer5_out_43_V_U                                                                    |                                                                 fifo_w16_d2_A_168 |        228 |        228 |       0 |    0 |    34 |      0 |      0 |    0 |            0 |
|   layer5_out_44_V_U                                                                    |                                                                 fifo_w16_d2_A_169 |        211 |        211 |       0 |    0 |    34 |      0 |      0 |    0 |            0 |
|   layer5_out_45_V_U                                                                    |                                                                 fifo_w16_d2_A_170 |        180 |        180 |       0 |    0 |    34 |      0 |      0 |    0 |            0 |
|   layer5_out_46_V_U                                                                    |                                                                 fifo_w16_d2_A_171 |        224 |        224 |       0 |    0 |    34 |      0 |      0 |    0 |            0 |
|   layer5_out_47_V_U                                                                    |                                                                 fifo_w16_d2_A_172 |        111 |        111 |       0 |    0 |    34 |      0 |      0 |    0 |            0 |
|   layer5_out_48_V_U                                                                    |                                                                 fifo_w16_d2_A_173 |        244 |        244 |       0 |    0 |    34 |      0 |      0 |    0 |            0 |
|   layer5_out_49_V_U                                                                    |                                                                 fifo_w16_d2_A_174 |        205 |        205 |       0 |    0 |    34 |      0 |      0 |    0 |            0 |
|   layer5_out_4_V_U                                                                     |                                                                 fifo_w16_d2_A_175 |        162 |        162 |       0 |    0 |    34 |      0 |      0 |    0 |            0 |
|   layer5_out_50_V_U                                                                    |                                                                 fifo_w16_d2_A_176 |        172 |        172 |       0 |    0 |    34 |      0 |      0 |    0 |            0 |
|   layer5_out_51_V_U                                                                    |                                                                 fifo_w16_d2_A_177 |        197 |        197 |       0 |    0 |    34 |      0 |      0 |    0 |            0 |
|   layer5_out_52_V_U                                                                    |                                                                 fifo_w16_d2_A_178 |        245 |        245 |       0 |    0 |    34 |      0 |      0 |    0 |            0 |
|   layer5_out_53_V_U                                                                    |                                                                 fifo_w16_d2_A_179 |        170 |        170 |       0 |    0 |    34 |      0 |      0 |    0 |            0 |
|   layer5_out_54_V_U                                                                    |                                                                 fifo_w16_d2_A_180 |        156 |        156 |       0 |    0 |    34 |      0 |      0 |    0 |            0 |
|   layer5_out_55_V_U                                                                    |                                                                 fifo_w16_d2_A_181 |        200 |        200 |       0 |    0 |    34 |      0 |      0 |    0 |            0 |
|   layer5_out_56_V_U                                                                    |                                                                 fifo_w16_d2_A_182 |        177 |        177 |       0 |    0 |    34 |      0 |      0 |    0 |            0 |
|   layer5_out_57_V_U                                                                    |                                                                 fifo_w16_d2_A_183 |        182 |        182 |       0 |    0 |    34 |      0 |      0 |    0 |            0 |
|   layer5_out_58_V_U                                                                    |                                                                 fifo_w16_d2_A_184 |        137 |        137 |       0 |    0 |    34 |      0 |      0 |    0 |            0 |
|   layer5_out_59_V_U                                                                    |                                                                 fifo_w16_d2_A_185 |        178 |        178 |       0 |    0 |    34 |      0 |      0 |    0 |            0 |
|   layer5_out_5_V_U                                                                     |                                                                 fifo_w16_d2_A_186 |        116 |        116 |       0 |    0 |    34 |      0 |      0 |    0 |            0 |
|   layer5_out_60_V_U                                                                    |                                                                 fifo_w16_d2_A_187 |        292 |        292 |       0 |    0 |    34 |      0 |      0 |    0 |            0 |
|   layer5_out_61_V_U                                                                    |                                                                 fifo_w16_d2_A_188 |        223 |        223 |       0 |    0 |    34 |      0 |      0 |    0 |            0 |
|   layer5_out_62_V_U                                                                    |                                                                 fifo_w16_d2_A_189 |        119 |        119 |       0 |    0 |    34 |      0 |      0 |    0 |            0 |
|   layer5_out_63_V_U                                                                    |                                                                 fifo_w16_d2_A_190 |        270 |        270 |       0 |    0 |    34 |      0 |      0 |    0 |            0 |
|   layer5_out_6_V_U                                                                     |                                                                 fifo_w16_d2_A_191 |        220 |        220 |       0 |    0 |    34 |      0 |      0 |    0 |            0 |
|   layer5_out_7_V_U                                                                     |                                                                 fifo_w16_d2_A_192 |        114 |        114 |       0 |    0 |    34 |      0 |      0 |    0 |            0 |
|   layer5_out_8_V_U                                                                     |                                                                 fifo_w16_d2_A_193 |        108 |        108 |       0 |    0 |    34 |      0 |      0 |    0 |            0 |
|   layer5_out_9_V_U                                                                     |                                                                 fifo_w16_d2_A_194 |        217 |        217 |       0 |    0 |    34 |      0 |      0 |    0 |            0 |
|   layer6_out_0_V_U                                                                     |                                                                 fifo_w26_d2_A_195 |         53 |         53 |       0 |    0 |    36 |      0 |      0 |    0 |            0 |
|   layer6_out_10_V_U                                                                    |                                                                 fifo_w26_d2_A_196 |         54 |         54 |       0 |    0 |    36 |      0 |      0 |    0 |            0 |
|   layer6_out_11_V_U                                                                    |                                                                 fifo_w26_d2_A_197 |         53 |         53 |       0 |    0 |    36 |      0 |      0 |    0 |            0 |
|   layer6_out_12_V_U                                                                    |                                                                 fifo_w26_d2_A_198 |         54 |         54 |       0 |    0 |    36 |      0 |      0 |    0 |            0 |
|   layer6_out_13_V_U                                                                    |                                                                 fifo_w26_d2_A_199 |         53 |         53 |       0 |    0 |    36 |      0 |      0 |    0 |            0 |
|   layer6_out_14_V_U                                                                    |                                                                 fifo_w26_d2_A_200 |         53 |         53 |       0 |    0 |    36 |      0 |      0 |    0 |            0 |
|   layer6_out_15_V_U                                                                    |                                                                 fifo_w26_d2_A_201 |         54 |         54 |       0 |    0 |    36 |      0 |      0 |    0 |            0 |
|   layer6_out_16_V_U                                                                    |                                                                 fifo_w26_d2_A_202 |         53 |         53 |       0 |    0 |    36 |      0 |      0 |    0 |            0 |
|   layer6_out_17_V_U                                                                    |                                                                 fifo_w26_d2_A_203 |         53 |         53 |       0 |    0 |    36 |      0 |      0 |    0 |            0 |
|   layer6_out_18_V_U                                                                    |                                                                 fifo_w26_d2_A_204 |         57 |         57 |       0 |    0 |    36 |      0 |      0 |    0 |            0 |
|   layer6_out_19_V_U                                                                    |                                                                 fifo_w26_d2_A_205 |         52 |         52 |       0 |    0 |    36 |      0 |      0 |    0 |            0 |
|   layer6_out_1_V_U                                                                     |                                                                 fifo_w26_d2_A_206 |         53 |         53 |       0 |    0 |    36 |      0 |      0 |    0 |            0 |
|   layer6_out_20_V_U                                                                    |                                                                 fifo_w26_d2_A_207 |         53 |         53 |       0 |    0 |    36 |      0 |      0 |    0 |            0 |
|   layer6_out_21_V_U                                                                    |                                                                 fifo_w26_d2_A_208 |         54 |         54 |       0 |    0 |    36 |      0 |      0 |    0 |            0 |
|   layer6_out_22_V_U                                                                    |                                                                 fifo_w26_d2_A_209 |         53 |         53 |       0 |    0 |    36 |      0 |      0 |    0 |            0 |
|   layer6_out_23_V_U                                                                    |                                                                 fifo_w26_d2_A_210 |         52 |         52 |       0 |    0 |    36 |      0 |      0 |    0 |            0 |
|   layer6_out_24_V_U                                                                    |                                                                 fifo_w26_d2_A_211 |         54 |         54 |       0 |    0 |    36 |      0 |      0 |    0 |            0 |
|   layer6_out_25_V_U                                                                    |                                                                 fifo_w26_d2_A_212 |         54 |         54 |       0 |    0 |    36 |      0 |      0 |    0 |            0 |
|   layer6_out_26_V_U                                                                    |                                                                 fifo_w26_d2_A_213 |         53 |         53 |       0 |    0 |    36 |      0 |      0 |    0 |            0 |
|   layer6_out_27_V_U                                                                    |                                                                 fifo_w26_d2_A_214 |         54 |         54 |       0 |    0 |    36 |      0 |      0 |    0 |            0 |
|   layer6_out_28_V_U                                                                    |                                                                 fifo_w26_d2_A_215 |         53 |         53 |       0 |    0 |    36 |      0 |      0 |    0 |            0 |
|   layer6_out_29_V_U                                                                    |                                                                 fifo_w26_d2_A_216 |         54 |         54 |       0 |    0 |    36 |      0 |      0 |    0 |            0 |
|   layer6_out_2_V_U                                                                     |                                                                 fifo_w26_d2_A_217 |         53 |         53 |       0 |    0 |    36 |      0 |      0 |    0 |            0 |
|   layer6_out_30_V_U                                                                    |                                                                 fifo_w26_d2_A_218 |         54 |         54 |       0 |    0 |    36 |      0 |      0 |    0 |            0 |
|   layer6_out_31_V_U                                                                    |                                                                 fifo_w26_d2_A_219 |         56 |         56 |       0 |    0 |    36 |      0 |      0 |    0 |            0 |
|   layer6_out_3_V_U                                                                     |                                                                 fifo_w26_d2_A_220 |         55 |         55 |       0 |    0 |    36 |      0 |      0 |    0 |            0 |
|   layer6_out_4_V_U                                                                     |                                                                 fifo_w26_d2_A_221 |         53 |         53 |       0 |    0 |    36 |      0 |      0 |    0 |            0 |
|   layer6_out_5_V_U                                                                     |                                                                 fifo_w26_d2_A_222 |         52 |         52 |       0 |    0 |    36 |      0 |      0 |    0 |            0 |
|   layer6_out_6_V_U                                                                     |                                                                 fifo_w26_d2_A_223 |         54 |         54 |       0 |    0 |    36 |      0 |      0 |    0 |            0 |
|   layer6_out_7_V_U                                                                     |                                                                 fifo_w26_d2_A_224 |         54 |         54 |       0 |    0 |    36 |      0 |      0 |    0 |            0 |
|   layer6_out_8_V_U                                                                     |                                                                 fifo_w26_d2_A_225 |         53 |         53 |       0 |    0 |    36 |      0 |      0 |    0 |            0 |
|   layer6_out_9_V_U                                                                     |                                                                 fifo_w26_d2_A_226 |         54 |         54 |       0 |    0 |    36 |      0 |      0 |    0 |            0 |
|   layer9_out_0_V_U                                                                     |                                                                 fifo_w16_d2_A_227 |        132 |        132 |       0 |    0 |    34 |      0 |      0 |    0 |            0 |
|   layer9_out_10_V_U                                                                    |                                                                 fifo_w16_d2_A_228 |         93 |         93 |       0 |    0 |    34 |      0 |      0 |    0 |            0 |
|   layer9_out_11_V_U                                                                    |                                                                 fifo_w16_d2_A_229 |        100 |        100 |       0 |    0 |    34 |      0 |      0 |    0 |            0 |
|   layer9_out_12_V_U                                                                    |                                                                 fifo_w16_d2_A_230 |        163 |        163 |       0 |    0 |    34 |      0 |      0 |    0 |            0 |
|   layer9_out_13_V_U                                                                    |                                                                 fifo_w16_d2_A_231 |        192 |        192 |       0 |    0 |    34 |      0 |      0 |    0 |            0 |
|   layer9_out_14_V_U                                                                    |                                                                 fifo_w16_d2_A_232 |         89 |         89 |       0 |    0 |    34 |      0 |      0 |    0 |            0 |
|   layer9_out_15_V_U                                                                    |                                                                 fifo_w16_d2_A_233 |        151 |        151 |       0 |    0 |    34 |      0 |      0 |    0 |            0 |
|   layer9_out_16_V_U                                                                    |                                                                 fifo_w16_d2_A_234 |        148 |        148 |       0 |    0 |    34 |      0 |      0 |    0 |            0 |
|   layer9_out_17_V_U                                                                    |                                                                 fifo_w16_d2_A_235 |         51 |         51 |       0 |    0 |    34 |      0 |      0 |    0 |            0 |
|   layer9_out_18_V_U                                                                    |                                                                 fifo_w16_d2_A_236 |         82 |         82 |       0 |    0 |    34 |      0 |      0 |    0 |            0 |
|   layer9_out_19_V_U                                                                    |                                                                 fifo_w16_d2_A_237 |        110 |        110 |       0 |    0 |    34 |      0 |      0 |    0 |            0 |
|   layer9_out_1_V_U                                                                     |                                                                 fifo_w16_d2_A_238 |        198 |        198 |       0 |    0 |    34 |      0 |      0 |    0 |            0 |
|   layer9_out_20_V_U                                                                    |                                                                 fifo_w16_d2_A_239 |        187 |        187 |       0 |    0 |    34 |      0 |      0 |    0 |            0 |
|   layer9_out_21_V_U                                                                    |                                                                 fifo_w16_d2_A_240 |         76 |         76 |       0 |    0 |    34 |      0 |      0 |    0 |            0 |
|   layer9_out_22_V_U                                                                    |                                                                 fifo_w16_d2_A_241 |         58 |         58 |       0 |    0 |    34 |      0 |      0 |    0 |            0 |
|   layer9_out_23_V_U                                                                    |                                                                 fifo_w16_d2_A_242 |         74 |         74 |       0 |    0 |    34 |      0 |      0 |    0 |            0 |
|   layer9_out_24_V_U                                                                    |                                                                 fifo_w16_d2_A_243 |        165 |        165 |       0 |    0 |    34 |      0 |      0 |    0 |            0 |
|   layer9_out_25_V_U                                                                    |                                                                 fifo_w16_d2_A_244 |         72 |         72 |       0 |    0 |    34 |      0 |      0 |    0 |            0 |
|   layer9_out_26_V_U                                                                    |                                                                 fifo_w16_d2_A_245 |        120 |        120 |       0 |    0 |    34 |      0 |      0 |    0 |            0 |
|   layer9_out_27_V_U                                                                    |                                                                 fifo_w16_d2_A_246 |        133 |        133 |       0 |    0 |    34 |      0 |      0 |    0 |            0 |
|   layer9_out_28_V_U                                                                    |                                                                 fifo_w16_d2_A_247 |        133 |        133 |       0 |    0 |    34 |      0 |      0 |    0 |            0 |
|   layer9_out_29_V_U                                                                    |                                                                 fifo_w16_d2_A_248 |        108 |        108 |       0 |    0 |    34 |      0 |      0 |    0 |            0 |
|   layer9_out_2_V_U                                                                     |                                                                 fifo_w16_d2_A_249 |         93 |         93 |       0 |    0 |    34 |      0 |      0 |    0 |            0 |
|   layer9_out_30_V_U                                                                    |                                                                 fifo_w16_d2_A_250 |        144 |        144 |       0 |    0 |    34 |      0 |      0 |    0 |            0 |
|   layer9_out_31_V_U                                                                    |                                                                 fifo_w16_d2_A_251 |        119 |        119 |       0 |    0 |    34 |      0 |      0 |    0 |            0 |
|   layer9_out_3_V_U                                                                     |                                                                 fifo_w16_d2_A_252 |        137 |        137 |       0 |    0 |    34 |      0 |      0 |    0 |            0 |
|   layer9_out_4_V_U                                                                     |                                                                 fifo_w16_d2_A_253 |         62 |         62 |       0 |    0 |    34 |      0 |      0 |    0 |            0 |
|   layer9_out_5_V_U                                                                     |                                                                 fifo_w16_d2_A_254 |        120 |        120 |       0 |    0 |    34 |      0 |      0 |    0 |            0 |
|   layer9_out_6_V_U                                                                     |                                                                 fifo_w16_d2_A_255 |        103 |        103 |       0 |    0 |    34 |      0 |      0 |    0 |            0 |
|   layer9_out_7_V_U                                                                     |                                                                 fifo_w16_d2_A_256 |        107 |        107 |       0 |    0 |    34 |      0 |      0 |    0 |            0 |
|   layer9_out_8_V_U                                                                     |                                                                 fifo_w16_d2_A_257 |         95 |         95 |       0 |    0 |    34 |      0 |      0 |    0 |            0 |
|   layer9_out_9_V_U                                                                     |                                                                 fifo_w16_d2_A_258 |        114 |        114 |       0 |    0 |    34 |      0 |      0 |    0 |            0 |
|   relu_ap_fixed_37_17_5_3_0_ap_fixed_16_6_5_3_0_relu_config5_U0                        |                      relu_ap_fixed_37_17_5_3_0_ap_fixed_16_6_5_3_0_relu_config5_s |        160 |        160 |       0 |    0 |   961 |      0 |      0 |    0 |            0 |
|   relu_ap_fixed_38_18_5_3_0_ap_fixed_16_6_5_3_0_relu_config13_U0                       |                     relu_ap_fixed_38_18_5_3_0_ap_fixed_16_6_5_3_0_relu_config13_s |          5 |          5 |       0 |    0 |   481 |      0 |      0 |    0 |            0 |
|   relu_ap_fixed_39_19_5_3_0_ap_fixed_16_6_5_3_0_relu_config9_U0                        |                      relu_ap_fixed_39_19_5_3_0_ap_fixed_16_6_5_3_0_relu_config9_s |         62 |         62 |       0 |    0 |   481 |      0 |      0 |    0 |            0 |
|   softmax_argmax_ap_fixed_ap_fixed_16_6_5_3_0_softmax_config16_U0                      |                    softmax_argmax_ap_fixed_ap_fixed_16_6_5_3_0_softmax_config16_s |         62 |         62 |       0 |    0 |    32 |      0 |      0 |    0 |            0 |
+----------------------------------------------------------------------------------------+-----------------------------------------------------------------------------------+------------+------------+---------+------+-------+--------+--------+------+--------------+
* Note: The sum of lower-level cells may be larger than their parent cells total, due to cross-hierarchy LUT combining


