Copyright 1986-2019 Xilinx, Inc. All Rights Reserved.
------------------------------------------------------------------------------------------------------------------
| Tool Version : Vivado v.2019.1 (lin64) Build 2552052 Fri May 24 14:47:09 MDT 2019
| Date         : Sun Nov 16 12:24:21 2025
| Host         : hvm1 running 64-bit Ubuntu 22.04.5 LTS
| Command      : report_utilization -hierarchical -hierarchical_depth 1 -file reports/hls_final_7_3_util_hier.rpt
| Design       : p
| Device       : xcvu13pfhga2104-3
| Design State : Routed
------------------------------------------------------------------------------------------------------------------

Utilization Design Information

Table of Contents
-----------------
1. Utilization by Hierarchy

1. Utilization by Hierarchy
---------------------------

+------------------------------------------------------------------------------------------------+-----------------------------------------------------------------------------------+------------+------------+---------+------+-------+--------+--------+------+--------------+
|                                            Instance                                            |                                       Module                                      | Total LUTs | Logic LUTs | LUTRAMs | SRLs |  FFs  | RAMB36 | RAMB18 | URAM | DSP48 Blocks |
+------------------------------------------------------------------------------------------------+-----------------------------------------------------------------------------------+------------+------------+---------+------+-------+--------+--------+------+--------------+
| p                                                                                              |                                                                             (top) |      46423 |      44788 |       0 | 1635 | 17891 |      0 |      1 |    0 |            5 |
|   (p)                                                                                          |                                                                             (top) |        975 |        975 |       0 |    0 |  1866 |      0 |      0 |    0 |            0 |
|   call_ret1_relu_ap_fixed_19_11_5_3_0_ap_fixed_7_3_0_0_0_relu_config5_s_fu_245                 |                       relu_ap_fixed_19_11_5_3_0_ap_fixed_7_3_0_0_0_relu_config5_s |        544 |        544 |       0 |    0 |     0 |      0 |      0 |    0 |            0 |
|   grp_dense_latency_0_0_0_0_0_0_0_0_0_0_0_0_0_0_0_0_0_0_0_0_0_0_0_0_0_0_0_0_0_0_0_0_0_1_fu_167 | dense_latency_0_0_0_0_0_0_0_0_0_0_0_0_0_0_0_0_0_0_0_0_0_0_0_0_0_0_0_0_0_0_0_0_0_1 |      14263 |      13911 |       0 |  352 |  4328 |      0 |      0 |    0 |            0 |
|   grp_dense_latency_0_0_0_0_0_0_0_0_0_0_0_0_0_0_0_0_0_0_0_0_0_0_0_0_0_0_0_0_0_0_0_0_0_fu_99    |   dense_latency_0_0_0_0_0_0_0_0_0_0_0_0_0_0_0_0_0_0_0_0_0_0_0_0_0_0_0_0_0_0_0_0_0 |      15421 |      14531 |       0 |  890 |  6620 |      0 |      0 |    0 |            0 |
|   grp_dense_latency_0_0_0_0_0_0_0_0_0_0_0_0_0_0_0_0_0_0_0_0_0_0_0_0_0_0_0_0_0_0_0_0_0_s_fu_203 | dense_latency_0_0_0_0_0_0_0_0_0_0_0_0_0_0_0_0_0_0_0_0_0_0_0_0_0_0_0_0_0_0_0_0_0_s |      12802 |      12628 |       0 |  174 |  3919 |      0 |      0 |    0 |            0 |
|   grp_dense_latency_ap_fixed_ap_fixed_7_3_5_3_0_config14_0_0_0_0_0_0_fu_209                    |                    dense_latency_ap_fixed_ap_fixed_7_3_5_3_0_config14_0_0_0_0_0_0 |       2285 |       2066 |       0 |  219 |  1101 |      0 |      0 |    0 |            0 |
|   grp_softmax_stable_ap_fixed_ap_fixed_7_3_5_3_0_softmax_config16_s_fu_385                     |                     softmax_stable_ap_fixed_ap_fixed_7_3_5_3_0_softmax_config16_s |        133 |        133 |       0 |    0 |    57 |      0 |      1 |    0 |            5 |
+------------------------------------------------------------------------------------------------+-----------------------------------------------------------------------------------+------------+------------+---------+------+-------+--------+--------+------+--------------+
* Note: The sum of lower-level cells may be larger than their parent cells total, due to cross-hierarchy LUT combining


