Copyright 1986-2019 Xilinx, Inc. All Rights Reserved.
--------------------------------------------------------------------------------------------------------------------
| Tool Version : Vivado v.2019.1 (lin64) Build 2552052 Fri May 24 14:47:09 MDT 2019
| Date         : Mon Nov 17 17:16:19 2025
| Host         : hvm1 running 64-bit Ubuntu 22.04.5 LTS
| Command      : report_utilization -hierarchical -hierarchical_depth 1 -file reports/hls_argmax_13_5_util_hier.rpt
| Design       : p
| Device       : xcvu13pfhga2104-3
| Design State : Routed
--------------------------------------------------------------------------------------------------------------------

Utilization Design Information

Table of Contents
-----------------
1. Utilization by Hierarchy

1. Utilization by Hierarchy
---------------------------

+------------------------------------------------------------------------------------------------+-----------------------------------------------------------------------------------+------------+------------+---------+------+------+--------+--------+------+--------------+
|                                            Instance                                            |                                       Module                                      | Total LUTs | Logic LUTs | LUTRAMs | SRLs |  FFs | RAMB36 | RAMB18 | URAM | DSP48 Blocks |
+------------------------------------------------------------------------------------------------+-----------------------------------------------------------------------------------+------------+------------+---------+------+------+--------+--------+------+--------------+
| p                                                                                              |                                                                             (top) |      52335 |      52335 |       0 |    0 | 7886 |      0 |      0 |    0 |         1707 |
|   (p)                                                                                          |                                                                             (top) |      20924 |      20924 |       0 |    0 | 2743 |      0 |      0 |    0 |            0 |
|   call_ret1_relu_ap_fixed_31_15_5_3_0_ap_fixed_13_5_5_3_0_relu_config5_s_fu_253                |                      relu_ap_fixed_31_15_5_3_0_ap_fixed_13_5_5_3_0_relu_config5_s |        111 |        111 |       0 |    0 |    0 |      0 |      0 |    0 |            0 |
|   call_ret3_relu_ap_fixed_33_17_5_3_0_ap_fixed_13_5_5_3_0_relu_config9_s_fu_321                |                      relu_ap_fixed_33_17_5_3_0_ap_fixed_13_5_5_3_0_relu_config9_s |         19 |         19 |       0 |    0 |    0 |      0 |      0 |    0 |            0 |
|   call_ret5_relu_ap_fixed_32_16_5_3_0_ap_fixed_13_5_5_3_0_relu_config13_s_fu_357               |                     relu_ap_fixed_32_16_5_3_0_ap_fixed_13_5_5_3_0_relu_config13_s |          0 |          0 |       0 |    0 |    0 |      0 |      0 |    0 |            0 |
|   grp_dense_latency_0_0_0_0_0_0_0_0_0_0_0_0_0_0_0_0_0_0_0_0_0_0_0_0_0_0_0_0_0_0_0_0_0_1_fu_175 | dense_latency_0_0_0_0_0_0_0_0_0_0_0_0_0_0_0_0_0_0_0_0_0_0_0_0_0_0_0_0_0_0_0_0_0_1 |       6985 |       6985 |       0 |    0 | 1102 |      0 |      0 |    0 |          551 |
|   grp_dense_latency_0_0_0_0_0_0_0_0_0_0_0_0_0_0_0_0_0_0_0_0_0_0_0_0_0_0_0_0_0_0_0_0_0_fu_107   |   dense_latency_0_0_0_0_0_0_0_0_0_0_0_0_0_0_0_0_0_0_0_0_0_0_0_0_0_0_0_0_0_0_0_0_0 |      11387 |      11387 |       0 |    0 | 2783 |      0 |      0 |    0 |          571 |
|   grp_dense_latency_0_0_0_0_0_0_0_0_0_0_0_0_0_0_0_0_0_0_0_0_0_0_0_0_0_0_0_0_0_0_0_0_0_s_fu_211 | dense_latency_0_0_0_0_0_0_0_0_0_0_0_0_0_0_0_0_0_0_0_0_0_0_0_0_0_0_0_0_0_0_0_0_0_s |      11947 |      11947 |       0 |    0 | 1075 |      0 |      0 |    0 |          500 |
|   grp_dense_latency_ap_fixed_ap_fixed_13_5_5_3_0_config14_0_0_0_0_0_0_fu_217                   |                   dense_latency_ap_fixed_ap_fixed_13_5_5_3_0_config14_0_0_0_0_0_0 |       1006 |       1006 |       0 |    0 |  183 |      0 |      0 |    0 |           85 |
|   p_mux_83_13_1_1_U259                                                                         |                                                                   p_mux_83_13_1_1 |          1 |          1 |       0 |    0 |    0 |      0 |      0 |    0 |            0 |
|   p_mux_83_13_1_1_U260                                                                         |                                                                 p_mux_83_13_1_1_0 |          1 |          1 |       0 |    0 |    0 |      0 |      0 |    0 |            0 |
|   p_mux_83_13_1_1_U261                                                                         |                                                                 p_mux_83_13_1_1_1 |          1 |          1 |       0 |    0 |    0 |      0 |      0 |    0 |            0 |
|   p_mux_83_13_1_1_U262                                                                         |                                                                 p_mux_83_13_1_1_2 |          1 |          1 |       0 |    0 |    0 |      0 |      0 |    0 |            0 |
+------------------------------------------------------------------------------------------------+-----------------------------------------------------------------------------------+------------+------------+---------+------+------+--------+--------+------+--------------+
* Note: The sum of lower-level cells may be larger than their parent cells total, due to cross-hierarchy LUT combining


