Copyright 1986-2019 Xilinx, Inc. All Rights Reserved.
------------------------------------------------------------------------------------------
| Tool Version      : Vivado v.2019.1 (lin64) Build 2552052 Fri May 24 14:47:09 MDT 2019
| Date              : Fri Nov 21 22:42:03 2025
| Host              : hvm1 running 64-bit Ubuntu 22.04.5 LTS
| Command           : report_timing_summary -file reports/hls_argmax_res_28_10_timing.rpt
| Design            : p
| Device            : xcvu13p-fhga2104
| Speed File        : -3  PRODUCTION 1.23 03-18-2019
| Temperature Grade : E
------------------------------------------------------------------------------------------

Timing Summary Report

------------------------------------------------------------------------------------------------
| Timer Settings
| --------------
------------------------------------------------------------------------------------------------

  Enable Multi Corner Analysis               :  Yes
  Enable Pessimism Removal                   :  Yes
  Pessimism Removal Resolution               :  Nearest Common Node
  Enable Input Delay Default Clock           :  No
  Enable Preset / Clear Arcs                 :  No
  Disable Flight Delays                      :  No
  Ignore I/O Paths                           :  No
  Timing Early Launch at Borrowing Latches   :  No
  Borrow Time for Max Delay Exceptions       :  Yes

  Corner  Analyze    Analyze    
  Name    Max Paths  Min Paths  
  ------  ---------  ---------  
  Slow    Yes        Yes        
  Fast    Yes        Yes        



check_timing report

Table of Contents
-----------------
1. checking no_clock
2. checking constant_clock
3. checking pulse_width_clock
4. checking unconstrained_internal_endpoints
5. checking no_input_delay
6. checking no_output_delay
7. checking multiple_clock
8. checking generated_clocks
9. checking loops
10. checking partial_input_delay
11. checking partial_output_delay
12. checking latch_loops

1. checking no_clock
--------------------
 There are 0 register/latch pins with no clock.


2. checking constant_clock
--------------------------
 There are 0 register/latch pins with constant_clock.


3. checking pulse_width_clock
-----------------------------
 There are 0 register/latch pins which need pulse_width check


4. checking unconstrained_internal_endpoints
--------------------------------------------
 There are 0 pins that are not constrained for maximum delay.

 There are 0 pins that are not constrained for maximum delay due to constant clock.


5. checking no_input_delay
--------------------------
 There are 451 input ports with no input delay specified. (HIGH)

 There are 0 input ports with no input delay but user has a false path constraint.


6. checking no_output_delay
---------------------------
 There are 13 ports with no output delay specified. (HIGH)

 There are 0 ports with no output delay but user has a false path constraint

 There are 0 ports with no output delay but with a timing clock defined on it or propagating through it


7. checking multiple_clock
--------------------------
 There are 0 register/latch pins with multiple clocks.


8. checking generated_clocks
----------------------------
 There are 0 generated clocks that are not connected to a clock source.


9. checking loops
-----------------
 There are 0 combinational loops in the design.


10. checking partial_input_delay
--------------------------------
 There are 0 input ports with partial input delay specified.


11. checking partial_output_delay
---------------------------------
 There are 0 ports with partial output delay specified.


12. checking latch_loops
------------------------
 There are 0 combinational latch loops in the design through latch input



------------------------------------------------------------------------------------------------
| Design Timing Summary
| ---------------------
------------------------------------------------------------------------------------------------

    WNS(ns)      TNS(ns)  TNS Failing Endpoints  TNS Total Endpoints      WHS(ns)      THS(ns)  THS Failing Endpoints  THS Total Endpoints     WPWS(ns)     TPWS(ns)  TPWS Failing Endpoints  TPWS Total Endpoints  
    -------      -------  ---------------------  -------------------      -------      -------  ---------------------  -------------------     --------     --------  ----------------------  --------------------  
     -1.291   -15726.697                  30069               108848        0.014        0.000                      0               108848        2.225        0.000                       0                 57590  


Timing constraints are not met.


------------------------------------------------------------------------------------------------
| Clock Summary
| -------------
------------------------------------------------------------------------------------------------

Clock   Waveform(ns)         Period(ns)      Frequency(MHz)
-----   ------------         ----------      --------------
ap_clk  {0.000 2.500}        5.000           200.000         


------------------------------------------------------------------------------------------------
| Intra Clock Table
| -----------------
------------------------------------------------------------------------------------------------

Clock             WNS(ns)      TNS(ns)  TNS Failing Endpoints  TNS Total Endpoints      WHS(ns)      THS(ns)  THS Failing Endpoints  THS Total Endpoints     WPWS(ns)     TPWS(ns)  TPWS Failing Endpoints  TPWS Total Endpoints  
-----             -------      -------  ---------------------  -------------------      -------      -------  ---------------------  -------------------     --------     --------  ----------------------  --------------------  
ap_clk             -1.291   -15726.697                  30069               108848        0.014        0.000                      0               108848        2.225        0.000                       0                 57590  


------------------------------------------------------------------------------------------------
| Inter Clock Table
| -----------------
------------------------------------------------------------------------------------------------

From Clock    To Clock          WNS(ns)      TNS(ns)  TNS Failing Endpoints  TNS Total Endpoints      WHS(ns)      THS(ns)  THS Failing Endpoints  THS Total Endpoints  
----------    --------          -------      -------  ---------------------  -------------------      -------      -------  ---------------------  -------------------  


------------------------------------------------------------------------------------------------
| Other Path Groups Table
| -----------------------
------------------------------------------------------------------------------------------------

Path Group    From Clock    To Clock          WNS(ns)      TNS(ns)  TNS Failing Endpoints  TNS Total Endpoints      WHS(ns)      THS(ns)  THS Failing Endpoints  THS Total Endpoints  
----------    ----------    --------          -------      -------  ---------------------  -------------------      -------      -------  ---------------------  -------------------  


------------------------------------------------------------------------------------------------
| Timing Details
| --------------
------------------------------------------------------------------------------------------------


---------------------------------------------------------------------------------------------------
From Clock:  ap_clk
  To Clock:  ap_clk

Setup :        30069  Failing Endpoints,  Worst Slack       -1.291ns,  Total Violation   -15726.697ns
Hold  :            0  Failing Endpoints,  Worst Slack        0.014ns,  Total Violation        0.000ns
PW    :            0  Failing Endpoints,  Worst Slack        2.225ns,  Total Violation        0.000ns
---------------------------------------------------------------------------------------------------


Max Delay Paths
--------------------------------------------------------------------------------------
Slack (VIOLATED) :        -1.291ns  (required time - arrival time)
  Source:                 layer9_out_21_V_U/U_fifo_w28_d2_A_ram/SRL_SIG_reg[0][1]/C
                            (rising edge-triggered cell FDRE clocked by ap_clk  {rise@0.000ns fall@2.500ns period=5.000ns})
  Destination:            dense_resource_rf_leq_nin_0_0_0_0_0_0_0_0_0_0_0_0_0_0_0_0_0_0_0_0_0_0_0_0_0_0_0_1_U0/add_ln703_1998_reg_31031_reg[27]/D
                            (rising edge-triggered cell FDRE clocked by ap_clk  {rise@0.000ns fall@2.500ns period=5.000ns})
  Path Group:             ap_clk
  Path Type:              Setup (Max at Slow Process Corner)
  Requirement:            5.000ns  (ap_clk rise@5.000ns - ap_clk rise@0.000ns)
  Data Path Delay:        6.055ns  (logic 2.293ns (37.870%)  route 3.762ns (62.130%))
  Logic Levels:           14  (CARRY8=2 DSP_A_B_DATA=1 DSP_ALU=2 DSP_M_DATA=1 DSP_MULTIPLIER=1 DSP_OUTPUT=2 DSP_PREADD_DATA=1 LUT3=1 LUT4=1 LUT5=1 LUT6=1)
  Clock Path Skew:        0.013ns (DCD - SCD + CPR)
    Destination Clock Delay (DCD):    3.275ns = ( 8.275 - 5.000 ) 
    Source Clock Delay      (SCD):    3.616ns
    Clock Pessimism Removal (CPR):    0.355ns
  Clock Uncertainty:      0.035ns  ((TSJ^2 + TIJ^2)^1/2 + DJ) / 2 + PE
    Total System Jitter     (TSJ):    0.071ns
    Total Input Jitter      (TIJ):    0.000ns
    Discrete Jitter          (DJ):    0.000ns
    Phase Error              (PE):    0.000ns
  Inter-SLR Compensation: 0.237ns  ((DCD - CCD) * PF)
    Destination Clock Delay (DCD):    3.275ns
    Common Clock Delay      (CCD):    1.698ns
    Prorating Factor         (PF):    0.150
  Clock Net Delay (Source):      2.754ns (routing 1.190ns, distribution 1.564ns)
  Clock Net Delay (Destination): 2.655ns (routing 1.078ns, distribution 1.577ns)

    Location             Delay type                Incr(ns)  Path(ns)    Netlist Resource(s)
  -------------------------------------------------------------------    -------------------
                         (clock ap_clk rise edge)     0.000     0.000 r  
    AR14                                              0.000     0.000 r  ap_clk (IN)
                         net (fo=0)                   0.000     0.000    ap_clk_IBUF_inst/I
    AR14                 INBUF (Prop_INBUF_HPIOB_M_PAD_O)
                                                      0.520     0.520 r  ap_clk_IBUF_inst/INBUF_INST/O
                         net (fo=1, routed)           0.000     0.520    ap_clk_IBUF_inst/OUT
    AR14                 IBUFCTRL (Prop_IBUFCTRL_HPIOB_M_I_O)
                                                      0.000     0.520 r  ap_clk_IBUF_inst/IBUFCTRL_INST/O
                         net (fo=1, routed)           0.314     0.834    ap_clk_IBUF
    BUFGCE_X0Y188        BUFGCE (Prop_BUFCE_BUFGCE_I_O)
                                                      0.028     0.862 r  ap_clk_IBUF_BUFG_inst/O
    X3Y11 (CLOCK_ROOT)   net (fo=58009, routed)       2.754     3.616    layer9_out_21_V_U/U_fifo_w28_d2_A_ram/clk
    SLR Crossing[1->3]   
    SLICE_X165Y745       FDRE                                         r  layer9_out_21_V_U/U_fifo_w28_d2_A_ram/SRL_SIG_reg[0][1]/C
  -------------------------------------------------------------------    -------------------
    SLICE_X165Y745       FDRE (Prop_DFF_SLICEL_C_Q)
                                                      0.070     3.686 f  layer9_out_21_V_U/U_fifo_w28_d2_A_ram/SRL_SIG_reg[0][1]/Q
                         net (fo=2, routed)           1.275     4.961    layer9_out_21_V_U/U_fifo_w28_d2_A_ram/SRL_SIG_reg[0]_0[1]
    SLR Crossing[3->2]   
    SLICE_X165Y644       LUT4 (Prop_A6LUT_SLICEL_I1_O)
                                                      0.031     4.992 f  layer9_out_21_V_U/U_fifo_w28_d2_A_ram/p_1_out__2__7_i_26__0/O
                         net (fo=32, routed)          1.702     6.694    dense_resource_rf_leq_nin_0_0_0_0_0_0_0_0_0_0_0_0_0_0_0_0_0_0_0_0_0_0_0_0_0_0_0_1_U0/mul_ln1118_1888_fu_18918_p2/B[1]
    DSP48E2_X29Y202      DSP_A_B_DATA (Prop_DSP_A_B_DATA_DSP48E2_B[1]_B2_DATA[1])
                                                      0.117     6.811 r  dense_resource_rf_leq_nin_0_0_0_0_0_0_0_0_0_0_0_0_0_0_0_0_0_0_0_0_0_0_0_0_0_0_0_1_U0/mul_ln1118_1888_fu_18918_p2/DSP_A_B_DATA_INST/B2_DATA[1]
                         net (fo=1, routed)           0.000     6.811    dense_resource_rf_leq_nin_0_0_0_0_0_0_0_0_0_0_0_0_0_0_0_0_0_0_0_0_0_0_0_0_0_0_0_1_U0/mul_ln1118_1888_fu_18918_p2/DSP_A_B_DATA.B2_DATA<1>
    DSP48E2_X29Y202      DSP_PREADD_DATA (Prop_DSP_PREADD_DATA_DSP48E2_B2_DATA[1]_B2B1[1])
                                                      0.061     6.872 r  dense_resource_rf_leq_nin_0_0_0_0_0_0_0_0_0_0_0_0_0_0_0_0_0_0_0_0_0_0_0_0_0_0_0_1_U0/mul_ln1118_1888_fu_18918_p2/DSP_PREADD_DATA_INST/B2B1[1]
                         net (fo=1, routed)           0.000     6.872    dense_resource_rf_leq_nin_0_0_0_0_0_0_0_0_0_0_0_0_0_0_0_0_0_0_0_0_0_0_0_0_0_0_0_1_U0/mul_ln1118_1888_fu_18918_p2/DSP_PREADD_DATA.B2B1<1>
    DSP48E2_X29Y202      DSP_MULTIPLIER (Prop_DSP_MULTIPLIER_DSP48E2_B2B1[1]_U[33])
                                                      0.462     7.334 f  dense_resource_rf_leq_nin_0_0_0_0_0_0_0_0_0_0_0_0_0_0_0_0_0_0_0_0_0_0_0_0_0_0_0_1_U0/mul_ln1118_1888_fu_18918_p2/DSP_MULTIPLIER_INST/U[33]
                         net (fo=1, routed)           0.000     7.334    dense_resource_rf_leq_nin_0_0_0_0_0_0_0_0_0_0_0_0_0_0_0_0_0_0_0_0_0_0_0_0_0_0_0_1_U0/mul_ln1118_1888_fu_18918_p2/DSP_MULTIPLIER.U<33>
    DSP48E2_X29Y202      DSP_M_DATA (Prop_DSP_M_DATA_DSP48E2_U[33]_U_DATA[33])
                                                      0.035     7.369 r  dense_resource_rf_leq_nin_0_0_0_0_0_0_0_0_0_0_0_0_0_0_0_0_0_0_0_0_0_0_0_0_0_0_0_1_U0/mul_ln1118_1888_fu_18918_p2/DSP_M_DATA_INST/U_DATA[33]
                         net (fo=1, routed)           0.000     7.369    dense_resource_rf_leq_nin_0_0_0_0_0_0_0_0_0_0_0_0_0_0_0_0_0_0_0_0_0_0_0_0_0_0_0_1_U0/mul_ln1118_1888_fu_18918_p2/DSP_M_DATA.U_DATA<33>
    DSP48E2_X29Y202      DSP_ALU (Prop_DSP_ALU_DSP48E2_U_DATA[33]_ALU_OUT[47])
                                                      0.451     7.820 f  dense_resource_rf_leq_nin_0_0_0_0_0_0_0_0_0_0_0_0_0_0_0_0_0_0_0_0_0_0_0_0_0_0_0_1_U0/mul_ln1118_1888_fu_18918_p2/DSP_ALU_INST/ALU_OUT[47]
                         net (fo=1, routed)           0.000     7.820    dense_resource_rf_leq_nin_0_0_0_0_0_0_0_0_0_0_0_0_0_0_0_0_0_0_0_0_0_0_0_0_0_0_0_1_U0/mul_ln1118_1888_fu_18918_p2/DSP_ALU.ALU_OUT<47>
    DSP48E2_X29Y202      DSP_OUTPUT (Prop_DSP_OUTPUT_DSP48E2_ALU_OUT[47]_PCOUT[47])
                                                      0.098     7.918 r  dense_resource_rf_leq_nin_0_0_0_0_0_0_0_0_0_0_0_0_0_0_0_0_0_0_0_0_0_0_0_0_0_0_0_1_U0/mul_ln1118_1888_fu_18918_p2/DSP_OUTPUT_INST/PCOUT[47]
                         net (fo=1, routed)           0.014     7.932    dense_resource_rf_leq_nin_0_0_0_0_0_0_0_0_0_0_0_0_0_0_0_0_0_0_0_0_0_0_0_0_0_0_0_1_U0/mul_ln1118_1888_fu_18918_p2__0/PCIN[47]
    DSP48E2_X29Y203      DSP_ALU (Prop_DSP_ALU_DSP48E2_PCIN[47]_ALU_OUT[16])
                                                      0.422     8.354 f  dense_resource_rf_leq_nin_0_0_0_0_0_0_0_0_0_0_0_0_0_0_0_0_0_0_0_0_0_0_0_0_0_0_0_1_U0/mul_ln1118_1888_fu_18918_p2__0/DSP_ALU_INST/ALU_OUT[16]
                         net (fo=1, routed)           0.000     8.354    dense_resource_rf_leq_nin_0_0_0_0_0_0_0_0_0_0_0_0_0_0_0_0_0_0_0_0_0_0_0_0_0_0_0_1_U0/mul_ln1118_1888_fu_18918_p2__0/DSP_ALU.ALU_OUT<16>
    DSP48E2_X29Y203      DSP_OUTPUT (Prop_DSP_OUTPUT_DSP48E2_ALU_OUT[16]_P[16])
                                                      0.089     8.443 r  dense_resource_rf_leq_nin_0_0_0_0_0_0_0_0_0_0_0_0_0_0_0_0_0_0_0_0_0_0_0_0_0_0_0_1_U0/mul_ln1118_1888_fu_18918_p2__0/DSP_OUTPUT_INST/P[16]
                         net (fo=3, routed)           0.371     8.814    dense_resource_rf_leq_nin_0_0_0_0_0_0_0_0_0_0_0_0_0_0_0_0_0_0_0_0_0_0_0_0_0_0_0_1_U0/trunc_ln708_1625_fu_18924_p4[15]
    SLICE_X205Y515       LUT3 (Prop_A6LUT_SLICEM_I1_O)
                                                      0.032     8.846 r  dense_resource_rf_leq_nin_0_0_0_0_0_0_0_0_0_0_0_0_0_0_0_0_0_0_0_0_0_0_0_0_0_0_0_1_U0/add_ln703_1998_reg_31031[23]_i_25/O
                         net (fo=2, routed)           0.182     9.028    dense_resource_rf_leq_nin_0_0_0_0_0_0_0_0_0_0_0_0_0_0_0_0_0_0_0_0_0_0_0_0_0_0_0_1_U0/add_ln703_1998_reg_31031[23]_i_25_n_0
    SLICE_X205Y515       LUT5 (Prop_C6LUT_SLICEM_I1_O)
                                                      0.047     9.075 r  dense_resource_rf_leq_nin_0_0_0_0_0_0_0_0_0_0_0_0_0_0_0_0_0_0_0_0_0_0_0_0_0_0_0_1_U0/add_ln703_1998_reg_31031[23]_i_9/O
                         net (fo=2, routed)           0.157     9.232    dense_resource_rf_leq_nin_0_0_0_0_0_0_0_0_0_0_0_0_0_0_0_0_0_0_0_0_0_0_0_0_0_0_0_1_U0/add_ln703_1998_reg_31031[23]_i_9_n_0
    SLICE_X204Y514       LUT6 (Prop_A6LUT_SLICEL_I0_O)
                                                      0.135     9.367 r  dense_resource_rf_leq_nin_0_0_0_0_0_0_0_0_0_0_0_0_0_0_0_0_0_0_0_0_0_0_0_0_0_0_0_1_U0/add_ln703_1998_reg_31031[23]_i_17/O
                         net (fo=1, routed)           0.013     9.380    dense_resource_rf_leq_nin_0_0_0_0_0_0_0_0_0_0_0_0_0_0_0_0_0_0_0_0_0_0_0_0_0_0_0_1_U0/add_ln703_1998_reg_31031[23]_i_17_n_0
    SLICE_X204Y514       CARRY8 (Prop_CARRY8_SLICEL_S[0]_CO[7])
                                                      0.171     9.551 r  dense_resource_rf_leq_nin_0_0_0_0_0_0_0_0_0_0_0_0_0_0_0_0_0_0_0_0_0_0_0_0_0_0_0_1_U0/add_ln703_1998_reg_31031_reg[23]_i_1/CO[7]
                         net (fo=1, routed)           0.023     9.574    dense_resource_rf_leq_nin_0_0_0_0_0_0_0_0_0_0_0_0_0_0_0_0_0_0_0_0_0_0_0_0_0_0_0_1_U0/add_ln703_1998_reg_31031_reg[23]_i_1_n_0
    SLICE_X204Y515       CARRY8 (Prop_CARRY8_SLICEL_CI_O[3])
                                                      0.072     9.646 r  dense_resource_rf_leq_nin_0_0_0_0_0_0_0_0_0_0_0_0_0_0_0_0_0_0_0_0_0_0_0_0_0_0_0_1_U0/add_ln703_1998_reg_31031_reg[27]_i_1/O[3]
                         net (fo=1, routed)           0.025     9.671    dense_resource_rf_leq_nin_0_0_0_0_0_0_0_0_0_0_0_0_0_0_0_0_0_0_0_0_0_0_0_0_0_0_0_1_U0/add_ln703_1998_fu_19159_p2[27]
    SLICE_X204Y515       FDRE                                         r  dense_resource_rf_leq_nin_0_0_0_0_0_0_0_0_0_0_0_0_0_0_0_0_0_0_0_0_0_0_0_0_0_0_0_1_U0/add_ln703_1998_reg_31031_reg[27]/D
  -------------------------------------------------------------------    -------------------

                         (clock ap_clk rise edge)     5.000     5.000 r  
    AR14                                              0.000     5.000 r  ap_clk (IN)
                         net (fo=0)                   0.000     5.000    ap_clk_IBUF_inst/I
    AR14                 INBUF (Prop_INBUF_HPIOB_M_PAD_O)
                                                      0.317     5.317 r  ap_clk_IBUF_inst/INBUF_INST/O
                         net (fo=1, routed)           0.000     5.317    ap_clk_IBUF_inst/OUT
    AR14                 IBUFCTRL (Prop_IBUFCTRL_HPIOB_M_I_O)
                                                      0.000     5.317 r  ap_clk_IBUF_inst/IBUFCTRL_INST/O
                         net (fo=1, routed)           0.279     5.596    ap_clk_IBUF
    BUFGCE_X0Y188        BUFGCE (Prop_BUFCE_BUFGCE_I_O)
                                                      0.024     5.620 r  ap_clk_IBUF_BUFG_inst/O
    X3Y11 (CLOCK_ROOT)   net (fo=58009, routed)       2.655     8.275    dense_resource_rf_leq_nin_0_0_0_0_0_0_0_0_0_0_0_0_0_0_0_0_0_0_0_0_0_0_0_0_0_0_0_1_U0/CLK
    SLR Crossing[1->2]   
    SLICE_X204Y515       FDRE                                         r  dense_resource_rf_leq_nin_0_0_0_0_0_0_0_0_0_0_0_0_0_0_0_0_0_0_0_0_0_0_0_0_0_0_0_1_U0/add_ln703_1998_reg_31031_reg[27]/C
                         clock pessimism              0.355     8.629    
                         inter-SLR compensation      -0.237     8.393    
                         clock uncertainty           -0.035     8.358    
    SLICE_X204Y515       FDRE (Setup_DFF_SLICEL_C_D)
                                                      0.023     8.381    dense_resource_rf_leq_nin_0_0_0_0_0_0_0_0_0_0_0_0_0_0_0_0_0_0_0_0_0_0_0_0_0_0_0_1_U0/add_ln703_1998_reg_31031_reg[27]
  -------------------------------------------------------------------
                         required time                          8.381    
                         arrival time                          -9.671    
  -------------------------------------------------------------------
                         slack                                 -1.291    





Min Delay Paths
--------------------------------------------------------------------------------------
Slack (MET) :             0.014ns  (arrival time - required time)
  Source:                 layer14_out_2_V_U/U_fifo_w46_d2_A_ram/SRL_SIG_reg[0][38]/C
                            (rising edge-triggered cell FDRE clocked by ap_clk  {rise@0.000ns fall@2.500ns period=5.000ns})
  Destination:            layer14_out_2_V_U/U_fifo_w46_d2_A_ram/SRL_SIG_reg[1][38]/D
                            (rising edge-triggered cell FDRE clocked by ap_clk  {rise@0.000ns fall@2.500ns period=5.000ns})
  Path Group:             ap_clk
  Path Type:              Hold (Min at Fast Process Corner)
  Requirement:            0.000ns  (ap_clk rise@0.000ns - ap_clk rise@0.000ns)
  Data Path Delay:        0.112ns  (logic 0.038ns (33.929%)  route 0.074ns (66.071%))
  Logic Levels:           0  
  Clock Path Skew:        0.051ns (DCD - SCD - CPR)
    Destination Clock Delay (DCD):    2.391ns
    Source Clock Delay      (SCD):    1.977ns
    Clock Pessimism Removal (CPR):    0.364ns
  Clock Net Delay (Source):      1.595ns (routing 0.725ns, distribution 0.870ns)
  Clock Net Delay (Destination): 1.785ns (routing 0.808ns, distribution 0.977ns)

    Location             Delay type                Incr(ns)  Path(ns)    Netlist Resource(s)
  -------------------------------------------------------------------    -------------------
                         (clock ap_clk rise edge)     0.000     0.000 r  
    AR14                                              0.000     0.000 r  ap_clk (IN)
                         net (fo=0)                   0.000     0.000    ap_clk_IBUF_inst/I
    AR14                 INBUF (Prop_INBUF_HPIOB_M_PAD_O)
                                                      0.221     0.221 r  ap_clk_IBUF_inst/INBUF_INST/O
                         net (fo=1, routed)           0.000     0.221    ap_clk_IBUF_inst/OUT
    AR14                 IBUFCTRL (Prop_IBUFCTRL_HPIOB_M_I_O)
                                                      0.000     0.221 r  ap_clk_IBUF_inst/IBUFCTRL_INST/O
                         net (fo=1, routed)           0.144     0.365    ap_clk_IBUF
    BUFGCE_X0Y188        BUFGCE (Prop_BUFCE_BUFGCE_I_O)
                                                      0.017     0.382 r  ap_clk_IBUF_BUFG_inst/O
    X3Y11 (CLOCK_ROOT)   net (fo=58009, routed)       1.595     1.977    layer14_out_2_V_U/U_fifo_w46_d2_A_ram/CLK
    SLR Crossing[1->2]   
    SLICE_X137Y642       FDRE                                         r  layer14_out_2_V_U/U_fifo_w46_d2_A_ram/SRL_SIG_reg[0][38]/C
  -------------------------------------------------------------------    -------------------
    SLICE_X137Y642       FDRE (Prop_EFF_SLICEM_C_Q)
                                                      0.038     2.015 r  layer14_out_2_V_U/U_fifo_w46_d2_A_ram/SRL_SIG_reg[0][38]/Q
                         net (fo=2, routed)           0.074     2.089    layer14_out_2_V_U/U_fifo_w46_d2_A_ram/SRL_SIG_reg[0][45]_0[20]
    SLICE_X139Y642       FDRE                                         r  layer14_out_2_V_U/U_fifo_w46_d2_A_ram/SRL_SIG_reg[1][38]/D
  -------------------------------------------------------------------    -------------------

                         (clock ap_clk rise edge)     0.000     0.000 r  
    AR14                                              0.000     0.000 r  ap_clk (IN)
                         net (fo=0)                   0.000     0.000    ap_clk_IBUF_inst/I
    AR14                 INBUF (Prop_INBUF_HPIOB_M_PAD_O)
                                                      0.406     0.406 r  ap_clk_IBUF_inst/INBUF_INST/O
                         net (fo=1, routed)           0.000     0.406    ap_clk_IBUF_inst/OUT
    AR14                 IBUFCTRL (Prop_IBUFCTRL_HPIOB_M_I_O)
                                                      0.000     0.406 r  ap_clk_IBUF_inst/IBUFCTRL_INST/O
                         net (fo=1, routed)           0.181     0.587    ap_clk_IBUF
    BUFGCE_X0Y188        BUFGCE (Prop_BUFCE_BUFGCE_I_O)
                                                      0.019     0.606 r  ap_clk_IBUF_BUFG_inst/O
    X3Y11 (CLOCK_ROOT)   net (fo=58009, routed)       1.785     2.391    layer14_out_2_V_U/U_fifo_w46_d2_A_ram/CLK
    SLR Crossing[1->2]   
    SLICE_X139Y642       FDRE                                         r  layer14_out_2_V_U/U_fifo_w46_d2_A_ram/SRL_SIG_reg[1][38]/C
                         clock pessimism             -0.364     2.027    
    SLICE_X139Y642       FDRE (Hold_EFF2_SLICEM_C_D)
                                                      0.047     2.074    layer14_out_2_V_U/U_fifo_w46_d2_A_ram/SRL_SIG_reg[1][38]
  -------------------------------------------------------------------
                         required time                         -2.074    
                         arrival time                           2.089    
  -------------------------------------------------------------------
                         slack                                  0.014    





Pulse Width Checks
--------------------------------------------------------------------------------------
Clock Name:         ap_clk
Waveform(ns):       { 0.000 2.500 }
Period(ns):         5.000
Sources:            { ap_clk }

Check Type        Corner  Lib Pin   Reference Pin  Required(ns)  Actual(ns)  Slack(ns)  Location        Pin
Min Period        n/a     BUFGCE/I  n/a            1.122         5.000       3.878      BUFGCE_X0Y188   ap_clk_IBUF_BUFG_inst/I
Low Pulse Width   Slow    FDRE/C    n/a            0.275         2.500       2.225      SLICE_X144Y631  ap_sync_reg_channel_write_layer10_out_9_V_reg/C
High Pulse Width  Fast    FDRE/C    n/a            0.275         2.500       2.225      SLICE_X125Y634  ap_sync_reg_channel_write_layer10_out_0_V_reg/C



