Copyright 1986-2019 Xilinx, Inc. All Rights Reserved.
------------------------------------------------------------------------------------------------------------------
| Tool Version : Vivado v.2019.1 (lin64) Build 2552052 Fri May 24 14:47:09 MDT 2019
| Date         : Sun Nov  2 20:43:04 2025
| Host         : hvm1 running 64-bit Ubuntu 22.04.5 LTS
| Command      : report_utilization -hierarchical -hierarchical_depth 1 -file reports/hls_base_22_8_util_hier.rpt
| Design       : myproject
| Device       : xcvu13pfhga2104-3
| Design State : Routed
------------------------------------------------------------------------------------------------------------------

Utilization Design Information

Table of Contents
-----------------
1. Utilization by Hierarchy

1. Utilization by Hierarchy
---------------------------

+------------------------------------------------------------------------------------------------+-----------------------------------------------------------------------------------+------------+------------+---------+------+-------+--------+--------+------+--------------+
|                                            Instance                                            |                                       Module                                      | Total LUTs | Logic LUTs | LUTRAMs | SRLs |  FFs  | RAMB36 | RAMB18 | URAM | DSP48 Blocks |
+------------------------------------------------------------------------------------------------+-----------------------------------------------------------------------------------+------------+------------+---------+------+-------+--------+--------+------+--------------+
| myproject                                                                                      |                                                                             (top) |      77092 |      77092 |       0 |    0 | 20836 |      0 |      4 |    0 |         3360 |
|   (myproject)                                                                                  |                                                                             (top) |      13214 |      13214 |       0 |    0 |  4502 |      0 |      3 |    0 |            0 |
|   call_ret3_relu_ap_fixed_51_23_5_3_0_ap_fixed_22_8_5_3_0_relu_config9_s_fu_313                |                      relu_ap_fixed_51_23_5_3_0_ap_fixed_22_8_5_3_0_relu_config9_s |        186 |        186 |       0 |    0 |     0 |      0 |      0 |    0 |            0 |
|   call_ret5_relu_ap_fixed_50_22_5_3_0_ap_fixed_22_8_5_3_0_relu_config13_s_fu_349               |                     relu_ap_fixed_50_22_5_3_0_ap_fixed_22_8_5_3_0_relu_config13_s |         16 |         16 |       0 |    0 |     0 |      0 |      0 |    0 |            0 |
|   grp_dense_latency_0_0_0_0_0_0_0_0_0_0_0_0_0_0_0_0_0_0_0_0_0_0_0_0_0_0_0_0_0_0_0_0_0_1_fu_167 | dense_latency_0_0_0_0_0_0_0_0_0_0_0_0_0_0_0_0_0_0_0_0_0_0_0_0_0_0_0_0_0_0_0_0_0_1 |      16236 |      16236 |       0 |    0 |  4151 |      0 |      0 |    0 |          855 |
|   grp_dense_latency_0_0_0_0_0_0_0_0_0_0_0_0_0_0_0_0_0_0_0_0_0_0_0_0_0_0_0_0_0_0_0_0_0_fu_99    |   dense_latency_0_0_0_0_0_0_0_0_0_0_0_0_0_0_0_0_0_0_0_0_0_0_0_0_0_0_0_0_0_0_0_0_0 |      29605 |      29605 |       0 |    0 |  8757 |      0 |      0 |    0 |         1474 |
|   grp_dense_latency_0_0_0_0_0_0_0_0_0_0_0_0_0_0_0_0_0_0_0_0_0_0_0_0_0_0_0_0_0_0_0_0_0_s_fu_203 | dense_latency_0_0_0_0_0_0_0_0_0_0_0_0_0_0_0_0_0_0_0_0_0_0_0_0_0_0_0_0_0_0_0_0_0_s |      15354 |      15354 |       0 |    0 |  2733 |      0 |      0 |    0 |          878 |
|   grp_dense_latency_ap_fixed_ap_fixed_18_8_5_3_0_config14_0_0_0_0_0_0_fu_209                   |                   dense_latency_ap_fixed_ap_fixed_18_8_5_3_0_config14_0_0_0_0_0_0 |       2301 |       2301 |       0 |    0 |   641 |      0 |      0 |    0 |          148 |
|   grp_softmax_stable_ap_fixed_ap_fixed_18_8_5_3_0_softmax_config16_s_fu_385                    |                    softmax_stable_ap_fixed_ap_fixed_18_8_5_3_0_softmax_config16_s |        221 |        221 |       0 |    0 |    52 |      0 |      1 |    0 |            5 |
+------------------------------------------------------------------------------------------------+-----------------------------------------------------------------------------------+------------+------------+---------+------+-------+--------+--------+------+--------------+
* Note: The sum of lower-level cells may be larger than their parent cells total, due to cross-hierarchy LUT combining


