Copyright 1986-2019 Xilinx, Inc. All Rights Reserved.
-----------------------------------------------------------------------------------------
| Tool Version      : Vivado v.2019.1 (lin64) Build 2552052 Fri May 24 14:47:09 MDT 2019
| Date              : Mon Nov 17 08:35:56 2025
| Host              : hvm1 running 64-bit Ubuntu 22.04.5 LTS
| Command           : report_timing_summary -file reports/hls_fast_25_9_timing.rpt
| Design            : p
| Device            : xcvu13p-fhga2104
| Speed File        : -3  PRODUCTION 1.23 03-18-2019
| Temperature Grade : E
-----------------------------------------------------------------------------------------

Timing Summary Report

------------------------------------------------------------------------------------------------
| Timer Settings
| --------------
------------------------------------------------------------------------------------------------

  Enable Multi Corner Analysis               :  Yes
  Enable Pessimism Removal                   :  Yes
  Pessimism Removal Resolution               :  Nearest Common Node
  Enable Input Delay Default Clock           :  No
  Enable Preset / Clear Arcs                 :  No
  Disable Flight Delays                      :  No
  Ignore I/O Paths                           :  No
  Timing Early Launch at Borrowing Latches   :  No
  Borrow Time for Max Delay Exceptions       :  Yes

  Corner  Analyze    Analyze    
  Name    Max Paths  Min Paths  
  ------  ---------  ---------  
  Slow    Yes        Yes        
  Fast    Yes        Yes        



check_timing report

Table of Contents
-----------------
1. checking no_clock
2. checking constant_clock
3. checking pulse_width_clock
4. checking unconstrained_internal_endpoints
5. checking no_input_delay
6. checking no_output_delay
7. checking multiple_clock
8. checking generated_clocks
9. checking loops
10. checking partial_input_delay
11. checking partial_output_delay
12. checking latch_loops

1. checking no_clock
--------------------
 There are 0 register/latch pins with no clock.


2. checking constant_clock
--------------------------
 There are 0 register/latch pins with constant_clock.


3. checking pulse_width_clock
-----------------------------
 There are 0 register/latch pins which need pulse_width check


4. checking unconstrained_internal_endpoints
--------------------------------------------
 There are 0 pins that are not constrained for maximum delay.

 There are 0 pins that are not constrained for maximum delay due to constant clock.


5. checking no_input_delay
--------------------------
 There are 403 input ports with no input delay specified. (HIGH)

 There are 0 input ports with no input delay but user has a false path constraint.


6. checking no_output_delay
---------------------------
 There are 98 ports with no output delay specified. (HIGH)

 There are 0 ports with no output delay but user has a false path constraint

 There are 0 ports with no output delay but with a timing clock defined on it or propagating through it


7. checking multiple_clock
--------------------------
 There are 0 register/latch pins with multiple clocks.


8. checking generated_clocks
----------------------------
 There are 0 generated clocks that are not connected to a clock source.


9. checking loops
-----------------
 There are 0 combinational loops in the design.


10. checking partial_input_delay
--------------------------------
 There are 0 input ports with partial input delay specified.


11. checking partial_output_delay
---------------------------------
 There are 0 ports with partial output delay specified.


12. checking latch_loops
------------------------
 There are 0 combinational latch loops in the design through latch input



------------------------------------------------------------------------------------------------
| Design Timing Summary
| ---------------------
------------------------------------------------------------------------------------------------

    WNS(ns)      TNS(ns)  TNS Failing Endpoints  TNS Total Endpoints      WHS(ns)      THS(ns)  THS Failing Endpoints  THS Total Endpoints     WPWS(ns)     TPWS(ns)  TPWS Failing Endpoints  TPWS Total Endpoints  
    -------      -------  ---------------------  -------------------      -------      -------  ---------------------  -------------------     --------     --------  ----------------------  --------------------  
     -2.498   -52298.727                  52447               147606        0.035        0.000                      0               147606        2.005        0.000                       0                 27113  


Timing constraints are not met.


------------------------------------------------------------------------------------------------
| Clock Summary
| -------------
------------------------------------------------------------------------------------------------

Clock   Waveform(ns)         Period(ns)      Frequency(MHz)
-----   ------------         ----------      --------------
ap_clk  {0.000 2.500}        5.000           200.000         


------------------------------------------------------------------------------------------------
| Intra Clock Table
| -----------------
------------------------------------------------------------------------------------------------

Clock             WNS(ns)      TNS(ns)  TNS Failing Endpoints  TNS Total Endpoints      WHS(ns)      THS(ns)  THS Failing Endpoints  THS Total Endpoints     WPWS(ns)     TPWS(ns)  TPWS Failing Endpoints  TPWS Total Endpoints  
-----             -------      -------  ---------------------  -------------------      -------      -------  ---------------------  -------------------     --------     --------  ----------------------  --------------------  
ap_clk             -2.498   -52298.727                  52447               147606        0.035        0.000                      0               147606        2.005        0.000                       0                 27113  


------------------------------------------------------------------------------------------------
| Inter Clock Table
| -----------------
------------------------------------------------------------------------------------------------

From Clock    To Clock          WNS(ns)      TNS(ns)  TNS Failing Endpoints  TNS Total Endpoints      WHS(ns)      THS(ns)  THS Failing Endpoints  THS Total Endpoints  
----------    --------          -------      -------  ---------------------  -------------------      -------      -------  ---------------------  -------------------  


------------------------------------------------------------------------------------------------
| Other Path Groups Table
| -----------------------
------------------------------------------------------------------------------------------------

Path Group    From Clock    To Clock          WNS(ns)      TNS(ns)  TNS Failing Endpoints  TNS Total Endpoints      WHS(ns)      THS(ns)  THS Failing Endpoints  THS Total Endpoints  
----------    ----------    --------          -------      -------  ---------------------  -------------------      -------      -------  ---------------------  -------------------  


------------------------------------------------------------------------------------------------
| Timing Details
| --------------
------------------------------------------------------------------------------------------------


---------------------------------------------------------------------------------------------------
From Clock:  ap_clk
  To Clock:  ap_clk

Setup :        52447  Failing Endpoints,  Worst Slack       -2.498ns,  Total Violation   -52298.725ns
Hold  :            0  Failing Endpoints,  Worst Slack        0.035ns,  Total Violation        0.000ns
PW    :            0  Failing Endpoints,  Worst Slack        2.005ns,  Total Violation        0.000ns
---------------------------------------------------------------------------------------------------


Max Delay Paths
--------------------------------------------------------------------------------------
Slack (VIOLATED) :        -2.498ns  (required time - arrival time)
  Source:                 grp_dense_latency_0_0_0_0_0_0_0_0_0_0_0_0_0_0_0_0_0_0_0_0_0_0_0_0_0_0_0_0_0_0_0_0_0_fu_99/add_ln703_1295_reg_13635478_reg[6]/C
                            (rising edge-triggered cell FDRE clocked by ap_clk  {rise@0.000ns fall@2.500ns period=5.000ns})
  Destination:            grp_dense_latency_0_0_0_0_0_0_0_0_0_0_0_0_0_0_0_0_0_0_0_0_0_0_0_0_0_0_0_0_0_0_0_0_0_1_fu_167/mul_ln1118_734_fu_2991_p2/DSP_A_B_DATA_INST/RSTA
                            (rising edge-triggered cell DSP_A_B_DATA clocked by ap_clk  {rise@0.000ns fall@2.500ns period=5.000ns})
  Path Group:             ap_clk
  Path Type:              Setup (Max at Slow Process Corner)
  Requirement:            5.000ns  (ap_clk rise@5.000ns - ap_clk rise@0.000ns)
  Data Path Delay:        7.157ns  (logic 1.640ns (22.915%)  route 5.517ns (77.085%))
  Logic Levels:           15  (CARRY8=7 LUT3=3 LUT4=4 LUT5=1)
  Clock Path Skew:        -0.127ns (DCD - SCD + CPR)
    Destination Clock Delay (DCD):    4.016ns = ( 9.016 - 5.000 ) 
    Source Clock Delay      (SCD):    4.620ns
    Clock Pessimism Removal (CPR):    0.477ns
  Clock Uncertainty:      0.035ns  ((TSJ^2 + TIJ^2)^1/2 + DJ) / 2 + PE
    Total System Jitter     (TSJ):    0.071ns
    Total Input Jitter      (TIJ):    0.000ns
    Discrete Jitter          (DJ):    0.000ns
    Phase Error              (PE):    0.000ns
  Clock Net Delay (Source):      3.799ns (routing 2.232ns, distribution 1.567ns)
  Clock Net Delay (Destination): 3.437ns (routing 2.021ns, distribution 1.416ns)

    Location             Delay type                Incr(ns)  Path(ns)    Netlist Resource(s)
  -------------------------------------------------------------------    -------------------
                         (clock ap_clk rise edge)     0.000     0.000 r  
    U13                                               0.000     0.000 r  ap_clk (IN)
                         net (fo=0)                   0.000     0.000    ap_clk_IBUF_inst/I
    U13                  INBUF (Prop_INBUF_HPIOB_M_PAD_O)
                                                      0.479     0.479 r  ap_clk_IBUF_inst/INBUF_INST/O
                         net (fo=1, routed)           0.000     0.479    ap_clk_IBUF_inst/OUT
    U13                  IBUFCTRL (Prop_IBUFCTRL_HPIOB_M_I_O)
                                                      0.000     0.479 r  ap_clk_IBUF_inst/IBUFCTRL_INST/O
                         net (fo=1, routed)           0.314     0.793    ap_clk_IBUF
    BUFGCE_X0Y290        BUFGCE (Prop_BUFCE_BUFGCE_I_O)
                                                      0.028     0.821 r  ap_clk_IBUF_BUFG_inst/O
    X3Y4 (CLOCK_ROOT)    net (fo=48105, routed)       3.799     4.620    grp_dense_latency_0_0_0_0_0_0_0_0_0_0_0_0_0_0_0_0_0_0_0_0_0_0_0_0_0_0_0_0_0_0_0_0_0_fu_99/ap_clk_IBUF_BUFG
    SLR Crossing[3->1]   
    SLICE_X161Y377       FDRE                                         r  grp_dense_latency_0_0_0_0_0_0_0_0_0_0_0_0_0_0_0_0_0_0_0_0_0_0_0_0_0_0_0_0_0_0_0_0_0_fu_99/add_ln703_1295_reg_13635478_reg[6]/C
  -------------------------------------------------------------------    -------------------
    SLICE_X161Y377       FDRE (Prop_GFF_SLICEM_C_Q)
                                                      0.068     4.688 r  grp_dense_latency_0_0_0_0_0_0_0_0_0_0_0_0_0_0_0_0_0_0_0_0_0_0_0_0_0_0_0_0_0_0_0_0_0_fu_99/add_ln703_1295_reg_13635478_reg[6]/Q
                         net (fo=2, routed)           0.447     5.135    grp_dense_latency_0_0_0_0_0_0_0_0_0_0_0_0_0_0_0_0_0_0_0_0_0_0_0_0_0_0_0_0_0_0_0_0_0_fu_99/add_ln703_1295_reg_13635478[6]
    SLICE_X164Y363       LUT3 (Prop_G5LUT_SLICEM_I0_O)
                                                      0.121     5.256 r  grp_dense_latency_0_0_0_0_0_0_0_0_0_0_0_0_0_0_0_0_0_0_0_0_0_0_0_0_0_0_0_0_0_0_0_0_0_fu_99/ap_return_20_int_reg[39]_i_86/O
                         net (fo=2, routed)           0.252     5.508    grp_dense_latency_0_0_0_0_0_0_0_0_0_0_0_0_0_0_0_0_0_0_0_0_0_0_0_0_0_0_0_0_0_0_0_0_0_fu_99/ap_return_20_int_reg[39]_i_86_n_0
    SLICE_X164Y363       LUT4 (Prop_H6LUT_SLICEM_I3_O)
                                                      0.082     5.590 r  grp_dense_latency_0_0_0_0_0_0_0_0_0_0_0_0_0_0_0_0_0_0_0_0_0_0_0_0_0_0_0_0_0_0_0_0_0_fu_99/ap_return_20_int_reg[39]_i_93/O
                         net (fo=1, routed)           0.019     5.609    grp_dense_latency_0_0_0_0_0_0_0_0_0_0_0_0_0_0_0_0_0_0_0_0_0_0_0_0_0_0_0_0_0_0_0_0_0_fu_99/ap_return_20_int_reg[39]_i_93_n_0
    SLICE_X164Y363       CARRY8 (Prop_CARRY8_SLICEM_S[7]_CO[7])
                                                      0.099     5.708 r  grp_dense_latency_0_0_0_0_0_0_0_0_0_0_0_0_0_0_0_0_0_0_0_0_0_0_0_0_0_0_0_0_0_0_0_0_0_fu_99/ap_return_20_int_reg_reg[39]_i_70/CO[7]
                         net (fo=1, routed)           0.023     5.731    grp_dense_latency_0_0_0_0_0_0_0_0_0_0_0_0_0_0_0_0_0_0_0_0_0_0_0_0_0_0_0_0_0_0_0_0_0_fu_99/ap_return_20_int_reg_reg[39]_i_70_n_0
    SLICE_X164Y364       CARRY8 (Prop_CARRY8_SLICEM_CI_O[0])
                                                      0.050     5.781 r  grp_dense_latency_0_0_0_0_0_0_0_0_0_0_0_0_0_0_0_0_0_0_0_0_0_0_0_0_0_0_0_0_0_0_0_0_0_fu_99/ap_return_20_int_reg_reg[40]_i_63/O[0]
                         net (fo=2, routed)           0.367     6.148    grp_dense_latency_0_0_0_0_0_0_0_0_0_0_0_0_0_0_0_0_0_0_0_0_0_0_0_0_0_0_0_0_0_0_0_0_0_fu_99/ap_return_20_int_reg_reg[40]_i_63_n_15
    SLICE_X162Y352       LUT3 (Prop_A5LUT_SLICEM_I1_O)
                                                      0.146     6.294 r  grp_dense_latency_0_0_0_0_0_0_0_0_0_0_0_0_0_0_0_0_0_0_0_0_0_0_0_0_0_0_0_0_0_0_0_0_0_fu_99/ap_return_20_int_reg[39]_i_27/O
                         net (fo=2, routed)           0.168     6.462    grp_dense_latency_0_0_0_0_0_0_0_0_0_0_0_0_0_0_0_0_0_0_0_0_0_0_0_0_0_0_0_0_0_0_0_0_0_fu_99/ap_return_20_int_reg[39]_i_27_n_0
    SLICE_X162Y352       LUT4 (Prop_B6LUT_SLICEM_I3_O)
                                                      0.114     6.576 r  grp_dense_latency_0_0_0_0_0_0_0_0_0_0_0_0_0_0_0_0_0_0_0_0_0_0_0_0_0_0_0_0_0_0_0_0_0_fu_99/ap_return_20_int_reg[39]_i_35/O
                         net (fo=1, routed)           0.020     6.596    grp_dense_latency_0_0_0_0_0_0_0_0_0_0_0_0_0_0_0_0_0_0_0_0_0_0_0_0_0_0_0_0_0_0_0_0_0_fu_99/ap_return_20_int_reg[39]_i_35_n_0
    SLICE_X162Y352       CARRY8 (Prop_CARRY8_SLICEM_S[1]_CO[7])
                                                      0.170     6.766 r  grp_dense_latency_0_0_0_0_0_0_0_0_0_0_0_0_0_0_0_0_0_0_0_0_0_0_0_0_0_0_0_0_0_0_0_0_0_fu_99/ap_return_20_int_reg_reg[39]_i_18/CO[7]
                         net (fo=1, routed)           0.023     6.789    grp_dense_latency_0_0_0_0_0_0_0_0_0_0_0_0_0_0_0_0_0_0_0_0_0_0_0_0_0_0_0_0_0_0_0_0_0_fu_99/ap_return_20_int_reg_reg[39]_i_18_n_0
    SLICE_X162Y353       CARRY8 (Prop_CARRY8_SLICEM_CI_O[2])
                                                      0.061     6.850 r  grp_dense_latency_0_0_0_0_0_0_0_0_0_0_0_0_0_0_0_0_0_0_0_0_0_0_0_0_0_0_0_0_0_0_0_0_0_fu_99/ap_return_20_int_reg_reg[40]_i_5/O[2]
                         net (fo=2, routed)           0.459     7.309    grp_dense_latency_0_0_0_0_0_0_0_0_0_0_0_0_0_0_0_0_0_0_0_0_0_0_0_0_0_0_0_0_0_0_0_0_0_fu_99/ap_return_20_int_reg_reg[40]_i_5_n_13
    SLICE_X161Y338       LUT3 (Prop_C5LUT_SLICEM_I0_O)
                                                      0.087     7.396 r  grp_dense_latency_0_0_0_0_0_0_0_0_0_0_0_0_0_0_0_0_0_0_0_0_0_0_0_0_0_0_0_0_0_0_0_0_0_fu_99/ap_return_20_int_reg[39]_i_6/O
                         net (fo=2, routed)           0.184     7.580    grp_dense_latency_0_0_0_0_0_0_0_0_0_0_0_0_0_0_0_0_0_0_0_0_0_0_0_0_0_0_0_0_0_0_0_0_0_fu_99/ap_return_20_int_reg[39]_i_6_n_0
    SLICE_X161Y338       LUT4 (Prop_D6LUT_SLICEM_I3_O)
                                                      0.081     7.661 r  grp_dense_latency_0_0_0_0_0_0_0_0_0_0_0_0_0_0_0_0_0_0_0_0_0_0_0_0_0_0_0_0_0_0_0_0_0_fu_99/ap_return_20_int_reg[39]_i_14/O
                         net (fo=1, routed)           0.029     7.690    grp_dense_latency_0_0_0_0_0_0_0_0_0_0_0_0_0_0_0_0_0_0_0_0_0_0_0_0_0_0_0_0_0_0_0_0_0_fu_99/ap_return_20_int_reg[39]_i_14_n_0
    SLICE_X161Y338       CARRY8 (Prop_CARRY8_SLICEM_S[3]_O[5])
                                                      0.161     7.851 f  grp_dense_latency_0_0_0_0_0_0_0_0_0_0_0_0_0_0_0_0_0_0_0_0_0_0_0_0_0_0_0_0_0_0_0_0_0_fu_99/ap_return_20_int_reg_reg[39]_i_1/O[5]
                         net (fo=4, routed)           0.531     8.382    grp_dense_latency_0_0_0_0_0_0_0_0_0_0_0_0_0_0_0_0_0_0_0_0_0_0_0_0_0_0_0_0_0_0_0_0_0_fu_99/acc_20_V_fu_13632981_p2[21]
    SLICE_X148Y339       LUT5 (Prop_C6LUT_SLICEL_I0_O)
                                                      0.133     8.515 r  grp_dense_latency_0_0_0_0_0_0_0_0_0_0_0_0_0_0_0_0_0_0_0_0_0_0_0_0_0_0_0_0_0_0_0_0_0_fu_99/icmp_ln1494_20_fu_760_p2_carry__1_i_14/O
                         net (fo=1, routed)           0.013     8.528    call_ret3_relu_ap_fixed_57_25_5_3_0_ap_fixed_25_9_5_3_0_relu_config9_s_fu_313/icmp_ln1494_20_fu_760_p2_carry__2_1[2]
    SLICE_X148Y339       CARRY8 (Prop_CARRY8_SLICEL_S[2]_CO[7])
                                                      0.138     8.666 f  call_ret3_relu_ap_fixed_57_25_5_3_0_ap_fixed_25_9_5_3_0_relu_config9_s_fu_313/icmp_ln1494_20_fu_760_p2_carry__1/CO[7]
                         net (fo=1, routed)           0.023     8.689    call_ret3_relu_ap_fixed_57_25_5_3_0_ap_fixed_25_9_5_3_0_relu_config9_s_fu_313/icmp_ln1494_20_fu_760_p2_carry__1_n_0
    SLICE_X148Y340       CARRY8 (Prop_CARRY8_SLICEL_CI_CO[4])
                                                      0.081     8.770 f  call_ret3_relu_ap_fixed_57_25_5_3_0_ap_fixed_25_9_5_3_0_relu_config9_s_fu_313/icmp_ln1494_20_fu_760_p2_carry__2/CO[4]
                         net (fo=1, routed)           0.721     9.491    call_ret3_relu_ap_fixed_57_25_5_3_0_ap_fixed_25_9_5_3_0_relu_config9_s_fu_313/icmp_ln1494_20_fu_760_p2_carry__2_n_3
    SLICE_X117Y340       LUT4 (Prop_B6LUT_SLICEL_I3_O)
                                                      0.048     9.539 r  call_ret3_relu_ap_fixed_57_25_5_3_0_ap_fixed_25_9_5_3_0_relu_config9_s_fu_313/mul_ln1118_734_fu_2991_p2_i_1/O
                         net (fo=51, routed)          2.238    11.777    grp_dense_latency_0_0_0_0_0_0_0_0_0_0_0_0_0_0_0_0_0_0_0_0_0_0_0_0_0_0_0_0_0_0_0_0_0_1_fu_167/mul_ln1118_734_fu_2991_p2/RSTA
    DSP48E2_X6Y177       DSP_A_B_DATA                                 r  grp_dense_latency_0_0_0_0_0_0_0_0_0_0_0_0_0_0_0_0_0_0_0_0_0_0_0_0_0_0_0_0_0_0_0_0_0_1_fu_167/mul_ln1118_734_fu_2991_p2/DSP_A_B_DATA_INST/RSTA
  -------------------------------------------------------------------    -------------------

                         (clock ap_clk rise edge)     5.000     5.000 r  
    U13                                               0.000     5.000 r  ap_clk (IN)
                         net (fo=0)                   0.000     5.000    ap_clk_IBUF_inst/I
    U13                  INBUF (Prop_INBUF_HPIOB_M_PAD_O)
                                                      0.276     5.276 r  ap_clk_IBUF_inst/INBUF_INST/O
                         net (fo=1, routed)           0.000     5.276    ap_clk_IBUF_inst/OUT
    U13                  IBUFCTRL (Prop_IBUFCTRL_HPIOB_M_I_O)
                                                      0.000     5.276 r  ap_clk_IBUF_inst/IBUFCTRL_INST/O
                         net (fo=1, routed)           0.279     5.555    ap_clk_IBUF
    BUFGCE_X0Y290        BUFGCE (Prop_BUFCE_BUFGCE_I_O)
                                                      0.024     5.579 r  ap_clk_IBUF_BUFG_inst/O
    X3Y4 (CLOCK_ROOT)    net (fo=48105, routed)       3.437     9.016    grp_dense_latency_0_0_0_0_0_0_0_0_0_0_0_0_0_0_0_0_0_0_0_0_0_0_0_0_0_0_0_0_0_0_0_0_0_1_fu_167/mul_ln1118_734_fu_2991_p2/CLK
    SLR Crossing[3->1]   
    DSP48E2_X6Y177       DSP_A_B_DATA                                 r  grp_dense_latency_0_0_0_0_0_0_0_0_0_0_0_0_0_0_0_0_0_0_0_0_0_0_0_0_0_0_0_0_0_0_0_0_0_1_fu_167/mul_ln1118_734_fu_2991_p2/DSP_A_B_DATA_INST/CLK
                         clock pessimism              0.477     9.493    
                         clock uncertainty           -0.035     9.458    
    DSP48E2_X6Y177       DSP_A_B_DATA (Setup_DSP_A_B_DATA_DSP48E2_CLK_RSTA)
                                                     -0.179     9.279    grp_dense_latency_0_0_0_0_0_0_0_0_0_0_0_0_0_0_0_0_0_0_0_0_0_0_0_0_0_0_0_0_0_0_0_0_0_1_fu_167/mul_ln1118_734_fu_2991_p2/DSP_A_B_DATA_INST
  -------------------------------------------------------------------
                         required time                          9.279    
                         arrival time                         -11.777    
  -------------------------------------------------------------------
                         slack                                 -2.498    





Min Delay Paths
--------------------------------------------------------------------------------------
Slack (MET) :             0.035ns  (arrival time - required time)
  Source:                 grp_dense_latency_0_0_0_0_0_0_0_0_0_0_0_0_0_0_0_0_0_0_0_0_0_0_0_0_0_0_0_0_0_0_0_0_0_s_fu_203/ap_return_29_int_reg_reg[19]/C
                            (rising edge-triggered cell FDRE clocked by ap_clk  {rise@0.000ns fall@2.500ns period=5.000ns})
  Destination:            layer2_out_29_V_reg_1678_reg[19]/D
                            (rising edge-triggered cell FDRE clocked by ap_clk  {rise@0.000ns fall@2.500ns period=5.000ns})
  Path Group:             ap_clk
  Path Type:              Hold (Min at Fast Process Corner)
  Requirement:            0.000ns  (ap_clk rise@0.000ns - ap_clk rise@0.000ns)
  Data Path Delay:        0.131ns  (logic 0.061ns (46.565%)  route 0.070ns (53.435%))
  Logic Levels:           1  (LUT3=1)
  Clock Path Skew:        0.050ns (DCD - SCD - CPR)
    Destination Clock Delay (DCD):    3.168ns
    Source Clock Delay      (SCD):    2.660ns
    Clock Pessimism Removal (CPR):    0.458ns
  Clock Net Delay (Source):      2.319ns (routing 1.368ns, distribution 0.951ns)
  Clock Net Delay (Destination): 2.603ns (routing 1.534ns, distribution 1.069ns)

    Location             Delay type                Incr(ns)  Path(ns)    Netlist Resource(s)
  -------------------------------------------------------------------    -------------------
                         (clock ap_clk rise edge)     0.000     0.000 r  
    U13                                               0.000     0.000 r  ap_clk (IN)
                         net (fo=0)                   0.000     0.000    ap_clk_IBUF_inst/I
    U13                  INBUF (Prop_INBUF_HPIOB_M_PAD_O)
                                                      0.180     0.180 r  ap_clk_IBUF_inst/INBUF_INST/O
                         net (fo=1, routed)           0.000     0.180    ap_clk_IBUF_inst/OUT
    U13                  IBUFCTRL (Prop_IBUFCTRL_HPIOB_M_I_O)
                                                      0.000     0.180 r  ap_clk_IBUF_inst/IBUFCTRL_INST/O
                         net (fo=1, routed)           0.144     0.324    ap_clk_IBUF
    BUFGCE_X0Y290        BUFGCE (Prop_BUFCE_BUFGCE_I_O)
                                                      0.017     0.341 r  ap_clk_IBUF_BUFG_inst/O
    X3Y4 (CLOCK_ROOT)    net (fo=48105, routed)       2.319     2.660    grp_dense_latency_0_0_0_0_0_0_0_0_0_0_0_0_0_0_0_0_0_0_0_0_0_0_0_0_0_0_0_0_0_0_0_0_0_s_fu_203/ap_clk_IBUF_BUFG
    SLR Crossing[3->0]   
    SLICE_X151Y132       FDRE                                         r  grp_dense_latency_0_0_0_0_0_0_0_0_0_0_0_0_0_0_0_0_0_0_0_0_0_0_0_0_0_0_0_0_0_0_0_0_0_s_fu_203/ap_return_29_int_reg_reg[19]/C
  -------------------------------------------------------------------    -------------------
    SLICE_X151Y132       FDRE (Prop_DFF_SLICEL_C_Q)
                                                      0.039     2.699 r  grp_dense_latency_0_0_0_0_0_0_0_0_0_0_0_0_0_0_0_0_0_0_0_0_0_0_0_0_0_0_0_0_0_0_0_0_0_s_fu_203/ap_return_29_int_reg_reg[19]/Q
                         net (fo=1, routed)           0.053     2.752    grp_dense_latency_0_0_0_0_0_0_0_0_0_0_0_0_0_0_0_0_0_0_0_0_0_0_0_0_0_0_0_0_0_0_0_0_0_s_fu_203/ap_return_29_int_reg_reg_n_0_[19]
    SLICE_X153Y132       LUT3 (Prop_C6LUT_SLICEL_I2_O)
                                                      0.022     2.774 r  grp_dense_latency_0_0_0_0_0_0_0_0_0_0_0_0_0_0_0_0_0_0_0_0_0_0_0_0_0_0_0_0_0_0_0_0_0_s_fu_203/layer2_out_29_V_reg_1678[19]_i_1/O
                         net (fo=1, routed)           0.017     2.791    grp_dense_latency_0_0_0_0_0_0_0_0_0_0_0_0_0_0_0_0_0_0_0_0_0_0_0_0_0_0_0_0_0_0_0_0_0_s_fu_203_ap_return_29[19]
    SLICE_X153Y132       FDRE                                         r  layer2_out_29_V_reg_1678_reg[19]/D
  -------------------------------------------------------------------    -------------------

                         (clock ap_clk rise edge)     0.000     0.000 r  
    U13                                               0.000     0.000 r  ap_clk (IN)
                         net (fo=0)                   0.000     0.000    ap_clk_IBUF_inst/I
    U13                  INBUF (Prop_INBUF_HPIOB_M_PAD_O)
                                                      0.365     0.365 r  ap_clk_IBUF_inst/INBUF_INST/O
                         net (fo=1, routed)           0.000     0.365    ap_clk_IBUF_inst/OUT
    U13                  IBUFCTRL (Prop_IBUFCTRL_HPIOB_M_I_O)
                                                      0.000     0.365 r  ap_clk_IBUF_inst/IBUFCTRL_INST/O
                         net (fo=1, routed)           0.181     0.546    ap_clk_IBUF
    BUFGCE_X0Y290        BUFGCE (Prop_BUFCE_BUFGCE_I_O)
                                                      0.019     0.565 r  ap_clk_IBUF_BUFG_inst/O
    X3Y4 (CLOCK_ROOT)    net (fo=48105, routed)       2.603     3.168    ap_clk_IBUF_BUFG
    SLR Crossing[3->0]   
    SLICE_X153Y132       FDRE                                         r  layer2_out_29_V_reg_1678_reg[19]/C
                         clock pessimism             -0.458     2.710    
    SLICE_X153Y132       FDRE (Hold_CFF_SLICEL_C_D)
                                                      0.046     2.756    layer2_out_29_V_reg_1678_reg[19]
  -------------------------------------------------------------------
                         required time                         -2.756    
                         arrival time                           2.791    
  -------------------------------------------------------------------
                         slack                                  0.035    





Pulse Width Checks
--------------------------------------------------------------------------------------
Clock Name:         ap_clk
Waveform(ns):       { 0.000 2.500 }
Period(ns):         5.000
Sources:            { ap_clk }

Check Type        Corner  Lib Pin             Reference Pin  Required(ns)  Actual(ns)  Slack(ns)  Location       Pin
Min Period        n/a     RAMB18E2/CLKARDCLK  n/a            1.212         5.000       3.788      RAMB18_X7Y188  grp_softmax_stable_ap_fixed_ap_fixed_18_8_5_3_0_softmax_config16_s_fu_385/invert_table2_U/softmax_stable_ap_fixed_ap_fixed_18_8_5_3_0_softmax_config16_s_invert_table2_rom_U/q0_reg/CLKARDCLK
Low Pulse Width   Slow    RAMB18E2/CLKARDCLK  n/a            0.495         2.500       2.005      RAMB18_X7Y188  grp_softmax_stable_ap_fixed_ap_fixed_18_8_5_3_0_softmax_config16_s_fu_385/invert_table2_U/softmax_stable_ap_fixed_ap_fixed_18_8_5_3_0_softmax_config16_s_invert_table2_rom_U/q0_reg/CLKARDCLK
High Pulse Width  Fast    RAMB18E2/CLKARDCLK  n/a            0.495         2.500       2.005      RAMB18_X7Y189  q0_reg/CLKARDCLK



