Copyright 1986-2019 Xilinx, Inc. All Rights Reserved.
--------------------------------------------------------------------------------------------------------
| Tool Version : Vivado v.2019.1 (lin64) Build 2552052 Fri May 24 14:47:09 MDT 2019
| Date         : Sun Oct 12 13:42:20 2025
| Host         : hvm1 running 64-bit Ubuntu 22.04.5 LTS
| Command      : report_utilization -hierarchical -hierarchical_depth 1 -file reports/hls_10_4_hier.rpt
| Design       : myproject
| Device       : 7vx690tffg1761-2
| Design State : Routed
--------------------------------------------------------------------------------------------------------

Utilization Design Information

Table of Contents
-----------------
1. Utilization by Hierarchy

1. Utilization by Hierarchy
---------------------------

+------------------------------------------------------------------------------------------------------+-----------------------------------------------------------------------------------+------------+------------+---------+------+-------+--------+--------+--------------+
|                                               Instance                                               |                                       Module                                      | Total LUTs | Logic LUTs | LUTRAMs | SRLs |  FFs  | RAMB36 | RAMB18 | DSP48 Blocks |
+------------------------------------------------------------------------------------------------------+-----------------------------------------------------------------------------------+------------+------------+---------+------+-------+--------+--------+--------------+
| myproject                                                                                            |                                                                             (top) |      44341 |      44341 |       0 |    0 | 24610 |      0 |      4 |            5 |
|   (myproject)                                                                                        |                                                                             (top) |       4869 |       4869 |       0 |    0 |  3951 |      0 |      0 |            0 |
|   call_ret1_normalize_0_0_0_0_0_0_0_0_0_0_0_0_0_0_0_0_0_0_0_0_0_0_0_0_0_0_0_0_0_0_0_0_0_0_0_1_fu_249 | normalize_0_0_0_0_0_0_0_0_0_0_0_0_0_0_0_0_0_0_0_0_0_0_0_0_0_0_0_0_0_0_0_0_0_0_0_1 |         53 |         53 |       0 |    0 |     0 |      0 |      0 |            0 |
|   call_ret4_normalize_0_0_0_0_0_0_0_0_0_0_0_0_0_0_0_0_0_0_0_0_0_0_0_0_0_0_0_0_0_0_0_0_0_0_0_s_fu_353 | normalize_0_0_0_0_0_0_0_0_0_0_0_0_0_0_0_0_0_0_0_0_0_0_0_0_0_0_0_0_0_0_0_0_0_0_0_s |         71 |         71 |       0 |    0 |     0 |      0 |      0 |            0 |
|   call_ret7_normalize_0_0_0_0_0_0_0_0_0_0_0_0_0_0_0_0_0_0_0_0_0_0_0_0_0_0_0_0_0_0_0_0_0_0_0_2_fu_317 | normalize_0_0_0_0_0_0_0_0_0_0_0_0_0_0_0_0_0_0_0_0_0_0_0_0_0_0_0_0_0_0_0_0_0_0_0_2 |          6 |          6 |       0 |    0 |     0 |      0 |      0 |            0 |
|   grp_dense_latency_0_0_0_0_0_0_0_0_0_0_0_0_0_0_0_0_0_0_0_0_0_0_0_0_0_0_0_0_0_0_0_0_0_1_fu_177       | dense_latency_0_0_0_0_0_0_0_0_0_0_0_0_0_0_0_0_0_0_0_0_0_0_0_0_0_0_0_0_0_0_0_0_0_1 |       9337 |       9337 |       0 |    0 |  4940 |      0 |      0 |            0 |
|   grp_dense_latency_0_0_0_0_0_0_0_0_0_0_0_0_0_0_0_0_0_0_0_0_0_0_0_0_0_0_0_0_0_0_0_0_0_fu_103         |   dense_latency_0_0_0_0_0_0_0_0_0_0_0_0_0_0_0_0_0_0_0_0_0_0_0_0_0_0_0_0_0_0_0_0_0 |      14534 |      14534 |       0 |    0 |  8270 |      0 |      0 |            0 |
|   grp_dense_latency_0_0_0_0_0_0_0_0_0_0_0_0_0_0_0_0_0_0_0_0_0_0_0_0_0_0_0_0_0_0_0_0_0_s_fu_171       | dense_latency_0_0_0_0_0_0_0_0_0_0_0_0_0_0_0_0_0_0_0_0_0_0_0_0_0_0_0_0_0_0_0_0_0_s |      12733 |      12733 |       0 |    0 |  5912 |      0 |      0 |            0 |
|   grp_dense_latency_ap_fixed_ap_fixed_10_4_5_3_0_config14_0_0_0_0_0_0_fu_213                         |                   dense_latency_ap_fixed_ap_fixed_10_4_5_3_0_config14_0_0_0_0_0_0 |       2681 |       2681 |       0 |    0 |  1426 |      0 |      0 |            0 |
|   grp_softmax_stable_ap_fixed_ap_fixed_10_4_5_3_0_softmax_config16_s_fu_529                          |                    softmax_stable_ap_fixed_ap_fixed_10_4_5_3_0_softmax_config16_s |        103 |        103 |       0 |    0 |   111 |      0 |      4 |            5 |
+------------------------------------------------------------------------------------------------------+-----------------------------------------------------------------------------------+------------+------------+---------+------+-------+--------+--------+--------------+
* Note: The sum of lower-level cells may be larger than their parent cells total, due to cross-hierarchy LUT combining


