

================================================================
== Vivado HLS Report for 'compute_output_buffer_2d_array_array_ap_fixed_8_2_5_3_0_10u_config10_s'
================================================================
* Date:           Thu Nov 13 23:03:01 2025

* Version:        2019.1 (Build 2552052 on Fri May 24 15:28:33 MDT 2019)
* Project:        myproject_prj
* Solution:       solution1
* Product family: virtex7
* Target device:  xc7vx690t-ffg1761-2


================================================================
== Performance Estimates
================================================================
+ Timing (ns): 
    * Summary: 
    +--------+-------+----------+------------+
    |  Clock | Target| Estimated| Uncertainty|
    +--------+-------+----------+------------+
    |ap_clk  |   5.00|     4.229|        0.62|
    +--------+-------+----------+------------+

+ Latency (clock cycles): 
    * Summary: 
    +-----+-----+-----+-----+---------+
    |  Latency  |  Interval | Pipeline|
    | min | max | min | max |   Type  |
    +-----+-----+-----+-----+---------+
    |    1|   13|    1|   13|   none  |
    +-----+-----+-----+-----+---------+

    + Detail: 
        * Instance: 
        N/A

        * Loop: 
        N/A

============================================================
+ Verbose Summary: Synthesis Manager
============================================================
InlineROM: 1
ExposeGlobal: 0
============================================================
+ Verbose Summary: CDFG Model
============================================================
IsTopModel: 0
ResetActiveHigh: 1
IsCombinational: 0
IsDatapathOnly: 0
HasWiredReturn: 1
HasMFsm: 0
HasVarLatency: 1
IsPipeline: 0
IsRtlPipelined: 0
IsInstanceOverlapped: 0
IsDontTouch: 0
HasImplIP: 0
IsGatedGlobalClock: 0


============================================================
+ Verbose Summary: Schedule
============================================================
* Number of FSM states : 2
* Pipeline : 0
* Dataflow Pipeline: 0

* FSM state transitions: 
1 --> 2 
2 --> 

* FSM state operations: 

State 1 <SV = 0> <Delay = 2.82>
ST_1 : Operation 3 [1/1] (0.00ns)   --->   "call void (...)* @_ssdm_op_SpecInterface(i8* %res_stream_V_data_0_V, [8 x i8]* @ap_fifo_str, i32 0, i32 0, [1 x i8]* @p_str895, i32 0, i32 0, [1 x i8]* @p_str896, [1 x i8]* @p_str897, [1 x i8]* @p_str898, i32 2, i32 2, i32 16, i32 16, [1 x i8]* @p_str899, [1 x i8]* @p_str900)"   --->   Operation 3 'specinterface' <Predicate = true> <Delay = 0.00>
ST_1 : Operation 4 [1/1] (0.00ns)   --->   "call void (...)* @_ssdm_op_SpecInterface(i8* %res_stream_V_data_1_V, [8 x i8]* @ap_fifo_str, i32 0, i32 0, [1 x i8]* @p_str902, i32 0, i32 0, [1 x i8]* @p_str903, [1 x i8]* @p_str904, [1 x i8]* @p_str905, i32 2, i32 2, i32 16, i32 16, [1 x i8]* @p_str906, [1 x i8]* @p_str907)"   --->   Operation 4 'specinterface' <Predicate = true> <Delay = 0.00>
ST_1 : Operation 5 [1/1] (0.00ns)   --->   "call void (...)* @_ssdm_op_SpecInterface(i8* %res_stream_V_data_2_V, [8 x i8]* @ap_fifo_str, i32 0, i32 0, [1 x i8]* @p_str909, i32 0, i32 0, [1 x i8]* @p_str910, [1 x i8]* @p_str911, [1 x i8]* @p_str912, i32 2, i32 2, i32 16, i32 16, [1 x i8]* @p_str913, [1 x i8]* @p_str914)"   --->   Operation 5 'specinterface' <Predicate = true> <Delay = 0.00>
ST_1 : Operation 6 [1/1] (0.00ns)   --->   "call void (...)* @_ssdm_op_SpecInterface(i8* %res_stream_V_data_3_V, [8 x i8]* @ap_fifo_str, i32 0, i32 0, [1 x i8]* @p_str916, i32 0, i32 0, [1 x i8]* @p_str917, [1 x i8]* @p_str918, [1 x i8]* @p_str919, i32 2, i32 2, i32 16, i32 16, [1 x i8]* @p_str920, [1 x i8]* @p_str921)"   --->   Operation 6 'specinterface' <Predicate = true> <Delay = 0.00>
ST_1 : Operation 7 [1/1] (0.00ns)   --->   "call void (...)* @_ssdm_op_SpecInterface(i8* %res_stream_V_data_4_V, [8 x i8]* @ap_fifo_str, i32 0, i32 0, [1 x i8]* @p_str923, i32 0, i32 0, [1 x i8]* @p_str924, [1 x i8]* @p_str925, [1 x i8]* @p_str926, i32 2, i32 2, i32 16, i32 16, [1 x i8]* @p_str927, [1 x i8]* @p_str928)"   --->   Operation 7 'specinterface' <Predicate = true> <Delay = 0.00>
ST_1 : Operation 8 [1/1] (0.00ns)   --->   "call void (...)* @_ssdm_op_SpecInterface(i8* %res_stream_V_data_5_V, [8 x i8]* @ap_fifo_str, i32 0, i32 0, [1 x i8]* @p_str930, i32 0, i32 0, [1 x i8]* @p_str931, [1 x i8]* @p_str932, [1 x i8]* @p_str933, i32 2, i32 2, i32 16, i32 16, [1 x i8]* @p_str934, [1 x i8]* @p_str935)"   --->   Operation 8 'specinterface' <Predicate = true> <Delay = 0.00>
ST_1 : Operation 9 [1/1] (0.00ns)   --->   "call void (...)* @_ssdm_op_SpecInterface(i8* %res_stream_V_data_6_V, [8 x i8]* @ap_fifo_str, i32 0, i32 0, [1 x i8]* @p_str937, i32 0, i32 0, [1 x i8]* @p_str938, [1 x i8]* @p_str939, [1 x i8]* @p_str940, i32 2, i32 2, i32 16, i32 16, [1 x i8]* @p_str941, [1 x i8]* @p_str942)"   --->   Operation 9 'specinterface' <Predicate = true> <Delay = 0.00>
ST_1 : Operation 10 [1/1] (0.00ns)   --->   "call void (...)* @_ssdm_op_SpecInterface(i8* %res_stream_V_data_7_V, [8 x i8]* @ap_fifo_str, i32 0, i32 0, [1 x i8]* @p_str944, i32 0, i32 0, [1 x i8]* @p_str945, [1 x i8]* @p_str946, [1 x i8]* @p_str947, i32 2, i32 2, i32 16, i32 16, [1 x i8]* @p_str948, [1 x i8]* @p_str949)"   --->   Operation 10 'specinterface' <Predicate = true> <Delay = 0.00>
ST_1 : Operation 11 [1/1] (0.00ns)   --->   "call void (...)* @_ssdm_op_SpecInterface(i8* %res_stream_V_data_8_V, [8 x i8]* @ap_fifo_str, i32 0, i32 0, [1 x i8]* @p_str951, i32 0, i32 0, [1 x i8]* @p_str952, [1 x i8]* @p_str953, [1 x i8]* @p_str954, i32 2, i32 2, i32 16, i32 16, [1 x i8]* @p_str955, [1 x i8]* @p_str956)"   --->   Operation 11 'specinterface' <Predicate = true> <Delay = 0.00>
ST_1 : Operation 12 [1/1] (0.00ns)   --->   "call void (...)* @_ssdm_op_SpecInterface(i8* %res_stream_V_data_9_V, [8 x i8]* @ap_fifo_str, i32 0, i32 0, [1 x i8]* @p_str958, i32 0, i32 0, [1 x i8]* @p_str959, [1 x i8]* @p_str960, [1 x i8]* @p_str961, i32 2, i32 2, i32 16, i32 16, [1 x i8]* @p_str962, [1 x i8]* @p_str963)"   --->   Operation 12 'specinterface' <Predicate = true> <Delay = 0.00>
ST_1 : Operation 13 [1/1] (0.00ns)   --->   "%p_read_8 = call i8 @_ssdm_op_Read.ap_auto.i8(i8 %p_read7)"   --->   Operation 13 'read' 'p_read_8' <Predicate = true> <Delay = 0.00>
ST_1 : Operation 14 [1/1] (0.00ns)   --->   "%p_read_9 = call i8 @_ssdm_op_Read.ap_auto.i8(i8 %p_read6)"   --->   Operation 14 'read' 'p_read_9' <Predicate = true> <Delay = 0.00>
ST_1 : Operation 15 [1/1] (0.00ns)   --->   "%p_read_10 = call i8 @_ssdm_op_Read.ap_auto.i8(i8 %p_read5)"   --->   Operation 15 'read' 'p_read_10' <Predicate = true> <Delay = 0.00>
ST_1 : Operation 16 [1/1] (0.00ns)   --->   "%p_read_11 = call i8 @_ssdm_op_Read.ap_auto.i8(i8 %p_read4)"   --->   Operation 16 'read' 'p_read_11' <Predicate = true> <Delay = 0.00>
ST_1 : Operation 17 [1/1] (0.00ns)   --->   "%p_read311 = call i8 @_ssdm_op_Read.ap_auto.i8(i8 %p_read3)"   --->   Operation 17 'read' 'p_read311' <Predicate = true> <Delay = 0.00>
ST_1 : Operation 18 [1/1] (0.00ns)   --->   "%p_read210 = call i8 @_ssdm_op_Read.ap_auto.i8(i8 %p_read2)"   --->   Operation 18 'read' 'p_read210' <Predicate = true> <Delay = 0.00>
ST_1 : Operation 19 [1/1] (0.00ns)   --->   "%p_read19 = call i8 @_ssdm_op_Read.ap_auto.i8(i8 %p_read1)"   --->   Operation 19 'read' 'p_read19' <Predicate = true> <Delay = 0.00>
ST_1 : Operation 20 [1/1] (0.00ns)   --->   "%p_read_12 = call i8 @_ssdm_op_Read.ap_auto.i8(i8 %p_read)"   --->   Operation 20 'read' 'p_read_12' <Predicate = true> <Delay = 0.00>
ST_1 : Operation 21 [1/1] (0.00ns)   --->   "%kernel_data_V_2_8_load = load i8* @kernel_data_V_2_8, align 1" [firmware/nnet_utils/nnet_conv_stream.h:281]   --->   Operation 21 'load' 'kernel_data_V_2_8_load' <Predicate = true> <Delay = 0.00>
ST_1 : Operation 22 [1/1] (0.00ns)   --->   "%kernel_data_V_2_9_load = load i8* @kernel_data_V_2_9, align 1" [firmware/nnet_utils/nnet_conv_stream.h:281]   --->   Operation 22 'load' 'kernel_data_V_2_9_load' <Predicate = true> <Delay = 0.00>
ST_1 : Operation 23 [1/1] (0.00ns)   --->   "%kernel_data_V_2_10_load = load i8* @kernel_data_V_2_10, align 1" [firmware/nnet_utils/nnet_conv_stream.h:281]   --->   Operation 23 'load' 'kernel_data_V_2_10_load' <Predicate = true> <Delay = 0.00>
ST_1 : Operation 24 [1/1] (0.00ns)   --->   "%kernel_data_V_2_11_load = load i8* @kernel_data_V_2_11, align 1" [firmware/nnet_utils/nnet_conv_stream.h:281]   --->   Operation 24 'load' 'kernel_data_V_2_11_load' <Predicate = true> <Delay = 0.00>
ST_1 : Operation 25 [1/1] (0.00ns)   --->   "%kernel_data_V_2_12_load = load i8* @kernel_data_V_2_12, align 1" [firmware/nnet_utils/nnet_conv_stream.h:281]   --->   Operation 25 'load' 'kernel_data_V_2_12_load' <Predicate = true> <Delay = 0.00>
ST_1 : Operation 26 [1/1] (0.00ns)   --->   "%kernel_data_V_2_13_load = load i8* @kernel_data_V_2_13, align 1" [firmware/nnet_utils/nnet_conv_stream.h:281]   --->   Operation 26 'load' 'kernel_data_V_2_13_load' <Predicate = true> <Delay = 0.00>
ST_1 : Operation 27 [1/1] (0.00ns)   --->   "%kernel_data_V_2_14_load = load i8* @kernel_data_V_2_14, align 1" [firmware/nnet_utils/nnet_conv_stream.h:281]   --->   Operation 27 'load' 'kernel_data_V_2_14_load' <Predicate = true> <Delay = 0.00>
ST_1 : Operation 28 [1/1] (0.00ns)   --->   "%kernel_data_V_2_15_load = load i8* @kernel_data_V_2_15, align 1" [firmware/nnet_utils/nnet_conv_stream.h:281]   --->   Operation 28 'load' 'kernel_data_V_2_15_load' <Predicate = true> <Delay = 0.00>
ST_1 : Operation 29 [1/1] (0.00ns)   --->   "%kernel_data_V_2_16_load = load i8* @kernel_data_V_2_16, align 1" [firmware/nnet_utils/nnet_conv_stream.h:281]   --->   Operation 29 'load' 'kernel_data_V_2_16_load' <Predicate = true> <Delay = 0.00>
ST_1 : Operation 30 [1/1] (0.00ns)   --->   "%kernel_data_V_2_17_load = load i8* @kernel_data_V_2_17, align 1" [firmware/nnet_utils/nnet_conv_stream.h:281]   --->   Operation 30 'load' 'kernel_data_V_2_17_load' <Predicate = true> <Delay = 0.00>
ST_1 : Operation 31 [1/1] (0.00ns)   --->   "%kernel_data_V_2_18_load = load i8* @kernel_data_V_2_18, align 1" [firmware/nnet_utils/nnet_conv_stream.h:281]   --->   Operation 31 'load' 'kernel_data_V_2_18_load' <Predicate = true> <Delay = 0.00>
ST_1 : Operation 32 [1/1] (0.00ns)   --->   "%kernel_data_V_2_19_load = load i8* @kernel_data_V_2_19, align 1" [firmware/nnet_utils/nnet_conv_stream.h:281]   --->   Operation 32 'load' 'kernel_data_V_2_19_load' <Predicate = true> <Delay = 0.00>
ST_1 : Operation 33 [1/1] (0.00ns)   --->   "%kernel_data_V_2_20_load = load i8* @kernel_data_V_2_20, align 1" [firmware/nnet_utils/nnet_conv_stream.h:281]   --->   Operation 33 'load' 'kernel_data_V_2_20_load' <Predicate = true> <Delay = 0.00>
ST_1 : Operation 34 [1/1] (0.00ns)   --->   "%kernel_data_V_2_21_load = load i8* @kernel_data_V_2_21, align 1" [firmware/nnet_utils/nnet_conv_stream.h:281]   --->   Operation 34 'load' 'kernel_data_V_2_21_load' <Predicate = true> <Delay = 0.00>
ST_1 : Operation 35 [1/1] (0.00ns)   --->   "%kernel_data_V_2_22_load = load i8* @kernel_data_V_2_22, align 1" [firmware/nnet_utils/nnet_conv_stream.h:281]   --->   Operation 35 'load' 'kernel_data_V_2_22_load' <Predicate = true> <Delay = 0.00>
ST_1 : Operation 36 [1/1] (0.00ns)   --->   "%kernel_data_V_2_23_load = load i8* @kernel_data_V_2_23, align 1" [firmware/nnet_utils/nnet_conv_stream.h:281]   --->   Operation 36 'load' 'kernel_data_V_2_23_load' <Predicate = true> <Delay = 0.00>
ST_1 : Operation 37 [1/1] (0.00ns)   --->   "%kernel_data_V_2_32_load = load i8* @kernel_data_V_2_32, align 1" [firmware/nnet_utils/nnet_conv_stream.h:281]   --->   Operation 37 'load' 'kernel_data_V_2_32_load' <Predicate = true> <Delay = 0.00>
ST_1 : Operation 38 [1/1] (0.00ns)   --->   "%kernel_data_V_2_33_load = load i8* @kernel_data_V_2_33, align 1" [firmware/nnet_utils/nnet_conv_stream.h:281]   --->   Operation 38 'load' 'kernel_data_V_2_33_load' <Predicate = true> <Delay = 0.00>
ST_1 : Operation 39 [1/1] (0.00ns)   --->   "%kernel_data_V_2_34_load = load i8* @kernel_data_V_2_34, align 1" [firmware/nnet_utils/nnet_conv_stream.h:281]   --->   Operation 39 'load' 'kernel_data_V_2_34_load' <Predicate = true> <Delay = 0.00>
ST_1 : Operation 40 [1/1] (0.00ns)   --->   "%kernel_data_V_2_35_load = load i8* @kernel_data_V_2_35, align 1" [firmware/nnet_utils/nnet_conv_stream.h:281]   --->   Operation 40 'load' 'kernel_data_V_2_35_load' <Predicate = true> <Delay = 0.00>
ST_1 : Operation 41 [1/1] (0.00ns)   --->   "%kernel_data_V_2_36_load = load i8* @kernel_data_V_2_36, align 1" [firmware/nnet_utils/nnet_conv_stream.h:281]   --->   Operation 41 'load' 'kernel_data_V_2_36_load' <Predicate = true> <Delay = 0.00>
ST_1 : Operation 42 [1/1] (0.00ns)   --->   "%kernel_data_V_2_37_load = load i8* @kernel_data_V_2_37, align 1" [firmware/nnet_utils/nnet_conv_stream.h:281]   --->   Operation 42 'load' 'kernel_data_V_2_37_load' <Predicate = true> <Delay = 0.00>
ST_1 : Operation 43 [1/1] (0.00ns)   --->   "%kernel_data_V_2_38_load = load i8* @kernel_data_V_2_38, align 1" [firmware/nnet_utils/nnet_conv_stream.h:281]   --->   Operation 43 'load' 'kernel_data_V_2_38_load' <Predicate = true> <Delay = 0.00>
ST_1 : Operation 44 [1/1] (0.00ns)   --->   "%kernel_data_V_2_39_load = load i8* @kernel_data_V_2_39, align 1" [firmware/nnet_utils/nnet_conv_stream.h:281]   --->   Operation 44 'load' 'kernel_data_V_2_39_load' <Predicate = true> <Delay = 0.00>
ST_1 : Operation 45 [1/1] (0.00ns)   --->   "%kernel_data_V_2_40_load = load i8* @kernel_data_V_2_40, align 1" [firmware/nnet_utils/nnet_conv_stream.h:281]   --->   Operation 45 'load' 'kernel_data_V_2_40_load' <Predicate = true> <Delay = 0.00>
ST_1 : Operation 46 [1/1] (0.00ns)   --->   "%kernel_data_V_2_41_load = load i8* @kernel_data_V_2_41, align 1" [firmware/nnet_utils/nnet_conv_stream.h:281]   --->   Operation 46 'load' 'kernel_data_V_2_41_load' <Predicate = true> <Delay = 0.00>
ST_1 : Operation 47 [1/1] (0.00ns)   --->   "%kernel_data_V_2_42_load = load i8* @kernel_data_V_2_42, align 1" [firmware/nnet_utils/nnet_conv_stream.h:281]   --->   Operation 47 'load' 'kernel_data_V_2_42_load' <Predicate = true> <Delay = 0.00>
ST_1 : Operation 48 [1/1] (0.00ns)   --->   "%kernel_data_V_2_43_load = load i8* @kernel_data_V_2_43, align 1" [firmware/nnet_utils/nnet_conv_stream.h:281]   --->   Operation 48 'load' 'kernel_data_V_2_43_load' <Predicate = true> <Delay = 0.00>
ST_1 : Operation 49 [1/1] (0.00ns)   --->   "%kernel_data_V_2_44_load = load i8* @kernel_data_V_2_44, align 1" [firmware/nnet_utils/nnet_conv_stream.h:281]   --->   Operation 49 'load' 'kernel_data_V_2_44_load' <Predicate = true> <Delay = 0.00>
ST_1 : Operation 50 [1/1] (0.00ns)   --->   "%kernel_data_V_2_45_load = load i8* @kernel_data_V_2_45, align 1" [firmware/nnet_utils/nnet_conv_stream.h:281]   --->   Operation 50 'load' 'kernel_data_V_2_45_load' <Predicate = true> <Delay = 0.00>
ST_1 : Operation 51 [1/1] (0.00ns)   --->   "%kernel_data_V_2_46_load = load i8* @kernel_data_V_2_46, align 1" [firmware/nnet_utils/nnet_conv_stream.h:281]   --->   Operation 51 'load' 'kernel_data_V_2_46_load' <Predicate = true> <Delay = 0.00>
ST_1 : Operation 52 [1/1] (0.00ns)   --->   "%kernel_data_V_2_47_load = load i8* @kernel_data_V_2_47, align 1" [firmware/nnet_utils/nnet_conv_stream.h:281]   --->   Operation 52 'load' 'kernel_data_V_2_47_load' <Predicate = true> <Delay = 0.00>
ST_1 : Operation 53 [1/1] (0.00ns)   --->   "%kernel_data_V_2_56_load = load i8* @kernel_data_V_2_56, align 1" [firmware/nnet_utils/nnet_conv_stream.h:281]   --->   Operation 53 'load' 'kernel_data_V_2_56_load' <Predicate = true> <Delay = 0.00>
ST_1 : Operation 54 [1/1] (0.00ns)   --->   "%kernel_data_V_2_57_load = load i8* @kernel_data_V_2_57, align 1" [firmware/nnet_utils/nnet_conv_stream.h:281]   --->   Operation 54 'load' 'kernel_data_V_2_57_load' <Predicate = true> <Delay = 0.00>
ST_1 : Operation 55 [1/1] (0.00ns)   --->   "%kernel_data_V_2_58_load = load i8* @kernel_data_V_2_58, align 1" [firmware/nnet_utils/nnet_conv_stream.h:281]   --->   Operation 55 'load' 'kernel_data_V_2_58_load' <Predicate = true> <Delay = 0.00>
ST_1 : Operation 56 [1/1] (0.00ns)   --->   "%kernel_data_V_2_59_load = load i8* @kernel_data_V_2_59, align 1" [firmware/nnet_utils/nnet_conv_stream.h:281]   --->   Operation 56 'load' 'kernel_data_V_2_59_load' <Predicate = true> <Delay = 0.00>
ST_1 : Operation 57 [1/1] (0.00ns)   --->   "%kernel_data_V_2_60_load = load i8* @kernel_data_V_2_60, align 1" [firmware/nnet_utils/nnet_conv_stream.h:281]   --->   Operation 57 'load' 'kernel_data_V_2_60_load' <Predicate = true> <Delay = 0.00>
ST_1 : Operation 58 [1/1] (0.00ns)   --->   "%kernel_data_V_2_61_load = load i8* @kernel_data_V_2_61, align 1" [firmware/nnet_utils/nnet_conv_stream.h:281]   --->   Operation 58 'load' 'kernel_data_V_2_61_load' <Predicate = true> <Delay = 0.00>
ST_1 : Operation 59 [1/1] (0.00ns)   --->   "%kernel_data_V_2_62_load = load i8* @kernel_data_V_2_62, align 1" [firmware/nnet_utils/nnet_conv_stream.h:281]   --->   Operation 59 'load' 'kernel_data_V_2_62_load' <Predicate = true> <Delay = 0.00>
ST_1 : Operation 60 [1/1] (0.00ns)   --->   "%kernel_data_V_2_63_load = load i8* @kernel_data_V_2_63, align 1" [firmware/nnet_utils/nnet_conv_stream.h:281]   --->   Operation 60 'load' 'kernel_data_V_2_63_load' <Predicate = true> <Delay = 0.00>
ST_1 : Operation 61 [1/1] (0.00ns)   --->   "%kernel_data_V_2_64_load = load i8* @kernel_data_V_2_64, align 1" [firmware/nnet_utils/nnet_conv_stream.h:281]   --->   Operation 61 'load' 'kernel_data_V_2_64_load' <Predicate = true> <Delay = 0.00>
ST_1 : Operation 62 [1/1] (0.00ns)   --->   "%kernel_data_V_2_65_load = load i8* @kernel_data_V_2_65, align 1" [firmware/nnet_utils/nnet_conv_stream.h:281]   --->   Operation 62 'load' 'kernel_data_V_2_65_load' <Predicate = true> <Delay = 0.00>
ST_1 : Operation 63 [1/1] (0.00ns)   --->   "%kernel_data_V_2_66_load = load i8* @kernel_data_V_2_66, align 1" [firmware/nnet_utils/nnet_conv_stream.h:281]   --->   Operation 63 'load' 'kernel_data_V_2_66_load' <Predicate = true> <Delay = 0.00>
ST_1 : Operation 64 [1/1] (0.00ns)   --->   "%kernel_data_V_2_67_load = load i8* @kernel_data_V_2_67, align 1" [firmware/nnet_utils/nnet_conv_stream.h:281]   --->   Operation 64 'load' 'kernel_data_V_2_67_load' <Predicate = true> <Delay = 0.00>
ST_1 : Operation 65 [1/1] (0.00ns)   --->   "%kernel_data_V_2_68_load = load i8* @kernel_data_V_2_68, align 1" [firmware/nnet_utils/nnet_conv_stream.h:281]   --->   Operation 65 'load' 'kernel_data_V_2_68_load' <Predicate = true> <Delay = 0.00>
ST_1 : Operation 66 [1/1] (0.00ns)   --->   "%kernel_data_V_2_69_load = load i8* @kernel_data_V_2_69, align 1" [firmware/nnet_utils/nnet_conv_stream.h:281]   --->   Operation 66 'load' 'kernel_data_V_2_69_load' <Predicate = true> <Delay = 0.00>
ST_1 : Operation 67 [1/1] (0.00ns)   --->   "%kernel_data_V_2_70_load = load i8* @kernel_data_V_2_70, align 1" [firmware/nnet_utils/nnet_conv_stream.h:281]   --->   Operation 67 'load' 'kernel_data_V_2_70_load' <Predicate = true> <Delay = 0.00>
ST_1 : Operation 68 [1/1] (0.00ns)   --->   "%kernel_data_V_2_71_load = load i8* @kernel_data_V_2_71, align 1" [firmware/nnet_utils/nnet_conv_stream.h:281]   --->   Operation 68 'load' 'kernel_data_V_2_71_load' <Predicate = true> <Delay = 0.00>
ST_1 : Operation 69 [1/1] (1.97ns)   --->   "%call_ret = call fastcc { i8, i8, i8, i8, i8, i8, i8, i8, i8, i8, i8, i8, i8, i8, i8, i8, i8, i8, i8, i8, i8, i8, i8, i8, i8, i8, i8, i8, i8, i8, i8, i8, i8, i8, i8, i8, i8, i8, i8, i8, i8, i8, i8, i8, i8, i8, i8, i8, i8, i8, i8, i8, i8, i8, i8, i8, i8, i8, i8, i8, i8, i8, i8, i8, i8, i8, i8, i8, i8, i8, i8, i8 } @"shift_line_buffer<array<ap_ufixed<8, 2, 5, 3, 0>, 8u>, config10>"(i8 %p_read_12, i8 %p_read19, i8 %p_read210, i8 %p_read311, i8 %p_read_11, i8 %p_read_10, i8 %p_read_9, i8 %p_read_8, i8 %kernel_data_V_2_8_load, i8 %kernel_data_V_2_9_load, i8 %kernel_data_V_2_10_load, i8 %kernel_data_V_2_11_load, i8 %kernel_data_V_2_12_load, i8 %kernel_data_V_2_13_load, i8 %kernel_data_V_2_14_load, i8 %kernel_data_V_2_15_load, i8 %kernel_data_V_2_16_load, i8 %kernel_data_V_2_17_load, i8 %kernel_data_V_2_18_load, i8 %kernel_data_V_2_19_load, i8 %kernel_data_V_2_20_load, i8 %kernel_data_V_2_21_load, i8 %kernel_data_V_2_22_load, i8 %kernel_data_V_2_23_load, i8 %kernel_data_V_2_32_load, i8 %kernel_data_V_2_33_load, i8 %kernel_data_V_2_34_load, i8 %kernel_data_V_2_35_load, i8 %kernel_data_V_2_36_load, i8 %kernel_data_V_2_37_load, i8 %kernel_data_V_2_38_load, i8 %kernel_data_V_2_39_load, i8 %kernel_data_V_2_40_load, i8 %kernel_data_V_2_41_load, i8 %kernel_data_V_2_42_load, i8 %kernel_data_V_2_43_load, i8 %kernel_data_V_2_44_load, i8 %kernel_data_V_2_45_load, i8 %kernel_data_V_2_46_load, i8 %kernel_data_V_2_47_load, i8 %kernel_data_V_2_56_load, i8 %kernel_data_V_2_57_load, i8 %kernel_data_V_2_58_load, i8 %kernel_data_V_2_59_load, i8 %kernel_data_V_2_60_load, i8 %kernel_data_V_2_61_load, i8 %kernel_data_V_2_62_load, i8 %kernel_data_V_2_63_load, i8 %kernel_data_V_2_64_load, i8 %kernel_data_V_2_65_load, i8 %kernel_data_V_2_66_load, i8 %kernel_data_V_2_67_load, i8 %kernel_data_V_2_68_load, i8 %kernel_data_V_2_69_load, i8 %kernel_data_V_2_70_load, i8 %kernel_data_V_2_71_load)" [firmware/nnet_utils/nnet_conv_stream.h:281]   --->   Operation 69 'call' 'call_ret' <Predicate = true> <Delay = 1.97> <CoreType = "Generic">   --->   Core 0 '' <Latency = 0> <II = 1> <Delay = 1.00> <Generic> <Opcode : >
ST_1 : Operation 70 [1/1] (0.00ns)   --->   "%kernel_data_V_2_55_ret = extractvalue { i8, i8, i8, i8, i8, i8, i8, i8, i8, i8, i8, i8, i8, i8, i8, i8, i8, i8, i8, i8, i8, i8, i8, i8, i8, i8, i8, i8, i8, i8, i8, i8, i8, i8, i8, i8, i8, i8, i8, i8, i8, i8, i8, i8, i8, i8, i8, i8, i8, i8, i8, i8, i8, i8, i8, i8, i8, i8, i8, i8, i8, i8, i8, i8, i8, i8, i8, i8, i8, i8, i8, i8 } %call_ret, 23" [firmware/nnet_utils/nnet_conv_stream.h:281]   --->   Operation 70 'extractvalue' 'kernel_data_V_2_55_ret' <Predicate = true> <Delay = 0.00>
ST_1 : Operation 71 [1/1] (0.00ns)   --->   "%kernel_data_V_2_54_ret = extractvalue { i8, i8, i8, i8, i8, i8, i8, i8, i8, i8, i8, i8, i8, i8, i8, i8, i8, i8, i8, i8, i8, i8, i8, i8, i8, i8, i8, i8, i8, i8, i8, i8, i8, i8, i8, i8, i8, i8, i8, i8, i8, i8, i8, i8, i8, i8, i8, i8, i8, i8, i8, i8, i8, i8, i8, i8, i8, i8, i8, i8, i8, i8, i8, i8, i8, i8, i8, i8, i8, i8, i8, i8 } %call_ret, 22" [firmware/nnet_utils/nnet_conv_stream.h:281]   --->   Operation 71 'extractvalue' 'kernel_data_V_2_54_ret' <Predicate = true> <Delay = 0.00>
ST_1 : Operation 72 [1/1] (0.00ns)   --->   "%kernel_data_V_2_53_ret = extractvalue { i8, i8, i8, i8, i8, i8, i8, i8, i8, i8, i8, i8, i8, i8, i8, i8, i8, i8, i8, i8, i8, i8, i8, i8, i8, i8, i8, i8, i8, i8, i8, i8, i8, i8, i8, i8, i8, i8, i8, i8, i8, i8, i8, i8, i8, i8, i8, i8, i8, i8, i8, i8, i8, i8, i8, i8, i8, i8, i8, i8, i8, i8, i8, i8, i8, i8, i8, i8, i8, i8, i8, i8 } %call_ret, 21" [firmware/nnet_utils/nnet_conv_stream.h:281]   --->   Operation 72 'extractvalue' 'kernel_data_V_2_53_ret' <Predicate = true> <Delay = 0.00>
ST_1 : Operation 73 [1/1] (0.00ns)   --->   "%kernel_data_V_2_52_ret = extractvalue { i8, i8, i8, i8, i8, i8, i8, i8, i8, i8, i8, i8, i8, i8, i8, i8, i8, i8, i8, i8, i8, i8, i8, i8, i8, i8, i8, i8, i8, i8, i8, i8, i8, i8, i8, i8, i8, i8, i8, i8, i8, i8, i8, i8, i8, i8, i8, i8, i8, i8, i8, i8, i8, i8, i8, i8, i8, i8, i8, i8, i8, i8, i8, i8, i8, i8, i8, i8, i8, i8, i8, i8 } %call_ret, 20" [firmware/nnet_utils/nnet_conv_stream.h:281]   --->   Operation 73 'extractvalue' 'kernel_data_V_2_52_ret' <Predicate = true> <Delay = 0.00>
ST_1 : Operation 74 [1/1] (0.00ns)   --->   "%kernel_data_V_2_51_ret = extractvalue { i8, i8, i8, i8, i8, i8, i8, i8, i8, i8, i8, i8, i8, i8, i8, i8, i8, i8, i8, i8, i8, i8, i8, i8, i8, i8, i8, i8, i8, i8, i8, i8, i8, i8, i8, i8, i8, i8, i8, i8, i8, i8, i8, i8, i8, i8, i8, i8, i8, i8, i8, i8, i8, i8, i8, i8, i8, i8, i8, i8, i8, i8, i8, i8, i8, i8, i8, i8, i8, i8, i8, i8 } %call_ret, 19" [firmware/nnet_utils/nnet_conv_stream.h:281]   --->   Operation 74 'extractvalue' 'kernel_data_V_2_51_ret' <Predicate = true> <Delay = 0.00>
ST_1 : Operation 75 [1/1] (0.00ns)   --->   "%kernel_data_V_2_50_ret = extractvalue { i8, i8, i8, i8, i8, i8, i8, i8, i8, i8, i8, i8, i8, i8, i8, i8, i8, i8, i8, i8, i8, i8, i8, i8, i8, i8, i8, i8, i8, i8, i8, i8, i8, i8, i8, i8, i8, i8, i8, i8, i8, i8, i8, i8, i8, i8, i8, i8, i8, i8, i8, i8, i8, i8, i8, i8, i8, i8, i8, i8, i8, i8, i8, i8, i8, i8, i8, i8, i8, i8, i8, i8 } %call_ret, 18" [firmware/nnet_utils/nnet_conv_stream.h:281]   --->   Operation 75 'extractvalue' 'kernel_data_V_2_50_ret' <Predicate = true> <Delay = 0.00>
ST_1 : Operation 76 [1/1] (0.00ns)   --->   "%kernel_data_V_2_49_ret = extractvalue { i8, i8, i8, i8, i8, i8, i8, i8, i8, i8, i8, i8, i8, i8, i8, i8, i8, i8, i8, i8, i8, i8, i8, i8, i8, i8, i8, i8, i8, i8, i8, i8, i8, i8, i8, i8, i8, i8, i8, i8, i8, i8, i8, i8, i8, i8, i8, i8, i8, i8, i8, i8, i8, i8, i8, i8, i8, i8, i8, i8, i8, i8, i8, i8, i8, i8, i8, i8, i8, i8, i8, i8 } %call_ret, 17" [firmware/nnet_utils/nnet_conv_stream.h:281]   --->   Operation 76 'extractvalue' 'kernel_data_V_2_49_ret' <Predicate = true> <Delay = 0.00>
ST_1 : Operation 77 [1/1] (0.00ns)   --->   "%kernel_data_V_2_48_ret = extractvalue { i8, i8, i8, i8, i8, i8, i8, i8, i8, i8, i8, i8, i8, i8, i8, i8, i8, i8, i8, i8, i8, i8, i8, i8, i8, i8, i8, i8, i8, i8, i8, i8, i8, i8, i8, i8, i8, i8, i8, i8, i8, i8, i8, i8, i8, i8, i8, i8, i8, i8, i8, i8, i8, i8, i8, i8, i8, i8, i8, i8, i8, i8, i8, i8, i8, i8, i8, i8, i8, i8, i8, i8 } %call_ret, 16" [firmware/nnet_utils/nnet_conv_stream.h:281]   --->   Operation 77 'extractvalue' 'kernel_data_V_2_48_ret' <Predicate = true> <Delay = 0.00>
ST_1 : Operation 78 [1/1] (0.00ns)   --->   "%kernel_data_V_2_31_ret = extractvalue { i8, i8, i8, i8, i8, i8, i8, i8, i8, i8, i8, i8, i8, i8, i8, i8, i8, i8, i8, i8, i8, i8, i8, i8, i8, i8, i8, i8, i8, i8, i8, i8, i8, i8, i8, i8, i8, i8, i8, i8, i8, i8, i8, i8, i8, i8, i8, i8, i8, i8, i8, i8, i8, i8, i8, i8, i8, i8, i8, i8, i8, i8, i8, i8, i8, i8, i8, i8, i8, i8, i8, i8 } %call_ret, 15" [firmware/nnet_utils/nnet_conv_stream.h:281]   --->   Operation 78 'extractvalue' 'kernel_data_V_2_31_ret' <Predicate = true> <Delay = 0.00>
ST_1 : Operation 79 [1/1] (0.00ns)   --->   "%kernel_data_V_2_30_ret = extractvalue { i8, i8, i8, i8, i8, i8, i8, i8, i8, i8, i8, i8, i8, i8, i8, i8, i8, i8, i8, i8, i8, i8, i8, i8, i8, i8, i8, i8, i8, i8, i8, i8, i8, i8, i8, i8, i8, i8, i8, i8, i8, i8, i8, i8, i8, i8, i8, i8, i8, i8, i8, i8, i8, i8, i8, i8, i8, i8, i8, i8, i8, i8, i8, i8, i8, i8, i8, i8, i8, i8, i8, i8 } %call_ret, 14" [firmware/nnet_utils/nnet_conv_stream.h:281]   --->   Operation 79 'extractvalue' 'kernel_data_V_2_30_ret' <Predicate = true> <Delay = 0.00>
ST_1 : Operation 80 [1/1] (0.00ns)   --->   "%kernel_data_V_2_29_ret = extractvalue { i8, i8, i8, i8, i8, i8, i8, i8, i8, i8, i8, i8, i8, i8, i8, i8, i8, i8, i8, i8, i8, i8, i8, i8, i8, i8, i8, i8, i8, i8, i8, i8, i8, i8, i8, i8, i8, i8, i8, i8, i8, i8, i8, i8, i8, i8, i8, i8, i8, i8, i8, i8, i8, i8, i8, i8, i8, i8, i8, i8, i8, i8, i8, i8, i8, i8, i8, i8, i8, i8, i8, i8 } %call_ret, 13" [firmware/nnet_utils/nnet_conv_stream.h:281]   --->   Operation 80 'extractvalue' 'kernel_data_V_2_29_ret' <Predicate = true> <Delay = 0.00>
ST_1 : Operation 81 [1/1] (0.00ns)   --->   "%kernel_data_V_2_28_ret = extractvalue { i8, i8, i8, i8, i8, i8, i8, i8, i8, i8, i8, i8, i8, i8, i8, i8, i8, i8, i8, i8, i8, i8, i8, i8, i8, i8, i8, i8, i8, i8, i8, i8, i8, i8, i8, i8, i8, i8, i8, i8, i8, i8, i8, i8, i8, i8, i8, i8, i8, i8, i8, i8, i8, i8, i8, i8, i8, i8, i8, i8, i8, i8, i8, i8, i8, i8, i8, i8, i8, i8, i8, i8 } %call_ret, 12" [firmware/nnet_utils/nnet_conv_stream.h:281]   --->   Operation 81 'extractvalue' 'kernel_data_V_2_28_ret' <Predicate = true> <Delay = 0.00>
ST_1 : Operation 82 [1/1] (0.00ns)   --->   "%kernel_data_V_2_27_ret = extractvalue { i8, i8, i8, i8, i8, i8, i8, i8, i8, i8, i8, i8, i8, i8, i8, i8, i8, i8, i8, i8, i8, i8, i8, i8, i8, i8, i8, i8, i8, i8, i8, i8, i8, i8, i8, i8, i8, i8, i8, i8, i8, i8, i8, i8, i8, i8, i8, i8, i8, i8, i8, i8, i8, i8, i8, i8, i8, i8, i8, i8, i8, i8, i8, i8, i8, i8, i8, i8, i8, i8, i8, i8 } %call_ret, 11" [firmware/nnet_utils/nnet_conv_stream.h:281]   --->   Operation 82 'extractvalue' 'kernel_data_V_2_27_ret' <Predicate = true> <Delay = 0.00>
ST_1 : Operation 83 [1/1] (0.00ns)   --->   "%kernel_data_V_2_26_ret = extractvalue { i8, i8, i8, i8, i8, i8, i8, i8, i8, i8, i8, i8, i8, i8, i8, i8, i8, i8, i8, i8, i8, i8, i8, i8, i8, i8, i8, i8, i8, i8, i8, i8, i8, i8, i8, i8, i8, i8, i8, i8, i8, i8, i8, i8, i8, i8, i8, i8, i8, i8, i8, i8, i8, i8, i8, i8, i8, i8, i8, i8, i8, i8, i8, i8, i8, i8, i8, i8, i8, i8, i8, i8 } %call_ret, 10" [firmware/nnet_utils/nnet_conv_stream.h:281]   --->   Operation 83 'extractvalue' 'kernel_data_V_2_26_ret' <Predicate = true> <Delay = 0.00>
ST_1 : Operation 84 [1/1] (0.00ns)   --->   "%kernel_data_V_2_25_ret = extractvalue { i8, i8, i8, i8, i8, i8, i8, i8, i8, i8, i8, i8, i8, i8, i8, i8, i8, i8, i8, i8, i8, i8, i8, i8, i8, i8, i8, i8, i8, i8, i8, i8, i8, i8, i8, i8, i8, i8, i8, i8, i8, i8, i8, i8, i8, i8, i8, i8, i8, i8, i8, i8, i8, i8, i8, i8, i8, i8, i8, i8, i8, i8, i8, i8, i8, i8, i8, i8, i8, i8, i8, i8 } %call_ret, 9" [firmware/nnet_utils/nnet_conv_stream.h:281]   --->   Operation 84 'extractvalue' 'kernel_data_V_2_25_ret' <Predicate = true> <Delay = 0.00>
ST_1 : Operation 85 [1/1] (0.00ns)   --->   "%kernel_data_V_2_24_ret = extractvalue { i8, i8, i8, i8, i8, i8, i8, i8, i8, i8, i8, i8, i8, i8, i8, i8, i8, i8, i8, i8, i8, i8, i8, i8, i8, i8, i8, i8, i8, i8, i8, i8, i8, i8, i8, i8, i8, i8, i8, i8, i8, i8, i8, i8, i8, i8, i8, i8, i8, i8, i8, i8, i8, i8, i8, i8, i8, i8, i8, i8, i8, i8, i8, i8, i8, i8, i8, i8, i8, i8, i8, i8 } %call_ret, 8" [firmware/nnet_utils/nnet_conv_stream.h:281]   --->   Operation 85 'extractvalue' 'kernel_data_V_2_24_ret' <Predicate = true> <Delay = 0.00>
ST_1 : Operation 86 [1/1] (0.00ns)   --->   "%kernel_data_V_2_7_ret = extractvalue { i8, i8, i8, i8, i8, i8, i8, i8, i8, i8, i8, i8, i8, i8, i8, i8, i8, i8, i8, i8, i8, i8, i8, i8, i8, i8, i8, i8, i8, i8, i8, i8, i8, i8, i8, i8, i8, i8, i8, i8, i8, i8, i8, i8, i8, i8, i8, i8, i8, i8, i8, i8, i8, i8, i8, i8, i8, i8, i8, i8, i8, i8, i8, i8, i8, i8, i8, i8, i8, i8, i8, i8 } %call_ret, 7" [firmware/nnet_utils/nnet_conv_stream.h:281]   --->   Operation 86 'extractvalue' 'kernel_data_V_2_7_ret' <Predicate = true> <Delay = 0.00>
ST_1 : Operation 87 [1/1] (0.00ns)   --->   "%kernel_data_V_2_6_ret = extractvalue { i8, i8, i8, i8, i8, i8, i8, i8, i8, i8, i8, i8, i8, i8, i8, i8, i8, i8, i8, i8, i8, i8, i8, i8, i8, i8, i8, i8, i8, i8, i8, i8, i8, i8, i8, i8, i8, i8, i8, i8, i8, i8, i8, i8, i8, i8, i8, i8, i8, i8, i8, i8, i8, i8, i8, i8, i8, i8, i8, i8, i8, i8, i8, i8, i8, i8, i8, i8, i8, i8, i8, i8 } %call_ret, 6" [firmware/nnet_utils/nnet_conv_stream.h:281]   --->   Operation 87 'extractvalue' 'kernel_data_V_2_6_ret' <Predicate = true> <Delay = 0.00>
ST_1 : Operation 88 [1/1] (0.00ns)   --->   "%kernel_data_V_2_5_ret = extractvalue { i8, i8, i8, i8, i8, i8, i8, i8, i8, i8, i8, i8, i8, i8, i8, i8, i8, i8, i8, i8, i8, i8, i8, i8, i8, i8, i8, i8, i8, i8, i8, i8, i8, i8, i8, i8, i8, i8, i8, i8, i8, i8, i8, i8, i8, i8, i8, i8, i8, i8, i8, i8, i8, i8, i8, i8, i8, i8, i8, i8, i8, i8, i8, i8, i8, i8, i8, i8, i8, i8, i8, i8 } %call_ret, 5" [firmware/nnet_utils/nnet_conv_stream.h:281]   --->   Operation 88 'extractvalue' 'kernel_data_V_2_5_ret' <Predicate = true> <Delay = 0.00>
ST_1 : Operation 89 [1/1] (0.00ns)   --->   "%kernel_data_V_2_4_ret = extractvalue { i8, i8, i8, i8, i8, i8, i8, i8, i8, i8, i8, i8, i8, i8, i8, i8, i8, i8, i8, i8, i8, i8, i8, i8, i8, i8, i8, i8, i8, i8, i8, i8, i8, i8, i8, i8, i8, i8, i8, i8, i8, i8, i8, i8, i8, i8, i8, i8, i8, i8, i8, i8, i8, i8, i8, i8, i8, i8, i8, i8, i8, i8, i8, i8, i8, i8, i8, i8, i8, i8, i8, i8 } %call_ret, 4" [firmware/nnet_utils/nnet_conv_stream.h:281]   --->   Operation 89 'extractvalue' 'kernel_data_V_2_4_ret' <Predicate = true> <Delay = 0.00>
ST_1 : Operation 90 [1/1] (0.00ns)   --->   "%kernel_data_V_2_3_ret = extractvalue { i8, i8, i8, i8, i8, i8, i8, i8, i8, i8, i8, i8, i8, i8, i8, i8, i8, i8, i8, i8, i8, i8, i8, i8, i8, i8, i8, i8, i8, i8, i8, i8, i8, i8, i8, i8, i8, i8, i8, i8, i8, i8, i8, i8, i8, i8, i8, i8, i8, i8, i8, i8, i8, i8, i8, i8, i8, i8, i8, i8, i8, i8, i8, i8, i8, i8, i8, i8, i8, i8, i8, i8 } %call_ret, 3" [firmware/nnet_utils/nnet_conv_stream.h:281]   --->   Operation 90 'extractvalue' 'kernel_data_V_2_3_ret' <Predicate = true> <Delay = 0.00>
ST_1 : Operation 91 [1/1] (0.00ns)   --->   "%kernel_data_V_2_2_ret = extractvalue { i8, i8, i8, i8, i8, i8, i8, i8, i8, i8, i8, i8, i8, i8, i8, i8, i8, i8, i8, i8, i8, i8, i8, i8, i8, i8, i8, i8, i8, i8, i8, i8, i8, i8, i8, i8, i8, i8, i8, i8, i8, i8, i8, i8, i8, i8, i8, i8, i8, i8, i8, i8, i8, i8, i8, i8, i8, i8, i8, i8, i8, i8, i8, i8, i8, i8, i8, i8, i8, i8, i8, i8 } %call_ret, 2" [firmware/nnet_utils/nnet_conv_stream.h:281]   --->   Operation 91 'extractvalue' 'kernel_data_V_2_2_ret' <Predicate = true> <Delay = 0.00>
ST_1 : Operation 92 [1/1] (0.00ns)   --->   "%kernel_data_V_2_1_ret = extractvalue { i8, i8, i8, i8, i8, i8, i8, i8, i8, i8, i8, i8, i8, i8, i8, i8, i8, i8, i8, i8, i8, i8, i8, i8, i8, i8, i8, i8, i8, i8, i8, i8, i8, i8, i8, i8, i8, i8, i8, i8, i8, i8, i8, i8, i8, i8, i8, i8, i8, i8, i8, i8, i8, i8, i8, i8, i8, i8, i8, i8, i8, i8, i8, i8, i8, i8, i8, i8, i8, i8, i8, i8 } %call_ret, 1" [firmware/nnet_utils/nnet_conv_stream.h:281]   --->   Operation 92 'extractvalue' 'kernel_data_V_2_1_ret' <Predicate = true> <Delay = 0.00>
ST_1 : Operation 93 [1/1] (0.00ns)   --->   "%kernel_data_V_2_0_ret = extractvalue { i8, i8, i8, i8, i8, i8, i8, i8, i8, i8, i8, i8, i8, i8, i8, i8, i8, i8, i8, i8, i8, i8, i8, i8, i8, i8, i8, i8, i8, i8, i8, i8, i8, i8, i8, i8, i8, i8, i8, i8, i8, i8, i8, i8, i8, i8, i8, i8, i8, i8, i8, i8, i8, i8, i8, i8, i8, i8, i8, i8, i8, i8, i8, i8, i8, i8, i8, i8, i8, i8, i8, i8 } %call_ret, 0" [firmware/nnet_utils/nnet_conv_stream.h:281]   --->   Operation 93 'extractvalue' 'kernel_data_V_2_0_ret' <Predicate = true> <Delay = 0.00>
ST_1 : Operation 94 [1/1] (0.00ns)   --->   "%kernel_data_V_2_8_ret = extractvalue { i8, i8, i8, i8, i8, i8, i8, i8, i8, i8, i8, i8, i8, i8, i8, i8, i8, i8, i8, i8, i8, i8, i8, i8, i8, i8, i8, i8, i8, i8, i8, i8, i8, i8, i8, i8, i8, i8, i8, i8, i8, i8, i8, i8, i8, i8, i8, i8, i8, i8, i8, i8, i8, i8, i8, i8, i8, i8, i8, i8, i8, i8, i8, i8, i8, i8, i8, i8, i8, i8, i8, i8 } %call_ret, 24" [firmware/nnet_utils/nnet_conv_stream.h:281]   --->   Operation 94 'extractvalue' 'kernel_data_V_2_8_ret' <Predicate = true> <Delay = 0.00>
ST_1 : Operation 95 [1/1] (0.00ns)   --->   "store i8 %kernel_data_V_2_8_ret, i8* @kernel_data_V_2_8, align 1" [firmware/nnet_utils/nnet_conv_stream.h:281]   --->   Operation 95 'store' <Predicate = true> <Delay = 0.00>
ST_1 : Operation 96 [1/1] (0.00ns)   --->   "%kernel_data_V_2_9_ret = extractvalue { i8, i8, i8, i8, i8, i8, i8, i8, i8, i8, i8, i8, i8, i8, i8, i8, i8, i8, i8, i8, i8, i8, i8, i8, i8, i8, i8, i8, i8, i8, i8, i8, i8, i8, i8, i8, i8, i8, i8, i8, i8, i8, i8, i8, i8, i8, i8, i8, i8, i8, i8, i8, i8, i8, i8, i8, i8, i8, i8, i8, i8, i8, i8, i8, i8, i8, i8, i8, i8, i8, i8, i8 } %call_ret, 25" [firmware/nnet_utils/nnet_conv_stream.h:281]   --->   Operation 96 'extractvalue' 'kernel_data_V_2_9_ret' <Predicate = true> <Delay = 0.00>
ST_1 : Operation 97 [1/1] (0.00ns)   --->   "store i8 %kernel_data_V_2_9_ret, i8* @kernel_data_V_2_9, align 1" [firmware/nnet_utils/nnet_conv_stream.h:281]   --->   Operation 97 'store' <Predicate = true> <Delay = 0.00>
ST_1 : Operation 98 [1/1] (0.00ns)   --->   "%kernel_data_V_2_10_ret = extractvalue { i8, i8, i8, i8, i8, i8, i8, i8, i8, i8, i8, i8, i8, i8, i8, i8, i8, i8, i8, i8, i8, i8, i8, i8, i8, i8, i8, i8, i8, i8, i8, i8, i8, i8, i8, i8, i8, i8, i8, i8, i8, i8, i8, i8, i8, i8, i8, i8, i8, i8, i8, i8, i8, i8, i8, i8, i8, i8, i8, i8, i8, i8, i8, i8, i8, i8, i8, i8, i8, i8, i8, i8 } %call_ret, 26" [firmware/nnet_utils/nnet_conv_stream.h:281]   --->   Operation 98 'extractvalue' 'kernel_data_V_2_10_ret' <Predicate = true> <Delay = 0.00>
ST_1 : Operation 99 [1/1] (0.00ns)   --->   "store i8 %kernel_data_V_2_10_ret, i8* @kernel_data_V_2_10, align 1" [firmware/nnet_utils/nnet_conv_stream.h:281]   --->   Operation 99 'store' <Predicate = true> <Delay = 0.00>
ST_1 : Operation 100 [1/1] (0.00ns)   --->   "%kernel_data_V_2_11_ret = extractvalue { i8, i8, i8, i8, i8, i8, i8, i8, i8, i8, i8, i8, i8, i8, i8, i8, i8, i8, i8, i8, i8, i8, i8, i8, i8, i8, i8, i8, i8, i8, i8, i8, i8, i8, i8, i8, i8, i8, i8, i8, i8, i8, i8, i8, i8, i8, i8, i8, i8, i8, i8, i8, i8, i8, i8, i8, i8, i8, i8, i8, i8, i8, i8, i8, i8, i8, i8, i8, i8, i8, i8, i8 } %call_ret, 27" [firmware/nnet_utils/nnet_conv_stream.h:281]   --->   Operation 100 'extractvalue' 'kernel_data_V_2_11_ret' <Predicate = true> <Delay = 0.00>
ST_1 : Operation 101 [1/1] (0.00ns)   --->   "store i8 %kernel_data_V_2_11_ret, i8* @kernel_data_V_2_11, align 1" [firmware/nnet_utils/nnet_conv_stream.h:281]   --->   Operation 101 'store' <Predicate = true> <Delay = 0.00>
ST_1 : Operation 102 [1/1] (0.00ns)   --->   "%kernel_data_V_2_12_ret = extractvalue { i8, i8, i8, i8, i8, i8, i8, i8, i8, i8, i8, i8, i8, i8, i8, i8, i8, i8, i8, i8, i8, i8, i8, i8, i8, i8, i8, i8, i8, i8, i8, i8, i8, i8, i8, i8, i8, i8, i8, i8, i8, i8, i8, i8, i8, i8, i8, i8, i8, i8, i8, i8, i8, i8, i8, i8, i8, i8, i8, i8, i8, i8, i8, i8, i8, i8, i8, i8, i8, i8, i8, i8 } %call_ret, 28" [firmware/nnet_utils/nnet_conv_stream.h:281]   --->   Operation 102 'extractvalue' 'kernel_data_V_2_12_ret' <Predicate = true> <Delay = 0.00>
ST_1 : Operation 103 [1/1] (0.00ns)   --->   "store i8 %kernel_data_V_2_12_ret, i8* @kernel_data_V_2_12, align 1" [firmware/nnet_utils/nnet_conv_stream.h:281]   --->   Operation 103 'store' <Predicate = true> <Delay = 0.00>
ST_1 : Operation 104 [1/1] (0.00ns)   --->   "%kernel_data_V_2_13_ret = extractvalue { i8, i8, i8, i8, i8, i8, i8, i8, i8, i8, i8, i8, i8, i8, i8, i8, i8, i8, i8, i8, i8, i8, i8, i8, i8, i8, i8, i8, i8, i8, i8, i8, i8, i8, i8, i8, i8, i8, i8, i8, i8, i8, i8, i8, i8, i8, i8, i8, i8, i8, i8, i8, i8, i8, i8, i8, i8, i8, i8, i8, i8, i8, i8, i8, i8, i8, i8, i8, i8, i8, i8, i8 } %call_ret, 29" [firmware/nnet_utils/nnet_conv_stream.h:281]   --->   Operation 104 'extractvalue' 'kernel_data_V_2_13_ret' <Predicate = true> <Delay = 0.00>
ST_1 : Operation 105 [1/1] (0.00ns)   --->   "store i8 %kernel_data_V_2_13_ret, i8* @kernel_data_V_2_13, align 1" [firmware/nnet_utils/nnet_conv_stream.h:281]   --->   Operation 105 'store' <Predicate = true> <Delay = 0.00>
ST_1 : Operation 106 [1/1] (0.00ns)   --->   "%kernel_data_V_2_14_ret = extractvalue { i8, i8, i8, i8, i8, i8, i8, i8, i8, i8, i8, i8, i8, i8, i8, i8, i8, i8, i8, i8, i8, i8, i8, i8, i8, i8, i8, i8, i8, i8, i8, i8, i8, i8, i8, i8, i8, i8, i8, i8, i8, i8, i8, i8, i8, i8, i8, i8, i8, i8, i8, i8, i8, i8, i8, i8, i8, i8, i8, i8, i8, i8, i8, i8, i8, i8, i8, i8, i8, i8, i8, i8 } %call_ret, 30" [firmware/nnet_utils/nnet_conv_stream.h:281]   --->   Operation 106 'extractvalue' 'kernel_data_V_2_14_ret' <Predicate = true> <Delay = 0.00>
ST_1 : Operation 107 [1/1] (0.00ns)   --->   "store i8 %kernel_data_V_2_14_ret, i8* @kernel_data_V_2_14, align 1" [firmware/nnet_utils/nnet_conv_stream.h:281]   --->   Operation 107 'store' <Predicate = true> <Delay = 0.00>
ST_1 : Operation 108 [1/1] (0.00ns)   --->   "%kernel_data_V_2_15_ret = extractvalue { i8, i8, i8, i8, i8, i8, i8, i8, i8, i8, i8, i8, i8, i8, i8, i8, i8, i8, i8, i8, i8, i8, i8, i8, i8, i8, i8, i8, i8, i8, i8, i8, i8, i8, i8, i8, i8, i8, i8, i8, i8, i8, i8, i8, i8, i8, i8, i8, i8, i8, i8, i8, i8, i8, i8, i8, i8, i8, i8, i8, i8, i8, i8, i8, i8, i8, i8, i8, i8, i8, i8, i8 } %call_ret, 31" [firmware/nnet_utils/nnet_conv_stream.h:281]   --->   Operation 108 'extractvalue' 'kernel_data_V_2_15_ret' <Predicate = true> <Delay = 0.00>
ST_1 : Operation 109 [1/1] (0.00ns)   --->   "store i8 %kernel_data_V_2_15_ret, i8* @kernel_data_V_2_15, align 1" [firmware/nnet_utils/nnet_conv_stream.h:281]   --->   Operation 109 'store' <Predicate = true> <Delay = 0.00>
ST_1 : Operation 110 [1/1] (0.00ns)   --->   "%kernel_data_V_2_16_ret = extractvalue { i8, i8, i8, i8, i8, i8, i8, i8, i8, i8, i8, i8, i8, i8, i8, i8, i8, i8, i8, i8, i8, i8, i8, i8, i8, i8, i8, i8, i8, i8, i8, i8, i8, i8, i8, i8, i8, i8, i8, i8, i8, i8, i8, i8, i8, i8, i8, i8, i8, i8, i8, i8, i8, i8, i8, i8, i8, i8, i8, i8, i8, i8, i8, i8, i8, i8, i8, i8, i8, i8, i8, i8 } %call_ret, 32" [firmware/nnet_utils/nnet_conv_stream.h:281]   --->   Operation 110 'extractvalue' 'kernel_data_V_2_16_ret' <Predicate = true> <Delay = 0.00>
ST_1 : Operation 111 [1/1] (0.00ns)   --->   "store i8 %kernel_data_V_2_16_ret, i8* @kernel_data_V_2_16, align 1" [firmware/nnet_utils/nnet_conv_stream.h:281]   --->   Operation 111 'store' <Predicate = true> <Delay = 0.00>
ST_1 : Operation 112 [1/1] (0.00ns)   --->   "%kernel_data_V_2_17_ret = extractvalue { i8, i8, i8, i8, i8, i8, i8, i8, i8, i8, i8, i8, i8, i8, i8, i8, i8, i8, i8, i8, i8, i8, i8, i8, i8, i8, i8, i8, i8, i8, i8, i8, i8, i8, i8, i8, i8, i8, i8, i8, i8, i8, i8, i8, i8, i8, i8, i8, i8, i8, i8, i8, i8, i8, i8, i8, i8, i8, i8, i8, i8, i8, i8, i8, i8, i8, i8, i8, i8, i8, i8, i8 } %call_ret, 33" [firmware/nnet_utils/nnet_conv_stream.h:281]   --->   Operation 112 'extractvalue' 'kernel_data_V_2_17_ret' <Predicate = true> <Delay = 0.00>
ST_1 : Operation 113 [1/1] (0.00ns)   --->   "store i8 %kernel_data_V_2_17_ret, i8* @kernel_data_V_2_17, align 1" [firmware/nnet_utils/nnet_conv_stream.h:281]   --->   Operation 113 'store' <Predicate = true> <Delay = 0.00>
ST_1 : Operation 114 [1/1] (0.00ns)   --->   "%kernel_data_V_2_18_ret = extractvalue { i8, i8, i8, i8, i8, i8, i8, i8, i8, i8, i8, i8, i8, i8, i8, i8, i8, i8, i8, i8, i8, i8, i8, i8, i8, i8, i8, i8, i8, i8, i8, i8, i8, i8, i8, i8, i8, i8, i8, i8, i8, i8, i8, i8, i8, i8, i8, i8, i8, i8, i8, i8, i8, i8, i8, i8, i8, i8, i8, i8, i8, i8, i8, i8, i8, i8, i8, i8, i8, i8, i8, i8 } %call_ret, 34" [firmware/nnet_utils/nnet_conv_stream.h:281]   --->   Operation 114 'extractvalue' 'kernel_data_V_2_18_ret' <Predicate = true> <Delay = 0.00>
ST_1 : Operation 115 [1/1] (0.00ns)   --->   "store i8 %kernel_data_V_2_18_ret, i8* @kernel_data_V_2_18, align 1" [firmware/nnet_utils/nnet_conv_stream.h:281]   --->   Operation 115 'store' <Predicate = true> <Delay = 0.00>
ST_1 : Operation 116 [1/1] (0.00ns)   --->   "%kernel_data_V_2_19_ret = extractvalue { i8, i8, i8, i8, i8, i8, i8, i8, i8, i8, i8, i8, i8, i8, i8, i8, i8, i8, i8, i8, i8, i8, i8, i8, i8, i8, i8, i8, i8, i8, i8, i8, i8, i8, i8, i8, i8, i8, i8, i8, i8, i8, i8, i8, i8, i8, i8, i8, i8, i8, i8, i8, i8, i8, i8, i8, i8, i8, i8, i8, i8, i8, i8, i8, i8, i8, i8, i8, i8, i8, i8, i8 } %call_ret, 35" [firmware/nnet_utils/nnet_conv_stream.h:281]   --->   Operation 116 'extractvalue' 'kernel_data_V_2_19_ret' <Predicate = true> <Delay = 0.00>
ST_1 : Operation 117 [1/1] (0.00ns)   --->   "store i8 %kernel_data_V_2_19_ret, i8* @kernel_data_V_2_19, align 1" [firmware/nnet_utils/nnet_conv_stream.h:281]   --->   Operation 117 'store' <Predicate = true> <Delay = 0.00>
ST_1 : Operation 118 [1/1] (0.00ns)   --->   "%kernel_data_V_2_20_ret = extractvalue { i8, i8, i8, i8, i8, i8, i8, i8, i8, i8, i8, i8, i8, i8, i8, i8, i8, i8, i8, i8, i8, i8, i8, i8, i8, i8, i8, i8, i8, i8, i8, i8, i8, i8, i8, i8, i8, i8, i8, i8, i8, i8, i8, i8, i8, i8, i8, i8, i8, i8, i8, i8, i8, i8, i8, i8, i8, i8, i8, i8, i8, i8, i8, i8, i8, i8, i8, i8, i8, i8, i8, i8 } %call_ret, 36" [firmware/nnet_utils/nnet_conv_stream.h:281]   --->   Operation 118 'extractvalue' 'kernel_data_V_2_20_ret' <Predicate = true> <Delay = 0.00>
ST_1 : Operation 119 [1/1] (0.00ns)   --->   "store i8 %kernel_data_V_2_20_ret, i8* @kernel_data_V_2_20, align 1" [firmware/nnet_utils/nnet_conv_stream.h:281]   --->   Operation 119 'store' <Predicate = true> <Delay = 0.00>
ST_1 : Operation 120 [1/1] (0.00ns)   --->   "%kernel_data_V_2_21_ret = extractvalue { i8, i8, i8, i8, i8, i8, i8, i8, i8, i8, i8, i8, i8, i8, i8, i8, i8, i8, i8, i8, i8, i8, i8, i8, i8, i8, i8, i8, i8, i8, i8, i8, i8, i8, i8, i8, i8, i8, i8, i8, i8, i8, i8, i8, i8, i8, i8, i8, i8, i8, i8, i8, i8, i8, i8, i8, i8, i8, i8, i8, i8, i8, i8, i8, i8, i8, i8, i8, i8, i8, i8, i8 } %call_ret, 37" [firmware/nnet_utils/nnet_conv_stream.h:281]   --->   Operation 120 'extractvalue' 'kernel_data_V_2_21_ret' <Predicate = true> <Delay = 0.00>
ST_1 : Operation 121 [1/1] (0.00ns)   --->   "store i8 %kernel_data_V_2_21_ret, i8* @kernel_data_V_2_21, align 1" [firmware/nnet_utils/nnet_conv_stream.h:281]   --->   Operation 121 'store' <Predicate = true> <Delay = 0.00>
ST_1 : Operation 122 [1/1] (0.00ns)   --->   "%kernel_data_V_2_22_ret = extractvalue { i8, i8, i8, i8, i8, i8, i8, i8, i8, i8, i8, i8, i8, i8, i8, i8, i8, i8, i8, i8, i8, i8, i8, i8, i8, i8, i8, i8, i8, i8, i8, i8, i8, i8, i8, i8, i8, i8, i8, i8, i8, i8, i8, i8, i8, i8, i8, i8, i8, i8, i8, i8, i8, i8, i8, i8, i8, i8, i8, i8, i8, i8, i8, i8, i8, i8, i8, i8, i8, i8, i8, i8 } %call_ret, 38" [firmware/nnet_utils/nnet_conv_stream.h:281]   --->   Operation 122 'extractvalue' 'kernel_data_V_2_22_ret' <Predicate = true> <Delay = 0.00>
ST_1 : Operation 123 [1/1] (0.00ns)   --->   "store i8 %kernel_data_V_2_22_ret, i8* @kernel_data_V_2_22, align 1" [firmware/nnet_utils/nnet_conv_stream.h:281]   --->   Operation 123 'store' <Predicate = true> <Delay = 0.00>
ST_1 : Operation 124 [1/1] (0.00ns)   --->   "%kernel_data_V_2_23_ret = extractvalue { i8, i8, i8, i8, i8, i8, i8, i8, i8, i8, i8, i8, i8, i8, i8, i8, i8, i8, i8, i8, i8, i8, i8, i8, i8, i8, i8, i8, i8, i8, i8, i8, i8, i8, i8, i8, i8, i8, i8, i8, i8, i8, i8, i8, i8, i8, i8, i8, i8, i8, i8, i8, i8, i8, i8, i8, i8, i8, i8, i8, i8, i8, i8, i8, i8, i8, i8, i8, i8, i8, i8, i8 } %call_ret, 39" [firmware/nnet_utils/nnet_conv_stream.h:281]   --->   Operation 124 'extractvalue' 'kernel_data_V_2_23_ret' <Predicate = true> <Delay = 0.00>
ST_1 : Operation 125 [1/1] (0.00ns)   --->   "store i8 %kernel_data_V_2_23_ret, i8* @kernel_data_V_2_23, align 1" [firmware/nnet_utils/nnet_conv_stream.h:281]   --->   Operation 125 'store' <Predicate = true> <Delay = 0.00>
ST_1 : Operation 126 [1/1] (0.00ns)   --->   "%kernel_data_V_2_32_ret = extractvalue { i8, i8, i8, i8, i8, i8, i8, i8, i8, i8, i8, i8, i8, i8, i8, i8, i8, i8, i8, i8, i8, i8, i8, i8, i8, i8, i8, i8, i8, i8, i8, i8, i8, i8, i8, i8, i8, i8, i8, i8, i8, i8, i8, i8, i8, i8, i8, i8, i8, i8, i8, i8, i8, i8, i8, i8, i8, i8, i8, i8, i8, i8, i8, i8, i8, i8, i8, i8, i8, i8, i8, i8 } %call_ret, 40" [firmware/nnet_utils/nnet_conv_stream.h:281]   --->   Operation 126 'extractvalue' 'kernel_data_V_2_32_ret' <Predicate = true> <Delay = 0.00>
ST_1 : Operation 127 [1/1] (0.00ns)   --->   "store i8 %kernel_data_V_2_32_ret, i8* @kernel_data_V_2_32, align 1" [firmware/nnet_utils/nnet_conv_stream.h:281]   --->   Operation 127 'store' <Predicate = true> <Delay = 0.00>
ST_1 : Operation 128 [1/1] (0.00ns)   --->   "%kernel_data_V_2_33_ret = extractvalue { i8, i8, i8, i8, i8, i8, i8, i8, i8, i8, i8, i8, i8, i8, i8, i8, i8, i8, i8, i8, i8, i8, i8, i8, i8, i8, i8, i8, i8, i8, i8, i8, i8, i8, i8, i8, i8, i8, i8, i8, i8, i8, i8, i8, i8, i8, i8, i8, i8, i8, i8, i8, i8, i8, i8, i8, i8, i8, i8, i8, i8, i8, i8, i8, i8, i8, i8, i8, i8, i8, i8, i8 } %call_ret, 41" [firmware/nnet_utils/nnet_conv_stream.h:281]   --->   Operation 128 'extractvalue' 'kernel_data_V_2_33_ret' <Predicate = true> <Delay = 0.00>
ST_1 : Operation 129 [1/1] (0.00ns)   --->   "store i8 %kernel_data_V_2_33_ret, i8* @kernel_data_V_2_33, align 1" [firmware/nnet_utils/nnet_conv_stream.h:281]   --->   Operation 129 'store' <Predicate = true> <Delay = 0.00>
ST_1 : Operation 130 [1/1] (0.00ns)   --->   "%kernel_data_V_2_34_ret = extractvalue { i8, i8, i8, i8, i8, i8, i8, i8, i8, i8, i8, i8, i8, i8, i8, i8, i8, i8, i8, i8, i8, i8, i8, i8, i8, i8, i8, i8, i8, i8, i8, i8, i8, i8, i8, i8, i8, i8, i8, i8, i8, i8, i8, i8, i8, i8, i8, i8, i8, i8, i8, i8, i8, i8, i8, i8, i8, i8, i8, i8, i8, i8, i8, i8, i8, i8, i8, i8, i8, i8, i8, i8 } %call_ret, 42" [firmware/nnet_utils/nnet_conv_stream.h:281]   --->   Operation 130 'extractvalue' 'kernel_data_V_2_34_ret' <Predicate = true> <Delay = 0.00>
ST_1 : Operation 131 [1/1] (0.00ns)   --->   "store i8 %kernel_data_V_2_34_ret, i8* @kernel_data_V_2_34, align 1" [firmware/nnet_utils/nnet_conv_stream.h:281]   --->   Operation 131 'store' <Predicate = true> <Delay = 0.00>
ST_1 : Operation 132 [1/1] (0.00ns)   --->   "%kernel_data_V_2_35_ret = extractvalue { i8, i8, i8, i8, i8, i8, i8, i8, i8, i8, i8, i8, i8, i8, i8, i8, i8, i8, i8, i8, i8, i8, i8, i8, i8, i8, i8, i8, i8, i8, i8, i8, i8, i8, i8, i8, i8, i8, i8, i8, i8, i8, i8, i8, i8, i8, i8, i8, i8, i8, i8, i8, i8, i8, i8, i8, i8, i8, i8, i8, i8, i8, i8, i8, i8, i8, i8, i8, i8, i8, i8, i8 } %call_ret, 43" [firmware/nnet_utils/nnet_conv_stream.h:281]   --->   Operation 132 'extractvalue' 'kernel_data_V_2_35_ret' <Predicate = true> <Delay = 0.00>
ST_1 : Operation 133 [1/1] (0.00ns)   --->   "store i8 %kernel_data_V_2_35_ret, i8* @kernel_data_V_2_35, align 1" [firmware/nnet_utils/nnet_conv_stream.h:281]   --->   Operation 133 'store' <Predicate = true> <Delay = 0.00>
ST_1 : Operation 134 [1/1] (0.00ns)   --->   "%kernel_data_V_2_36_ret = extractvalue { i8, i8, i8, i8, i8, i8, i8, i8, i8, i8, i8, i8, i8, i8, i8, i8, i8, i8, i8, i8, i8, i8, i8, i8, i8, i8, i8, i8, i8, i8, i8, i8, i8, i8, i8, i8, i8, i8, i8, i8, i8, i8, i8, i8, i8, i8, i8, i8, i8, i8, i8, i8, i8, i8, i8, i8, i8, i8, i8, i8, i8, i8, i8, i8, i8, i8, i8, i8, i8, i8, i8, i8 } %call_ret, 44" [firmware/nnet_utils/nnet_conv_stream.h:281]   --->   Operation 134 'extractvalue' 'kernel_data_V_2_36_ret' <Predicate = true> <Delay = 0.00>
ST_1 : Operation 135 [1/1] (0.00ns)   --->   "store i8 %kernel_data_V_2_36_ret, i8* @kernel_data_V_2_36, align 1" [firmware/nnet_utils/nnet_conv_stream.h:281]   --->   Operation 135 'store' <Predicate = true> <Delay = 0.00>
ST_1 : Operation 136 [1/1] (0.00ns)   --->   "%kernel_data_V_2_37_ret = extractvalue { i8, i8, i8, i8, i8, i8, i8, i8, i8, i8, i8, i8, i8, i8, i8, i8, i8, i8, i8, i8, i8, i8, i8, i8, i8, i8, i8, i8, i8, i8, i8, i8, i8, i8, i8, i8, i8, i8, i8, i8, i8, i8, i8, i8, i8, i8, i8, i8, i8, i8, i8, i8, i8, i8, i8, i8, i8, i8, i8, i8, i8, i8, i8, i8, i8, i8, i8, i8, i8, i8, i8, i8 } %call_ret, 45" [firmware/nnet_utils/nnet_conv_stream.h:281]   --->   Operation 136 'extractvalue' 'kernel_data_V_2_37_ret' <Predicate = true> <Delay = 0.00>
ST_1 : Operation 137 [1/1] (0.00ns)   --->   "store i8 %kernel_data_V_2_37_ret, i8* @kernel_data_V_2_37, align 1" [firmware/nnet_utils/nnet_conv_stream.h:281]   --->   Operation 137 'store' <Predicate = true> <Delay = 0.00>
ST_1 : Operation 138 [1/1] (0.00ns)   --->   "%kernel_data_V_2_38_ret = extractvalue { i8, i8, i8, i8, i8, i8, i8, i8, i8, i8, i8, i8, i8, i8, i8, i8, i8, i8, i8, i8, i8, i8, i8, i8, i8, i8, i8, i8, i8, i8, i8, i8, i8, i8, i8, i8, i8, i8, i8, i8, i8, i8, i8, i8, i8, i8, i8, i8, i8, i8, i8, i8, i8, i8, i8, i8, i8, i8, i8, i8, i8, i8, i8, i8, i8, i8, i8, i8, i8, i8, i8, i8 } %call_ret, 46" [firmware/nnet_utils/nnet_conv_stream.h:281]   --->   Operation 138 'extractvalue' 'kernel_data_V_2_38_ret' <Predicate = true> <Delay = 0.00>
ST_1 : Operation 139 [1/1] (0.00ns)   --->   "store i8 %kernel_data_V_2_38_ret, i8* @kernel_data_V_2_38, align 1" [firmware/nnet_utils/nnet_conv_stream.h:281]   --->   Operation 139 'store' <Predicate = true> <Delay = 0.00>
ST_1 : Operation 140 [1/1] (0.00ns)   --->   "%kernel_data_V_2_39_ret = extractvalue { i8, i8, i8, i8, i8, i8, i8, i8, i8, i8, i8, i8, i8, i8, i8, i8, i8, i8, i8, i8, i8, i8, i8, i8, i8, i8, i8, i8, i8, i8, i8, i8, i8, i8, i8, i8, i8, i8, i8, i8, i8, i8, i8, i8, i8, i8, i8, i8, i8, i8, i8, i8, i8, i8, i8, i8, i8, i8, i8, i8, i8, i8, i8, i8, i8, i8, i8, i8, i8, i8, i8, i8 } %call_ret, 47" [firmware/nnet_utils/nnet_conv_stream.h:281]   --->   Operation 140 'extractvalue' 'kernel_data_V_2_39_ret' <Predicate = true> <Delay = 0.00>
ST_1 : Operation 141 [1/1] (0.00ns)   --->   "store i8 %kernel_data_V_2_39_ret, i8* @kernel_data_V_2_39, align 1" [firmware/nnet_utils/nnet_conv_stream.h:281]   --->   Operation 141 'store' <Predicate = true> <Delay = 0.00>
ST_1 : Operation 142 [1/1] (0.00ns)   --->   "%kernel_data_V_2_40_ret = extractvalue { i8, i8, i8, i8, i8, i8, i8, i8, i8, i8, i8, i8, i8, i8, i8, i8, i8, i8, i8, i8, i8, i8, i8, i8, i8, i8, i8, i8, i8, i8, i8, i8, i8, i8, i8, i8, i8, i8, i8, i8, i8, i8, i8, i8, i8, i8, i8, i8, i8, i8, i8, i8, i8, i8, i8, i8, i8, i8, i8, i8, i8, i8, i8, i8, i8, i8, i8, i8, i8, i8, i8, i8 } %call_ret, 48" [firmware/nnet_utils/nnet_conv_stream.h:281]   --->   Operation 142 'extractvalue' 'kernel_data_V_2_40_ret' <Predicate = true> <Delay = 0.00>
ST_1 : Operation 143 [1/1] (0.00ns)   --->   "store i8 %kernel_data_V_2_40_ret, i8* @kernel_data_V_2_40, align 1" [firmware/nnet_utils/nnet_conv_stream.h:281]   --->   Operation 143 'store' <Predicate = true> <Delay = 0.00>
ST_1 : Operation 144 [1/1] (0.00ns)   --->   "%kernel_data_V_2_41_ret = extractvalue { i8, i8, i8, i8, i8, i8, i8, i8, i8, i8, i8, i8, i8, i8, i8, i8, i8, i8, i8, i8, i8, i8, i8, i8, i8, i8, i8, i8, i8, i8, i8, i8, i8, i8, i8, i8, i8, i8, i8, i8, i8, i8, i8, i8, i8, i8, i8, i8, i8, i8, i8, i8, i8, i8, i8, i8, i8, i8, i8, i8, i8, i8, i8, i8, i8, i8, i8, i8, i8, i8, i8, i8 } %call_ret, 49" [firmware/nnet_utils/nnet_conv_stream.h:281]   --->   Operation 144 'extractvalue' 'kernel_data_V_2_41_ret' <Predicate = true> <Delay = 0.00>
ST_1 : Operation 145 [1/1] (0.00ns)   --->   "store i8 %kernel_data_V_2_41_ret, i8* @kernel_data_V_2_41, align 1" [firmware/nnet_utils/nnet_conv_stream.h:281]   --->   Operation 145 'store' <Predicate = true> <Delay = 0.00>
ST_1 : Operation 146 [1/1] (0.00ns)   --->   "%kernel_data_V_2_42_ret = extractvalue { i8, i8, i8, i8, i8, i8, i8, i8, i8, i8, i8, i8, i8, i8, i8, i8, i8, i8, i8, i8, i8, i8, i8, i8, i8, i8, i8, i8, i8, i8, i8, i8, i8, i8, i8, i8, i8, i8, i8, i8, i8, i8, i8, i8, i8, i8, i8, i8, i8, i8, i8, i8, i8, i8, i8, i8, i8, i8, i8, i8, i8, i8, i8, i8, i8, i8, i8, i8, i8, i8, i8, i8 } %call_ret, 50" [firmware/nnet_utils/nnet_conv_stream.h:281]   --->   Operation 146 'extractvalue' 'kernel_data_V_2_42_ret' <Predicate = true> <Delay = 0.00>
ST_1 : Operation 147 [1/1] (0.00ns)   --->   "store i8 %kernel_data_V_2_42_ret, i8* @kernel_data_V_2_42, align 1" [firmware/nnet_utils/nnet_conv_stream.h:281]   --->   Operation 147 'store' <Predicate = true> <Delay = 0.00>
ST_1 : Operation 148 [1/1] (0.00ns)   --->   "%kernel_data_V_2_43_ret = extractvalue { i8, i8, i8, i8, i8, i8, i8, i8, i8, i8, i8, i8, i8, i8, i8, i8, i8, i8, i8, i8, i8, i8, i8, i8, i8, i8, i8, i8, i8, i8, i8, i8, i8, i8, i8, i8, i8, i8, i8, i8, i8, i8, i8, i8, i8, i8, i8, i8, i8, i8, i8, i8, i8, i8, i8, i8, i8, i8, i8, i8, i8, i8, i8, i8, i8, i8, i8, i8, i8, i8, i8, i8 } %call_ret, 51" [firmware/nnet_utils/nnet_conv_stream.h:281]   --->   Operation 148 'extractvalue' 'kernel_data_V_2_43_ret' <Predicate = true> <Delay = 0.00>
ST_1 : Operation 149 [1/1] (0.00ns)   --->   "store i8 %kernel_data_V_2_43_ret, i8* @kernel_data_V_2_43, align 1" [firmware/nnet_utils/nnet_conv_stream.h:281]   --->   Operation 149 'store' <Predicate = true> <Delay = 0.00>
ST_1 : Operation 150 [1/1] (0.00ns)   --->   "%kernel_data_V_2_44_ret = extractvalue { i8, i8, i8, i8, i8, i8, i8, i8, i8, i8, i8, i8, i8, i8, i8, i8, i8, i8, i8, i8, i8, i8, i8, i8, i8, i8, i8, i8, i8, i8, i8, i8, i8, i8, i8, i8, i8, i8, i8, i8, i8, i8, i8, i8, i8, i8, i8, i8, i8, i8, i8, i8, i8, i8, i8, i8, i8, i8, i8, i8, i8, i8, i8, i8, i8, i8, i8, i8, i8, i8, i8, i8 } %call_ret, 52" [firmware/nnet_utils/nnet_conv_stream.h:281]   --->   Operation 150 'extractvalue' 'kernel_data_V_2_44_ret' <Predicate = true> <Delay = 0.00>
ST_1 : Operation 151 [1/1] (0.00ns)   --->   "store i8 %kernel_data_V_2_44_ret, i8* @kernel_data_V_2_44, align 1" [firmware/nnet_utils/nnet_conv_stream.h:281]   --->   Operation 151 'store' <Predicate = true> <Delay = 0.00>
ST_1 : Operation 152 [1/1] (0.00ns)   --->   "%kernel_data_V_2_45_ret = extractvalue { i8, i8, i8, i8, i8, i8, i8, i8, i8, i8, i8, i8, i8, i8, i8, i8, i8, i8, i8, i8, i8, i8, i8, i8, i8, i8, i8, i8, i8, i8, i8, i8, i8, i8, i8, i8, i8, i8, i8, i8, i8, i8, i8, i8, i8, i8, i8, i8, i8, i8, i8, i8, i8, i8, i8, i8, i8, i8, i8, i8, i8, i8, i8, i8, i8, i8, i8, i8, i8, i8, i8, i8 } %call_ret, 53" [firmware/nnet_utils/nnet_conv_stream.h:281]   --->   Operation 152 'extractvalue' 'kernel_data_V_2_45_ret' <Predicate = true> <Delay = 0.00>
ST_1 : Operation 153 [1/1] (0.00ns)   --->   "store i8 %kernel_data_V_2_45_ret, i8* @kernel_data_V_2_45, align 1" [firmware/nnet_utils/nnet_conv_stream.h:281]   --->   Operation 153 'store' <Predicate = true> <Delay = 0.00>
ST_1 : Operation 154 [1/1] (0.00ns)   --->   "%kernel_data_V_2_46_ret = extractvalue { i8, i8, i8, i8, i8, i8, i8, i8, i8, i8, i8, i8, i8, i8, i8, i8, i8, i8, i8, i8, i8, i8, i8, i8, i8, i8, i8, i8, i8, i8, i8, i8, i8, i8, i8, i8, i8, i8, i8, i8, i8, i8, i8, i8, i8, i8, i8, i8, i8, i8, i8, i8, i8, i8, i8, i8, i8, i8, i8, i8, i8, i8, i8, i8, i8, i8, i8, i8, i8, i8, i8, i8 } %call_ret, 54" [firmware/nnet_utils/nnet_conv_stream.h:281]   --->   Operation 154 'extractvalue' 'kernel_data_V_2_46_ret' <Predicate = true> <Delay = 0.00>
ST_1 : Operation 155 [1/1] (0.00ns)   --->   "store i8 %kernel_data_V_2_46_ret, i8* @kernel_data_V_2_46, align 1" [firmware/nnet_utils/nnet_conv_stream.h:281]   --->   Operation 155 'store' <Predicate = true> <Delay = 0.00>
ST_1 : Operation 156 [1/1] (0.00ns)   --->   "%kernel_data_V_2_47_ret = extractvalue { i8, i8, i8, i8, i8, i8, i8, i8, i8, i8, i8, i8, i8, i8, i8, i8, i8, i8, i8, i8, i8, i8, i8, i8, i8, i8, i8, i8, i8, i8, i8, i8, i8, i8, i8, i8, i8, i8, i8, i8, i8, i8, i8, i8, i8, i8, i8, i8, i8, i8, i8, i8, i8, i8, i8, i8, i8, i8, i8, i8, i8, i8, i8, i8, i8, i8, i8, i8, i8, i8, i8, i8 } %call_ret, 55" [firmware/nnet_utils/nnet_conv_stream.h:281]   --->   Operation 156 'extractvalue' 'kernel_data_V_2_47_ret' <Predicate = true> <Delay = 0.00>
ST_1 : Operation 157 [1/1] (0.00ns)   --->   "store i8 %kernel_data_V_2_47_ret, i8* @kernel_data_V_2_47, align 1" [firmware/nnet_utils/nnet_conv_stream.h:281]   --->   Operation 157 'store' <Predicate = true> <Delay = 0.00>
ST_1 : Operation 158 [1/1] (0.00ns)   --->   "%kernel_data_V_2_56_ret = extractvalue { i8, i8, i8, i8, i8, i8, i8, i8, i8, i8, i8, i8, i8, i8, i8, i8, i8, i8, i8, i8, i8, i8, i8, i8, i8, i8, i8, i8, i8, i8, i8, i8, i8, i8, i8, i8, i8, i8, i8, i8, i8, i8, i8, i8, i8, i8, i8, i8, i8, i8, i8, i8, i8, i8, i8, i8, i8, i8, i8, i8, i8, i8, i8, i8, i8, i8, i8, i8, i8, i8, i8, i8 } %call_ret, 56" [firmware/nnet_utils/nnet_conv_stream.h:281]   --->   Operation 158 'extractvalue' 'kernel_data_V_2_56_ret' <Predicate = true> <Delay = 0.00>
ST_1 : Operation 159 [1/1] (0.00ns)   --->   "store i8 %kernel_data_V_2_56_ret, i8* @kernel_data_V_2_56, align 1" [firmware/nnet_utils/nnet_conv_stream.h:281]   --->   Operation 159 'store' <Predicate = true> <Delay = 0.00>
ST_1 : Operation 160 [1/1] (0.00ns)   --->   "%kernel_data_V_2_57_ret = extractvalue { i8, i8, i8, i8, i8, i8, i8, i8, i8, i8, i8, i8, i8, i8, i8, i8, i8, i8, i8, i8, i8, i8, i8, i8, i8, i8, i8, i8, i8, i8, i8, i8, i8, i8, i8, i8, i8, i8, i8, i8, i8, i8, i8, i8, i8, i8, i8, i8, i8, i8, i8, i8, i8, i8, i8, i8, i8, i8, i8, i8, i8, i8, i8, i8, i8, i8, i8, i8, i8, i8, i8, i8 } %call_ret, 57" [firmware/nnet_utils/nnet_conv_stream.h:281]   --->   Operation 160 'extractvalue' 'kernel_data_V_2_57_ret' <Predicate = true> <Delay = 0.00>
ST_1 : Operation 161 [1/1] (0.00ns)   --->   "store i8 %kernel_data_V_2_57_ret, i8* @kernel_data_V_2_57, align 1" [firmware/nnet_utils/nnet_conv_stream.h:281]   --->   Operation 161 'store' <Predicate = true> <Delay = 0.00>
ST_1 : Operation 162 [1/1] (0.00ns)   --->   "%kernel_data_V_2_58_ret = extractvalue { i8, i8, i8, i8, i8, i8, i8, i8, i8, i8, i8, i8, i8, i8, i8, i8, i8, i8, i8, i8, i8, i8, i8, i8, i8, i8, i8, i8, i8, i8, i8, i8, i8, i8, i8, i8, i8, i8, i8, i8, i8, i8, i8, i8, i8, i8, i8, i8, i8, i8, i8, i8, i8, i8, i8, i8, i8, i8, i8, i8, i8, i8, i8, i8, i8, i8, i8, i8, i8, i8, i8, i8 } %call_ret, 58" [firmware/nnet_utils/nnet_conv_stream.h:281]   --->   Operation 162 'extractvalue' 'kernel_data_V_2_58_ret' <Predicate = true> <Delay = 0.00>
ST_1 : Operation 163 [1/1] (0.00ns)   --->   "store i8 %kernel_data_V_2_58_ret, i8* @kernel_data_V_2_58, align 1" [firmware/nnet_utils/nnet_conv_stream.h:281]   --->   Operation 163 'store' <Predicate = true> <Delay = 0.00>
ST_1 : Operation 164 [1/1] (0.00ns)   --->   "%kernel_data_V_2_59_ret = extractvalue { i8, i8, i8, i8, i8, i8, i8, i8, i8, i8, i8, i8, i8, i8, i8, i8, i8, i8, i8, i8, i8, i8, i8, i8, i8, i8, i8, i8, i8, i8, i8, i8, i8, i8, i8, i8, i8, i8, i8, i8, i8, i8, i8, i8, i8, i8, i8, i8, i8, i8, i8, i8, i8, i8, i8, i8, i8, i8, i8, i8, i8, i8, i8, i8, i8, i8, i8, i8, i8, i8, i8, i8 } %call_ret, 59" [firmware/nnet_utils/nnet_conv_stream.h:281]   --->   Operation 164 'extractvalue' 'kernel_data_V_2_59_ret' <Predicate = true> <Delay = 0.00>
ST_1 : Operation 165 [1/1] (0.00ns)   --->   "store i8 %kernel_data_V_2_59_ret, i8* @kernel_data_V_2_59, align 1" [firmware/nnet_utils/nnet_conv_stream.h:281]   --->   Operation 165 'store' <Predicate = true> <Delay = 0.00>
ST_1 : Operation 166 [1/1] (0.00ns)   --->   "%kernel_data_V_2_60_ret = extractvalue { i8, i8, i8, i8, i8, i8, i8, i8, i8, i8, i8, i8, i8, i8, i8, i8, i8, i8, i8, i8, i8, i8, i8, i8, i8, i8, i8, i8, i8, i8, i8, i8, i8, i8, i8, i8, i8, i8, i8, i8, i8, i8, i8, i8, i8, i8, i8, i8, i8, i8, i8, i8, i8, i8, i8, i8, i8, i8, i8, i8, i8, i8, i8, i8, i8, i8, i8, i8, i8, i8, i8, i8 } %call_ret, 60" [firmware/nnet_utils/nnet_conv_stream.h:281]   --->   Operation 166 'extractvalue' 'kernel_data_V_2_60_ret' <Predicate = true> <Delay = 0.00>
ST_1 : Operation 167 [1/1] (0.00ns)   --->   "store i8 %kernel_data_V_2_60_ret, i8* @kernel_data_V_2_60, align 1" [firmware/nnet_utils/nnet_conv_stream.h:281]   --->   Operation 167 'store' <Predicate = true> <Delay = 0.00>
ST_1 : Operation 168 [1/1] (0.00ns)   --->   "%kernel_data_V_2_61_ret = extractvalue { i8, i8, i8, i8, i8, i8, i8, i8, i8, i8, i8, i8, i8, i8, i8, i8, i8, i8, i8, i8, i8, i8, i8, i8, i8, i8, i8, i8, i8, i8, i8, i8, i8, i8, i8, i8, i8, i8, i8, i8, i8, i8, i8, i8, i8, i8, i8, i8, i8, i8, i8, i8, i8, i8, i8, i8, i8, i8, i8, i8, i8, i8, i8, i8, i8, i8, i8, i8, i8, i8, i8, i8 } %call_ret, 61" [firmware/nnet_utils/nnet_conv_stream.h:281]   --->   Operation 168 'extractvalue' 'kernel_data_V_2_61_ret' <Predicate = true> <Delay = 0.00>
ST_1 : Operation 169 [1/1] (0.00ns)   --->   "store i8 %kernel_data_V_2_61_ret, i8* @kernel_data_V_2_61, align 1" [firmware/nnet_utils/nnet_conv_stream.h:281]   --->   Operation 169 'store' <Predicate = true> <Delay = 0.00>
ST_1 : Operation 170 [1/1] (0.00ns)   --->   "%kernel_data_V_2_62_ret = extractvalue { i8, i8, i8, i8, i8, i8, i8, i8, i8, i8, i8, i8, i8, i8, i8, i8, i8, i8, i8, i8, i8, i8, i8, i8, i8, i8, i8, i8, i8, i8, i8, i8, i8, i8, i8, i8, i8, i8, i8, i8, i8, i8, i8, i8, i8, i8, i8, i8, i8, i8, i8, i8, i8, i8, i8, i8, i8, i8, i8, i8, i8, i8, i8, i8, i8, i8, i8, i8, i8, i8, i8, i8 } %call_ret, 62" [firmware/nnet_utils/nnet_conv_stream.h:281]   --->   Operation 170 'extractvalue' 'kernel_data_V_2_62_ret' <Predicate = true> <Delay = 0.00>
ST_1 : Operation 171 [1/1] (0.00ns)   --->   "store i8 %kernel_data_V_2_62_ret, i8* @kernel_data_V_2_62, align 1" [firmware/nnet_utils/nnet_conv_stream.h:281]   --->   Operation 171 'store' <Predicate = true> <Delay = 0.00>
ST_1 : Operation 172 [1/1] (0.00ns)   --->   "%kernel_data_V_2_63_ret = extractvalue { i8, i8, i8, i8, i8, i8, i8, i8, i8, i8, i8, i8, i8, i8, i8, i8, i8, i8, i8, i8, i8, i8, i8, i8, i8, i8, i8, i8, i8, i8, i8, i8, i8, i8, i8, i8, i8, i8, i8, i8, i8, i8, i8, i8, i8, i8, i8, i8, i8, i8, i8, i8, i8, i8, i8, i8, i8, i8, i8, i8, i8, i8, i8, i8, i8, i8, i8, i8, i8, i8, i8, i8 } %call_ret, 63" [firmware/nnet_utils/nnet_conv_stream.h:281]   --->   Operation 172 'extractvalue' 'kernel_data_V_2_63_ret' <Predicate = true> <Delay = 0.00>
ST_1 : Operation 173 [1/1] (0.00ns)   --->   "store i8 %kernel_data_V_2_63_ret, i8* @kernel_data_V_2_63, align 1" [firmware/nnet_utils/nnet_conv_stream.h:281]   --->   Operation 173 'store' <Predicate = true> <Delay = 0.00>
ST_1 : Operation 174 [1/1] (0.00ns)   --->   "%kernel_data_V_2_64_ret = extractvalue { i8, i8, i8, i8, i8, i8, i8, i8, i8, i8, i8, i8, i8, i8, i8, i8, i8, i8, i8, i8, i8, i8, i8, i8, i8, i8, i8, i8, i8, i8, i8, i8, i8, i8, i8, i8, i8, i8, i8, i8, i8, i8, i8, i8, i8, i8, i8, i8, i8, i8, i8, i8, i8, i8, i8, i8, i8, i8, i8, i8, i8, i8, i8, i8, i8, i8, i8, i8, i8, i8, i8, i8 } %call_ret, 64" [firmware/nnet_utils/nnet_conv_stream.h:281]   --->   Operation 174 'extractvalue' 'kernel_data_V_2_64_ret' <Predicate = true> <Delay = 0.00>
ST_1 : Operation 175 [1/1] (0.00ns)   --->   "store i8 %kernel_data_V_2_64_ret, i8* @kernel_data_V_2_64, align 1" [firmware/nnet_utils/nnet_conv_stream.h:281]   --->   Operation 175 'store' <Predicate = true> <Delay = 0.00>
ST_1 : Operation 176 [1/1] (0.00ns)   --->   "%kernel_data_V_2_65_ret = extractvalue { i8, i8, i8, i8, i8, i8, i8, i8, i8, i8, i8, i8, i8, i8, i8, i8, i8, i8, i8, i8, i8, i8, i8, i8, i8, i8, i8, i8, i8, i8, i8, i8, i8, i8, i8, i8, i8, i8, i8, i8, i8, i8, i8, i8, i8, i8, i8, i8, i8, i8, i8, i8, i8, i8, i8, i8, i8, i8, i8, i8, i8, i8, i8, i8, i8, i8, i8, i8, i8, i8, i8, i8 } %call_ret, 65" [firmware/nnet_utils/nnet_conv_stream.h:281]   --->   Operation 176 'extractvalue' 'kernel_data_V_2_65_ret' <Predicate = true> <Delay = 0.00>
ST_1 : Operation 177 [1/1] (0.00ns)   --->   "store i8 %kernel_data_V_2_65_ret, i8* @kernel_data_V_2_65, align 1" [firmware/nnet_utils/nnet_conv_stream.h:281]   --->   Operation 177 'store' <Predicate = true> <Delay = 0.00>
ST_1 : Operation 178 [1/1] (0.00ns)   --->   "%kernel_data_V_2_66_ret = extractvalue { i8, i8, i8, i8, i8, i8, i8, i8, i8, i8, i8, i8, i8, i8, i8, i8, i8, i8, i8, i8, i8, i8, i8, i8, i8, i8, i8, i8, i8, i8, i8, i8, i8, i8, i8, i8, i8, i8, i8, i8, i8, i8, i8, i8, i8, i8, i8, i8, i8, i8, i8, i8, i8, i8, i8, i8, i8, i8, i8, i8, i8, i8, i8, i8, i8, i8, i8, i8, i8, i8, i8, i8 } %call_ret, 66" [firmware/nnet_utils/nnet_conv_stream.h:281]   --->   Operation 178 'extractvalue' 'kernel_data_V_2_66_ret' <Predicate = true> <Delay = 0.00>
ST_1 : Operation 179 [1/1] (0.00ns)   --->   "store i8 %kernel_data_V_2_66_ret, i8* @kernel_data_V_2_66, align 1" [firmware/nnet_utils/nnet_conv_stream.h:281]   --->   Operation 179 'store' <Predicate = true> <Delay = 0.00>
ST_1 : Operation 180 [1/1] (0.00ns)   --->   "%kernel_data_V_2_67_ret = extractvalue { i8, i8, i8, i8, i8, i8, i8, i8, i8, i8, i8, i8, i8, i8, i8, i8, i8, i8, i8, i8, i8, i8, i8, i8, i8, i8, i8, i8, i8, i8, i8, i8, i8, i8, i8, i8, i8, i8, i8, i8, i8, i8, i8, i8, i8, i8, i8, i8, i8, i8, i8, i8, i8, i8, i8, i8, i8, i8, i8, i8, i8, i8, i8, i8, i8, i8, i8, i8, i8, i8, i8, i8 } %call_ret, 67" [firmware/nnet_utils/nnet_conv_stream.h:281]   --->   Operation 180 'extractvalue' 'kernel_data_V_2_67_ret' <Predicate = true> <Delay = 0.00>
ST_1 : Operation 181 [1/1] (0.00ns)   --->   "store i8 %kernel_data_V_2_67_ret, i8* @kernel_data_V_2_67, align 1" [firmware/nnet_utils/nnet_conv_stream.h:281]   --->   Operation 181 'store' <Predicate = true> <Delay = 0.00>
ST_1 : Operation 182 [1/1] (0.00ns)   --->   "%kernel_data_V_2_68_ret = extractvalue { i8, i8, i8, i8, i8, i8, i8, i8, i8, i8, i8, i8, i8, i8, i8, i8, i8, i8, i8, i8, i8, i8, i8, i8, i8, i8, i8, i8, i8, i8, i8, i8, i8, i8, i8, i8, i8, i8, i8, i8, i8, i8, i8, i8, i8, i8, i8, i8, i8, i8, i8, i8, i8, i8, i8, i8, i8, i8, i8, i8, i8, i8, i8, i8, i8, i8, i8, i8, i8, i8, i8, i8 } %call_ret, 68" [firmware/nnet_utils/nnet_conv_stream.h:281]   --->   Operation 182 'extractvalue' 'kernel_data_V_2_68_ret' <Predicate = true> <Delay = 0.00>
ST_1 : Operation 183 [1/1] (0.00ns)   --->   "store i8 %kernel_data_V_2_68_ret, i8* @kernel_data_V_2_68, align 1" [firmware/nnet_utils/nnet_conv_stream.h:281]   --->   Operation 183 'store' <Predicate = true> <Delay = 0.00>
ST_1 : Operation 184 [1/1] (0.00ns)   --->   "%kernel_data_V_2_69_ret = extractvalue { i8, i8, i8, i8, i8, i8, i8, i8, i8, i8, i8, i8, i8, i8, i8, i8, i8, i8, i8, i8, i8, i8, i8, i8, i8, i8, i8, i8, i8, i8, i8, i8, i8, i8, i8, i8, i8, i8, i8, i8, i8, i8, i8, i8, i8, i8, i8, i8, i8, i8, i8, i8, i8, i8, i8, i8, i8, i8, i8, i8, i8, i8, i8, i8, i8, i8, i8, i8, i8, i8, i8, i8 } %call_ret, 69" [firmware/nnet_utils/nnet_conv_stream.h:281]   --->   Operation 184 'extractvalue' 'kernel_data_V_2_69_ret' <Predicate = true> <Delay = 0.00>
ST_1 : Operation 185 [1/1] (0.00ns)   --->   "store i8 %kernel_data_V_2_69_ret, i8* @kernel_data_V_2_69, align 1" [firmware/nnet_utils/nnet_conv_stream.h:281]   --->   Operation 185 'store' <Predicate = true> <Delay = 0.00>
ST_1 : Operation 186 [1/1] (0.00ns)   --->   "%kernel_data_V_2_70_ret = extractvalue { i8, i8, i8, i8, i8, i8, i8, i8, i8, i8, i8, i8, i8, i8, i8, i8, i8, i8, i8, i8, i8, i8, i8, i8, i8, i8, i8, i8, i8, i8, i8, i8, i8, i8, i8, i8, i8, i8, i8, i8, i8, i8, i8, i8, i8, i8, i8, i8, i8, i8, i8, i8, i8, i8, i8, i8, i8, i8, i8, i8, i8, i8, i8, i8, i8, i8, i8, i8, i8, i8, i8, i8 } %call_ret, 70" [firmware/nnet_utils/nnet_conv_stream.h:281]   --->   Operation 186 'extractvalue' 'kernel_data_V_2_70_ret' <Predicate = true> <Delay = 0.00>
ST_1 : Operation 187 [1/1] (0.00ns)   --->   "store i8 %kernel_data_V_2_70_ret, i8* @kernel_data_V_2_70, align 1" [firmware/nnet_utils/nnet_conv_stream.h:281]   --->   Operation 187 'store' <Predicate = true> <Delay = 0.00>
ST_1 : Operation 188 [1/1] (0.00ns)   --->   "%kernel_data_V_2_71_ret = extractvalue { i8, i8, i8, i8, i8, i8, i8, i8, i8, i8, i8, i8, i8, i8, i8, i8, i8, i8, i8, i8, i8, i8, i8, i8, i8, i8, i8, i8, i8, i8, i8, i8, i8, i8, i8, i8, i8, i8, i8, i8, i8, i8, i8, i8, i8, i8, i8, i8, i8, i8, i8, i8, i8, i8, i8, i8, i8, i8, i8, i8, i8, i8, i8, i8, i8, i8, i8, i8, i8, i8, i8, i8 } %call_ret, 71" [firmware/nnet_utils/nnet_conv_stream.h:281]   --->   Operation 188 'extractvalue' 'kernel_data_V_2_71_ret' <Predicate = true> <Delay = 0.00>
ST_1 : Operation 189 [1/1] (0.00ns)   --->   "store i8 %kernel_data_V_2_71_ret, i8* @kernel_data_V_2_71, align 1" [firmware/nnet_utils/nnet_conv_stream.h:281]   --->   Operation 189 'store' <Predicate = true> <Delay = 0.00>
ST_1 : Operation 190 [1/1] (0.00ns)   --->   "%sX_3_load = load i32* @sX_3, align 4" [firmware/nnet_utils/nnet_conv_stream.h:284]   --->   Operation 190 'load' 'sX_3_load' <Predicate = true> <Delay = 0.00>
ST_1 : Operation 191 [1/1] (1.26ns)   --->   "%icmp_ln284 = icmp eq i32 %sX_3_load, 2" [firmware/nnet_utils/nnet_conv_stream.h:284]   --->   Operation 191 'icmp' 'icmp_ln284' <Predicate = true> <Delay = 1.26> <Core = "Cmp">   --->   Core 25 'Cmp' <Latency = 0> <II = 1> <Delay = 1.26> <FuncUnit> <Opcode : 'icmp'> <InPorts = 2> <OutPorts = 1>
ST_1 : Operation 192 [1/1] (0.00ns)   --->   "%sY_3_load = load i32* @sY_3, align 4" [firmware/nnet_utils/nnet_conv_stream.h:284]   --->   Operation 192 'load' 'sY_3_load' <Predicate = true> <Delay = 0.00>
ST_1 : Operation 193 [1/1] (1.26ns)   --->   "%icmp_ln284_1 = icmp eq i32 %sY_3_load, 2" [firmware/nnet_utils/nnet_conv_stream.h:284]   --->   Operation 193 'icmp' 'icmp_ln284_1' <Predicate = true> <Delay = 1.26> <Core = "Cmp">   --->   Core 25 'Cmp' <Latency = 0> <II = 1> <Delay = 1.26> <FuncUnit> <Opcode : 'icmp'> <InPorts = 2> <OutPorts = 1>
ST_1 : Operation 194 [1/1] (0.00ns)   --->   "%pY_3_load = load i32* @pY_3, align 4" [firmware/nnet_utils/nnet_conv_stream.h:284]   --->   Operation 194 'load' 'pY_3_load' <Predicate = true> <Delay = 0.00>
ST_1 : Operation 195 [1/1] (0.00ns)   --->   "%tmp = call i31 @_ssdm_op_PartSelect.i31.i32.i32.i32(i32 %pY_3_load, i32 1, i32 31)" [firmware/nnet_utils/nnet_conv_stream.h:284]   --->   Operation 195 'partselect' 'tmp' <Predicate = true> <Delay = 0.00>
ST_1 : Operation 196 [1/1] (1.25ns)   --->   "%icmp_ln284_7 = icmp sgt i31 %tmp, 0" [firmware/nnet_utils/nnet_conv_stream.h:284]   --->   Operation 196 'icmp' 'icmp_ln284_7' <Predicate = true> <Delay = 1.25> <Core = "Cmp">   --->   Core 25 'Cmp' <Latency = 0> <II = 1> <Delay = 1.26> <FuncUnit> <Opcode : 'icmp'> <InPorts = 2> <OutPorts = 1>
ST_1 : Operation 197 [1/1] (0.00ns)   --->   "%pX_3_load = load i32* @pX_3, align 4" [firmware/nnet_utils/nnet_conv_stream.h:284]   --->   Operation 197 'load' 'pX_3_load' <Predicate = true> <Delay = 0.00>
ST_1 : Operation 198 [1/1] (0.00ns)   --->   "%tmp_4 = call i31 @_ssdm_op_PartSelect.i31.i32.i32.i32(i32 %pX_3_load, i32 1, i32 31)" [firmware/nnet_utils/nnet_conv_stream.h:284]   --->   Operation 198 'partselect' 'tmp_4' <Predicate = true> <Delay = 0.00>
ST_1 : Operation 199 [1/1] (1.25ns)   --->   "%icmp_ln284_8 = icmp sgt i31 %tmp_4, 0" [firmware/nnet_utils/nnet_conv_stream.h:284]   --->   Operation 199 'icmp' 'icmp_ln284_8' <Predicate = true> <Delay = 1.25> <Core = "Cmp">   --->   Core 25 'Cmp' <Latency = 0> <II = 1> <Delay = 1.26> <FuncUnit> <Opcode : 'icmp'> <InPorts = 2> <OutPorts = 1>
ST_1 : Operation 200 [1/1] (0.00ns) (grouped into LUT with out node and_ln284_2)   --->   "%and_ln284 = and i1 %icmp_ln284, %icmp_ln284_1" [firmware/nnet_utils/nnet_conv_stream.h:284]   --->   Operation 200 'and' 'and_ln284' <Predicate = true> <Delay = 0.00> <Core = "LogicGate">   --->   Core 27 'LogicGate' <Latency = 0> <II = 1> <Delay = 0.48> <FuncUnit> <Opcode : 'and' 'or' 'xor'> <InPorts = 2> <OutPorts = 1>
ST_1 : Operation 201 [1/1] (0.00ns) (grouped into LUT with out node and_ln284_2)   --->   "%and_ln284_1 = and i1 %icmp_ln284_7, %icmp_ln284_8" [firmware/nnet_utils/nnet_conv_stream.h:284]   --->   Operation 201 'and' 'and_ln284_1' <Predicate = true> <Delay = 0.00> <Core = "LogicGate">   --->   Core 27 'LogicGate' <Latency = 0> <II = 1> <Delay = 0.48> <FuncUnit> <Opcode : 'and' 'or' 'xor'> <InPorts = 2> <OutPorts = 1>
ST_1 : Operation 202 [1/1] (0.48ns) (out node of the LUT)   --->   "%and_ln284_2 = and i1 %and_ln284_1, %and_ln284" [firmware/nnet_utils/nnet_conv_stream.h:284]   --->   Operation 202 'and' 'and_ln284_2' <Predicate = true> <Delay = 0.48> <Core = "LogicGate">   --->   Core 27 'LogicGate' <Latency = 0> <II = 1> <Delay = 0.48> <FuncUnit> <Opcode : 'and' 'or' 'xor'> <InPorts = 2> <OutPorts = 1>
ST_1 : Operation 203 [1/1] (0.00ns)   --->   "br i1 %and_ln284_2, label %0, label %._crit_edge22" [firmware/nnet_utils/nnet_conv_stream.h:284]   --->   Operation 203 'br' <Predicate = true> <Delay = 0.00>
ST_1 : Operation 204 [2/2] (0.85ns)   --->   "%call_ret1 = call fastcc { i8, i8, i8, i8, i8, i8, i8, i8, i8, i8 } @dense_resource_rf_leq_nin.0.0.0.0.0.0.0.0.0.0.0(i8 %kernel_data_V_2_0_ret, i8 %kernel_data_V_2_1_ret, i8 %kernel_data_V_2_2_ret, i8 %kernel_data_V_2_3_ret, i8 %kernel_data_V_2_4_ret, i8 %kernel_data_V_2_5_ret, i8 %kernel_data_V_2_6_ret, i8 %kernel_data_V_2_7_ret, i8 %kernel_data_V_2_8_ret, i8 %kernel_data_V_2_9_ret, i8 %kernel_data_V_2_10_ret, i8 %kernel_data_V_2_11_ret, i8 %kernel_data_V_2_12_ret, i8 %kernel_data_V_2_13_ret, i8 %kernel_data_V_2_14_ret, i8 %kernel_data_V_2_15_ret, i8 %kernel_data_V_2_16_ret, i8 %kernel_data_V_2_17_ret, i8 %kernel_data_V_2_18_ret, i8 %kernel_data_V_2_19_ret, i8 %kernel_data_V_2_20_ret, i8 %kernel_data_V_2_21_ret, i8 %kernel_data_V_2_22_ret, i8 %kernel_data_V_2_23_ret, i8 %kernel_data_V_2_24_ret, i8 %kernel_data_V_2_25_ret, i8 %kernel_data_V_2_26_ret, i8 %kernel_data_V_2_27_ret, i8 %kernel_data_V_2_28_ret, i8 %kernel_data_V_2_29_ret, i8 %kernel_data_V_2_30_ret, i8 %kernel_data_V_2_31_ret, i8 %kernel_data_V_2_32_ret, i8 %kernel_data_V_2_33_ret, i8 %kernel_data_V_2_34_ret, i8 %kernel_data_V_2_35_ret, i8 %kernel_data_V_2_36_ret, i8 %kernel_data_V_2_37_ret, i8 %kernel_data_V_2_38_ret, i8 %kernel_data_V_2_39_ret, i8 %kernel_data_V_2_40_ret, i8 %kernel_data_V_2_41_ret, i8 %kernel_data_V_2_42_ret, i8 %kernel_data_V_2_43_ret, i8 %kernel_data_V_2_44_ret, i8 %kernel_data_V_2_45_ret, i8 %kernel_data_V_2_46_ret, i8 %kernel_data_V_2_47_ret, i8 %kernel_data_V_2_48_ret, i8 %kernel_data_V_2_49_ret, i8 %kernel_data_V_2_50_ret, i8 %kernel_data_V_2_51_ret, i8 %kernel_data_V_2_52_ret, i8 %kernel_data_V_2_53_ret, i8 %kernel_data_V_2_54_ret, i8 %kernel_data_V_2_55_ret, i8 %kernel_data_V_2_56_ret, i8 %kernel_data_V_2_57_ret, i8 %kernel_data_V_2_58_ret, i8 %kernel_data_V_2_59_ret, i8 %kernel_data_V_2_60_ret, i8 %kernel_data_V_2_61_ret, i8 %kernel_data_V_2_62_ret, i8 %kernel_data_V_2_63_ret, i8 %kernel_data_V_2_64_ret, i8 %kernel_data_V_2_65_ret, i8 %kernel_data_V_2_66_ret, i8 %kernel_data_V_2_67_ret, i8 %kernel_data_V_2_68_ret, i8 %kernel_data_V_2_69_ret, i8 %kernel_data_V_2_70_ret, i8 %kernel_data_V_2_71_ret)" [firmware/nnet_utils/nnet_conv_stream.h:281]   --->   Operation 204 'call' 'call_ret1' <Predicate = (and_ln284_2)> <Delay = 0.85> <CoreType = "Generic">   --->   Core 0 '' <Latency = 0> <II = 1> <Delay = 1.00> <Generic> <Opcode : >

State 2 <SV = 1> <Delay = 4.22>
ST_2 : Operation 205 [1/2] (2.04ns)   --->   "%call_ret1 = call fastcc { i8, i8, i8, i8, i8, i8, i8, i8, i8, i8 } @dense_resource_rf_leq_nin.0.0.0.0.0.0.0.0.0.0.0(i8 %kernel_data_V_2_0_ret, i8 %kernel_data_V_2_1_ret, i8 %kernel_data_V_2_2_ret, i8 %kernel_data_V_2_3_ret, i8 %kernel_data_V_2_4_ret, i8 %kernel_data_V_2_5_ret, i8 %kernel_data_V_2_6_ret, i8 %kernel_data_V_2_7_ret, i8 %kernel_data_V_2_8_ret, i8 %kernel_data_V_2_9_ret, i8 %kernel_data_V_2_10_ret, i8 %kernel_data_V_2_11_ret, i8 %kernel_data_V_2_12_ret, i8 %kernel_data_V_2_13_ret, i8 %kernel_data_V_2_14_ret, i8 %kernel_data_V_2_15_ret, i8 %kernel_data_V_2_16_ret, i8 %kernel_data_V_2_17_ret, i8 %kernel_data_V_2_18_ret, i8 %kernel_data_V_2_19_ret, i8 %kernel_data_V_2_20_ret, i8 %kernel_data_V_2_21_ret, i8 %kernel_data_V_2_22_ret, i8 %kernel_data_V_2_23_ret, i8 %kernel_data_V_2_24_ret, i8 %kernel_data_V_2_25_ret, i8 %kernel_data_V_2_26_ret, i8 %kernel_data_V_2_27_ret, i8 %kernel_data_V_2_28_ret, i8 %kernel_data_V_2_29_ret, i8 %kernel_data_V_2_30_ret, i8 %kernel_data_V_2_31_ret, i8 %kernel_data_V_2_32_ret, i8 %kernel_data_V_2_33_ret, i8 %kernel_data_V_2_34_ret, i8 %kernel_data_V_2_35_ret, i8 %kernel_data_V_2_36_ret, i8 %kernel_data_V_2_37_ret, i8 %kernel_data_V_2_38_ret, i8 %kernel_data_V_2_39_ret, i8 %kernel_data_V_2_40_ret, i8 %kernel_data_V_2_41_ret, i8 %kernel_data_V_2_42_ret, i8 %kernel_data_V_2_43_ret, i8 %kernel_data_V_2_44_ret, i8 %kernel_data_V_2_45_ret, i8 %kernel_data_V_2_46_ret, i8 %kernel_data_V_2_47_ret, i8 %kernel_data_V_2_48_ret, i8 %kernel_data_V_2_49_ret, i8 %kernel_data_V_2_50_ret, i8 %kernel_data_V_2_51_ret, i8 %kernel_data_V_2_52_ret, i8 %kernel_data_V_2_53_ret, i8 %kernel_data_V_2_54_ret, i8 %kernel_data_V_2_55_ret, i8 %kernel_data_V_2_56_ret, i8 %kernel_data_V_2_57_ret, i8 %kernel_data_V_2_58_ret, i8 %kernel_data_V_2_59_ret, i8 %kernel_data_V_2_60_ret, i8 %kernel_data_V_2_61_ret, i8 %kernel_data_V_2_62_ret, i8 %kernel_data_V_2_63_ret, i8 %kernel_data_V_2_64_ret, i8 %kernel_data_V_2_65_ret, i8 %kernel_data_V_2_66_ret, i8 %kernel_data_V_2_67_ret, i8 %kernel_data_V_2_68_ret, i8 %kernel_data_V_2_69_ret, i8 %kernel_data_V_2_70_ret, i8 %kernel_data_V_2_71_ret)" [firmware/nnet_utils/nnet_conv_stream.h:281]   --->   Operation 205 'call' 'call_ret1' <Predicate = (and_ln284_2)> <Delay = 2.04> <CoreType = "Generic">   --->   Core 0 '' <Latency = 0> <II = 1> <Delay = 1.00> <Generic> <Opcode : >
ST_2 : Operation 206 [1/1] (0.00ns)   --->   "%tmp_data_0_V = extractvalue { i8, i8, i8, i8, i8, i8, i8, i8, i8, i8 } %call_ret1, 0" [firmware/nnet_utils/nnet_conv_stream.h:281]   --->   Operation 206 'extractvalue' 'tmp_data_0_V' <Predicate = (and_ln284_2)> <Delay = 0.00>
ST_2 : Operation 207 [1/1] (0.00ns)   --->   "%tmp_data_1_V = extractvalue { i8, i8, i8, i8, i8, i8, i8, i8, i8, i8 } %call_ret1, 1" [firmware/nnet_utils/nnet_conv_stream.h:281]   --->   Operation 207 'extractvalue' 'tmp_data_1_V' <Predicate = (and_ln284_2)> <Delay = 0.00>
ST_2 : Operation 208 [1/1] (0.00ns)   --->   "%tmp_data_2_V = extractvalue { i8, i8, i8, i8, i8, i8, i8, i8, i8, i8 } %call_ret1, 2" [firmware/nnet_utils/nnet_conv_stream.h:281]   --->   Operation 208 'extractvalue' 'tmp_data_2_V' <Predicate = (and_ln284_2)> <Delay = 0.00>
ST_2 : Operation 209 [1/1] (0.00ns)   --->   "%tmp_data_3_V = extractvalue { i8, i8, i8, i8, i8, i8, i8, i8, i8, i8 } %call_ret1, 3" [firmware/nnet_utils/nnet_conv_stream.h:281]   --->   Operation 209 'extractvalue' 'tmp_data_3_V' <Predicate = (and_ln284_2)> <Delay = 0.00>
ST_2 : Operation 210 [1/1] (0.00ns)   --->   "%tmp_data_4_V = extractvalue { i8, i8, i8, i8, i8, i8, i8, i8, i8, i8 } %call_ret1, 4" [firmware/nnet_utils/nnet_conv_stream.h:281]   --->   Operation 210 'extractvalue' 'tmp_data_4_V' <Predicate = (and_ln284_2)> <Delay = 0.00>
ST_2 : Operation 211 [1/1] (0.00ns)   --->   "%tmp_data_5_V = extractvalue { i8, i8, i8, i8, i8, i8, i8, i8, i8, i8 } %call_ret1, 5" [firmware/nnet_utils/nnet_conv_stream.h:281]   --->   Operation 211 'extractvalue' 'tmp_data_5_V' <Predicate = (and_ln284_2)> <Delay = 0.00>
ST_2 : Operation 212 [1/1] (0.00ns)   --->   "%tmp_data_6_V = extractvalue { i8, i8, i8, i8, i8, i8, i8, i8, i8, i8 } %call_ret1, 6" [firmware/nnet_utils/nnet_conv_stream.h:281]   --->   Operation 212 'extractvalue' 'tmp_data_6_V' <Predicate = (and_ln284_2)> <Delay = 0.00>
ST_2 : Operation 213 [1/1] (0.00ns)   --->   "%tmp_data_7_V = extractvalue { i8, i8, i8, i8, i8, i8, i8, i8, i8, i8 } %call_ret1, 7" [firmware/nnet_utils/nnet_conv_stream.h:281]   --->   Operation 213 'extractvalue' 'tmp_data_7_V' <Predicate = (and_ln284_2)> <Delay = 0.00>
ST_2 : Operation 214 [1/1] (0.00ns)   --->   "%tmp_data_8_V = extractvalue { i8, i8, i8, i8, i8, i8, i8, i8, i8, i8 } %call_ret1, 8" [firmware/nnet_utils/nnet_conv_stream.h:281]   --->   Operation 214 'extractvalue' 'tmp_data_8_V' <Predicate = (and_ln284_2)> <Delay = 0.00>
ST_2 : Operation 215 [1/1] (0.00ns)   --->   "%tmp_data_9_V = extractvalue { i8, i8, i8, i8, i8, i8, i8, i8, i8, i8 } %call_ret1, 9" [firmware/nnet_utils/nnet_conv_stream.h:281]   --->   Operation 215 'extractvalue' 'tmp_data_9_V' <Predicate = (and_ln284_2)> <Delay = 0.00>
ST_2 : Operation 216 [1/1] (2.18ns)   --->   "call void @_ssdm_op_Write.ap_fifo.volatile.i8P.i8P.i8P.i8P.i8P.i8P.i8P.i8P.i8P.i8P(i8* %res_stream_V_data_0_V, i8* %res_stream_V_data_1_V, i8* %res_stream_V_data_2_V, i8* %res_stream_V_data_3_V, i8* %res_stream_V_data_4_V, i8* %res_stream_V_data_5_V, i8* %res_stream_V_data_6_V, i8* %res_stream_V_data_7_V, i8* %res_stream_V_data_8_V, i8* %res_stream_V_data_9_V, i8 %tmp_data_0_V, i8 %tmp_data_1_V, i8 %tmp_data_2_V, i8 %tmp_data_3_V, i8 %tmp_data_4_V, i8 %tmp_data_5_V, i8 %tmp_data_6_V, i8 %tmp_data_7_V, i8 %tmp_data_8_V, i8 %tmp_data_9_V)" [firmware/nnet_utils/nnet_conv_stream.h:299]   --->   Operation 216 'write' <Predicate = (and_ln284_2)> <Delay = 2.18> <Core = "FIFO">   --->   Core 32 'FIFO' <Latency = 0> <II = 1> <Delay = 2.39> <Storage> <Opcode : 'read' 'write' 'nbread' 'nbwrite'> <Ports = 0> <Width = 8> <Depth = 1> <FIFO>
ST_2 : Operation 217 [1/1] (0.00ns)   --->   "br label %._crit_edge22" [firmware/nnet_utils/nnet_conv_stream.h:300]   --->   Operation 217 'br' <Predicate = (and_ln284_2)> <Delay = 0.00>
ST_2 : Operation 218 [1/1] (1.26ns)   --->   "%icmp_ln303 = icmp eq i32 %pX_3_load, 3" [firmware/nnet_utils/nnet_conv_stream.h:303]   --->   Operation 218 'icmp' 'icmp_ln303' <Predicate = true> <Delay = 1.26> <Core = "Cmp">   --->   Core 25 'Cmp' <Latency = 0> <II = 1> <Delay = 1.26> <FuncUnit> <Opcode : 'icmp'> <InPorts = 2> <OutPorts = 1>
ST_2 : Operation 219 [1/1] (0.00ns)   --->   "br i1 %icmp_ln303, label %1, label %5" [firmware/nnet_utils/nnet_conv_stream.h:303]   --->   Operation 219 'br' <Predicate = true> <Delay = 0.00>
ST_2 : Operation 220 [1/1] (1.51ns)   --->   "%add_ln316 = add nsw i32 %pX_3_load, 1" [firmware/nnet_utils/nnet_conv_stream.h:316]   --->   Operation 220 'add' 'add_ln316' <Predicate = (!icmp_ln303)> <Delay = 1.51> <Core = "AddSub">   --->   Core 14 'AddSub' <Latency = 0> <II = 1> <Delay = 1.51> <FuncUnit> <Opcode : 'add' 'sub'> <InPorts = 2> <OutPorts = 1>
ST_2 : Operation 221 [1/1] (0.85ns)   --->   "store i32 %add_ln316, i32* @pX_3, align 4" [firmware/nnet_utils/nnet_conv_stream.h:316]   --->   Operation 221 'store' <Predicate = (!icmp_ln303)> <Delay = 0.85>
ST_2 : Operation 222 [1/1] (1.51ns)   --->   "%add_ln318 = add i32 %sX_3_load, 1" [firmware/nnet_utils/nnet_conv_stream.h:318]   --->   Operation 222 'add' 'add_ln318' <Predicate = (!icmp_ln303 & !icmp_ln284)> <Delay = 1.51> <Core = "AddSub">   --->   Core 14 'AddSub' <Latency = 0> <II = 1> <Delay = 1.51> <FuncUnit> <Opcode : 'add' 'sub'> <InPorts = 2> <OutPorts = 1>
ST_2 : Operation 223 [1/1] (0.87ns)   --->   "%select_ln318 = select i1 %icmp_ln284, i32 2, i32 %add_ln318" [firmware/nnet_utils/nnet_conv_stream.h:318]   --->   Operation 223 'select' 'select_ln318' <Predicate = (!icmp_ln303)> <Delay = 0.87> <Core = "Sel">   --->   Core 26 'Sel' <Latency = 0> <II = 1> <Delay = 0.87> <FuncUnit> <Opcode : 'select'> <InPorts = 3> <OutPorts = 1>
ST_2 : Operation 224 [1/1] (0.85ns)   --->   "store i32 %select_ln318, i32* @sX_3, align 4" [firmware/nnet_utils/nnet_conv_stream.h:318]   --->   Operation 224 'store' <Predicate = (!icmp_ln303)> <Delay = 0.85>
ST_2 : Operation 225 [1/1] (0.00ns)   --->   "br label %6"   --->   Operation 225 'br' <Predicate = (!icmp_ln303)> <Delay = 0.00>
ST_2 : Operation 226 [1/1] (0.85ns)   --->   "store i32 0, i32* @pX_3, align 4" [firmware/nnet_utils/nnet_conv_stream.h:305]   --->   Operation 226 'store' <Predicate = (icmp_ln303)> <Delay = 0.85>
ST_2 : Operation 227 [1/1] (0.85ns)   --->   "store i32 0, i32* @sX_3, align 4" [firmware/nnet_utils/nnet_conv_stream.h:306]   --->   Operation 227 'store' <Predicate = (icmp_ln303)> <Delay = 0.85>
ST_2 : Operation 228 [1/1] (1.26ns)   --->   "%icmp_ln307 = icmp eq i32 %pY_3_load, 3" [firmware/nnet_utils/nnet_conv_stream.h:307]   --->   Operation 228 'icmp' 'icmp_ln307' <Predicate = (icmp_ln303)> <Delay = 1.26> <Core = "Cmp">   --->   Core 25 'Cmp' <Latency = 0> <II = 1> <Delay = 1.26> <FuncUnit> <Opcode : 'icmp'> <InPorts = 2> <OutPorts = 1>
ST_2 : Operation 229 [1/1] (0.00ns)   --->   "br i1 %icmp_ln307, label %2, label %3" [firmware/nnet_utils/nnet_conv_stream.h:307]   --->   Operation 229 'br' <Predicate = (icmp_ln303)> <Delay = 0.00>
ST_2 : Operation 230 [1/1] (1.51ns)   --->   "%add_ln311 = add nsw i32 %pY_3_load, 1" [firmware/nnet_utils/nnet_conv_stream.h:311]   --->   Operation 230 'add' 'add_ln311' <Predicate = (icmp_ln303 & !icmp_ln307)> <Delay = 1.51> <Core = "AddSub">   --->   Core 14 'AddSub' <Latency = 0> <II = 1> <Delay = 1.51> <FuncUnit> <Opcode : 'add' 'sub'> <InPorts = 2> <OutPorts = 1>
ST_2 : Operation 231 [1/1] (0.85ns)   --->   "store i32 %add_ln311, i32* @pY_3, align 4" [firmware/nnet_utils/nnet_conv_stream.h:311]   --->   Operation 231 'store' <Predicate = (icmp_ln303 & !icmp_ln307)> <Delay = 0.85>
ST_2 : Operation 232 [1/1] (1.51ns)   --->   "%add_ln313 = add i32 %sY_3_load, 1" [firmware/nnet_utils/nnet_conv_stream.h:313]   --->   Operation 232 'add' 'add_ln313' <Predicate = (icmp_ln303 & !icmp_ln307 & !icmp_ln284_1)> <Delay = 1.51> <Core = "AddSub">   --->   Core 14 'AddSub' <Latency = 0> <II = 1> <Delay = 1.51> <FuncUnit> <Opcode : 'add' 'sub'> <InPorts = 2> <OutPorts = 1>
ST_2 : Operation 233 [1/1] (0.87ns)   --->   "%select_ln313 = select i1 %icmp_ln284_1, i32 2, i32 %add_ln313" [firmware/nnet_utils/nnet_conv_stream.h:313]   --->   Operation 233 'select' 'select_ln313' <Predicate = (icmp_ln303 & !icmp_ln307)> <Delay = 0.87> <Core = "Sel">   --->   Core 26 'Sel' <Latency = 0> <II = 1> <Delay = 0.87> <FuncUnit> <Opcode : 'select'> <InPorts = 3> <OutPorts = 1>
ST_2 : Operation 234 [1/1] (0.85ns)   --->   "br label %4"   --->   Operation 234 'br' <Predicate = (icmp_ln303 & !icmp_ln307)> <Delay = 0.85>
ST_2 : Operation 235 [1/1] (0.85ns)   --->   "store i32 0, i32* @pY_3, align 4" [firmware/nnet_utils/nnet_conv_stream.h:308]   --->   Operation 235 'store' <Predicate = (icmp_ln303 & icmp_ln307)> <Delay = 0.85>
ST_2 : Operation 236 [1/1] (0.85ns)   --->   "br label %4" [firmware/nnet_utils/nnet_conv_stream.h:310]   --->   Operation 236 'br' <Predicate = (icmp_ln303 & icmp_ln307)> <Delay = 0.85>
ST_2 : Operation 237 [1/1] (0.00ns)   --->   "%storemerge = phi i32 [ %select_ln313, %3 ], [ 0, %2 ]" [firmware/nnet_utils/nnet_conv_stream.h:313]   --->   Operation 237 'phi' 'storemerge' <Predicate = (icmp_ln303)> <Delay = 0.00>
ST_2 : Operation 238 [1/1] (0.00ns)   --->   "store i32 %storemerge, i32* @sY_3, align 4" [firmware/nnet_utils/nnet_conv_stream.h:309]   --->   Operation 238 'store' <Predicate = (icmp_ln303)> <Delay = 0.00>
ST_2 : Operation 239 [1/1] (0.00ns)   --->   "br label %6" [firmware/nnet_utils/nnet_conv_stream.h:315]   --->   Operation 239 'br' <Predicate = (icmp_ln303)> <Delay = 0.00>
ST_2 : Operation 240 [1/1] (0.00ns)   --->   "ret void" [firmware/nnet_utils/nnet_conv_stream.h:320]   --->   Operation 240 'ret' <Predicate = true> <Delay = 0.00>


============================================================
+ Verbose Summary: Timing violations
============================================================
Target clock period: 5ns, clock uncertainty: 0.625ns.

 <State 1>: 2.82ns
The critical path consists of the following:
	wire read on port 'p_read7' [98]  (0 ns)
	'call' operation ('call_ret', firmware/nnet_utils/nnet_conv_stream.h:281) to 'shift_line_buffer<array<ap_ufixed<8, 2, 5, 3, 0>, 8u>, config10>' [154]  (1.97 ns)
	'call' operation ('call_ret1', firmware/nnet_utils/nnet_conv_stream.h:281) to 'dense_resource_rf_leq_nin.0.0.0.0.0.0.0.0.0.0.0' [290]  (0.85 ns)

 <State 2>: 4.23ns
The critical path consists of the following:
	'call' operation ('call_ret1', firmware/nnet_utils/nnet_conv_stream.h:281) to 'dense_resource_rf_leq_nin.0.0.0.0.0.0.0.0.0.0.0' [290]  (2.04 ns)
	fifo write on port 'res_stream_V_data_0_V' (firmware/nnet_utils/nnet_conv_stream.h:299) [301]  (2.19 ns)


============================================================
+ Verbose Summary: Binding
============================================================
N/A
* FSMD analyzer results:
  - Output states:
 - Input state : 
  - Chain level:
	State 1
	State 2


============================================================
+ Verbose Summary: Datapath Resource usage 
============================================================
N/A
