

================================================================
== Vivado HLS Report for 'dense_array_array_ap_fixed_8_2_5_3_0_5u_config21_s'
================================================================
* Date:           Thu Oct 30 21:07:34 2025

* Version:        2019.1 (Build 2552052 on Fri May 24 15:28:33 MDT 2019)
* Project:        myproject_prj
* Solution:       solution1
* Product family: virtex7
* Target device:  xc7vx690t-ffg1761-2


================================================================
== Performance Estimates
================================================================
+ Timing (ns): 
    * Summary: 
    +--------+-------+----------+------------+
    |  Clock | Target| Estimated| Uncertainty|
    +--------+-------+----------+------------+
    |ap_clk  |   5.00|     4.179|        0.62|
    +--------+-------+----------+------------+

+ Latency (clock cycles): 
    * Summary: 
    +-----+-----+-----+-----+---------+
    |  Latency  |  Interval | Pipeline|
    | min | max | min | max |   Type  |
    +-----+-----+-----+-----+---------+
    |   13|   14|   13|   14|   none  |
    +-----+-----+-----+-----+---------+

    + Detail: 
        * Instance: 
        N/A

        * Loop: 
        N/A

============================================================
+ Verbose Summary: Synthesis Manager
============================================================
InlineROM: 1
ExposeGlobal: 0
============================================================
+ Verbose Summary: CDFG Model
============================================================
IsTopModel: 0
ResetActiveHigh: 1
IsCombinational: 2
IsDatapathOnly: 0
HasWiredReturn: 1
HasMFsm: 0
HasVarLatency: 1
IsPipeline: 0
IsRtlPipelined: 0
IsInstanceOverlapped: 0
IsDontTouch: 0
HasImplIP: 0
IsGatedGlobalClock: 0


============================================================
+ Verbose Summary: Schedule
============================================================
* Number of FSM states : 3
* Pipeline : 0
* Dataflow Pipeline: 0

* FSM state transitions: 
1 --> 2 
2 --> 3 
3 --> 

* FSM state operations: 

State 1 <SV = 0> <Delay = 3.03>
ST_1 : Operation 4 [1/1] (2.18ns)   --->   "%empty = call { i8, i8, i8, i8, i8, i8, i8, i8, i8, i8 } @_ssdm_op_Read.ap_fifo.volatile.i8P.i8P.i8P.i8P.i8P.i8P.i8P.i8P.i8P.i8P(i8* %data_stream_V_data_0_V, i8* %data_stream_V_data_1_V, i8* %data_stream_V_data_2_V, i8* %data_stream_V_data_3_V, i8* %data_stream_V_data_4_V, i8* %data_stream_V_data_5_V, i8* %data_stream_V_data_6_V, i8* %data_stream_V_data_7_V, i8* %data_stream_V_data_8_V, i8* %data_stream_V_data_9_V)" [firmware/nnet_utils/nnet_dense_stream.h:45]   --->   Operation 4 'read' 'empty' <Predicate = true> <Delay = 2.18> <Core = "FIFO">   --->   Core 32 'FIFO' <Latency = 0> <II = 1> <Delay = 2.39> <Storage> <Opcode : 'read' 'write' 'nbread' 'nbwrite'> <Ports = 0> <Width = 8> <Depth = 1> <FIFO>
ST_1 : Operation 5 [1/1] (0.00ns)   --->   "%data_0_V = extractvalue { i8, i8, i8, i8, i8, i8, i8, i8, i8, i8 } %empty, 0" [firmware/nnet_utils/nnet_dense_stream.h:45]   --->   Operation 5 'extractvalue' 'data_0_V' <Predicate = true> <Delay = 0.00>
ST_1 : Operation 6 [1/1] (0.00ns)   --->   "%data_1_V = extractvalue { i8, i8, i8, i8, i8, i8, i8, i8, i8, i8 } %empty, 1" [firmware/nnet_utils/nnet_dense_stream.h:45]   --->   Operation 6 'extractvalue' 'data_1_V' <Predicate = true> <Delay = 0.00>
ST_1 : Operation 7 [1/1] (0.00ns)   --->   "%data_2_V = extractvalue { i8, i8, i8, i8, i8, i8, i8, i8, i8, i8 } %empty, 2" [firmware/nnet_utils/nnet_dense_stream.h:45]   --->   Operation 7 'extractvalue' 'data_2_V' <Predicate = true> <Delay = 0.00>
ST_1 : Operation 8 [1/1] (0.00ns)   --->   "%data_3_V = extractvalue { i8, i8, i8, i8, i8, i8, i8, i8, i8, i8 } %empty, 3" [firmware/nnet_utils/nnet_dense_stream.h:45]   --->   Operation 8 'extractvalue' 'data_3_V' <Predicate = true> <Delay = 0.00>
ST_1 : Operation 9 [1/1] (0.00ns)   --->   "%data_4_V = extractvalue { i8, i8, i8, i8, i8, i8, i8, i8, i8, i8 } %empty, 4" [firmware/nnet_utils/nnet_dense_stream.h:45]   --->   Operation 9 'extractvalue' 'data_4_V' <Predicate = true> <Delay = 0.00>
ST_1 : Operation 10 [1/1] (0.00ns)   --->   "%data_5_V = extractvalue { i8, i8, i8, i8, i8, i8, i8, i8, i8, i8 } %empty, 5" [firmware/nnet_utils/nnet_dense_stream.h:45]   --->   Operation 10 'extractvalue' 'data_5_V' <Predicate = true> <Delay = 0.00>
ST_1 : Operation 11 [1/1] (0.00ns)   --->   "%data_6_V = extractvalue { i8, i8, i8, i8, i8, i8, i8, i8, i8, i8 } %empty, 6" [firmware/nnet_utils/nnet_dense_stream.h:45]   --->   Operation 11 'extractvalue' 'data_6_V' <Predicate = true> <Delay = 0.00>
ST_1 : Operation 12 [1/1] (0.00ns)   --->   "%data_7_V = extractvalue { i8, i8, i8, i8, i8, i8, i8, i8, i8, i8 } %empty, 7" [firmware/nnet_utils/nnet_dense_stream.h:45]   --->   Operation 12 'extractvalue' 'data_7_V' <Predicate = true> <Delay = 0.00>
ST_1 : Operation 13 [1/1] (0.00ns)   --->   "%data_8_V = extractvalue { i8, i8, i8, i8, i8, i8, i8, i8, i8, i8 } %empty, 8" [firmware/nnet_utils/nnet_dense_stream.h:45]   --->   Operation 13 'extractvalue' 'data_8_V' <Predicate = true> <Delay = 0.00>
ST_1 : Operation 14 [1/1] (0.00ns)   --->   "%data_9_V = extractvalue { i8, i8, i8, i8, i8, i8, i8, i8, i8, i8 } %empty, 9" [firmware/nnet_utils/nnet_dense_stream.h:45]   --->   Operation 14 'extractvalue' 'data_9_V' <Predicate = true> <Delay = 0.00>
ST_1 : Operation 15 [2/2] (0.85ns)   --->   "%call_ret = call fastcc { i8, i8, i8, i8, i8 } @"dense_wrapper<ap_ufixed,ap_fixed<8,2,5,3,0>,config21>"(i8 %data_0_V, i8 %data_1_V, i8 %data_2_V, i8 %data_3_V, i8 %data_4_V, i8 %data_5_V, i8 %data_6_V, i8 %data_7_V, i8 %data_8_V, i8 %data_9_V)" [firmware/nnet_utils/nnet_dense_stream.h:52]   --->   Operation 15 'call' 'call_ret' <Predicate = true> <Delay = 0.85> <CoreType = "Generic">   --->   Core 0 '' <Latency = 0> <II = 1> <Delay = 1.00> <Generic> <Opcode : >

State 2 <SV = 1> <Delay = 4.17>
ST_2 : Operation 16 [1/2] (4.17ns)   --->   "%call_ret = call fastcc { i8, i8, i8, i8, i8 } @"dense_wrapper<ap_ufixed,ap_fixed<8,2,5,3,0>,config21>"(i8 %data_0_V, i8 %data_1_V, i8 %data_2_V, i8 %data_3_V, i8 %data_4_V, i8 %data_5_V, i8 %data_6_V, i8 %data_7_V, i8 %data_8_V, i8 %data_9_V)" [firmware/nnet_utils/nnet_dense_stream.h:52]   --->   Operation 16 'call' 'call_ret' <Predicate = true> <Delay = 4.17> <CoreType = "Generic">   --->   Core 0 '' <Latency = 0> <II = 1> <Delay = 1.00> <Generic> <Opcode : >
ST_2 : Operation 17 [1/1] (0.00ns)   --->   "%tmp_data_0_V = extractvalue { i8, i8, i8, i8, i8 } %call_ret, 0" [firmware/nnet_utils/nnet_dense_stream.h:52]   --->   Operation 17 'extractvalue' 'tmp_data_0_V' <Predicate = true> <Delay = 0.00>
ST_2 : Operation 18 [1/1] (0.00ns)   --->   "%tmp_data_1_V = extractvalue { i8, i8, i8, i8, i8 } %call_ret, 1" [firmware/nnet_utils/nnet_dense_stream.h:52]   --->   Operation 18 'extractvalue' 'tmp_data_1_V' <Predicate = true> <Delay = 0.00>
ST_2 : Operation 19 [1/1] (0.00ns)   --->   "%tmp_data_2_V = extractvalue { i8, i8, i8, i8, i8 } %call_ret, 2" [firmware/nnet_utils/nnet_dense_stream.h:52]   --->   Operation 19 'extractvalue' 'tmp_data_2_V' <Predicate = true> <Delay = 0.00>
ST_2 : Operation 20 [1/1] (0.00ns)   --->   "%tmp_data_3_V = extractvalue { i8, i8, i8, i8, i8 } %call_ret, 3" [firmware/nnet_utils/nnet_dense_stream.h:52]   --->   Operation 20 'extractvalue' 'tmp_data_3_V' <Predicate = true> <Delay = 0.00>
ST_2 : Operation 21 [1/1] (0.00ns)   --->   "%tmp_data_4_V = extractvalue { i8, i8, i8, i8, i8 } %call_ret, 4" [firmware/nnet_utils/nnet_dense_stream.h:52]   --->   Operation 21 'extractvalue' 'tmp_data_4_V' <Predicate = true> <Delay = 0.00>

State 3 <SV = 2> <Delay = 2.18>
ST_3 : Operation 22 [1/1] (0.00ns)   --->   "call void (...)* @_ssdm_op_SpecInterface(i8* %res_stream_V_data_4_V, [8 x i8]* @ap_fifo_str, i32 0, i32 0, [1 x i8]* @p_str1752, i32 0, i32 0, [1 x i8]* @p_str1753, [1 x i8]* @p_str1754, [1 x i8]* @p_str1755, i32 2, i32 2, i32 16, i32 16, [1 x i8]* @p_str1756, [1 x i8]* @p_str1757)"   --->   Operation 22 'specinterface' <Predicate = true> <Delay = 0.00>
ST_3 : Operation 23 [1/1] (0.00ns)   --->   "call void (...)* @_ssdm_op_SpecInterface(i8* %res_stream_V_data_3_V, [8 x i8]* @ap_fifo_str, i32 0, i32 0, [1 x i8]* @p_str1745, i32 0, i32 0, [1 x i8]* @p_str1746, [1 x i8]* @p_str1747, [1 x i8]* @p_str1748, i32 2, i32 2, i32 16, i32 16, [1 x i8]* @p_str1749, [1 x i8]* @p_str1750)"   --->   Operation 23 'specinterface' <Predicate = true> <Delay = 0.00>
ST_3 : Operation 24 [1/1] (0.00ns)   --->   "call void (...)* @_ssdm_op_SpecInterface(i8* %res_stream_V_data_2_V, [8 x i8]* @ap_fifo_str, i32 0, i32 0, [1 x i8]* @p_str1738, i32 0, i32 0, [1 x i8]* @p_str1739, [1 x i8]* @p_str1740, [1 x i8]* @p_str1741, i32 2, i32 2, i32 16, i32 16, [1 x i8]* @p_str1742, [1 x i8]* @p_str1743)"   --->   Operation 24 'specinterface' <Predicate = true> <Delay = 0.00>
ST_3 : Operation 25 [1/1] (0.00ns)   --->   "call void (...)* @_ssdm_op_SpecInterface(i8* %res_stream_V_data_1_V, [8 x i8]* @ap_fifo_str, i32 0, i32 0, [1 x i8]* @p_str1731, i32 0, i32 0, [1 x i8]* @p_str1732, [1 x i8]* @p_str1733, [1 x i8]* @p_str1734, i32 2, i32 2, i32 16, i32 16, [1 x i8]* @p_str1735, [1 x i8]* @p_str1736)"   --->   Operation 25 'specinterface' <Predicate = true> <Delay = 0.00>
ST_3 : Operation 26 [1/1] (0.00ns)   --->   "call void (...)* @_ssdm_op_SpecInterface(i8* %res_stream_V_data_0_V, [8 x i8]* @ap_fifo_str, i32 0, i32 0, [1 x i8]* @p_str1724, i32 0, i32 0, [1 x i8]* @p_str1725, [1 x i8]* @p_str1726, [1 x i8]* @p_str1727, i32 2, i32 2, i32 16, i32 16, [1 x i8]* @p_str1728, [1 x i8]* @p_str1729)"   --->   Operation 26 'specinterface' <Predicate = true> <Delay = 0.00>
ST_3 : Operation 27 [1/1] (0.00ns)   --->   "call void (...)* @_ssdm_op_SpecInterface(i8* %data_stream_V_data_9_V, [8 x i8]* @ap_fifo_str, i32 0, i32 0, [1 x i8]* @p_str1717, i32 0, i32 0, [1 x i8]* @p_str1718, [1 x i8]* @p_str1719, [1 x i8]* @p_str1720, i32 2, i32 2, i32 16, i32 16, [1 x i8]* @p_str1721, [1 x i8]* @p_str1722)"   --->   Operation 27 'specinterface' <Predicate = true> <Delay = 0.00>
ST_3 : Operation 28 [1/1] (0.00ns)   --->   "call void (...)* @_ssdm_op_SpecInterface(i8* %data_stream_V_data_8_V, [8 x i8]* @ap_fifo_str, i32 0, i32 0, [1 x i8]* @p_str1710, i32 0, i32 0, [1 x i8]* @p_str1711, [1 x i8]* @p_str1712, [1 x i8]* @p_str1713, i32 2, i32 2, i32 16, i32 16, [1 x i8]* @p_str1714, [1 x i8]* @p_str1715)"   --->   Operation 28 'specinterface' <Predicate = true> <Delay = 0.00>
ST_3 : Operation 29 [1/1] (0.00ns)   --->   "call void (...)* @_ssdm_op_SpecInterface(i8* %data_stream_V_data_7_V, [8 x i8]* @ap_fifo_str, i32 0, i32 0, [1 x i8]* @p_str1703, i32 0, i32 0, [1 x i8]* @p_str1704, [1 x i8]* @p_str1705, [1 x i8]* @p_str1706, i32 2, i32 2, i32 16, i32 16, [1 x i8]* @p_str1707, [1 x i8]* @p_str1708)"   --->   Operation 29 'specinterface' <Predicate = true> <Delay = 0.00>
ST_3 : Operation 30 [1/1] (0.00ns)   --->   "call void (...)* @_ssdm_op_SpecInterface(i8* %data_stream_V_data_6_V, [8 x i8]* @ap_fifo_str, i32 0, i32 0, [1 x i8]* @p_str1696, i32 0, i32 0, [1 x i8]* @p_str1697, [1 x i8]* @p_str1698, [1 x i8]* @p_str1699, i32 2, i32 2, i32 16, i32 16, [1 x i8]* @p_str1700, [1 x i8]* @p_str1701)"   --->   Operation 30 'specinterface' <Predicate = true> <Delay = 0.00>
ST_3 : Operation 31 [1/1] (0.00ns)   --->   "call void (...)* @_ssdm_op_SpecInterface(i8* %data_stream_V_data_5_V, [8 x i8]* @ap_fifo_str, i32 0, i32 0, [1 x i8]* @p_str1689, i32 0, i32 0, [1 x i8]* @p_str1690, [1 x i8]* @p_str1691, [1 x i8]* @p_str1692, i32 2, i32 2, i32 16, i32 16, [1 x i8]* @p_str1693, [1 x i8]* @p_str1694)"   --->   Operation 31 'specinterface' <Predicate = true> <Delay = 0.00>
ST_3 : Operation 32 [1/1] (0.00ns)   --->   "call void (...)* @_ssdm_op_SpecInterface(i8* %data_stream_V_data_4_V, [8 x i8]* @ap_fifo_str, i32 0, i32 0, [1 x i8]* @p_str1682, i32 0, i32 0, [1 x i8]* @p_str1683, [1 x i8]* @p_str1684, [1 x i8]* @p_str1685, i32 2, i32 2, i32 16, i32 16, [1 x i8]* @p_str1686, [1 x i8]* @p_str1687)"   --->   Operation 32 'specinterface' <Predicate = true> <Delay = 0.00>
ST_3 : Operation 33 [1/1] (0.00ns)   --->   "call void (...)* @_ssdm_op_SpecInterface(i8* %data_stream_V_data_3_V, [8 x i8]* @ap_fifo_str, i32 0, i32 0, [1 x i8]* @p_str1675, i32 0, i32 0, [1 x i8]* @p_str1676, [1 x i8]* @p_str1677, [1 x i8]* @p_str1678, i32 2, i32 2, i32 16, i32 16, [1 x i8]* @p_str1679, [1 x i8]* @p_str1680)"   --->   Operation 33 'specinterface' <Predicate = true> <Delay = 0.00>
ST_3 : Operation 34 [1/1] (0.00ns)   --->   "call void (...)* @_ssdm_op_SpecInterface(i8* %data_stream_V_data_2_V, [8 x i8]* @ap_fifo_str, i32 0, i32 0, [1 x i8]* @p_str1668, i32 0, i32 0, [1 x i8]* @p_str1669, [1 x i8]* @p_str1670, [1 x i8]* @p_str1671, i32 2, i32 2, i32 16, i32 16, [1 x i8]* @p_str1672, [1 x i8]* @p_str1673)"   --->   Operation 34 'specinterface' <Predicate = true> <Delay = 0.00>
ST_3 : Operation 35 [1/1] (0.00ns)   --->   "call void (...)* @_ssdm_op_SpecInterface(i8* %data_stream_V_data_1_V, [8 x i8]* @ap_fifo_str, i32 0, i32 0, [1 x i8]* @p_str1661, i32 0, i32 0, [1 x i8]* @p_str1662, [1 x i8]* @p_str1663, [1 x i8]* @p_str1664, i32 2, i32 2, i32 16, i32 16, [1 x i8]* @p_str1665, [1 x i8]* @p_str1666)"   --->   Operation 35 'specinterface' <Predicate = true> <Delay = 0.00>
ST_3 : Operation 36 [1/1] (0.00ns)   --->   "call void (...)* @_ssdm_op_SpecInterface(i8* %data_stream_V_data_0_V, [8 x i8]* @ap_fifo_str, i32 0, i32 0, [1 x i8]* @p_str1654, i32 0, i32 0, [1 x i8]* @p_str1655, [1 x i8]* @p_str1656, [1 x i8]* @p_str1657, i32 2, i32 2, i32 16, i32 16, [1 x i8]* @p_str1658, [1 x i8]* @p_str1659)"   --->   Operation 36 'specinterface' <Predicate = true> <Delay = 0.00>
ST_3 : Operation 37 [1/1] (0.00ns)   --->   "call void (...)* @_ssdm_op_SpecLoopName([12 x i8]* @p_str44) nounwind" [firmware/nnet_utils/nnet_dense_stream.h:41]   --->   Operation 37 'specloopname' <Predicate = true> <Delay = 0.00>
ST_3 : Operation 38 [1/1] (0.00ns)   --->   "call void (...)* @_ssdm_op_SpecLoopName([9 x i8]* @p_str46) nounwind" [firmware/nnet_utils/nnet_dense_stream.h:54]   --->   Operation 38 'specloopname' <Predicate = true> <Delay = 0.00>
ST_3 : Operation 39 [1/1] (2.18ns)   --->   "call void @_ssdm_op_Write.ap_fifo.volatile.i8P.i8P.i8P.i8P.i8P(i8* %res_stream_V_data_0_V, i8* %res_stream_V_data_1_V, i8* %res_stream_V_data_2_V, i8* %res_stream_V_data_3_V, i8* %res_stream_V_data_4_V, i8 %tmp_data_0_V, i8 %tmp_data_1_V, i8 %tmp_data_2_V, i8 %tmp_data_3_V, i8 %tmp_data_4_V)" [firmware/nnet_utils/nnet_dense_stream.h:64]   --->   Operation 39 'write' <Predicate = true> <Delay = 2.18> <Core = "FIFO">   --->   Core 32 'FIFO' <Latency = 0> <II = 1> <Delay = 2.39> <Storage> <Opcode : 'read' 'write' 'nbread' 'nbwrite'> <Ports = 0> <Width = 8> <Depth = 1> <FIFO>
ST_3 : Operation 40 [1/1] (0.00ns)   --->   "ret void" [firmware/nnet_utils/nnet_dense_stream.h:66]   --->   Operation 40 'ret' <Predicate = true> <Delay = 0.00>


============================================================
+ Verbose Summary: Timing violations
============================================================
Target clock period: 5ns, clock uncertainty: 0.625ns.

 <State 1>: 3.04ns
The critical path consists of the following:
	fifo read on port 'data_stream_V_data_0_V' (firmware/nnet_utils/nnet_dense_stream.h:45) [33]  (2.19 ns)
	'call' operation ('call_ret', firmware/nnet_utils/nnet_dense_stream.h:52) to 'dense_wrapper<ap_ufixed,ap_fixed<8,2,5,3,0>,config21>' [44]  (0.85 ns)

 <State 2>: 4.18ns
The critical path consists of the following:
	'call' operation ('call_ret', firmware/nnet_utils/nnet_dense_stream.h:52) to 'dense_wrapper<ap_ufixed,ap_fixed<8,2,5,3,0>,config21>' [44]  (4.18 ns)

 <State 3>: 2.19ns
The critical path consists of the following:
	fifo write on port 'res_stream_V_data_0_V' (firmware/nnet_utils/nnet_dense_stream.h:64) [51]  (2.19 ns)


============================================================
+ Verbose Summary: Binding
============================================================
N/A
* FSMD analyzer results:
  - Output states:
 - Input state : 
  - Chain level:
	State 1
	State 2
	State 3


============================================================
+ Verbose Summary: Datapath Resource usage 
============================================================
N/A
