

================================================================
== Vivado HLS Report for 'dense_resource_rf_leq_nin_ap_ufixed_ap_fixed_config2_mult_0_0_0_0_0_0_0'
================================================================
* Date:           Mon Nov 24 11:53:41 2025

* Version:        2019.1 (Build 2552052 on Fri May 24 15:28:33 MDT 2019)
* Project:        myproject_prj
* Solution:       solution1
* Product family: kintexu
* Target device:  xcku035-fbva676-2-e


================================================================
== Performance Estimates
================================================================
+ Timing (ns): 
    * Summary: 
    +--------+-------+----------+------------+
    |  Clock | Target| Estimated| Uncertainty|
    +--------+-------+----------+------------+
    |ap_clk  |   5.00|     3.842|        0.62|
    +--------+-------+----------+------------+

+ Latency (clock cycles): 
    * Summary: 
    +-----+-----+-----+-----+---------------------------------------------+
    |  Latency  |  Interval |                   Pipeline                  |
    | min | max | min | max |                     Type                    |
    +-----+-----+-----+-----+---------------------------------------------+
    |   10|   11|    9|    9| loop rewind(delay=0 initiation interval(s)) |
    +-----+-----+-----+-----+---------------------------------------------+

    + Detail: 
        * Instance: 
        N/A

        * Loop: 
        +-------------+-----+-----+----------+-----------+-----------+------+----------+
        |             |  Latency  | Iteration|  Initiation Interval  | Trip |          |
        |  Loop Name  | min | max |  Latency |  achieved |   target  | Count| Pipelined|
        +-------------+-----+-----+----------+-----------+-----------+------+----------+
        |- ReuseLoop  |   10|   10|         3|          1|          1|     9|    yes   |
        +-------------+-----+-----+----------+-----------+-----------+------+----------+

============================================================
+ Verbose Summary: Synthesis Manager
============================================================
InlineROM: 1
ExposeGlobal: 0
============================================================
+ Verbose Summary: CDFG Model
============================================================
IsTopModel: 0
ResetActiveHigh: 1
IsCombinational: 0
IsDatapathOnly: 0
HasWiredReturn: 1
HasMFsm: 0
HasVarLatency: 1
IsPipeline: 0
IsRtlPipelined: 0
IsInstanceOverlapped: 0
IsDontTouch: 0
HasImplIP: 0
IsGatedGlobalClock: 0

+ Individual pipeline summary: 
  * Pipeline-0: initiation interval (II) = 1, depth = 3


============================================================
+ Verbose Summary: Schedule
============================================================
* Number of FSM states : 4
* Pipeline : 1
  Pipeline-0 : II = 1, D = 3, States = { 2 3 4 }
* Dataflow Pipeline: 0

* FSM state transitions: 
1 --> 2 
2 --> 3 
3 --> 4 
4 --> 2 

* FSM state operations: 

State 1 <SV = 0> <Delay = 0.83>
ST_1 : Operation 5 [1/1] (0.00ns)   --->   "%tmp_i = call i32 (...)* @_ssdm_op_SpecRegionBegin([12 x i8]* @p_str87)" [firmware/nnet_utils/nnet_dense_resource.h:32]   --->   Operation 5 'specregionbegin' 'tmp_i' <Predicate = true> <Delay = 0.00>
ST_1 : Operation 6 [1/1] (0.83ns)   --->   "br label %rewind_header" [firmware/nnet_utils/nnet_dense_resource.h:46]   --->   Operation 6 'br' <Predicate = true> <Delay = 0.83>

State 2 <SV = 1> <Delay = 1.77>
ST_2 : Operation 7 [1/1] (0.00ns)   --->   "%w_index17 = phi i4 [ 0, %hls_label_3_begin ], [ %w_index, %ReuseLoop ], [ 0, %"dense_resource_rf_leq_nin<ap_ufixed<8, 0, 5, 3, 0>, ap_fixed<8, 2, 5, 3, 0>, config2_mult>.0.0.0.0.0.0.0.exit" ]"   --->   Operation 7 'phi' 'w_index17' <Predicate = true> <Delay = 0.00>
ST_2 : Operation 8 [1/1] (0.00ns)   --->   "%zext_ln59 = zext i4 %w_index17 to i64" [firmware/nnet_utils/nnet_dense_resource.h:59]   --->   Operation 8 'zext' 'zext_ln59' <Predicate = true> <Delay = 0.00>
ST_2 : Operation 9 [1/1] (0.00ns)   --->   "%w2_V_addr = getelementptr [9 x i48]* @w2_V, i64 0, i64 %zext_ln59" [firmware/nnet_utils/nnet_dense_resource.h:59]   --->   Operation 9 'getelementptr' 'w2_V_addr' <Predicate = true> <Delay = 0.00>
ST_2 : Operation 10 [2/2] (1.77ns)   --->   "%w2_V_load = load i48* %w2_V_addr, align 8" [firmware/nnet_utils/nnet_dense_resource.h:59]   --->   Operation 10 'load' 'w2_V_load' <Predicate = true> <Delay = 1.77> <Core = "ROM_nP_BRAM">   --->   Core 55 'ROM_nP_BRAM' <Latency = 1> <II = 1> <Delay = 1.77> <Storage> <Opcode : 'load'> <Ports = 0> <Width = 48> <Depth = 9> <ROM>
ST_2 : Operation 11 [1/1] (0.94ns)   --->   "%w_index = add i4 1, %w_index17" [firmware/nnet_utils/nnet_dense_resource.h:46]   --->   Operation 11 'add' 'w_index' <Predicate = true> <Delay = 0.94> <Core = "AddSub">   --->   Core 14 'AddSub' <Latency = 0> <II = 1> <Delay = 0.94> <FuncUnit> <Opcode : 'add' 'sub'> <InPorts = 2> <OutPorts = 1>
ST_2 : Operation 12 [1/1] (0.90ns)   --->   "%icmp_ln46 = icmp eq i4 %w_index17, -8" [firmware/nnet_utils/nnet_dense_resource.h:46]   --->   Operation 12 'icmp' 'icmp_ln46' <Predicate = true> <Delay = 0.90> <Core = "Cmp">   --->   Core 25 'Cmp' <Latency = 0> <II = 1> <Delay = 0.90> <FuncUnit> <Opcode : 'icmp'> <InPorts = 2> <OutPorts = 1>
ST_2 : Operation 13 [1/1] (0.00ns)   --->   "br label %rewind_header" [firmware/nnet_utils/nnet_dense_resource.h:32]   --->   Operation 13 'br' <Predicate = (icmp_ln46)> <Delay = 0.00>

State 3 <SV = 2> <Delay = 2.21>
ST_3 : Operation 14 [1/1] (0.00ns)   --->   "%kernel_data_V_8_load = load i8* @kernel_data_V_8, align 1" [aesl_mux_load.9i8P.i4:17->firmware/nnet_utils/nnet_dense_resource.h:59]   --->   Operation 14 'load' 'kernel_data_V_8_load' <Predicate = true> <Delay = 0.00>
ST_3 : Operation 15 [1/1] (0.00ns)   --->   "%kernel_data_V_0_load = load i8* @kernel_data_V_0, align 1" [aesl_mux_load.9i8P.i4:1->firmware/nnet_utils/nnet_dense_resource.h:59]   --->   Operation 15 'load' 'kernel_data_V_0_load' <Predicate = true> <Delay = 0.00>
ST_3 : Operation 16 [1/1] (0.00ns)   --->   "%kernel_data_V_1411_load = load i8* @kernel_data_V_1411, align 1" [aesl_mux_load.9i8P.i4:3->firmware/nnet_utils/nnet_dense_resource.h:59]   --->   Operation 16 'load' 'kernel_data_V_1411_load' <Predicate = true> <Delay = 0.00>
ST_3 : Operation 17 [1/1] (0.00ns)   --->   "%kernel_data_V_2412_load = load i8* @kernel_data_V_2412, align 1" [aesl_mux_load.9i8P.i4:5->firmware/nnet_utils/nnet_dense_resource.h:59]   --->   Operation 17 'load' 'kernel_data_V_2412_load' <Predicate = true> <Delay = 0.00>
ST_3 : Operation 18 [1/1] (0.00ns)   --->   "%kernel_data_V_3413_load = load i8* @kernel_data_V_3413, align 1" [aesl_mux_load.9i8P.i4:7->firmware/nnet_utils/nnet_dense_resource.h:59]   --->   Operation 18 'load' 'kernel_data_V_3413_load' <Predicate = true> <Delay = 0.00>
ST_3 : Operation 19 [1/1] (0.00ns)   --->   "%kernel_data_V_4414_load = load i8* @kernel_data_V_4414, align 1" [aesl_mux_load.9i8P.i4:9->firmware/nnet_utils/nnet_dense_resource.h:59]   --->   Operation 19 'load' 'kernel_data_V_4414_load' <Predicate = true> <Delay = 0.00>
ST_3 : Operation 20 [1/1] (0.00ns)   --->   "%kernel_data_V_5415_load = load i8* @kernel_data_V_5415, align 1" [aesl_mux_load.9i8P.i4:11->firmware/nnet_utils/nnet_dense_resource.h:59]   --->   Operation 20 'load' 'kernel_data_V_5415_load' <Predicate = true> <Delay = 0.00>
ST_3 : Operation 21 [1/1] (0.00ns)   --->   "%kernel_data_V_6_load = load i8* @kernel_data_V_6, align 1" [aesl_mux_load.9i8P.i4:13->firmware/nnet_utils/nnet_dense_resource.h:59]   --->   Operation 21 'load' 'kernel_data_V_6_load' <Predicate = true> <Delay = 0.00>
ST_3 : Operation 22 [1/1] (0.00ns)   --->   "%kernel_data_V_7_load = load i8* @kernel_data_V_7, align 1" [aesl_mux_load.9i8P.i4:15->firmware/nnet_utils/nnet_dense_resource.h:59]   --->   Operation 22 'load' 'kernel_data_V_7_load' <Predicate = true> <Delay = 0.00>
ST_3 : Operation 23 [1/1] (0.90ns)   --->   "%icmp_ln19 = icmp eq i4 %w_index17, 0" [aesl_mux_load.9i8P.i4:19->firmware/nnet_utils/nnet_dense_resource.h:59]   --->   Operation 23 'icmp' 'icmp_ln19' <Predicate = true> <Delay = 0.90> <Core = "Cmp">   --->   Core 25 'Cmp' <Latency = 0> <II = 1> <Delay = 0.90> <FuncUnit> <Opcode : 'icmp'> <InPorts = 2> <OutPorts = 1>
ST_3 : Operation 24 [1/1] (0.90ns)   --->   "%icmp_ln19_1 = icmp eq i4 %w_index17, 1" [aesl_mux_load.9i8P.i4:19->firmware/nnet_utils/nnet_dense_resource.h:59]   --->   Operation 24 'icmp' 'icmp_ln19_1' <Predicate = true> <Delay = 0.90> <Core = "Cmp">   --->   Core 25 'Cmp' <Latency = 0> <II = 1> <Delay = 0.90> <FuncUnit> <Opcode : 'icmp'> <InPorts = 2> <OutPorts = 1>
ST_3 : Operation 25 [1/1] (0.90ns)   --->   "%icmp_ln19_2 = icmp eq i4 %w_index17, 2" [aesl_mux_load.9i8P.i4:19->firmware/nnet_utils/nnet_dense_resource.h:59]   --->   Operation 25 'icmp' 'icmp_ln19_2' <Predicate = true> <Delay = 0.90> <Core = "Cmp">   --->   Core 25 'Cmp' <Latency = 0> <II = 1> <Delay = 0.90> <FuncUnit> <Opcode : 'icmp'> <InPorts = 2> <OutPorts = 1>
ST_3 : Operation 26 [1/1] (0.90ns)   --->   "%icmp_ln19_3 = icmp eq i4 %w_index17, 3" [aesl_mux_load.9i8P.i4:19->firmware/nnet_utils/nnet_dense_resource.h:59]   --->   Operation 26 'icmp' 'icmp_ln19_3' <Predicate = true> <Delay = 0.90> <Core = "Cmp">   --->   Core 25 'Cmp' <Latency = 0> <II = 1> <Delay = 0.90> <FuncUnit> <Opcode : 'icmp'> <InPorts = 2> <OutPorts = 1>
ST_3 : Operation 27 [1/1] (0.90ns)   --->   "%icmp_ln19_4 = icmp eq i4 %w_index17, 4" [aesl_mux_load.9i8P.i4:19->firmware/nnet_utils/nnet_dense_resource.h:59]   --->   Operation 27 'icmp' 'icmp_ln19_4' <Predicate = true> <Delay = 0.90> <Core = "Cmp">   --->   Core 25 'Cmp' <Latency = 0> <II = 1> <Delay = 0.90> <FuncUnit> <Opcode : 'icmp'> <InPorts = 2> <OutPorts = 1>
ST_3 : Operation 28 [1/1] (0.90ns)   --->   "%icmp_ln19_5 = icmp eq i4 %w_index17, 5" [aesl_mux_load.9i8P.i4:19->firmware/nnet_utils/nnet_dense_resource.h:59]   --->   Operation 28 'icmp' 'icmp_ln19_5' <Predicate = true> <Delay = 0.90> <Core = "Cmp">   --->   Core 25 'Cmp' <Latency = 0> <II = 1> <Delay = 0.90> <FuncUnit> <Opcode : 'icmp'> <InPorts = 2> <OutPorts = 1>
ST_3 : Operation 29 [1/1] (0.90ns)   --->   "%icmp_ln19_6 = icmp eq i4 %w_index17, 6" [aesl_mux_load.9i8P.i4:19->firmware/nnet_utils/nnet_dense_resource.h:59]   --->   Operation 29 'icmp' 'icmp_ln19_6' <Predicate = true> <Delay = 0.90> <Core = "Cmp">   --->   Core 25 'Cmp' <Latency = 0> <II = 1> <Delay = 0.90> <FuncUnit> <Opcode : 'icmp'> <InPorts = 2> <OutPorts = 1>
ST_3 : Operation 30 [1/1] (0.90ns)   --->   "%icmp_ln19_7 = icmp eq i4 %w_index17, 7" [aesl_mux_load.9i8P.i4:19->firmware/nnet_utils/nnet_dense_resource.h:59]   --->   Operation 30 'icmp' 'icmp_ln19_7' <Predicate = true> <Delay = 0.90> <Core = "Cmp">   --->   Core 25 'Cmp' <Latency = 0> <II = 1> <Delay = 0.90> <FuncUnit> <Opcode : 'icmp'> <InPorts = 2> <OutPorts = 1>
ST_3 : Operation 31 [1/1] (0.00ns) (grouped into LUT with out node select_ln19_4)   --->   "%select_ln19 = select i1 %icmp_ln19_7, i8 %kernel_data_V_7_load, i8 %kernel_data_V_6_load" [aesl_mux_load.9i8P.i4:19->firmware/nnet_utils/nnet_dense_resource.h:59]   --->   Operation 31 'select' 'select_ln19' <Predicate = true> <Delay = 0.00> <Core = "Sel">   --->   Core 26 'Sel' <Latency = 0> <II = 1> <Delay = 0.29> <FuncUnit> <Opcode : 'select'> <InPorts = 3> <OutPorts = 1>
ST_3 : Operation 32 [1/1] (0.33ns)   --->   "%or_ln19 = or i1 %icmp_ln19_7, %icmp_ln19_6" [aesl_mux_load.9i8P.i4:19->firmware/nnet_utils/nnet_dense_resource.h:59]   --->   Operation 32 'or' 'or_ln19' <Predicate = true> <Delay = 0.33> <Core = "LogicGate">   --->   Core 27 'LogicGate' <Latency = 0> <II = 1> <Delay = 0.33> <FuncUnit> <Opcode : 'and' 'or' 'xor'> <InPorts = 2> <OutPorts = 1>
ST_3 : Operation 33 [1/1] (0.29ns) (out node of the LUT)   --->   "%select_ln19_1 = select i1 %icmp_ln19_5, i8 %kernel_data_V_5415_load, i8 %kernel_data_V_4414_load" [aesl_mux_load.9i8P.i4:19->firmware/nnet_utils/nnet_dense_resource.h:59]   --->   Operation 33 'select' 'select_ln19_1' <Predicate = true> <Delay = 0.29> <Core = "Sel">   --->   Core 26 'Sel' <Latency = 0> <II = 1> <Delay = 0.29> <FuncUnit> <Opcode : 'select'> <InPorts = 3> <OutPorts = 1>
ST_3 : Operation 34 [1/1] (0.00ns) (grouped into LUT with out node or_ln19_4)   --->   "%or_ln19_1 = or i1 %icmp_ln19_5, %icmp_ln19_4" [aesl_mux_load.9i8P.i4:19->firmware/nnet_utils/nnet_dense_resource.h:59]   --->   Operation 34 'or' 'or_ln19_1' <Predicate = true> <Delay = 0.00> <Core = "LogicGate">   --->   Core 27 'LogicGate' <Latency = 0> <II = 1> <Delay = 0.33> <FuncUnit> <Opcode : 'and' 'or' 'xor'> <InPorts = 2> <OutPorts = 1>
ST_3 : Operation 35 [1/1] (0.00ns) (grouped into LUT with out node select_ln19_5)   --->   "%select_ln19_2 = select i1 %icmp_ln19_3, i8 %kernel_data_V_3413_load, i8 %kernel_data_V_2412_load" [aesl_mux_load.9i8P.i4:19->firmware/nnet_utils/nnet_dense_resource.h:59]   --->   Operation 35 'select' 'select_ln19_2' <Predicate = true> <Delay = 0.00> <Core = "Sel">   --->   Core 26 'Sel' <Latency = 0> <II = 1> <Delay = 0.29> <FuncUnit> <Opcode : 'select'> <InPorts = 3> <OutPorts = 1>
ST_3 : Operation 36 [1/1] (0.33ns)   --->   "%or_ln19_2 = or i1 %icmp_ln19_3, %icmp_ln19_2" [aesl_mux_load.9i8P.i4:19->firmware/nnet_utils/nnet_dense_resource.h:59]   --->   Operation 36 'or' 'or_ln19_2' <Predicate = true> <Delay = 0.33> <Core = "LogicGate">   --->   Core 27 'LogicGate' <Latency = 0> <II = 1> <Delay = 0.33> <FuncUnit> <Opcode : 'and' 'or' 'xor'> <InPorts = 2> <OutPorts = 1>
ST_3 : Operation 37 [1/1] (0.29ns) (out node of the LUT)   --->   "%select_ln19_3 = select i1 %icmp_ln19_1, i8 %kernel_data_V_1411_load, i8 %kernel_data_V_0_load" [aesl_mux_load.9i8P.i4:19->firmware/nnet_utils/nnet_dense_resource.h:59]   --->   Operation 37 'select' 'select_ln19_3' <Predicate = true> <Delay = 0.29> <Core = "Sel">   --->   Core 26 'Sel' <Latency = 0> <II = 1> <Delay = 0.29> <FuncUnit> <Opcode : 'select'> <InPorts = 3> <OutPorts = 1>
ST_3 : Operation 38 [1/1] (0.00ns) (grouped into LUT with out node select_ln19_7)   --->   "%or_ln19_3 = or i1 %icmp_ln19_1, %icmp_ln19" [aesl_mux_load.9i8P.i4:19->firmware/nnet_utils/nnet_dense_resource.h:59]   --->   Operation 38 'or' 'or_ln19_3' <Predicate = true> <Delay = 0.00> <Core = "LogicGate">   --->   Core 27 'LogicGate' <Latency = 0> <II = 1> <Delay = 0.33> <FuncUnit> <Opcode : 'and' 'or' 'xor'> <InPorts = 2> <OutPorts = 1>
ST_3 : Operation 39 [1/1] (0.29ns) (out node of the LUT)   --->   "%select_ln19_4 = select i1 %or_ln19, i8 %select_ln19, i8 %select_ln19_1" [aesl_mux_load.9i8P.i4:19->firmware/nnet_utils/nnet_dense_resource.h:59]   --->   Operation 39 'select' 'select_ln19_4' <Predicate = true> <Delay = 0.29> <Core = "Sel">   --->   Core 26 'Sel' <Latency = 0> <II = 1> <Delay = 0.29> <FuncUnit> <Opcode : 'select'> <InPorts = 3> <OutPorts = 1>
ST_3 : Operation 40 [1/1] (0.33ns) (out node of the LUT)   --->   "%or_ln19_4 = or i1 %or_ln19, %or_ln19_1" [aesl_mux_load.9i8P.i4:19->firmware/nnet_utils/nnet_dense_resource.h:59]   --->   Operation 40 'or' 'or_ln19_4' <Predicate = true> <Delay = 0.33> <Core = "LogicGate">   --->   Core 27 'LogicGate' <Latency = 0> <II = 1> <Delay = 0.33> <FuncUnit> <Opcode : 'and' 'or' 'xor'> <InPorts = 2> <OutPorts = 1>
ST_3 : Operation 41 [1/1] (0.29ns) (out node of the LUT)   --->   "%select_ln19_5 = select i1 %or_ln19_2, i8 %select_ln19_2, i8 %select_ln19_3" [aesl_mux_load.9i8P.i4:19->firmware/nnet_utils/nnet_dense_resource.h:59]   --->   Operation 41 'select' 'select_ln19_5' <Predicate = true> <Delay = 0.29> <Core = "Sel">   --->   Core 26 'Sel' <Latency = 0> <II = 1> <Delay = 0.29> <FuncUnit> <Opcode : 'select'> <InPorts = 3> <OutPorts = 1>
ST_3 : Operation 42 [1/1] (0.00ns) (grouped into LUT with out node select_ln19_7)   --->   "%or_ln19_5 = or i1 %or_ln19_2, %or_ln19_3" [aesl_mux_load.9i8P.i4:19->firmware/nnet_utils/nnet_dense_resource.h:59]   --->   Operation 42 'or' 'or_ln19_5' <Predicate = true> <Delay = 0.00> <Core = "LogicGate">   --->   Core 27 'LogicGate' <Latency = 0> <II = 1> <Delay = 0.33> <FuncUnit> <Opcode : 'and' 'or' 'xor'> <InPorts = 2> <OutPorts = 1>
ST_3 : Operation 43 [1/1] (0.29ns) (out node of the LUT)   --->   "%select_ln19_6 = select i1 %or_ln19_4, i8 %select_ln19_4, i8 %select_ln19_5" [aesl_mux_load.9i8P.i4:19->firmware/nnet_utils/nnet_dense_resource.h:59]   --->   Operation 43 'select' 'select_ln19_6' <Predicate = true> <Delay = 0.29> <Core = "Sel">   --->   Core 26 'Sel' <Latency = 0> <II = 1> <Delay = 0.29> <FuncUnit> <Opcode : 'select'> <InPorts = 3> <OutPorts = 1>
ST_3 : Operation 44 [1/1] (0.00ns) (grouped into LUT with out node select_ln19_7)   --->   "%or_ln19_6 = or i1 %or_ln19_4, %or_ln19_5" [aesl_mux_load.9i8P.i4:19->firmware/nnet_utils/nnet_dense_resource.h:59]   --->   Operation 44 'or' 'or_ln19_6' <Predicate = true> <Delay = 0.00> <Core = "LogicGate">   --->   Core 27 'LogicGate' <Latency = 0> <II = 1> <Delay = 0.33> <FuncUnit> <Opcode : 'and' 'or' 'xor'> <InPorts = 2> <OutPorts = 1>
ST_3 : Operation 45 [1/1] (0.33ns) (out node of the LUT)   --->   "%select_ln19_7 = select i1 %or_ln19_6, i8 %select_ln19_6, i8 %kernel_data_V_8_load" [aesl_mux_load.9i8P.i4:19->firmware/nnet_utils/nnet_dense_resource.h:59]   --->   Operation 45 'select' 'select_ln19_7' <Predicate = true> <Delay = 0.33> <Core = "Sel">   --->   Core 26 'Sel' <Latency = 0> <II = 1> <Delay = 0.29> <FuncUnit> <Opcode : 'select'> <InPorts = 3> <OutPorts = 1>
ST_3 : Operation 46 [1/2] (1.77ns)   --->   "%w2_V_load = load i48* %w2_V_addr, align 8" [firmware/nnet_utils/nnet_dense_resource.h:59]   --->   Operation 46 'load' 'w2_V_load' <Predicate = true> <Delay = 1.77> <Core = "ROM_nP_BRAM">   --->   Core 55 'ROM_nP_BRAM' <Latency = 1> <II = 1> <Delay = 1.77> <Storage> <Opcode : 'load'> <Ports = 0> <Width = 48> <Depth = 9> <ROM>
ST_3 : Operation 47 [1/1] (0.00ns)   --->   "%trunc_ln59 = trunc i48 %w2_V_load to i8" [firmware/nnet_utils/nnet_dense_resource.h:59]   --->   Operation 47 'trunc' 'trunc_ln59' <Predicate = true> <Delay = 0.00>
ST_3 : Operation 48 [1/1] (0.00ns)   --->   "%tmp_382_i = call i8 @_ssdm_op_PartSelect.i8.i48.i32.i32(i48 %w2_V_load, i32 8, i32 15)" [firmware/nnet_utils/nnet_dense_resource.h:59]   --->   Operation 48 'partselect' 'tmp_382_i' <Predicate = true> <Delay = 0.00>
ST_3 : Operation 49 [1/1] (0.00ns)   --->   "%tmp_384_i = call i8 @_ssdm_op_PartSelect.i8.i48.i32.i32(i48 %w2_V_load, i32 16, i32 23)" [firmware/nnet_utils/nnet_dense_resource.h:59]   --->   Operation 49 'partselect' 'tmp_384_i' <Predicate = true> <Delay = 0.00>
ST_3 : Operation 50 [1/1] (0.00ns)   --->   "%tmp_386_i = call i8 @_ssdm_op_PartSelect.i8.i48.i32.i32(i48 %w2_V_load, i32 24, i32 31)" [firmware/nnet_utils/nnet_dense_resource.h:59]   --->   Operation 50 'partselect' 'tmp_386_i' <Predicate = true> <Delay = 0.00>
ST_3 : Operation 51 [1/1] (0.00ns)   --->   "%tmp_388_i = call i8 @_ssdm_op_PartSelect.i8.i48.i32.i32(i48 %w2_V_load, i32 32, i32 39)" [firmware/nnet_utils/nnet_dense_resource.h:59]   --->   Operation 51 'partselect' 'tmp_388_i' <Predicate = true> <Delay = 0.00>
ST_3 : Operation 52 [1/1] (0.00ns)   --->   "%tmp_390_i = call i8 @_ssdm_op_PartSelect.i8.i48.i32.i32(i48 %w2_V_load, i32 40, i32 47)" [firmware/nnet_utils/nnet_dense_resource.h:59]   --->   Operation 52 'partselect' 'tmp_390_i' <Predicate = true> <Delay = 0.00>

State 4 <SV = 3> <Delay = 3.84>
ST_4 : Operation 53 [1/1] (0.00ns)   --->   "%do_init = phi i1 [ true, %hls_label_3_begin ], [ false, %ReuseLoop ], [ true, %"dense_resource_rf_leq_nin<ap_ufixed<8, 0, 5, 3, 0>, ap_fixed<8, 2, 5, 3, 0>, config2_mult>.0.0.0.0.0.0.0.exit" ]"   --->   Operation 53 'phi' 'do_init' <Predicate = true> <Delay = 0.00>
ST_4 : Operation 54 [1/1] (0.00ns)   --->   "%p_Val2_1216 = phi i15 [ -200, %hls_label_3_begin ], [ %acc_5_V, %ReuseLoop ], [ -200, %"dense_resource_rf_leq_nin<ap_ufixed<8, 0, 5, 3, 0>, ap_fixed<8, 2, 5, 3, 0>, config2_mult>.0.0.0.0.0.0.0.exit" ]"   --->   Operation 54 'phi' 'p_Val2_1216' <Predicate = true> <Delay = 0.00>
ST_4 : Operation 55 [1/1] (0.00ns)   --->   "%p_Val2_1114 = phi i15 [ -216, %hls_label_3_begin ], [ %acc_4_V, %ReuseLoop ], [ -216, %"dense_resource_rf_leq_nin<ap_ufixed<8, 0, 5, 3, 0>, ap_fixed<8, 2, 5, 3, 0>, config2_mult>.0.0.0.0.0.0.0.exit" ]"   --->   Operation 55 'phi' 'p_Val2_1114' <Predicate = true> <Delay = 0.00>
ST_4 : Operation 56 [1/1] (0.00ns)   --->   "%p_Val2_1012 = phi i15 [ -328, %hls_label_3_begin ], [ %acc_3_V, %ReuseLoop ], [ -328, %"dense_resource_rf_leq_nin<ap_ufixed<8, 0, 5, 3, 0>, ap_fixed<8, 2, 5, 3, 0>, config2_mult>.0.0.0.0.0.0.0.exit" ]"   --->   Operation 56 'phi' 'p_Val2_1012' <Predicate = true> <Delay = 0.00>
ST_4 : Operation 57 [1/1] (0.00ns)   --->   "%p_Val2_910 = phi i15 [ -192, %hls_label_3_begin ], [ %acc_2_V, %ReuseLoop ], [ -192, %"dense_resource_rf_leq_nin<ap_ufixed<8, 0, 5, 3, 0>, ap_fixed<8, 2, 5, 3, 0>, config2_mult>.0.0.0.0.0.0.0.exit" ]"   --->   Operation 57 'phi' 'p_Val2_910' <Predicate = true> <Delay = 0.00>
ST_4 : Operation 58 [1/1] (0.00ns)   --->   "%p_Val2_88 = phi i15 [ -144, %hls_label_3_begin ], [ %acc_1_V, %ReuseLoop ], [ -144, %"dense_resource_rf_leq_nin<ap_ufixed<8, 0, 5, 3, 0>, ap_fixed<8, 2, 5, 3, 0>, config2_mult>.0.0.0.0.0.0.0.exit" ]"   --->   Operation 58 'phi' 'p_Val2_88' <Predicate = true> <Delay = 0.00>
ST_4 : Operation 59 [1/1] (0.00ns)   --->   "%p_Val2_6 = phi i15 [ -240, %hls_label_3_begin ], [ %acc_0_V, %ReuseLoop ], [ -240, %"dense_resource_rf_leq_nin<ap_ufixed<8, 0, 5, 3, 0>, ap_fixed<8, 2, 5, 3, 0>, config2_mult>.0.0.0.0.0.0.0.exit" ]"   --->   Operation 59 'phi' 'p_Val2_6' <Predicate = true> <Delay = 0.00>
ST_4 : Operation 60 [1/1] (0.00ns)   --->   "br i1 %do_init, label %hls_label_3_end, label %ReuseLoop"   --->   Operation 60 'br' <Predicate = true> <Delay = 0.00>
ST_4 : Operation 61 [1/1] (0.00ns)   --->   "call void (...)* @_ssdm_op_SpecMemCore([9 x i48]* @w2_V, [1 x i8]* @p_str17, [12 x i8]* @p_str50, [1 x i8]* @p_str17, i32 -1, [1 x i8]* @p_str17, [1 x i8]* @p_str17, [1 x i8]* @p_str17, [1 x i8]* @p_str17, [1 x i8]* @p_str17)"   --->   Operation 61 'specmemcore' <Predicate = (do_init)> <Delay = 0.00>
ST_4 : Operation 62 [1/1] (0.00ns)   --->   "%empty_234 = call i32 (...)* @_ssdm_op_SpecRegionEnd([12 x i8]* @p_str87, i32 %tmp_i)" [firmware/nnet_utils/nnet_dense_resource.h:34]   --->   Operation 62 'specregionend' 'empty_234' <Predicate = (do_init)> <Delay = 0.00>
ST_4 : Operation 63 [1/1] (0.00ns)   --->   "br label %ReuseLoop" [firmware/nnet_utils/nnet_dense_resource.h:46]   --->   Operation 63 'br' <Predicate = (do_init)> <Delay = 0.00>
ST_4 : Operation 64 [1/1] (0.00ns)   --->   "call void (...)* @_ssdm_op_SpecLoopName([10 x i8]* @p_str52) nounwind" [firmware/nnet_utils/nnet_dense_resource.h:46]   --->   Operation 64 'specloopname' <Predicate = true> <Delay = 0.00>
ST_4 : Operation 65 [1/1] (0.00ns)   --->   "%tmp_378_i = call i32 (...)* @_ssdm_op_SpecRegionBegin([10 x i8]* @p_str52)" [firmware/nnet_utils/nnet_dense_resource.h:46]   --->   Operation 65 'specregionbegin' 'tmp_378_i' <Predicate = true> <Delay = 0.00>
ST_4 : Operation 66 [1/1] (0.00ns)   --->   "call void (...)* @_ssdm_op_SpecPipeline(i32 1, i32 1, i32 1, i32 0, [1 x i8]* @p_str17) nounwind" [firmware/nnet_utils/nnet_dense_resource.h:47]   --->   Operation 66 'specpipeline' <Predicate = true> <Delay = 0.00>
ST_4 : Operation 67 [1/1] (0.00ns)   --->   "%zext_ln1116 = zext i8 %select_ln19_7 to i16" [firmware/nnet_utils/nnet_mult.h:73->firmware/nnet_utils/nnet_dense_resource.h:59]   --->   Operation 67 'zext' 'zext_ln1116' <Predicate = true> <Delay = 0.00>
ST_4 : Operation 68 [1/1] (0.00ns)   --->   "%sext_ln1118 = sext i8 %trunc_ln59 to i16" [firmware/nnet_utils/nnet_mult.h:73->firmware/nnet_utils/nnet_dense_resource.h:59]   --->   Operation 68 'sext' 'sext_ln1118' <Predicate = true> <Delay = 0.00>
ST_4 : Operation 69 [1/1] (2.44ns)   --->   "%mul_ln1118 = mul i16 %sext_ln1118, %zext_ln1116" [firmware/nnet_utils/nnet_mult.h:73->firmware/nnet_utils/nnet_dense_resource.h:59]   --->   Operation 69 'mul' 'mul_ln1118' <Predicate = true> <Delay = 2.44> <Core = "Mul">   --->   Core 16 'Mul' <Latency = 0> <II = 1> <Delay = 2.44> <FuncUnit> <Opcode : 'mul'> <InPorts = 2> <OutPorts = 1>
ST_4 : Operation 70 [1/1] (0.00ns)   --->   "%trunc_ln = call i11 @_ssdm_op_PartSelect.i11.i16.i32.i32(i16 %mul_ln1118, i32 5, i32 15)" [firmware/nnet_utils/nnet_dense_resource.h:59]   --->   Operation 70 'partselect' 'trunc_ln' <Predicate = true> <Delay = 0.00>
ST_4 : Operation 71 [1/1] (0.00ns)   --->   "%sext_ln703 = sext i11 %trunc_ln to i15" [firmware/nnet_utils/nnet_dense_resource.h:59]   --->   Operation 71 'sext' 'sext_ln703' <Predicate = true> <Delay = 0.00>
ST_4 : Operation 72 [1/1] (1.40ns)   --->   "%acc_0_V = add i15 %p_Val2_6, %sext_ln703" [firmware/nnet_utils/nnet_dense_resource.h:59]   --->   Operation 72 'add' 'acc_0_V' <Predicate = true> <Delay = 1.40> <Core = "AddSub">   --->   Core 14 'AddSub' <Latency = 0> <II = 1> <Delay = 0.94> <FuncUnit> <Opcode : 'add' 'sub'> <InPorts = 2> <OutPorts = 1>
ST_4 : Operation 73 [1/1] (0.00ns)   --->   "%sext_ln1118_48 = sext i8 %tmp_382_i to i16" [firmware/nnet_utils/nnet_mult.h:73->firmware/nnet_utils/nnet_dense_resource.h:59]   --->   Operation 73 'sext' 'sext_ln1118_48' <Predicate = true> <Delay = 0.00>
ST_4 : Operation 74 [1/1] (2.44ns)   --->   "%mul_ln1118_75 = mul i16 %sext_ln1118_48, %zext_ln1116" [firmware/nnet_utils/nnet_mult.h:73->firmware/nnet_utils/nnet_dense_resource.h:59]   --->   Operation 74 'mul' 'mul_ln1118_75' <Predicate = true> <Delay = 2.44> <Core = "Mul">   --->   Core 16 'Mul' <Latency = 0> <II = 1> <Delay = 2.44> <FuncUnit> <Opcode : 'mul'> <InPorts = 2> <OutPorts = 1>
ST_4 : Operation 75 [1/1] (0.00ns)   --->   "%trunc_ln708_s = call i11 @_ssdm_op_PartSelect.i11.i16.i32.i32(i16 %mul_ln1118_75, i32 5, i32 15)" [firmware/nnet_utils/nnet_dense_resource.h:59]   --->   Operation 75 'partselect' 'trunc_ln708_s' <Predicate = true> <Delay = 0.00>
ST_4 : Operation 76 [1/1] (0.00ns)   --->   "%sext_ln703_1 = sext i11 %trunc_ln708_s to i15" [firmware/nnet_utils/nnet_dense_resource.h:59]   --->   Operation 76 'sext' 'sext_ln703_1' <Predicate = true> <Delay = 0.00>
ST_4 : Operation 77 [1/1] (1.40ns)   --->   "%acc_1_V = add i15 %p_Val2_88, %sext_ln703_1" [firmware/nnet_utils/nnet_dense_resource.h:59]   --->   Operation 77 'add' 'acc_1_V' <Predicate = true> <Delay = 1.40> <Core = "AddSub">   --->   Core 14 'AddSub' <Latency = 0> <II = 1> <Delay = 0.94> <FuncUnit> <Opcode : 'add' 'sub'> <InPorts = 2> <OutPorts = 1>
ST_4 : Operation 78 [1/1] (0.00ns)   --->   "%sext_ln1118_49 = sext i8 %tmp_384_i to i16" [firmware/nnet_utils/nnet_mult.h:73->firmware/nnet_utils/nnet_dense_resource.h:59]   --->   Operation 78 'sext' 'sext_ln1118_49' <Predicate = true> <Delay = 0.00>
ST_4 : Operation 79 [1/1] (2.44ns)   --->   "%mul_ln1118_76 = mul i16 %sext_ln1118_49, %zext_ln1116" [firmware/nnet_utils/nnet_mult.h:73->firmware/nnet_utils/nnet_dense_resource.h:59]   --->   Operation 79 'mul' 'mul_ln1118_76' <Predicate = true> <Delay = 2.44> <Core = "Mul">   --->   Core 16 'Mul' <Latency = 0> <II = 1> <Delay = 2.44> <FuncUnit> <Opcode : 'mul'> <InPorts = 2> <OutPorts = 1>
ST_4 : Operation 80 [1/1] (0.00ns)   --->   "%trunc_ln708_84 = call i11 @_ssdm_op_PartSelect.i11.i16.i32.i32(i16 %mul_ln1118_76, i32 5, i32 15)" [firmware/nnet_utils/nnet_dense_resource.h:59]   --->   Operation 80 'partselect' 'trunc_ln708_84' <Predicate = true> <Delay = 0.00>
ST_4 : Operation 81 [1/1] (0.00ns)   --->   "%sext_ln703_2 = sext i11 %trunc_ln708_84 to i15" [firmware/nnet_utils/nnet_dense_resource.h:59]   --->   Operation 81 'sext' 'sext_ln703_2' <Predicate = true> <Delay = 0.00>
ST_4 : Operation 82 [1/1] (1.40ns)   --->   "%acc_2_V = add i15 %p_Val2_910, %sext_ln703_2" [firmware/nnet_utils/nnet_dense_resource.h:59]   --->   Operation 82 'add' 'acc_2_V' <Predicate = true> <Delay = 1.40> <Core = "AddSub">   --->   Core 14 'AddSub' <Latency = 0> <II = 1> <Delay = 0.94> <FuncUnit> <Opcode : 'add' 'sub'> <InPorts = 2> <OutPorts = 1>
ST_4 : Operation 83 [1/1] (0.00ns)   --->   "%sext_ln1118_50 = sext i8 %tmp_386_i to i16" [firmware/nnet_utils/nnet_mult.h:73->firmware/nnet_utils/nnet_dense_resource.h:59]   --->   Operation 83 'sext' 'sext_ln1118_50' <Predicate = true> <Delay = 0.00>
ST_4 : Operation 84 [1/1] (2.44ns)   --->   "%mul_ln1118_77 = mul i16 %sext_ln1118_50, %zext_ln1116" [firmware/nnet_utils/nnet_mult.h:73->firmware/nnet_utils/nnet_dense_resource.h:59]   --->   Operation 84 'mul' 'mul_ln1118_77' <Predicate = true> <Delay = 2.44> <Core = "Mul">   --->   Core 16 'Mul' <Latency = 0> <II = 1> <Delay = 2.44> <FuncUnit> <Opcode : 'mul'> <InPorts = 2> <OutPorts = 1>
ST_4 : Operation 85 [1/1] (0.00ns)   --->   "%trunc_ln708_85 = call i11 @_ssdm_op_PartSelect.i11.i16.i32.i32(i16 %mul_ln1118_77, i32 5, i32 15)" [firmware/nnet_utils/nnet_dense_resource.h:59]   --->   Operation 85 'partselect' 'trunc_ln708_85' <Predicate = true> <Delay = 0.00>
ST_4 : Operation 86 [1/1] (0.00ns)   --->   "%sext_ln703_3 = sext i11 %trunc_ln708_85 to i15" [firmware/nnet_utils/nnet_dense_resource.h:59]   --->   Operation 86 'sext' 'sext_ln703_3' <Predicate = true> <Delay = 0.00>
ST_4 : Operation 87 [1/1] (1.40ns)   --->   "%acc_3_V = add i15 %p_Val2_1012, %sext_ln703_3" [firmware/nnet_utils/nnet_dense_resource.h:59]   --->   Operation 87 'add' 'acc_3_V' <Predicate = true> <Delay = 1.40> <Core = "AddSub">   --->   Core 14 'AddSub' <Latency = 0> <II = 1> <Delay = 0.94> <FuncUnit> <Opcode : 'add' 'sub'> <InPorts = 2> <OutPorts = 1>
ST_4 : Operation 88 [1/1] (0.00ns)   --->   "%sext_ln1118_51 = sext i8 %tmp_388_i to i16" [firmware/nnet_utils/nnet_mult.h:73->firmware/nnet_utils/nnet_dense_resource.h:59]   --->   Operation 88 'sext' 'sext_ln1118_51' <Predicate = true> <Delay = 0.00>
ST_4 : Operation 89 [1/1] (2.44ns)   --->   "%mul_ln1118_78 = mul i16 %sext_ln1118_51, %zext_ln1116" [firmware/nnet_utils/nnet_mult.h:73->firmware/nnet_utils/nnet_dense_resource.h:59]   --->   Operation 89 'mul' 'mul_ln1118_78' <Predicate = true> <Delay = 2.44> <Core = "Mul">   --->   Core 16 'Mul' <Latency = 0> <II = 1> <Delay = 2.44> <FuncUnit> <Opcode : 'mul'> <InPorts = 2> <OutPorts = 1>
ST_4 : Operation 90 [1/1] (0.00ns)   --->   "%trunc_ln708_86 = call i11 @_ssdm_op_PartSelect.i11.i16.i32.i32(i16 %mul_ln1118_78, i32 5, i32 15)" [firmware/nnet_utils/nnet_dense_resource.h:59]   --->   Operation 90 'partselect' 'trunc_ln708_86' <Predicate = true> <Delay = 0.00>
ST_4 : Operation 91 [1/1] (0.00ns)   --->   "%sext_ln703_4 = sext i11 %trunc_ln708_86 to i15" [firmware/nnet_utils/nnet_dense_resource.h:59]   --->   Operation 91 'sext' 'sext_ln703_4' <Predicate = true> <Delay = 0.00>
ST_4 : Operation 92 [1/1] (1.40ns)   --->   "%acc_4_V = add i15 %p_Val2_1114, %sext_ln703_4" [firmware/nnet_utils/nnet_dense_resource.h:59]   --->   Operation 92 'add' 'acc_4_V' <Predicate = true> <Delay = 1.40> <Core = "AddSub">   --->   Core 14 'AddSub' <Latency = 0> <II = 1> <Delay = 0.94> <FuncUnit> <Opcode : 'add' 'sub'> <InPorts = 2> <OutPorts = 1>
ST_4 : Operation 93 [1/1] (0.00ns)   --->   "%sext_ln1118_52 = sext i8 %tmp_390_i to i16" [firmware/nnet_utils/nnet_mult.h:73->firmware/nnet_utils/nnet_dense_resource.h:59]   --->   Operation 93 'sext' 'sext_ln1118_52' <Predicate = true> <Delay = 0.00>
ST_4 : Operation 94 [1/1] (2.44ns)   --->   "%mul_ln1118_79 = mul i16 %sext_ln1118_52, %zext_ln1116" [firmware/nnet_utils/nnet_mult.h:73->firmware/nnet_utils/nnet_dense_resource.h:59]   --->   Operation 94 'mul' 'mul_ln1118_79' <Predicate = true> <Delay = 2.44> <Core = "Mul">   --->   Core 16 'Mul' <Latency = 0> <II = 1> <Delay = 2.44> <FuncUnit> <Opcode : 'mul'> <InPorts = 2> <OutPorts = 1>
ST_4 : Operation 95 [1/1] (0.00ns)   --->   "%trunc_ln708_87 = call i11 @_ssdm_op_PartSelect.i11.i16.i32.i32(i16 %mul_ln1118_79, i32 5, i32 15)" [firmware/nnet_utils/nnet_dense_resource.h:59]   --->   Operation 95 'partselect' 'trunc_ln708_87' <Predicate = true> <Delay = 0.00>
ST_4 : Operation 96 [1/1] (0.00ns)   --->   "%sext_ln703_5 = sext i11 %trunc_ln708_87 to i15" [firmware/nnet_utils/nnet_dense_resource.h:59]   --->   Operation 96 'sext' 'sext_ln703_5' <Predicate = true> <Delay = 0.00>
ST_4 : Operation 97 [1/1] (1.40ns)   --->   "%acc_5_V = add i15 %p_Val2_1216, %sext_ln703_5" [firmware/nnet_utils/nnet_dense_resource.h:59]   --->   Operation 97 'add' 'acc_5_V' <Predicate = true> <Delay = 1.40> <Core = "AddSub">   --->   Core 14 'AddSub' <Latency = 0> <II = 1> <Delay = 0.94> <FuncUnit> <Opcode : 'add' 'sub'> <InPorts = 2> <OutPorts = 1>
ST_4 : Operation 98 [1/1] (0.00ns)   --->   "%empty = call i32 (...)* @_ssdm_op_SpecRegionEnd([10 x i8]* @p_str52, i32 %tmp_378_i)" [firmware/nnet_utils/nnet_dense_resource.h:76]   --->   Operation 98 'specregionend' 'empty' <Predicate = true> <Delay = 0.00>
ST_4 : Operation 99 [1/1] (0.00ns)   --->   "%empty_233 = call i32 (...)* @_ssdm_op_SpecLoopTripCount(i64 9, i64 9, i64 9)"   --->   Operation 99 'speclooptripcount' 'empty_233' <Predicate = true> <Delay = 0.00>
ST_4 : Operation 100 [1/1] (0.00ns)   --->   "br i1 %icmp_ln46, label %"dense_resource_rf_leq_nin<ap_ufixed<8, 0, 5, 3, 0>, ap_fixed<8, 2, 5, 3, 0>, config2_mult>.0.0.0.0.0.0.0.exit", label %rewind_header" [firmware/nnet_utils/nnet_dense_resource.h:46]   --->   Operation 100 'br' <Predicate = true> <Delay = 0.00>
ST_4 : Operation 101 [1/1] (0.00ns)   --->   "%res_0_V_write_assign = call i8 @_ssdm_op_PartSelect.i8.i15.i32.i32(i15 %acc_0_V, i32 4, i32 11)" [firmware/nnet_utils/nnet_mult.h:111->firmware/nnet_utils/nnet_dense_resource.h:82]   --->   Operation 101 'partselect' 'res_0_V_write_assign' <Predicate = (icmp_ln46)> <Delay = 0.00>
ST_4 : Operation 102 [1/1] (0.00ns)   --->   "%res_1_V_write_assign = call i8 @_ssdm_op_PartSelect.i8.i15.i32.i32(i15 %acc_1_V, i32 4, i32 11)" [firmware/nnet_utils/nnet_mult.h:111->firmware/nnet_utils/nnet_dense_resource.h:82]   --->   Operation 102 'partselect' 'res_1_V_write_assign' <Predicate = (icmp_ln46)> <Delay = 0.00>
ST_4 : Operation 103 [1/1] (0.00ns)   --->   "%res_2_V_write_assign = call i8 @_ssdm_op_PartSelect.i8.i15.i32.i32(i15 %acc_2_V, i32 4, i32 11)" [firmware/nnet_utils/nnet_mult.h:111->firmware/nnet_utils/nnet_dense_resource.h:82]   --->   Operation 103 'partselect' 'res_2_V_write_assign' <Predicate = (icmp_ln46)> <Delay = 0.00>
ST_4 : Operation 104 [1/1] (0.00ns)   --->   "%res_3_V_write_assign = call i8 @_ssdm_op_PartSelect.i8.i15.i32.i32(i15 %acc_3_V, i32 4, i32 11)" [firmware/nnet_utils/nnet_mult.h:111->firmware/nnet_utils/nnet_dense_resource.h:82]   --->   Operation 104 'partselect' 'res_3_V_write_assign' <Predicate = (icmp_ln46)> <Delay = 0.00>
ST_4 : Operation 105 [1/1] (0.00ns)   --->   "%res_4_V_write_assign = call i8 @_ssdm_op_PartSelect.i8.i15.i32.i32(i15 %acc_4_V, i32 4, i32 11)" [firmware/nnet_utils/nnet_mult.h:111->firmware/nnet_utils/nnet_dense_resource.h:82]   --->   Operation 105 'partselect' 'res_4_V_write_assign' <Predicate = (icmp_ln46)> <Delay = 0.00>
ST_4 : Operation 106 [1/1] (0.00ns)   --->   "%res_5_V_write_assign = call i8 @_ssdm_op_PartSelect.i8.i15.i32.i32(i15 %acc_5_V, i32 4, i32 11)" [firmware/nnet_utils/nnet_mult.h:111->firmware/nnet_utils/nnet_dense_resource.h:82]   --->   Operation 106 'partselect' 'res_5_V_write_assign' <Predicate = (icmp_ln46)> <Delay = 0.00>
ST_4 : Operation 107 [1/1] (0.00ns)   --->   "%mrv_i = insertvalue { i8, i8, i8, i8, i8, i8 } undef, i8 %res_0_V_write_assign, 0" [firmware/nnet_utils/nnet_dense_resource.h:84]   --->   Operation 107 'insertvalue' 'mrv_i' <Predicate = (icmp_ln46)> <Delay = 0.00>
ST_4 : Operation 108 [1/1] (0.00ns)   --->   "%mrv_1_i = insertvalue { i8, i8, i8, i8, i8, i8 } %mrv_i, i8 %res_1_V_write_assign, 1" [firmware/nnet_utils/nnet_dense_resource.h:84]   --->   Operation 108 'insertvalue' 'mrv_1_i' <Predicate = (icmp_ln46)> <Delay = 0.00>
ST_4 : Operation 109 [1/1] (0.00ns)   --->   "%mrv_2_i = insertvalue { i8, i8, i8, i8, i8, i8 } %mrv_1_i, i8 %res_2_V_write_assign, 2" [firmware/nnet_utils/nnet_dense_resource.h:84]   --->   Operation 109 'insertvalue' 'mrv_2_i' <Predicate = (icmp_ln46)> <Delay = 0.00>
ST_4 : Operation 110 [1/1] (0.00ns)   --->   "%mrv_3_i = insertvalue { i8, i8, i8, i8, i8, i8 } %mrv_2_i, i8 %res_3_V_write_assign, 3" [firmware/nnet_utils/nnet_dense_resource.h:84]   --->   Operation 110 'insertvalue' 'mrv_3_i' <Predicate = (icmp_ln46)> <Delay = 0.00>
ST_4 : Operation 111 [1/1] (0.00ns)   --->   "%mrv_4_i = insertvalue { i8, i8, i8, i8, i8, i8 } %mrv_3_i, i8 %res_4_V_write_assign, 4" [firmware/nnet_utils/nnet_dense_resource.h:84]   --->   Operation 111 'insertvalue' 'mrv_4_i' <Predicate = (icmp_ln46)> <Delay = 0.00>
ST_4 : Operation 112 [1/1] (0.00ns)   --->   "%mrv_5_i = insertvalue { i8, i8, i8, i8, i8, i8 } %mrv_4_i, i8 %res_5_V_write_assign, 5" [firmware/nnet_utils/nnet_dense_resource.h:84]   --->   Operation 112 'insertvalue' 'mrv_5_i' <Predicate = (icmp_ln46)> <Delay = 0.00>
ST_4 : Operation 113 [1/1] (0.00ns)   --->   "call void (...)* @_ssdm_op_Return({ i8, i8, i8, i8, i8, i8 } %mrv_5_i)" [firmware/nnet_utils/nnet_dense_resource.h:32]   --->   Operation 113 'return' <Predicate = (icmp_ln46)> <Delay = 0.00>


============================================================
+ Verbose Summary: Timing violations
============================================================
Target clock period: 5ns, clock uncertainty: 0.625ns.

 <State 1>: 0.835ns
The critical path consists of the following:
	multiplexor before 'phi' operation ('do_init') [14]  (0.835 ns)

 <State 2>: 1.77ns
The critical path consists of the following:
	'phi' operation ('ir') with incoming values : ('ir', firmware/nnet_utils/nnet_dense_resource.h:46) [15]  (0 ns)
	'getelementptr' operation ('w2_V_addr', firmware/nnet_utils/nnet_dense_resource.h:59) [64]  (0 ns)
	'load' operation ('w2_V_load', firmware/nnet_utils/nnet_dense_resource.h:59) on array 'w2_V' [65]  (1.77 ns)

 <State 3>: 2.21ns
The critical path consists of the following:
	'icmp' operation ('icmp_ln19_6', aesl_mux_load.9i8P.i4:19->firmware/nnet_utils/nnet_dense_resource.h:59) [46]  (0.909 ns)
	'or' operation ('or_ln19', aesl_mux_load.9i8P.i4:19->firmware/nnet_utils/nnet_dense_resource.h:59) [49]  (0.337 ns)
	'or' operation ('or_ln19_4', aesl_mux_load.9i8P.i4:19->firmware/nnet_utils/nnet_dense_resource.h:59) [57]  (0.337 ns)
	'select' operation ('select_ln19_6', aesl_mux_load.9i8P.i4:19->firmware/nnet_utils/nnet_dense_resource.h:59) [60]  (0.294 ns)
	'select' operation ('select_ln19_7', aesl_mux_load.9i8P.i4:19->firmware/nnet_utils/nnet_dense_resource.h:59) [62]  (0.337 ns)

 <State 4>: 3.84ns
The critical path consists of the following:
	'mul' operation ('mul_ln1118', firmware/nnet_utils/nnet_mult.h:73->firmware/nnet_utils/nnet_dense_resource.h:59) [69]  (2.44 ns)
	'add' operation ('acc[0].V', firmware/nnet_utils/nnet_dense_resource.h:59) [72]  (1.4 ns)


============================================================
+ Verbose Summary: Binding
============================================================
N/A
* FSMD analyzer results:
  - Output states:
 - Input state : 
  - Chain level:
	State 1
	State 2
	State 3
	State 4


============================================================
+ Verbose Summary: Datapath Resource usage 
============================================================
N/A
