

================================================================
== Vivado HLS Report for 'linear_array_array_ap_fixed_16_6_5_3_0_10u_linear_config19_s'
================================================================
* Date:           Mon Nov 24 11:54:31 2025

* Version:        2019.1 (Build 2552052 on Fri May 24 15:28:33 MDT 2019)
* Project:        myproject_prj
* Solution:       solution1
* Product family: kintexu
* Target device:  xcku035-fbva676-2-e


================================================================
== Performance Estimates
================================================================
+ Timing (ns): 
    * Summary: 
    +--------+-------+----------+------------+
    |  Clock | Target| Estimated| Uncertainty|
    +--------+-------+----------+------------+
    |ap_clk  |   5.00|     4.375|        0.62|
    +--------+-------+----------+------------+

+ Latency (clock cycles): 
    * Summary: 
    +-----+-----+-----+-----+----------+
    |  Latency  |  Interval | Pipeline |
    | min | max | min | max |   Type   |
    +-----+-----+-----+-----+----------+
    |    0|    0|    1|    1| function |
    +-----+-----+-----+-----+----------+

    + Detail: 
        * Instance: 
        N/A

        * Loop: 
        N/A



================================================================
== Utilization Estimates
================================================================
* Summary: 
+-----------------+---------+-------+--------+--------+-----+
|       Name      | BRAM_18K| DSP48E|   FF   |   LUT  | URAM|
+-----------------+---------+-------+--------+--------+-----+
|DSP              |        -|      -|       -|       -|    -|
|Expression       |        -|      -|       0|       6|    -|
|FIFO             |        -|      -|       -|       -|    -|
|Instance         |        -|      -|       -|       -|    -|
|Memory           |        -|      -|       -|       -|    -|
|Multiplexer      |        -|      -|       -|     198|    -|
|Register         |        -|      -|       3|       -|    -|
+-----------------+---------+-------+--------+--------+-----+
|Total            |        0|      0|       3|     204|    0|
+-----------------+---------+-------+--------+--------+-----+
|Available        |     1080|   1700|  406256|  203128|    0|
+-----------------+---------+-------+--------+--------+-----+
|Utilization (%)  |        0|      0|   ~0   |   ~0   |    0|
+-----------------+---------+-------+--------+--------+-----+

+ Detail: 
    * Instance: 
    N/A

    * DSP48E: 
    N/A

    * Memory: 
    N/A

    * FIFO: 
    N/A

    * Expression: 
    +--------------------------+----------+-------+---+----+------------+------------+
    |       Variable Name      | Operation| DSP48E| FF| LUT| Bitwidth P0| Bitwidth P1|
    +--------------------------+----------+-------+---+----+------------+------------+
    |io_acc_block_signal_op25  |    and   |      0|  0|   2|           1|           1|
    |io_acc_block_signal_op56  |    and   |      0|  0|   2|           1|           1|
    |ap_block_state1           |    or    |      0|  0|   2|           1|           1|
    +--------------------------+----------+-------+---+----+------------+------------+
    |Total                     |          |      0|  0|   6|           3|           3|
    +--------------------------+----------+-------+---+----+------------+------------+

    * Multiplexer: 
    +-----------------------+----+-----------+-----+-----------+
    |          Name         | LUT| Input Size| Bits| Total Bits|
    +-----------------------+----+-----------+-----+-----------+
    |ap_done                |   9|          2|    1|          2|
    |data_V_data_0_V_blk_n  |   9|          2|    1|          2|
    |data_V_data_1_V_blk_n  |   9|          2|    1|          2|
    |data_V_data_2_V_blk_n  |   9|          2|    1|          2|
    |data_V_data_3_V_blk_n  |   9|          2|    1|          2|
    |data_V_data_4_V_blk_n  |   9|          2|    1|          2|
    |data_V_data_5_V_blk_n  |   9|          2|    1|          2|
    |data_V_data_6_V_blk_n  |   9|          2|    1|          2|
    |data_V_data_7_V_blk_n  |   9|          2|    1|          2|
    |data_V_data_8_V_blk_n  |   9|          2|    1|          2|
    |data_V_data_9_V_blk_n  |   9|          2|    1|          2|
    |real_start             |   9|          2|    1|          2|
    |res_V_data_0_V_blk_n   |   9|          2|    1|          2|
    |res_V_data_1_V_blk_n   |   9|          2|    1|          2|
    |res_V_data_2_V_blk_n   |   9|          2|    1|          2|
    |res_V_data_3_V_blk_n   |   9|          2|    1|          2|
    |res_V_data_4_V_blk_n   |   9|          2|    1|          2|
    |res_V_data_5_V_blk_n   |   9|          2|    1|          2|
    |res_V_data_6_V_blk_n   |   9|          2|    1|          2|
    |res_V_data_7_V_blk_n   |   9|          2|    1|          2|
    |res_V_data_8_V_blk_n   |   9|          2|    1|          2|
    |res_V_data_9_V_blk_n   |   9|          2|    1|          2|
    +-----------------------+----+-----------+-----+-----------+
    |Total                  | 198|         44|   22|         44|
    +-----------------------+----+-----------+-----+-----------+

    * Register: 
    +----------------+---+----+-----+-----------+
    |      Name      | FF| LUT| Bits| Const Bits|
    +----------------+---+----+-----+-----------+
    |ap_CS_fsm       |  1|   0|    1|          0|
    |ap_done_reg     |  1|   0|    1|          0|
    |start_once_reg  |  1|   0|    1|          0|
    +----------------+---+----+-----+-----------+
    |Total           |  3|   0|    3|          0|
    +----------------+---+----+-----+-----------+



================================================================
== Interface
================================================================
* Summary: 
+-------------------------+-----+-----+------------+---------------------------------------------------------------+--------------+
|        RTL Ports        | Dir | Bits|  Protocol  |                         Source Object                         |    C Type    |
+-------------------------+-----+-----+------------+---------------------------------------------------------------+--------------+
|ap_clk                   |  in |    1| ap_ctrl_hs | linear<array,array<ap_fixed<16,6,5,3,0>,10u>,linear_config19> | return value |
|ap_rst                   |  in |    1| ap_ctrl_hs | linear<array,array<ap_fixed<16,6,5,3,0>,10u>,linear_config19> | return value |
|ap_start                 |  in |    1| ap_ctrl_hs | linear<array,array<ap_fixed<16,6,5,3,0>,10u>,linear_config19> | return value |
|start_full_n             |  in |    1| ap_ctrl_hs | linear<array,array<ap_fixed<16,6,5,3,0>,10u>,linear_config19> | return value |
|ap_done                  | out |    1| ap_ctrl_hs | linear<array,array<ap_fixed<16,6,5,3,0>,10u>,linear_config19> | return value |
|ap_continue              |  in |    1| ap_ctrl_hs | linear<array,array<ap_fixed<16,6,5,3,0>,10u>,linear_config19> | return value |
|ap_idle                  | out |    1| ap_ctrl_hs | linear<array,array<ap_fixed<16,6,5,3,0>,10u>,linear_config19> | return value |
|ap_ready                 | out |    1| ap_ctrl_hs | linear<array,array<ap_fixed<16,6,5,3,0>,10u>,linear_config19> | return value |
|start_out                | out |    1| ap_ctrl_hs | linear<array,array<ap_fixed<16,6,5,3,0>,10u>,linear_config19> | return value |
|start_write              | out |    1| ap_ctrl_hs | linear<array,array<ap_fixed<16,6,5,3,0>,10u>,linear_config19> | return value |
|data_V_data_0_V_dout     |  in |    8|   ap_fifo  |                        data_V_data_0_V                        |    pointer   |
|data_V_data_0_V_empty_n  |  in |    1|   ap_fifo  |                        data_V_data_0_V                        |    pointer   |
|data_V_data_0_V_read     | out |    1|   ap_fifo  |                        data_V_data_0_V                        |    pointer   |
|data_V_data_1_V_dout     |  in |    8|   ap_fifo  |                        data_V_data_1_V                        |    pointer   |
|data_V_data_1_V_empty_n  |  in |    1|   ap_fifo  |                        data_V_data_1_V                        |    pointer   |
|data_V_data_1_V_read     | out |    1|   ap_fifo  |                        data_V_data_1_V                        |    pointer   |
|data_V_data_2_V_dout     |  in |    8|   ap_fifo  |                        data_V_data_2_V                        |    pointer   |
|data_V_data_2_V_empty_n  |  in |    1|   ap_fifo  |                        data_V_data_2_V                        |    pointer   |
|data_V_data_2_V_read     | out |    1|   ap_fifo  |                        data_V_data_2_V                        |    pointer   |
|data_V_data_3_V_dout     |  in |    8|   ap_fifo  |                        data_V_data_3_V                        |    pointer   |
|data_V_data_3_V_empty_n  |  in |    1|   ap_fifo  |                        data_V_data_3_V                        |    pointer   |
|data_V_data_3_V_read     | out |    1|   ap_fifo  |                        data_V_data_3_V                        |    pointer   |
|data_V_data_4_V_dout     |  in |    8|   ap_fifo  |                        data_V_data_4_V                        |    pointer   |
|data_V_data_4_V_empty_n  |  in |    1|   ap_fifo  |                        data_V_data_4_V                        |    pointer   |
|data_V_data_4_V_read     | out |    1|   ap_fifo  |                        data_V_data_4_V                        |    pointer   |
|data_V_data_5_V_dout     |  in |    8|   ap_fifo  |                        data_V_data_5_V                        |    pointer   |
|data_V_data_5_V_empty_n  |  in |    1|   ap_fifo  |                        data_V_data_5_V                        |    pointer   |
|data_V_data_5_V_read     | out |    1|   ap_fifo  |                        data_V_data_5_V                        |    pointer   |
|data_V_data_6_V_dout     |  in |    8|   ap_fifo  |                        data_V_data_6_V                        |    pointer   |
|data_V_data_6_V_empty_n  |  in |    1|   ap_fifo  |                        data_V_data_6_V                        |    pointer   |
|data_V_data_6_V_read     | out |    1|   ap_fifo  |                        data_V_data_6_V                        |    pointer   |
|data_V_data_7_V_dout     |  in |    8|   ap_fifo  |                        data_V_data_7_V                        |    pointer   |
|data_V_data_7_V_empty_n  |  in |    1|   ap_fifo  |                        data_V_data_7_V                        |    pointer   |
|data_V_data_7_V_read     | out |    1|   ap_fifo  |                        data_V_data_7_V                        |    pointer   |
|data_V_data_8_V_dout     |  in |    8|   ap_fifo  |                        data_V_data_8_V                        |    pointer   |
|data_V_data_8_V_empty_n  |  in |    1|   ap_fifo  |                        data_V_data_8_V                        |    pointer   |
|data_V_data_8_V_read     | out |    1|   ap_fifo  |                        data_V_data_8_V                        |    pointer   |
|data_V_data_9_V_dout     |  in |    8|   ap_fifo  |                        data_V_data_9_V                        |    pointer   |
|data_V_data_9_V_empty_n  |  in |    1|   ap_fifo  |                        data_V_data_9_V                        |    pointer   |
|data_V_data_9_V_read     | out |    1|   ap_fifo  |                        data_V_data_9_V                        |    pointer   |
|res_V_data_0_V_din       | out |   16|   ap_fifo  |                         res_V_data_0_V                        |    pointer   |
|res_V_data_0_V_full_n    |  in |    1|   ap_fifo  |                         res_V_data_0_V                        |    pointer   |
|res_V_data_0_V_write     | out |    1|   ap_fifo  |                         res_V_data_0_V                        |    pointer   |
|res_V_data_1_V_din       | out |   16|   ap_fifo  |                         res_V_data_1_V                        |    pointer   |
|res_V_data_1_V_full_n    |  in |    1|   ap_fifo  |                         res_V_data_1_V                        |    pointer   |
|res_V_data_1_V_write     | out |    1|   ap_fifo  |                         res_V_data_1_V                        |    pointer   |
|res_V_data_2_V_din       | out |   16|   ap_fifo  |                         res_V_data_2_V                        |    pointer   |
|res_V_data_2_V_full_n    |  in |    1|   ap_fifo  |                         res_V_data_2_V                        |    pointer   |
|res_V_data_2_V_write     | out |    1|   ap_fifo  |                         res_V_data_2_V                        |    pointer   |
|res_V_data_3_V_din       | out |   16|   ap_fifo  |                         res_V_data_3_V                        |    pointer   |
|res_V_data_3_V_full_n    |  in |    1|   ap_fifo  |                         res_V_data_3_V                        |    pointer   |
|res_V_data_3_V_write     | out |    1|   ap_fifo  |                         res_V_data_3_V                        |    pointer   |
|res_V_data_4_V_din       | out |   16|   ap_fifo  |                         res_V_data_4_V                        |    pointer   |
|res_V_data_4_V_full_n    |  in |    1|   ap_fifo  |                         res_V_data_4_V                        |    pointer   |
|res_V_data_4_V_write     | out |    1|   ap_fifo  |                         res_V_data_4_V                        |    pointer   |
|res_V_data_5_V_din       | out |   16|   ap_fifo  |                         res_V_data_5_V                        |    pointer   |
|res_V_data_5_V_full_n    |  in |    1|   ap_fifo  |                         res_V_data_5_V                        |    pointer   |
|res_V_data_5_V_write     | out |    1|   ap_fifo  |                         res_V_data_5_V                        |    pointer   |
|res_V_data_6_V_din       | out |   16|   ap_fifo  |                         res_V_data_6_V                        |    pointer   |
|res_V_data_6_V_full_n    |  in |    1|   ap_fifo  |                         res_V_data_6_V                        |    pointer   |
|res_V_data_6_V_write     | out |    1|   ap_fifo  |                         res_V_data_6_V                        |    pointer   |
|res_V_data_7_V_din       | out |   16|   ap_fifo  |                         res_V_data_7_V                        |    pointer   |
|res_V_data_7_V_full_n    |  in |    1|   ap_fifo  |                         res_V_data_7_V                        |    pointer   |
|res_V_data_7_V_write     | out |    1|   ap_fifo  |                         res_V_data_7_V                        |    pointer   |
|res_V_data_8_V_din       | out |   16|   ap_fifo  |                         res_V_data_8_V                        |    pointer   |
|res_V_data_8_V_full_n    |  in |    1|   ap_fifo  |                         res_V_data_8_V                        |    pointer   |
|res_V_data_8_V_write     | out |    1|   ap_fifo  |                         res_V_data_8_V                        |    pointer   |
|res_V_data_9_V_din       | out |   16|   ap_fifo  |                         res_V_data_9_V                        |    pointer   |
|res_V_data_9_V_full_n    |  in |    1|   ap_fifo  |                         res_V_data_9_V                        |    pointer   |
|res_V_data_9_V_write     | out |    1|   ap_fifo  |                         res_V_data_9_V                        |    pointer   |
+-------------------------+-----+-----+------------+---------------------------------------------------------------+--------------+

============================================================
+ Verbose Summary: Synthesis Manager
============================================================
InlineROM: 1
ExposeGlobal: 0
============================================================
+ Verbose Summary: CDFG Model
============================================================
IsTopModel: 0
ResetActiveHigh: 1
IsCombinational: 2
IsDatapathOnly: 0
HasWiredReturn: 1
HasMFsm: 2
HasVarLatency: 0
IsPipeline: 1
IsRtlPipelined: 0
IsInstanceOverlapped: 0
IsDontTouch: 0
HasImplIP: 0
IsGatedGlobalClock: 0

+ Individual pipeline summary: 
  * Pipeline-0: initiation interval (II) = 1, depth = 1


============================================================
+ Verbose Summary: Schedule
============================================================
* Number of FSM states : 1
* Pipeline : 1
  Pipeline-0 : II = 1, D = 1, States = { 1 }
* Dataflow Pipeline: 0

* FSM state transitions: 
1 --> 

* FSM state operations: 

State 1 <SV = 0> <Delay = 4.37>
ST_1 : Operation 2 [1/1] (0.00ns)   --->   "call void (...)* @_ssdm_op_SpecInterface(i16* %res_V_data_9_V, [8 x i8]* @ap_fifo_str, i32 0, i32 0, [1 x i8]* @p_str1623, i32 0, i32 0, [1 x i8]* @p_str1624, [1 x i8]* @p_str1625, [1 x i8]* @p_str1626, i32 2, i32 2, i32 16, i32 16, [1 x i8]* @p_str1627, [1 x i8]* @p_str1628)"   --->   Operation 2 'specinterface' <Predicate = true> <Delay = 0.00>
ST_1 : Operation 3 [1/1] (0.00ns)   --->   "call void (...)* @_ssdm_op_SpecInterface(i16* %res_V_data_8_V, [8 x i8]* @ap_fifo_str, i32 0, i32 0, [1 x i8]* @p_str1616, i32 0, i32 0, [1 x i8]* @p_str1617, [1 x i8]* @p_str1618, [1 x i8]* @p_str1619, i32 2, i32 2, i32 16, i32 16, [1 x i8]* @p_str1620, [1 x i8]* @p_str1621)"   --->   Operation 3 'specinterface' <Predicate = true> <Delay = 0.00>
ST_1 : Operation 4 [1/1] (0.00ns)   --->   "call void (...)* @_ssdm_op_SpecInterface(i16* %res_V_data_7_V, [8 x i8]* @ap_fifo_str, i32 0, i32 0, [1 x i8]* @p_str1609, i32 0, i32 0, [1 x i8]* @p_str1610, [1 x i8]* @p_str1611, [1 x i8]* @p_str1612, i32 2, i32 2, i32 16, i32 16, [1 x i8]* @p_str1613, [1 x i8]* @p_str1614)"   --->   Operation 4 'specinterface' <Predicate = true> <Delay = 0.00>
ST_1 : Operation 5 [1/1] (0.00ns)   --->   "call void (...)* @_ssdm_op_SpecInterface(i16* %res_V_data_6_V, [8 x i8]* @ap_fifo_str, i32 0, i32 0, [1 x i8]* @p_str1602, i32 0, i32 0, [1 x i8]* @p_str1603, [1 x i8]* @p_str1604, [1 x i8]* @p_str1605, i32 2, i32 2, i32 16, i32 16, [1 x i8]* @p_str1606, [1 x i8]* @p_str1607)"   --->   Operation 5 'specinterface' <Predicate = true> <Delay = 0.00>
ST_1 : Operation 6 [1/1] (0.00ns)   --->   "call void (...)* @_ssdm_op_SpecInterface(i16* %res_V_data_5_V, [8 x i8]* @ap_fifo_str, i32 0, i32 0, [1 x i8]* @p_str1595, i32 0, i32 0, [1 x i8]* @p_str1596, [1 x i8]* @p_str1597, [1 x i8]* @p_str1598, i32 2, i32 2, i32 16, i32 16, [1 x i8]* @p_str1599, [1 x i8]* @p_str1600)"   --->   Operation 6 'specinterface' <Predicate = true> <Delay = 0.00>
ST_1 : Operation 7 [1/1] (0.00ns)   --->   "call void (...)* @_ssdm_op_SpecInterface(i16* %res_V_data_4_V, [8 x i8]* @ap_fifo_str, i32 0, i32 0, [1 x i8]* @p_str1588, i32 0, i32 0, [1 x i8]* @p_str1589, [1 x i8]* @p_str1590, [1 x i8]* @p_str1591, i32 2, i32 2, i32 16, i32 16, [1 x i8]* @p_str1592, [1 x i8]* @p_str1593)"   --->   Operation 7 'specinterface' <Predicate = true> <Delay = 0.00>
ST_1 : Operation 8 [1/1] (0.00ns)   --->   "call void (...)* @_ssdm_op_SpecInterface(i16* %res_V_data_3_V, [8 x i8]* @ap_fifo_str, i32 0, i32 0, [1 x i8]* @p_str1581, i32 0, i32 0, [1 x i8]* @p_str1582, [1 x i8]* @p_str1583, [1 x i8]* @p_str1584, i32 2, i32 2, i32 16, i32 16, [1 x i8]* @p_str1585, [1 x i8]* @p_str1586)"   --->   Operation 8 'specinterface' <Predicate = true> <Delay = 0.00>
ST_1 : Operation 9 [1/1] (0.00ns)   --->   "call void (...)* @_ssdm_op_SpecInterface(i16* %res_V_data_2_V, [8 x i8]* @ap_fifo_str, i32 0, i32 0, [1 x i8]* @p_str1574, i32 0, i32 0, [1 x i8]* @p_str1575, [1 x i8]* @p_str1576, [1 x i8]* @p_str1577, i32 2, i32 2, i32 16, i32 16, [1 x i8]* @p_str1578, [1 x i8]* @p_str1579)"   --->   Operation 9 'specinterface' <Predicate = true> <Delay = 0.00>
ST_1 : Operation 10 [1/1] (0.00ns)   --->   "call void (...)* @_ssdm_op_SpecInterface(i16* %res_V_data_1_V, [8 x i8]* @ap_fifo_str, i32 0, i32 0, [1 x i8]* @p_str1567, i32 0, i32 0, [1 x i8]* @p_str1568, [1 x i8]* @p_str1569, [1 x i8]* @p_str1570, i32 2, i32 2, i32 16, i32 16, [1 x i8]* @p_str1571, [1 x i8]* @p_str1572)"   --->   Operation 10 'specinterface' <Predicate = true> <Delay = 0.00>
ST_1 : Operation 11 [1/1] (0.00ns)   --->   "call void (...)* @_ssdm_op_SpecInterface(i16* %res_V_data_0_V, [8 x i8]* @ap_fifo_str, i32 0, i32 0, [1 x i8]* @p_str1560, i32 0, i32 0, [1 x i8]* @p_str1561, [1 x i8]* @p_str1562, [1 x i8]* @p_str1563, i32 2, i32 2, i32 16, i32 16, [1 x i8]* @p_str1564, [1 x i8]* @p_str1565)"   --->   Operation 11 'specinterface' <Predicate = true> <Delay = 0.00>
ST_1 : Operation 12 [1/1] (0.00ns)   --->   "call void (...)* @_ssdm_op_SpecInterface(i8* %data_V_data_9_V, [8 x i8]* @ap_fifo_str, i32 0, i32 0, [1 x i8]* @p_str1553, i32 0, i32 0, [1 x i8]* @p_str1554, [1 x i8]* @p_str1555, [1 x i8]* @p_str1556, i32 2, i32 2, i32 16, i32 16, [1 x i8]* @p_str1557, [1 x i8]* @p_str1558)"   --->   Operation 12 'specinterface' <Predicate = true> <Delay = 0.00>
ST_1 : Operation 13 [1/1] (0.00ns)   --->   "call void (...)* @_ssdm_op_SpecInterface(i8* %data_V_data_8_V, [8 x i8]* @ap_fifo_str, i32 0, i32 0, [1 x i8]* @p_str1546, i32 0, i32 0, [1 x i8]* @p_str1547, [1 x i8]* @p_str1548, [1 x i8]* @p_str1549, i32 2, i32 2, i32 16, i32 16, [1 x i8]* @p_str1550, [1 x i8]* @p_str1551)"   --->   Operation 13 'specinterface' <Predicate = true> <Delay = 0.00>
ST_1 : Operation 14 [1/1] (0.00ns)   --->   "call void (...)* @_ssdm_op_SpecInterface(i8* %data_V_data_7_V, [8 x i8]* @ap_fifo_str, i32 0, i32 0, [1 x i8]* @p_str1539, i32 0, i32 0, [1 x i8]* @p_str1540, [1 x i8]* @p_str1541, [1 x i8]* @p_str1542, i32 2, i32 2, i32 16, i32 16, [1 x i8]* @p_str1543, [1 x i8]* @p_str1544)"   --->   Operation 14 'specinterface' <Predicate = true> <Delay = 0.00>
ST_1 : Operation 15 [1/1] (0.00ns)   --->   "call void (...)* @_ssdm_op_SpecInterface(i8* %data_V_data_6_V, [8 x i8]* @ap_fifo_str, i32 0, i32 0, [1 x i8]* @p_str1532, i32 0, i32 0, [1 x i8]* @p_str1533, [1 x i8]* @p_str1534, [1 x i8]* @p_str1535, i32 2, i32 2, i32 16, i32 16, [1 x i8]* @p_str1536, [1 x i8]* @p_str1537)"   --->   Operation 15 'specinterface' <Predicate = true> <Delay = 0.00>
ST_1 : Operation 16 [1/1] (0.00ns)   --->   "call void (...)* @_ssdm_op_SpecInterface(i8* %data_V_data_5_V, [8 x i8]* @ap_fifo_str, i32 0, i32 0, [1 x i8]* @p_str1525, i32 0, i32 0, [1 x i8]* @p_str1526, [1 x i8]* @p_str1527, [1 x i8]* @p_str1528, i32 2, i32 2, i32 16, i32 16, [1 x i8]* @p_str1529, [1 x i8]* @p_str1530)"   --->   Operation 16 'specinterface' <Predicate = true> <Delay = 0.00>
ST_1 : Operation 17 [1/1] (0.00ns)   --->   "call void (...)* @_ssdm_op_SpecInterface(i8* %data_V_data_4_V, [8 x i8]* @ap_fifo_str, i32 0, i32 0, [1 x i8]* @p_str1518, i32 0, i32 0, [1 x i8]* @p_str1519, [1 x i8]* @p_str1520, [1 x i8]* @p_str1521, i32 2, i32 2, i32 16, i32 16, [1 x i8]* @p_str1522, [1 x i8]* @p_str1523)"   --->   Operation 17 'specinterface' <Predicate = true> <Delay = 0.00>
ST_1 : Operation 18 [1/1] (0.00ns)   --->   "call void (...)* @_ssdm_op_SpecInterface(i8* %data_V_data_3_V, [8 x i8]* @ap_fifo_str, i32 0, i32 0, [1 x i8]* @p_str1511, i32 0, i32 0, [1 x i8]* @p_str1512, [1 x i8]* @p_str1513, [1 x i8]* @p_str1514, i32 2, i32 2, i32 16, i32 16, [1 x i8]* @p_str1515, [1 x i8]* @p_str1516)"   --->   Operation 18 'specinterface' <Predicate = true> <Delay = 0.00>
ST_1 : Operation 19 [1/1] (0.00ns)   --->   "call void (...)* @_ssdm_op_SpecInterface(i8* %data_V_data_2_V, [8 x i8]* @ap_fifo_str, i32 0, i32 0, [1 x i8]* @p_str1504, i32 0, i32 0, [1 x i8]* @p_str1505, [1 x i8]* @p_str1506, [1 x i8]* @p_str1507, i32 2, i32 2, i32 16, i32 16, [1 x i8]* @p_str1508, [1 x i8]* @p_str1509)"   --->   Operation 19 'specinterface' <Predicate = true> <Delay = 0.00>
ST_1 : Operation 20 [1/1] (0.00ns)   --->   "call void (...)* @_ssdm_op_SpecInterface(i8* %data_V_data_1_V, [8 x i8]* @ap_fifo_str, i32 0, i32 0, [1 x i8]* @p_str1497, i32 0, i32 0, [1 x i8]* @p_str1498, [1 x i8]* @p_str1499, [1 x i8]* @p_str1500, i32 2, i32 2, i32 16, i32 16, [1 x i8]* @p_str1501, [1 x i8]* @p_str1502)"   --->   Operation 20 'specinterface' <Predicate = true> <Delay = 0.00>
ST_1 : Operation 21 [1/1] (0.00ns)   --->   "call void (...)* @_ssdm_op_SpecInterface(i8* %data_V_data_0_V, [8 x i8]* @ap_fifo_str, i32 0, i32 0, [1 x i8]* @p_str1490, i32 0, i32 0, [1 x i8]* @p_str1491, [1 x i8]* @p_str1492, [1 x i8]* @p_str1493, i32 2, i32 2, i32 16, i32 16, [1 x i8]* @p_str1494, [1 x i8]* @p_str1495)"   --->   Operation 21 'specinterface' <Predicate = true> <Delay = 0.00>
ST_1 : Operation 22 [1/1] (0.00ns)   --->   "call void (...)* @_ssdm_op_SpecLoopName([14 x i8]* @p_str37) nounwind" [firmware/nnet_utils/nnet_activation_stream.h:19]   --->   Operation 22 'specloopname' <Predicate = true> <Delay = 0.00>
ST_1 : Operation 23 [1/1] (0.00ns)   --->   "%tmp = call i32 (...)* @_ssdm_op_SpecRegionBegin([14 x i8]* @p_str37)" [firmware/nnet_utils/nnet_activation_stream.h:19]   --->   Operation 23 'specregionbegin' 'tmp' <Predicate = true> <Delay = 0.00>
ST_1 : Operation 24 [1/1] (0.00ns)   --->   "call void (...)* @_ssdm_op_SpecPipeline(i32 -1, i32 1, i32 1, i32 0, [1 x i8]* @p_str17) nounwind" [firmware/nnet_utils/nnet_activation_stream.h:20]   --->   Operation 24 'specpipeline' <Predicate = true> <Delay = 0.00>
ST_1 : Operation 25 [1/1] (2.18ns)   --->   "%empty = call { i8, i8, i8, i8, i8, i8, i8, i8, i8, i8 } @_ssdm_op_Read.ap_fifo.volatile.i8P.i8P.i8P.i8P.i8P.i8P.i8P.i8P.i8P.i8P(i8* %data_V_data_0_V, i8* %data_V_data_1_V, i8* %data_V_data_2_V, i8* %data_V_data_3_V, i8* %data_V_data_4_V, i8* %data_V_data_5_V, i8* %data_V_data_6_V, i8* %data_V_data_7_V, i8* %data_V_data_8_V, i8* %data_V_data_9_V)" [firmware/nnet_utils/nnet_activation_stream.h:22]   --->   Operation 25 'read' 'empty' <Predicate = true> <Delay = 2.18> <Core = "FIFO">   --->   Core 32 'FIFO' <Latency = 0> <II = 1> <Delay = 2.26> <Storage> <Opcode : 'read' 'write' 'nbread' 'nbwrite'> <Ports = 0> <Width = 8> <Depth = 1> <FIFO>
ST_1 : Operation 26 [1/1] (0.00ns)   --->   "%tmp_data_V_26_0 = extractvalue { i8, i8, i8, i8, i8, i8, i8, i8, i8, i8 } %empty, 0" [firmware/nnet_utils/nnet_activation_stream.h:22]   --->   Operation 26 'extractvalue' 'tmp_data_V_26_0' <Predicate = true> <Delay = 0.00>
ST_1 : Operation 27 [1/1] (0.00ns)   --->   "%tmp_data_V_26_1 = extractvalue { i8, i8, i8, i8, i8, i8, i8, i8, i8, i8 } %empty, 1" [firmware/nnet_utils/nnet_activation_stream.h:22]   --->   Operation 27 'extractvalue' 'tmp_data_V_26_1' <Predicate = true> <Delay = 0.00>
ST_1 : Operation 28 [1/1] (0.00ns)   --->   "%tmp_data_V_26_2 = extractvalue { i8, i8, i8, i8, i8, i8, i8, i8, i8, i8 } %empty, 2" [firmware/nnet_utils/nnet_activation_stream.h:22]   --->   Operation 28 'extractvalue' 'tmp_data_V_26_2' <Predicate = true> <Delay = 0.00>
ST_1 : Operation 29 [1/1] (0.00ns)   --->   "%tmp_data_V_26_3 = extractvalue { i8, i8, i8, i8, i8, i8, i8, i8, i8, i8 } %empty, 3" [firmware/nnet_utils/nnet_activation_stream.h:22]   --->   Operation 29 'extractvalue' 'tmp_data_V_26_3' <Predicate = true> <Delay = 0.00>
ST_1 : Operation 30 [1/1] (0.00ns)   --->   "%tmp_data_V_26_4 = extractvalue { i8, i8, i8, i8, i8, i8, i8, i8, i8, i8 } %empty, 4" [firmware/nnet_utils/nnet_activation_stream.h:22]   --->   Operation 30 'extractvalue' 'tmp_data_V_26_4' <Predicate = true> <Delay = 0.00>
ST_1 : Operation 31 [1/1] (0.00ns)   --->   "%tmp_data_V_26_5 = extractvalue { i8, i8, i8, i8, i8, i8, i8, i8, i8, i8 } %empty, 5" [firmware/nnet_utils/nnet_activation_stream.h:22]   --->   Operation 31 'extractvalue' 'tmp_data_V_26_5' <Predicate = true> <Delay = 0.00>
ST_1 : Operation 32 [1/1] (0.00ns)   --->   "%tmp_data_V_26_6 = extractvalue { i8, i8, i8, i8, i8, i8, i8, i8, i8, i8 } %empty, 6" [firmware/nnet_utils/nnet_activation_stream.h:22]   --->   Operation 32 'extractvalue' 'tmp_data_V_26_6' <Predicate = true> <Delay = 0.00>
ST_1 : Operation 33 [1/1] (0.00ns)   --->   "%tmp_data_V_26_7 = extractvalue { i8, i8, i8, i8, i8, i8, i8, i8, i8, i8 } %empty, 7" [firmware/nnet_utils/nnet_activation_stream.h:22]   --->   Operation 33 'extractvalue' 'tmp_data_V_26_7' <Predicate = true> <Delay = 0.00>
ST_1 : Operation 34 [1/1] (0.00ns)   --->   "%tmp_data_V_26_8 = extractvalue { i8, i8, i8, i8, i8, i8, i8, i8, i8, i8 } %empty, 8" [firmware/nnet_utils/nnet_activation_stream.h:22]   --->   Operation 34 'extractvalue' 'tmp_data_V_26_8' <Predicate = true> <Delay = 0.00>
ST_1 : Operation 35 [1/1] (0.00ns)   --->   "%tmp_data_V_26_9 = extractvalue { i8, i8, i8, i8, i8, i8, i8, i8, i8, i8 } %empty, 9" [firmware/nnet_utils/nnet_activation_stream.h:22]   --->   Operation 35 'extractvalue' 'tmp_data_V_26_9' <Predicate = true> <Delay = 0.00>
ST_1 : Operation 36 [1/1] (0.00ns)   --->   "%tmp_data_0_V = call i12 @_ssdm_op_BitConcatenate.i12.i8.i4(i8 %tmp_data_V_26_0, i4 0)" [firmware/nnet_utils/nnet_activation_stream.h:29]   --->   Operation 36 'bitconcatenate' 'tmp_data_0_V' <Predicate = true> <Delay = 0.00>
ST_1 : Operation 37 [1/1] (0.00ns)   --->   "%tmp_data_0_V_5 = sext i12 %tmp_data_0_V to i16" [firmware/nnet_utils/nnet_activation_stream.h:29]   --->   Operation 37 'sext' 'tmp_data_0_V_5' <Predicate = true> <Delay = 0.00>
ST_1 : Operation 38 [1/1] (0.00ns)   --->   "%tmp_data_1_V = call i12 @_ssdm_op_BitConcatenate.i12.i8.i4(i8 %tmp_data_V_26_1, i4 0)" [firmware/nnet_utils/nnet_activation_stream.h:29]   --->   Operation 38 'bitconcatenate' 'tmp_data_1_V' <Predicate = true> <Delay = 0.00>
ST_1 : Operation 39 [1/1] (0.00ns)   --->   "%tmp_data_1_V_5 = sext i12 %tmp_data_1_V to i16" [firmware/nnet_utils/nnet_activation_stream.h:29]   --->   Operation 39 'sext' 'tmp_data_1_V_5' <Predicate = true> <Delay = 0.00>
ST_1 : Operation 40 [1/1] (0.00ns)   --->   "%tmp_data_2_V = call i12 @_ssdm_op_BitConcatenate.i12.i8.i4(i8 %tmp_data_V_26_2, i4 0)" [firmware/nnet_utils/nnet_activation_stream.h:29]   --->   Operation 40 'bitconcatenate' 'tmp_data_2_V' <Predicate = true> <Delay = 0.00>
ST_1 : Operation 41 [1/1] (0.00ns)   --->   "%tmp_data_2_V_5 = sext i12 %tmp_data_2_V to i16" [firmware/nnet_utils/nnet_activation_stream.h:29]   --->   Operation 41 'sext' 'tmp_data_2_V_5' <Predicate = true> <Delay = 0.00>
ST_1 : Operation 42 [1/1] (0.00ns)   --->   "%tmp_data_3_V = call i12 @_ssdm_op_BitConcatenate.i12.i8.i4(i8 %tmp_data_V_26_3, i4 0)" [firmware/nnet_utils/nnet_activation_stream.h:29]   --->   Operation 42 'bitconcatenate' 'tmp_data_3_V' <Predicate = true> <Delay = 0.00>
ST_1 : Operation 43 [1/1] (0.00ns)   --->   "%tmp_data_3_V_5 = sext i12 %tmp_data_3_V to i16" [firmware/nnet_utils/nnet_activation_stream.h:29]   --->   Operation 43 'sext' 'tmp_data_3_V_5' <Predicate = true> <Delay = 0.00>
ST_1 : Operation 44 [1/1] (0.00ns)   --->   "%tmp_data_4_V = call i12 @_ssdm_op_BitConcatenate.i12.i8.i4(i8 %tmp_data_V_26_4, i4 0)" [firmware/nnet_utils/nnet_activation_stream.h:29]   --->   Operation 44 'bitconcatenate' 'tmp_data_4_V' <Predicate = true> <Delay = 0.00>
ST_1 : Operation 45 [1/1] (0.00ns)   --->   "%tmp_data_4_V_5 = sext i12 %tmp_data_4_V to i16" [firmware/nnet_utils/nnet_activation_stream.h:29]   --->   Operation 45 'sext' 'tmp_data_4_V_5' <Predicate = true> <Delay = 0.00>
ST_1 : Operation 46 [1/1] (0.00ns)   --->   "%tmp_data_5_V = call i12 @_ssdm_op_BitConcatenate.i12.i8.i4(i8 %tmp_data_V_26_5, i4 0)" [firmware/nnet_utils/nnet_activation_stream.h:29]   --->   Operation 46 'bitconcatenate' 'tmp_data_5_V' <Predicate = true> <Delay = 0.00>
ST_1 : Operation 47 [1/1] (0.00ns)   --->   "%tmp_data_5_V_4 = sext i12 %tmp_data_5_V to i16" [firmware/nnet_utils/nnet_activation_stream.h:29]   --->   Operation 47 'sext' 'tmp_data_5_V_4' <Predicate = true> <Delay = 0.00>
ST_1 : Operation 48 [1/1] (0.00ns)   --->   "%tmp_data_6_V = call i12 @_ssdm_op_BitConcatenate.i12.i8.i4(i8 %tmp_data_V_26_6, i4 0)" [firmware/nnet_utils/nnet_activation_stream.h:29]   --->   Operation 48 'bitconcatenate' 'tmp_data_6_V' <Predicate = true> <Delay = 0.00>
ST_1 : Operation 49 [1/1] (0.00ns)   --->   "%tmp_data_6_V_3 = sext i12 %tmp_data_6_V to i16" [firmware/nnet_utils/nnet_activation_stream.h:29]   --->   Operation 49 'sext' 'tmp_data_6_V_3' <Predicate = true> <Delay = 0.00>
ST_1 : Operation 50 [1/1] (0.00ns)   --->   "%tmp_data_7_V = call i12 @_ssdm_op_BitConcatenate.i12.i8.i4(i8 %tmp_data_V_26_7, i4 0)" [firmware/nnet_utils/nnet_activation_stream.h:29]   --->   Operation 50 'bitconcatenate' 'tmp_data_7_V' <Predicate = true> <Delay = 0.00>
ST_1 : Operation 51 [1/1] (0.00ns)   --->   "%tmp_data_7_V_3 = sext i12 %tmp_data_7_V to i16" [firmware/nnet_utils/nnet_activation_stream.h:29]   --->   Operation 51 'sext' 'tmp_data_7_V_3' <Predicate = true> <Delay = 0.00>
ST_1 : Operation 52 [1/1] (0.00ns)   --->   "%tmp_data_8_V = call i12 @_ssdm_op_BitConcatenate.i12.i8.i4(i8 %tmp_data_V_26_8, i4 0)" [firmware/nnet_utils/nnet_activation_stream.h:29]   --->   Operation 52 'bitconcatenate' 'tmp_data_8_V' <Predicate = true> <Delay = 0.00>
ST_1 : Operation 53 [1/1] (0.00ns)   --->   "%tmp_data_8_V_2 = sext i12 %tmp_data_8_V to i16" [firmware/nnet_utils/nnet_activation_stream.h:29]   --->   Operation 53 'sext' 'tmp_data_8_V_2' <Predicate = true> <Delay = 0.00>
ST_1 : Operation 54 [1/1] (0.00ns)   --->   "%tmp_data_9_V = call i12 @_ssdm_op_BitConcatenate.i12.i8.i4(i8 %tmp_data_V_26_9, i4 0)" [firmware/nnet_utils/nnet_activation_stream.h:29]   --->   Operation 54 'bitconcatenate' 'tmp_data_9_V' <Predicate = true> <Delay = 0.00>
ST_1 : Operation 55 [1/1] (0.00ns)   --->   "%tmp_data_9_V_2 = sext i12 %tmp_data_9_V to i16" [firmware/nnet_utils/nnet_activation_stream.h:29]   --->   Operation 55 'sext' 'tmp_data_9_V_2' <Predicate = true> <Delay = 0.00>
ST_1 : Operation 56 [1/1] (2.18ns)   --->   "call void @_ssdm_op_Write.ap_fifo.volatile.i16P.i16P.i16P.i16P.i16P.i16P.i16P.i16P.i16P.i16P(i16* %res_V_data_0_V, i16* %res_V_data_1_V, i16* %res_V_data_2_V, i16* %res_V_data_3_V, i16* %res_V_data_4_V, i16* %res_V_data_5_V, i16* %res_V_data_6_V, i16* %res_V_data_7_V, i16* %res_V_data_8_V, i16* %res_V_data_9_V, i16 %tmp_data_0_V_5, i16 %tmp_data_1_V_5, i16 %tmp_data_2_V_5, i16 %tmp_data_3_V_5, i16 %tmp_data_4_V_5, i16 %tmp_data_5_V_4, i16 %tmp_data_6_V_3, i16 %tmp_data_7_V_3, i16 %tmp_data_8_V_2, i16 %tmp_data_9_V_2)" [firmware/nnet_utils/nnet_activation_stream.h:32]   --->   Operation 56 'write' <Predicate = true> <Delay = 2.18> <Core = "FIFO">   --->   Core 32 'FIFO' <Latency = 0> <II = 1> <Delay = 2.26> <Storage> <Opcode : 'read' 'write' 'nbread' 'nbwrite'> <Ports = 0> <Width = 8> <Depth = 1> <FIFO>
ST_1 : Operation 57 [1/1] (0.00ns)   --->   "%empty_222 = call i32 (...)* @_ssdm_op_SpecRegionEnd([14 x i8]* @p_str37, i32 %tmp)" [firmware/nnet_utils/nnet_activation_stream.h:33]   --->   Operation 57 'specregionend' 'empty_222' <Predicate = true> <Delay = 0.00>
ST_1 : Operation 58 [1/1] (0.00ns)   --->   "ret void" [firmware/nnet_utils/nnet_activation_stream.h:34]   --->   Operation 58 'ret' <Predicate = true> <Delay = 0.00>


============================================================
+ Verbose Summary: Binding
============================================================
STG Binding: 
---------------- STG Properties BEGIN ----------------
- Is combinational: 0
- Is one-state seq: 1
- Is datapath-only: 0
- Is pipelined: 1
- Is top level: 0
Port [ Return ] is wired: 1; IO mode=ap_ctrl_hs:ce=0
Port [ data_V_data_0_V]:  wired=1; compound=1; hidden=0; nouse=0; global=0; static=0; extern=0; dir=0; type=3; pingpong=0; private_global=0; IO mode=ap_fifo:ce=0
Port [ data_V_data_1_V]:  wired=1; compound=1; hidden=0; nouse=0; global=0; static=0; extern=0; dir=0; type=3; pingpong=0; private_global=0; IO mode=ap_fifo:ce=0
Port [ data_V_data_2_V]:  wired=1; compound=1; hidden=0; nouse=0; global=0; static=0; extern=0; dir=0; type=3; pingpong=0; private_global=0; IO mode=ap_fifo:ce=0
Port [ data_V_data_3_V]:  wired=1; compound=1; hidden=0; nouse=0; global=0; static=0; extern=0; dir=0; type=3; pingpong=0; private_global=0; IO mode=ap_fifo:ce=0
Port [ data_V_data_4_V]:  wired=1; compound=1; hidden=0; nouse=0; global=0; static=0; extern=0; dir=0; type=3; pingpong=0; private_global=0; IO mode=ap_fifo:ce=0
Port [ data_V_data_5_V]:  wired=1; compound=1; hidden=0; nouse=0; global=0; static=0; extern=0; dir=0; type=3; pingpong=0; private_global=0; IO mode=ap_fifo:ce=0
Port [ data_V_data_6_V]:  wired=1; compound=1; hidden=0; nouse=0; global=0; static=0; extern=0; dir=0; type=3; pingpong=0; private_global=0; IO mode=ap_fifo:ce=0
Port [ data_V_data_7_V]:  wired=1; compound=1; hidden=0; nouse=0; global=0; static=0; extern=0; dir=0; type=3; pingpong=0; private_global=0; IO mode=ap_fifo:ce=0
Port [ data_V_data_8_V]:  wired=1; compound=1; hidden=0; nouse=0; global=0; static=0; extern=0; dir=0; type=3; pingpong=0; private_global=0; IO mode=ap_fifo:ce=0
Port [ data_V_data_9_V]:  wired=1; compound=1; hidden=0; nouse=0; global=0; static=0; extern=0; dir=0; type=3; pingpong=0; private_global=0; IO mode=ap_fifo:ce=0
Port [ res_V_data_0_V]:  wired=1; compound=1; hidden=0; nouse=0; global=0; static=0; extern=0; dir=1; type=3; pingpong=0; private_global=0; IO mode=ap_fifo:ce=0
Port [ res_V_data_1_V]:  wired=1; compound=1; hidden=0; nouse=0; global=0; static=0; extern=0; dir=1; type=3; pingpong=0; private_global=0; IO mode=ap_fifo:ce=0
Port [ res_V_data_2_V]:  wired=1; compound=1; hidden=0; nouse=0; global=0; static=0; extern=0; dir=1; type=3; pingpong=0; private_global=0; IO mode=ap_fifo:ce=0
Port [ res_V_data_3_V]:  wired=1; compound=1; hidden=0; nouse=0; global=0; static=0; extern=0; dir=1; type=3; pingpong=0; private_global=0; IO mode=ap_fifo:ce=0
Port [ res_V_data_4_V]:  wired=1; compound=1; hidden=0; nouse=0; global=0; static=0; extern=0; dir=1; type=3; pingpong=0; private_global=0; IO mode=ap_fifo:ce=0
Port [ res_V_data_5_V]:  wired=1; compound=1; hidden=0; nouse=0; global=0; static=0; extern=0; dir=1; type=3; pingpong=0; private_global=0; IO mode=ap_fifo:ce=0
Port [ res_V_data_6_V]:  wired=1; compound=1; hidden=0; nouse=0; global=0; static=0; extern=0; dir=1; type=3; pingpong=0; private_global=0; IO mode=ap_fifo:ce=0
Port [ res_V_data_7_V]:  wired=1; compound=1; hidden=0; nouse=0; global=0; static=0; extern=0; dir=1; type=3; pingpong=0; private_global=0; IO mode=ap_fifo:ce=0
Port [ res_V_data_8_V]:  wired=1; compound=1; hidden=0; nouse=0; global=0; static=0; extern=0; dir=1; type=3; pingpong=0; private_global=0; IO mode=ap_fifo:ce=0
Port [ res_V_data_9_V]:  wired=1; compound=1; hidden=0; nouse=0; global=0; static=0; extern=0; dir=1; type=3; pingpong=0; private_global=0; IO mode=ap_fifo:ce=0
---------------- STG Properties END ------------------

---------------- Datapath Model BEGIN ----------------

<LifeTime>
<method=bitvector/>
specinterface_ln0 (specinterface  ) [ 00]
specinterface_ln0 (specinterface  ) [ 00]
specinterface_ln0 (specinterface  ) [ 00]
specinterface_ln0 (specinterface  ) [ 00]
specinterface_ln0 (specinterface  ) [ 00]
specinterface_ln0 (specinterface  ) [ 00]
specinterface_ln0 (specinterface  ) [ 00]
specinterface_ln0 (specinterface  ) [ 00]
specinterface_ln0 (specinterface  ) [ 00]
specinterface_ln0 (specinterface  ) [ 00]
specinterface_ln0 (specinterface  ) [ 00]
specinterface_ln0 (specinterface  ) [ 00]
specinterface_ln0 (specinterface  ) [ 00]
specinterface_ln0 (specinterface  ) [ 00]
specinterface_ln0 (specinterface  ) [ 00]
specinterface_ln0 (specinterface  ) [ 00]
specinterface_ln0 (specinterface  ) [ 00]
specinterface_ln0 (specinterface  ) [ 00]
specinterface_ln0 (specinterface  ) [ 00]
specinterface_ln0 (specinterface  ) [ 00]
specloopname_ln19 (specloopname   ) [ 00]
tmp               (specregionbegin) [ 00]
specpipeline_ln20 (specpipeline   ) [ 00]
empty             (read           ) [ 00]
tmp_data_V_26_0   (extractvalue   ) [ 00]
tmp_data_V_26_1   (extractvalue   ) [ 00]
tmp_data_V_26_2   (extractvalue   ) [ 00]
tmp_data_V_26_3   (extractvalue   ) [ 00]
tmp_data_V_26_4   (extractvalue   ) [ 00]
tmp_data_V_26_5   (extractvalue   ) [ 00]
tmp_data_V_26_6   (extractvalue   ) [ 00]
tmp_data_V_26_7   (extractvalue   ) [ 00]
tmp_data_V_26_8   (extractvalue   ) [ 00]
tmp_data_V_26_9   (extractvalue   ) [ 00]
tmp_data_0_V      (bitconcatenate ) [ 00]
tmp_data_0_V_5    (sext           ) [ 00]
tmp_data_1_V      (bitconcatenate ) [ 00]
tmp_data_1_V_5    (sext           ) [ 00]
tmp_data_2_V      (bitconcatenate ) [ 00]
tmp_data_2_V_5    (sext           ) [ 00]
tmp_data_3_V      (bitconcatenate ) [ 00]
tmp_data_3_V_5    (sext           ) [ 00]
tmp_data_4_V      (bitconcatenate ) [ 00]
tmp_data_4_V_5    (sext           ) [ 00]
tmp_data_5_V      (bitconcatenate ) [ 00]
tmp_data_5_V_4    (sext           ) [ 00]
tmp_data_6_V      (bitconcatenate ) [ 00]
tmp_data_6_V_3    (sext           ) [ 00]
tmp_data_7_V      (bitconcatenate ) [ 00]
tmp_data_7_V_3    (sext           ) [ 00]
tmp_data_8_V      (bitconcatenate ) [ 00]
tmp_data_8_V_2    (sext           ) [ 00]
tmp_data_9_V      (bitconcatenate ) [ 00]
tmp_data_9_V_2    (sext           ) [ 00]
write_ln32        (write          ) [ 00]
empty_222         (specregionend  ) [ 00]
ret_ln34          (ret            ) [ 00]
</LifeTime>

<model>

<comp_list>
<comp id="0" class="1000" name="data_V_data_0_V">
<pin_list>
<pin id="1" dir="1" index="0" bw="1" slack="0"/>
</pin_list>
<bind>
<StgValue><ssdm name="data_V_data_0_V"/></StgValue>
</bind>
</comp>

<comp id="2" class="1000" name="data_V_data_1_V">
<pin_list>
<pin id="3" dir="1" index="0" bw="1" slack="0"/>
</pin_list>
<bind>
<StgValue><ssdm name="data_V_data_1_V"/></StgValue>
</bind>
</comp>

<comp id="4" class="1000" name="data_V_data_2_V">
<pin_list>
<pin id="5" dir="1" index="0" bw="1" slack="0"/>
</pin_list>
<bind>
<StgValue><ssdm name="data_V_data_2_V"/></StgValue>
</bind>
</comp>

<comp id="6" class="1000" name="data_V_data_3_V">
<pin_list>
<pin id="7" dir="1" index="0" bw="1" slack="0"/>
</pin_list>
<bind>
<StgValue><ssdm name="data_V_data_3_V"/></StgValue>
</bind>
</comp>

<comp id="8" class="1000" name="data_V_data_4_V">
<pin_list>
<pin id="9" dir="1" index="0" bw="1" slack="0"/>
</pin_list>
<bind>
<StgValue><ssdm name="data_V_data_4_V"/></StgValue>
</bind>
</comp>

<comp id="10" class="1000" name="data_V_data_5_V">
<pin_list>
<pin id="11" dir="1" index="0" bw="1" slack="0"/>
</pin_list>
<bind>
<StgValue><ssdm name="data_V_data_5_V"/></StgValue>
</bind>
</comp>

<comp id="12" class="1000" name="data_V_data_6_V">
<pin_list>
<pin id="13" dir="1" index="0" bw="1" slack="0"/>
</pin_list>
<bind>
<StgValue><ssdm name="data_V_data_6_V"/></StgValue>
</bind>
</comp>

<comp id="14" class="1000" name="data_V_data_7_V">
<pin_list>
<pin id="15" dir="1" index="0" bw="1" slack="0"/>
</pin_list>
<bind>
<StgValue><ssdm name="data_V_data_7_V"/></StgValue>
</bind>
</comp>

<comp id="16" class="1000" name="data_V_data_8_V">
<pin_list>
<pin id="17" dir="1" index="0" bw="1" slack="0"/>
</pin_list>
<bind>
<StgValue><ssdm name="data_V_data_8_V"/></StgValue>
</bind>
</comp>

<comp id="18" class="1000" name="data_V_data_9_V">
<pin_list>
<pin id="19" dir="1" index="0" bw="1" slack="0"/>
</pin_list>
<bind>
<StgValue><ssdm name="data_V_data_9_V"/></StgValue>
</bind>
</comp>

<comp id="20" class="1000" name="res_V_data_0_V">
<pin_list>
<pin id="21" dir="1" index="0" bw="1" slack="0"/>
</pin_list>
<bind>
<StgValue><ssdm name="res_V_data_0_V"/></StgValue>
</bind>
</comp>

<comp id="22" class="1000" name="res_V_data_1_V">
<pin_list>
<pin id="23" dir="1" index="0" bw="1" slack="0"/>
</pin_list>
<bind>
<StgValue><ssdm name="res_V_data_1_V"/></StgValue>
</bind>
</comp>

<comp id="24" class="1000" name="res_V_data_2_V">
<pin_list>
<pin id="25" dir="1" index="0" bw="1" slack="0"/>
</pin_list>
<bind>
<StgValue><ssdm name="res_V_data_2_V"/></StgValue>
</bind>
</comp>

<comp id="26" class="1000" name="res_V_data_3_V">
<pin_list>
<pin id="27" dir="1" index="0" bw="1" slack="0"/>
</pin_list>
<bind>
<StgValue><ssdm name="res_V_data_3_V"/></StgValue>
</bind>
</comp>

<comp id="28" class="1000" name="res_V_data_4_V">
<pin_list>
<pin id="29" dir="1" index="0" bw="1" slack="0"/>
</pin_list>
<bind>
<StgValue><ssdm name="res_V_data_4_V"/></StgValue>
</bind>
</comp>

<comp id="30" class="1000" name="res_V_data_5_V">
<pin_list>
<pin id="31" dir="1" index="0" bw="1" slack="0"/>
</pin_list>
<bind>
<StgValue><ssdm name="res_V_data_5_V"/></StgValue>
</bind>
</comp>

<comp id="32" class="1000" name="res_V_data_6_V">
<pin_list>
<pin id="33" dir="1" index="0" bw="1" slack="0"/>
</pin_list>
<bind>
<StgValue><ssdm name="res_V_data_6_V"/></StgValue>
</bind>
</comp>

<comp id="34" class="1000" name="res_V_data_7_V">
<pin_list>
<pin id="35" dir="1" index="0" bw="1" slack="0"/>
</pin_list>
<bind>
<StgValue><ssdm name="res_V_data_7_V"/></StgValue>
</bind>
</comp>

<comp id="36" class="1000" name="res_V_data_8_V">
<pin_list>
<pin id="37" dir="1" index="0" bw="1" slack="0"/>
</pin_list>
<bind>
<StgValue><ssdm name="res_V_data_8_V"/></StgValue>
</bind>
</comp>

<comp id="38" class="1000" name="res_V_data_9_V">
<pin_list>
<pin id="39" dir="1" index="0" bw="1" slack="0"/>
</pin_list>
<bind>
<StgValue><ssdm name="res_V_data_9_V"/></StgValue>
</bind>
</comp>

<comp id="40" class="1001" name="const_40">
<pin_list>
<pin id="41" dir="1" index="0" bw="1" slack="2147483647"/>
</pin_list>
<bind>
<StgValue><ssdm name="_ssdm_op_SpecInterface"/></StgValue>
</bind>
</comp>

<comp id="42" class="1001" name="const_42">
<pin_list>
<pin id="43" dir="1" index="0" bw="1" slack="2147483647"/>
</pin_list>
<bind>
<StgValue><ssdm name="ap_fifo_str"/></StgValue>
</bind>
</comp>

<comp id="44" class="1001" name="const_44">
<pin_list>
<pin id="45" dir="1" index="0" bw="1" slack="2147483647"/>
</pin_list>
<bind>
<StgValue><ssdm name=""/></StgValue>
</bind>
</comp>

<comp id="46" class="1001" name="const_46">
<pin_list>
<pin id="47" dir="1" index="0" bw="1" slack="2147483647"/>
</pin_list>
<bind>
<StgValue><ssdm name="p_str1623"/></StgValue>
</bind>
</comp>

<comp id="48" class="1001" name="const_48">
<pin_list>
<pin id="49" dir="1" index="0" bw="1" slack="2147483647"/>
</pin_list>
<bind>
<StgValue><ssdm name="p_str1624"/></StgValue>
</bind>
</comp>

<comp id="50" class="1001" name="const_50">
<pin_list>
<pin id="51" dir="1" index="0" bw="1" slack="2147483647"/>
</pin_list>
<bind>
<StgValue><ssdm name="p_str1625"/></StgValue>
</bind>
</comp>

<comp id="52" class="1001" name="const_52">
<pin_list>
<pin id="53" dir="1" index="0" bw="1" slack="2147483647"/>
</pin_list>
<bind>
<StgValue><ssdm name="p_str1626"/></StgValue>
</bind>
</comp>

<comp id="54" class="1001" name="const_54">
<pin_list>
<pin id="55" dir="1" index="0" bw="1" slack="2147483647"/>
</pin_list>
<bind>
<StgValue><ssdm name=""/></StgValue>
</bind>
</comp>

<comp id="56" class="1001" name="const_56">
<pin_list>
<pin id="57" dir="1" index="0" bw="1" slack="2147483647"/>
</pin_list>
<bind>
<StgValue><ssdm name=""/></StgValue>
</bind>
</comp>

<comp id="58" class="1001" name="const_58">
<pin_list>
<pin id="59" dir="1" index="0" bw="1" slack="2147483647"/>
</pin_list>
<bind>
<StgValue><ssdm name="p_str1627"/></StgValue>
</bind>
</comp>

<comp id="60" class="1001" name="const_60">
<pin_list>
<pin id="61" dir="1" index="0" bw="1" slack="2147483647"/>
</pin_list>
<bind>
<StgValue><ssdm name="p_str1628"/></StgValue>
</bind>
</comp>

<comp id="62" class="1001" name="const_62">
<pin_list>
<pin id="63" dir="1" index="0" bw="1" slack="2147483647"/>
</pin_list>
<bind>
<StgValue><ssdm name="p_str1616"/></StgValue>
</bind>
</comp>

<comp id="64" class="1001" name="const_64">
<pin_list>
<pin id="65" dir="1" index="0" bw="1" slack="2147483647"/>
</pin_list>
<bind>
<StgValue><ssdm name="p_str1617"/></StgValue>
</bind>
</comp>

<comp id="66" class="1001" name="const_66">
<pin_list>
<pin id="67" dir="1" index="0" bw="1" slack="2147483647"/>
</pin_list>
<bind>
<StgValue><ssdm name="p_str1618"/></StgValue>
</bind>
</comp>

<comp id="68" class="1001" name="const_68">
<pin_list>
<pin id="69" dir="1" index="0" bw="1" slack="2147483647"/>
</pin_list>
<bind>
<StgValue><ssdm name="p_str1619"/></StgValue>
</bind>
</comp>

<comp id="70" class="1001" name="const_70">
<pin_list>
<pin id="71" dir="1" index="0" bw="1" slack="2147483647"/>
</pin_list>
<bind>
<StgValue><ssdm name="p_str1620"/></StgValue>
</bind>
</comp>

<comp id="72" class="1001" name="const_72">
<pin_list>
<pin id="73" dir="1" index="0" bw="1" slack="2147483647"/>
</pin_list>
<bind>
<StgValue><ssdm name="p_str1621"/></StgValue>
</bind>
</comp>

<comp id="74" class="1001" name="const_74">
<pin_list>
<pin id="75" dir="1" index="0" bw="1" slack="2147483647"/>
</pin_list>
<bind>
<StgValue><ssdm name="p_str1609"/></StgValue>
</bind>
</comp>

<comp id="76" class="1001" name="const_76">
<pin_list>
<pin id="77" dir="1" index="0" bw="1" slack="2147483647"/>
</pin_list>
<bind>
<StgValue><ssdm name="p_str1610"/></StgValue>
</bind>
</comp>

<comp id="78" class="1001" name="const_78">
<pin_list>
<pin id="79" dir="1" index="0" bw="1" slack="2147483647"/>
</pin_list>
<bind>
<StgValue><ssdm name="p_str1611"/></StgValue>
</bind>
</comp>

<comp id="80" class="1001" name="const_80">
<pin_list>
<pin id="81" dir="1" index="0" bw="1" slack="2147483647"/>
</pin_list>
<bind>
<StgValue><ssdm name="p_str1612"/></StgValue>
</bind>
</comp>

<comp id="82" class="1001" name="const_82">
<pin_list>
<pin id="83" dir="1" index="0" bw="1" slack="2147483647"/>
</pin_list>
<bind>
<StgValue><ssdm name="p_str1613"/></StgValue>
</bind>
</comp>

<comp id="84" class="1001" name="const_84">
<pin_list>
<pin id="85" dir="1" index="0" bw="1" slack="2147483647"/>
</pin_list>
<bind>
<StgValue><ssdm name="p_str1614"/></StgValue>
</bind>
</comp>

<comp id="86" class="1001" name="const_86">
<pin_list>
<pin id="87" dir="1" index="0" bw="1" slack="2147483647"/>
</pin_list>
<bind>
<StgValue><ssdm name="p_str1602"/></StgValue>
</bind>
</comp>

<comp id="88" class="1001" name="const_88">
<pin_list>
<pin id="89" dir="1" index="0" bw="1" slack="2147483647"/>
</pin_list>
<bind>
<StgValue><ssdm name="p_str1603"/></StgValue>
</bind>
</comp>

<comp id="90" class="1001" name="const_90">
<pin_list>
<pin id="91" dir="1" index="0" bw="1" slack="2147483647"/>
</pin_list>
<bind>
<StgValue><ssdm name="p_str1604"/></StgValue>
</bind>
</comp>

<comp id="92" class="1001" name="const_92">
<pin_list>
<pin id="93" dir="1" index="0" bw="1" slack="2147483647"/>
</pin_list>
<bind>
<StgValue><ssdm name="p_str1605"/></StgValue>
</bind>
</comp>

<comp id="94" class="1001" name="const_94">
<pin_list>
<pin id="95" dir="1" index="0" bw="1" slack="2147483647"/>
</pin_list>
<bind>
<StgValue><ssdm name="p_str1606"/></StgValue>
</bind>
</comp>

<comp id="96" class="1001" name="const_96">
<pin_list>
<pin id="97" dir="1" index="0" bw="1" slack="2147483647"/>
</pin_list>
<bind>
<StgValue><ssdm name="p_str1607"/></StgValue>
</bind>
</comp>

<comp id="98" class="1001" name="const_98">
<pin_list>
<pin id="99" dir="1" index="0" bw="1" slack="2147483647"/>
</pin_list>
<bind>
<StgValue><ssdm name="p_str1595"/></StgValue>
</bind>
</comp>

<comp id="100" class="1001" name="const_100">
<pin_list>
<pin id="101" dir="1" index="0" bw="1" slack="2147483647"/>
</pin_list>
<bind>
<StgValue><ssdm name="p_str1596"/></StgValue>
</bind>
</comp>

<comp id="102" class="1001" name="const_102">
<pin_list>
<pin id="103" dir="1" index="0" bw="1" slack="2147483647"/>
</pin_list>
<bind>
<StgValue><ssdm name="p_str1597"/></StgValue>
</bind>
</comp>

<comp id="104" class="1001" name="const_104">
<pin_list>
<pin id="105" dir="1" index="0" bw="1" slack="2147483647"/>
</pin_list>
<bind>
<StgValue><ssdm name="p_str1598"/></StgValue>
</bind>
</comp>

<comp id="106" class="1001" name="const_106">
<pin_list>
<pin id="107" dir="1" index="0" bw="1" slack="2147483647"/>
</pin_list>
<bind>
<StgValue><ssdm name="p_str1599"/></StgValue>
</bind>
</comp>

<comp id="108" class="1001" name="const_108">
<pin_list>
<pin id="109" dir="1" index="0" bw="1" slack="2147483647"/>
</pin_list>
<bind>
<StgValue><ssdm name="p_str1600"/></StgValue>
</bind>
</comp>

<comp id="110" class="1001" name="const_110">
<pin_list>
<pin id="111" dir="1" index="0" bw="1" slack="2147483647"/>
</pin_list>
<bind>
<StgValue><ssdm name="p_str1588"/></StgValue>
</bind>
</comp>

<comp id="112" class="1001" name="const_112">
<pin_list>
<pin id="113" dir="1" index="0" bw="1" slack="2147483647"/>
</pin_list>
<bind>
<StgValue><ssdm name="p_str1589"/></StgValue>
</bind>
</comp>

<comp id="114" class="1001" name="const_114">
<pin_list>
<pin id="115" dir="1" index="0" bw="1" slack="2147483647"/>
</pin_list>
<bind>
<StgValue><ssdm name="p_str1590"/></StgValue>
</bind>
</comp>

<comp id="116" class="1001" name="const_116">
<pin_list>
<pin id="117" dir="1" index="0" bw="1" slack="2147483647"/>
</pin_list>
<bind>
<StgValue><ssdm name="p_str1591"/></StgValue>
</bind>
</comp>

<comp id="118" class="1001" name="const_118">
<pin_list>
<pin id="119" dir="1" index="0" bw="1" slack="2147483647"/>
</pin_list>
<bind>
<StgValue><ssdm name="p_str1592"/></StgValue>
</bind>
</comp>

<comp id="120" class="1001" name="const_120">
<pin_list>
<pin id="121" dir="1" index="0" bw="1" slack="2147483647"/>
</pin_list>
<bind>
<StgValue><ssdm name="p_str1593"/></StgValue>
</bind>
</comp>

<comp id="122" class="1001" name="const_122">
<pin_list>
<pin id="123" dir="1" index="0" bw="1" slack="2147483647"/>
</pin_list>
<bind>
<StgValue><ssdm name="p_str1581"/></StgValue>
</bind>
</comp>

<comp id="124" class="1001" name="const_124">
<pin_list>
<pin id="125" dir="1" index="0" bw="1" slack="2147483647"/>
</pin_list>
<bind>
<StgValue><ssdm name="p_str1582"/></StgValue>
</bind>
</comp>

<comp id="126" class="1001" name="const_126">
<pin_list>
<pin id="127" dir="1" index="0" bw="1" slack="2147483647"/>
</pin_list>
<bind>
<StgValue><ssdm name="p_str1583"/></StgValue>
</bind>
</comp>

<comp id="128" class="1001" name="const_128">
<pin_list>
<pin id="129" dir="1" index="0" bw="1" slack="2147483647"/>
</pin_list>
<bind>
<StgValue><ssdm name="p_str1584"/></StgValue>
</bind>
</comp>

<comp id="130" class="1001" name="const_130">
<pin_list>
<pin id="131" dir="1" index="0" bw="1" slack="2147483647"/>
</pin_list>
<bind>
<StgValue><ssdm name="p_str1585"/></StgValue>
</bind>
</comp>

<comp id="132" class="1001" name="const_132">
<pin_list>
<pin id="133" dir="1" index="0" bw="1" slack="2147483647"/>
</pin_list>
<bind>
<StgValue><ssdm name="p_str1586"/></StgValue>
</bind>
</comp>

<comp id="134" class="1001" name="const_134">
<pin_list>
<pin id="135" dir="1" index="0" bw="1" slack="2147483647"/>
</pin_list>
<bind>
<StgValue><ssdm name="p_str1574"/></StgValue>
</bind>
</comp>

<comp id="136" class="1001" name="const_136">
<pin_list>
<pin id="137" dir="1" index="0" bw="1" slack="2147483647"/>
</pin_list>
<bind>
<StgValue><ssdm name="p_str1575"/></StgValue>
</bind>
</comp>

<comp id="138" class="1001" name="const_138">
<pin_list>
<pin id="139" dir="1" index="0" bw="1" slack="2147483647"/>
</pin_list>
<bind>
<StgValue><ssdm name="p_str1576"/></StgValue>
</bind>
</comp>

<comp id="140" class="1001" name="const_140">
<pin_list>
<pin id="141" dir="1" index="0" bw="1" slack="2147483647"/>
</pin_list>
<bind>
<StgValue><ssdm name="p_str1577"/></StgValue>
</bind>
</comp>

<comp id="142" class="1001" name="const_142">
<pin_list>
<pin id="143" dir="1" index="0" bw="1" slack="2147483647"/>
</pin_list>
<bind>
<StgValue><ssdm name="p_str1578"/></StgValue>
</bind>
</comp>

<comp id="144" class="1001" name="const_144">
<pin_list>
<pin id="145" dir="1" index="0" bw="1" slack="2147483647"/>
</pin_list>
<bind>
<StgValue><ssdm name="p_str1579"/></StgValue>
</bind>
</comp>

<comp id="146" class="1001" name="const_146">
<pin_list>
<pin id="147" dir="1" index="0" bw="1" slack="2147483647"/>
</pin_list>
<bind>
<StgValue><ssdm name="p_str1567"/></StgValue>
</bind>
</comp>

<comp id="148" class="1001" name="const_148">
<pin_list>
<pin id="149" dir="1" index="0" bw="1" slack="2147483647"/>
</pin_list>
<bind>
<StgValue><ssdm name="p_str1568"/></StgValue>
</bind>
</comp>

<comp id="150" class="1001" name="const_150">
<pin_list>
<pin id="151" dir="1" index="0" bw="1" slack="2147483647"/>
</pin_list>
<bind>
<StgValue><ssdm name="p_str1569"/></StgValue>
</bind>
</comp>

<comp id="152" class="1001" name="const_152">
<pin_list>
<pin id="153" dir="1" index="0" bw="1" slack="2147483647"/>
</pin_list>
<bind>
<StgValue><ssdm name="p_str1570"/></StgValue>
</bind>
</comp>

<comp id="154" class="1001" name="const_154">
<pin_list>
<pin id="155" dir="1" index="0" bw="1" slack="2147483647"/>
</pin_list>
<bind>
<StgValue><ssdm name="p_str1571"/></StgValue>
</bind>
</comp>

<comp id="156" class="1001" name="const_156">
<pin_list>
<pin id="157" dir="1" index="0" bw="1" slack="2147483647"/>
</pin_list>
<bind>
<StgValue><ssdm name="p_str1572"/></StgValue>
</bind>
</comp>

<comp id="158" class="1001" name="const_158">
<pin_list>
<pin id="159" dir="1" index="0" bw="1" slack="2147483647"/>
</pin_list>
<bind>
<StgValue><ssdm name="p_str1560"/></StgValue>
</bind>
</comp>

<comp id="160" class="1001" name="const_160">
<pin_list>
<pin id="161" dir="1" index="0" bw="1" slack="2147483647"/>
</pin_list>
<bind>
<StgValue><ssdm name="p_str1561"/></StgValue>
</bind>
</comp>

<comp id="162" class="1001" name="const_162">
<pin_list>
<pin id="163" dir="1" index="0" bw="1" slack="2147483647"/>
</pin_list>
<bind>
<StgValue><ssdm name="p_str1562"/></StgValue>
</bind>
</comp>

<comp id="164" class="1001" name="const_164">
<pin_list>
<pin id="165" dir="1" index="0" bw="1" slack="2147483647"/>
</pin_list>
<bind>
<StgValue><ssdm name="p_str1563"/></StgValue>
</bind>
</comp>

<comp id="166" class="1001" name="const_166">
<pin_list>
<pin id="167" dir="1" index="0" bw="1" slack="2147483647"/>
</pin_list>
<bind>
<StgValue><ssdm name="p_str1564"/></StgValue>
</bind>
</comp>

<comp id="168" class="1001" name="const_168">
<pin_list>
<pin id="169" dir="1" index="0" bw="1" slack="2147483647"/>
</pin_list>
<bind>
<StgValue><ssdm name="p_str1565"/></StgValue>
</bind>
</comp>

<comp id="170" class="1001" name="const_170">
<pin_list>
<pin id="171" dir="1" index="0" bw="1" slack="2147483647"/>
</pin_list>
<bind>
<StgValue><ssdm name="p_str1553"/></StgValue>
</bind>
</comp>

<comp id="172" class="1001" name="const_172">
<pin_list>
<pin id="173" dir="1" index="0" bw="1" slack="2147483647"/>
</pin_list>
<bind>
<StgValue><ssdm name="p_str1554"/></StgValue>
</bind>
</comp>

<comp id="174" class="1001" name="const_174">
<pin_list>
<pin id="175" dir="1" index="0" bw="1" slack="2147483647"/>
</pin_list>
<bind>
<StgValue><ssdm name="p_str1555"/></StgValue>
</bind>
</comp>

<comp id="176" class="1001" name="const_176">
<pin_list>
<pin id="177" dir="1" index="0" bw="1" slack="2147483647"/>
</pin_list>
<bind>
<StgValue><ssdm name="p_str1556"/></StgValue>
</bind>
</comp>

<comp id="178" class="1001" name="const_178">
<pin_list>
<pin id="179" dir="1" index="0" bw="1" slack="2147483647"/>
</pin_list>
<bind>
<StgValue><ssdm name="p_str1557"/></StgValue>
</bind>
</comp>

<comp id="180" class="1001" name="const_180">
<pin_list>
<pin id="181" dir="1" index="0" bw="1" slack="2147483647"/>
</pin_list>
<bind>
<StgValue><ssdm name="p_str1558"/></StgValue>
</bind>
</comp>

<comp id="182" class="1001" name="const_182">
<pin_list>
<pin id="183" dir="1" index="0" bw="1" slack="2147483647"/>
</pin_list>
<bind>
<StgValue><ssdm name="p_str1546"/></StgValue>
</bind>
</comp>

<comp id="184" class="1001" name="const_184">
<pin_list>
<pin id="185" dir="1" index="0" bw="1" slack="2147483647"/>
</pin_list>
<bind>
<StgValue><ssdm name="p_str1547"/></StgValue>
</bind>
</comp>

<comp id="186" class="1001" name="const_186">
<pin_list>
<pin id="187" dir="1" index="0" bw="1" slack="2147483647"/>
</pin_list>
<bind>
<StgValue><ssdm name="p_str1548"/></StgValue>
</bind>
</comp>

<comp id="188" class="1001" name="const_188">
<pin_list>
<pin id="189" dir="1" index="0" bw="1" slack="2147483647"/>
</pin_list>
<bind>
<StgValue><ssdm name="p_str1549"/></StgValue>
</bind>
</comp>

<comp id="190" class="1001" name="const_190">
<pin_list>
<pin id="191" dir="1" index="0" bw="1" slack="2147483647"/>
</pin_list>
<bind>
<StgValue><ssdm name="p_str1550"/></StgValue>
</bind>
</comp>

<comp id="192" class="1001" name="const_192">
<pin_list>
<pin id="193" dir="1" index="0" bw="1" slack="2147483647"/>
</pin_list>
<bind>
<StgValue><ssdm name="p_str1551"/></StgValue>
</bind>
</comp>

<comp id="194" class="1001" name="const_194">
<pin_list>
<pin id="195" dir="1" index="0" bw="1" slack="2147483647"/>
</pin_list>
<bind>
<StgValue><ssdm name="p_str1539"/></StgValue>
</bind>
</comp>

<comp id="196" class="1001" name="const_196">
<pin_list>
<pin id="197" dir="1" index="0" bw="1" slack="2147483647"/>
</pin_list>
<bind>
<StgValue><ssdm name="p_str1540"/></StgValue>
</bind>
</comp>

<comp id="198" class="1001" name="const_198">
<pin_list>
<pin id="199" dir="1" index="0" bw="1" slack="2147483647"/>
</pin_list>
<bind>
<StgValue><ssdm name="p_str1541"/></StgValue>
</bind>
</comp>

<comp id="200" class="1001" name="const_200">
<pin_list>
<pin id="201" dir="1" index="0" bw="1" slack="2147483647"/>
</pin_list>
<bind>
<StgValue><ssdm name="p_str1542"/></StgValue>
</bind>
</comp>

<comp id="202" class="1001" name="const_202">
<pin_list>
<pin id="203" dir="1" index="0" bw="1" slack="2147483647"/>
</pin_list>
<bind>
<StgValue><ssdm name="p_str1543"/></StgValue>
</bind>
</comp>

<comp id="204" class="1001" name="const_204">
<pin_list>
<pin id="205" dir="1" index="0" bw="1" slack="2147483647"/>
</pin_list>
<bind>
<StgValue><ssdm name="p_str1544"/></StgValue>
</bind>
</comp>

<comp id="206" class="1001" name="const_206">
<pin_list>
<pin id="207" dir="1" index="0" bw="1" slack="2147483647"/>
</pin_list>
<bind>
<StgValue><ssdm name="p_str1532"/></StgValue>
</bind>
</comp>

<comp id="208" class="1001" name="const_208">
<pin_list>
<pin id="209" dir="1" index="0" bw="1" slack="2147483647"/>
</pin_list>
<bind>
<StgValue><ssdm name="p_str1533"/></StgValue>
</bind>
</comp>

<comp id="210" class="1001" name="const_210">
<pin_list>
<pin id="211" dir="1" index="0" bw="1" slack="2147483647"/>
</pin_list>
<bind>
<StgValue><ssdm name="p_str1534"/></StgValue>
</bind>
</comp>

<comp id="212" class="1001" name="const_212">
<pin_list>
<pin id="213" dir="1" index="0" bw="1" slack="2147483647"/>
</pin_list>
<bind>
<StgValue><ssdm name="p_str1535"/></StgValue>
</bind>
</comp>

<comp id="214" class="1001" name="const_214">
<pin_list>
<pin id="215" dir="1" index="0" bw="1" slack="2147483647"/>
</pin_list>
<bind>
<StgValue><ssdm name="p_str1536"/></StgValue>
</bind>
</comp>

<comp id="216" class="1001" name="const_216">
<pin_list>
<pin id="217" dir="1" index="0" bw="1" slack="2147483647"/>
</pin_list>
<bind>
<StgValue><ssdm name="p_str1537"/></StgValue>
</bind>
</comp>

<comp id="218" class="1001" name="const_218">
<pin_list>
<pin id="219" dir="1" index="0" bw="1" slack="2147483647"/>
</pin_list>
<bind>
<StgValue><ssdm name="p_str1525"/></StgValue>
</bind>
</comp>

<comp id="220" class="1001" name="const_220">
<pin_list>
<pin id="221" dir="1" index="0" bw="1" slack="2147483647"/>
</pin_list>
<bind>
<StgValue><ssdm name="p_str1526"/></StgValue>
</bind>
</comp>

<comp id="222" class="1001" name="const_222">
<pin_list>
<pin id="223" dir="1" index="0" bw="1" slack="2147483647"/>
</pin_list>
<bind>
<StgValue><ssdm name="p_str1527"/></StgValue>
</bind>
</comp>

<comp id="224" class="1001" name="const_224">
<pin_list>
<pin id="225" dir="1" index="0" bw="1" slack="2147483647"/>
</pin_list>
<bind>
<StgValue><ssdm name="p_str1528"/></StgValue>
</bind>
</comp>

<comp id="226" class="1001" name="const_226">
<pin_list>
<pin id="227" dir="1" index="0" bw="1" slack="2147483647"/>
</pin_list>
<bind>
<StgValue><ssdm name="p_str1529"/></StgValue>
</bind>
</comp>

<comp id="228" class="1001" name="const_228">
<pin_list>
<pin id="229" dir="1" index="0" bw="1" slack="2147483647"/>
</pin_list>
<bind>
<StgValue><ssdm name="p_str1530"/></StgValue>
</bind>
</comp>

<comp id="230" class="1001" name="const_230">
<pin_list>
<pin id="231" dir="1" index="0" bw="1" slack="2147483647"/>
</pin_list>
<bind>
<StgValue><ssdm name="p_str1518"/></StgValue>
</bind>
</comp>

<comp id="232" class="1001" name="const_232">
<pin_list>
<pin id="233" dir="1" index="0" bw="1" slack="2147483647"/>
</pin_list>
<bind>
<StgValue><ssdm name="p_str1519"/></StgValue>
</bind>
</comp>

<comp id="234" class="1001" name="const_234">
<pin_list>
<pin id="235" dir="1" index="0" bw="1" slack="2147483647"/>
</pin_list>
<bind>
<StgValue><ssdm name="p_str1520"/></StgValue>
</bind>
</comp>

<comp id="236" class="1001" name="const_236">
<pin_list>
<pin id="237" dir="1" index="0" bw="1" slack="2147483647"/>
</pin_list>
<bind>
<StgValue><ssdm name="p_str1521"/></StgValue>
</bind>
</comp>

<comp id="238" class="1001" name="const_238">
<pin_list>
<pin id="239" dir="1" index="0" bw="1" slack="2147483647"/>
</pin_list>
<bind>
<StgValue><ssdm name="p_str1522"/></StgValue>
</bind>
</comp>

<comp id="240" class="1001" name="const_240">
<pin_list>
<pin id="241" dir="1" index="0" bw="1" slack="2147483647"/>
</pin_list>
<bind>
<StgValue><ssdm name="p_str1523"/></StgValue>
</bind>
</comp>

<comp id="242" class="1001" name="const_242">
<pin_list>
<pin id="243" dir="1" index="0" bw="1" slack="2147483647"/>
</pin_list>
<bind>
<StgValue><ssdm name="p_str1511"/></StgValue>
</bind>
</comp>

<comp id="244" class="1001" name="const_244">
<pin_list>
<pin id="245" dir="1" index="0" bw="1" slack="2147483647"/>
</pin_list>
<bind>
<StgValue><ssdm name="p_str1512"/></StgValue>
</bind>
</comp>

<comp id="246" class="1001" name="const_246">
<pin_list>
<pin id="247" dir="1" index="0" bw="1" slack="2147483647"/>
</pin_list>
<bind>
<StgValue><ssdm name="p_str1513"/></StgValue>
</bind>
</comp>

<comp id="248" class="1001" name="const_248">
<pin_list>
<pin id="249" dir="1" index="0" bw="1" slack="2147483647"/>
</pin_list>
<bind>
<StgValue><ssdm name="p_str1514"/></StgValue>
</bind>
</comp>

<comp id="250" class="1001" name="const_250">
<pin_list>
<pin id="251" dir="1" index="0" bw="1" slack="2147483647"/>
</pin_list>
<bind>
<StgValue><ssdm name="p_str1515"/></StgValue>
</bind>
</comp>

<comp id="252" class="1001" name="const_252">
<pin_list>
<pin id="253" dir="1" index="0" bw="1" slack="2147483647"/>
</pin_list>
<bind>
<StgValue><ssdm name="p_str1516"/></StgValue>
</bind>
</comp>

<comp id="254" class="1001" name="const_254">
<pin_list>
<pin id="255" dir="1" index="0" bw="1" slack="2147483647"/>
</pin_list>
<bind>
<StgValue><ssdm name="p_str1504"/></StgValue>
</bind>
</comp>

<comp id="256" class="1001" name="const_256">
<pin_list>
<pin id="257" dir="1" index="0" bw="1" slack="2147483647"/>
</pin_list>
<bind>
<StgValue><ssdm name="p_str1505"/></StgValue>
</bind>
</comp>

<comp id="258" class="1001" name="const_258">
<pin_list>
<pin id="259" dir="1" index="0" bw="1" slack="2147483647"/>
</pin_list>
<bind>
<StgValue><ssdm name="p_str1506"/></StgValue>
</bind>
</comp>

<comp id="260" class="1001" name="const_260">
<pin_list>
<pin id="261" dir="1" index="0" bw="1" slack="2147483647"/>
</pin_list>
<bind>
<StgValue><ssdm name="p_str1507"/></StgValue>
</bind>
</comp>

<comp id="262" class="1001" name="const_262">
<pin_list>
<pin id="263" dir="1" index="0" bw="1" slack="2147483647"/>
</pin_list>
<bind>
<StgValue><ssdm name="p_str1508"/></StgValue>
</bind>
</comp>

<comp id="264" class="1001" name="const_264">
<pin_list>
<pin id="265" dir="1" index="0" bw="1" slack="2147483647"/>
</pin_list>
<bind>
<StgValue><ssdm name="p_str1509"/></StgValue>
</bind>
</comp>

<comp id="266" class="1001" name="const_266">
<pin_list>
<pin id="267" dir="1" index="0" bw="1" slack="2147483647"/>
</pin_list>
<bind>
<StgValue><ssdm name="p_str1497"/></StgValue>
</bind>
</comp>

<comp id="268" class="1001" name="const_268">
<pin_list>
<pin id="269" dir="1" index="0" bw="1" slack="2147483647"/>
</pin_list>
<bind>
<StgValue><ssdm name="p_str1498"/></StgValue>
</bind>
</comp>

<comp id="270" class="1001" name="const_270">
<pin_list>
<pin id="271" dir="1" index="0" bw="1" slack="2147483647"/>
</pin_list>
<bind>
<StgValue><ssdm name="p_str1499"/></StgValue>
</bind>
</comp>

<comp id="272" class="1001" name="const_272">
<pin_list>
<pin id="273" dir="1" index="0" bw="1" slack="2147483647"/>
</pin_list>
<bind>
<StgValue><ssdm name="p_str1500"/></StgValue>
</bind>
</comp>

<comp id="274" class="1001" name="const_274">
<pin_list>
<pin id="275" dir="1" index="0" bw="1" slack="2147483647"/>
</pin_list>
<bind>
<StgValue><ssdm name="p_str1501"/></StgValue>
</bind>
</comp>

<comp id="276" class="1001" name="const_276">
<pin_list>
<pin id="277" dir="1" index="0" bw="1" slack="2147483647"/>
</pin_list>
<bind>
<StgValue><ssdm name="p_str1502"/></StgValue>
</bind>
</comp>

<comp id="278" class="1001" name="const_278">
<pin_list>
<pin id="279" dir="1" index="0" bw="1" slack="2147483647"/>
</pin_list>
<bind>
<StgValue><ssdm name="p_str1490"/></StgValue>
</bind>
</comp>

<comp id="280" class="1001" name="const_280">
<pin_list>
<pin id="281" dir="1" index="0" bw="1" slack="2147483647"/>
</pin_list>
<bind>
<StgValue><ssdm name="p_str1491"/></StgValue>
</bind>
</comp>

<comp id="282" class="1001" name="const_282">
<pin_list>
<pin id="283" dir="1" index="0" bw="1" slack="2147483647"/>
</pin_list>
<bind>
<StgValue><ssdm name="p_str1492"/></StgValue>
</bind>
</comp>

<comp id="284" class="1001" name="const_284">
<pin_list>
<pin id="285" dir="1" index="0" bw="1" slack="2147483647"/>
</pin_list>
<bind>
<StgValue><ssdm name="p_str1493"/></StgValue>
</bind>
</comp>

<comp id="286" class="1001" name="const_286">
<pin_list>
<pin id="287" dir="1" index="0" bw="1" slack="2147483647"/>
</pin_list>
<bind>
<StgValue><ssdm name="p_str1494"/></StgValue>
</bind>
</comp>

<comp id="288" class="1001" name="const_288">
<pin_list>
<pin id="289" dir="1" index="0" bw="1" slack="2147483647"/>
</pin_list>
<bind>
<StgValue><ssdm name="p_str1495"/></StgValue>
</bind>
</comp>

<comp id="290" class="1001" name="const_290">
<pin_list>
<pin id="291" dir="1" index="0" bw="1" slack="2147483647"/>
</pin_list>
<bind>
<StgValue><ssdm name="_ssdm_op_SpecLoopName"/></StgValue>
</bind>
</comp>

<comp id="292" class="1001" name="const_292">
<pin_list>
<pin id="293" dir="1" index="0" bw="1" slack="2147483647"/>
</pin_list>
<bind>
<StgValue><ssdm name="p_str37"/></StgValue>
</bind>
</comp>

<comp id="294" class="1001" name="const_294">
<pin_list>
<pin id="295" dir="1" index="0" bw="1" slack="2147483647"/>
</pin_list>
<bind>
<StgValue><ssdm name="_ssdm_op_SpecRegionBegin"/></StgValue>
</bind>
</comp>

<comp id="296" class="1001" name="const_296">
<pin_list>
<pin id="297" dir="1" index="0" bw="1" slack="2147483647"/>
</pin_list>
<bind>
<StgValue><ssdm name="_ssdm_op_SpecPipeline"/></StgValue>
</bind>
</comp>

<comp id="298" class="1001" name="const_298">
<pin_list>
<pin id="299" dir="1" index="0" bw="1" slack="2147483647"/>
</pin_list>
<bind>
<StgValue><ssdm name=""/></StgValue>
</bind>
</comp>

<comp id="300" class="1001" name="const_300">
<pin_list>
<pin id="301" dir="1" index="0" bw="1" slack="2147483647"/>
</pin_list>
<bind>
<StgValue><ssdm name=""/></StgValue>
</bind>
</comp>

<comp id="302" class="1001" name="const_302">
<pin_list>
<pin id="303" dir="1" index="0" bw="1" slack="2147483647"/>
</pin_list>
<bind>
<StgValue><ssdm name="p_str17"/></StgValue>
</bind>
</comp>

<comp id="304" class="1001" name="const_304">
<pin_list>
<pin id="305" dir="1" index="0" bw="1" slack="0"/>
</pin_list>
<bind>
<StgValue><ssdm name="_ssdm_op_Read.ap_fifo.volatile.i8P.i8P.i8P.i8P.i8P.i8P.i8P.i8P.i8P.i8P"/></StgValue>
</bind>
</comp>

<comp id="306" class="1001" name="const_306">
<pin_list>
<pin id="307" dir="1" index="0" bw="1" slack="0"/>
</pin_list>
<bind>
<StgValue><ssdm name="_ssdm_op_BitConcatenate.i12.i8.i4"/></StgValue>
</bind>
</comp>

<comp id="308" class="1001" name="const_308">
<pin_list>
<pin id="309" dir="1" index="0" bw="1" slack="0"/>
</pin_list>
<bind>
<StgValue><ssdm name=""/></StgValue>
</bind>
</comp>

<comp id="310" class="1001" name="const_310">
<pin_list>
<pin id="311" dir="1" index="0" bw="1" slack="0"/>
</pin_list>
<bind>
<StgValue><ssdm name="_ssdm_op_Write.ap_fifo.volatile.i16P.i16P.i16P.i16P.i16P.i16P.i16P.i16P.i16P.i16P"/></StgValue>
</bind>
</comp>

<comp id="312" class="1001" name="const_312">
<pin_list>
<pin id="313" dir="1" index="0" bw="1" slack="2147483647"/>
</pin_list>
<bind>
<StgValue><ssdm name="_ssdm_op_SpecRegionEnd"/></StgValue>
</bind>
</comp>

<comp id="314" class="1004" name="empty_read_fu_314">
<pin_list>
<pin id="315" dir="0" index="0" bw="80" slack="0"/>
<pin id="316" dir="0" index="1" bw="8" slack="0"/>
<pin id="317" dir="0" index="2" bw="8" slack="0"/>
<pin id="318" dir="0" index="3" bw="8" slack="0"/>
<pin id="319" dir="0" index="4" bw="8" slack="0"/>
<pin id="320" dir="0" index="5" bw="8" slack="0"/>
<pin id="321" dir="0" index="6" bw="8" slack="0"/>
<pin id="322" dir="0" index="7" bw="8" slack="0"/>
<pin id="323" dir="0" index="8" bw="8" slack="0"/>
<pin id="324" dir="0" index="9" bw="8" slack="0"/>
<pin id="325" dir="0" index="10" bw="8" slack="0"/>
<pin id="326" dir="1" index="11" bw="80" slack="0"/>
</pin_list>
<bind>
<opcode="read(1150) " fcode="read"/>
<opset="empty/1 "/>
</bind>
</comp>

<comp id="338" class="1004" name="write_ln32_write_fu_338">
<pin_list>
<pin id="339" dir="0" index="0" bw="0" slack="0"/>
<pin id="340" dir="0" index="1" bw="16" slack="0"/>
<pin id="341" dir="0" index="2" bw="16" slack="0"/>
<pin id="342" dir="0" index="3" bw="16" slack="0"/>
<pin id="343" dir="0" index="4" bw="16" slack="0"/>
<pin id="344" dir="0" index="5" bw="16" slack="0"/>
<pin id="345" dir="0" index="6" bw="16" slack="0"/>
<pin id="346" dir="0" index="7" bw="16" slack="0"/>
<pin id="347" dir="0" index="8" bw="16" slack="0"/>
<pin id="348" dir="0" index="9" bw="16" slack="0"/>
<pin id="349" dir="0" index="10" bw="16" slack="0"/>
<pin id="350" dir="0" index="11" bw="12" slack="0"/>
<pin id="351" dir="0" index="12" bw="12" slack="0"/>
<pin id="352" dir="0" index="13" bw="12" slack="0"/>
<pin id="353" dir="0" index="14" bw="12" slack="0"/>
<pin id="354" dir="0" index="15" bw="12" slack="0"/>
<pin id="355" dir="0" index="16" bw="12" slack="0"/>
<pin id="356" dir="0" index="17" bw="12" slack="0"/>
<pin id="357" dir="0" index="18" bw="12" slack="0"/>
<pin id="358" dir="0" index="19" bw="12" slack="0"/>
<pin id="359" dir="0" index="20" bw="12" slack="0"/>
<pin id="360" dir="1" index="21" bw="0" slack="2147483647"/>
</pin_list>
<bind>
<opcode="write(1151) " fcode="write"/>
<opset="write_ln32/1 "/>
</bind>
</comp>

<comp id="372" class="1004" name="tmp_data_V_26_0_fu_372">
<pin_list>
<pin id="373" dir="0" index="0" bw="80" slack="0"/>
<pin id="374" dir="1" index="1" bw="8" slack="0"/>
</pin_list>
<bind>
<opcode="extractvalue(56) " fcode="extractvalue"/>
<opset="tmp_data_V_26_0/1 "/>
</bind>
</comp>

<comp id="376" class="1004" name="tmp_data_V_26_1_fu_376">
<pin_list>
<pin id="377" dir="0" index="0" bw="80" slack="0"/>
<pin id="378" dir="1" index="1" bw="8" slack="0"/>
</pin_list>
<bind>
<opcode="extractvalue(56) " fcode="extractvalue"/>
<opset="tmp_data_V_26_1/1 "/>
</bind>
</comp>

<comp id="380" class="1004" name="tmp_data_V_26_2_fu_380">
<pin_list>
<pin id="381" dir="0" index="0" bw="80" slack="0"/>
<pin id="382" dir="1" index="1" bw="8" slack="0"/>
</pin_list>
<bind>
<opcode="extractvalue(56) " fcode="extractvalue"/>
<opset="tmp_data_V_26_2/1 "/>
</bind>
</comp>

<comp id="384" class="1004" name="tmp_data_V_26_3_fu_384">
<pin_list>
<pin id="385" dir="0" index="0" bw="80" slack="0"/>
<pin id="386" dir="1" index="1" bw="8" slack="0"/>
</pin_list>
<bind>
<opcode="extractvalue(56) " fcode="extractvalue"/>
<opset="tmp_data_V_26_3/1 "/>
</bind>
</comp>

<comp id="388" class="1004" name="tmp_data_V_26_4_fu_388">
<pin_list>
<pin id="389" dir="0" index="0" bw="80" slack="0"/>
<pin id="390" dir="1" index="1" bw="8" slack="0"/>
</pin_list>
<bind>
<opcode="extractvalue(56) " fcode="extractvalue"/>
<opset="tmp_data_V_26_4/1 "/>
</bind>
</comp>

<comp id="392" class="1004" name="tmp_data_V_26_5_fu_392">
<pin_list>
<pin id="393" dir="0" index="0" bw="80" slack="0"/>
<pin id="394" dir="1" index="1" bw="8" slack="0"/>
</pin_list>
<bind>
<opcode="extractvalue(56) " fcode="extractvalue"/>
<opset="tmp_data_V_26_5/1 "/>
</bind>
</comp>

<comp id="396" class="1004" name="tmp_data_V_26_6_fu_396">
<pin_list>
<pin id="397" dir="0" index="0" bw="80" slack="0"/>
<pin id="398" dir="1" index="1" bw="8" slack="0"/>
</pin_list>
<bind>
<opcode="extractvalue(56) " fcode="extractvalue"/>
<opset="tmp_data_V_26_6/1 "/>
</bind>
</comp>

<comp id="400" class="1004" name="tmp_data_V_26_7_fu_400">
<pin_list>
<pin id="401" dir="0" index="0" bw="80" slack="0"/>
<pin id="402" dir="1" index="1" bw="8" slack="0"/>
</pin_list>
<bind>
<opcode="extractvalue(56) " fcode="extractvalue"/>
<opset="tmp_data_V_26_7/1 "/>
</bind>
</comp>

<comp id="404" class="1004" name="tmp_data_V_26_8_fu_404">
<pin_list>
<pin id="405" dir="0" index="0" bw="80" slack="0"/>
<pin id="406" dir="1" index="1" bw="8" slack="0"/>
</pin_list>
<bind>
<opcode="extractvalue(56) " fcode="extractvalue"/>
<opset="tmp_data_V_26_8/1 "/>
</bind>
</comp>

<comp id="408" class="1004" name="tmp_data_V_26_9_fu_408">
<pin_list>
<pin id="409" dir="0" index="0" bw="80" slack="0"/>
<pin id="410" dir="1" index="1" bw="8" slack="0"/>
</pin_list>
<bind>
<opcode="extractvalue(56) " fcode="extractvalue"/>
<opset="tmp_data_V_26_9/1 "/>
</bind>
</comp>

<comp id="412" class="1004" name="tmp_data_0_V_fu_412">
<pin_list>
<pin id="413" dir="0" index="0" bw="12" slack="0"/>
<pin id="414" dir="0" index="1" bw="8" slack="0"/>
<pin id="415" dir="0" index="2" bw="1" slack="0"/>
<pin id="416" dir="1" index="3" bw="12" slack="0"/>
</pin_list>
<bind>
<opcode="bitconcatenate(1004) " fcode="bitconcatenate"/>
<opset="tmp_data_0_V/1 "/>
</bind>
</comp>

<comp id="420" class="1004" name="tmp_data_0_V_5_fu_420">
<pin_list>
<pin id="421" dir="0" index="0" bw="12" slack="0"/>
<pin id="422" dir="1" index="1" bw="16" slack="0"/>
</pin_list>
<bind>
<opcode="sext(35) " fcode="sext"/>
<opset="tmp_data_0_V_5/1 "/>
</bind>
</comp>

<comp id="425" class="1004" name="tmp_data_1_V_fu_425">
<pin_list>
<pin id="426" dir="0" index="0" bw="12" slack="0"/>
<pin id="427" dir="0" index="1" bw="8" slack="0"/>
<pin id="428" dir="0" index="2" bw="1" slack="0"/>
<pin id="429" dir="1" index="3" bw="12" slack="0"/>
</pin_list>
<bind>
<opcode="bitconcatenate(1004) " fcode="bitconcatenate"/>
<opset="tmp_data_1_V/1 "/>
</bind>
</comp>

<comp id="433" class="1004" name="tmp_data_1_V_5_fu_433">
<pin_list>
<pin id="434" dir="0" index="0" bw="12" slack="0"/>
<pin id="435" dir="1" index="1" bw="16" slack="0"/>
</pin_list>
<bind>
<opcode="sext(35) " fcode="sext"/>
<opset="tmp_data_1_V_5/1 "/>
</bind>
</comp>

<comp id="438" class="1004" name="tmp_data_2_V_fu_438">
<pin_list>
<pin id="439" dir="0" index="0" bw="12" slack="0"/>
<pin id="440" dir="0" index="1" bw="8" slack="0"/>
<pin id="441" dir="0" index="2" bw="1" slack="0"/>
<pin id="442" dir="1" index="3" bw="12" slack="0"/>
</pin_list>
<bind>
<opcode="bitconcatenate(1004) " fcode="bitconcatenate"/>
<opset="tmp_data_2_V/1 "/>
</bind>
</comp>

<comp id="446" class="1004" name="tmp_data_2_V_5_fu_446">
<pin_list>
<pin id="447" dir="0" index="0" bw="12" slack="0"/>
<pin id="448" dir="1" index="1" bw="16" slack="0"/>
</pin_list>
<bind>
<opcode="sext(35) " fcode="sext"/>
<opset="tmp_data_2_V_5/1 "/>
</bind>
</comp>

<comp id="451" class="1004" name="tmp_data_3_V_fu_451">
<pin_list>
<pin id="452" dir="0" index="0" bw="12" slack="0"/>
<pin id="453" dir="0" index="1" bw="8" slack="0"/>
<pin id="454" dir="0" index="2" bw="1" slack="0"/>
<pin id="455" dir="1" index="3" bw="12" slack="0"/>
</pin_list>
<bind>
<opcode="bitconcatenate(1004) " fcode="bitconcatenate"/>
<opset="tmp_data_3_V/1 "/>
</bind>
</comp>

<comp id="459" class="1004" name="tmp_data_3_V_5_fu_459">
<pin_list>
<pin id="460" dir="0" index="0" bw="12" slack="0"/>
<pin id="461" dir="1" index="1" bw="16" slack="0"/>
</pin_list>
<bind>
<opcode="sext(35) " fcode="sext"/>
<opset="tmp_data_3_V_5/1 "/>
</bind>
</comp>

<comp id="464" class="1004" name="tmp_data_4_V_fu_464">
<pin_list>
<pin id="465" dir="0" index="0" bw="12" slack="0"/>
<pin id="466" dir="0" index="1" bw="8" slack="0"/>
<pin id="467" dir="0" index="2" bw="1" slack="0"/>
<pin id="468" dir="1" index="3" bw="12" slack="0"/>
</pin_list>
<bind>
<opcode="bitconcatenate(1004) " fcode="bitconcatenate"/>
<opset="tmp_data_4_V/1 "/>
</bind>
</comp>

<comp id="472" class="1004" name="tmp_data_4_V_5_fu_472">
<pin_list>
<pin id="473" dir="0" index="0" bw="12" slack="0"/>
<pin id="474" dir="1" index="1" bw="16" slack="0"/>
</pin_list>
<bind>
<opcode="sext(35) " fcode="sext"/>
<opset="tmp_data_4_V_5/1 "/>
</bind>
</comp>

<comp id="477" class="1004" name="tmp_data_5_V_fu_477">
<pin_list>
<pin id="478" dir="0" index="0" bw="12" slack="0"/>
<pin id="479" dir="0" index="1" bw="8" slack="0"/>
<pin id="480" dir="0" index="2" bw="1" slack="0"/>
<pin id="481" dir="1" index="3" bw="12" slack="0"/>
</pin_list>
<bind>
<opcode="bitconcatenate(1004) " fcode="bitconcatenate"/>
<opset="tmp_data_5_V/1 "/>
</bind>
</comp>

<comp id="485" class="1004" name="tmp_data_5_V_4_fu_485">
<pin_list>
<pin id="486" dir="0" index="0" bw="12" slack="0"/>
<pin id="487" dir="1" index="1" bw="16" slack="0"/>
</pin_list>
<bind>
<opcode="sext(35) " fcode="sext"/>
<opset="tmp_data_5_V_4/1 "/>
</bind>
</comp>

<comp id="490" class="1004" name="tmp_data_6_V_fu_490">
<pin_list>
<pin id="491" dir="0" index="0" bw="12" slack="0"/>
<pin id="492" dir="0" index="1" bw="8" slack="0"/>
<pin id="493" dir="0" index="2" bw="1" slack="0"/>
<pin id="494" dir="1" index="3" bw="12" slack="0"/>
</pin_list>
<bind>
<opcode="bitconcatenate(1004) " fcode="bitconcatenate"/>
<opset="tmp_data_6_V/1 "/>
</bind>
</comp>

<comp id="498" class="1004" name="tmp_data_6_V_3_fu_498">
<pin_list>
<pin id="499" dir="0" index="0" bw="12" slack="0"/>
<pin id="500" dir="1" index="1" bw="16" slack="0"/>
</pin_list>
<bind>
<opcode="sext(35) " fcode="sext"/>
<opset="tmp_data_6_V_3/1 "/>
</bind>
</comp>

<comp id="503" class="1004" name="tmp_data_7_V_fu_503">
<pin_list>
<pin id="504" dir="0" index="0" bw="12" slack="0"/>
<pin id="505" dir="0" index="1" bw="8" slack="0"/>
<pin id="506" dir="0" index="2" bw="1" slack="0"/>
<pin id="507" dir="1" index="3" bw="12" slack="0"/>
</pin_list>
<bind>
<opcode="bitconcatenate(1004) " fcode="bitconcatenate"/>
<opset="tmp_data_7_V/1 "/>
</bind>
</comp>

<comp id="511" class="1004" name="tmp_data_7_V_3_fu_511">
<pin_list>
<pin id="512" dir="0" index="0" bw="12" slack="0"/>
<pin id="513" dir="1" index="1" bw="16" slack="0"/>
</pin_list>
<bind>
<opcode="sext(35) " fcode="sext"/>
<opset="tmp_data_7_V_3/1 "/>
</bind>
</comp>

<comp id="516" class="1004" name="tmp_data_8_V_fu_516">
<pin_list>
<pin id="517" dir="0" index="0" bw="12" slack="0"/>
<pin id="518" dir="0" index="1" bw="8" slack="0"/>
<pin id="519" dir="0" index="2" bw="1" slack="0"/>
<pin id="520" dir="1" index="3" bw="12" slack="0"/>
</pin_list>
<bind>
<opcode="bitconcatenate(1004) " fcode="bitconcatenate"/>
<opset="tmp_data_8_V/1 "/>
</bind>
</comp>

<comp id="524" class="1004" name="tmp_data_8_V_2_fu_524">
<pin_list>
<pin id="525" dir="0" index="0" bw="12" slack="0"/>
<pin id="526" dir="1" index="1" bw="16" slack="0"/>
</pin_list>
<bind>
<opcode="sext(35) " fcode="sext"/>
<opset="tmp_data_8_V_2/1 "/>
</bind>
</comp>

<comp id="529" class="1004" name="tmp_data_9_V_fu_529">
<pin_list>
<pin id="530" dir="0" index="0" bw="12" slack="0"/>
<pin id="531" dir="0" index="1" bw="8" slack="0"/>
<pin id="532" dir="0" index="2" bw="1" slack="0"/>
<pin id="533" dir="1" index="3" bw="12" slack="0"/>
</pin_list>
<bind>
<opcode="bitconcatenate(1004) " fcode="bitconcatenate"/>
<opset="tmp_data_9_V/1 "/>
</bind>
</comp>

<comp id="537" class="1004" name="tmp_data_9_V_2_fu_537">
<pin_list>
<pin id="538" dir="0" index="0" bw="12" slack="0"/>
<pin id="539" dir="1" index="1" bw="16" slack="0"/>
</pin_list>
<bind>
<opcode="sext(35) " fcode="sext"/>
<opset="tmp_data_9_V_2/1 "/>
</bind>
</comp>

</comp_list>

<net_list>
<net id="327"><net_src comp="304" pin="0"/><net_sink comp="314" pin=0"/></net>

<net id="328"><net_src comp="0" pin="0"/><net_sink comp="314" pin=1"/></net>

<net id="329"><net_src comp="2" pin="0"/><net_sink comp="314" pin=2"/></net>

<net id="330"><net_src comp="4" pin="0"/><net_sink comp="314" pin=3"/></net>

<net id="331"><net_src comp="6" pin="0"/><net_sink comp="314" pin=4"/></net>

<net id="332"><net_src comp="8" pin="0"/><net_sink comp="314" pin=5"/></net>

<net id="333"><net_src comp="10" pin="0"/><net_sink comp="314" pin=6"/></net>

<net id="334"><net_src comp="12" pin="0"/><net_sink comp="314" pin=7"/></net>

<net id="335"><net_src comp="14" pin="0"/><net_sink comp="314" pin=8"/></net>

<net id="336"><net_src comp="16" pin="0"/><net_sink comp="314" pin=9"/></net>

<net id="337"><net_src comp="18" pin="0"/><net_sink comp="314" pin=10"/></net>

<net id="361"><net_src comp="310" pin="0"/><net_sink comp="338" pin=0"/></net>

<net id="362"><net_src comp="20" pin="0"/><net_sink comp="338" pin=1"/></net>

<net id="363"><net_src comp="22" pin="0"/><net_sink comp="338" pin=2"/></net>

<net id="364"><net_src comp="24" pin="0"/><net_sink comp="338" pin=3"/></net>

<net id="365"><net_src comp="26" pin="0"/><net_sink comp="338" pin=4"/></net>

<net id="366"><net_src comp="28" pin="0"/><net_sink comp="338" pin=5"/></net>

<net id="367"><net_src comp="30" pin="0"/><net_sink comp="338" pin=6"/></net>

<net id="368"><net_src comp="32" pin="0"/><net_sink comp="338" pin=7"/></net>

<net id="369"><net_src comp="34" pin="0"/><net_sink comp="338" pin=8"/></net>

<net id="370"><net_src comp="36" pin="0"/><net_sink comp="338" pin=9"/></net>

<net id="371"><net_src comp="38" pin="0"/><net_sink comp="338" pin=10"/></net>

<net id="375"><net_src comp="314" pin="11"/><net_sink comp="372" pin=0"/></net>

<net id="379"><net_src comp="314" pin="11"/><net_sink comp="376" pin=0"/></net>

<net id="383"><net_src comp="314" pin="11"/><net_sink comp="380" pin=0"/></net>

<net id="387"><net_src comp="314" pin="11"/><net_sink comp="384" pin=0"/></net>

<net id="391"><net_src comp="314" pin="11"/><net_sink comp="388" pin=0"/></net>

<net id="395"><net_src comp="314" pin="11"/><net_sink comp="392" pin=0"/></net>

<net id="399"><net_src comp="314" pin="11"/><net_sink comp="396" pin=0"/></net>

<net id="403"><net_src comp="314" pin="11"/><net_sink comp="400" pin=0"/></net>

<net id="407"><net_src comp="314" pin="11"/><net_sink comp="404" pin=0"/></net>

<net id="411"><net_src comp="314" pin="11"/><net_sink comp="408" pin=0"/></net>

<net id="417"><net_src comp="306" pin="0"/><net_sink comp="412" pin=0"/></net>

<net id="418"><net_src comp="372" pin="1"/><net_sink comp="412" pin=1"/></net>

<net id="419"><net_src comp="308" pin="0"/><net_sink comp="412" pin=2"/></net>

<net id="423"><net_src comp="412" pin="3"/><net_sink comp="420" pin=0"/></net>

<net id="424"><net_src comp="420" pin="1"/><net_sink comp="338" pin=11"/></net>

<net id="430"><net_src comp="306" pin="0"/><net_sink comp="425" pin=0"/></net>

<net id="431"><net_src comp="376" pin="1"/><net_sink comp="425" pin=1"/></net>

<net id="432"><net_src comp="308" pin="0"/><net_sink comp="425" pin=2"/></net>

<net id="436"><net_src comp="425" pin="3"/><net_sink comp="433" pin=0"/></net>

<net id="437"><net_src comp="433" pin="1"/><net_sink comp="338" pin=12"/></net>

<net id="443"><net_src comp="306" pin="0"/><net_sink comp="438" pin=0"/></net>

<net id="444"><net_src comp="380" pin="1"/><net_sink comp="438" pin=1"/></net>

<net id="445"><net_src comp="308" pin="0"/><net_sink comp="438" pin=2"/></net>

<net id="449"><net_src comp="438" pin="3"/><net_sink comp="446" pin=0"/></net>

<net id="450"><net_src comp="446" pin="1"/><net_sink comp="338" pin=13"/></net>

<net id="456"><net_src comp="306" pin="0"/><net_sink comp="451" pin=0"/></net>

<net id="457"><net_src comp="384" pin="1"/><net_sink comp="451" pin=1"/></net>

<net id="458"><net_src comp="308" pin="0"/><net_sink comp="451" pin=2"/></net>

<net id="462"><net_src comp="451" pin="3"/><net_sink comp="459" pin=0"/></net>

<net id="463"><net_src comp="459" pin="1"/><net_sink comp="338" pin=14"/></net>

<net id="469"><net_src comp="306" pin="0"/><net_sink comp="464" pin=0"/></net>

<net id="470"><net_src comp="388" pin="1"/><net_sink comp="464" pin=1"/></net>

<net id="471"><net_src comp="308" pin="0"/><net_sink comp="464" pin=2"/></net>

<net id="475"><net_src comp="464" pin="3"/><net_sink comp="472" pin=0"/></net>

<net id="476"><net_src comp="472" pin="1"/><net_sink comp="338" pin=15"/></net>

<net id="482"><net_src comp="306" pin="0"/><net_sink comp="477" pin=0"/></net>

<net id="483"><net_src comp="392" pin="1"/><net_sink comp="477" pin=1"/></net>

<net id="484"><net_src comp="308" pin="0"/><net_sink comp="477" pin=2"/></net>

<net id="488"><net_src comp="477" pin="3"/><net_sink comp="485" pin=0"/></net>

<net id="489"><net_src comp="485" pin="1"/><net_sink comp="338" pin=16"/></net>

<net id="495"><net_src comp="306" pin="0"/><net_sink comp="490" pin=0"/></net>

<net id="496"><net_src comp="396" pin="1"/><net_sink comp="490" pin=1"/></net>

<net id="497"><net_src comp="308" pin="0"/><net_sink comp="490" pin=2"/></net>

<net id="501"><net_src comp="490" pin="3"/><net_sink comp="498" pin=0"/></net>

<net id="502"><net_src comp="498" pin="1"/><net_sink comp="338" pin=17"/></net>

<net id="508"><net_src comp="306" pin="0"/><net_sink comp="503" pin=0"/></net>

<net id="509"><net_src comp="400" pin="1"/><net_sink comp="503" pin=1"/></net>

<net id="510"><net_src comp="308" pin="0"/><net_sink comp="503" pin=2"/></net>

<net id="514"><net_src comp="503" pin="3"/><net_sink comp="511" pin=0"/></net>

<net id="515"><net_src comp="511" pin="1"/><net_sink comp="338" pin=18"/></net>

<net id="521"><net_src comp="306" pin="0"/><net_sink comp="516" pin=0"/></net>

<net id="522"><net_src comp="404" pin="1"/><net_sink comp="516" pin=1"/></net>

<net id="523"><net_src comp="308" pin="0"/><net_sink comp="516" pin=2"/></net>

<net id="527"><net_src comp="516" pin="3"/><net_sink comp="524" pin=0"/></net>

<net id="528"><net_src comp="524" pin="1"/><net_sink comp="338" pin=19"/></net>

<net id="534"><net_src comp="306" pin="0"/><net_sink comp="529" pin=0"/></net>

<net id="535"><net_src comp="408" pin="1"/><net_sink comp="529" pin=1"/></net>

<net id="536"><net_src comp="308" pin="0"/><net_sink comp="529" pin=2"/></net>

<net id="540"><net_src comp="529" pin="3"/><net_sink comp="537" pin=0"/></net>

<net id="541"><net_src comp="537" pin="1"/><net_sink comp="338" pin=20"/></net>

</net_list>

</model> 
---------------- Datapath Model END ------------------

* FSMD analyzer results:
  - Output states:
	Port: res_V_data_0_V | {1 }
	Port: res_V_data_1_V | {1 }
	Port: res_V_data_2_V | {1 }
	Port: res_V_data_3_V | {1 }
	Port: res_V_data_4_V | {1 }
	Port: res_V_data_5_V | {1 }
	Port: res_V_data_6_V | {1 }
	Port: res_V_data_7_V | {1 }
	Port: res_V_data_8_V | {1 }
	Port: res_V_data_9_V | {1 }
 - Input state : 
	Port: linear<array,array<ap_fixed<16,6,5,3,0>,10u>,linear_config19> : data_V_data_0_V | {1 }
	Port: linear<array,array<ap_fixed<16,6,5,3,0>,10u>,linear_config19> : data_V_data_1_V | {1 }
	Port: linear<array,array<ap_fixed<16,6,5,3,0>,10u>,linear_config19> : data_V_data_2_V | {1 }
	Port: linear<array,array<ap_fixed<16,6,5,3,0>,10u>,linear_config19> : data_V_data_3_V | {1 }
	Port: linear<array,array<ap_fixed<16,6,5,3,0>,10u>,linear_config19> : data_V_data_4_V | {1 }
	Port: linear<array,array<ap_fixed<16,6,5,3,0>,10u>,linear_config19> : data_V_data_5_V | {1 }
	Port: linear<array,array<ap_fixed<16,6,5,3,0>,10u>,linear_config19> : data_V_data_6_V | {1 }
	Port: linear<array,array<ap_fixed<16,6,5,3,0>,10u>,linear_config19> : data_V_data_7_V | {1 }
	Port: linear<array,array<ap_fixed<16,6,5,3,0>,10u>,linear_config19> : data_V_data_8_V | {1 }
	Port: linear<array,array<ap_fixed<16,6,5,3,0>,10u>,linear_config19> : data_V_data_9_V | {1 }
	Port: linear<array,array<ap_fixed<16,6,5,3,0>,10u>,linear_config19> : res_V_data_0_V | {}
	Port: linear<array,array<ap_fixed<16,6,5,3,0>,10u>,linear_config19> : res_V_data_1_V | {}
	Port: linear<array,array<ap_fixed<16,6,5,3,0>,10u>,linear_config19> : res_V_data_2_V | {}
	Port: linear<array,array<ap_fixed<16,6,5,3,0>,10u>,linear_config19> : res_V_data_3_V | {}
	Port: linear<array,array<ap_fixed<16,6,5,3,0>,10u>,linear_config19> : res_V_data_4_V | {}
	Port: linear<array,array<ap_fixed<16,6,5,3,0>,10u>,linear_config19> : res_V_data_5_V | {}
	Port: linear<array,array<ap_fixed<16,6,5,3,0>,10u>,linear_config19> : res_V_data_6_V | {}
	Port: linear<array,array<ap_fixed<16,6,5,3,0>,10u>,linear_config19> : res_V_data_7_V | {}
	Port: linear<array,array<ap_fixed<16,6,5,3,0>,10u>,linear_config19> : res_V_data_8_V | {}
	Port: linear<array,array<ap_fixed<16,6,5,3,0>,10u>,linear_config19> : res_V_data_9_V | {}
  - Chain level:
	State 1
		tmp_data_0_V : 1
		tmp_data_0_V_5 : 2
		tmp_data_1_V : 1
		tmp_data_1_V_5 : 2
		tmp_data_2_V : 1
		tmp_data_2_V_5 : 2
		tmp_data_3_V : 1
		tmp_data_3_V_5 : 2
		tmp_data_4_V : 1
		tmp_data_4_V_5 : 2
		tmp_data_5_V : 1
		tmp_data_5_V_4 : 2
		tmp_data_6_V : 1
		tmp_data_6_V_3 : 2
		tmp_data_7_V : 1
		tmp_data_7_V_3 : 2
		tmp_data_8_V : 1
		tmp_data_8_V_2 : 2
		tmp_data_9_V : 1
		tmp_data_9_V_2 : 2
		write_ln32 : 3
		empty_222 : 1


============================================================
+ Verbose Summary: Datapath Resource usage 
============================================================

* Functional unit list:
|----------|-------------------------|
| Operation|     Functional Unit     |
|----------|-------------------------|
|   read   |    empty_read_fu_314    |
|----------|-------------------------|
|   write  | write_ln32_write_fu_338 |
|----------|-------------------------|
|          |  tmp_data_V_26_0_fu_372 |
|          |  tmp_data_V_26_1_fu_376 |
|          |  tmp_data_V_26_2_fu_380 |
|          |  tmp_data_V_26_3_fu_384 |
|extractvalue|  tmp_data_V_26_4_fu_388 |
|          |  tmp_data_V_26_5_fu_392 |
|          |  tmp_data_V_26_6_fu_396 |
|          |  tmp_data_V_26_7_fu_400 |
|          |  tmp_data_V_26_8_fu_404 |
|          |  tmp_data_V_26_9_fu_408 |
|----------|-------------------------|
|          |   tmp_data_0_V_fu_412   |
|          |   tmp_data_1_V_fu_425   |
|          |   tmp_data_2_V_fu_438   |
|          |   tmp_data_3_V_fu_451   |
|bitconcatenate|   tmp_data_4_V_fu_464   |
|          |   tmp_data_5_V_fu_477   |
|          |   tmp_data_6_V_fu_490   |
|          |   tmp_data_7_V_fu_503   |
|          |   tmp_data_8_V_fu_516   |
|          |   tmp_data_9_V_fu_529   |
|----------|-------------------------|
|          |  tmp_data_0_V_5_fu_420  |
|          |  tmp_data_1_V_5_fu_433  |
|          |  tmp_data_2_V_5_fu_446  |
|          |  tmp_data_3_V_5_fu_459  |
|   sext   |  tmp_data_4_V_5_fu_472  |
|          |  tmp_data_5_V_4_fu_485  |
|          |  tmp_data_6_V_3_fu_498  |
|          |  tmp_data_7_V_3_fu_511  |
|          |  tmp_data_8_V_2_fu_524  |
|          |  tmp_data_9_V_2_fu_537  |
|----------|-------------------------|
|   Total  |                         |
|----------|-------------------------|

Memories:
N/A

* Register list:
N/A

* Multiplexer (MUX) list: 
|--------|------|------|------|--------|
|  Comp  |  Pin | Size |  BW  | S x BW |
|--------|------|------|------|--------|
|  Total |      |      |      |    0   |
|--------|------|------|------|--------|



* Summary:
+-----------+
|           |
+-----------+
|  Function |
|   Memory  |
|Multiplexer|
|  Register |
+-----------+
|   Total   |
+-----------+
