

================================================================
== Vivado HLS Report for 'relu_array_ap_fixed_6u_array_ap_ufixed_8_2_5_3_0_6u_relu_config4_s'
================================================================
* Date:           Mon Nov 24 11:54:04 2025

* Version:        2019.1 (Build 2552052 on Fri May 24 15:28:33 MDT 2019)
* Project:        myproject_prj
* Solution:       solution1
* Product family: kintexu
* Target device:  xcku035-fbva676-2-e


================================================================
== Performance Estimates
================================================================
+ Timing (ns): 
    * Summary: 
    +--------+-------+----------+------------+
    |  Clock | Target| Estimated| Uncertainty|
    +--------+-------+----------+------------+
    |ap_clk  |   5.00|     3.578|        0.62|
    +--------+-------+----------+------------+

+ Latency (clock cycles): 
    * Summary: 
    +------+------+------+------+---------+
    |   Latency   |   Interval  | Pipeline|
    |  min |  max |  min |  max |   Type  |
    +------+------+------+------+---------+
    |  2119|  2119|  2119|  2119|   none  |
    +------+------+------+------+---------+

    + Detail: 
        * Instance: 
        N/A

        * Loop: 
        +---------------+------+------+----------+-----------+-----------+------+----------+
        |               |   Latency   | Iteration|  Initiation Interval  | Trip |          |
        |   Loop Name   |  min |  max |  Latency |  achieved |   target  | Count| Pipelined|
        +---------------+------+------+----------+-----------+-----------+------+----------+
        |- ReLUActLoop  |  2117|  2117|         3|          1|          1|  2116|    yes   |
        +---------------+------+------+----------+-----------+-----------+------+----------+



================================================================
== Utilization Estimates
================================================================
* Summary: 
+-----------------+---------+-------+--------+--------+-----+
|       Name      | BRAM_18K| DSP48E|   FF   |   LUT  | URAM|
+-----------------+---------+-------+--------+--------+-----+
|DSP              |        -|      -|       -|       -|    -|
|Expression       |        -|      -|       0|     174|    -|
|FIFO             |        -|      -|       -|       -|    -|
|Instance         |        -|      -|       -|       -|    -|
|Memory           |        -|      -|       -|       -|    -|
|Multiplexer      |        -|      -|       -|     174|    -|
|Register         |        -|      -|      70|       -|    -|
+-----------------+---------+-------+--------+--------+-----+
|Total            |        0|      0|      70|     348|    0|
+-----------------+---------+-------+--------+--------+-----+
|Available        |     1080|   1700|  406256|  203128|    0|
+-----------------+---------+-------+--------+--------+-----+
|Utilization (%)  |        0|      0|   ~0   |   ~0   |    0|
+-----------------+---------+-------+--------+--------+-----+

+ Detail: 
    * Instance: 
    N/A

    * DSP48E: 
    N/A

    * Memory: 
    N/A

    * FIFO: 
    N/A

    * Expression: 
    +----------------------------------+----------+-------+---+----+------------+------------+
    |           Variable Name          | Operation| DSP48E| FF| LUT| Bitwidth P0| Bitwidth P1|
    +----------------------------------+----------+-------+---+----+------------+------------+
    |i_fu_273_p2                       |     +    |      0|  0|  19|          12|           1|
    |ap_block_state3_pp0_stage0_iter1  |    and   |      0|  0|   2|           1|           1|
    |ap_block_state4_pp0_stage0_iter2  |    and   |      0|  0|   2|           1|           1|
    |io_acc_block_signal_op24          |    and   |      0|  0|   2|           1|           1|
    |io_acc_block_signal_op52          |    and   |      0|  0|   2|           1|           1|
    |icmp_ln1494_1_fu_327_p2           |   icmp   |      0|  0|  13|          16|           1|
    |icmp_ln1494_2_fu_351_p2           |   icmp   |      0|  0|  13|          16|           1|
    |icmp_ln1494_3_fu_375_p2           |   icmp   |      0|  0|  13|          16|           1|
    |icmp_ln1494_4_fu_399_p2           |   icmp   |      0|  0|  13|          16|           1|
    |icmp_ln1494_5_fu_423_p2           |   icmp   |      0|  0|  13|          16|           1|
    |icmp_ln1494_fu_303_p2             |   icmp   |      0|  0|  13|          16|           1|
    |icmp_ln41_fu_267_p2               |   icmp   |      0|  0|  13|          12|          12|
    |ap_block_pp0_stage0_01001         |    or    |      0|  0|   2|           1|           1|
    |ap_block_state1                   |    or    |      0|  0|   2|           1|           1|
    |tmp_data_0_V_fu_319_p3            |  select  |      0|  0|   8|           1|           8|
    |tmp_data_1_V_fu_343_p3            |  select  |      0|  0|   8|           1|           8|
    |tmp_data_2_V_fu_367_p3            |  select  |      0|  0|   8|           1|           8|
    |tmp_data_3_V_fu_391_p3            |  select  |      0|  0|   8|           1|           8|
    |tmp_data_4_V_fu_415_p3            |  select  |      0|  0|   8|           1|           8|
    |tmp_data_5_V_fu_439_p3            |  select  |      0|  0|   8|           1|           8|
    |ap_enable_pp0                     |    xor   |      0|  0|   2|           1|           2|
    |ap_enable_reg_pp0_iter1           |    xor   |      0|  0|   2|           2|           1|
    +----------------------------------+----------+-------+---+----+------------+------------+
    |Total                             |          |      0|  0| 174|         135|          76|
    +----------------------------------+----------+-------+---+----+------------+------------+

    * Multiplexer: 
    +-------------------------+----+-----------+-----+-----------+
    |           Name          | LUT| Input Size| Bits| Total Bits|
    +-------------------------+----+-----------+-----+-----------+
    |ap_NS_fsm                |  21|          4|    1|          4|
    |ap_done                  |   9|          2|    1|          2|
    |ap_enable_reg_pp0_iter1  |   9|          2|    1|          2|
    |ap_enable_reg_pp0_iter2  |   9|          2|    1|          2|
    |data_V_data_0_V_blk_n    |   9|          2|    1|          2|
    |data_V_data_1_V_blk_n    |   9|          2|    1|          2|
    |data_V_data_2_V_blk_n    |   9|          2|    1|          2|
    |data_V_data_3_V_blk_n    |   9|          2|    1|          2|
    |data_V_data_4_V_blk_n    |   9|          2|    1|          2|
    |data_V_data_5_V_blk_n    |   9|          2|    1|          2|
    |i_0_reg_256              |   9|          2|   12|         24|
    |real_start               |   9|          2|    1|          2|
    |res_V_data_0_V_blk_n     |   9|          2|    1|          2|
    |res_V_data_1_V_blk_n     |   9|          2|    1|          2|
    |res_V_data_2_V_blk_n     |   9|          2|    1|          2|
    |res_V_data_3_V_blk_n     |   9|          2|    1|          2|
    |res_V_data_4_V_blk_n     |   9|          2|    1|          2|
    |res_V_data_5_V_blk_n     |   9|          2|    1|          2|
    +-------------------------+----+-----------+-----+-----------+
    |Total                    | 174|         38|   29|         60|
    +-------------------------+----+-----------+-----+-----------+

    * Register: 
    +---------------------------------+----+----+-----+-----------+
    |               Name              | FF | LUT| Bits| Const Bits|
    +---------------------------------+----+----+-----+-----------+
    |ap_CS_fsm                        |   3|   0|    3|          0|
    |ap_done_reg                      |   1|   0|    1|          0|
    |ap_enable_reg_pp0_iter0          |   1|   0|    1|          0|
    |ap_enable_reg_pp0_iter1          |   1|   0|    1|          0|
    |ap_enable_reg_pp0_iter2          |   1|   0|    1|          0|
    |i_0_reg_256                      |  12|   0|   12|          0|
    |icmp_ln41_reg_447                |   1|   0|    1|          0|
    |icmp_ln41_reg_447_pp0_iter1_reg  |   1|   0|    1|          0|
    |start_once_reg                   |   1|   0|    1|          0|
    |tmp_data_0_V_reg_456             |   8|   0|    8|          0|
    |tmp_data_1_V_reg_461             |   8|   0|    8|          0|
    |tmp_data_2_V_reg_466             |   8|   0|    8|          0|
    |tmp_data_3_V_reg_471             |   8|   0|    8|          0|
    |tmp_data_4_V_reg_476             |   8|   0|    8|          0|
    |tmp_data_5_V_reg_481             |   8|   0|    8|          0|
    +---------------------------------+----+----+-----+-----------+
    |Total                            |  70|   0|   70|          0|
    +---------------------------------+----+----+-----+-----------+



================================================================
== Interface
================================================================
* Summary: 
+-------------------------+-----+-----+------------+----------------------------------------------------------------------+--------------+
|        RTL Ports        | Dir | Bits|  Protocol  |                             Source Object                            |    C Type    |
+-------------------------+-----+-----+------------+----------------------------------------------------------------------+--------------+
|ap_clk                   |  in |    1| ap_ctrl_hs | relu<array<ap_fixed,6u>,array<ap_ufixed<8,2,5,3,0>,6u>,relu_config4> | return value |
|ap_rst                   |  in |    1| ap_ctrl_hs | relu<array<ap_fixed,6u>,array<ap_ufixed<8,2,5,3,0>,6u>,relu_config4> | return value |
|ap_start                 |  in |    1| ap_ctrl_hs | relu<array<ap_fixed,6u>,array<ap_ufixed<8,2,5,3,0>,6u>,relu_config4> | return value |
|start_full_n             |  in |    1| ap_ctrl_hs | relu<array<ap_fixed,6u>,array<ap_ufixed<8,2,5,3,0>,6u>,relu_config4> | return value |
|ap_done                  | out |    1| ap_ctrl_hs | relu<array<ap_fixed,6u>,array<ap_ufixed<8,2,5,3,0>,6u>,relu_config4> | return value |
|ap_continue              |  in |    1| ap_ctrl_hs | relu<array<ap_fixed,6u>,array<ap_ufixed<8,2,5,3,0>,6u>,relu_config4> | return value |
|ap_idle                  | out |    1| ap_ctrl_hs | relu<array<ap_fixed,6u>,array<ap_ufixed<8,2,5,3,0>,6u>,relu_config4> | return value |
|ap_ready                 | out |    1| ap_ctrl_hs | relu<array<ap_fixed,6u>,array<ap_ufixed<8,2,5,3,0>,6u>,relu_config4> | return value |
|start_out                | out |    1| ap_ctrl_hs | relu<array<ap_fixed,6u>,array<ap_ufixed<8,2,5,3,0>,6u>,relu_config4> | return value |
|start_write              | out |    1| ap_ctrl_hs | relu<array<ap_fixed,6u>,array<ap_ufixed<8,2,5,3,0>,6u>,relu_config4> | return value |
|data_V_data_0_V_dout     |  in |   16|   ap_fifo  |                            data_V_data_0_V                           |    pointer   |
|data_V_data_0_V_empty_n  |  in |    1|   ap_fifo  |                            data_V_data_0_V                           |    pointer   |
|data_V_data_0_V_read     | out |    1|   ap_fifo  |                            data_V_data_0_V                           |    pointer   |
|data_V_data_1_V_dout     |  in |   16|   ap_fifo  |                            data_V_data_1_V                           |    pointer   |
|data_V_data_1_V_empty_n  |  in |    1|   ap_fifo  |                            data_V_data_1_V                           |    pointer   |
|data_V_data_1_V_read     | out |    1|   ap_fifo  |                            data_V_data_1_V                           |    pointer   |
|data_V_data_2_V_dout     |  in |   16|   ap_fifo  |                            data_V_data_2_V                           |    pointer   |
|data_V_data_2_V_empty_n  |  in |    1|   ap_fifo  |                            data_V_data_2_V                           |    pointer   |
|data_V_data_2_V_read     | out |    1|   ap_fifo  |                            data_V_data_2_V                           |    pointer   |
|data_V_data_3_V_dout     |  in |   16|   ap_fifo  |                            data_V_data_3_V                           |    pointer   |
|data_V_data_3_V_empty_n  |  in |    1|   ap_fifo  |                            data_V_data_3_V                           |    pointer   |
|data_V_data_3_V_read     | out |    1|   ap_fifo  |                            data_V_data_3_V                           |    pointer   |
|data_V_data_4_V_dout     |  in |   16|   ap_fifo  |                            data_V_data_4_V                           |    pointer   |
|data_V_data_4_V_empty_n  |  in |    1|   ap_fifo  |                            data_V_data_4_V                           |    pointer   |
|data_V_data_4_V_read     | out |    1|   ap_fifo  |                            data_V_data_4_V                           |    pointer   |
|data_V_data_5_V_dout     |  in |   16|   ap_fifo  |                            data_V_data_5_V                           |    pointer   |
|data_V_data_5_V_empty_n  |  in |    1|   ap_fifo  |                            data_V_data_5_V                           |    pointer   |
|data_V_data_5_V_read     | out |    1|   ap_fifo  |                            data_V_data_5_V                           |    pointer   |
|res_V_data_0_V_din       | out |    8|   ap_fifo  |                            res_V_data_0_V                            |    pointer   |
|res_V_data_0_V_full_n    |  in |    1|   ap_fifo  |                            res_V_data_0_V                            |    pointer   |
|res_V_data_0_V_write     | out |    1|   ap_fifo  |                            res_V_data_0_V                            |    pointer   |
|res_V_data_1_V_din       | out |    8|   ap_fifo  |                            res_V_data_1_V                            |    pointer   |
|res_V_data_1_V_full_n    |  in |    1|   ap_fifo  |                            res_V_data_1_V                            |    pointer   |
|res_V_data_1_V_write     | out |    1|   ap_fifo  |                            res_V_data_1_V                            |    pointer   |
|res_V_data_2_V_din       | out |    8|   ap_fifo  |                            res_V_data_2_V                            |    pointer   |
|res_V_data_2_V_full_n    |  in |    1|   ap_fifo  |                            res_V_data_2_V                            |    pointer   |
|res_V_data_2_V_write     | out |    1|   ap_fifo  |                            res_V_data_2_V                            |    pointer   |
|res_V_data_3_V_din       | out |    8|   ap_fifo  |                            res_V_data_3_V                            |    pointer   |
|res_V_data_3_V_full_n    |  in |    1|   ap_fifo  |                            res_V_data_3_V                            |    pointer   |
|res_V_data_3_V_write     | out |    1|   ap_fifo  |                            res_V_data_3_V                            |    pointer   |
|res_V_data_4_V_din       | out |    8|   ap_fifo  |                            res_V_data_4_V                            |    pointer   |
|res_V_data_4_V_full_n    |  in |    1|   ap_fifo  |                            res_V_data_4_V                            |    pointer   |
|res_V_data_4_V_write     | out |    1|   ap_fifo  |                            res_V_data_4_V                            |    pointer   |
|res_V_data_5_V_din       | out |    8|   ap_fifo  |                            res_V_data_5_V                            |    pointer   |
|res_V_data_5_V_full_n    |  in |    1|   ap_fifo  |                            res_V_data_5_V                            |    pointer   |
|res_V_data_5_V_write     | out |    1|   ap_fifo  |                            res_V_data_5_V                            |    pointer   |
+-------------------------+-----+-----+------------+----------------------------------------------------------------------+--------------+

============================================================
+ Verbose Summary: Synthesis Manager
============================================================
InlineROM: 1
ExposeGlobal: 0
============================================================
+ Verbose Summary: CDFG Model
============================================================
IsTopModel: 0
ResetActiveHigh: 1
IsCombinational: 2
IsDatapathOnly: 0
HasWiredReturn: 1
HasMFsm: 0
HasVarLatency: 1
IsPipeline: 0
IsRtlPipelined: 0
IsInstanceOverlapped: 0
IsDontTouch: 0
HasImplIP: 0
IsGatedGlobalClock: 0

+ Individual pipeline summary: 
  * Pipeline-0: initiation interval (II) = 1, depth = 3


============================================================
+ Verbose Summary: Schedule
============================================================
* Number of FSM states : 5
* Pipeline : 1
  Pipeline-0 : II = 1, D = 3, States = { 2 3 4 }
* Dataflow Pipeline: 0

* FSM state transitions: 
1 --> 2 
2 --> 5 3 
3 --> 4 
4 --> 2 
5 --> 

* FSM state operations: 

State 1 <SV = 0> <Delay = 0.83>
ST_1 : Operation 6 [1/1] (0.00ns)   --->   "call void (...)* @_ssdm_op_SpecInterface(i8* %res_V_data_5_V, [8 x i8]* @ap_fifo_str, i32 0, i32 0, [1 x i8]* @p_str622, i32 0, i32 0, [1 x i8]* @p_str623, [1 x i8]* @p_str624, [1 x i8]* @p_str625, i32 2, i32 2, i32 16, i32 16, [1 x i8]* @p_str626, [1 x i8]* @p_str627)"   --->   Operation 6 'specinterface' <Predicate = true> <Delay = 0.00>
ST_1 : Operation 7 [1/1] (0.00ns)   --->   "call void (...)* @_ssdm_op_SpecInterface(i8* %res_V_data_4_V, [8 x i8]* @ap_fifo_str, i32 0, i32 0, [1 x i8]* @p_str615, i32 0, i32 0, [1 x i8]* @p_str616, [1 x i8]* @p_str617, [1 x i8]* @p_str618, i32 2, i32 2, i32 16, i32 16, [1 x i8]* @p_str619, [1 x i8]* @p_str620)"   --->   Operation 7 'specinterface' <Predicate = true> <Delay = 0.00>
ST_1 : Operation 8 [1/1] (0.00ns)   --->   "call void (...)* @_ssdm_op_SpecInterface(i8* %res_V_data_3_V, [8 x i8]* @ap_fifo_str, i32 0, i32 0, [1 x i8]* @p_str608, i32 0, i32 0, [1 x i8]* @p_str609, [1 x i8]* @p_str610, [1 x i8]* @p_str611, i32 2, i32 2, i32 16, i32 16, [1 x i8]* @p_str612, [1 x i8]* @p_str613)"   --->   Operation 8 'specinterface' <Predicate = true> <Delay = 0.00>
ST_1 : Operation 9 [1/1] (0.00ns)   --->   "call void (...)* @_ssdm_op_SpecInterface(i8* %res_V_data_2_V, [8 x i8]* @ap_fifo_str, i32 0, i32 0, [1 x i8]* @p_str601, i32 0, i32 0, [1 x i8]* @p_str602, [1 x i8]* @p_str603, [1 x i8]* @p_str604, i32 2, i32 2, i32 16, i32 16, [1 x i8]* @p_str605, [1 x i8]* @p_str606)"   --->   Operation 9 'specinterface' <Predicate = true> <Delay = 0.00>
ST_1 : Operation 10 [1/1] (0.00ns)   --->   "call void (...)* @_ssdm_op_SpecInterface(i8* %res_V_data_1_V, [8 x i8]* @ap_fifo_str, i32 0, i32 0, [1 x i8]* @p_str594, i32 0, i32 0, [1 x i8]* @p_str595, [1 x i8]* @p_str596, [1 x i8]* @p_str597, i32 2, i32 2, i32 16, i32 16, [1 x i8]* @p_str598, [1 x i8]* @p_str599)"   --->   Operation 10 'specinterface' <Predicate = true> <Delay = 0.00>
ST_1 : Operation 11 [1/1] (0.00ns)   --->   "call void (...)* @_ssdm_op_SpecInterface(i8* %res_V_data_0_V, [8 x i8]* @ap_fifo_str, i32 0, i32 0, [1 x i8]* @p_str587, i32 0, i32 0, [1 x i8]* @p_str588, [1 x i8]* @p_str589, [1 x i8]* @p_str590, i32 2, i32 2, i32 16, i32 16, [1 x i8]* @p_str591, [1 x i8]* @p_str592)"   --->   Operation 11 'specinterface' <Predicate = true> <Delay = 0.00>
ST_1 : Operation 12 [1/1] (0.00ns)   --->   "call void (...)* @_ssdm_op_SpecInterface(i16* %data_V_data_5_V, [8 x i8]* @ap_fifo_str, i32 0, i32 0, [1 x i8]* @p_str580, i32 0, i32 0, [1 x i8]* @p_str581, [1 x i8]* @p_str582, [1 x i8]* @p_str583, i32 2, i32 2, i32 16, i32 16, [1 x i8]* @p_str584, [1 x i8]* @p_str585)"   --->   Operation 12 'specinterface' <Predicate = true> <Delay = 0.00>
ST_1 : Operation 13 [1/1] (0.00ns)   --->   "call void (...)* @_ssdm_op_SpecInterface(i16* %data_V_data_4_V, [8 x i8]* @ap_fifo_str, i32 0, i32 0, [1 x i8]* @p_str573, i32 0, i32 0, [1 x i8]* @p_str574, [1 x i8]* @p_str575, [1 x i8]* @p_str576, i32 2, i32 2, i32 16, i32 16, [1 x i8]* @p_str577, [1 x i8]* @p_str578)"   --->   Operation 13 'specinterface' <Predicate = true> <Delay = 0.00>
ST_1 : Operation 14 [1/1] (0.00ns)   --->   "call void (...)* @_ssdm_op_SpecInterface(i16* %data_V_data_3_V, [8 x i8]* @ap_fifo_str, i32 0, i32 0, [1 x i8]* @p_str566, i32 0, i32 0, [1 x i8]* @p_str567, [1 x i8]* @p_str568, [1 x i8]* @p_str569, i32 2, i32 2, i32 16, i32 16, [1 x i8]* @p_str570, [1 x i8]* @p_str571)"   --->   Operation 14 'specinterface' <Predicate = true> <Delay = 0.00>
ST_1 : Operation 15 [1/1] (0.00ns)   --->   "call void (...)* @_ssdm_op_SpecInterface(i16* %data_V_data_2_V, [8 x i8]* @ap_fifo_str, i32 0, i32 0, [1 x i8]* @p_str559, i32 0, i32 0, [1 x i8]* @p_str560, [1 x i8]* @p_str561, [1 x i8]* @p_str562, i32 2, i32 2, i32 16, i32 16, [1 x i8]* @p_str563, [1 x i8]* @p_str564)"   --->   Operation 15 'specinterface' <Predicate = true> <Delay = 0.00>
ST_1 : Operation 16 [1/1] (0.00ns)   --->   "call void (...)* @_ssdm_op_SpecInterface(i16* %data_V_data_1_V, [8 x i8]* @ap_fifo_str, i32 0, i32 0, [1 x i8]* @p_str552, i32 0, i32 0, [1 x i8]* @p_str553, [1 x i8]* @p_str554, [1 x i8]* @p_str555, i32 2, i32 2, i32 16, i32 16, [1 x i8]* @p_str556, [1 x i8]* @p_str557)"   --->   Operation 16 'specinterface' <Predicate = true> <Delay = 0.00>
ST_1 : Operation 17 [1/1] (0.00ns)   --->   "call void (...)* @_ssdm_op_SpecInterface(i16* %data_V_data_0_V, [8 x i8]* @ap_fifo_str, i32 0, i32 0, [1 x i8]* @p_str545, i32 0, i32 0, [1 x i8]* @p_str546, [1 x i8]* @p_str547, [1 x i8]* @p_str548, i32 2, i32 2, i32 16, i32 16, [1 x i8]* @p_str549, [1 x i8]* @p_str550)"   --->   Operation 17 'specinterface' <Predicate = true> <Delay = 0.00>
ST_1 : Operation 18 [1/1] (0.83ns)   --->   "br label %1" [firmware/nnet_utils/nnet_activation_stream.h:41]   --->   Operation 18 'br' <Predicate = true> <Delay = 0.83>

State 2 <SV = 1> <Delay = 1.35>
ST_2 : Operation 19 [1/1] (0.00ns)   --->   "%i_0 = phi i12 [ 0, %0 ], [ %i, %ReLUActLoop ]"   --->   Operation 19 'phi' 'i_0' <Predicate = true> <Delay = 0.00>
ST_2 : Operation 20 [1/1] (0.93ns)   --->   "%icmp_ln41 = icmp eq i12 %i_0, -1980" [firmware/nnet_utils/nnet_activation_stream.h:41]   --->   Operation 20 'icmp' 'icmp_ln41' <Predicate = true> <Delay = 0.93> <Core = "Cmp">   --->   Core 25 'Cmp' <Latency = 0> <II = 1> <Delay = 0.93> <FuncUnit> <Opcode : 'icmp'> <InPorts = 2> <OutPorts = 1>
ST_2 : Operation 21 [1/1] (0.00ns)   --->   "%empty = call i32 (...)* @_ssdm_op_SpecLoopTripCount(i64 2116, i64 2116, i64 2116)"   --->   Operation 21 'speclooptripcount' 'empty' <Predicate = true> <Delay = 0.00>
ST_2 : Operation 22 [1/1] (1.35ns)   --->   "%i = add i12 %i_0, 1" [firmware/nnet_utils/nnet_activation_stream.h:41]   --->   Operation 22 'add' 'i' <Predicate = true> <Delay = 1.35> <Core = "AddSub">   --->   Core 14 'AddSub' <Latency = 0> <II = 1> <Delay = 1.35> <FuncUnit> <Opcode : 'add' 'sub'> <InPorts = 2> <OutPorts = 1>
ST_2 : Operation 23 [1/1] (0.00ns)   --->   "br i1 %icmp_ln41, label %2, label %ReLUActLoop" [firmware/nnet_utils/nnet_activation_stream.h:41]   --->   Operation 23 'br' <Predicate = true> <Delay = 0.00>

State 3 <SV = 2> <Delay = 3.57>
ST_3 : Operation 24 [1/1] (2.18ns)   --->   "%empty_29 = call { i16, i16, i16, i16, i16, i16 } @_ssdm_op_Read.ap_fifo.volatile.i16P.i16P.i16P.i16P.i16P.i16P(i16* %data_V_data_0_V, i16* %data_V_data_1_V, i16* %data_V_data_2_V, i16* %data_V_data_3_V, i16* %data_V_data_4_V, i16* %data_V_data_5_V)" [firmware/nnet_utils/nnet_activation_stream.h:44]   --->   Operation 24 'read' 'empty_29' <Predicate = (!icmp_ln41)> <Delay = 2.18> <Core = "FIFO">   --->   Core 32 'FIFO' <Latency = 0> <II = 1> <Delay = 2.26> <Storage> <Opcode : 'read' 'write' 'nbread' 'nbwrite'> <Ports = 0> <Width = 8> <Depth = 1> <FIFO>
ST_3 : Operation 25 [1/1] (0.00ns)   --->   "%tmp_data_V_4_0 = extractvalue { i16, i16, i16, i16, i16, i16 } %empty_29, 0" [firmware/nnet_utils/nnet_activation_stream.h:44]   --->   Operation 25 'extractvalue' 'tmp_data_V_4_0' <Predicate = (!icmp_ln41)> <Delay = 0.00>
ST_3 : Operation 26 [1/1] (0.00ns)   --->   "%tmp_data_V_4_1 = extractvalue { i16, i16, i16, i16, i16, i16 } %empty_29, 1" [firmware/nnet_utils/nnet_activation_stream.h:44]   --->   Operation 26 'extractvalue' 'tmp_data_V_4_1' <Predicate = (!icmp_ln41)> <Delay = 0.00>
ST_3 : Operation 27 [1/1] (0.00ns)   --->   "%tmp_data_V_4_2 = extractvalue { i16, i16, i16, i16, i16, i16 } %empty_29, 2" [firmware/nnet_utils/nnet_activation_stream.h:44]   --->   Operation 27 'extractvalue' 'tmp_data_V_4_2' <Predicate = (!icmp_ln41)> <Delay = 0.00>
ST_3 : Operation 28 [1/1] (0.00ns)   --->   "%tmp_data_V_4_3 = extractvalue { i16, i16, i16, i16, i16, i16 } %empty_29, 3" [firmware/nnet_utils/nnet_activation_stream.h:44]   --->   Operation 28 'extractvalue' 'tmp_data_V_4_3' <Predicate = (!icmp_ln41)> <Delay = 0.00>
ST_3 : Operation 29 [1/1] (0.00ns)   --->   "%tmp_data_V_4_4 = extractvalue { i16, i16, i16, i16, i16, i16 } %empty_29, 4" [firmware/nnet_utils/nnet_activation_stream.h:44]   --->   Operation 29 'extractvalue' 'tmp_data_V_4_4' <Predicate = (!icmp_ln41)> <Delay = 0.00>
ST_3 : Operation 30 [1/1] (0.00ns)   --->   "%tmp_data_V_4_5 = extractvalue { i16, i16, i16, i16, i16, i16 } %empty_29, 5" [firmware/nnet_utils/nnet_activation_stream.h:44]   --->   Operation 30 'extractvalue' 'tmp_data_V_4_5' <Predicate = (!icmp_ln41)> <Delay = 0.00>
ST_3 : Operation 31 [1/1] (1.09ns)   --->   "%icmp_ln1494 = icmp sgt i16 %tmp_data_V_4_0, 0" [firmware/nnet_utils/nnet_activation_stream.h:51]   --->   Operation 31 'icmp' 'icmp_ln1494' <Predicate = (!icmp_ln41)> <Delay = 1.09> <Core = "Cmp">   --->   Core 25 'Cmp' <Latency = 0> <II = 1> <Delay = 0.93> <FuncUnit> <Opcode : 'icmp'> <InPorts = 2> <OutPorts = 1>
ST_3 : Operation 32 [1/1] (0.00ns)   --->   "%trunc_ln = call i8 @_ssdm_op_PartSelect.i8.i16.i32.i32(i16 %tmp_data_V_4_0, i32 4, i32 11)" [firmware/nnet_utils/nnet_activation_stream.h:52]   --->   Operation 32 'partselect' 'trunc_ln' <Predicate = (!icmp_ln41)> <Delay = 0.00>
ST_3 : Operation 33 [1/1] (0.29ns)   --->   "%tmp_data_0_V = select i1 %icmp_ln1494, i8 %trunc_ln, i8 0" [firmware/nnet_utils/nnet_activation_stream.h:51]   --->   Operation 33 'select' 'tmp_data_0_V' <Predicate = (!icmp_ln41)> <Delay = 0.29> <Core = "Sel">   --->   Core 26 'Sel' <Latency = 0> <II = 1> <Delay = 0.29> <FuncUnit> <Opcode : 'select'> <InPorts = 3> <OutPorts = 1>
ST_3 : Operation 34 [1/1] (1.09ns)   --->   "%icmp_ln1494_1 = icmp sgt i16 %tmp_data_V_4_1, 0" [firmware/nnet_utils/nnet_activation_stream.h:51]   --->   Operation 34 'icmp' 'icmp_ln1494_1' <Predicate = (!icmp_ln41)> <Delay = 1.09> <Core = "Cmp">   --->   Core 25 'Cmp' <Latency = 0> <II = 1> <Delay = 0.93> <FuncUnit> <Opcode : 'icmp'> <InPorts = 2> <OutPorts = 1>
ST_3 : Operation 35 [1/1] (0.00ns)   --->   "%trunc_ln708_1 = call i8 @_ssdm_op_PartSelect.i8.i16.i32.i32(i16 %tmp_data_V_4_1, i32 4, i32 11)" [firmware/nnet_utils/nnet_activation_stream.h:52]   --->   Operation 35 'partselect' 'trunc_ln708_1' <Predicate = (!icmp_ln41)> <Delay = 0.00>
ST_3 : Operation 36 [1/1] (0.29ns)   --->   "%tmp_data_1_V = select i1 %icmp_ln1494_1, i8 %trunc_ln708_1, i8 0" [firmware/nnet_utils/nnet_activation_stream.h:51]   --->   Operation 36 'select' 'tmp_data_1_V' <Predicate = (!icmp_ln41)> <Delay = 0.29> <Core = "Sel">   --->   Core 26 'Sel' <Latency = 0> <II = 1> <Delay = 0.29> <FuncUnit> <Opcode : 'select'> <InPorts = 3> <OutPorts = 1>
ST_3 : Operation 37 [1/1] (1.09ns)   --->   "%icmp_ln1494_2 = icmp sgt i16 %tmp_data_V_4_2, 0" [firmware/nnet_utils/nnet_activation_stream.h:51]   --->   Operation 37 'icmp' 'icmp_ln1494_2' <Predicate = (!icmp_ln41)> <Delay = 1.09> <Core = "Cmp">   --->   Core 25 'Cmp' <Latency = 0> <II = 1> <Delay = 0.93> <FuncUnit> <Opcode : 'icmp'> <InPorts = 2> <OutPorts = 1>
ST_3 : Operation 38 [1/1] (0.00ns)   --->   "%trunc_ln708_2 = call i8 @_ssdm_op_PartSelect.i8.i16.i32.i32(i16 %tmp_data_V_4_2, i32 4, i32 11)" [firmware/nnet_utils/nnet_activation_stream.h:52]   --->   Operation 38 'partselect' 'trunc_ln708_2' <Predicate = (!icmp_ln41)> <Delay = 0.00>
ST_3 : Operation 39 [1/1] (0.29ns)   --->   "%tmp_data_2_V = select i1 %icmp_ln1494_2, i8 %trunc_ln708_2, i8 0" [firmware/nnet_utils/nnet_activation_stream.h:51]   --->   Operation 39 'select' 'tmp_data_2_V' <Predicate = (!icmp_ln41)> <Delay = 0.29> <Core = "Sel">   --->   Core 26 'Sel' <Latency = 0> <II = 1> <Delay = 0.29> <FuncUnit> <Opcode : 'select'> <InPorts = 3> <OutPorts = 1>
ST_3 : Operation 40 [1/1] (1.09ns)   --->   "%icmp_ln1494_3 = icmp sgt i16 %tmp_data_V_4_3, 0" [firmware/nnet_utils/nnet_activation_stream.h:51]   --->   Operation 40 'icmp' 'icmp_ln1494_3' <Predicate = (!icmp_ln41)> <Delay = 1.09> <Core = "Cmp">   --->   Core 25 'Cmp' <Latency = 0> <II = 1> <Delay = 0.93> <FuncUnit> <Opcode : 'icmp'> <InPorts = 2> <OutPorts = 1>
ST_3 : Operation 41 [1/1] (0.00ns)   --->   "%trunc_ln708_3 = call i8 @_ssdm_op_PartSelect.i8.i16.i32.i32(i16 %tmp_data_V_4_3, i32 4, i32 11)" [firmware/nnet_utils/nnet_activation_stream.h:52]   --->   Operation 41 'partselect' 'trunc_ln708_3' <Predicate = (!icmp_ln41)> <Delay = 0.00>
ST_3 : Operation 42 [1/1] (0.29ns)   --->   "%tmp_data_3_V = select i1 %icmp_ln1494_3, i8 %trunc_ln708_3, i8 0" [firmware/nnet_utils/nnet_activation_stream.h:51]   --->   Operation 42 'select' 'tmp_data_3_V' <Predicate = (!icmp_ln41)> <Delay = 0.29> <Core = "Sel">   --->   Core 26 'Sel' <Latency = 0> <II = 1> <Delay = 0.29> <FuncUnit> <Opcode : 'select'> <InPorts = 3> <OutPorts = 1>
ST_3 : Operation 43 [1/1] (1.09ns)   --->   "%icmp_ln1494_4 = icmp sgt i16 %tmp_data_V_4_4, 0" [firmware/nnet_utils/nnet_activation_stream.h:51]   --->   Operation 43 'icmp' 'icmp_ln1494_4' <Predicate = (!icmp_ln41)> <Delay = 1.09> <Core = "Cmp">   --->   Core 25 'Cmp' <Latency = 0> <II = 1> <Delay = 0.93> <FuncUnit> <Opcode : 'icmp'> <InPorts = 2> <OutPorts = 1>
ST_3 : Operation 44 [1/1] (0.00ns)   --->   "%trunc_ln708_4 = call i8 @_ssdm_op_PartSelect.i8.i16.i32.i32(i16 %tmp_data_V_4_4, i32 4, i32 11)" [firmware/nnet_utils/nnet_activation_stream.h:52]   --->   Operation 44 'partselect' 'trunc_ln708_4' <Predicate = (!icmp_ln41)> <Delay = 0.00>
ST_3 : Operation 45 [1/1] (0.29ns)   --->   "%tmp_data_4_V = select i1 %icmp_ln1494_4, i8 %trunc_ln708_4, i8 0" [firmware/nnet_utils/nnet_activation_stream.h:51]   --->   Operation 45 'select' 'tmp_data_4_V' <Predicate = (!icmp_ln41)> <Delay = 0.29> <Core = "Sel">   --->   Core 26 'Sel' <Latency = 0> <II = 1> <Delay = 0.29> <FuncUnit> <Opcode : 'select'> <InPorts = 3> <OutPorts = 1>
ST_3 : Operation 46 [1/1] (1.09ns)   --->   "%icmp_ln1494_5 = icmp sgt i16 %tmp_data_V_4_5, 0" [firmware/nnet_utils/nnet_activation_stream.h:51]   --->   Operation 46 'icmp' 'icmp_ln1494_5' <Predicate = (!icmp_ln41)> <Delay = 1.09> <Core = "Cmp">   --->   Core 25 'Cmp' <Latency = 0> <II = 1> <Delay = 0.93> <FuncUnit> <Opcode : 'icmp'> <InPorts = 2> <OutPorts = 1>
ST_3 : Operation 47 [1/1] (0.00ns)   --->   "%trunc_ln708_5 = call i8 @_ssdm_op_PartSelect.i8.i16.i32.i32(i16 %tmp_data_V_4_5, i32 4, i32 11)" [firmware/nnet_utils/nnet_activation_stream.h:52]   --->   Operation 47 'partselect' 'trunc_ln708_5' <Predicate = (!icmp_ln41)> <Delay = 0.00>
ST_3 : Operation 48 [1/1] (0.29ns)   --->   "%tmp_data_5_V = select i1 %icmp_ln1494_5, i8 %trunc_ln708_5, i8 0" [firmware/nnet_utils/nnet_activation_stream.h:51]   --->   Operation 48 'select' 'tmp_data_5_V' <Predicate = (!icmp_ln41)> <Delay = 0.29> <Core = "Sel">   --->   Core 26 'Sel' <Latency = 0> <II = 1> <Delay = 0.29> <FuncUnit> <Opcode : 'select'> <InPorts = 3> <OutPorts = 1>

State 4 <SV = 3> <Delay = 2.18>
ST_4 : Operation 49 [1/1] (0.00ns)   --->   "call void (...)* @_ssdm_op_SpecLoopName([12 x i8]* @p_str56) nounwind" [firmware/nnet_utils/nnet_activation_stream.h:41]   --->   Operation 49 'specloopname' <Predicate = (!icmp_ln41)> <Delay = 0.00>
ST_4 : Operation 50 [1/1] (0.00ns)   --->   "%tmp = call i32 (...)* @_ssdm_op_SpecRegionBegin([12 x i8]* @p_str56)" [firmware/nnet_utils/nnet_activation_stream.h:41]   --->   Operation 50 'specregionbegin' 'tmp' <Predicate = (!icmp_ln41)> <Delay = 0.00>
ST_4 : Operation 51 [1/1] (0.00ns)   --->   "call void (...)* @_ssdm_op_SpecPipeline(i32 -1, i32 1, i32 1, i32 0, [1 x i8]* @p_str17) nounwind" [firmware/nnet_utils/nnet_activation_stream.h:42]   --->   Operation 51 'specpipeline' <Predicate = (!icmp_ln41)> <Delay = 0.00>
ST_4 : Operation 52 [1/1] (2.18ns)   --->   "call void @_ssdm_op_Write.ap_fifo.volatile.i8P.i8P.i8P.i8P.i8P.i8P(i8* %res_V_data_0_V, i8* %res_V_data_1_V, i8* %res_V_data_2_V, i8* %res_V_data_3_V, i8* %res_V_data_4_V, i8* %res_V_data_5_V, i8 %tmp_data_0_V, i8 %tmp_data_1_V, i8 %tmp_data_2_V, i8 %tmp_data_3_V, i8 %tmp_data_4_V, i8 %tmp_data_5_V)" [firmware/nnet_utils/nnet_activation_stream.h:57]   --->   Operation 52 'write' <Predicate = (!icmp_ln41)> <Delay = 2.18> <Core = "FIFO">   --->   Core 32 'FIFO' <Latency = 0> <II = 1> <Delay = 2.26> <Storage> <Opcode : 'read' 'write' 'nbread' 'nbwrite'> <Ports = 0> <Width = 8> <Depth = 1> <FIFO>
ST_4 : Operation 53 [1/1] (0.00ns)   --->   "%empty_30 = call i32 (...)* @_ssdm_op_SpecRegionEnd([12 x i8]* @p_str56, i32 %tmp)" [firmware/nnet_utils/nnet_activation_stream.h:58]   --->   Operation 53 'specregionend' 'empty_30' <Predicate = (!icmp_ln41)> <Delay = 0.00>
ST_4 : Operation 54 [1/1] (0.00ns)   --->   "br label %1" [firmware/nnet_utils/nnet_activation_stream.h:41]   --->   Operation 54 'br' <Predicate = (!icmp_ln41)> <Delay = 0.00>

State 5 <SV = 2> <Delay = 0.00>
ST_5 : Operation 55 [1/1] (0.00ns)   --->   "ret void" [firmware/nnet_utils/nnet_activation_stream.h:59]   --->   Operation 55 'ret' <Predicate = true> <Delay = 0.00>


============================================================
+ Verbose Summary: Binding
============================================================
STG Binding: 
---------------- STG Properties BEGIN ----------------
- Is combinational: 0
- Is one-state seq: 0
- Is datapath-only: 0
- Is pipelined: 0
- Is top level: 0
Port [ Return ] is wired: 1; IO mode=ap_ctrl_hs:ce=0
Port [ data_V_data_0_V]:  wired=1; compound=1; hidden=0; nouse=0; global=0; static=0; extern=0; dir=0; type=3; pingpong=0; private_global=0; IO mode=ap_fifo:ce=0
Port [ data_V_data_1_V]:  wired=1; compound=1; hidden=0; nouse=0; global=0; static=0; extern=0; dir=0; type=3; pingpong=0; private_global=0; IO mode=ap_fifo:ce=0
Port [ data_V_data_2_V]:  wired=1; compound=1; hidden=0; nouse=0; global=0; static=0; extern=0; dir=0; type=3; pingpong=0; private_global=0; IO mode=ap_fifo:ce=0
Port [ data_V_data_3_V]:  wired=1; compound=1; hidden=0; nouse=0; global=0; static=0; extern=0; dir=0; type=3; pingpong=0; private_global=0; IO mode=ap_fifo:ce=0
Port [ data_V_data_4_V]:  wired=1; compound=1; hidden=0; nouse=0; global=0; static=0; extern=0; dir=0; type=3; pingpong=0; private_global=0; IO mode=ap_fifo:ce=0
Port [ data_V_data_5_V]:  wired=1; compound=1; hidden=0; nouse=0; global=0; static=0; extern=0; dir=0; type=3; pingpong=0; private_global=0; IO mode=ap_fifo:ce=0
Port [ res_V_data_0_V]:  wired=1; compound=1; hidden=0; nouse=0; global=0; static=0; extern=0; dir=1; type=3; pingpong=0; private_global=0; IO mode=ap_fifo:ce=0
Port [ res_V_data_1_V]:  wired=1; compound=1; hidden=0; nouse=0; global=0; static=0; extern=0; dir=1; type=3; pingpong=0; private_global=0; IO mode=ap_fifo:ce=0
Port [ res_V_data_2_V]:  wired=1; compound=1; hidden=0; nouse=0; global=0; static=0; extern=0; dir=1; type=3; pingpong=0; private_global=0; IO mode=ap_fifo:ce=0
Port [ res_V_data_3_V]:  wired=1; compound=1; hidden=0; nouse=0; global=0; static=0; extern=0; dir=1; type=3; pingpong=0; private_global=0; IO mode=ap_fifo:ce=0
Port [ res_V_data_4_V]:  wired=1; compound=1; hidden=0; nouse=0; global=0; static=0; extern=0; dir=1; type=3; pingpong=0; private_global=0; IO mode=ap_fifo:ce=0
Port [ res_V_data_5_V]:  wired=1; compound=1; hidden=0; nouse=0; global=0; static=0; extern=0; dir=1; type=3; pingpong=0; private_global=0; IO mode=ap_fifo:ce=0
---------------- STG Properties END ------------------

---------------- Datapath Model BEGIN ----------------

<LifeTime>
<method=bitvector/>
specinterface_ln0 (specinterface    ) [ 000000]
specinterface_ln0 (specinterface    ) [ 000000]
specinterface_ln0 (specinterface    ) [ 000000]
specinterface_ln0 (specinterface    ) [ 000000]
specinterface_ln0 (specinterface    ) [ 000000]
specinterface_ln0 (specinterface    ) [ 000000]
specinterface_ln0 (specinterface    ) [ 000000]
specinterface_ln0 (specinterface    ) [ 000000]
specinterface_ln0 (specinterface    ) [ 000000]
specinterface_ln0 (specinterface    ) [ 000000]
specinterface_ln0 (specinterface    ) [ 000000]
specinterface_ln0 (specinterface    ) [ 000000]
br_ln41           (br               ) [ 011110]
i_0               (phi              ) [ 001000]
icmp_ln41         (icmp             ) [ 001110]
empty             (speclooptripcount) [ 000000]
i                 (add              ) [ 011110]
br_ln41           (br               ) [ 000000]
empty_29          (read             ) [ 000000]
tmp_data_V_4_0    (extractvalue     ) [ 000000]
tmp_data_V_4_1    (extractvalue     ) [ 000000]
tmp_data_V_4_2    (extractvalue     ) [ 000000]
tmp_data_V_4_3    (extractvalue     ) [ 000000]
tmp_data_V_4_4    (extractvalue     ) [ 000000]
tmp_data_V_4_5    (extractvalue     ) [ 000000]
icmp_ln1494       (icmp             ) [ 000000]
trunc_ln          (partselect       ) [ 000000]
tmp_data_0_V      (select           ) [ 001010]
icmp_ln1494_1     (icmp             ) [ 000000]
trunc_ln708_1     (partselect       ) [ 000000]
tmp_data_1_V      (select           ) [ 001010]
icmp_ln1494_2     (icmp             ) [ 000000]
trunc_ln708_2     (partselect       ) [ 000000]
tmp_data_2_V      (select           ) [ 001010]
icmp_ln1494_3     (icmp             ) [ 000000]
trunc_ln708_3     (partselect       ) [ 000000]
tmp_data_3_V      (select           ) [ 001010]
icmp_ln1494_4     (icmp             ) [ 000000]
trunc_ln708_4     (partselect       ) [ 000000]
tmp_data_4_V      (select           ) [ 001010]
icmp_ln1494_5     (icmp             ) [ 000000]
trunc_ln708_5     (partselect       ) [ 000000]
tmp_data_5_V      (select           ) [ 001010]
specloopname_ln41 (specloopname     ) [ 000000]
tmp               (specregionbegin  ) [ 000000]
specpipeline_ln42 (specpipeline     ) [ 000000]
write_ln57        (write            ) [ 000000]
empty_30          (specregionend    ) [ 000000]
br_ln41           (br               ) [ 011110]
ret_ln59          (ret              ) [ 000000]
</LifeTime>

<model>

<comp_list>
<comp id="0" class="1000" name="data_V_data_0_V">
<pin_list>
<pin id="1" dir="1" index="0" bw="1" slack="0"/>
</pin_list>
<bind>
<StgValue><ssdm name="data_V_data_0_V"/></StgValue>
</bind>
</comp>

<comp id="2" class="1000" name="data_V_data_1_V">
<pin_list>
<pin id="3" dir="1" index="0" bw="1" slack="0"/>
</pin_list>
<bind>
<StgValue><ssdm name="data_V_data_1_V"/></StgValue>
</bind>
</comp>

<comp id="4" class="1000" name="data_V_data_2_V">
<pin_list>
<pin id="5" dir="1" index="0" bw="1" slack="0"/>
</pin_list>
<bind>
<StgValue><ssdm name="data_V_data_2_V"/></StgValue>
</bind>
</comp>

<comp id="6" class="1000" name="data_V_data_3_V">
<pin_list>
<pin id="7" dir="1" index="0" bw="1" slack="0"/>
</pin_list>
<bind>
<StgValue><ssdm name="data_V_data_3_V"/></StgValue>
</bind>
</comp>

<comp id="8" class="1000" name="data_V_data_4_V">
<pin_list>
<pin id="9" dir="1" index="0" bw="1" slack="0"/>
</pin_list>
<bind>
<StgValue><ssdm name="data_V_data_4_V"/></StgValue>
</bind>
</comp>

<comp id="10" class="1000" name="data_V_data_5_V">
<pin_list>
<pin id="11" dir="1" index="0" bw="1" slack="0"/>
</pin_list>
<bind>
<StgValue><ssdm name="data_V_data_5_V"/></StgValue>
</bind>
</comp>

<comp id="12" class="1000" name="res_V_data_0_V">
<pin_list>
<pin id="13" dir="1" index="0" bw="1" slack="0"/>
</pin_list>
<bind>
<StgValue><ssdm name="res_V_data_0_V"/></StgValue>
</bind>
</comp>

<comp id="14" class="1000" name="res_V_data_1_V">
<pin_list>
<pin id="15" dir="1" index="0" bw="1" slack="0"/>
</pin_list>
<bind>
<StgValue><ssdm name="res_V_data_1_V"/></StgValue>
</bind>
</comp>

<comp id="16" class="1000" name="res_V_data_2_V">
<pin_list>
<pin id="17" dir="1" index="0" bw="1" slack="0"/>
</pin_list>
<bind>
<StgValue><ssdm name="res_V_data_2_V"/></StgValue>
</bind>
</comp>

<comp id="18" class="1000" name="res_V_data_3_V">
<pin_list>
<pin id="19" dir="1" index="0" bw="1" slack="0"/>
</pin_list>
<bind>
<StgValue><ssdm name="res_V_data_3_V"/></StgValue>
</bind>
</comp>

<comp id="20" class="1000" name="res_V_data_4_V">
<pin_list>
<pin id="21" dir="1" index="0" bw="1" slack="0"/>
</pin_list>
<bind>
<StgValue><ssdm name="res_V_data_4_V"/></StgValue>
</bind>
</comp>

<comp id="22" class="1000" name="res_V_data_5_V">
<pin_list>
<pin id="23" dir="1" index="0" bw="1" slack="0"/>
</pin_list>
<bind>
<StgValue><ssdm name="res_V_data_5_V"/></StgValue>
</bind>
</comp>

<comp id="24" class="1001" name="const_24">
<pin_list>
<pin id="25" dir="1" index="0" bw="1" slack="2147483647"/>
</pin_list>
<bind>
<StgValue><ssdm name="_ssdm_op_SpecInterface"/></StgValue>
</bind>
</comp>

<comp id="26" class="1001" name="const_26">
<pin_list>
<pin id="27" dir="1" index="0" bw="1" slack="2147483647"/>
</pin_list>
<bind>
<StgValue><ssdm name="ap_fifo_str"/></StgValue>
</bind>
</comp>

<comp id="28" class="1001" name="const_28">
<pin_list>
<pin id="29" dir="1" index="0" bw="1" slack="2147483647"/>
</pin_list>
<bind>
<StgValue><ssdm name=""/></StgValue>
</bind>
</comp>

<comp id="30" class="1001" name="const_30">
<pin_list>
<pin id="31" dir="1" index="0" bw="1" slack="2147483647"/>
</pin_list>
<bind>
<StgValue><ssdm name="p_str622"/></StgValue>
</bind>
</comp>

<comp id="32" class="1001" name="const_32">
<pin_list>
<pin id="33" dir="1" index="0" bw="1" slack="2147483647"/>
</pin_list>
<bind>
<StgValue><ssdm name="p_str623"/></StgValue>
</bind>
</comp>

<comp id="34" class="1001" name="const_34">
<pin_list>
<pin id="35" dir="1" index="0" bw="1" slack="2147483647"/>
</pin_list>
<bind>
<StgValue><ssdm name="p_str624"/></StgValue>
</bind>
</comp>

<comp id="36" class="1001" name="const_36">
<pin_list>
<pin id="37" dir="1" index="0" bw="1" slack="2147483647"/>
</pin_list>
<bind>
<StgValue><ssdm name="p_str625"/></StgValue>
</bind>
</comp>

<comp id="38" class="1001" name="const_38">
<pin_list>
<pin id="39" dir="1" index="0" bw="1" slack="2147483647"/>
</pin_list>
<bind>
<StgValue><ssdm name=""/></StgValue>
</bind>
</comp>

<comp id="40" class="1001" name="const_40">
<pin_list>
<pin id="41" dir="1" index="0" bw="1" slack="2147483647"/>
</pin_list>
<bind>
<StgValue><ssdm name=""/></StgValue>
</bind>
</comp>

<comp id="42" class="1001" name="const_42">
<pin_list>
<pin id="43" dir="1" index="0" bw="1" slack="2147483647"/>
</pin_list>
<bind>
<StgValue><ssdm name="p_str626"/></StgValue>
</bind>
</comp>

<comp id="44" class="1001" name="const_44">
<pin_list>
<pin id="45" dir="1" index="0" bw="1" slack="2147483647"/>
</pin_list>
<bind>
<StgValue><ssdm name="p_str627"/></StgValue>
</bind>
</comp>

<comp id="46" class="1001" name="const_46">
<pin_list>
<pin id="47" dir="1" index="0" bw="1" slack="2147483647"/>
</pin_list>
<bind>
<StgValue><ssdm name="p_str615"/></StgValue>
</bind>
</comp>

<comp id="48" class="1001" name="const_48">
<pin_list>
<pin id="49" dir="1" index="0" bw="1" slack="2147483647"/>
</pin_list>
<bind>
<StgValue><ssdm name="p_str616"/></StgValue>
</bind>
</comp>

<comp id="50" class="1001" name="const_50">
<pin_list>
<pin id="51" dir="1" index="0" bw="1" slack="2147483647"/>
</pin_list>
<bind>
<StgValue><ssdm name="p_str617"/></StgValue>
</bind>
</comp>

<comp id="52" class="1001" name="const_52">
<pin_list>
<pin id="53" dir="1" index="0" bw="1" slack="2147483647"/>
</pin_list>
<bind>
<StgValue><ssdm name="p_str618"/></StgValue>
</bind>
</comp>

<comp id="54" class="1001" name="const_54">
<pin_list>
<pin id="55" dir="1" index="0" bw="1" slack="2147483647"/>
</pin_list>
<bind>
<StgValue><ssdm name="p_str619"/></StgValue>
</bind>
</comp>

<comp id="56" class="1001" name="const_56">
<pin_list>
<pin id="57" dir="1" index="0" bw="1" slack="2147483647"/>
</pin_list>
<bind>
<StgValue><ssdm name="p_str620"/></StgValue>
</bind>
</comp>

<comp id="58" class="1001" name="const_58">
<pin_list>
<pin id="59" dir="1" index="0" bw="1" slack="2147483647"/>
</pin_list>
<bind>
<StgValue><ssdm name="p_str608"/></StgValue>
</bind>
</comp>

<comp id="60" class="1001" name="const_60">
<pin_list>
<pin id="61" dir="1" index="0" bw="1" slack="2147483647"/>
</pin_list>
<bind>
<StgValue><ssdm name="p_str609"/></StgValue>
</bind>
</comp>

<comp id="62" class="1001" name="const_62">
<pin_list>
<pin id="63" dir="1" index="0" bw="1" slack="2147483647"/>
</pin_list>
<bind>
<StgValue><ssdm name="p_str610"/></StgValue>
</bind>
</comp>

<comp id="64" class="1001" name="const_64">
<pin_list>
<pin id="65" dir="1" index="0" bw="1" slack="2147483647"/>
</pin_list>
<bind>
<StgValue><ssdm name="p_str611"/></StgValue>
</bind>
</comp>

<comp id="66" class="1001" name="const_66">
<pin_list>
<pin id="67" dir="1" index="0" bw="1" slack="2147483647"/>
</pin_list>
<bind>
<StgValue><ssdm name="p_str612"/></StgValue>
</bind>
</comp>

<comp id="68" class="1001" name="const_68">
<pin_list>
<pin id="69" dir="1" index="0" bw="1" slack="2147483647"/>
</pin_list>
<bind>
<StgValue><ssdm name="p_str613"/></StgValue>
</bind>
</comp>

<comp id="70" class="1001" name="const_70">
<pin_list>
<pin id="71" dir="1" index="0" bw="1" slack="2147483647"/>
</pin_list>
<bind>
<StgValue><ssdm name="p_str601"/></StgValue>
</bind>
</comp>

<comp id="72" class="1001" name="const_72">
<pin_list>
<pin id="73" dir="1" index="0" bw="1" slack="2147483647"/>
</pin_list>
<bind>
<StgValue><ssdm name="p_str602"/></StgValue>
</bind>
</comp>

<comp id="74" class="1001" name="const_74">
<pin_list>
<pin id="75" dir="1" index="0" bw="1" slack="2147483647"/>
</pin_list>
<bind>
<StgValue><ssdm name="p_str603"/></StgValue>
</bind>
</comp>

<comp id="76" class="1001" name="const_76">
<pin_list>
<pin id="77" dir="1" index="0" bw="1" slack="2147483647"/>
</pin_list>
<bind>
<StgValue><ssdm name="p_str604"/></StgValue>
</bind>
</comp>

<comp id="78" class="1001" name="const_78">
<pin_list>
<pin id="79" dir="1" index="0" bw="1" slack="2147483647"/>
</pin_list>
<bind>
<StgValue><ssdm name="p_str605"/></StgValue>
</bind>
</comp>

<comp id="80" class="1001" name="const_80">
<pin_list>
<pin id="81" dir="1" index="0" bw="1" slack="2147483647"/>
</pin_list>
<bind>
<StgValue><ssdm name="p_str606"/></StgValue>
</bind>
</comp>

<comp id="82" class="1001" name="const_82">
<pin_list>
<pin id="83" dir="1" index="0" bw="1" slack="2147483647"/>
</pin_list>
<bind>
<StgValue><ssdm name="p_str594"/></StgValue>
</bind>
</comp>

<comp id="84" class="1001" name="const_84">
<pin_list>
<pin id="85" dir="1" index="0" bw="1" slack="2147483647"/>
</pin_list>
<bind>
<StgValue><ssdm name="p_str595"/></StgValue>
</bind>
</comp>

<comp id="86" class="1001" name="const_86">
<pin_list>
<pin id="87" dir="1" index="0" bw="1" slack="2147483647"/>
</pin_list>
<bind>
<StgValue><ssdm name="p_str596"/></StgValue>
</bind>
</comp>

<comp id="88" class="1001" name="const_88">
<pin_list>
<pin id="89" dir="1" index="0" bw="1" slack="2147483647"/>
</pin_list>
<bind>
<StgValue><ssdm name="p_str597"/></StgValue>
</bind>
</comp>

<comp id="90" class="1001" name="const_90">
<pin_list>
<pin id="91" dir="1" index="0" bw="1" slack="2147483647"/>
</pin_list>
<bind>
<StgValue><ssdm name="p_str598"/></StgValue>
</bind>
</comp>

<comp id="92" class="1001" name="const_92">
<pin_list>
<pin id="93" dir="1" index="0" bw="1" slack="2147483647"/>
</pin_list>
<bind>
<StgValue><ssdm name="p_str599"/></StgValue>
</bind>
</comp>

<comp id="94" class="1001" name="const_94">
<pin_list>
<pin id="95" dir="1" index="0" bw="1" slack="2147483647"/>
</pin_list>
<bind>
<StgValue><ssdm name="p_str587"/></StgValue>
</bind>
</comp>

<comp id="96" class="1001" name="const_96">
<pin_list>
<pin id="97" dir="1" index="0" bw="1" slack="2147483647"/>
</pin_list>
<bind>
<StgValue><ssdm name="p_str588"/></StgValue>
</bind>
</comp>

<comp id="98" class="1001" name="const_98">
<pin_list>
<pin id="99" dir="1" index="0" bw="1" slack="2147483647"/>
</pin_list>
<bind>
<StgValue><ssdm name="p_str589"/></StgValue>
</bind>
</comp>

<comp id="100" class="1001" name="const_100">
<pin_list>
<pin id="101" dir="1" index="0" bw="1" slack="2147483647"/>
</pin_list>
<bind>
<StgValue><ssdm name="p_str590"/></StgValue>
</bind>
</comp>

<comp id="102" class="1001" name="const_102">
<pin_list>
<pin id="103" dir="1" index="0" bw="1" slack="2147483647"/>
</pin_list>
<bind>
<StgValue><ssdm name="p_str591"/></StgValue>
</bind>
</comp>

<comp id="104" class="1001" name="const_104">
<pin_list>
<pin id="105" dir="1" index="0" bw="1" slack="2147483647"/>
</pin_list>
<bind>
<StgValue><ssdm name="p_str592"/></StgValue>
</bind>
</comp>

<comp id="106" class="1001" name="const_106">
<pin_list>
<pin id="107" dir="1" index="0" bw="1" slack="2147483647"/>
</pin_list>
<bind>
<StgValue><ssdm name="p_str580"/></StgValue>
</bind>
</comp>

<comp id="108" class="1001" name="const_108">
<pin_list>
<pin id="109" dir="1" index="0" bw="1" slack="2147483647"/>
</pin_list>
<bind>
<StgValue><ssdm name="p_str581"/></StgValue>
</bind>
</comp>

<comp id="110" class="1001" name="const_110">
<pin_list>
<pin id="111" dir="1" index="0" bw="1" slack="2147483647"/>
</pin_list>
<bind>
<StgValue><ssdm name="p_str582"/></StgValue>
</bind>
</comp>

<comp id="112" class="1001" name="const_112">
<pin_list>
<pin id="113" dir="1" index="0" bw="1" slack="2147483647"/>
</pin_list>
<bind>
<StgValue><ssdm name="p_str583"/></StgValue>
</bind>
</comp>

<comp id="114" class="1001" name="const_114">
<pin_list>
<pin id="115" dir="1" index="0" bw="1" slack="2147483647"/>
</pin_list>
<bind>
<StgValue><ssdm name="p_str584"/></StgValue>
</bind>
</comp>

<comp id="116" class="1001" name="const_116">
<pin_list>
<pin id="117" dir="1" index="0" bw="1" slack="2147483647"/>
</pin_list>
<bind>
<StgValue><ssdm name="p_str585"/></StgValue>
</bind>
</comp>

<comp id="118" class="1001" name="const_118">
<pin_list>
<pin id="119" dir="1" index="0" bw="1" slack="2147483647"/>
</pin_list>
<bind>
<StgValue><ssdm name="p_str573"/></StgValue>
</bind>
</comp>

<comp id="120" class="1001" name="const_120">
<pin_list>
<pin id="121" dir="1" index="0" bw="1" slack="2147483647"/>
</pin_list>
<bind>
<StgValue><ssdm name="p_str574"/></StgValue>
</bind>
</comp>

<comp id="122" class="1001" name="const_122">
<pin_list>
<pin id="123" dir="1" index="0" bw="1" slack="2147483647"/>
</pin_list>
<bind>
<StgValue><ssdm name="p_str575"/></StgValue>
</bind>
</comp>

<comp id="124" class="1001" name="const_124">
<pin_list>
<pin id="125" dir="1" index="0" bw="1" slack="2147483647"/>
</pin_list>
<bind>
<StgValue><ssdm name="p_str576"/></StgValue>
</bind>
</comp>

<comp id="126" class="1001" name="const_126">
<pin_list>
<pin id="127" dir="1" index="0" bw="1" slack="2147483647"/>
</pin_list>
<bind>
<StgValue><ssdm name="p_str577"/></StgValue>
</bind>
</comp>

<comp id="128" class="1001" name="const_128">
<pin_list>
<pin id="129" dir="1" index="0" bw="1" slack="2147483647"/>
</pin_list>
<bind>
<StgValue><ssdm name="p_str578"/></StgValue>
</bind>
</comp>

<comp id="130" class="1001" name="const_130">
<pin_list>
<pin id="131" dir="1" index="0" bw="1" slack="2147483647"/>
</pin_list>
<bind>
<StgValue><ssdm name="p_str566"/></StgValue>
</bind>
</comp>

<comp id="132" class="1001" name="const_132">
<pin_list>
<pin id="133" dir="1" index="0" bw="1" slack="2147483647"/>
</pin_list>
<bind>
<StgValue><ssdm name="p_str567"/></StgValue>
</bind>
</comp>

<comp id="134" class="1001" name="const_134">
<pin_list>
<pin id="135" dir="1" index="0" bw="1" slack="2147483647"/>
</pin_list>
<bind>
<StgValue><ssdm name="p_str568"/></StgValue>
</bind>
</comp>

<comp id="136" class="1001" name="const_136">
<pin_list>
<pin id="137" dir="1" index="0" bw="1" slack="2147483647"/>
</pin_list>
<bind>
<StgValue><ssdm name="p_str569"/></StgValue>
</bind>
</comp>

<comp id="138" class="1001" name="const_138">
<pin_list>
<pin id="139" dir="1" index="0" bw="1" slack="2147483647"/>
</pin_list>
<bind>
<StgValue><ssdm name="p_str570"/></StgValue>
</bind>
</comp>

<comp id="140" class="1001" name="const_140">
<pin_list>
<pin id="141" dir="1" index="0" bw="1" slack="2147483647"/>
</pin_list>
<bind>
<StgValue><ssdm name="p_str571"/></StgValue>
</bind>
</comp>

<comp id="142" class="1001" name="const_142">
<pin_list>
<pin id="143" dir="1" index="0" bw="1" slack="2147483647"/>
</pin_list>
<bind>
<StgValue><ssdm name="p_str559"/></StgValue>
</bind>
</comp>

<comp id="144" class="1001" name="const_144">
<pin_list>
<pin id="145" dir="1" index="0" bw="1" slack="2147483647"/>
</pin_list>
<bind>
<StgValue><ssdm name="p_str560"/></StgValue>
</bind>
</comp>

<comp id="146" class="1001" name="const_146">
<pin_list>
<pin id="147" dir="1" index="0" bw="1" slack="2147483647"/>
</pin_list>
<bind>
<StgValue><ssdm name="p_str561"/></StgValue>
</bind>
</comp>

<comp id="148" class="1001" name="const_148">
<pin_list>
<pin id="149" dir="1" index="0" bw="1" slack="2147483647"/>
</pin_list>
<bind>
<StgValue><ssdm name="p_str562"/></StgValue>
</bind>
</comp>

<comp id="150" class="1001" name="const_150">
<pin_list>
<pin id="151" dir="1" index="0" bw="1" slack="2147483647"/>
</pin_list>
<bind>
<StgValue><ssdm name="p_str563"/></StgValue>
</bind>
</comp>

<comp id="152" class="1001" name="const_152">
<pin_list>
<pin id="153" dir="1" index="0" bw="1" slack="2147483647"/>
</pin_list>
<bind>
<StgValue><ssdm name="p_str564"/></StgValue>
</bind>
</comp>

<comp id="154" class="1001" name="const_154">
<pin_list>
<pin id="155" dir="1" index="0" bw="1" slack="2147483647"/>
</pin_list>
<bind>
<StgValue><ssdm name="p_str552"/></StgValue>
</bind>
</comp>

<comp id="156" class="1001" name="const_156">
<pin_list>
<pin id="157" dir="1" index="0" bw="1" slack="2147483647"/>
</pin_list>
<bind>
<StgValue><ssdm name="p_str553"/></StgValue>
</bind>
</comp>

<comp id="158" class="1001" name="const_158">
<pin_list>
<pin id="159" dir="1" index="0" bw="1" slack="2147483647"/>
</pin_list>
<bind>
<StgValue><ssdm name="p_str554"/></StgValue>
</bind>
</comp>

<comp id="160" class="1001" name="const_160">
<pin_list>
<pin id="161" dir="1" index="0" bw="1" slack="2147483647"/>
</pin_list>
<bind>
<StgValue><ssdm name="p_str555"/></StgValue>
</bind>
</comp>

<comp id="162" class="1001" name="const_162">
<pin_list>
<pin id="163" dir="1" index="0" bw="1" slack="2147483647"/>
</pin_list>
<bind>
<StgValue><ssdm name="p_str556"/></StgValue>
</bind>
</comp>

<comp id="164" class="1001" name="const_164">
<pin_list>
<pin id="165" dir="1" index="0" bw="1" slack="2147483647"/>
</pin_list>
<bind>
<StgValue><ssdm name="p_str557"/></StgValue>
</bind>
</comp>

<comp id="166" class="1001" name="const_166">
<pin_list>
<pin id="167" dir="1" index="0" bw="1" slack="2147483647"/>
</pin_list>
<bind>
<StgValue><ssdm name="p_str545"/></StgValue>
</bind>
</comp>

<comp id="168" class="1001" name="const_168">
<pin_list>
<pin id="169" dir="1" index="0" bw="1" slack="2147483647"/>
</pin_list>
<bind>
<StgValue><ssdm name="p_str546"/></StgValue>
</bind>
</comp>

<comp id="170" class="1001" name="const_170">
<pin_list>
<pin id="171" dir="1" index="0" bw="1" slack="2147483647"/>
</pin_list>
<bind>
<StgValue><ssdm name="p_str547"/></StgValue>
</bind>
</comp>

<comp id="172" class="1001" name="const_172">
<pin_list>
<pin id="173" dir="1" index="0" bw="1" slack="2147483647"/>
</pin_list>
<bind>
<StgValue><ssdm name="p_str548"/></StgValue>
</bind>
</comp>

<comp id="174" class="1001" name="const_174">
<pin_list>
<pin id="175" dir="1" index="0" bw="1" slack="2147483647"/>
</pin_list>
<bind>
<StgValue><ssdm name="p_str549"/></StgValue>
</bind>
</comp>

<comp id="176" class="1001" name="const_176">
<pin_list>
<pin id="177" dir="1" index="0" bw="1" slack="2147483647"/>
</pin_list>
<bind>
<StgValue><ssdm name="p_str550"/></StgValue>
</bind>
</comp>

<comp id="178" class="1001" name="const_178">
<pin_list>
<pin id="179" dir="1" index="0" bw="1" slack="1"/>
</pin_list>
<bind>
<StgValue><ssdm name=""/></StgValue>
</bind>
</comp>

<comp id="180" class="1001" name="const_180">
<pin_list>
<pin id="181" dir="1" index="0" bw="1" slack="0"/>
</pin_list>
<bind>
<StgValue><ssdm name=""/></StgValue>
</bind>
</comp>

<comp id="182" class="1001" name="const_182">
<pin_list>
<pin id="183" dir="1" index="0" bw="1" slack="2147483647"/>
</pin_list>
<bind>
<StgValue><ssdm name="_ssdm_op_SpecLoopTripCount"/></StgValue>
</bind>
</comp>

<comp id="184" class="1001" name="const_184">
<pin_list>
<pin id="185" dir="1" index="0" bw="1" slack="2147483647"/>
</pin_list>
<bind>
<StgValue><ssdm name=""/></StgValue>
</bind>
</comp>

<comp id="186" class="1001" name="const_186">
<pin_list>
<pin id="187" dir="1" index="0" bw="1" slack="0"/>
</pin_list>
<bind>
<StgValue><ssdm name=""/></StgValue>
</bind>
</comp>

<comp id="188" class="1001" name="const_188">
<pin_list>
<pin id="189" dir="1" index="0" bw="1" slack="0"/>
</pin_list>
<bind>
<StgValue><ssdm name="_ssdm_op_Read.ap_fifo.volatile.i16P.i16P.i16P.i16P.i16P.i16P"/></StgValue>
</bind>
</comp>

<comp id="190" class="1001" name="const_190">
<pin_list>
<pin id="191" dir="1" index="0" bw="1" slack="0"/>
</pin_list>
<bind>
<StgValue><ssdm name=""/></StgValue>
</bind>
</comp>

<comp id="192" class="1001" name="const_192">
<pin_list>
<pin id="193" dir="1" index="0" bw="1" slack="0"/>
</pin_list>
<bind>
<StgValue><ssdm name="_ssdm_op_PartSelect.i8.i16.i32.i32"/></StgValue>
</bind>
</comp>

<comp id="194" class="1001" name="const_194">
<pin_list>
<pin id="195" dir="1" index="0" bw="1" slack="0"/>
</pin_list>
<bind>
<StgValue><ssdm name=""/></StgValue>
</bind>
</comp>

<comp id="196" class="1001" name="const_196">
<pin_list>
<pin id="197" dir="1" index="0" bw="1" slack="0"/>
</pin_list>
<bind>
<StgValue><ssdm name=""/></StgValue>
</bind>
</comp>

<comp id="198" class="1001" name="const_198">
<pin_list>
<pin id="199" dir="1" index="0" bw="1" slack="0"/>
</pin_list>
<bind>
<StgValue><ssdm name=""/></StgValue>
</bind>
</comp>

<comp id="200" class="1001" name="const_200">
<pin_list>
<pin id="201" dir="1" index="0" bw="1" slack="2147483647"/>
</pin_list>
<bind>
<StgValue><ssdm name="_ssdm_op_SpecLoopName"/></StgValue>
</bind>
</comp>

<comp id="202" class="1001" name="const_202">
<pin_list>
<pin id="203" dir="1" index="0" bw="1" slack="2147483647"/>
</pin_list>
<bind>
<StgValue><ssdm name="p_str56"/></StgValue>
</bind>
</comp>

<comp id="204" class="1001" name="const_204">
<pin_list>
<pin id="205" dir="1" index="0" bw="1" slack="2147483647"/>
</pin_list>
<bind>
<StgValue><ssdm name="_ssdm_op_SpecRegionBegin"/></StgValue>
</bind>
</comp>

<comp id="206" class="1001" name="const_206">
<pin_list>
<pin id="207" dir="1" index="0" bw="1" slack="2147483647"/>
</pin_list>
<bind>
<StgValue><ssdm name="_ssdm_op_SpecPipeline"/></StgValue>
</bind>
</comp>

<comp id="208" class="1001" name="const_208">
<pin_list>
<pin id="209" dir="1" index="0" bw="1" slack="2147483647"/>
</pin_list>
<bind>
<StgValue><ssdm name=""/></StgValue>
</bind>
</comp>

<comp id="210" class="1001" name="const_210">
<pin_list>
<pin id="211" dir="1" index="0" bw="1" slack="2147483647"/>
</pin_list>
<bind>
<StgValue><ssdm name=""/></StgValue>
</bind>
</comp>

<comp id="212" class="1001" name="const_212">
<pin_list>
<pin id="213" dir="1" index="0" bw="1" slack="2147483647"/>
</pin_list>
<bind>
<StgValue><ssdm name="p_str17"/></StgValue>
</bind>
</comp>

<comp id="214" class="1001" name="const_214">
<pin_list>
<pin id="215" dir="1" index="0" bw="1" slack="0"/>
</pin_list>
<bind>
<StgValue><ssdm name="_ssdm_op_Write.ap_fifo.volatile.i8P.i8P.i8P.i8P.i8P.i8P"/></StgValue>
</bind>
</comp>

<comp id="216" class="1001" name="const_216">
<pin_list>
<pin id="217" dir="1" index="0" bw="1" slack="2147483647"/>
</pin_list>
<bind>
<StgValue><ssdm name="_ssdm_op_SpecRegionEnd"/></StgValue>
</bind>
</comp>

<comp id="218" class="1004" name="empty_29_read_fu_218">
<pin_list>
<pin id="219" dir="0" index="0" bw="96" slack="0"/>
<pin id="220" dir="0" index="1" bw="16" slack="0"/>
<pin id="221" dir="0" index="2" bw="16" slack="0"/>
<pin id="222" dir="0" index="3" bw="16" slack="0"/>
<pin id="223" dir="0" index="4" bw="16" slack="0"/>
<pin id="224" dir="0" index="5" bw="16" slack="0"/>
<pin id="225" dir="0" index="6" bw="16" slack="0"/>
<pin id="226" dir="1" index="7" bw="96" slack="0"/>
</pin_list>
<bind>
<opcode="read(1150) " fcode="read"/>
<opset="empty_29/3 "/>
</bind>
</comp>

<comp id="234" class="1004" name="write_ln57_write_fu_234">
<pin_list>
<pin id="235" dir="0" index="0" bw="0" slack="0"/>
<pin id="236" dir="0" index="1" bw="8" slack="0"/>
<pin id="237" dir="0" index="2" bw="8" slack="0"/>
<pin id="238" dir="0" index="3" bw="8" slack="0"/>
<pin id="239" dir="0" index="4" bw="8" slack="0"/>
<pin id="240" dir="0" index="5" bw="8" slack="0"/>
<pin id="241" dir="0" index="6" bw="8" slack="0"/>
<pin id="242" dir="0" index="7" bw="8" slack="1"/>
<pin id="243" dir="0" index="8" bw="8" slack="1"/>
<pin id="244" dir="0" index="9" bw="8" slack="1"/>
<pin id="245" dir="0" index="10" bw="8" slack="1"/>
<pin id="246" dir="0" index="11" bw="8" slack="1"/>
<pin id="247" dir="0" index="12" bw="8" slack="1"/>
<pin id="248" dir="1" index="13" bw="0" slack="2147483647"/>
</pin_list>
<bind>
<opcode="write(1151) " fcode="write"/>
<opset="write_ln57/4 "/>
</bind>
</comp>

<comp id="256" class="1005" name="i_0_reg_256">
<pin_list>
<pin id="257" dir="0" index="0" bw="12" slack="1"/>
<pin id="258" dir="1" index="1" bw="12" slack="1"/>
</pin_list>
<bind>
<opset="i_0 (phireg) "/>
</bind>
</comp>

<comp id="260" class="1004" name="i_0_phi_fu_260">
<pin_list>
<pin id="261" dir="0" index="0" bw="1" slack="1"/>
<pin id="262" dir="0" index="1" bw="0" slack="2147483647"/>
<pin id="263" dir="0" index="2" bw="12" slack="0"/>
<pin id="264" dir="0" index="3" bw="0" slack="2147483647"/>
<pin id="265" dir="1" index="4" bw="12" slack="0"/>
</pin_list>
<bind>
<opcode="phi(47) " fcode="phi"/>
<opset="i_0/2 "/>
</bind>
</comp>

<comp id="267" class="1004" name="icmp_ln41_fu_267">
<pin_list>
<pin id="268" dir="0" index="0" bw="12" slack="0"/>
<pin id="269" dir="0" index="1" bw="12" slack="0"/>
<pin id="270" dir="1" index="2" bw="1" slack="1"/>
</pin_list>
<bind>
<opcode="icmp(45) " fcode="icmp"/>
<opset="icmp_ln41/2 "/>
</bind>
</comp>

<comp id="273" class="1004" name="i_fu_273">
<pin_list>
<pin id="274" dir="0" index="0" bw="12" slack="0"/>
<pin id="275" dir="0" index="1" bw="1" slack="0"/>
<pin id="276" dir="1" index="2" bw="12" slack="0"/>
</pin_list>
<bind>
<opcode="add(8) " fcode="add"/>
<opset="i/2 "/>
</bind>
</comp>

<comp id="279" class="1004" name="tmp_data_V_4_0_fu_279">
<pin_list>
<pin id="280" dir="0" index="0" bw="96" slack="0"/>
<pin id="281" dir="1" index="1" bw="16" slack="0"/>
</pin_list>
<bind>
<opcode="extractvalue(56) " fcode="extractvalue"/>
<opset="tmp_data_V_4_0/3 "/>
</bind>
</comp>

<comp id="283" class="1004" name="tmp_data_V_4_1_fu_283">
<pin_list>
<pin id="284" dir="0" index="0" bw="96" slack="0"/>
<pin id="285" dir="1" index="1" bw="16" slack="0"/>
</pin_list>
<bind>
<opcode="extractvalue(56) " fcode="extractvalue"/>
<opset="tmp_data_V_4_1/3 "/>
</bind>
</comp>

<comp id="287" class="1004" name="tmp_data_V_4_2_fu_287">
<pin_list>
<pin id="288" dir="0" index="0" bw="96" slack="0"/>
<pin id="289" dir="1" index="1" bw="16" slack="0"/>
</pin_list>
<bind>
<opcode="extractvalue(56) " fcode="extractvalue"/>
<opset="tmp_data_V_4_2/3 "/>
</bind>
</comp>

<comp id="291" class="1004" name="tmp_data_V_4_3_fu_291">
<pin_list>
<pin id="292" dir="0" index="0" bw="96" slack="0"/>
<pin id="293" dir="1" index="1" bw="16" slack="0"/>
</pin_list>
<bind>
<opcode="extractvalue(56) " fcode="extractvalue"/>
<opset="tmp_data_V_4_3/3 "/>
</bind>
</comp>

<comp id="295" class="1004" name="tmp_data_V_4_4_fu_295">
<pin_list>
<pin id="296" dir="0" index="0" bw="96" slack="0"/>
<pin id="297" dir="1" index="1" bw="16" slack="0"/>
</pin_list>
<bind>
<opcode="extractvalue(56) " fcode="extractvalue"/>
<opset="tmp_data_V_4_4/3 "/>
</bind>
</comp>

<comp id="299" class="1004" name="tmp_data_V_4_5_fu_299">
<pin_list>
<pin id="300" dir="0" index="0" bw="96" slack="0"/>
<pin id="301" dir="1" index="1" bw="16" slack="0"/>
</pin_list>
<bind>
<opcode="extractvalue(56) " fcode="extractvalue"/>
<opset="tmp_data_V_4_5/3 "/>
</bind>
</comp>

<comp id="303" class="1004" name="icmp_ln1494_fu_303">
<pin_list>
<pin id="304" dir="0" index="0" bw="16" slack="0"/>
<pin id="305" dir="0" index="1" bw="16" slack="0"/>
<pin id="306" dir="1" index="2" bw="1" slack="0"/>
</pin_list>
<bind>
<opcode="icmp(45) " fcode="icmp"/>
<opset="icmp_ln1494/3 "/>
</bind>
</comp>

<comp id="309" class="1004" name="trunc_ln_fu_309">
<pin_list>
<pin id="310" dir="0" index="0" bw="8" slack="0"/>
<pin id="311" dir="0" index="1" bw="16" slack="0"/>
<pin id="312" dir="0" index="2" bw="4" slack="0"/>
<pin id="313" dir="0" index="3" bw="5" slack="0"/>
<pin id="314" dir="1" index="4" bw="8" slack="0"/>
</pin_list>
<bind>
<opcode="partselect(1002) " fcode="partselect"/>
<opset="trunc_ln/3 "/>
</bind>
</comp>

<comp id="319" class="1004" name="tmp_data_0_V_fu_319">
<pin_list>
<pin id="320" dir="0" index="0" bw="1" slack="0"/>
<pin id="321" dir="0" index="1" bw="8" slack="0"/>
<pin id="322" dir="0" index="2" bw="8" slack="0"/>
<pin id="323" dir="1" index="3" bw="8" slack="1"/>
</pin_list>
<bind>
<opcode="select(49) " fcode="select"/>
<opset="tmp_data_0_V/3 "/>
</bind>
</comp>

<comp id="327" class="1004" name="icmp_ln1494_1_fu_327">
<pin_list>
<pin id="328" dir="0" index="0" bw="16" slack="0"/>
<pin id="329" dir="0" index="1" bw="16" slack="0"/>
<pin id="330" dir="1" index="2" bw="1" slack="0"/>
</pin_list>
<bind>
<opcode="icmp(45) " fcode="icmp"/>
<opset="icmp_ln1494_1/3 "/>
</bind>
</comp>

<comp id="333" class="1004" name="trunc_ln708_1_fu_333">
<pin_list>
<pin id="334" dir="0" index="0" bw="8" slack="0"/>
<pin id="335" dir="0" index="1" bw="16" slack="0"/>
<pin id="336" dir="0" index="2" bw="4" slack="0"/>
<pin id="337" dir="0" index="3" bw="5" slack="0"/>
<pin id="338" dir="1" index="4" bw="8" slack="0"/>
</pin_list>
<bind>
<opcode="partselect(1002) " fcode="partselect"/>
<opset="trunc_ln708_1/3 "/>
</bind>
</comp>

<comp id="343" class="1004" name="tmp_data_1_V_fu_343">
<pin_list>
<pin id="344" dir="0" index="0" bw="1" slack="0"/>
<pin id="345" dir="0" index="1" bw="8" slack="0"/>
<pin id="346" dir="0" index="2" bw="8" slack="0"/>
<pin id="347" dir="1" index="3" bw="8" slack="1"/>
</pin_list>
<bind>
<opcode="select(49) " fcode="select"/>
<opset="tmp_data_1_V/3 "/>
</bind>
</comp>

<comp id="351" class="1004" name="icmp_ln1494_2_fu_351">
<pin_list>
<pin id="352" dir="0" index="0" bw="16" slack="0"/>
<pin id="353" dir="0" index="1" bw="16" slack="0"/>
<pin id="354" dir="1" index="2" bw="1" slack="0"/>
</pin_list>
<bind>
<opcode="icmp(45) " fcode="icmp"/>
<opset="icmp_ln1494_2/3 "/>
</bind>
</comp>

<comp id="357" class="1004" name="trunc_ln708_2_fu_357">
<pin_list>
<pin id="358" dir="0" index="0" bw="8" slack="0"/>
<pin id="359" dir="0" index="1" bw="16" slack="0"/>
<pin id="360" dir="0" index="2" bw="4" slack="0"/>
<pin id="361" dir="0" index="3" bw="5" slack="0"/>
<pin id="362" dir="1" index="4" bw="8" slack="0"/>
</pin_list>
<bind>
<opcode="partselect(1002) " fcode="partselect"/>
<opset="trunc_ln708_2/3 "/>
</bind>
</comp>

<comp id="367" class="1004" name="tmp_data_2_V_fu_367">
<pin_list>
<pin id="368" dir="0" index="0" bw="1" slack="0"/>
<pin id="369" dir="0" index="1" bw="8" slack="0"/>
<pin id="370" dir="0" index="2" bw="8" slack="0"/>
<pin id="371" dir="1" index="3" bw="8" slack="1"/>
</pin_list>
<bind>
<opcode="select(49) " fcode="select"/>
<opset="tmp_data_2_V/3 "/>
</bind>
</comp>

<comp id="375" class="1004" name="icmp_ln1494_3_fu_375">
<pin_list>
<pin id="376" dir="0" index="0" bw="16" slack="0"/>
<pin id="377" dir="0" index="1" bw="16" slack="0"/>
<pin id="378" dir="1" index="2" bw="1" slack="0"/>
</pin_list>
<bind>
<opcode="icmp(45) " fcode="icmp"/>
<opset="icmp_ln1494_3/3 "/>
</bind>
</comp>

<comp id="381" class="1004" name="trunc_ln708_3_fu_381">
<pin_list>
<pin id="382" dir="0" index="0" bw="8" slack="0"/>
<pin id="383" dir="0" index="1" bw="16" slack="0"/>
<pin id="384" dir="0" index="2" bw="4" slack="0"/>
<pin id="385" dir="0" index="3" bw="5" slack="0"/>
<pin id="386" dir="1" index="4" bw="8" slack="0"/>
</pin_list>
<bind>
<opcode="partselect(1002) " fcode="partselect"/>
<opset="trunc_ln708_3/3 "/>
</bind>
</comp>

<comp id="391" class="1004" name="tmp_data_3_V_fu_391">
<pin_list>
<pin id="392" dir="0" index="0" bw="1" slack="0"/>
<pin id="393" dir="0" index="1" bw="8" slack="0"/>
<pin id="394" dir="0" index="2" bw="8" slack="0"/>
<pin id="395" dir="1" index="3" bw="8" slack="1"/>
</pin_list>
<bind>
<opcode="select(49) " fcode="select"/>
<opset="tmp_data_3_V/3 "/>
</bind>
</comp>

<comp id="399" class="1004" name="icmp_ln1494_4_fu_399">
<pin_list>
<pin id="400" dir="0" index="0" bw="16" slack="0"/>
<pin id="401" dir="0" index="1" bw="16" slack="0"/>
<pin id="402" dir="1" index="2" bw="1" slack="0"/>
</pin_list>
<bind>
<opcode="icmp(45) " fcode="icmp"/>
<opset="icmp_ln1494_4/3 "/>
</bind>
</comp>

<comp id="405" class="1004" name="trunc_ln708_4_fu_405">
<pin_list>
<pin id="406" dir="0" index="0" bw="8" slack="0"/>
<pin id="407" dir="0" index="1" bw="16" slack="0"/>
<pin id="408" dir="0" index="2" bw="4" slack="0"/>
<pin id="409" dir="0" index="3" bw="5" slack="0"/>
<pin id="410" dir="1" index="4" bw="8" slack="0"/>
</pin_list>
<bind>
<opcode="partselect(1002) " fcode="partselect"/>
<opset="trunc_ln708_4/3 "/>
</bind>
</comp>

<comp id="415" class="1004" name="tmp_data_4_V_fu_415">
<pin_list>
<pin id="416" dir="0" index="0" bw="1" slack="0"/>
<pin id="417" dir="0" index="1" bw="8" slack="0"/>
<pin id="418" dir="0" index="2" bw="8" slack="0"/>
<pin id="419" dir="1" index="3" bw="8" slack="1"/>
</pin_list>
<bind>
<opcode="select(49) " fcode="select"/>
<opset="tmp_data_4_V/3 "/>
</bind>
</comp>

<comp id="423" class="1004" name="icmp_ln1494_5_fu_423">
<pin_list>
<pin id="424" dir="0" index="0" bw="16" slack="0"/>
<pin id="425" dir="0" index="1" bw="16" slack="0"/>
<pin id="426" dir="1" index="2" bw="1" slack="0"/>
</pin_list>
<bind>
<opcode="icmp(45) " fcode="icmp"/>
<opset="icmp_ln1494_5/3 "/>
</bind>
</comp>

<comp id="429" class="1004" name="trunc_ln708_5_fu_429">
<pin_list>
<pin id="430" dir="0" index="0" bw="8" slack="0"/>
<pin id="431" dir="0" index="1" bw="16" slack="0"/>
<pin id="432" dir="0" index="2" bw="4" slack="0"/>
<pin id="433" dir="0" index="3" bw="5" slack="0"/>
<pin id="434" dir="1" index="4" bw="8" slack="0"/>
</pin_list>
<bind>
<opcode="partselect(1002) " fcode="partselect"/>
<opset="trunc_ln708_5/3 "/>
</bind>
</comp>

<comp id="439" class="1004" name="tmp_data_5_V_fu_439">
<pin_list>
<pin id="440" dir="0" index="0" bw="1" slack="0"/>
<pin id="441" dir="0" index="1" bw="8" slack="0"/>
<pin id="442" dir="0" index="2" bw="8" slack="0"/>
<pin id="443" dir="1" index="3" bw="8" slack="1"/>
</pin_list>
<bind>
<opcode="select(49) " fcode="select"/>
<opset="tmp_data_5_V/3 "/>
</bind>
</comp>

<comp id="447" class="1005" name="icmp_ln41_reg_447">
<pin_list>
<pin id="448" dir="0" index="0" bw="1" slack="1"/>
<pin id="449" dir="1" index="1" bw="1" slack="2147483647"/>
</pin_list>
<bind>
<opset="icmp_ln41 "/>
</bind>
</comp>

<comp id="451" class="1005" name="i_reg_451">
<pin_list>
<pin id="452" dir="0" index="0" bw="12" slack="0"/>
<pin id="453" dir="1" index="1" bw="12" slack="0"/>
</pin_list>
<bind>
<opset="i "/>
</bind>
</comp>

<comp id="456" class="1005" name="tmp_data_0_V_reg_456">
<pin_list>
<pin id="457" dir="0" index="0" bw="8" slack="1"/>
<pin id="458" dir="1" index="1" bw="8" slack="1"/>
</pin_list>
<bind>
<opset="tmp_data_0_V "/>
</bind>
</comp>

<comp id="461" class="1005" name="tmp_data_1_V_reg_461">
<pin_list>
<pin id="462" dir="0" index="0" bw="8" slack="1"/>
<pin id="463" dir="1" index="1" bw="8" slack="1"/>
</pin_list>
<bind>
<opset="tmp_data_1_V "/>
</bind>
</comp>

<comp id="466" class="1005" name="tmp_data_2_V_reg_466">
<pin_list>
<pin id="467" dir="0" index="0" bw="8" slack="1"/>
<pin id="468" dir="1" index="1" bw="8" slack="1"/>
</pin_list>
<bind>
<opset="tmp_data_2_V "/>
</bind>
</comp>

<comp id="471" class="1005" name="tmp_data_3_V_reg_471">
<pin_list>
<pin id="472" dir="0" index="0" bw="8" slack="1"/>
<pin id="473" dir="1" index="1" bw="8" slack="1"/>
</pin_list>
<bind>
<opset="tmp_data_3_V "/>
</bind>
</comp>

<comp id="476" class="1005" name="tmp_data_4_V_reg_476">
<pin_list>
<pin id="477" dir="0" index="0" bw="8" slack="1"/>
<pin id="478" dir="1" index="1" bw="8" slack="1"/>
</pin_list>
<bind>
<opset="tmp_data_4_V "/>
</bind>
</comp>

<comp id="481" class="1005" name="tmp_data_5_V_reg_481">
<pin_list>
<pin id="482" dir="0" index="0" bw="8" slack="1"/>
<pin id="483" dir="1" index="1" bw="8" slack="1"/>
</pin_list>
<bind>
<opset="tmp_data_5_V "/>
</bind>
</comp>

</comp_list>

<net_list>
<net id="227"><net_src comp="188" pin="0"/><net_sink comp="218" pin=0"/></net>

<net id="228"><net_src comp="0" pin="0"/><net_sink comp="218" pin=1"/></net>

<net id="229"><net_src comp="2" pin="0"/><net_sink comp="218" pin=2"/></net>

<net id="230"><net_src comp="4" pin="0"/><net_sink comp="218" pin=3"/></net>

<net id="231"><net_src comp="6" pin="0"/><net_sink comp="218" pin=4"/></net>

<net id="232"><net_src comp="8" pin="0"/><net_sink comp="218" pin=5"/></net>

<net id="233"><net_src comp="10" pin="0"/><net_sink comp="218" pin=6"/></net>

<net id="249"><net_src comp="214" pin="0"/><net_sink comp="234" pin=0"/></net>

<net id="250"><net_src comp="12" pin="0"/><net_sink comp="234" pin=1"/></net>

<net id="251"><net_src comp="14" pin="0"/><net_sink comp="234" pin=2"/></net>

<net id="252"><net_src comp="16" pin="0"/><net_sink comp="234" pin=3"/></net>

<net id="253"><net_src comp="18" pin="0"/><net_sink comp="234" pin=4"/></net>

<net id="254"><net_src comp="20" pin="0"/><net_sink comp="234" pin=5"/></net>

<net id="255"><net_src comp="22" pin="0"/><net_sink comp="234" pin=6"/></net>

<net id="259"><net_src comp="178" pin="0"/><net_sink comp="256" pin=0"/></net>

<net id="266"><net_src comp="256" pin="1"/><net_sink comp="260" pin=0"/></net>

<net id="271"><net_src comp="260" pin="4"/><net_sink comp="267" pin=0"/></net>

<net id="272"><net_src comp="180" pin="0"/><net_sink comp="267" pin=1"/></net>

<net id="277"><net_src comp="260" pin="4"/><net_sink comp="273" pin=0"/></net>

<net id="278"><net_src comp="186" pin="0"/><net_sink comp="273" pin=1"/></net>

<net id="282"><net_src comp="218" pin="7"/><net_sink comp="279" pin=0"/></net>

<net id="286"><net_src comp="218" pin="7"/><net_sink comp="283" pin=0"/></net>

<net id="290"><net_src comp="218" pin="7"/><net_sink comp="287" pin=0"/></net>

<net id="294"><net_src comp="218" pin="7"/><net_sink comp="291" pin=0"/></net>

<net id="298"><net_src comp="218" pin="7"/><net_sink comp="295" pin=0"/></net>

<net id="302"><net_src comp="218" pin="7"/><net_sink comp="299" pin=0"/></net>

<net id="307"><net_src comp="279" pin="1"/><net_sink comp="303" pin=0"/></net>

<net id="308"><net_src comp="190" pin="0"/><net_sink comp="303" pin=1"/></net>

<net id="315"><net_src comp="192" pin="0"/><net_sink comp="309" pin=0"/></net>

<net id="316"><net_src comp="279" pin="1"/><net_sink comp="309" pin=1"/></net>

<net id="317"><net_src comp="194" pin="0"/><net_sink comp="309" pin=2"/></net>

<net id="318"><net_src comp="196" pin="0"/><net_sink comp="309" pin=3"/></net>

<net id="324"><net_src comp="303" pin="2"/><net_sink comp="319" pin=0"/></net>

<net id="325"><net_src comp="309" pin="4"/><net_sink comp="319" pin=1"/></net>

<net id="326"><net_src comp="198" pin="0"/><net_sink comp="319" pin=2"/></net>

<net id="331"><net_src comp="283" pin="1"/><net_sink comp="327" pin=0"/></net>

<net id="332"><net_src comp="190" pin="0"/><net_sink comp="327" pin=1"/></net>

<net id="339"><net_src comp="192" pin="0"/><net_sink comp="333" pin=0"/></net>

<net id="340"><net_src comp="283" pin="1"/><net_sink comp="333" pin=1"/></net>

<net id="341"><net_src comp="194" pin="0"/><net_sink comp="333" pin=2"/></net>

<net id="342"><net_src comp="196" pin="0"/><net_sink comp="333" pin=3"/></net>

<net id="348"><net_src comp="327" pin="2"/><net_sink comp="343" pin=0"/></net>

<net id="349"><net_src comp="333" pin="4"/><net_sink comp="343" pin=1"/></net>

<net id="350"><net_src comp="198" pin="0"/><net_sink comp="343" pin=2"/></net>

<net id="355"><net_src comp="287" pin="1"/><net_sink comp="351" pin=0"/></net>

<net id="356"><net_src comp="190" pin="0"/><net_sink comp="351" pin=1"/></net>

<net id="363"><net_src comp="192" pin="0"/><net_sink comp="357" pin=0"/></net>

<net id="364"><net_src comp="287" pin="1"/><net_sink comp="357" pin=1"/></net>

<net id="365"><net_src comp="194" pin="0"/><net_sink comp="357" pin=2"/></net>

<net id="366"><net_src comp="196" pin="0"/><net_sink comp="357" pin=3"/></net>

<net id="372"><net_src comp="351" pin="2"/><net_sink comp="367" pin=0"/></net>

<net id="373"><net_src comp="357" pin="4"/><net_sink comp="367" pin=1"/></net>

<net id="374"><net_src comp="198" pin="0"/><net_sink comp="367" pin=2"/></net>

<net id="379"><net_src comp="291" pin="1"/><net_sink comp="375" pin=0"/></net>

<net id="380"><net_src comp="190" pin="0"/><net_sink comp="375" pin=1"/></net>

<net id="387"><net_src comp="192" pin="0"/><net_sink comp="381" pin=0"/></net>

<net id="388"><net_src comp="291" pin="1"/><net_sink comp="381" pin=1"/></net>

<net id="389"><net_src comp="194" pin="0"/><net_sink comp="381" pin=2"/></net>

<net id="390"><net_src comp="196" pin="0"/><net_sink comp="381" pin=3"/></net>

<net id="396"><net_src comp="375" pin="2"/><net_sink comp="391" pin=0"/></net>

<net id="397"><net_src comp="381" pin="4"/><net_sink comp="391" pin=1"/></net>

<net id="398"><net_src comp="198" pin="0"/><net_sink comp="391" pin=2"/></net>

<net id="403"><net_src comp="295" pin="1"/><net_sink comp="399" pin=0"/></net>

<net id="404"><net_src comp="190" pin="0"/><net_sink comp="399" pin=1"/></net>

<net id="411"><net_src comp="192" pin="0"/><net_sink comp="405" pin=0"/></net>

<net id="412"><net_src comp="295" pin="1"/><net_sink comp="405" pin=1"/></net>

<net id="413"><net_src comp="194" pin="0"/><net_sink comp="405" pin=2"/></net>

<net id="414"><net_src comp="196" pin="0"/><net_sink comp="405" pin=3"/></net>

<net id="420"><net_src comp="399" pin="2"/><net_sink comp="415" pin=0"/></net>

<net id="421"><net_src comp="405" pin="4"/><net_sink comp="415" pin=1"/></net>

<net id="422"><net_src comp="198" pin="0"/><net_sink comp="415" pin=2"/></net>

<net id="427"><net_src comp="299" pin="1"/><net_sink comp="423" pin=0"/></net>

<net id="428"><net_src comp="190" pin="0"/><net_sink comp="423" pin=1"/></net>

<net id="435"><net_src comp="192" pin="0"/><net_sink comp="429" pin=0"/></net>

<net id="436"><net_src comp="299" pin="1"/><net_sink comp="429" pin=1"/></net>

<net id="437"><net_src comp="194" pin="0"/><net_sink comp="429" pin=2"/></net>

<net id="438"><net_src comp="196" pin="0"/><net_sink comp="429" pin=3"/></net>

<net id="444"><net_src comp="423" pin="2"/><net_sink comp="439" pin=0"/></net>

<net id="445"><net_src comp="429" pin="4"/><net_sink comp="439" pin=1"/></net>

<net id="446"><net_src comp="198" pin="0"/><net_sink comp="439" pin=2"/></net>

<net id="450"><net_src comp="267" pin="2"/><net_sink comp="447" pin=0"/></net>

<net id="454"><net_src comp="273" pin="2"/><net_sink comp="451" pin=0"/></net>

<net id="455"><net_src comp="451" pin="1"/><net_sink comp="260" pin=2"/></net>

<net id="459"><net_src comp="319" pin="3"/><net_sink comp="456" pin=0"/></net>

<net id="460"><net_src comp="456" pin="1"/><net_sink comp="234" pin=7"/></net>

<net id="464"><net_src comp="343" pin="3"/><net_sink comp="461" pin=0"/></net>

<net id="465"><net_src comp="461" pin="1"/><net_sink comp="234" pin=8"/></net>

<net id="469"><net_src comp="367" pin="3"/><net_sink comp="466" pin=0"/></net>

<net id="470"><net_src comp="466" pin="1"/><net_sink comp="234" pin=9"/></net>

<net id="474"><net_src comp="391" pin="3"/><net_sink comp="471" pin=0"/></net>

<net id="475"><net_src comp="471" pin="1"/><net_sink comp="234" pin=10"/></net>

<net id="479"><net_src comp="415" pin="3"/><net_sink comp="476" pin=0"/></net>

<net id="480"><net_src comp="476" pin="1"/><net_sink comp="234" pin=11"/></net>

<net id="484"><net_src comp="439" pin="3"/><net_sink comp="481" pin=0"/></net>

<net id="485"><net_src comp="481" pin="1"/><net_sink comp="234" pin=12"/></net>

</net_list>

</model> 
---------------- Datapath Model END ------------------

* FSMD analyzer results:
  - Output states:
	Port: res_V_data_0_V | {4 }
	Port: res_V_data_1_V | {4 }
	Port: res_V_data_2_V | {4 }
	Port: res_V_data_3_V | {4 }
	Port: res_V_data_4_V | {4 }
	Port: res_V_data_5_V | {4 }
 - Input state : 
	Port: relu<array<ap_fixed,6u>,array<ap_ufixed<8,2,5,3,0>,6u>,relu_config4> : data_V_data_0_V | {3 }
	Port: relu<array<ap_fixed,6u>,array<ap_ufixed<8,2,5,3,0>,6u>,relu_config4> : data_V_data_1_V | {3 }
	Port: relu<array<ap_fixed,6u>,array<ap_ufixed<8,2,5,3,0>,6u>,relu_config4> : data_V_data_2_V | {3 }
	Port: relu<array<ap_fixed,6u>,array<ap_ufixed<8,2,5,3,0>,6u>,relu_config4> : data_V_data_3_V | {3 }
	Port: relu<array<ap_fixed,6u>,array<ap_ufixed<8,2,5,3,0>,6u>,relu_config4> : data_V_data_4_V | {3 }
	Port: relu<array<ap_fixed,6u>,array<ap_ufixed<8,2,5,3,0>,6u>,relu_config4> : data_V_data_5_V | {3 }
  - Chain level:
	State 1
	State 2
		icmp_ln41 : 1
		i : 1
		br_ln41 : 2
	State 3
		icmp_ln1494 : 1
		trunc_ln : 1
		tmp_data_0_V : 2
		icmp_ln1494_1 : 1
		trunc_ln708_1 : 1
		tmp_data_1_V : 2
		icmp_ln1494_2 : 1
		trunc_ln708_2 : 1
		tmp_data_2_V : 2
		icmp_ln1494_3 : 1
		trunc_ln708_3 : 1
		tmp_data_3_V : 2
		icmp_ln1494_4 : 1
		trunc_ln708_4 : 1
		tmp_data_4_V : 2
		icmp_ln1494_5 : 1
		trunc_ln708_5 : 1
		tmp_data_5_V : 2
	State 4
		empty_30 : 1
	State 5


============================================================
+ Verbose Summary: Datapath Resource usage 
============================================================

* Functional unit list:
|----------|-------------------------|---------|---------|
| Operation|     Functional Unit     |    FF   |   LUT   |
|----------|-------------------------|---------|---------|
|          |     icmp_ln41_fu_267    |    0    |    13   |
|          |    icmp_ln1494_fu_303   |    0    |    13   |
|          |   icmp_ln1494_1_fu_327  |    0    |    13   |
|   icmp   |   icmp_ln1494_2_fu_351  |    0    |    13   |
|          |   icmp_ln1494_3_fu_375  |    0    |    13   |
|          |   icmp_ln1494_4_fu_399  |    0    |    13   |
|          |   icmp_ln1494_5_fu_423  |    0    |    13   |
|----------|-------------------------|---------|---------|
|          |   tmp_data_0_V_fu_319   |    0    |    8    |
|          |   tmp_data_1_V_fu_343   |    0    |    8    |
|  select  |   tmp_data_2_V_fu_367   |    0    |    8    |
|          |   tmp_data_3_V_fu_391   |    0    |    8    |
|          |   tmp_data_4_V_fu_415   |    0    |    8    |
|          |   tmp_data_5_V_fu_439   |    0    |    8    |
|----------|-------------------------|---------|---------|
|    add   |         i_fu_273        |    0    |    19   |
|----------|-------------------------|---------|---------|
|   read   |   empty_29_read_fu_218  |    0    |    0    |
|----------|-------------------------|---------|---------|
|   write  | write_ln57_write_fu_234 |    0    |    0    |
|----------|-------------------------|---------|---------|
|          |  tmp_data_V_4_0_fu_279  |    0    |    0    |
|          |  tmp_data_V_4_1_fu_283  |    0    |    0    |
|extractvalue|  tmp_data_V_4_2_fu_287  |    0    |    0    |
|          |  tmp_data_V_4_3_fu_291  |    0    |    0    |
|          |  tmp_data_V_4_4_fu_295  |    0    |    0    |
|          |  tmp_data_V_4_5_fu_299  |    0    |    0    |
|----------|-------------------------|---------|---------|
|          |     trunc_ln_fu_309     |    0    |    0    |
|          |   trunc_ln708_1_fu_333  |    0    |    0    |
|partselect|   trunc_ln708_2_fu_357  |    0    |    0    |
|          |   trunc_ln708_3_fu_381  |    0    |    0    |
|          |   trunc_ln708_4_fu_405  |    0    |    0    |
|          |   trunc_ln708_5_fu_429  |    0    |    0    |
|----------|-------------------------|---------|---------|
|   Total  |                         |    0    |   158   |
|----------|-------------------------|---------|---------|

Memories:
N/A

* Register list:
+--------------------+--------+
|                    |   FF   |
+--------------------+--------+
|     i_0_reg_256    |   12   |
|      i_reg_451     |   12   |
|  icmp_ln41_reg_447 |    1   |
|tmp_data_0_V_reg_456|    8   |
|tmp_data_1_V_reg_461|    8   |
|tmp_data_2_V_reg_466|    8   |
|tmp_data_3_V_reg_471|    8   |
|tmp_data_4_V_reg_476|    8   |
|tmp_data_5_V_reg_481|    8   |
+--------------------+--------+
|        Total       |   73   |
+--------------------+--------+

* Multiplexer (MUX) list: 
|--------|------|------|------|--------|
|  Comp  |  Pin | Size |  BW  | S x BW |
|--------|------|------|------|--------|
|  Total |      |      |      |    0   |
|--------|------|------|------|--------|



* Summary:
+-----------+--------+--------+
|           |   FF   |   LUT  |
+-----------+--------+--------+
|  Function |    0   |   158  |
|   Memory  |    -   |    -   |
|Multiplexer|    -   |    -   |
|  Register |   73   |    -   |
+-----------+--------+--------+
|   Total   |   73   |   158  |
+-----------+--------+--------+
