

================================================================
== Vivado HLS Report for 'relu_array_ap_fixed_10u_array_ap_ufixed_8_2_5_3_0_10u_relu_config12_s'
================================================================
* Date:           Thu Nov 13 23:03:03 2025

* Version:        2019.1 (Build 2552052 on Fri May 24 15:28:33 MDT 2019)
* Project:        myproject_prj
* Solution:       solution1
* Product family: virtex7
* Target device:  xc7vx690t-ffg1761-2


================================================================
== Performance Estimates
================================================================
+ Timing (ns): 
    * Summary: 
    +--------+-------+----------+------------+
    |  Clock | Target| Estimated| Uncertainty|
    +--------+-------+----------+------------+
    |ap_clk  |   5.00|     3.740|        0.62|
    +--------+-------+----------+------------+

+ Latency (clock cycles): 
    * Summary: 
    +-----+-----+-----+-----+---------+
    |  Latency  |  Interval | Pipeline|
    | min | max | min | max |   Type  |
    +-----+-----+-----+-----+---------+
    |    7|    7|    7|    7|   none  |
    +-----+-----+-----+-----+---------+

    + Detail: 
        * Instance: 
        N/A

        * Loop: 
        +---------------+-----+-----+----------+-----------+-----------+------+----------+
        |               |  Latency  | Iteration|  Initiation Interval  | Trip |          |
        |   Loop Name   | min | max |  Latency |  achieved |   target  | Count| Pipelined|
        +---------------+-----+-----+----------+-----------+-----------+------+----------+
        |- ReLUActLoop  |    5|    5|         3|          1|          1|     4|    yes   |
        +---------------+-----+-----+----------+-----------+-----------+------+----------+

============================================================
+ Verbose Summary: Synthesis Manager
============================================================
InlineROM: 1
ExposeGlobal: 0
============================================================
+ Verbose Summary: CDFG Model
============================================================
IsTopModel: 0
ResetActiveHigh: 1
IsCombinational: 2
IsDatapathOnly: 0
HasWiredReturn: 1
HasMFsm: 0
HasVarLatency: 1
IsPipeline: 0
IsRtlPipelined: 0
IsInstanceOverlapped: 0
IsDontTouch: 0
HasImplIP: 0
IsGatedGlobalClock: 0

+ Individual pipeline summary: 
  * Pipeline-0: initiation interval (II) = 1, depth = 3


============================================================
+ Verbose Summary: Schedule
============================================================
* Number of FSM states : 5
* Pipeline : 1
  Pipeline-0 : II = 1, D = 3, States = { 2 3 4 }
* Dataflow Pipeline: 0

* FSM state transitions: 
1 --> 2 
2 --> 5 3 
3 --> 4 
4 --> 2 
5 --> 

* FSM state operations: 

State 1 <SV = 0> <Delay = 0.85>
ST_1 : Operation 6 [1/1] (0.00ns)   --->   "call void (...)* @_ssdm_op_SpecInterface(i8* %res_V_data_9_V, [8 x i8]* @ap_fifo_str, i32 0, i32 0, [1 x i8]* @p_str1098, i32 0, i32 0, [1 x i8]* @p_str1099, [1 x i8]* @p_str1100, [1 x i8]* @p_str1101, i32 2, i32 2, i32 16, i32 16, [1 x i8]* @p_str1102, [1 x i8]* @p_str1103)"   --->   Operation 6 'specinterface' <Predicate = true> <Delay = 0.00>
ST_1 : Operation 7 [1/1] (0.00ns)   --->   "call void (...)* @_ssdm_op_SpecInterface(i8* %res_V_data_8_V, [8 x i8]* @ap_fifo_str, i32 0, i32 0, [1 x i8]* @p_str1091, i32 0, i32 0, [1 x i8]* @p_str1092, [1 x i8]* @p_str1093, [1 x i8]* @p_str1094, i32 2, i32 2, i32 16, i32 16, [1 x i8]* @p_str1095, [1 x i8]* @p_str1096)"   --->   Operation 7 'specinterface' <Predicate = true> <Delay = 0.00>
ST_1 : Operation 8 [1/1] (0.00ns)   --->   "call void (...)* @_ssdm_op_SpecInterface(i8* %res_V_data_7_V, [8 x i8]* @ap_fifo_str, i32 0, i32 0, [1 x i8]* @p_str1084, i32 0, i32 0, [1 x i8]* @p_str1085, [1 x i8]* @p_str1086, [1 x i8]* @p_str1087, i32 2, i32 2, i32 16, i32 16, [1 x i8]* @p_str1088, [1 x i8]* @p_str1089)"   --->   Operation 8 'specinterface' <Predicate = true> <Delay = 0.00>
ST_1 : Operation 9 [1/1] (0.00ns)   --->   "call void (...)* @_ssdm_op_SpecInterface(i8* %res_V_data_6_V, [8 x i8]* @ap_fifo_str, i32 0, i32 0, [1 x i8]* @p_str1077, i32 0, i32 0, [1 x i8]* @p_str1078, [1 x i8]* @p_str1079, [1 x i8]* @p_str1080, i32 2, i32 2, i32 16, i32 16, [1 x i8]* @p_str1081, [1 x i8]* @p_str1082)"   --->   Operation 9 'specinterface' <Predicate = true> <Delay = 0.00>
ST_1 : Operation 10 [1/1] (0.00ns)   --->   "call void (...)* @_ssdm_op_SpecInterface(i8* %res_V_data_5_V, [8 x i8]* @ap_fifo_str, i32 0, i32 0, [1 x i8]* @p_str1070, i32 0, i32 0, [1 x i8]* @p_str1071, [1 x i8]* @p_str1072, [1 x i8]* @p_str1073, i32 2, i32 2, i32 16, i32 16, [1 x i8]* @p_str1074, [1 x i8]* @p_str1075)"   --->   Operation 10 'specinterface' <Predicate = true> <Delay = 0.00>
ST_1 : Operation 11 [1/1] (0.00ns)   --->   "call void (...)* @_ssdm_op_SpecInterface(i8* %res_V_data_4_V, [8 x i8]* @ap_fifo_str, i32 0, i32 0, [1 x i8]* @p_str1063, i32 0, i32 0, [1 x i8]* @p_str1064, [1 x i8]* @p_str1065, [1 x i8]* @p_str1066, i32 2, i32 2, i32 16, i32 16, [1 x i8]* @p_str1067, [1 x i8]* @p_str1068)"   --->   Operation 11 'specinterface' <Predicate = true> <Delay = 0.00>
ST_1 : Operation 12 [1/1] (0.00ns)   --->   "call void (...)* @_ssdm_op_SpecInterface(i8* %res_V_data_3_V, [8 x i8]* @ap_fifo_str, i32 0, i32 0, [1 x i8]* @p_str1056, i32 0, i32 0, [1 x i8]* @p_str1057, [1 x i8]* @p_str1058, [1 x i8]* @p_str1059, i32 2, i32 2, i32 16, i32 16, [1 x i8]* @p_str1060, [1 x i8]* @p_str1061)"   --->   Operation 12 'specinterface' <Predicate = true> <Delay = 0.00>
ST_1 : Operation 13 [1/1] (0.00ns)   --->   "call void (...)* @_ssdm_op_SpecInterface(i8* %res_V_data_2_V, [8 x i8]* @ap_fifo_str, i32 0, i32 0, [1 x i8]* @p_str1049, i32 0, i32 0, [1 x i8]* @p_str1050, [1 x i8]* @p_str1051, [1 x i8]* @p_str1052, i32 2, i32 2, i32 16, i32 16, [1 x i8]* @p_str1053, [1 x i8]* @p_str1054)"   --->   Operation 13 'specinterface' <Predicate = true> <Delay = 0.00>
ST_1 : Operation 14 [1/1] (0.00ns)   --->   "call void (...)* @_ssdm_op_SpecInterface(i8* %res_V_data_1_V, [8 x i8]* @ap_fifo_str, i32 0, i32 0, [1 x i8]* @p_str1042, i32 0, i32 0, [1 x i8]* @p_str1043, [1 x i8]* @p_str1044, [1 x i8]* @p_str1045, i32 2, i32 2, i32 16, i32 16, [1 x i8]* @p_str1046, [1 x i8]* @p_str1047)"   --->   Operation 14 'specinterface' <Predicate = true> <Delay = 0.00>
ST_1 : Operation 15 [1/1] (0.00ns)   --->   "call void (...)* @_ssdm_op_SpecInterface(i8* %res_V_data_0_V, [8 x i8]* @ap_fifo_str, i32 0, i32 0, [1 x i8]* @p_str1035, i32 0, i32 0, [1 x i8]* @p_str1036, [1 x i8]* @p_str1037, [1 x i8]* @p_str1038, i32 2, i32 2, i32 16, i32 16, [1 x i8]* @p_str1039, [1 x i8]* @p_str1040)"   --->   Operation 15 'specinterface' <Predicate = true> <Delay = 0.00>
ST_1 : Operation 16 [1/1] (0.00ns)   --->   "call void (...)* @_ssdm_op_SpecInterface(i16* %data_V_data_9_V, [8 x i8]* @ap_fifo_str, i32 0, i32 0, [1 x i8]* @p_str1028, i32 0, i32 0, [1 x i8]* @p_str1029, [1 x i8]* @p_str1030, [1 x i8]* @p_str1031, i32 2, i32 2, i32 16, i32 16, [1 x i8]* @p_str1032, [1 x i8]* @p_str1033)"   --->   Operation 16 'specinterface' <Predicate = true> <Delay = 0.00>
ST_1 : Operation 17 [1/1] (0.00ns)   --->   "call void (...)* @_ssdm_op_SpecInterface(i16* %data_V_data_8_V, [8 x i8]* @ap_fifo_str, i32 0, i32 0, [1 x i8]* @p_str1021, i32 0, i32 0, [1 x i8]* @p_str1022, [1 x i8]* @p_str1023, [1 x i8]* @p_str1024, i32 2, i32 2, i32 16, i32 16, [1 x i8]* @p_str1025, [1 x i8]* @p_str1026)"   --->   Operation 17 'specinterface' <Predicate = true> <Delay = 0.00>
ST_1 : Operation 18 [1/1] (0.00ns)   --->   "call void (...)* @_ssdm_op_SpecInterface(i16* %data_V_data_7_V, [8 x i8]* @ap_fifo_str, i32 0, i32 0, [1 x i8]* @p_str1014, i32 0, i32 0, [1 x i8]* @p_str1015, [1 x i8]* @p_str1016, [1 x i8]* @p_str1017, i32 2, i32 2, i32 16, i32 16, [1 x i8]* @p_str1018, [1 x i8]* @p_str1019)"   --->   Operation 18 'specinterface' <Predicate = true> <Delay = 0.00>
ST_1 : Operation 19 [1/1] (0.00ns)   --->   "call void (...)* @_ssdm_op_SpecInterface(i16* %data_V_data_6_V, [8 x i8]* @ap_fifo_str, i32 0, i32 0, [1 x i8]* @p_str1007, i32 0, i32 0, [1 x i8]* @p_str1008, [1 x i8]* @p_str1009, [1 x i8]* @p_str1010, i32 2, i32 2, i32 16, i32 16, [1 x i8]* @p_str1011, [1 x i8]* @p_str1012)"   --->   Operation 19 'specinterface' <Predicate = true> <Delay = 0.00>
ST_1 : Operation 20 [1/1] (0.00ns)   --->   "call void (...)* @_ssdm_op_SpecInterface(i16* %data_V_data_5_V, [8 x i8]* @ap_fifo_str, i32 0, i32 0, [1 x i8]* @p_str1000, i32 0, i32 0, [1 x i8]* @p_str1001, [1 x i8]* @p_str1002, [1 x i8]* @p_str1003, i32 2, i32 2, i32 16, i32 16, [1 x i8]* @p_str1004, [1 x i8]* @p_str1005)"   --->   Operation 20 'specinterface' <Predicate = true> <Delay = 0.00>
ST_1 : Operation 21 [1/1] (0.00ns)   --->   "call void (...)* @_ssdm_op_SpecInterface(i16* %data_V_data_4_V, [8 x i8]* @ap_fifo_str, i32 0, i32 0, [1 x i8]* @p_str993, i32 0, i32 0, [1 x i8]* @p_str994, [1 x i8]* @p_str995, [1 x i8]* @p_str996, i32 2, i32 2, i32 16, i32 16, [1 x i8]* @p_str997, [1 x i8]* @p_str998)"   --->   Operation 21 'specinterface' <Predicate = true> <Delay = 0.00>
ST_1 : Operation 22 [1/1] (0.00ns)   --->   "call void (...)* @_ssdm_op_SpecInterface(i16* %data_V_data_3_V, [8 x i8]* @ap_fifo_str, i32 0, i32 0, [1 x i8]* @p_str986, i32 0, i32 0, [1 x i8]* @p_str987, [1 x i8]* @p_str988, [1 x i8]* @p_str989, i32 2, i32 2, i32 16, i32 16, [1 x i8]* @p_str990, [1 x i8]* @p_str991)"   --->   Operation 22 'specinterface' <Predicate = true> <Delay = 0.00>
ST_1 : Operation 23 [1/1] (0.00ns)   --->   "call void (...)* @_ssdm_op_SpecInterface(i16* %data_V_data_2_V, [8 x i8]* @ap_fifo_str, i32 0, i32 0, [1 x i8]* @p_str979, i32 0, i32 0, [1 x i8]* @p_str980, [1 x i8]* @p_str981, [1 x i8]* @p_str982, i32 2, i32 2, i32 16, i32 16, [1 x i8]* @p_str983, [1 x i8]* @p_str984)"   --->   Operation 23 'specinterface' <Predicate = true> <Delay = 0.00>
ST_1 : Operation 24 [1/1] (0.00ns)   --->   "call void (...)* @_ssdm_op_SpecInterface(i16* %data_V_data_1_V, [8 x i8]* @ap_fifo_str, i32 0, i32 0, [1 x i8]* @p_str972, i32 0, i32 0, [1 x i8]* @p_str973, [1 x i8]* @p_str974, [1 x i8]* @p_str975, i32 2, i32 2, i32 16, i32 16, [1 x i8]* @p_str976, [1 x i8]* @p_str977)"   --->   Operation 24 'specinterface' <Predicate = true> <Delay = 0.00>
ST_1 : Operation 25 [1/1] (0.00ns)   --->   "call void (...)* @_ssdm_op_SpecInterface(i16* %data_V_data_0_V, [8 x i8]* @ap_fifo_str, i32 0, i32 0, [1 x i8]* @p_str965, i32 0, i32 0, [1 x i8]* @p_str966, [1 x i8]* @p_str967, [1 x i8]* @p_str968, i32 2, i32 2, i32 16, i32 16, [1 x i8]* @p_str969, [1 x i8]* @p_str970)"   --->   Operation 25 'specinterface' <Predicate = true> <Delay = 0.00>
ST_1 : Operation 26 [1/1] (0.85ns)   --->   "br label %1" [firmware/nnet_utils/nnet_activation_stream.h:41]   --->   Operation 26 'br' <Predicate = true> <Delay = 0.85>

State 2 <SV = 1> <Delay = 0.93>
ST_2 : Operation 27 [1/1] (0.00ns)   --->   "%i_0 = phi i3 [ 0, %0 ], [ %i, %ReLUActLoop ]"   --->   Operation 27 'phi' 'i_0' <Predicate = true> <Delay = 0.00>
ST_2 : Operation 28 [1/1] (0.67ns)   --->   "%icmp_ln41 = icmp eq i3 %i_0, -4" [firmware/nnet_utils/nnet_activation_stream.h:41]   --->   Operation 28 'icmp' 'icmp_ln41' <Predicate = true> <Delay = 0.67> <Core = "Cmp">   --->   Core 25 'Cmp' <Latency = 0> <II = 1> <Delay = 1.18> <FuncUnit> <Opcode : 'icmp'> <InPorts = 2> <OutPorts = 1>
ST_2 : Operation 29 [1/1] (0.00ns)   --->   "%empty = call i32 (...)* @_ssdm_op_SpecLoopTripCount(i64 4, i64 4, i64 4)"   --->   Operation 29 'speclooptripcount' 'empty' <Predicate = true> <Delay = 0.00>
ST_2 : Operation 30 [1/1] (0.93ns)   --->   "%i = add i3 %i_0, 1" [firmware/nnet_utils/nnet_activation_stream.h:41]   --->   Operation 30 'add' 'i' <Predicate = true> <Delay = 0.93> <Core = "AddSub">   --->   Core 14 'AddSub' <Latency = 0> <II = 1> <Delay = 0.93> <FuncUnit> <Opcode : 'add' 'sub'> <InPorts = 2> <OutPorts = 1>
ST_2 : Operation 31 [1/1] (0.00ns)   --->   "br i1 %icmp_ln41, label %2, label %ReLUActLoop" [firmware/nnet_utils/nnet_activation_stream.h:41]   --->   Operation 31 'br' <Predicate = true> <Delay = 0.00>

State 3 <SV = 2> <Delay = 3.74>
ST_3 : Operation 32 [1/1] (2.18ns)   --->   "%empty_35 = call { i16, i16, i16, i16, i16, i16, i16, i16, i16, i16 } @_ssdm_op_Read.ap_fifo.volatile.i16P.i16P.i16P.i16P.i16P.i16P.i16P.i16P.i16P.i16P(i16* %data_V_data_0_V, i16* %data_V_data_1_V, i16* %data_V_data_2_V, i16* %data_V_data_3_V, i16* %data_V_data_4_V, i16* %data_V_data_5_V, i16* %data_V_data_6_V, i16* %data_V_data_7_V, i16* %data_V_data_8_V, i16* %data_V_data_9_V)" [firmware/nnet_utils/nnet_activation_stream.h:44]   --->   Operation 32 'read' 'empty_35' <Predicate = (!icmp_ln41)> <Delay = 2.18> <Core = "FIFO">   --->   Core 32 'FIFO' <Latency = 0> <II = 1> <Delay = 2.39> <Storage> <Opcode : 'read' 'write' 'nbread' 'nbwrite'> <Ports = 0> <Width = 8> <Depth = 1> <FIFO>
ST_3 : Operation 33 [1/1] (0.00ns)   --->   "%tmp_data_V_10_0 = extractvalue { i16, i16, i16, i16, i16, i16, i16, i16, i16, i16 } %empty_35, 0" [firmware/nnet_utils/nnet_activation_stream.h:44]   --->   Operation 33 'extractvalue' 'tmp_data_V_10_0' <Predicate = (!icmp_ln41)> <Delay = 0.00>
ST_3 : Operation 34 [1/1] (0.00ns)   --->   "%tmp_data_V_10_1 = extractvalue { i16, i16, i16, i16, i16, i16, i16, i16, i16, i16 } %empty_35, 1" [firmware/nnet_utils/nnet_activation_stream.h:44]   --->   Operation 34 'extractvalue' 'tmp_data_V_10_1' <Predicate = (!icmp_ln41)> <Delay = 0.00>
ST_3 : Operation 35 [1/1] (0.00ns)   --->   "%tmp_data_V_10_2 = extractvalue { i16, i16, i16, i16, i16, i16, i16, i16, i16, i16 } %empty_35, 2" [firmware/nnet_utils/nnet_activation_stream.h:44]   --->   Operation 35 'extractvalue' 'tmp_data_V_10_2' <Predicate = (!icmp_ln41)> <Delay = 0.00>
ST_3 : Operation 36 [1/1] (0.00ns)   --->   "%tmp_data_V_10_3 = extractvalue { i16, i16, i16, i16, i16, i16, i16, i16, i16, i16 } %empty_35, 3" [firmware/nnet_utils/nnet_activation_stream.h:44]   --->   Operation 36 'extractvalue' 'tmp_data_V_10_3' <Predicate = (!icmp_ln41)> <Delay = 0.00>
ST_3 : Operation 37 [1/1] (0.00ns)   --->   "%tmp_data_V_10_4 = extractvalue { i16, i16, i16, i16, i16, i16, i16, i16, i16, i16 } %empty_35, 4" [firmware/nnet_utils/nnet_activation_stream.h:44]   --->   Operation 37 'extractvalue' 'tmp_data_V_10_4' <Predicate = (!icmp_ln41)> <Delay = 0.00>
ST_3 : Operation 38 [1/1] (0.00ns)   --->   "%tmp_data_V_10_5 = extractvalue { i16, i16, i16, i16, i16, i16, i16, i16, i16, i16 } %empty_35, 5" [firmware/nnet_utils/nnet_activation_stream.h:44]   --->   Operation 38 'extractvalue' 'tmp_data_V_10_5' <Predicate = (!icmp_ln41)> <Delay = 0.00>
ST_3 : Operation 39 [1/1] (0.00ns)   --->   "%tmp_data_V_10_6 = extractvalue { i16, i16, i16, i16, i16, i16, i16, i16, i16, i16 } %empty_35, 6" [firmware/nnet_utils/nnet_activation_stream.h:44]   --->   Operation 39 'extractvalue' 'tmp_data_V_10_6' <Predicate = (!icmp_ln41)> <Delay = 0.00>
ST_3 : Operation 40 [1/1] (0.00ns)   --->   "%tmp_data_V_10_7 = extractvalue { i16, i16, i16, i16, i16, i16, i16, i16, i16, i16 } %empty_35, 7" [firmware/nnet_utils/nnet_activation_stream.h:44]   --->   Operation 40 'extractvalue' 'tmp_data_V_10_7' <Predicate = (!icmp_ln41)> <Delay = 0.00>
ST_3 : Operation 41 [1/1] (0.00ns)   --->   "%tmp_data_V_10_8 = extractvalue { i16, i16, i16, i16, i16, i16, i16, i16, i16, i16 } %empty_35, 8" [firmware/nnet_utils/nnet_activation_stream.h:44]   --->   Operation 41 'extractvalue' 'tmp_data_V_10_8' <Predicate = (!icmp_ln41)> <Delay = 0.00>
ST_3 : Operation 42 [1/1] (0.00ns)   --->   "%tmp_data_V_10_9 = extractvalue { i16, i16, i16, i16, i16, i16, i16, i16, i16, i16 } %empty_35, 9" [firmware/nnet_utils/nnet_activation_stream.h:44]   --->   Operation 42 'extractvalue' 'tmp_data_V_10_9' <Predicate = (!icmp_ln41)> <Delay = 0.00>
ST_3 : Operation 43 [1/1] (1.18ns)   --->   "%icmp_ln1494 = icmp sgt i16 %tmp_data_V_10_0, 0" [firmware/nnet_utils/nnet_activation_stream.h:51]   --->   Operation 43 'icmp' 'icmp_ln1494' <Predicate = (!icmp_ln41)> <Delay = 1.18> <Core = "Cmp">   --->   Core 25 'Cmp' <Latency = 0> <II = 1> <Delay = 1.18> <FuncUnit> <Opcode : 'icmp'> <InPorts = 2> <OutPorts = 1>
ST_3 : Operation 44 [1/1] (0.00ns)   --->   "%trunc_ln = call i8 @_ssdm_op_PartSelect.i8.i16.i32.i32(i16 %tmp_data_V_10_0, i32 4, i32 11)" [firmware/nnet_utils/nnet_activation_stream.h:52]   --->   Operation 44 'partselect' 'trunc_ln' <Predicate = (!icmp_ln41)> <Delay = 0.00>
ST_3 : Operation 45 [1/1] (0.37ns)   --->   "%tmp_data_0_V = select i1 %icmp_ln1494, i8 %trunc_ln, i8 0" [firmware/nnet_utils/nnet_activation_stream.h:51]   --->   Operation 45 'select' 'tmp_data_0_V' <Predicate = (!icmp_ln41)> <Delay = 0.37> <Core = "Sel">   --->   Core 26 'Sel' <Latency = 0> <II = 1> <Delay = 0.37> <FuncUnit> <Opcode : 'select'> <InPorts = 3> <OutPorts = 1>
ST_3 : Operation 46 [1/1] (1.18ns)   --->   "%icmp_ln1494_1 = icmp sgt i16 %tmp_data_V_10_1, 0" [firmware/nnet_utils/nnet_activation_stream.h:51]   --->   Operation 46 'icmp' 'icmp_ln1494_1' <Predicate = (!icmp_ln41)> <Delay = 1.18> <Core = "Cmp">   --->   Core 25 'Cmp' <Latency = 0> <II = 1> <Delay = 1.18> <FuncUnit> <Opcode : 'icmp'> <InPorts = 2> <OutPorts = 1>
ST_3 : Operation 47 [1/1] (0.00ns)   --->   "%trunc_ln708_1 = call i8 @_ssdm_op_PartSelect.i8.i16.i32.i32(i16 %tmp_data_V_10_1, i32 4, i32 11)" [firmware/nnet_utils/nnet_activation_stream.h:52]   --->   Operation 47 'partselect' 'trunc_ln708_1' <Predicate = (!icmp_ln41)> <Delay = 0.00>
ST_3 : Operation 48 [1/1] (0.37ns)   --->   "%tmp_data_1_V = select i1 %icmp_ln1494_1, i8 %trunc_ln708_1, i8 0" [firmware/nnet_utils/nnet_activation_stream.h:51]   --->   Operation 48 'select' 'tmp_data_1_V' <Predicate = (!icmp_ln41)> <Delay = 0.37> <Core = "Sel">   --->   Core 26 'Sel' <Latency = 0> <II = 1> <Delay = 0.37> <FuncUnit> <Opcode : 'select'> <InPorts = 3> <OutPorts = 1>
ST_3 : Operation 49 [1/1] (1.18ns)   --->   "%icmp_ln1494_2 = icmp sgt i16 %tmp_data_V_10_2, 0" [firmware/nnet_utils/nnet_activation_stream.h:51]   --->   Operation 49 'icmp' 'icmp_ln1494_2' <Predicate = (!icmp_ln41)> <Delay = 1.18> <Core = "Cmp">   --->   Core 25 'Cmp' <Latency = 0> <II = 1> <Delay = 1.18> <FuncUnit> <Opcode : 'icmp'> <InPorts = 2> <OutPorts = 1>
ST_3 : Operation 50 [1/1] (0.00ns)   --->   "%trunc_ln708_2 = call i8 @_ssdm_op_PartSelect.i8.i16.i32.i32(i16 %tmp_data_V_10_2, i32 4, i32 11)" [firmware/nnet_utils/nnet_activation_stream.h:52]   --->   Operation 50 'partselect' 'trunc_ln708_2' <Predicate = (!icmp_ln41)> <Delay = 0.00>
ST_3 : Operation 51 [1/1] (0.37ns)   --->   "%tmp_data_2_V = select i1 %icmp_ln1494_2, i8 %trunc_ln708_2, i8 0" [firmware/nnet_utils/nnet_activation_stream.h:51]   --->   Operation 51 'select' 'tmp_data_2_V' <Predicate = (!icmp_ln41)> <Delay = 0.37> <Core = "Sel">   --->   Core 26 'Sel' <Latency = 0> <II = 1> <Delay = 0.37> <FuncUnit> <Opcode : 'select'> <InPorts = 3> <OutPorts = 1>
ST_3 : Operation 52 [1/1] (1.18ns)   --->   "%icmp_ln1494_3 = icmp sgt i16 %tmp_data_V_10_3, 0" [firmware/nnet_utils/nnet_activation_stream.h:51]   --->   Operation 52 'icmp' 'icmp_ln1494_3' <Predicate = (!icmp_ln41)> <Delay = 1.18> <Core = "Cmp">   --->   Core 25 'Cmp' <Latency = 0> <II = 1> <Delay = 1.18> <FuncUnit> <Opcode : 'icmp'> <InPorts = 2> <OutPorts = 1>
ST_3 : Operation 53 [1/1] (0.00ns)   --->   "%trunc_ln708_3 = call i8 @_ssdm_op_PartSelect.i8.i16.i32.i32(i16 %tmp_data_V_10_3, i32 4, i32 11)" [firmware/nnet_utils/nnet_activation_stream.h:52]   --->   Operation 53 'partselect' 'trunc_ln708_3' <Predicate = (!icmp_ln41)> <Delay = 0.00>
ST_3 : Operation 54 [1/1] (0.37ns)   --->   "%tmp_data_3_V = select i1 %icmp_ln1494_3, i8 %trunc_ln708_3, i8 0" [firmware/nnet_utils/nnet_activation_stream.h:51]   --->   Operation 54 'select' 'tmp_data_3_V' <Predicate = (!icmp_ln41)> <Delay = 0.37> <Core = "Sel">   --->   Core 26 'Sel' <Latency = 0> <II = 1> <Delay = 0.37> <FuncUnit> <Opcode : 'select'> <InPorts = 3> <OutPorts = 1>
ST_3 : Operation 55 [1/1] (1.18ns)   --->   "%icmp_ln1494_4 = icmp sgt i16 %tmp_data_V_10_4, 0" [firmware/nnet_utils/nnet_activation_stream.h:51]   --->   Operation 55 'icmp' 'icmp_ln1494_4' <Predicate = (!icmp_ln41)> <Delay = 1.18> <Core = "Cmp">   --->   Core 25 'Cmp' <Latency = 0> <II = 1> <Delay = 1.18> <FuncUnit> <Opcode : 'icmp'> <InPorts = 2> <OutPorts = 1>
ST_3 : Operation 56 [1/1] (0.00ns)   --->   "%trunc_ln708_4 = call i8 @_ssdm_op_PartSelect.i8.i16.i32.i32(i16 %tmp_data_V_10_4, i32 4, i32 11)" [firmware/nnet_utils/nnet_activation_stream.h:52]   --->   Operation 56 'partselect' 'trunc_ln708_4' <Predicate = (!icmp_ln41)> <Delay = 0.00>
ST_3 : Operation 57 [1/1] (0.37ns)   --->   "%tmp_data_4_V = select i1 %icmp_ln1494_4, i8 %trunc_ln708_4, i8 0" [firmware/nnet_utils/nnet_activation_stream.h:51]   --->   Operation 57 'select' 'tmp_data_4_V' <Predicate = (!icmp_ln41)> <Delay = 0.37> <Core = "Sel">   --->   Core 26 'Sel' <Latency = 0> <II = 1> <Delay = 0.37> <FuncUnit> <Opcode : 'select'> <InPorts = 3> <OutPorts = 1>
ST_3 : Operation 58 [1/1] (1.18ns)   --->   "%icmp_ln1494_5 = icmp sgt i16 %tmp_data_V_10_5, 0" [firmware/nnet_utils/nnet_activation_stream.h:51]   --->   Operation 58 'icmp' 'icmp_ln1494_5' <Predicate = (!icmp_ln41)> <Delay = 1.18> <Core = "Cmp">   --->   Core 25 'Cmp' <Latency = 0> <II = 1> <Delay = 1.18> <FuncUnit> <Opcode : 'icmp'> <InPorts = 2> <OutPorts = 1>
ST_3 : Operation 59 [1/1] (0.00ns)   --->   "%trunc_ln708_5 = call i8 @_ssdm_op_PartSelect.i8.i16.i32.i32(i16 %tmp_data_V_10_5, i32 4, i32 11)" [firmware/nnet_utils/nnet_activation_stream.h:52]   --->   Operation 59 'partselect' 'trunc_ln708_5' <Predicate = (!icmp_ln41)> <Delay = 0.00>
ST_3 : Operation 60 [1/1] (0.37ns)   --->   "%tmp_data_5_V = select i1 %icmp_ln1494_5, i8 %trunc_ln708_5, i8 0" [firmware/nnet_utils/nnet_activation_stream.h:51]   --->   Operation 60 'select' 'tmp_data_5_V' <Predicate = (!icmp_ln41)> <Delay = 0.37> <Core = "Sel">   --->   Core 26 'Sel' <Latency = 0> <II = 1> <Delay = 0.37> <FuncUnit> <Opcode : 'select'> <InPorts = 3> <OutPorts = 1>
ST_3 : Operation 61 [1/1] (1.18ns)   --->   "%icmp_ln1494_6 = icmp sgt i16 %tmp_data_V_10_6, 0" [firmware/nnet_utils/nnet_activation_stream.h:51]   --->   Operation 61 'icmp' 'icmp_ln1494_6' <Predicate = (!icmp_ln41)> <Delay = 1.18> <Core = "Cmp">   --->   Core 25 'Cmp' <Latency = 0> <II = 1> <Delay = 1.18> <FuncUnit> <Opcode : 'icmp'> <InPorts = 2> <OutPorts = 1>
ST_3 : Operation 62 [1/1] (0.00ns)   --->   "%trunc_ln708_6 = call i8 @_ssdm_op_PartSelect.i8.i16.i32.i32(i16 %tmp_data_V_10_6, i32 4, i32 11)" [firmware/nnet_utils/nnet_activation_stream.h:52]   --->   Operation 62 'partselect' 'trunc_ln708_6' <Predicate = (!icmp_ln41)> <Delay = 0.00>
ST_3 : Operation 63 [1/1] (0.37ns)   --->   "%tmp_data_6_V = select i1 %icmp_ln1494_6, i8 %trunc_ln708_6, i8 0" [firmware/nnet_utils/nnet_activation_stream.h:51]   --->   Operation 63 'select' 'tmp_data_6_V' <Predicate = (!icmp_ln41)> <Delay = 0.37> <Core = "Sel">   --->   Core 26 'Sel' <Latency = 0> <II = 1> <Delay = 0.37> <FuncUnit> <Opcode : 'select'> <InPorts = 3> <OutPorts = 1>
ST_3 : Operation 64 [1/1] (1.18ns)   --->   "%icmp_ln1494_7 = icmp sgt i16 %tmp_data_V_10_7, 0" [firmware/nnet_utils/nnet_activation_stream.h:51]   --->   Operation 64 'icmp' 'icmp_ln1494_7' <Predicate = (!icmp_ln41)> <Delay = 1.18> <Core = "Cmp">   --->   Core 25 'Cmp' <Latency = 0> <II = 1> <Delay = 1.18> <FuncUnit> <Opcode : 'icmp'> <InPorts = 2> <OutPorts = 1>
ST_3 : Operation 65 [1/1] (0.00ns)   --->   "%trunc_ln708_7 = call i8 @_ssdm_op_PartSelect.i8.i16.i32.i32(i16 %tmp_data_V_10_7, i32 4, i32 11)" [firmware/nnet_utils/nnet_activation_stream.h:52]   --->   Operation 65 'partselect' 'trunc_ln708_7' <Predicate = (!icmp_ln41)> <Delay = 0.00>
ST_3 : Operation 66 [1/1] (0.37ns)   --->   "%tmp_data_7_V = select i1 %icmp_ln1494_7, i8 %trunc_ln708_7, i8 0" [firmware/nnet_utils/nnet_activation_stream.h:51]   --->   Operation 66 'select' 'tmp_data_7_V' <Predicate = (!icmp_ln41)> <Delay = 0.37> <Core = "Sel">   --->   Core 26 'Sel' <Latency = 0> <II = 1> <Delay = 0.37> <FuncUnit> <Opcode : 'select'> <InPorts = 3> <OutPorts = 1>
ST_3 : Operation 67 [1/1] (1.18ns)   --->   "%icmp_ln1494_8 = icmp sgt i16 %tmp_data_V_10_8, 0" [firmware/nnet_utils/nnet_activation_stream.h:51]   --->   Operation 67 'icmp' 'icmp_ln1494_8' <Predicate = (!icmp_ln41)> <Delay = 1.18> <Core = "Cmp">   --->   Core 25 'Cmp' <Latency = 0> <II = 1> <Delay = 1.18> <FuncUnit> <Opcode : 'icmp'> <InPorts = 2> <OutPorts = 1>
ST_3 : Operation 68 [1/1] (0.00ns)   --->   "%trunc_ln708_8 = call i8 @_ssdm_op_PartSelect.i8.i16.i32.i32(i16 %tmp_data_V_10_8, i32 4, i32 11)" [firmware/nnet_utils/nnet_activation_stream.h:52]   --->   Operation 68 'partselect' 'trunc_ln708_8' <Predicate = (!icmp_ln41)> <Delay = 0.00>
ST_3 : Operation 69 [1/1] (0.37ns)   --->   "%tmp_data_8_V = select i1 %icmp_ln1494_8, i8 %trunc_ln708_8, i8 0" [firmware/nnet_utils/nnet_activation_stream.h:51]   --->   Operation 69 'select' 'tmp_data_8_V' <Predicate = (!icmp_ln41)> <Delay = 0.37> <Core = "Sel">   --->   Core 26 'Sel' <Latency = 0> <II = 1> <Delay = 0.37> <FuncUnit> <Opcode : 'select'> <InPorts = 3> <OutPorts = 1>
ST_3 : Operation 70 [1/1] (1.18ns)   --->   "%icmp_ln1494_9 = icmp sgt i16 %tmp_data_V_10_9, 0" [firmware/nnet_utils/nnet_activation_stream.h:51]   --->   Operation 70 'icmp' 'icmp_ln1494_9' <Predicate = (!icmp_ln41)> <Delay = 1.18> <Core = "Cmp">   --->   Core 25 'Cmp' <Latency = 0> <II = 1> <Delay = 1.18> <FuncUnit> <Opcode : 'icmp'> <InPorts = 2> <OutPorts = 1>
ST_3 : Operation 71 [1/1] (0.00ns)   --->   "%trunc_ln708_9 = call i8 @_ssdm_op_PartSelect.i8.i16.i32.i32(i16 %tmp_data_V_10_9, i32 4, i32 11)" [firmware/nnet_utils/nnet_activation_stream.h:52]   --->   Operation 71 'partselect' 'trunc_ln708_9' <Predicate = (!icmp_ln41)> <Delay = 0.00>
ST_3 : Operation 72 [1/1] (0.37ns)   --->   "%tmp_data_9_V = select i1 %icmp_ln1494_9, i8 %trunc_ln708_9, i8 0" [firmware/nnet_utils/nnet_activation_stream.h:51]   --->   Operation 72 'select' 'tmp_data_9_V' <Predicate = (!icmp_ln41)> <Delay = 0.37> <Core = "Sel">   --->   Core 26 'Sel' <Latency = 0> <II = 1> <Delay = 0.37> <FuncUnit> <Opcode : 'select'> <InPorts = 3> <OutPorts = 1>

State 4 <SV = 3> <Delay = 2.18>
ST_4 : Operation 73 [1/1] (0.00ns)   --->   "call void (...)* @_ssdm_op_SpecLoopName([12 x i8]* @p_str56) nounwind" [firmware/nnet_utils/nnet_activation_stream.h:41]   --->   Operation 73 'specloopname' <Predicate = (!icmp_ln41)> <Delay = 0.00>
ST_4 : Operation 74 [1/1] (0.00ns)   --->   "%tmp = call i32 (...)* @_ssdm_op_SpecRegionBegin([12 x i8]* @p_str56)" [firmware/nnet_utils/nnet_activation_stream.h:41]   --->   Operation 74 'specregionbegin' 'tmp' <Predicate = (!icmp_ln41)> <Delay = 0.00>
ST_4 : Operation 75 [1/1] (0.00ns)   --->   "call void (...)* @_ssdm_op_SpecPipeline(i32 -1, i32 1, i32 1, i32 0, [1 x i8]* @p_str17) nounwind" [firmware/nnet_utils/nnet_activation_stream.h:42]   --->   Operation 75 'specpipeline' <Predicate = (!icmp_ln41)> <Delay = 0.00>
ST_4 : Operation 76 [1/1] (2.18ns)   --->   "call void @_ssdm_op_Write.ap_fifo.volatile.i8P.i8P.i8P.i8P.i8P.i8P.i8P.i8P.i8P.i8P(i8* %res_V_data_0_V, i8* %res_V_data_1_V, i8* %res_V_data_2_V, i8* %res_V_data_3_V, i8* %res_V_data_4_V, i8* %res_V_data_5_V, i8* %res_V_data_6_V, i8* %res_V_data_7_V, i8* %res_V_data_8_V, i8* %res_V_data_9_V, i8 %tmp_data_0_V, i8 %tmp_data_1_V, i8 %tmp_data_2_V, i8 %tmp_data_3_V, i8 %tmp_data_4_V, i8 %tmp_data_5_V, i8 %tmp_data_6_V, i8 %tmp_data_7_V, i8 %tmp_data_8_V, i8 %tmp_data_9_V)" [firmware/nnet_utils/nnet_activation_stream.h:57]   --->   Operation 76 'write' <Predicate = (!icmp_ln41)> <Delay = 2.18> <Core = "FIFO">   --->   Core 32 'FIFO' <Latency = 0> <II = 1> <Delay = 2.39> <Storage> <Opcode : 'read' 'write' 'nbread' 'nbwrite'> <Ports = 0> <Width = 8> <Depth = 1> <FIFO>
ST_4 : Operation 77 [1/1] (0.00ns)   --->   "%empty_36 = call i32 (...)* @_ssdm_op_SpecRegionEnd([12 x i8]* @p_str56, i32 %tmp)" [firmware/nnet_utils/nnet_activation_stream.h:58]   --->   Operation 77 'specregionend' 'empty_36' <Predicate = (!icmp_ln41)> <Delay = 0.00>
ST_4 : Operation 78 [1/1] (0.00ns)   --->   "br label %1" [firmware/nnet_utils/nnet_activation_stream.h:41]   --->   Operation 78 'br' <Predicate = (!icmp_ln41)> <Delay = 0.00>

State 5 <SV = 2> <Delay = 0.00>
ST_5 : Operation 79 [1/1] (0.00ns)   --->   "ret void" [firmware/nnet_utils/nnet_activation_stream.h:59]   --->   Operation 79 'ret' <Predicate = true> <Delay = 0.00>


============================================================
+ Verbose Summary: Timing violations
============================================================
Target clock period: 5ns, clock uncertainty: 0.625ns.

 <State 1>: 0.85ns
The critical path consists of the following:
	multiplexor before 'phi' operation ('i') with incoming values : ('i', firmware/nnet_utils/nnet_activation_stream.h:41) [43]  (0.85 ns)

 <State 2>: 0.931ns
The critical path consists of the following:
	'phi' operation ('i') with incoming values : ('i', firmware/nnet_utils/nnet_activation_stream.h:41) [43]  (0 ns)
	'add' operation ('i', firmware/nnet_utils/nnet_activation_stream.h:41) [46]  (0.931 ns)

 <State 3>: 3.74ns
The critical path consists of the following:
	fifo read on port 'data_V_data_0_V' (firmware/nnet_utils/nnet_activation_stream.h:44) [52]  (2.19 ns)
	'icmp' operation ('icmp_ln1494', firmware/nnet_utils/nnet_activation_stream.h:51) [63]  (1.18 ns)
	'select' operation ('tmp.data[0].V', firmware/nnet_utils/nnet_activation_stream.h:51) [65]  (0.372 ns)

 <State 4>: 2.19ns
The critical path consists of the following:
	fifo write on port 'res_V_data_0_V' (firmware/nnet_utils/nnet_activation_stream.h:57) [93]  (2.19 ns)

 <State 5>: 0ns
The critical path consists of the following:


============================================================
+ Verbose Summary: Binding
============================================================
N/A
* FSMD analyzer results:
  - Output states:
 - Input state : 
  - Chain level:
	State 1
	State 2
	State 3
	State 4
	State 5


============================================================
+ Verbose Summary: Datapath Resource usage 
============================================================
N/A
