

================================================================
== Vivado HLS Report for 'shift_line_buffer_array_ap_ufixed_8_0_5_3_0_1u_config2_s'
================================================================
* Date:           Thu Nov 13 23:02:53 2025

* Version:        2019.1 (Build 2552052 on Fri May 24 15:28:33 MDT 2019)
* Project:        myproject_prj
* Solution:       solution1
* Product family: virtex7
* Target device:  xc7vx690t-ffg1761-2


================================================================
== Performance Estimates
================================================================
+ Timing (ns): 
    * Summary: 
    +--------+-------+----------+------------+
    |  Clock | Target| Estimated| Uncertainty|
    +--------+-------+----------+------------+
    |ap_clk  |   5.00|     1.974|        0.62|
    +--------+-------+----------+------------+

+ Latency (clock cycles): 
    * Summary: 
    +-----+-----+-----+-----+----------+
    |  Latency  |  Interval | Pipeline |
    | min | max | min | max |   Type   |
    +-----+-----+-----+-----+----------+
    |    0|    0|    1|    1| function |
    +-----+-----+-----+-----+----------+

    + Detail: 
        * Instance: 
        N/A

        * Loop: 
        N/A

============================================================
+ Verbose Summary: Synthesis Manager
============================================================
InlineROM: 1
ExposeGlobal: 0
============================================================
+ Verbose Summary: CDFG Model
============================================================
IsTopModel: 0
ResetActiveHigh: 1
IsCombinational: 0
IsDatapathOnly: 0
HasWiredReturn: 1
HasMFsm: 2
HasVarLatency: 0
IsPipeline: 1
IsRtlPipelined: 0
IsInstanceOverlapped: 0
IsDontTouch: 0
HasImplIP: 0
IsGatedGlobalClock: 0

+ Individual pipeline summary: 
  * Pipeline-0: initiation interval (II) = 1, depth = 1


============================================================
+ Verbose Summary: Schedule
============================================================
* Number of FSM states : 1
* Pipeline : 1
  Pipeline-0 : II = 1, D = 1, States = { 1 }
* Dataflow Pipeline: 0

* FSM state transitions: 
1 --> 

* FSM state operations: 

State 1 <SV = 0> <Delay = 1.97>
ST_1 : Operation 2 [1/1] (0.00ns)   --->   "%kernel_window_8_V_read_3 = call i8 @_ssdm_op_Read.ap_auto.i8(i8 %kernel_window_8_V_read)" [firmware/nnet_utils/nnet_conv_stream.h:219]   --->   Operation 2 'read' 'kernel_window_8_V_read_3' <Predicate = true> <Delay = 0.00>
ST_1 : Operation 3 [1/1] (0.00ns)   --->   "%kernel_window_7_V_read_2 = call i8 @_ssdm_op_Read.ap_auto.i8(i8 %kernel_window_7_V_read)" [firmware/nnet_utils/nnet_conv_stream.h:219]   --->   Operation 3 'read' 'kernel_window_7_V_read_2' <Predicate = true> <Delay = 0.00>
ST_1 : Operation 4 [1/1] (0.00ns)   --->   "%kernel_window_5_V_read_1 = call i8 @_ssdm_op_Read.ap_auto.i8(i8 %kernel_window_5_V_read)" [firmware/nnet_utils/nnet_conv_stream.h:219]   --->   Operation 4 'read' 'kernel_window_5_V_read_1' <Predicate = true> <Delay = 0.00>
ST_1 : Operation 5 [1/1] (0.00ns)   --->   "%kernel_window_4_V_read_1 = call i8 @_ssdm_op_Read.ap_auto.i8(i8 %kernel_window_4_V_read)" [firmware/nnet_utils/nnet_conv_stream.h:219]   --->   Operation 5 'read' 'kernel_window_4_V_read_1' <Predicate = true> <Delay = 0.00>
ST_1 : Operation 6 [1/1] (0.00ns)   --->   "%kernel_window_2_V_read_1 = call i8 @_ssdm_op_Read.ap_auto.i8(i8 %kernel_window_2_V_read)" [firmware/nnet_utils/nnet_conv_stream.h:219]   --->   Operation 6 'read' 'kernel_window_2_V_read_1' <Predicate = true> <Delay = 0.00>
ST_1 : Operation 7 [1/1] (0.00ns)   --->   "%kernel_window_1_V_read_1 = call i8 @_ssdm_op_Read.ap_auto.i8(i8 %kernel_window_1_V_read)" [firmware/nnet_utils/nnet_conv_stream.h:219]   --->   Operation 7 'read' 'kernel_window_1_V_read_1' <Predicate = true> <Delay = 0.00>
ST_1 : Operation 8 [1/1] (0.00ns)   --->   "%kernel_window_8_V_write_read = call i8 @_ssdm_op_Read.ap_auto.i8(i8 %kernel_window_8_V_write)" [firmware/nnet_utils/nnet_conv_stream.h:219]   --->   Operation 8 'read' 'kernel_window_8_V_write_read' <Predicate = true> <Delay = 0.00>
ST_1 : Operation 9 [1/1] (0.00ns)   --->   "call void (...)* @_ssdm_op_SpecPipeline(i32 -1, i32 1, i32 1, i32 0, [1 x i8]* @p_str17) nounwind" [firmware/nnet_utils/nnet_conv_stream.h:221]   --->   Operation 9 'specpipeline' <Predicate = true> <Delay = 0.00>
ST_1 : Operation 10 [1/1] (0.00ns)   --->   "call void (...)* @_ssdm_op_SpecLoopName([17 x i8]* @p_str70) nounwind" [firmware/nnet_utils/nnet_conv_stream.h:236]   --->   Operation 10 'specloopname' <Predicate = true> <Delay = 0.00>
ST_1 : Operation 11 [1/1] (0.98ns)   --->   "%DataOut_V = call i8 @"_ssdm_op_MemShiftRead.[48 x i8]P"(i8* getelementptr inbounds ([48 x i8]* @line_buffer_Array_V_0_0, i64 0, i64 47), i8 %kernel_window_8_V_write_read, i1 true)" [firmware/nnet_utils/nnet_conv_stream.h:241]   --->   Operation 11 'memshiftread' 'DataOut_V' <Predicate = true> <Delay = 0.98> <Core = "ShiftReg">   --->   Core 33 'ShiftReg' <Latency = 0> <II = 1> <Delay = 0.98> <Storage> <Opcode : 'memshiftread' 'load'> <Ports = 1> <Width = 8> <Depth = 48> <ShiftMem>
ST_1 : Operation 12 [1/1] (0.98ns)   --->   "%DataOut_V_53 = call i8 @"_ssdm_op_MemShiftRead.[48 x i8]P"(i8* getelementptr inbounds ([48 x i8]* @line_buffer_Array_V_1410_0, i64 0, i64 47), i8 %DataOut_V, i1 true)" [firmware/nnet_utils/nnet_conv_stream.h:241]   --->   Operation 12 'memshiftread' 'DataOut_V_53' <Predicate = true> <Delay = 0.98> <Core = "ShiftReg">   --->   Core 33 'ShiftReg' <Latency = 0> <II = 1> <Delay = 0.98> <Storage> <Opcode : 'memshiftread' 'load'> <Ports = 1> <Width = 8> <Depth = 48> <ShiftMem>
ST_1 : Operation 13 [1/1] (0.00ns)   --->   "%mrv_041 = insertvalue { i8, i8, i8, i8, i8, i8, i8, i8, i8 } undef, i8 %kernel_window_1_V_read_1, 0" [firmware/nnet_utils/nnet_conv_stream.h:248]   --->   Operation 13 'insertvalue' 'mrv_041' <Predicate = true> <Delay = 0.00>
ST_1 : Operation 14 [1/1] (0.00ns)   --->   "%mrv_s = insertvalue { i8, i8, i8, i8, i8, i8, i8, i8, i8 } %mrv_041, i8 %kernel_window_4_V_read_1, 1" [firmware/nnet_utils/nnet_conv_stream.h:248]   --->   Operation 14 'insertvalue' 'mrv_s' <Predicate = true> <Delay = 0.00>
ST_1 : Operation 15 [1/1] (0.00ns)   --->   "%mrv_89 = insertvalue { i8, i8, i8, i8, i8, i8, i8, i8, i8 } %mrv_s, i8 %kernel_window_7_V_read_2, 2" [firmware/nnet_utils/nnet_conv_stream.h:248]   --->   Operation 15 'insertvalue' 'mrv_89' <Predicate = true> <Delay = 0.00>
ST_1 : Operation 16 [1/1] (0.00ns)   --->   "%mrv_3 = insertvalue { i8, i8, i8, i8, i8, i8, i8, i8, i8 } %mrv_89, i8 %kernel_window_2_V_read_1, 3" [firmware/nnet_utils/nnet_conv_stream.h:248]   --->   Operation 16 'insertvalue' 'mrv_3' <Predicate = true> <Delay = 0.00>
ST_1 : Operation 17 [1/1] (0.00ns)   --->   "%mrv_4 = insertvalue { i8, i8, i8, i8, i8, i8, i8, i8, i8 } %mrv_3, i8 %DataOut_V_53, 4" [firmware/nnet_utils/nnet_conv_stream.h:248]   --->   Operation 17 'insertvalue' 'mrv_4' <Predicate = true> <Delay = 0.00>
ST_1 : Operation 18 [1/1] (0.00ns)   --->   "%mrv_5 = insertvalue { i8, i8, i8, i8, i8, i8, i8, i8, i8 } %mrv_4, i8 %kernel_window_5_V_read_1, 5" [firmware/nnet_utils/nnet_conv_stream.h:248]   --->   Operation 18 'insertvalue' 'mrv_5' <Predicate = true> <Delay = 0.00>
ST_1 : Operation 19 [1/1] (0.00ns)   --->   "%mrv_6 = insertvalue { i8, i8, i8, i8, i8, i8, i8, i8, i8 } %mrv_5, i8 %DataOut_V, 6" [firmware/nnet_utils/nnet_conv_stream.h:248]   --->   Operation 19 'insertvalue' 'mrv_6' <Predicate = true> <Delay = 0.00>
ST_1 : Operation 20 [1/1] (0.00ns)   --->   "%mrv_7 = insertvalue { i8, i8, i8, i8, i8, i8, i8, i8, i8 } %mrv_6, i8 %kernel_window_8_V_read_3, 7" [firmware/nnet_utils/nnet_conv_stream.h:248]   --->   Operation 20 'insertvalue' 'mrv_7' <Predicate = true> <Delay = 0.00>
ST_1 : Operation 21 [1/1] (0.00ns)   --->   "%mrv_8 = insertvalue { i8, i8, i8, i8, i8, i8, i8, i8, i8 } %mrv_7, i8 %kernel_window_8_V_write_read, 8" [firmware/nnet_utils/nnet_conv_stream.h:248]   --->   Operation 21 'insertvalue' 'mrv_8' <Predicate = true> <Delay = 0.00>
ST_1 : Operation 22 [1/1] (0.00ns)   --->   "ret { i8, i8, i8, i8, i8, i8, i8, i8, i8 } %mrv_8" [firmware/nnet_utils/nnet_conv_stream.h:248]   --->   Operation 22 'ret' <Predicate = true> <Delay = 0.00>


============================================================
+ Verbose Summary: Timing violations
============================================================
Target clock period: 5ns, clock uncertainty: 0.625ns.

 <State 1>: 1.97ns
The critical path consists of the following:
	wire read on port 'kernel_window_8_V_write' (firmware/nnet_utils/nnet_conv_stream.h:219) [14]  (0 ns)
	'memshiftread' operation ('DataOut.V', firmware/nnet_utils/nnet_conv_stream.h:241) [17]  (0.987 ns)
	'memshiftread' operation ('DataOut.V', firmware/nnet_utils/nnet_conv_stream.h:241) [18]  (0.987 ns)


============================================================
+ Verbose Summary: Binding
============================================================
N/A
* FSMD analyzer results:
  - Output states:
 - Input state : 
  - Chain level:
	State 1


============================================================
+ Verbose Summary: Datapath Resource usage 
============================================================
N/A
