Copyright 1986-2019 Xilinx, Inc. All Rights Reserved.
-----------------------------------------------------------------------------------------------------------------------------------
| Tool Version : Vivado v.2019.1 (lin64) Build 2552052 Fri May 24 14:47:09 MDT 2019
| Date         : Tue Dec  2 11:30:40 2025
| Host         : hvm1 running 64-bit Ubuntu 22.04.5 LTS
| Command      : report_utilization -hierarchical -hierarchical_depth 1 -file ../reports/10_4_Argmax_P3_PO0_SAV_MULTPIPE1_hier.rpt
| Design       : waiz_benchmark
| Device       : xcvu13pfhga2104-3
| Design State : Routed
-----------------------------------------------------------------------------------------------------------------------------------

Utilization Design Information

Table of Contents
-----------------
1. Utilization by Hierarchy

1. Utilization by Hierarchy
---------------------------

+--------------------+-------------------------------------+------------+------------+---------+------+-------+--------+--------+------+--------------+
|      Instance      |                Module               | Total LUTs | Logic LUTs | LUTRAMs | SRLs |  FFs  | RAMB36 | RAMB18 | URAM | DSP48 Blocks |
+--------------------+-------------------------------------+------------+------------+---------+------+-------+--------+--------+------+--------------+
| waiz_benchmark     |                               (top) |      56837 |      56837 |       0 |    0 | 22100 |      0 |      0 |    0 |            0 |
|   (waiz_benchmark) |                               (top) |       2037 |       2037 |       0 |    0 |     0 |      0 |      0 |    0 |            0 |
|   denselayer1      |                          denseLayer |      14988 |      14988 |       0 |    0 |  5853 |      0 |      0 |    0 |            0 |
|   denselayer2      |          denseLayer__parameterized0 |      21001 |      21001 |       0 |    0 |  8037 |      0 |      0 |    0 |            0 |
|   denselayer3      |          denseLayer__parameterized1 |      16192 |      16192 |       0 |    0 |  6724 |      0 |      0 |    0 |            0 |
|   denselayer4      |          denseLayer__parameterized2 |       2525 |       2525 |       0 |    0 |  1480 |      0 |      0 |    0 |            0 |
|   relulayer1       |                 reluActivationLayer |         48 |         48 |       0 |    0 |     0 |      0 |      0 |    0 |            0 |
|   relulayer2       | reluActivationLayer__parameterized0 |         33 |         33 |       0 |    0 |     0 |      0 |      0 |    0 |            0 |
|   softmax          |                  softmaxArgmaxLayer |         17 |         17 |       0 |    0 |     6 |      0 |      0 |    0 |            0 |
+--------------------+-------------------------------------+------------+------------+---------+------+-------+--------+--------+------+--------------+
* Note: The sum of lower-level cells may be larger than their parent cells total, due to cross-hierarchy LUT combining


