Copyright 1986-2019 Xilinx, Inc. All Rights Reserved.
--------------------------------------------------------------------------------------------------------------------
| Tool Version : Vivado v.2019.1 (lin64) Build 2552052 Fri May 24 14:47:09 MDT 2019
| Date         : Tue Nov 25 13:07:29 2025
| Host         : hvm1 running 64-bit Ubuntu 22.04.5 LTS
| Command      : report_utilization -hierarchical -hierarchical_depth 1 -file reports/10_4_Argmax_varpipes_hier.rpt
| Design       : waiz_benchmark
| Device       : xcvu13pfhga2104-3
| Design State : Routed
--------------------------------------------------------------------------------------------------------------------

Utilization Design Information

Table of Contents
-----------------
1. Utilization by Hierarchy

1. Utilization by Hierarchy
---------------------------

+--------------------+---------------------------------------+------------+------------+---------+------+-------+--------+--------+------+--------------+
|      Instance      |                 Module                | Total LUTs | Logic LUTs | LUTRAMs | SRLs |  FFs  | RAMB36 | RAMB18 | URAM | DSP48 Blocks |
+--------------------+---------------------------------------+------------+------------+---------+------+-------+--------+--------+------+--------------+
| waiz_benchmark     |                                 (top) |      61453 |      61450 |       0 |    3 | 30501 |      0 |      0 |    0 |            0 |
|   (waiz_benchmark) |                                 (top) |        544 |        544 |       0 |    0 |     0 |      0 |      0 |    0 |            0 |
|   denselayer1      |                            denseLayer |      25612 |      25612 |       0 |    0 |  6347 |      0 |      0 |    0 |            0 |
|   denselayer2      |            denseLayer__parameterized0 |      22026 |      22025 |       0 |    1 | 13075 |      0 |      0 |    0 |            0 |
|   denselayer3      |            denseLayer__parameterized1 |      10175 |      10174 |       0 |    1 |  9383 |      0 |      0 |    0 |            0 |
|   denselayer4      |            denseLayer__parameterized2 |       1407 |       1406 |       0 |    1 |  1690 |      0 |      0 |    0 |            0 |
|   relulayer1       |                   reluActivationLayer |       5767 |       5767 |       0 |    0 |     0 |      0 |      0 |    0 |            0 |
|   relulayer2       |   reluActivationLayer__parameterized0 |       5570 |       5570 |       0 |    0 |     0 |      0 |      0 |    0 |            0 |
|   relulayer3       | reluActivationLayer__parameterized0_0 |        850 |        850 |       0 |    0 |     0 |      0 |      0 |    0 |            0 |
|   softmax          |                    softmaxArgmaxLayer |          2 |          2 |       0 |    0 |     6 |      0 |      0 |    0 |            0 |
+--------------------+---------------------------------------+------------+------------+---------+------+-------+--------+--------+------+--------------+
* Note: The sum of lower-level cells may be larger than their parent cells total, due to cross-hierarchy LUT combining


