Copyright 1986-2019 Xilinx, Inc. All Rights Reserved.
----------------------------------------------------------------------------------------------------------
| Tool Version : Vivado v.2019.1 (lin64) Build 2552052 Fri May 24 14:47:09 MDT 2019
| Date         : Sat Nov  8 22:02:31 2025
| Host         : hvm1 running 64-bit Ubuntu 22.04.5 LTS
| Command      : report_utilization -hierarchical -hierarchical_depth 1 -file reports/10_4_SA3_2_hier.rpt
| Design       : waiz_benchmark
| Device       : xcvu13pfhga2104-3
| Design State : Routed
----------------------------------------------------------------------------------------------------------

Utilization Design Information

Table of Contents
-----------------
1. Utilization by Hierarchy

1. Utilization by Hierarchy
---------------------------

+--------------------+---------------------------------------+------------+------------+---------+------+-------+--------+--------+------+--------------+
|      Instance      |                 Module                | Total LUTs | Logic LUTs | LUTRAMs | SRLs |  FFs  | RAMB36 | RAMB18 | URAM | DSP48 Blocks |
+--------------------+---------------------------------------+------------+------------+---------+------+-------+--------+--------+------+--------------+
| waiz_benchmark     |                                 (top) |      58580 |      58580 |       0 |    0 | 36582 |      0 |      0 |    0 |            5 |
|   (waiz_benchmark) |                                 (top) |          0 |          0 |       0 |    0 |     0 |      0 |      0 |    0 |            0 |
|   denselayer1      |                            denseLayer |      23728 |      23728 |       0 |    0 |  9553 |      0 |      0 |    0 |            0 |
|   denselayer2      |            denseLayer__parameterized0 |      21757 |      21757 |       0 |    0 | 14704 |      0 |      0 |    0 |            0 |
|   denselayer3      |            denseLayer__parameterized1 |       9193 |       9193 |       0 |    0 | 10389 |      0 |      0 |    0 |            0 |
|   denselayer4      |            denseLayer__parameterized2 |       1388 |       1388 |       0 |    0 |  1868 |      0 |      0 |    0 |            0 |
|   relulayer1       |                   reluActivationLayer |       4311 |       4311 |       0 |    0 |     0 |      0 |      0 |    0 |            0 |
|   relulayer2       |   reluActivationLayer__parameterized0 |       3250 |       3250 |       0 |    0 |     0 |      0 |      0 |    0 |            0 |
|   relulayer3       | reluActivationLayer__parameterized0_0 |        582 |        582 |       0 |    0 |     0 |      0 |      0 |    0 |            0 |
|   softmax          |                          softmaxLayer |        989 |        989 |       0 |    0 |    68 |      0 |      0 |    0 |            5 |
+--------------------+---------------------------------------+------------+------------+---------+------+-------+--------+--------+------+--------------+
* Note: The sum of lower-level cells may be larger than their parent cells total, due to cross-hierarchy LUT combining


