Copyright 1986-2019 Xilinx, Inc. All Rights Reserved.
-------------------------------------------------------------------------------------------
| Tool Version      : Vivado v.2019.1 (lin64) Build 2552052 Fri May 24 14:47:09 MDT 2019
| Date              : Mon Dec 22 19:15:24 2025
| Host              : hvm1 running 64-bit Ubuntu 22.04.5 LTS
| Command           : report_timing_summary -file ../reports/10_4_expPipeNegmax_timing.rpt
| Design            : waiz_benchmark
| Device            : xcvu13p-fhga2104
| Speed File        : -3  PRODUCTION 1.23 03-18-2019
| Temperature Grade : E
-------------------------------------------------------------------------------------------

Timing Summary Report

------------------------------------------------------------------------------------------------
| Timer Settings
| --------------
------------------------------------------------------------------------------------------------

  Enable Multi Corner Analysis               :  Yes
  Enable Pessimism Removal                   :  Yes
  Pessimism Removal Resolution               :  Nearest Common Node
  Enable Input Delay Default Clock           :  No
  Enable Preset / Clear Arcs                 :  No
  Disable Flight Delays                      :  No
  Ignore I/O Paths                           :  No
  Timing Early Launch at Borrowing Latches   :  No
  Borrow Time for Max Delay Exceptions       :  Yes

  Corner  Analyze    Analyze    
  Name    Max Paths  Min Paths  
  ------  ---------  ---------  
  Slow    Yes        Yes        
  Fast    Yes        Yes        



check_timing report

Table of Contents
-----------------
1. checking no_clock
2. checking constant_clock
3. checking pulse_width_clock
4. checking unconstrained_internal_endpoints
5. checking no_input_delay
6. checking no_output_delay
7. checking multiple_clock
8. checking generated_clocks
9. checking loops
10. checking partial_input_delay
11. checking partial_output_delay
12. checking latch_loops

1. checking no_clock
--------------------
 There are 0 register/latch pins with no clock.


2. checking constant_clock
--------------------------
 There are 0 register/latch pins with constant_clock.


3. checking pulse_width_clock
-----------------------------
 There are 0 register/latch pins which need pulse_width check


4. checking unconstrained_internal_endpoints
--------------------------------------------
 There are 0 pins that are not constrained for maximum delay.

 There are 0 pins that are not constrained for maximum delay due to constant clock.


5. checking no_input_delay
--------------------------
 There are 162 input ports with no input delay specified. (HIGH)

 There are 0 input ports with no input delay but user has a false path constraint.


6. checking no_output_delay
---------------------------
 There are 41 ports with no output delay specified. (HIGH)

 There are 0 ports with no output delay but user has a false path constraint

 There are 0 ports with no output delay but with a timing clock defined on it or propagating through it


7. checking multiple_clock
--------------------------
 There are 0 register/latch pins with multiple clocks.


8. checking generated_clocks
----------------------------
 There are 0 generated clocks that are not connected to a clock source.


9. checking loops
-----------------
 There are 0 combinational loops in the design.


10. checking partial_input_delay
--------------------------------
 There are 0 input ports with partial input delay specified.


11. checking partial_output_delay
---------------------------------
 There are 0 ports with partial output delay specified.


12. checking latch_loops
------------------------
 There are 0 combinational latch loops in the design through latch input



------------------------------------------------------------------------------------------------
| Design Timing Summary
| ---------------------
------------------------------------------------------------------------------------------------

    WNS(ns)      TNS(ns)  TNS Failing Endpoints  TNS Total Endpoints      WHS(ns)      THS(ns)  THS Failing Endpoints  THS Total Endpoints     WPWS(ns)     TPWS(ns)  TPWS Failing Endpoints  TPWS Total Endpoints  
    -------      -------  ---------------------  -------------------      -------      -------  ---------------------  -------------------     --------     --------  ----------------------  --------------------  
      0.362        0.000                      0                16671        0.061        0.000                      0                16671        2.005        0.000                       0                 21142  


All user specified timing constraints are met.


------------------------------------------------------------------------------------------------
| Clock Summary
| -------------
------------------------------------------------------------------------------------------------

Clock   Waveform(ns)         Period(ns)      Frequency(MHz)
-----   ------------         ----------      --------------
ap_clk  {0.000 2.500}        5.000           200.000         


------------------------------------------------------------------------------------------------
| Intra Clock Table
| -----------------
------------------------------------------------------------------------------------------------

Clock             WNS(ns)      TNS(ns)  TNS Failing Endpoints  TNS Total Endpoints      WHS(ns)      THS(ns)  THS Failing Endpoints  THS Total Endpoints     WPWS(ns)     TPWS(ns)  TPWS Failing Endpoints  TPWS Total Endpoints  
-----             -------      -------  ---------------------  -------------------      -------      -------  ---------------------  -------------------     --------     --------  ----------------------  --------------------  
ap_clk              0.362        0.000                      0                16671        0.061        0.000                      0                16671        2.005        0.000                       0                 21142  


------------------------------------------------------------------------------------------------
| Inter Clock Table
| -----------------
------------------------------------------------------------------------------------------------

From Clock    To Clock          WNS(ns)      TNS(ns)  TNS Failing Endpoints  TNS Total Endpoints      WHS(ns)      THS(ns)  THS Failing Endpoints  THS Total Endpoints  
----------    --------          -------      -------  ---------------------  -------------------      -------      -------  ---------------------  -------------------  


------------------------------------------------------------------------------------------------
| Other Path Groups Table
| -----------------------
------------------------------------------------------------------------------------------------

Path Group    From Clock    To Clock          WNS(ns)      TNS(ns)  TNS Failing Endpoints  TNS Total Endpoints      WHS(ns)      THS(ns)  THS Failing Endpoints  THS Total Endpoints  
----------    ----------    --------          -------      -------  ---------------------  -------------------      -------      -------  ---------------------  -------------------  


------------------------------------------------------------------------------------------------
| Timing Details
| --------------
------------------------------------------------------------------------------------------------


---------------------------------------------------------------------------------------------------
From Clock:  ap_clk
  To Clock:  ap_clk

Setup :            0  Failing Endpoints,  Worst Slack        0.362ns,  Total Violation        0.000ns
Hold  :            0  Failing Endpoints,  Worst Slack        0.061ns,  Total Violation        0.000ns
PW    :            0  Failing Endpoints,  Worst Slack        2.005ns,  Total Violation        0.000ns
---------------------------------------------------------------------------------------------------


Max Delay Paths
--------------------------------------------------------------------------------------
Slack (MET) :             0.362ns  (required time - arrival time)
  Source:                 denselayer2/INPUT_SIZE_rows[23].OUTPUT_SIZE_cols[0].sa/data_out_reg[7]/C
                            (rising edge-triggered cell FDRE clocked by ap_clk  {rise@0.000ns fall@2.500ns period=5.000ns})
  Destination:            denselayer2/sum_all/col_trees[18].column_tree/genblk2[0].genblk1[1].tree_reg[1][8]_rep__0/D
                            (rising edge-triggered cell FDRE clocked by ap_clk  {rise@0.000ns fall@2.500ns period=5.000ns})
  Path Group:             ap_clk
  Path Type:              Setup (Max at Slow Process Corner)
  Requirement:            5.000ns  (ap_clk rise@5.000ns - ap_clk rise@0.000ns)
  Data Path Delay:        4.316ns  (logic 0.888ns (20.575%)  route 3.428ns (79.425%))
  Logic Levels:           10  (CARRY8=5 LUT3=3 LUT4=1 LUT5=1)
  Clock Path Skew:        -0.310ns (DCD - SCD + CPR)
    Destination Clock Delay (DCD):    2.448ns = ( 7.448 - 5.000 ) 
    Source Clock Delay      (SCD):    3.137ns
    Clock Pessimism Removal (CPR):    0.379ns
  Clock Uncertainty:      0.035ns  ((TSJ^2 + TIJ^2)^1/2 + DJ) / 2 + PE
    Total System Jitter     (TSJ):    0.071ns
    Total Input Jitter      (TIJ):    0.000ns
    Discrete Jitter          (DJ):    0.000ns
    Phase Error              (PE):    0.000ns
  Clock Net Delay (Source):      2.261ns (routing 1.055ns, distribution 1.206ns)
  Clock Net Delay (Destination): 1.815ns (routing 0.956ns, distribution 0.859ns)

    Location             Delay type                Incr(ns)  Path(ns)    Netlist Resource(s)
  -------------------------------------------------------------------    -------------------
                         (clock ap_clk rise edge)     0.000     0.000 r  
    AP13                                              0.000     0.000 r  clk (IN)
                         net (fo=0)                   0.000     0.000    clk_IBUF_inst/I
    AP13                 INBUF (Prop_INBUF_HPIOB_M_PAD_O)
                                                      0.534     0.534 r  clk_IBUF_inst/INBUF_INST/O
                         net (fo=1, routed)           0.000     0.534    clk_IBUF_inst/OUT
    AP13                 IBUFCTRL (Prop_IBUFCTRL_HPIOB_M_I_O)
                                                      0.000     0.534 r  clk_IBUF_inst/IBUFCTRL_INST/O
                         net (fo=1, routed)           0.314     0.848    clk_IBUF
    BUFGCE_X0Y170        BUFGCE (Prop_BUFCE_BUFGCE_I_O)
                                                      0.028     0.876 r  clk_IBUF_BUFG_inst/O
    X3Y5 (CLOCK_ROOT)    net (fo=21166, routed)       2.261     3.137    denselayer2/INPUT_SIZE_rows[23].OUTPUT_SIZE_cols[0].sa/clk_IBUF_BUFG
    SLICE_X155Y366       FDRE                                         r  denselayer2/INPUT_SIZE_rows[23].OUTPUT_SIZE_cols[0].sa/data_out_reg[7]/C
  -------------------------------------------------------------------    -------------------
    SLICE_X155Y366       FDRE (Prop_CFF2_SLICEL_C_Q)
                                                      0.069     3.206 r  denselayer2/INPUT_SIZE_rows[23].OUTPUT_SIZE_cols[0].sa/data_out_reg[7]/Q
                         net (fo=18, routed)          0.474     3.680    denselayer2/sum_all/col_trees[18].column_tree/p_1280_out[1]
    SLICE_X152Y378       LUT4 (Prop_B6LUT_SLICEM_I2_O)
                                                      0.081     3.761 r  denselayer2/sum_all/col_trees[18].column_tree/genblk2[0].genblk1[1].tree[1][9]_i_434/O
                         net (fo=1, routed)           0.020     3.781    denselayer2/sum_all/col_trees[18].column_tree/genblk2[0].genblk1[1].tree[1][9]_i_434_n_0
    SLICE_X152Y378       CARRY8 (Prop_CARRY8_SLICEM_S[1]_O[1])
                                                      0.049     3.830 r  denselayer2/sum_all/col_trees[18].column_tree/genblk2[0].genblk1[1].tree_reg[1][9]_i_270/O[1]
                         net (fo=3, routed)           0.464     4.294    denselayer2/sum_all/col_trees[18].column_tree/genblk2[0].genblk1[1].tree_reg[1][9]_i_270_n_14
    SLICE_X156Y386       LUT3 (Prop_D6LUT_SLICEM_I2_O)
                                                      0.133     4.427 r  denselayer2/sum_all/col_trees[18].column_tree/genblk2[0].genblk1[1].tree[1][9]_i_205__7/O
                         net (fo=1, routed)           0.207     4.634    denselayer2/sum_all/col_trees[18].column_tree/genblk2[0].genblk1[1].tree[1][9]_i_205__7_n_0
    SLICE_X156Y385       CARRY8 (Prop_CARRY8_SLICEM_DI[2]_O[3])
                                                      0.081     4.715 r  denselayer2/sum_all/col_trees[18].column_tree/genblk2[0].genblk1[1].tree_reg[1][9]_i_81/O[3]
                         net (fo=3, routed)           0.679     5.394    denselayer2/sum_all/col_trees[18].column_tree/genblk2[0].genblk1[1].tree_reg[1][9]_i_81_n_12
    SLICE_X128Y381       LUT3 (Prop_H6LUT_SLICEM_I1_O)
                                                      0.138     5.532 r  denselayer2/sum_all/col_trees[18].column_tree/genblk2[0].genblk1[1].tree[1][9]_i_50__22/O
                         net (fo=1, routed)           0.182     5.714    denselayer2/sum_all/col_trees[18].column_tree/genblk2[0].genblk1[1].tree[1][9]_i_50__22_n_0
    SLICE_X128Y382       CARRY8 (Prop_CARRY8_SLICEM_DI[4]_O[6])
                                                      0.102     5.816 r  denselayer2/sum_all/col_trees[18].column_tree/genblk2[0].genblk1[1].tree_reg[1][9]_i_8/O[6]
                         net (fo=3, routed)           0.130     5.946    denselayer2/sum_all/col_trees[18].column_tree/genblk2[0].genblk1[1].tree_reg[1][9]_i_8_n_9
    SLICE_X127Y382       LUT3 (Prop_C6LUT_SLICEL_I1_O)
                                                      0.047     5.993 r  denselayer2/sum_all/col_trees[18].column_tree/genblk2[0].genblk1[1].tree[1][7]_i_18__84/O
                         net (fo=3, routed)           0.317     6.310    denselayer2/sum_all/col_trees[18].column_tree/genblk2[0].genblk1[1].tree[1][7]_i_18__84_n_0
    SLICE_X126Y382       LUT5 (Prop_H6LUT_SLICEM_I1_O)
                                                      0.082     6.392 r  denselayer2/sum_all/col_trees[18].column_tree/genblk2[0].genblk1[1].tree[1][7]_i_2__84/O
                         net (fo=1, routed)           0.166     6.558    denselayer2/sum_all/col_trees[18].column_tree/genblk2[0].genblk1[1].tree[1][7]_i_2__84_n_0
    SLICE_X123Y382       CARRY8 (Prop_CARRY8_SLICEL_DI[7]_CO[7])
                                                      0.044     6.602 r  denselayer2/sum_all/col_trees[18].column_tree/genblk2[0].genblk1[1].tree_reg[1][7]_i_1/CO[7]
                         net (fo=1, routed)           0.023     6.625    denselayer2/sum_all/col_trees[18].column_tree/genblk2[0].genblk1[1].tree_reg[1][7]_i_1_n_0
    SLICE_X123Y383       CARRY8 (Prop_CARRY8_SLICEL_CI_O[0])
                                                      0.062     6.687 r  denselayer2/sum_all/col_trees[18].column_tree/genblk2[0].genblk1[1].tree_reg[1][9]_i_1/O[0]
                         net (fo=4, routed)           0.766     7.453    denselayer2/sum_all/col_trees[18].column_tree/p_0_in[8]
    SLICE_X116Y383       FDRE                                         r  denselayer2/sum_all/col_trees[18].column_tree/genblk2[0].genblk1[1].tree_reg[1][8]_rep__0/D
  -------------------------------------------------------------------    -------------------

                         (clock ap_clk rise edge)     5.000     5.000 r  
    AP13                                              0.000     5.000 r  clk (IN)
                         net (fo=0)                   0.000     5.000    clk_IBUF_inst/I
    AP13                 INBUF (Prop_INBUF_HPIOB_M_PAD_O)
                                                      0.330     5.330 r  clk_IBUF_inst/INBUF_INST/O
                         net (fo=1, routed)           0.000     5.330    clk_IBUF_inst/OUT
    AP13                 IBUFCTRL (Prop_IBUFCTRL_HPIOB_M_I_O)
                                                      0.000     5.330 r  clk_IBUF_inst/IBUFCTRL_INST/O
                         net (fo=1, routed)           0.279     5.609    clk_IBUF
    BUFGCE_X0Y170        BUFGCE (Prop_BUFCE_BUFGCE_I_O)
                                                      0.024     5.633 r  clk_IBUF_BUFG_inst/O
    X3Y5 (CLOCK_ROOT)    net (fo=21166, routed)       1.815     7.448    denselayer2/sum_all/col_trees[18].column_tree/clk_IBUF_BUFG
    SLICE_X116Y383       FDRE                                         r  denselayer2/sum_all/col_trees[18].column_tree/genblk2[0].genblk1[1].tree_reg[1][8]_rep__0/C
                         clock pessimism              0.379     7.827    
                         clock uncertainty           -0.035     7.791    
    SLICE_X116Y383       FDRE (Setup_EFF_SLICEL_C_D)
                                                      0.023     7.814    denselayer2/sum_all/col_trees[18].column_tree/genblk2[0].genblk1[1].tree_reg[1][8]_rep__0
  -------------------------------------------------------------------
                         required time                          7.814    
                         arrival time                          -7.453    
  -------------------------------------------------------------------
                         slack                                  0.362    





Min Delay Paths
--------------------------------------------------------------------------------------
Slack (MET) :             0.061ns  (arrival time - required time)
  Source:                 denselayer3/ready_buffer_reg[0]/C
                            (rising edge-triggered cell FDCE clocked by ap_clk  {rise@0.000ns fall@2.500ns period=5.000ns})
  Destination:            denselayer4/ready_buffer_reg[1]/D
                            (rising edge-triggered cell FDCE clocked by ap_clk  {rise@0.000ns fall@2.500ns period=5.000ns})
  Path Group:             ap_clk
  Path Type:              Hold (Min at Fast Process Corner)
  Requirement:            0.000ns  (ap_clk rise@0.000ns - ap_clk rise@0.000ns)
  Data Path Delay:        0.114ns  (logic 0.039ns (34.211%)  route 0.075ns (65.789%))
  Logic Levels:           0  
  Clock Path Skew:        0.006ns (DCD - SCD - CPR)
    Destination Clock Delay (DCD):    2.078ns
    Source Clock Delay      (SCD):    1.693ns
    Clock Pessimism Removal (CPR):    0.379ns
  Clock Net Delay (Source):      1.298ns (routing 0.639ns, distribution 0.659ns)
  Clock Net Delay (Destination): 1.458ns (routing 0.713ns, distribution 0.745ns)

    Location             Delay type                Incr(ns)  Path(ns)    Netlist Resource(s)
  -------------------------------------------------------------------    -------------------
                         (clock ap_clk rise edge)     0.000     0.000 r  
    AP13                                              0.000     0.000 r  clk (IN)
                         net (fo=0)                   0.000     0.000    clk_IBUF_inst/I
    AP13                 INBUF (Prop_INBUF_HPIOB_M_PAD_O)
                                                      0.234     0.234 r  clk_IBUF_inst/INBUF_INST/O
                         net (fo=1, routed)           0.000     0.234    clk_IBUF_inst/OUT
    AP13                 IBUFCTRL (Prop_IBUFCTRL_HPIOB_M_I_O)
                                                      0.000     0.234 r  clk_IBUF_inst/IBUFCTRL_INST/O
                         net (fo=1, routed)           0.144     0.378    clk_IBUF
    BUFGCE_X0Y170        BUFGCE (Prop_BUFCE_BUFGCE_I_O)
                                                      0.017     0.395 r  clk_IBUF_BUFG_inst/O
    X3Y5 (CLOCK_ROOT)    net (fo=21166, routed)       1.298     1.693    denselayer3/clk_IBUF_BUFG
    SLICE_X117Y367       FDCE                                         r  denselayer3/ready_buffer_reg[0]/C
  -------------------------------------------------------------------    -------------------
    SLICE_X117Y367       FDCE (Prop_FFF_SLICEL_C_Q)
                                                      0.039     1.732 r  denselayer3/ready_buffer_reg[0]/Q
                         net (fo=1, routed)           0.075     1.807    denselayer4/ready_buffer_reg[1]_0[0]
    SLICE_X117Y367       FDCE                                         r  denselayer4/ready_buffer_reg[1]/D
  -------------------------------------------------------------------    -------------------

                         (clock ap_clk rise edge)     0.000     0.000 r  
    AP13                                              0.000     0.000 r  clk (IN)
                         net (fo=0)                   0.000     0.000    clk_IBUF_inst/I
    AP13                 INBUF (Prop_INBUF_HPIOB_M_PAD_O)
                                                      0.420     0.420 r  clk_IBUF_inst/INBUF_INST/O
                         net (fo=1, routed)           0.000     0.420    clk_IBUF_inst/OUT
    AP13                 IBUFCTRL (Prop_IBUFCTRL_HPIOB_M_I_O)
                                                      0.000     0.420 r  clk_IBUF_inst/IBUFCTRL_INST/O
                         net (fo=1, routed)           0.181     0.601    clk_IBUF
    BUFGCE_X0Y170        BUFGCE (Prop_BUFCE_BUFGCE_I_O)
                                                      0.019     0.620 r  clk_IBUF_BUFG_inst/O
    X3Y5 (CLOCK_ROOT)    net (fo=21166, routed)       1.458     2.078    denselayer4/clk_IBUF_BUFG
    SLICE_X117Y367       FDCE                                         r  denselayer4/ready_buffer_reg[1]/C
                         clock pessimism             -0.379     1.699    
    SLICE_X117Y367       FDCE (Hold_GFF2_SLICEL_C_D)
                                                      0.047     1.746    denselayer4/ready_buffer_reg[1]
  -------------------------------------------------------------------
                         required time                         -1.746    
                         arrival time                           1.807    
  -------------------------------------------------------------------
                         slack                                  0.061    





Pulse Width Checks
--------------------------------------------------------------------------------------
Clock Name:         ap_clk
Waveform(ns):       { 0.000 2.500 }
Period(ns):         5.000
Sources:            { clk }

Check Type        Corner  Lib Pin             Reference Pin  Required(ns)  Actual(ns)  Slack(ns)  Location       Pin
Min Period        n/a     RAMB18E2/CLKARDCLK  n/a            1.212         5.000       3.788      RAMB18_X5Y164  expResult_reg[0]/CLKARDCLK
Low Pulse Width   Fast    RAMB18E2/CLKARDCLK  n/a            0.495         2.500       2.005      RAMB18_X5Y165  expResult_reg[2]/CLKARDCLK
High Pulse Width  Slow    RAMB18E2/CLKARDCLK  n/a            0.495         2.500       2.005      RAMB18_X5Y164  expResult_reg[0]/CLKARDCLK



