Copyright 1986-2019 Xilinx, Inc. All Rights Reserved.
----------------------------------------------------------------------------------------------------------------------------------
| Tool Version : Vivado v.2019.1 (lin64) Build 2552052 Fri May 24 14:47:09 MDT 2019
| Date         : Tue Dec  2 00:17:58 2025
| Host         : hvm1 running 64-bit Ubuntu 22.04.5 LTS
| Command      : report_utilization -hierarchical -hierarchical_depth 1 -file ../reports/13_5_Argmax_P1_PO0_SA2_MULTPIPE_hier.rpt
| Design       : waiz_benchmark
| Device       : xcvu13pfhga2104-3
| Design State : Routed
----------------------------------------------------------------------------------------------------------------------------------

Utilization Design Information

Table of Contents
-----------------
1. Utilization by Hierarchy

1. Utilization by Hierarchy
---------------------------

+--------------------+---------------------------------------+------------+------------+---------+------+-------+--------+--------+------+--------------+
|      Instance      |                 Module                | Total LUTs | Logic LUTs | LUTRAMs | SRLs |  FFs  | RAMB36 | RAMB18 | URAM | DSP48 Blocks |
+--------------------+---------------------------------------+------------+------------+---------+------+-------+--------+--------+------+--------------+
| waiz_benchmark     |                                 (top) |      64657 |      64657 |       0 |    0 | 31417 |      0 |      0 |    0 |         1729 |
|   (waiz_benchmark) |                                 (top) |          0 |          0 |       0 |    0 |     0 |      0 |      0 |    0 |            0 |
|   denselayer1      |                            denseLayer |      27184 |      27184 |       0 |    0 |  7084 |      0 |      0 |    0 |          508 |
|   denselayer2      |            denseLayer__parameterized0 |      24132 |      24132 |       0 |    0 | 15659 |      0 |      0 |    0 |          589 |
|   denselayer3      |            denseLayer__parameterized1 |      11505 |      11505 |       0 |    0 |  7335 |      0 |      0 |    0 |          543 |
|   denselayer4      |            denseLayer__parameterized2 |       1866 |       1866 |       0 |    0 |  1333 |      0 |      0 |    0 |           89 |
|   relulayer1       |                   reluActivationLayer |       1559 |       1559 |       0 |    0 |     0 |      0 |      0 |    0 |            0 |
|   relulayer2       |   reluActivationLayer__parameterized0 |        413 |        413 |       0 |    0 |     0 |      0 |      0 |    0 |            0 |
|   relulayer3       | reluActivationLayer__parameterized0_0 |        269 |        269 |       0 |    0 |     0 |      0 |      0 |    0 |            0 |
|   softmax          |                    softmaxArgmaxLayer |         15 |         15 |       0 |    0 |     6 |      0 |      0 |    0 |            0 |
+--------------------+---------------------------------------+------------+------------+---------+------+-------+--------+--------+------+--------------+
* Note: The sum of lower-level cells may be larger than their parent cells total, due to cross-hierarchy LUT combining


