Copyright 1986-2019 Xilinx, Inc. All Rights Reserved.
------------------------------------------------------------------------------------------
| Tool Version      : Vivado v.2019.1 (lin64) Build 2552052 Fri May 24 14:47:09 MDT 2019
| Date              : Tue Nov 25 13:35:10 2025
| Host              : hvm1 running 64-bit Ubuntu 22.04.5 LTS
| Command           : report_timing_summary -file reports/13_5_Argmax_varpipes_timing.rpt
| Design            : waiz_benchmark
| Device            : xcvu13p-fhga2104
| Speed File        : -3  PRODUCTION 1.23 03-18-2019
| Temperature Grade : E
------------------------------------------------------------------------------------------

Timing Summary Report

------------------------------------------------------------------------------------------------
| Timer Settings
| --------------
------------------------------------------------------------------------------------------------

  Enable Multi Corner Analysis               :  Yes
  Enable Pessimism Removal                   :  Yes
  Pessimism Removal Resolution               :  Nearest Common Node
  Enable Input Delay Default Clock           :  No
  Enable Preset / Clear Arcs                 :  No
  Disable Flight Delays                      :  No
  Ignore I/O Paths                           :  No
  Timing Early Launch at Borrowing Latches   :  No
  Borrow Time for Max Delay Exceptions       :  Yes

  Corner  Analyze    Analyze    
  Name    Max Paths  Min Paths  
  ------  ---------  ---------  
  Slow    Yes        Yes        
  Fast    Yes        Yes        



check_timing report

Table of Contents
-----------------
1. checking no_clock
2. checking constant_clock
3. checking pulse_width_clock
4. checking unconstrained_internal_endpoints
5. checking no_input_delay
6. checking no_output_delay
7. checking multiple_clock
8. checking generated_clocks
9. checking loops
10. checking partial_input_delay
11. checking partial_output_delay
12. checking latch_loops

1. checking no_clock
--------------------
 There are 0 register/latch pins with no clock.


2. checking constant_clock
--------------------------
 There are 0 register/latch pins with constant_clock.


3. checking pulse_width_clock
-----------------------------
 There are 0 register/latch pins which need pulse_width check


4. checking unconstrained_internal_endpoints
--------------------------------------------
 There are 0 pins that are not constrained for maximum delay.

 There are 0 pins that are not constrained for maximum delay due to constant clock.


5. checking no_input_delay
--------------------------
 There are 210 input ports with no input delay specified. (HIGH)

 There are 0 input ports with no input delay but user has a false path constraint.


6. checking no_output_delay
---------------------------
 There are 6 ports with no output delay specified. (HIGH)

 There are 0 ports with no output delay but user has a false path constraint

 There are 0 ports with no output delay but with a timing clock defined on it or propagating through it


7. checking multiple_clock
--------------------------
 There are 0 register/latch pins with multiple clocks.


8. checking generated_clocks
----------------------------
 There are 0 generated clocks that are not connected to a clock source.


9. checking loops
-----------------
 There are 0 combinational loops in the design.


10. checking partial_input_delay
--------------------------------
 There are 0 input ports with partial input delay specified.


11. checking partial_output_delay
---------------------------------
 There are 0 ports with partial output delay specified.


12. checking latch_loops
------------------------
 There are 0 combinational latch loops in the design through latch input



------------------------------------------------------------------------------------------------
| Design Timing Summary
| ---------------------
------------------------------------------------------------------------------------------------

    WNS(ns)      TNS(ns)  TNS Failing Endpoints  TNS Total Endpoints      WHS(ns)      THS(ns)  THS Failing Endpoints  THS Total Endpoints     WPWS(ns)     TPWS(ns)  TPWS Failing Endpoints  TPWS Total Endpoints  
    -------      -------  ---------------------  -------------------      -------      -------  ---------------------  -------------------     --------     --------  ----------------------  --------------------  
      0.743        0.000                      0                62648        0.006        0.000                      0                62648        2.032        0.000                       0                 38155  


All user specified timing constraints are met.


------------------------------------------------------------------------------------------------
| Clock Summary
| -------------
------------------------------------------------------------------------------------------------

Clock   Waveform(ns)         Period(ns)      Frequency(MHz)
-----   ------------         ----------      --------------
ap_clk  {0.000 2.500}        5.000           200.000         


------------------------------------------------------------------------------------------------
| Intra Clock Table
| -----------------
------------------------------------------------------------------------------------------------

Clock             WNS(ns)      TNS(ns)  TNS Failing Endpoints  TNS Total Endpoints      WHS(ns)      THS(ns)  THS Failing Endpoints  THS Total Endpoints     WPWS(ns)     TPWS(ns)  TPWS Failing Endpoints  TPWS Total Endpoints  
-----             -------      -------  ---------------------  -------------------      -------      -------  ---------------------  -------------------     --------     --------  ----------------------  --------------------  
ap_clk              0.743        0.000                      0                62648        0.006        0.000                      0                62648        2.032        0.000                       0                 38155  


------------------------------------------------------------------------------------------------
| Inter Clock Table
| -----------------
------------------------------------------------------------------------------------------------

From Clock    To Clock          WNS(ns)      TNS(ns)  TNS Failing Endpoints  TNS Total Endpoints      WHS(ns)      THS(ns)  THS Failing Endpoints  THS Total Endpoints  
----------    --------          -------      -------  ---------------------  -------------------      -------      -------  ---------------------  -------------------  


------------------------------------------------------------------------------------------------
| Other Path Groups Table
| -----------------------
------------------------------------------------------------------------------------------------

Path Group    From Clock    To Clock          WNS(ns)      TNS(ns)  TNS Failing Endpoints  TNS Total Endpoints      WHS(ns)      THS(ns)  THS Failing Endpoints  THS Total Endpoints  
----------    ----------    --------          -------      -------  ---------------------  -------------------      -------      -------  ---------------------  -------------------  


------------------------------------------------------------------------------------------------
| Timing Details
| --------------
------------------------------------------------------------------------------------------------


---------------------------------------------------------------------------------------------------
From Clock:  ap_clk
  To Clock:  ap_clk

Setup :            0  Failing Endpoints,  Worst Slack        0.743ns,  Total Violation        0.000ns
Hold  :            0  Failing Endpoints,  Worst Slack        0.006ns,  Total Violation        0.000ns
PW    :            0  Failing Endpoints,  Worst Slack        2.032ns,  Total Violation        0.000ns
---------------------------------------------------------------------------------------------------


Max Delay Paths
--------------------------------------------------------------------------------------
Slack (MET) :             0.743ns  (required time - arrival time)
  Source:                 denselayer1/output_data_reg[2][12]/C
                            (rising edge-triggered cell FDRE clocked by ap_clk  {rise@0.000ns fall@2.500ns period=5.000ns})
  Destination:            denselayer2/INPUT_SIZE_rows[2].OUTPUT_SIZE_cols[29].sa/data_out_reg/DSP_OUTPUT_INST/ALU_OUT[10]
                            (rising edge-triggered cell DSP_OUTPUT clocked by ap_clk  {rise@0.000ns fall@2.500ns period=5.000ns})
  Path Group:             ap_clk
  Path Type:              Setup (Max at Slow Process Corner)
  Requirement:            5.000ns  (ap_clk rise@5.000ns - ap_clk rise@0.000ns)
  Data Path Delay:        3.960ns  (logic 1.264ns (31.919%)  route 2.696ns (68.081%))
  Logic Levels:           6  (DSP_A_B_DATA=1 DSP_ALU=1 DSP_M_DATA=1 DSP_MULTIPLIER=1 DSP_PREADD_DATA=1 LUT2=1)
  Clock Path Skew:        -0.278ns (DCD - SCD + CPR)
    Destination Clock Delay (DCD):    2.244ns = ( 7.244 - 5.000 ) 
    Source Clock Delay      (SCD):    2.873ns
    Clock Pessimism Removal (CPR):    0.351ns
  Clock Uncertainty:      0.035ns  ((TSJ^2 + TIJ^2)^1/2 + DJ) / 2 + PE
    Total System Jitter     (TSJ):    0.071ns
    Total Input Jitter      (TIJ):    0.000ns
    Discrete Jitter          (DJ):    0.000ns
    Phase Error              (PE):    0.000ns
  Clock Net Delay (Source):      2.039ns (routing 0.771ns, distribution 1.268ns)
  Clock Net Delay (Destination): 1.653ns (routing 0.705ns, distribution 0.948ns)

    Location             Delay type                Incr(ns)  Path(ns)    Netlist Resource(s)
  -------------------------------------------------------------------    -------------------
                         (clock ap_clk rise edge)     0.000     0.000 r  
    AV19                                              0.000     0.000 r  clk (IN)
                         net (fo=0)                   0.000     0.000    clk_IBUF_inst/I
    AV19                 INBUF (Prop_INBUF_HPIOB_M_PAD_O)
                                                      0.481     0.481 r  clk_IBUF_inst/INBUF_INST/O
                         net (fo=1, routed)           0.000     0.481    clk_IBUF_inst/OUT
    AV19                 IBUFCTRL (Prop_IBUFCTRL_HPIOB_M_I_O)
                                                      0.000     0.481 r  clk_IBUF_inst/IBUFCTRL_INST/O
                         net (fo=1, routed)           0.325     0.806    clk_IBUF
    BUFGCE_X0Y122        BUFGCE (Prop_BUFCE_BUFGCE_I_O)
                                                      0.028     0.834 r  clk_IBUF_BUFG_inst/O
    X2Y5 (CLOCK_ROOT)    net (fo=42609, routed)       2.039     2.873    denselayer1/clk_IBUF_BUFG
    SLICE_X155Y323       FDRE                                         r  denselayer1/output_data_reg[2][12]/C
  -------------------------------------------------------------------    -------------------
    SLICE_X155Y323       FDRE (Prop_AFF_SLICEL_C_Q)
                                                      0.069     2.942 r  denselayer1/output_data_reg[2][12]/Q
                         net (fo=86, routed)          1.064     4.006    relulayer1/data_out_reg[8]_1[12]
    SLICE_X142Y346       LUT2 (Prop_B5LUT_SLICEM_I1_O)
                                                      0.091     4.097 f  relulayer1/data_out_reg_i_5__1/O
                         net (fo=134, routed)         1.632     5.729    denselayer2/INPUT_SIZE_rows[2].OUTPUT_SIZE_cols[29].sa/data_out_reg/A[7]
    DSP48E2_X15Y143      DSP_A_B_DATA (Prop_DSP_A_B_DATA_DSP48E2_A[7]_A2_DATA[7])
                                                      0.155     5.884 r  denselayer2/INPUT_SIZE_rows[2].OUTPUT_SIZE_cols[29].sa/data_out_reg/DSP_A_B_DATA_INST/A2_DATA[7]
                         net (fo=1, routed)           0.000     5.884    denselayer2/INPUT_SIZE_rows[2].OUTPUT_SIZE_cols[29].sa/data_out_reg/DSP_A_B_DATA.A2_DATA<7>
    DSP48E2_X15Y143      DSP_PREADD_DATA (Prop_DSP_PREADD_DATA_DSP48E2_A2_DATA[7]_A2A1[7])
                                                      0.060     5.944 r  denselayer2/INPUT_SIZE_rows[2].OUTPUT_SIZE_cols[29].sa/data_out_reg/DSP_PREADD_DATA_INST/A2A1[7]
                         net (fo=1, routed)           0.000     5.944    denselayer2/INPUT_SIZE_rows[2].OUTPUT_SIZE_cols[29].sa/data_out_reg/DSP_PREADD_DATA.A2A1<7>
    DSP48E2_X15Y143      DSP_MULTIPLIER (Prop_DSP_MULTIPLIER_DSP48E2_A2A1[7]_U[10])
                                                      0.403     6.347 f  denselayer2/INPUT_SIZE_rows[2].OUTPUT_SIZE_cols[29].sa/data_out_reg/DSP_MULTIPLIER_INST/U[10]
                         net (fo=1, routed)           0.000     6.347    denselayer2/INPUT_SIZE_rows[2].OUTPUT_SIZE_cols[29].sa/data_out_reg/DSP_MULTIPLIER.U<10>
    DSP48E2_X15Y143      DSP_M_DATA (Prop_DSP_M_DATA_DSP48E2_U[10]_U_DATA[10])
                                                      0.035     6.382 r  denselayer2/INPUT_SIZE_rows[2].OUTPUT_SIZE_cols[29].sa/data_out_reg/DSP_M_DATA_INST/U_DATA[10]
                         net (fo=1, routed)           0.000     6.382    denselayer2/INPUT_SIZE_rows[2].OUTPUT_SIZE_cols[29].sa/data_out_reg/DSP_M_DATA.U_DATA<10>
    DSP48E2_X15Y143      DSP_ALU (Prop_DSP_ALU_DSP48E2_U_DATA[10]_ALU_OUT[10])
                                                      0.451     6.833 r  denselayer2/INPUT_SIZE_rows[2].OUTPUT_SIZE_cols[29].sa/data_out_reg/DSP_ALU_INST/ALU_OUT[10]
                         net (fo=1, routed)           0.000     6.833    denselayer2/INPUT_SIZE_rows[2].OUTPUT_SIZE_cols[29].sa/data_out_reg/DSP_ALU.ALU_OUT<10>
    DSP48E2_X15Y143      DSP_OUTPUT                                   r  denselayer2/INPUT_SIZE_rows[2].OUTPUT_SIZE_cols[29].sa/data_out_reg/DSP_OUTPUT_INST/ALU_OUT[10]
  -------------------------------------------------------------------    -------------------

                         (clock ap_clk rise edge)     5.000     5.000 r  
    AV19                                              0.000     5.000 r  clk (IN)
                         net (fo=0)                   0.000     5.000    clk_IBUF_inst/I
    AV19                 INBUF (Prop_INBUF_HPIOB_M_PAD_O)
                                                      0.278     5.278 r  clk_IBUF_inst/INBUF_INST/O
                         net (fo=1, routed)           0.000     5.278    clk_IBUF_inst/OUT
    AV19                 IBUFCTRL (Prop_IBUFCTRL_HPIOB_M_I_O)
                                                      0.000     5.278 r  clk_IBUF_inst/IBUFCTRL_INST/O
                         net (fo=1, routed)           0.289     5.567    clk_IBUF
    BUFGCE_X0Y122        BUFGCE (Prop_BUFCE_BUFGCE_I_O)
                                                      0.024     5.591 r  clk_IBUF_BUFG_inst/O
    X2Y5 (CLOCK_ROOT)    net (fo=42609, routed)       1.653     7.244    denselayer2/INPUT_SIZE_rows[2].OUTPUT_SIZE_cols[29].sa/data_out_reg/CLK
    DSP48E2_X15Y143      DSP_OUTPUT                                   r  denselayer2/INPUT_SIZE_rows[2].OUTPUT_SIZE_cols[29].sa/data_out_reg/DSP_OUTPUT_INST/CLK
                         clock pessimism              0.351     7.595    
                         clock uncertainty           -0.035     7.560    
    DSP48E2_X15Y143      DSP_OUTPUT (Setup_DSP_OUTPUT_DSP48E2_CLK_ALU_OUT[10])
                                                      0.016     7.576    denselayer2/INPUT_SIZE_rows[2].OUTPUT_SIZE_cols[29].sa/data_out_reg/DSP_OUTPUT_INST
  -------------------------------------------------------------------
                         required time                          7.576    
                         arrival time                          -6.833    
  -------------------------------------------------------------------
                         slack                                  0.743    





Min Delay Paths
--------------------------------------------------------------------------------------
Slack (MET) :             0.006ns  (arrival time - required time)
  Source:                 denselayer2/INPUT_SIZE_rows[32].OUTPUT_SIZE_cols[5].sa/data_out_reg[11]/C
                            (rising edge-triggered cell FDRE clocked by ap_clk  {rise@0.000ns fall@2.500ns period=5.000ns})
  Destination:            denselayer2/sum_all/col_trees[5].column_tree/genblk2[2].genblk1[24].tree_reg[24][3]/D
                            (rising edge-triggered cell FDRE clocked by ap_clk  {rise@0.000ns fall@2.500ns period=5.000ns})
  Path Group:             ap_clk
  Path Type:              Hold (Min at Slow Process Corner)
  Requirement:            0.000ns  (ap_clk rise@0.000ns - ap_clk rise@0.000ns)
  Data Path Delay:        0.236ns  (logic 0.134ns (56.780%)  route 0.102ns (43.220%))
  Logic Levels:           2  (CARRY8=1 LUT6=1)
  Clock Path Skew:        0.185ns (DCD - SCD - CPR)
    Destination Clock Delay (DCD):    2.833ns
    Source Clock Delay      (SCD):    2.339ns
    Clock Pessimism Removal (CPR):    0.309ns
  Clock Net Delay (Source):      1.748ns (routing 0.705ns, distribution 1.043ns)
  Clock Net Delay (Destination): 1.999ns (routing 0.771ns, distribution 1.228ns)

    Location             Delay type                Incr(ns)  Path(ns)    Netlist Resource(s)
  -------------------------------------------------------------------    -------------------
                         (clock ap_clk rise edge)     0.000     0.000 r  
    AV19                                              0.000     0.000 r  clk (IN)
                         net (fo=0)                   0.000     0.000    clk_IBUF_inst/I
    AV19                 INBUF (Prop_INBUF_HPIOB_M_PAD_O)
                                                      0.278     0.278 r  clk_IBUF_inst/INBUF_INST/O
                         net (fo=1, routed)           0.000     0.278    clk_IBUF_inst/OUT
    AV19                 IBUFCTRL (Prop_IBUFCTRL_HPIOB_M_I_O)
                                                      0.000     0.278 r  clk_IBUF_inst/IBUFCTRL_INST/O
                         net (fo=1, routed)           0.289     0.567    clk_IBUF
    BUFGCE_X0Y122        BUFGCE (Prop_BUFCE_BUFGCE_I_O)
                                                      0.024     0.591 r  clk_IBUF_BUFG_inst/O
    X2Y5 (CLOCK_ROOT)    net (fo=42609, routed)       1.748     2.339    denselayer2/INPUT_SIZE_rows[32].OUTPUT_SIZE_cols[5].sa/clk_IBUF_BUFG
    SLICE_X123Y359       FDRE                                         r  denselayer2/INPUT_SIZE_rows[32].OUTPUT_SIZE_cols[5].sa/data_out_reg[11]/C
  -------------------------------------------------------------------    -------------------
    SLICE_X123Y359       FDRE (Prop_CFF_SLICEL_C_Q)
                                                      0.054     2.393 r  denselayer2/INPUT_SIZE_rows[32].OUTPUT_SIZE_cols[5].sa/data_out_reg[11]/Q
                         net (fo=2, routed)           0.082     2.475    denselayer2/INPUT_SIZE_rows[35].OUTPUT_SIZE_cols[5].sa/Q[3]
    SLICE_X123Y361       LUT6 (Prop_D6LUT_SLICEL_I2_O)
                                                      0.056     2.531 r  denselayer2/INPUT_SIZE_rows[35].OUTPUT_SIZE_cols[5].sa/col_trees[5].column_tree/genblk2[2].genblk1[24].tree[24][7]_i_13/O
                         net (fo=1, routed)           0.009     2.540    denselayer2/INPUT_SIZE_rows[35].OUTPUT_SIZE_cols[5].sa/col_trees[5].column_tree/genblk2[2].genblk1[24].tree[24][7]_i_13_n_0
    SLICE_X123Y361       CARRY8 (Prop_CARRY8_SLICEL_S[3]_O[3])
                                                      0.024     2.564 r  denselayer2/INPUT_SIZE_rows[35].OUTPUT_SIZE_cols[5].sa/col_trees[5].column_tree/genblk2[2].genblk1[24].tree_reg[24][7]_i_1/O[3]
                         net (fo=1, routed)           0.011     2.575    denselayer2/sum_all/col_trees[5].column_tree/genblk2[2].genblk1[24].tree_reg[24][12]_0[3]
    SLICE_X123Y361       FDRE                                         r  denselayer2/sum_all/col_trees[5].column_tree/genblk2[2].genblk1[24].tree_reg[24][3]/D
  -------------------------------------------------------------------    -------------------

                         (clock ap_clk rise edge)     0.000     0.000 r  
    AV19                                              0.000     0.000 r  clk (IN)
                         net (fo=0)                   0.000     0.000    clk_IBUF_inst/I
    AV19                 INBUF (Prop_INBUF_HPIOB_M_PAD_O)
                                                      0.481     0.481 r  clk_IBUF_inst/INBUF_INST/O
                         net (fo=1, routed)           0.000     0.481    clk_IBUF_inst/OUT
    AV19                 IBUFCTRL (Prop_IBUFCTRL_HPIOB_M_I_O)
                                                      0.000     0.481 r  clk_IBUF_inst/IBUFCTRL_INST/O
                         net (fo=1, routed)           0.325     0.806    clk_IBUF
    BUFGCE_X0Y122        BUFGCE (Prop_BUFCE_BUFGCE_I_O)
                                                      0.028     0.834 r  clk_IBUF_BUFG_inst/O
    X2Y5 (CLOCK_ROOT)    net (fo=42609, routed)       1.999     2.833    denselayer2/sum_all/col_trees[5].column_tree/clk_IBUF_BUFG
    SLICE_X123Y361       FDRE                                         r  denselayer2/sum_all/col_trees[5].column_tree/genblk2[2].genblk1[24].tree_reg[24][3]/C
                         clock pessimism             -0.309     2.524    
    SLICE_X123Y361       FDRE (Hold_DFF_SLICEL_C_D)
                                                      0.045     2.569    denselayer2/sum_all/col_trees[5].column_tree/genblk2[2].genblk1[24].tree_reg[24][3]
  -------------------------------------------------------------------
                         required time                         -2.569    
                         arrival time                           2.575    
  -------------------------------------------------------------------
                         slack                                  0.006    





Pulse Width Checks
--------------------------------------------------------------------------------------
Clock Name:         ap_clk
Waveform(ns):       { 0.000 2.500 }
Period(ns):         5.000
Sources:            { clk }

Check Type        Corner  Lib Pin     Reference Pin  Required(ns)  Actual(ns)  Slack(ns)  Location        Pin
Min Period        n/a     BUFGCE/I    n/a            1.122         5.000       3.878      BUFGCE_X0Y122   clk_IBUF_BUFG_inst/I
Low Pulse Width   Slow    SRL16E/CLK  n/a            0.468         2.500       2.032      SLICE_X102Y421  denselayer3/ready_buffer_reg[3]_srl3_denselayer2_ready_buffer_reg_c_0/CLK
High Pulse Width  Fast    SRL16E/CLK  n/a            0.468         2.500       2.032      SLICE_X115Y420  denselayer2/ready_buffer_reg[3]_srl3_denselayer2_ready_buffer_reg_c_0/CLK



