Copyright 1986-2019 Xilinx, Inc. All Rights Reserved.
-----------------------------------------------------------------------------------------
| Tool Version      : Vivado v.2019.1 (lin64) Build 2552052 Fri May 24 14:47:09 MDT 2019
| Date              : Wed Nov  5 12:20:13 2025
| Host              : hvm1 running 64-bit Ubuntu 22.04.5 LTS
| Command           : report_timing_summary -file reports/13_5_SA3_timing.rpt
| Design            : waiz_benchmark
| Device            : xcvu13p-fhga2104
| Speed File        : -3  PRODUCTION 1.23 03-18-2019
| Temperature Grade : E
-----------------------------------------------------------------------------------------

Timing Summary Report

------------------------------------------------------------------------------------------------
| Timer Settings
| --------------
------------------------------------------------------------------------------------------------

  Enable Multi Corner Analysis               :  Yes
  Enable Pessimism Removal                   :  Yes
  Pessimism Removal Resolution               :  Nearest Common Node
  Enable Input Delay Default Clock           :  No
  Enable Preset / Clear Arcs                 :  No
  Disable Flight Delays                      :  No
  Ignore I/O Paths                           :  No
  Timing Early Launch at Borrowing Latches   :  No
  Borrow Time for Max Delay Exceptions       :  Yes

  Corner  Analyze    Analyze    
  Name    Max Paths  Min Paths  
  ------  ---------  ---------  
  Slow    Yes        Yes        
  Fast    Yes        Yes        



check_timing report

Table of Contents
-----------------
1. checking no_clock
2. checking constant_clock
3. checking pulse_width_clock
4. checking unconstrained_internal_endpoints
5. checking no_input_delay
6. checking no_output_delay
7. checking multiple_clock
8. checking generated_clocks
9. checking loops
10. checking partial_input_delay
11. checking partial_output_delay
12. checking latch_loops

1. checking no_clock
--------------------
 There are 0 register/latch pins with no clock.


2. checking constant_clock
--------------------------
 There are 0 register/latch pins with constant_clock.


3. checking pulse_width_clock
-----------------------------
 There are 0 register/latch pins which need pulse_width check


4. checking unconstrained_internal_endpoints
--------------------------------------------
 There are 0 pins that are not constrained for maximum delay.

 There are 0 pins that are not constrained for maximum delay due to constant clock.


5. checking no_input_delay
--------------------------
 There are 210 input ports with no input delay specified. (HIGH)

 There are 0 input ports with no input delay but user has a false path constraint.


6. checking no_output_delay
---------------------------
 There are 66 ports with no output delay specified. (HIGH)

 There are 0 ports with no output delay but user has a false path constraint

 There are 0 ports with no output delay but with a timing clock defined on it or propagating through it


7. checking multiple_clock
--------------------------
 There are 0 register/latch pins with multiple clocks.


8. checking generated_clocks
----------------------------
 There are 0 generated clocks that are not connected to a clock source.


9. checking loops
-----------------
 There are 0 combinational loops in the design.


10. checking partial_input_delay
--------------------------------
 There are 0 input ports with partial input delay specified.


11. checking partial_output_delay
---------------------------------
 There are 0 ports with partial output delay specified.


12. checking latch_loops
------------------------
 There are 0 combinational latch loops in the design through latch input



------------------------------------------------------------------------------------------------
| Design Timing Summary
| ---------------------
------------------------------------------------------------------------------------------------

    WNS(ns)      TNS(ns)  TNS Failing Endpoints  TNS Total Endpoints      WHS(ns)      THS(ns)  THS Failing Endpoints  THS Total Endpoints     WPWS(ns)     TPWS(ns)  TPWS Failing Endpoints  TPWS Total Endpoints  
    -------      -------  ---------------------  -------------------      -------      -------  ---------------------  -------------------     --------     --------  ----------------------  --------------------  
      0.866        0.000                      0                51342        0.017        0.000                      0                51342        2.225        0.000                       0                 55452  


All user specified timing constraints are met.


------------------------------------------------------------------------------------------------
| Clock Summary
| -------------
------------------------------------------------------------------------------------------------

Clock   Waveform(ns)         Period(ns)      Frequency(MHz)
-----   ------------         ----------      --------------
ap_clk  {0.000 2.500}        5.000           200.000         


------------------------------------------------------------------------------------------------
| Intra Clock Table
| -----------------
------------------------------------------------------------------------------------------------

Clock             WNS(ns)      TNS(ns)  TNS Failing Endpoints  TNS Total Endpoints      WHS(ns)      THS(ns)  THS Failing Endpoints  THS Total Endpoints     WPWS(ns)     TPWS(ns)  TPWS Failing Endpoints  TPWS Total Endpoints  
-----             -------      -------  ---------------------  -------------------      -------      -------  ---------------------  -------------------     --------     --------  ----------------------  --------------------  
ap_clk              0.866        0.000                      0                51342        0.017        0.000                      0                51342        2.225        0.000                       0                 55452  


------------------------------------------------------------------------------------------------
| Inter Clock Table
| -----------------
------------------------------------------------------------------------------------------------

From Clock    To Clock          WNS(ns)      TNS(ns)  TNS Failing Endpoints  TNS Total Endpoints      WHS(ns)      THS(ns)  THS Failing Endpoints  THS Total Endpoints  
----------    --------          -------      -------  ---------------------  -------------------      -------      -------  ---------------------  -------------------  


------------------------------------------------------------------------------------------------
| Other Path Groups Table
| -----------------------
------------------------------------------------------------------------------------------------

Path Group    From Clock    To Clock          WNS(ns)      TNS(ns)  TNS Failing Endpoints  TNS Total Endpoints      WHS(ns)      THS(ns)  THS Failing Endpoints  THS Total Endpoints  
----------    ----------    --------          -------      -------  ---------------------  -------------------      -------      -------  ---------------------  -------------------  


------------------------------------------------------------------------------------------------
| Timing Details
| --------------
------------------------------------------------------------------------------------------------


---------------------------------------------------------------------------------------------------
From Clock:  ap_clk
  To Clock:  ap_clk

Setup :            0  Failing Endpoints,  Worst Slack        0.866ns,  Total Violation        0.000ns
Hold  :            0  Failing Endpoints,  Worst Slack        0.017ns,  Total Violation        0.000ns
PW    :            0  Failing Endpoints,  Worst Slack        2.225ns,  Total Violation        0.000ns
---------------------------------------------------------------------------------------------------


Max Delay Paths
--------------------------------------------------------------------------------------
Slack (MET) :             0.866ns  (required time - arrival time)
  Source:                 denselayer1/output_data_reg[2][12]/C
                            (rising edge-triggered cell FDCE clocked by ap_clk  {rise@0.000ns fall@2.500ns period=5.000ns})
  Destination:            denselayer2/INPUT_SIZE_rows[2].OUTPUT_SIZE_cols[3].sa/data_out_reg[19]/D
                            (rising edge-triggered cell FDRE clocked by ap_clk  {rise@0.000ns fall@2.500ns period=5.000ns})
  Path Group:             ap_clk
  Path Type:              Setup (Max at Slow Process Corner)
  Requirement:            5.000ns  (ap_clk rise@5.000ns - ap_clk rise@0.000ns)
  Data Path Delay:        3.799ns  (logic 0.474ns (12.477%)  route 3.325ns (87.523%))
  Logic Levels:           4  (CARRY8=2 LUT6=2)
  Clock Path Skew:        -0.323ns (DCD - SCD + CPR)
    Destination Clock Delay (DCD):    2.932ns = ( 7.932 - 5.000 ) 
    Source Clock Delay      (SCD):    3.636ns
    Clock Pessimism Removal (CPR):    0.381ns
  Clock Uncertainty:      0.035ns  ((TSJ^2 + TIJ^2)^1/2 + DJ) / 2 + PE
    Total System Jitter     (TSJ):    0.071ns
    Total Input Jitter      (TIJ):    0.000ns
    Discrete Jitter          (DJ):    0.000ns
    Phase Error              (PE):    0.000ns
  Clock Net Delay (Source):      2.694ns (routing 1.456ns, distribution 1.238ns)
  Clock Net Delay (Destination): 2.234ns (routing 1.319ns, distribution 0.915ns)

    Location             Delay type                Incr(ns)  Path(ns)    Netlist Resource(s)
  -------------------------------------------------------------------    -------------------
                         (clock ap_clk rise edge)     0.000     0.000 r  
    E39                                               0.000     0.000 r  clk (IN)
                         net (fo=0)                   0.000     0.000    clk_IBUF_inst/I
    E39                  INBUF (Prop_INBUF_HPIOB_M_PAD_O)
                                                      0.589     0.589 r  clk_IBUF_inst/INBUF_INST/O
                         net (fo=1, routed)           0.000     0.589    clk_IBUF_inst/OUT
    E39                  IBUFCTRL (Prop_IBUFCTRL_HPIOB_M_I_O)
                                                      0.000     0.589 r  clk_IBUF_inst/IBUFCTRL_INST/O
                         net (fo=1, routed)           0.325     0.914    clk_IBUF
    BUFGCE_X0Y218        BUFGCE (Prop_BUFCE_BUFGCE_I_O)
                                                      0.028     0.942 r  clk_IBUF_BUFG_inst/O
    X3Y5 (CLOCK_ROOT)    net (fo=55775, routed)       2.694     3.636    denselayer1/clk_IBUF_BUFG
    SLR Crossing[2->1]   
    SLICE_X165Y361       FDCE                                         r  denselayer1/output_data_reg[2][12]/C
  -------------------------------------------------------------------    -------------------
    SLICE_X165Y361       FDCE (Prop_AFF_SLICEL_C_Q)
                                                      0.069     3.705 r  denselayer1/output_data_reg[2][12]/Q
                         net (fo=335, routed)         3.067     6.772    denselayer1/INPUT_SIZE_rows[2].OUTPUT_SIZE_cols[5].sa/Q[3]
    SLICE_X118Y265       LUT6 (Prop_H6LUT_SLICEM_I3_O)
                                                      0.138     6.910 r  denselayer1/INPUT_SIZE_rows[2].OUTPUT_SIZE_cols[5].sa/data_out[11]_i_5__162/O
                         net (fo=4, routed)           0.201     7.111    denselayer1/INPUT_SIZE_rows[2].OUTPUT_SIZE_cols[3].sa/DI[3]
    SLICE_X119Y263       LUT6 (Prop_E6LUT_SLICEL_I0_O)
                                                      0.031     7.142 r  denselayer1/INPUT_SIZE_rows[2].OUTPUT_SIZE_cols[3].sa/data_out[10]_i_5__206/O
                         net (fo=1, routed)           0.010     7.152    denselayer1/INPUT_SIZE_rows[2].OUTPUT_SIZE_cols[3].sa/data_out[10]_i_5__206_n_0
    SLICE_X119Y263       CARRY8 (Prop_CARRY8_SLICEL_S[4]_CO[7])
                                                      0.133     7.285 r  denselayer1/INPUT_SIZE_rows[2].OUTPUT_SIZE_cols[3].sa/data_out_reg[10]_i_1__247/CO[7]
                         net (fo=1, routed)           0.023     7.308    denselayer1/INPUT_SIZE_rows[2].OUTPUT_SIZE_cols[3].sa/data_out_reg[10]_i_1__247_n_0
    SLICE_X119Y264       CARRY8 (Prop_CARRY8_SLICEL_CI_O[5])
                                                      0.103     7.411 r  denselayer1/INPUT_SIZE_rows[2].OUTPUT_SIZE_cols[3].sa/data_out_reg[19]_i_1__230/O[5]
                         net (fo=1, routed)           0.024     7.435    denselayer2/INPUT_SIZE_rows[2].OUTPUT_SIZE_cols[3].sa/data_out_reg[19]_0[8]
    SLICE_X119Y264       FDRE                                         r  denselayer2/INPUT_SIZE_rows[2].OUTPUT_SIZE_cols[3].sa/data_out_reg[19]/D
  -------------------------------------------------------------------    -------------------

                         (clock ap_clk rise edge)     5.000     5.000 r  
    E39                                               0.000     5.000 r  clk (IN)
                         net (fo=0)                   0.000     5.000    clk_IBUF_inst/I
    E39                  INBUF (Prop_INBUF_HPIOB_M_PAD_O)
                                                      0.385     5.385 r  clk_IBUF_inst/INBUF_INST/O
                         net (fo=1, routed)           0.000     5.385    clk_IBUF_inst/OUT
    E39                  IBUFCTRL (Prop_IBUFCTRL_HPIOB_M_I_O)
                                                      0.000     5.385 r  clk_IBUF_inst/IBUFCTRL_INST/O
                         net (fo=1, routed)           0.289     5.674    clk_IBUF
    BUFGCE_X0Y218        BUFGCE (Prop_BUFCE_BUFGCE_I_O)
                                                      0.024     5.698 r  clk_IBUF_BUFG_inst/O
    X3Y5 (CLOCK_ROOT)    net (fo=55775, routed)       2.234     7.932    denselayer2/INPUT_SIZE_rows[2].OUTPUT_SIZE_cols[3].sa/clk_IBUF_BUFG
    SLR Crossing[2->1]   
    SLICE_X119Y264       FDRE                                         r  denselayer2/INPUT_SIZE_rows[2].OUTPUT_SIZE_cols[3].sa/data_out_reg[19]/C
                         clock pessimism              0.381     8.313    
                         clock uncertainty           -0.035     8.278    
    SLICE_X119Y264       FDRE (Setup_FFF_SLICEL_C_D)
                                                      0.023     8.301    denselayer2/INPUT_SIZE_rows[2].OUTPUT_SIZE_cols[3].sa/data_out_reg[19]
  -------------------------------------------------------------------
                         required time                          8.301    
                         arrival time                          -7.435    
  -------------------------------------------------------------------
                         slack                                  0.866    





Min Delay Paths
--------------------------------------------------------------------------------------
Slack (MET) :             0.017ns  (arrival time - required time)
  Source:                 denselayer1/INPUT_SIZE_rows[6].OUTPUT_SIZE_cols[35].sa/data_out_reg[16]/C
                            (rising edge-triggered cell FDRE clocked by ap_clk  {rise@0.000ns fall@2.500ns period=5.000ns})
  Destination:            denselayer1/sum_all/col_trees[35].column_tree/genblk2[1].genblk1[5].tree_reg[5][9]/D
                            (rising edge-triggered cell FDRE clocked by ap_clk  {rise@0.000ns fall@2.500ns period=5.000ns})
  Path Group:             ap_clk
  Path Type:              Hold (Min at Fast Process Corner)
  Requirement:            0.000ns  (ap_clk rise@0.000ns - ap_clk rise@0.000ns)
  Data Path Delay:        0.169ns  (logic 0.079ns (46.746%)  route 0.090ns (53.254%))
  Logic Levels:           2  (CARRY8=1 LUT6=1)
  Clock Path Skew:        0.106ns (DCD - SCD - CPR)
    Destination Clock Delay (DCD):    2.484ns
    Source Clock Delay      (SCD):    2.045ns
    Clock Pessimism Removal (CPR):    0.333ns
  Clock Net Delay (Source):      1.590ns (routing 0.887ns, distribution 0.703ns)
  Clock Net Delay (Destination): 1.807ns (routing 0.992ns, distribution 0.815ns)

    Location             Delay type                Incr(ns)  Path(ns)    Netlist Resource(s)
  -------------------------------------------------------------------    -------------------
                         (clock ap_clk rise edge)     0.000     0.000 r  
    E39                                               0.000     0.000 r  clk (IN)
                         net (fo=0)                   0.000     0.000    clk_IBUF_inst/I
    E39                  INBUF (Prop_INBUF_HPIOB_M_PAD_O)
                                                      0.289     0.289 r  clk_IBUF_inst/INBUF_INST/O
                         net (fo=1, routed)           0.000     0.289    clk_IBUF_inst/OUT
    E39                  IBUFCTRL (Prop_IBUFCTRL_HPIOB_M_I_O)
                                                      0.000     0.289 r  clk_IBUF_inst/IBUFCTRL_INST/O
                         net (fo=1, routed)           0.149     0.438    clk_IBUF
    BUFGCE_X0Y218        BUFGCE (Prop_BUFCE_BUFGCE_I_O)
                                                      0.017     0.455 r  clk_IBUF_BUFG_inst/O
    X3Y5 (CLOCK_ROOT)    net (fo=55775, routed)       1.590     2.045    denselayer1/INPUT_SIZE_rows[6].OUTPUT_SIZE_cols[35].sa/clk_IBUF_BUFG
    SLR Crossing[2->1]   
    SLICE_X134Y419       FDRE                                         r  denselayer1/INPUT_SIZE_rows[6].OUTPUT_SIZE_cols[35].sa/data_out_reg[16]/C
  -------------------------------------------------------------------    -------------------
    SLICE_X134Y419       FDRE (Prop_GFF_SLICEL_C_Q)
                                                      0.039     2.084 r  denselayer1/INPUT_SIZE_rows[6].OUTPUT_SIZE_cols[35].sa/data_out_reg[16]/Q
                         net (fo=3, routed)           0.071     2.155    denselayer1/INPUT_SIZE_rows[7].OUTPUT_SIZE_cols[35].sa/genblk2[1].genblk1[5].tree[5][12]_i_6__33[7]
    SLICE_X133Y420       LUT6 (Prop_B6LUT_SLICEM_I4_O)
                                                      0.022     2.177 r  denselayer1/INPUT_SIZE_rows[7].OUTPUT_SIZE_cols[35].sa/col_trees[35].column_tree/genblk2[1].genblk1[5].tree[5][12]_i_9/O
                         net (fo=1, routed)           0.012     2.189    denselayer1/INPUT_SIZE_rows[7].OUTPUT_SIZE_cols[35].sa/col_trees[35].column_tree/genblk2[1].genblk1[5].tree[5][12]_i_9_n_0
    SLICE_X133Y420       CARRY8 (Prop_CARRY8_SLICEM_S[1]_O[1])
                                                      0.018     2.207 r  denselayer1/INPUT_SIZE_rows[7].OUTPUT_SIZE_cols[35].sa/col_trees[35].column_tree/genblk2[1].genblk1[5].tree_reg[5][12]_i_1/O[1]
                         net (fo=1, routed)           0.007     2.214    denselayer1/sum_all/col_trees[35].column_tree/genblk2[1].genblk1[5].tree_reg[5][12]_0[9]
    SLICE_X133Y420       FDRE                                         r  denselayer1/sum_all/col_trees[35].column_tree/genblk2[1].genblk1[5].tree_reg[5][9]/D
  -------------------------------------------------------------------    -------------------

                         (clock ap_clk rise edge)     0.000     0.000 r  
    E39                                               0.000     0.000 r  clk (IN)
                         net (fo=0)                   0.000     0.000    clk_IBUF_inst/I
    E39                  INBUF (Prop_INBUF_HPIOB_M_PAD_O)
                                                      0.475     0.475 r  clk_IBUF_inst/INBUF_INST/O
                         net (fo=1, routed)           0.000     0.475    clk_IBUF_inst/OUT
    E39                  IBUFCTRL (Prop_IBUFCTRL_HPIOB_M_I_O)
                                                      0.000     0.475 r  clk_IBUF_inst/IBUFCTRL_INST/O
                         net (fo=1, routed)           0.183     0.658    clk_IBUF
    BUFGCE_X0Y218        BUFGCE (Prop_BUFCE_BUFGCE_I_O)
                                                      0.019     0.677 r  clk_IBUF_BUFG_inst/O
    X3Y5 (CLOCK_ROOT)    net (fo=55775, routed)       1.807     2.484    denselayer1/sum_all/col_trees[35].column_tree/clk_IBUF_BUFG
    SLR Crossing[2->1]   
    SLICE_X133Y420       FDRE                                         r  denselayer1/sum_all/col_trees[35].column_tree/genblk2[1].genblk1[5].tree_reg[5][9]/C
                         clock pessimism             -0.333     2.151    
    SLICE_X133Y420       FDRE (Hold_BFF_SLICEM_C_D)
                                                      0.046     2.197    denselayer1/sum_all/col_trees[35].column_tree/genblk2[1].genblk1[5].tree_reg[5][9]
  -------------------------------------------------------------------
                         required time                         -2.197    
                         arrival time                           2.214    
  -------------------------------------------------------------------
                         slack                                  0.017    





Pulse Width Checks
--------------------------------------------------------------------------------------
Clock Name:         ap_clk
Waveform(ns):       { 0.000 2.500 }
Period(ns):         5.000
Sources:            { clk }

Check Type        Corner  Lib Pin   Reference Pin  Required(ns)  Actual(ns)  Slack(ns)  Location        Pin
Min Period        n/a     BUFGCE/I  n/a            1.122         5.000       3.878      BUFGCE_X0Y218   clk_IBUF_BUFG_inst/I
Low Pulse Width   Slow    FDRE/C    n/a            0.275         2.500       2.225      SLICE_X96Y368   denselayer3/INPUT_SIZE_rows[25].OUTPUT_SIZE_cols[4].sa/data_out_reg[10]/C
High Pulse Width  Slow    FDRE/C    n/a            0.275         2.500       2.225      SLICE_X155Y423  denselayer1/INPUT_SIZE_rows[1].OUTPUT_SIZE_cols[5].sa/data_out_reg[10]/C



