Copyright 1986-2019 Xilinx, Inc. All Rights Reserved.
--------------------------------------------------------------------------------------------------------
| Tool Version : Vivado v.2019.1 (lin64) Build 2552052 Fri May 24 14:47:09 MDT 2019
| Date         : Wed Nov  5 23:23:50 2025
| Host         : hvm1 running 64-bit Ubuntu 22.04.5 LTS
| Command      : report_utilization -hierarchical -hierarchical_depth 1 -file reports/13_5_SA6_hier.rpt
| Design       : waiz_benchmark
| Device       : xcvu13pfhga2104-3
| Design State : Routed
--------------------------------------------------------------------------------------------------------

Utilization Design Information

Table of Contents
-----------------
1. Utilization by Hierarchy

1. Utilization by Hierarchy
---------------------------

+--------------------+---------------------------------------+------------+------------+---------+------+-------+--------+--------+------+--------------+
|      Instance      |                 Module                | Total LUTs | Logic LUTs | LUTRAMs | SRLs |  FFs  | RAMB36 | RAMB18 | URAM | DSP48 Blocks |
+--------------------+---------------------------------------+------------+------------+---------+------+-------+--------+--------+------+--------------+
| waiz_benchmark     |                                 (top) |     103656 |     103656 |       0 |    0 | 56233 |      0 |      0 |    0 |            5 |
|   (waiz_benchmark) |                                 (top) |        147 |        147 |       0 |    0 |     0 |      0 |      0 |    0 |            0 |
|   denselayer1      |                            denseLayer |      48823 |      48823 |       0 |    0 | 15049 |      0 |      0 |    0 |            0 |
|   denselayer2      |            denseLayer__parameterized0 |      35855 |      35855 |       0 |    0 | 23539 |      0 |      0 |    0 |            0 |
|   denselayer3      |            denseLayer__parameterized1 |      13696 |      13696 |       0 |    0 | 15022 |      0 |      0 |    0 |            0 |
|   denselayer4      |            denseLayer__parameterized2 |       1957 |       1957 |       0 |    0 |  2555 |      0 |      0 |    0 |            0 |
|   relulayer1       |                   reluActivationLayer |       6707 |       6707 |       0 |    0 |     0 |      0 |      0 |    0 |            0 |
|   relulayer2       |   reluActivationLayer__parameterized0 |       3966 |       3966 |       0 |    0 |     0 |      0 |      0 |    0 |            0 |
|   relulayer3       | reluActivationLayer__parameterized0_0 |        884 |        884 |       0 |    0 |     0 |      0 |      0 |    0 |            0 |
|   softmax          |                          softmaxLayer |        989 |        989 |       0 |    0 |    68 |      0 |      0 |    0 |            5 |
+--------------------+---------------------------------------+------------+------------+---------+------+-------+--------+--------+------+--------------+
* Note: The sum of lower-level cells may be larger than their parent cells total, due to cross-hierarchy LUT combining


