Copyright 1986-2019 Xilinx, Inc. All Rights Reserved.
-----------------------------------------------------------------------------------------
| Tool Version      : Vivado v.2019.1 (lin64) Build 2552052 Fri May 24 14:47:09 MDT 2019
| Date              : Sun Nov  9 20:04:46 2025
| Host              : hvm1 running 64-bit Ubuntu 22.04.5 LTS
| Command           : report_timing_summary -file reports/13_5_SA3_6_timing.rpt
| Design            : waiz_benchmark
| Device            : xcvu13p-fhga2104
| Speed File        : -3  PRODUCTION 1.23 03-18-2019
| Temperature Grade : E
-----------------------------------------------------------------------------------------

Timing Summary Report

------------------------------------------------------------------------------------------------
| Timer Settings
| --------------
------------------------------------------------------------------------------------------------

  Enable Multi Corner Analysis               :  Yes
  Enable Pessimism Removal                   :  Yes
  Pessimism Removal Resolution               :  Nearest Common Node
  Enable Input Delay Default Clock           :  No
  Enable Preset / Clear Arcs                 :  No
  Disable Flight Delays                      :  No
  Ignore I/O Paths                           :  No
  Timing Early Launch at Borrowing Latches   :  No
  Borrow Time for Max Delay Exceptions       :  Yes

  Corner  Analyze    Analyze    
  Name    Max Paths  Min Paths  
  ------  ---------  ---------  
  Slow    Yes        Yes        
  Fast    Yes        Yes        



check_timing report

Table of Contents
-----------------
1. checking no_clock
2. checking constant_clock
3. checking pulse_width_clock
4. checking unconstrained_internal_endpoints
5. checking no_input_delay
6. checking no_output_delay
7. checking multiple_clock
8. checking generated_clocks
9. checking loops
10. checking partial_input_delay
11. checking partial_output_delay
12. checking latch_loops

1. checking no_clock
--------------------
 There are 0 register/latch pins with no clock.


2. checking constant_clock
--------------------------
 There are 0 register/latch pins with constant_clock.


3. checking pulse_width_clock
-----------------------------
 There are 0 register/latch pins which need pulse_width check


4. checking unconstrained_internal_endpoints
--------------------------------------------
 There are 0 pins that are not constrained for maximum delay.

 There are 0 pins that are not constrained for maximum delay due to constant clock.


5. checking no_input_delay
--------------------------
 There are 210 input ports with no input delay specified. (HIGH)

 There are 0 input ports with no input delay but user has a false path constraint.


6. checking no_output_delay
---------------------------
 There are 66 ports with no output delay specified. (HIGH)

 There are 0 ports with no output delay but user has a false path constraint

 There are 0 ports with no output delay but with a timing clock defined on it or propagating through it


7. checking multiple_clock
--------------------------
 There are 0 register/latch pins with multiple clocks.


8. checking generated_clocks
----------------------------
 There are 0 generated clocks that are not connected to a clock source.


9. checking loops
-----------------
 There are 0 combinational loops in the design.


10. checking partial_input_delay
--------------------------------
 There are 0 input ports with partial input delay specified.


11. checking partial_output_delay
---------------------------------
 There are 0 ports with partial output delay specified.


12. checking latch_loops
------------------------
 There are 0 combinational latch loops in the design through latch input



------------------------------------------------------------------------------------------------
| Design Timing Summary
| ---------------------
------------------------------------------------------------------------------------------------

    WNS(ns)      TNS(ns)  TNS Failing Endpoints  TNS Total Endpoints      WHS(ns)      THS(ns)  THS Failing Endpoints  THS Total Endpoints     WPWS(ns)     TPWS(ns)  TPWS Failing Endpoints  TPWS Total Endpoints  
    -------      -------  ---------------------  -------------------      -------      -------  ---------------------  -------------------     --------     --------  ----------------------  --------------------  
      0.744        0.000                      0                55955        0.013        0.000                      0                55955        2.225        0.000                       0                 53225  


All user specified timing constraints are met.


------------------------------------------------------------------------------------------------
| Clock Summary
| -------------
------------------------------------------------------------------------------------------------

Clock   Waveform(ns)         Period(ns)      Frequency(MHz)
-----   ------------         ----------      --------------
ap_clk  {0.000 2.500}        5.000           200.000         


------------------------------------------------------------------------------------------------
| Intra Clock Table
| -----------------
------------------------------------------------------------------------------------------------

Clock             WNS(ns)      TNS(ns)  TNS Failing Endpoints  TNS Total Endpoints      WHS(ns)      THS(ns)  THS Failing Endpoints  THS Total Endpoints     WPWS(ns)     TPWS(ns)  TPWS Failing Endpoints  TPWS Total Endpoints  
-----             -------      -------  ---------------------  -------------------      -------      -------  ---------------------  -------------------     --------     --------  ----------------------  --------------------  
ap_clk              0.744        0.000                      0                55955        0.013        0.000                      0                55955        2.225        0.000                       0                 53225  


------------------------------------------------------------------------------------------------
| Inter Clock Table
| -----------------
------------------------------------------------------------------------------------------------

From Clock    To Clock          WNS(ns)      TNS(ns)  TNS Failing Endpoints  TNS Total Endpoints      WHS(ns)      THS(ns)  THS Failing Endpoints  THS Total Endpoints  
----------    --------          -------      -------  ---------------------  -------------------      -------      -------  ---------------------  -------------------  


------------------------------------------------------------------------------------------------
| Other Path Groups Table
| -----------------------
------------------------------------------------------------------------------------------------

Path Group    From Clock    To Clock          WNS(ns)      TNS(ns)  TNS Failing Endpoints  TNS Total Endpoints      WHS(ns)      THS(ns)  THS Failing Endpoints  THS Total Endpoints  
----------    ----------    --------          -------      -------  ---------------------  -------------------      -------      -------  ---------------------  -------------------  


------------------------------------------------------------------------------------------------
| Timing Details
| --------------
------------------------------------------------------------------------------------------------


---------------------------------------------------------------------------------------------------
From Clock:  ap_clk
  To Clock:  ap_clk

Setup :            0  Failing Endpoints,  Worst Slack        0.744ns,  Total Violation        0.000ns
Hold  :            0  Failing Endpoints,  Worst Slack        0.013ns,  Total Violation        0.000ns
PW    :            0  Failing Endpoints,  Worst Slack        2.225ns,  Total Violation        0.000ns
---------------------------------------------------------------------------------------------------


Max Delay Paths
--------------------------------------------------------------------------------------
Slack (MET) :             0.744ns  (required time - arrival time)
  Source:                 denselayer1/FSM_onehot_state_reg[2]/C
                            (rising edge-triggered cell FDCE clocked by ap_clk  {rise@0.000ns fall@2.500ns period=5.000ns})
  Destination:            denselayer1/output_data_reg[15][10]/CE
                            (rising edge-triggered cell FDCE clocked by ap_clk  {rise@0.000ns fall@2.500ns period=5.000ns})
  Path Group:             ap_clk
  Path Type:              Setup (Max at Slow Process Corner)
  Requirement:            5.000ns  (ap_clk rise@5.000ns - ap_clk rise@0.000ns)
  Data Path Delay:        3.855ns  (logic 0.070ns (1.816%)  route 3.785ns (98.184%))
  Logic Levels:           0  
  Clock Path Skew:        -0.322ns (DCD - SCD + CPR)
    Destination Clock Delay (DCD):    2.636ns = ( 7.636 - 5.000 ) 
    Source Clock Delay      (SCD):    3.317ns
    Clock Pessimism Removal (CPR):    0.359ns
  Clock Uncertainty:      0.035ns  ((TSJ^2 + TIJ^2)^1/2 + DJ) / 2 + PE
    Total System Jitter     (TSJ):    0.071ns
    Total Input Jitter      (TIJ):    0.000ns
    Discrete Jitter          (DJ):    0.000ns
    Phase Error              (PE):    0.000ns
  Clock Net Delay (Source):      2.375ns (routing 1.219ns, distribution 1.156ns)
  Clock Net Delay (Destination): 1.938ns (routing 1.104ns, distribution 0.834ns)

    Location             Delay type                Incr(ns)  Path(ns)    Netlist Resource(s)
  -------------------------------------------------------------------    -------------------
                         (clock ap_clk rise edge)     0.000     0.000 r  
    E39                                               0.000     0.000 r  clk (IN)
                         net (fo=0)                   0.000     0.000    clk_IBUF_inst/I
    E39                  INBUF (Prop_INBUF_HPIOB_M_PAD_O)
                                                      0.589     0.589 r  clk_IBUF_inst/INBUF_INST/O
                         net (fo=1, routed)           0.000     0.589    clk_IBUF_inst/OUT
    E39                  IBUFCTRL (Prop_IBUFCTRL_HPIOB_M_I_O)
                                                      0.000     0.589 r  clk_IBUF_inst/IBUFCTRL_INST/O
                         net (fo=1, routed)           0.325     0.914    clk_IBUF
    BUFGCE_X0Y218        BUFGCE (Prop_BUFCE_BUFGCE_I_O)
                                                      0.028     0.942 r  clk_IBUF_BUFG_inst/O
    X4Y5 (CLOCK_ROOT)    net (fo=54513, routed)       2.375     3.317    denselayer1/clk_IBUF_BUFG
    SLR Crossing[2->1]   
    SLICE_X83Y419        FDCE                                         r  denselayer1/FSM_onehot_state_reg[2]/C
  -------------------------------------------------------------------    -------------------
    SLICE_X83Y419        FDCE (Prop_FFF_SLICEL_C_Q)
                                                      0.070     3.387 r  denselayer1/FSM_onehot_state_reg[2]/Q
                         net (fo=837, routed)         3.785     7.172    denselayer1/output_data
    SLICE_X137Y305       FDCE                                         r  denselayer1/output_data_reg[15][10]/CE
  -------------------------------------------------------------------    -------------------

                         (clock ap_clk rise edge)     5.000     5.000 r  
    E39                                               0.000     5.000 r  clk (IN)
                         net (fo=0)                   0.000     5.000    clk_IBUF_inst/I
    E39                  INBUF (Prop_INBUF_HPIOB_M_PAD_O)
                                                      0.385     5.385 r  clk_IBUF_inst/INBUF_INST/O
                         net (fo=1, routed)           0.000     5.385    clk_IBUF_inst/OUT
    E39                  IBUFCTRL (Prop_IBUFCTRL_HPIOB_M_I_O)
                                                      0.000     5.385 r  clk_IBUF_inst/IBUFCTRL_INST/O
                         net (fo=1, routed)           0.289     5.674    clk_IBUF
    BUFGCE_X0Y218        BUFGCE (Prop_BUFCE_BUFGCE_I_O)
                                                      0.024     5.698 r  clk_IBUF_BUFG_inst/O
    X4Y5 (CLOCK_ROOT)    net (fo=54513, routed)       1.938     7.636    denselayer1/clk_IBUF_BUFG
    SLR Crossing[2->1]   
    SLICE_X137Y305       FDCE                                         r  denselayer1/output_data_reg[15][10]/C
                         clock pessimism              0.359     7.995    
                         clock uncertainty           -0.035     7.960    
    SLICE_X137Y305       FDCE (Setup_BFF_SLICEM_C_CE)
                                                     -0.044     7.916    denselayer1/output_data_reg[15][10]
  -------------------------------------------------------------------
                         required time                          7.916    
                         arrival time                          -7.172    
  -------------------------------------------------------------------
                         slack                                  0.744    





Min Delay Paths
--------------------------------------------------------------------------------------
Slack (MET) :             0.013ns  (arrival time - required time)
  Source:                 denselayer3/INPUT_SIZE_rows[2].OUTPUT_SIZE_cols[22].sa/data_out_reg[20]/C
                            (rising edge-triggered cell FDRE clocked by ap_clk  {rise@0.000ns fall@2.500ns period=5.000ns})
  Destination:            denselayer3/sum_all/col_trees[22].column_tree/genblk2[2].genblk1[16].tree_reg[16][12]/D
                            (rising edge-triggered cell FDRE clocked by ap_clk  {rise@0.000ns fall@2.500ns period=5.000ns})
  Path Group:             ap_clk
  Path Type:              Hold (Min at Slow Process Corner)
  Requirement:            0.000ns  (ap_clk rise@0.000ns - ap_clk rise@0.000ns)
  Data Path Delay:        0.247ns  (logic 0.096ns (38.866%)  route 0.151ns (61.134%))
  Logic Levels:           2  (CARRY8=1 LUT6=1)
  Clock Path Skew:        0.188ns (DCD - SCD - CPR)
    Destination Clock Delay (DCD):    3.349ns
    Source Clock Delay      (SCD):    2.802ns
    Clock Pessimism Removal (CPR):    0.359ns
  Clock Net Delay (Source):      2.104ns (routing 1.104ns, distribution 1.000ns)
  Clock Net Delay (Destination): 2.407ns (routing 1.219ns, distribution 1.188ns)

    Location             Delay type                Incr(ns)  Path(ns)    Netlist Resource(s)
  -------------------------------------------------------------------    -------------------
                         (clock ap_clk rise edge)     0.000     0.000 r  
    E39                                               0.000     0.000 r  clk (IN)
                         net (fo=0)                   0.000     0.000    clk_IBUF_inst/I
    E39                  INBUF (Prop_INBUF_HPIOB_M_PAD_O)
                                                      0.385     0.385 r  clk_IBUF_inst/INBUF_INST/O
                         net (fo=1, routed)           0.000     0.385    clk_IBUF_inst/OUT
    E39                  IBUFCTRL (Prop_IBUFCTRL_HPIOB_M_I_O)
                                                      0.000     0.385 r  clk_IBUF_inst/IBUFCTRL_INST/O
                         net (fo=1, routed)           0.289     0.674    clk_IBUF
    BUFGCE_X0Y218        BUFGCE (Prop_BUFCE_BUFGCE_I_O)
                                                      0.024     0.698 r  clk_IBUF_BUFG_inst/O
    X4Y5 (CLOCK_ROOT)    net (fo=54513, routed)       2.104     2.802    denselayer3/INPUT_SIZE_rows[2].OUTPUT_SIZE_cols[22].sa/CLK
    SLR Crossing[2->1]   
    SLICE_X86Y358        FDRE                                         r  denselayer3/INPUT_SIZE_rows[2].OUTPUT_SIZE_cols[22].sa/data_out_reg[20]/C
  -------------------------------------------------------------------    -------------------
    SLICE_X86Y358        FDRE (Prop_DFF_SLICEL_C_Q)
                                                      0.054     2.856 r  denselayer3/INPUT_SIZE_rows[2].OUTPUT_SIZE_cols[22].sa/data_out_reg[20]/Q
                         net (fo=2, routed)           0.133     2.989    denselayer3/INPUT_SIZE_rows[3].OUTPUT_SIZE_cols[22].sa/genblk2[2].genblk1[16].tree_reg[16][12][6]
    SLICE_X86Y360        LUT6 (Prop_E6LUT_SLICEL_I2_O)
                                                      0.019     3.008 r  denselayer3/INPUT_SIZE_rows[3].OUTPUT_SIZE_cols[22].sa/genblk2[2].genblk1[16].tree[16][12]_i_6__40/O
                         net (fo=1, routed)           0.008     3.016    denselayer3/sum_all/col_trees[22].column_tree/genblk2[2].genblk1[16].tree_reg[16][12]_1[0]
    SLICE_X86Y360        CARRY8 (Prop_CARRY8_SLICEL_S[4]_O[4])
                                                      0.023     3.039 r  denselayer3/sum_all/col_trees[22].column_tree/genblk2[2].genblk1[16].tree_reg[16][12]_i_1/O[4]
                         net (fo=1, routed)           0.010     3.049    denselayer3/sum_all/col_trees[22].column_tree/p_7_out[12]
    SLICE_X86Y360        FDRE                                         r  denselayer3/sum_all/col_trees[22].column_tree/genblk2[2].genblk1[16].tree_reg[16][12]/D
  -------------------------------------------------------------------    -------------------

                         (clock ap_clk rise edge)     0.000     0.000 r  
    E39                                               0.000     0.000 r  clk (IN)
                         net (fo=0)                   0.000     0.000    clk_IBUF_inst/I
    E39                  INBUF (Prop_INBUF_HPIOB_M_PAD_O)
                                                      0.589     0.589 r  clk_IBUF_inst/INBUF_INST/O
                         net (fo=1, routed)           0.000     0.589    clk_IBUF_inst/OUT
    E39                  IBUFCTRL (Prop_IBUFCTRL_HPIOB_M_I_O)
                                                      0.000     0.589 r  clk_IBUF_inst/IBUFCTRL_INST/O
                         net (fo=1, routed)           0.325     0.914    clk_IBUF
    BUFGCE_X0Y218        BUFGCE (Prop_BUFCE_BUFGCE_I_O)
                                                      0.028     0.942 r  clk_IBUF_BUFG_inst/O
    X4Y5 (CLOCK_ROOT)    net (fo=54513, routed)       2.407     3.349    denselayer3/sum_all/col_trees[22].column_tree/CLK
    SLR Crossing[2->1]   
    SLICE_X86Y360        FDRE                                         r  denselayer3/sum_all/col_trees[22].column_tree/genblk2[2].genblk1[16].tree_reg[16][12]/C
                         clock pessimism             -0.359     2.990    
    SLICE_X86Y360        FDRE (Hold_EFF_SLICEL_C_D)
                                                      0.046     3.036    denselayer3/sum_all/col_trees[22].column_tree/genblk2[2].genblk1[16].tree_reg[16][12]
  -------------------------------------------------------------------
                         required time                         -3.036    
                         arrival time                           3.049    
  -------------------------------------------------------------------
                         slack                                  0.013    





Pulse Width Checks
--------------------------------------------------------------------------------------
Clock Name:         ap_clk
Waveform(ns):       { 0.000 2.500 }
Period(ns):         5.000
Sources:            { clk }

Check Type        Corner  Lib Pin   Reference Pin  Required(ns)  Actual(ns)  Slack(ns)  Location        Pin
Min Period        n/a     BUFGCE/I  n/a            1.122         5.000       3.878      BUFGCE_X0Y218   clk_IBUF_BUFG_inst/I
Low Pulse Width   Slow    FDRE/C    n/a            0.275         2.500       2.225      SLICE_X95Y324   denselayer3/INPUT_SIZE_rows[22].OUTPUT_SIZE_cols[22].sa/data_out_reg[14]/C
High Pulse Width  Slow    FDRE/C    n/a            0.275         2.500       2.225      SLICE_X170Y416  denselayer1/sum_all/col_trees[56].column_tree/genblk2[1].genblk1[4].tree_reg[4][4]/C



