Copyright 1986-2019 Xilinx, Inc. All Rights Reserved.
-----------------------------------------------------------------------------------------
| Tool Version      : Vivado v.2019.1 (lin64) Build 2552052 Fri May 24 14:47:09 MDT 2019
| Date              : Tue Nov  4 11:15:13 2025
| Host              : hvm1 running 64-bit Ubuntu 22.04.5 LTS
| Command           : report_timing_summary -file reports/13_5_SA2_timing.rpt
| Design            : waiz_benchmark
| Device            : xcvu13p-fhga2104
| Speed File        : -3  PRODUCTION 1.23 03-18-2019
| Temperature Grade : E
-----------------------------------------------------------------------------------------

Timing Summary Report

------------------------------------------------------------------------------------------------
| Timer Settings
| --------------
------------------------------------------------------------------------------------------------

  Enable Multi Corner Analysis               :  Yes
  Enable Pessimism Removal                   :  Yes
  Pessimism Removal Resolution               :  Nearest Common Node
  Enable Input Delay Default Clock           :  No
  Enable Preset / Clear Arcs                 :  No
  Disable Flight Delays                      :  No
  Ignore I/O Paths                           :  No
  Timing Early Launch at Borrowing Latches   :  No
  Borrow Time for Max Delay Exceptions       :  Yes

  Corner  Analyze    Analyze    
  Name    Max Paths  Min Paths  
  ------  ---------  ---------  
  Slow    Yes        Yes        
  Fast    Yes        Yes        



check_timing report

Table of Contents
-----------------
1. checking no_clock
2. checking constant_clock
3. checking pulse_width_clock
4. checking unconstrained_internal_endpoints
5. checking no_input_delay
6. checking no_output_delay
7. checking multiple_clock
8. checking generated_clocks
9. checking loops
10. checking partial_input_delay
11. checking partial_output_delay
12. checking latch_loops

1. checking no_clock
--------------------
 There are 0 register/latch pins with no clock.


2. checking constant_clock
--------------------------
 There are 0 register/latch pins with constant_clock.


3. checking pulse_width_clock
-----------------------------
 There are 0 register/latch pins which need pulse_width check


4. checking unconstrained_internal_endpoints
--------------------------------------------
 There are 0 pins that are not constrained for maximum delay.

 There are 0 pins that are not constrained for maximum delay due to constant clock.


5. checking no_input_delay
--------------------------
 There are 210 input ports with no input delay specified. (HIGH)

 There are 0 input ports with no input delay but user has a false path constraint.


6. checking no_output_delay
---------------------------
 There are 66 ports with no output delay specified. (HIGH)

 There are 0 ports with no output delay but user has a false path constraint

 There are 0 ports with no output delay but with a timing clock defined on it or propagating through it


7. checking multiple_clock
--------------------------
 There are 0 register/latch pins with multiple clocks.


8. checking generated_clocks
----------------------------
 There are 0 generated clocks that are not connected to a clock source.


9. checking loops
-----------------
 There are 0 combinational loops in the design.


10. checking partial_input_delay
--------------------------------
 There are 0 input ports with partial input delay specified.


11. checking partial_output_delay
---------------------------------
 There are 0 ports with partial output delay specified.


12. checking latch_loops
------------------------
 There are 0 combinational latch loops in the design through latch input



------------------------------------------------------------------------------------------------
| Design Timing Summary
| ---------------------
------------------------------------------------------------------------------------------------

    WNS(ns)      TNS(ns)  TNS Failing Endpoints  TNS Total Endpoints      WHS(ns)      THS(ns)  THS Failing Endpoints  THS Total Endpoints     WPWS(ns)     TPWS(ns)  TPWS Failing Endpoints  TPWS Total Endpoints  
    -------      -------  ---------------------  -------------------      -------      -------  ---------------------  -------------------     --------     --------  ----------------------  --------------------  
      0.724        0.000                      0                99489        0.007        0.000                      0                99489        2.225        0.000                       0                 36324  


All user specified timing constraints are met.


------------------------------------------------------------------------------------------------
| Clock Summary
| -------------
------------------------------------------------------------------------------------------------

Clock   Waveform(ns)         Period(ns)      Frequency(MHz)
-----   ------------         ----------      --------------
ap_clk  {0.000 2.500}        5.000           200.000         


------------------------------------------------------------------------------------------------
| Intra Clock Table
| -----------------
------------------------------------------------------------------------------------------------

Clock             WNS(ns)      TNS(ns)  TNS Failing Endpoints  TNS Total Endpoints      WHS(ns)      THS(ns)  THS Failing Endpoints  THS Total Endpoints     WPWS(ns)     TPWS(ns)  TPWS Failing Endpoints  TPWS Total Endpoints  
-----             -------      -------  ---------------------  -------------------      -------      -------  ---------------------  -------------------     --------     --------  ----------------------  --------------------  
ap_clk              0.724        0.000                      0                99489        0.007        0.000                      0                99489        2.225        0.000                       0                 36324  


------------------------------------------------------------------------------------------------
| Inter Clock Table
| -----------------
------------------------------------------------------------------------------------------------

From Clock    To Clock          WNS(ns)      TNS(ns)  TNS Failing Endpoints  TNS Total Endpoints      WHS(ns)      THS(ns)  THS Failing Endpoints  THS Total Endpoints  
----------    --------          -------      -------  ---------------------  -------------------      -------      -------  ---------------------  -------------------  


------------------------------------------------------------------------------------------------
| Other Path Groups Table
| -----------------------
------------------------------------------------------------------------------------------------

Path Group    From Clock    To Clock          WNS(ns)      TNS(ns)  TNS Failing Endpoints  TNS Total Endpoints      WHS(ns)      THS(ns)  THS Failing Endpoints  THS Total Endpoints  
----------    ----------    --------          -------      -------  ---------------------  -------------------      -------      -------  ---------------------  -------------------  


------------------------------------------------------------------------------------------------
| Timing Details
| --------------
------------------------------------------------------------------------------------------------


---------------------------------------------------------------------------------------------------
From Clock:  ap_clk
  To Clock:  ap_clk

Setup :            0  Failing Endpoints,  Worst Slack        0.724ns,  Total Violation        0.000ns
Hold  :            0  Failing Endpoints,  Worst Slack        0.007ns,  Total Violation        0.000ns
PW    :            0  Failing Endpoints,  Worst Slack        2.225ns,  Total Violation        0.000ns
---------------------------------------------------------------------------------------------------


Max Delay Paths
--------------------------------------------------------------------------------------
Slack (MET) :             0.724ns  (required time - arrival time)
  Source:                 denselayer1/FSM_onehot_state_reg[2]/C
                            (rising edge-triggered cell FDCE clocked by ap_clk  {rise@0.000ns fall@2.500ns period=5.000ns})
  Destination:            denselayer1/output_data_reg[56][10]/CE
                            (rising edge-triggered cell FDCE clocked by ap_clk  {rise@0.000ns fall@2.500ns period=5.000ns})
  Path Group:             ap_clk
  Path Type:              Setup (Max at Slow Process Corner)
  Requirement:            5.000ns  (ap_clk rise@5.000ns - ap_clk rise@0.000ns)
  Data Path Delay:        4.078ns  (logic 0.066ns (1.618%)  route 4.012ns (98.382%))
  Logic Levels:           0  
  Clock Path Skew:        -0.119ns (DCD - SCD + CPR)
    Destination Clock Delay (DCD):    2.991ns = ( 7.991 - 5.000 ) 
    Source Clock Delay      (SCD):    3.491ns
    Clock Pessimism Removal (CPR):    0.381ns
  Clock Uncertainty:      0.035ns  ((TSJ^2 + TIJ^2)^1/2 + DJ) / 2 + PE
    Total System Jitter     (TSJ):    0.071ns
    Total Input Jitter      (TIJ):    0.000ns
    Discrete Jitter          (DJ):    0.000ns
    Phase Error              (PE):    0.000ns
  Clock Net Delay (Source):      2.549ns (routing 1.456ns, distribution 1.093ns)
  Clock Net Delay (Destination): 2.293ns (routing 1.319ns, distribution 0.974ns)

    Location             Delay type                Incr(ns)  Path(ns)    Netlist Resource(s)
  -------------------------------------------------------------------    -------------------
                         (clock ap_clk rise edge)     0.000     0.000 r  
    E39                                               0.000     0.000 r  clk (IN)
                         net (fo=0)                   0.000     0.000    clk_IBUF_inst/I
    E39                  INBUF (Prop_INBUF_HPIOB_M_PAD_O)
                                                      0.589     0.589 r  clk_IBUF_inst/INBUF_INST/O
                         net (fo=1, routed)           0.000     0.589    clk_IBUF_inst/OUT
    E39                  IBUFCTRL (Prop_IBUFCTRL_HPIOB_M_I_O)
                                                      0.000     0.589 r  clk_IBUF_inst/IBUFCTRL_INST/O
                         net (fo=1, routed)           0.325     0.914    clk_IBUF
    BUFGCE_X0Y218        BUFGCE (Prop_BUFCE_BUFGCE_I_O)
                                                      0.028     0.942 r  clk_IBUF_BUFG_inst/O
    X3Y5 (CLOCK_ROOT)    net (fo=45449, routed)       2.549     3.491    denselayer1/clk_IBUF_BUFG
    SLR Crossing[2->1]   
    SLICE_X121Y367       FDCE                                         r  denselayer1/FSM_onehot_state_reg[2]/C
  -------------------------------------------------------------------    -------------------
    SLICE_X121Y367       FDCE (Prop_FFF_SLICEM_C_Q)
                                                      0.066     3.557 r  denselayer1/FSM_onehot_state_reg[2]/Q
                         net (fo=845, routed)         4.012     7.569    denselayer1/output_data
    SLICE_X35Y335        FDCE                                         r  denselayer1/output_data_reg[56][10]/CE
  -------------------------------------------------------------------    -------------------

                         (clock ap_clk rise edge)     5.000     5.000 r  
    E39                                               0.000     5.000 r  clk (IN)
                         net (fo=0)                   0.000     5.000    clk_IBUF_inst/I
    E39                  INBUF (Prop_INBUF_HPIOB_M_PAD_O)
                                                      0.385     5.385 r  clk_IBUF_inst/INBUF_INST/O
                         net (fo=1, routed)           0.000     5.385    clk_IBUF_inst/OUT
    E39                  IBUFCTRL (Prop_IBUFCTRL_HPIOB_M_I_O)
                                                      0.000     5.385 r  clk_IBUF_inst/IBUFCTRL_INST/O
                         net (fo=1, routed)           0.289     5.674    clk_IBUF
    BUFGCE_X0Y218        BUFGCE (Prop_BUFCE_BUFGCE_I_O)
                                                      0.024     5.698 r  clk_IBUF_BUFG_inst/O
    X3Y5 (CLOCK_ROOT)    net (fo=45449, routed)       2.293     7.991    denselayer1/clk_IBUF_BUFG
    SLR Crossing[2->1]   
    SLICE_X35Y335        FDCE                                         r  denselayer1/output_data_reg[56][10]/C
                         clock pessimism              0.381     8.372    
                         clock uncertainty           -0.035     8.337    
    SLICE_X35Y335        FDCE (Setup_BFF_SLICEM_C_CE)
                                                     -0.044     8.293    denselayer1/output_data_reg[56][10]
  -------------------------------------------------------------------
                         required time                          8.293    
                         arrival time                          -7.569    
  -------------------------------------------------------------------
                         slack                                  0.724    





Min Delay Paths
--------------------------------------------------------------------------------------
Slack (MET) :             0.007ns  (arrival time - required time)
  Source:                 denselayer1/INPUT_SIZE_rows[15].OUTPUT_SIZE_cols[16].sa/data_out_reg[15]/C
                            (rising edge-triggered cell FDRE clocked by ap_clk  {rise@0.000ns fall@2.500ns period=5.000ns})
  Destination:            denselayer1/sum_all/col_trees[16].column_tree/genblk2[1].genblk1[7].tree_reg[7][8]/D
                            (rising edge-triggered cell FDRE clocked by ap_clk  {rise@0.000ns fall@2.500ns period=5.000ns})
  Path Group:             ap_clk
  Path Type:              Hold (Min at Slow Process Corner)
  Requirement:            0.000ns  (ap_clk rise@0.000ns - ap_clk rise@0.000ns)
  Data Path Delay:        0.176ns  (logic 0.097ns (55.114%)  route 0.079ns (44.886%))
  Logic Levels:           2  (CARRY8=1 LUT6=1)
  Clock Path Skew:        0.123ns (DCD - SCD - CPR)
    Destination Clock Delay (DCD):    3.567ns
    Source Clock Delay      (SCD):    3.059ns
    Clock Pessimism Removal (CPR):    0.385ns
  Clock Net Delay (Source):      2.361ns (routing 1.319ns, distribution 1.042ns)
  Clock Net Delay (Destination): 2.625ns (routing 1.456ns, distribution 1.169ns)

    Location             Delay type                Incr(ns)  Path(ns)    Netlist Resource(s)
  -------------------------------------------------------------------    -------------------
                         (clock ap_clk rise edge)     0.000     0.000 r  
    E39                                               0.000     0.000 r  clk (IN)
                         net (fo=0)                   0.000     0.000    clk_IBUF_inst/I
    E39                  INBUF (Prop_INBUF_HPIOB_M_PAD_O)
                                                      0.385     0.385 r  clk_IBUF_inst/INBUF_INST/O
                         net (fo=1, routed)           0.000     0.385    clk_IBUF_inst/OUT
    E39                  IBUFCTRL (Prop_IBUFCTRL_HPIOB_M_I_O)
                                                      0.000     0.385 r  clk_IBUF_inst/IBUFCTRL_INST/O
                         net (fo=1, routed)           0.289     0.674    clk_IBUF
    BUFGCE_X0Y218        BUFGCE (Prop_BUFCE_BUFGCE_I_O)
                                                      0.024     0.698 r  clk_IBUF_BUFG_inst/O
    X3Y5 (CLOCK_ROOT)    net (fo=45449, routed)       2.361     3.059    denselayer1/INPUT_SIZE_rows[15].OUTPUT_SIZE_cols[16].sa/clk_IBUF_BUFG
    SLR Crossing[2->1]   
    SLICE_X29Y298        FDRE                                         r  denselayer1/INPUT_SIZE_rows[15].OUTPUT_SIZE_cols[16].sa/data_out_reg[15]/C
  -------------------------------------------------------------------    -------------------
    SLICE_X29Y298        FDRE (Prop_CFF_SLICEL_C_Q)
                                                      0.054     3.113 r  denselayer1/INPUT_SIZE_rows[15].OUTPUT_SIZE_cols[16].sa/data_out_reg[15]/Q
                         net (fo=3, routed)           0.059     3.172    denselayer1/INPUT_SIZE_rows[15].OUTPUT_SIZE_cols[16].sa/p_16_out[15]
    SLICE_X29Y300        LUT6 (Prop_A6LUT_SLICEL_I5_O)
                                                      0.019     3.191 r  denselayer1/INPUT_SIZE_rows[15].OUTPUT_SIZE_cols[16].sa/col_trees[16].column_tree/genblk2[1].genblk1[7].tree[7][12]_i_10/O
                         net (fo=1, routed)           0.010     3.201    denselayer1/INPUT_SIZE_rows[15].OUTPUT_SIZE_cols[16].sa/col_trees[16].column_tree/genblk2[1].genblk1[7].tree[7][12]_i_10_n_0
    SLICE_X29Y300        CARRY8 (Prop_CARRY8_SLICEL_S[0]_O[0])
                                                      0.024     3.225 r  denselayer1/INPUT_SIZE_rows[15].OUTPUT_SIZE_cols[16].sa/col_trees[16].column_tree/genblk2[1].genblk1[7].tree_reg[7][12]_i_1/O[0]
                         net (fo=1, routed)           0.010     3.235    denselayer1/sum_all/col_trees[16].column_tree/genblk2[1].genblk1[7].tree_reg[7][12]_0[8]
    SLICE_X29Y300        FDRE                                         r  denselayer1/sum_all/col_trees[16].column_tree/genblk2[1].genblk1[7].tree_reg[7][8]/D
  -------------------------------------------------------------------    -------------------

                         (clock ap_clk rise edge)     0.000     0.000 r  
    E39                                               0.000     0.000 r  clk (IN)
                         net (fo=0)                   0.000     0.000    clk_IBUF_inst/I
    E39                  INBUF (Prop_INBUF_HPIOB_M_PAD_O)
                                                      0.589     0.589 r  clk_IBUF_inst/INBUF_INST/O
                         net (fo=1, routed)           0.000     0.589    clk_IBUF_inst/OUT
    E39                  IBUFCTRL (Prop_IBUFCTRL_HPIOB_M_I_O)
                                                      0.000     0.589 r  clk_IBUF_inst/IBUFCTRL_INST/O
                         net (fo=1, routed)           0.325     0.914    clk_IBUF
    BUFGCE_X0Y218        BUFGCE (Prop_BUFCE_BUFGCE_I_O)
                                                      0.028     0.942 r  clk_IBUF_BUFG_inst/O
    X3Y5 (CLOCK_ROOT)    net (fo=45449, routed)       2.625     3.567    denselayer1/sum_all/col_trees[16].column_tree/clk_IBUF_BUFG
    SLR Crossing[2->1]   
    SLICE_X29Y300        FDRE                                         r  denselayer1/sum_all/col_trees[16].column_tree/genblk2[1].genblk1[7].tree_reg[7][8]/C
                         clock pessimism             -0.385     3.182    
    SLICE_X29Y300        FDRE (Hold_AFF_SLICEL_C_D)
                                                      0.046     3.228    denselayer1/sum_all/col_trees[16].column_tree/genblk2[1].genblk1[7].tree_reg[7][8]
  -------------------------------------------------------------------
                         required time                         -3.228    
                         arrival time                           3.235    
  -------------------------------------------------------------------
                         slack                                  0.007    





Pulse Width Checks
--------------------------------------------------------------------------------------
Clock Name:         ap_clk
Waveform(ns):       { 0.000 2.500 }
Period(ns):         5.000
Sources:            { clk }

Check Type        Corner  Lib Pin   Reference Pin  Required(ns)  Actual(ns)  Slack(ns)  Location        Pin
Min Period        n/a     BUFGCE/I  n/a            1.122         5.000       3.878      BUFGCE_X0Y218   clk_IBUF_BUFG_inst/I
Low Pulse Width   Slow    FDRE/C    n/a            0.275         2.500       2.225      SLICE_X31Y308   denselayer1/INPUT_SIZE_rows[4].OUTPUT_SIZE_cols[16].sa/data_out_reg[12]/C
High Pulse Width  Slow    FDRE/C    n/a            0.275         2.500       2.225      SLICE_X169Y432  denselayer3/INPUT_SIZE_rows[14].OUTPUT_SIZE_cols[24].sa/data_out_reg[10]/C



