Copyright 1986-2019 Xilinx, Inc. All Rights Reserved.
-------------------------------------------------------------------------------------------
| Tool Version      : Vivado v.2019.1 (lin64) Build 2552052 Fri May 24 14:47:09 MDT 2019
| Date              : Sun Nov 30 11:08:43 2025
| Host              : hvm1 running 64-bit Ubuntu 22.04.5 LTS
| Command           : report_timing_summary -file ../reports/13_5_Argmax_P1_PO1_timing.rpt
| Design            : waiz_benchmark
| Device            : xcvu13p-fhga2104
| Speed File        : -3  PRODUCTION 1.23 03-18-2019
| Temperature Grade : E
-------------------------------------------------------------------------------------------

Timing Summary Report

------------------------------------------------------------------------------------------------
| Timer Settings
| --------------
------------------------------------------------------------------------------------------------

  Enable Multi Corner Analysis               :  Yes
  Enable Pessimism Removal                   :  Yes
  Pessimism Removal Resolution               :  Nearest Common Node
  Enable Input Delay Default Clock           :  No
  Enable Preset / Clear Arcs                 :  No
  Disable Flight Delays                      :  No
  Ignore I/O Paths                           :  No
  Timing Early Launch at Borrowing Latches   :  No
  Borrow Time for Max Delay Exceptions       :  Yes

  Corner  Analyze    Analyze    
  Name    Max Paths  Min Paths  
  ------  ---------  ---------  
  Slow    Yes        Yes        
  Fast    Yes        Yes        



check_timing report

Table of Contents
-----------------
1. checking no_clock
2. checking constant_clock
3. checking pulse_width_clock
4. checking unconstrained_internal_endpoints
5. checking no_input_delay
6. checking no_output_delay
7. checking multiple_clock
8. checking generated_clocks
9. checking loops
10. checking partial_input_delay
11. checking partial_output_delay
12. checking latch_loops

1. checking no_clock
--------------------
 There are 0 register/latch pins with no clock.


2. checking constant_clock
--------------------------
 There are 0 register/latch pins with constant_clock.


3. checking pulse_width_clock
-----------------------------
 There are 0 register/latch pins which need pulse_width check


4. checking unconstrained_internal_endpoints
--------------------------------------------
 There are 0 pins that are not constrained for maximum delay.

 There are 0 pins that are not constrained for maximum delay due to constant clock.


5. checking no_input_delay
--------------------------
 There are 210 input ports with no input delay specified. (HIGH)

 There are 0 input ports with no input delay but user has a false path constraint.


6. checking no_output_delay
---------------------------
 There are 6 ports with no output delay specified. (HIGH)

 There are 0 ports with no output delay but user has a false path constraint

 There are 0 ports with no output delay but with a timing clock defined on it or propagating through it


7. checking multiple_clock
--------------------------
 There are 0 register/latch pins with multiple clocks.


8. checking generated_clocks
----------------------------
 There are 0 generated clocks that are not connected to a clock source.


9. checking loops
-----------------
 There are 0 combinational loops in the design.


10. checking partial_input_delay
--------------------------------
 There are 0 input ports with partial input delay specified.


11. checking partial_output_delay
---------------------------------
 There are 0 ports with partial output delay specified.


12. checking latch_loops
------------------------
 There are 0 combinational latch loops in the design through latch input



------------------------------------------------------------------------------------------------
| Design Timing Summary
| ---------------------
------------------------------------------------------------------------------------------------

    WNS(ns)      TNS(ns)  TNS Failing Endpoints  TNS Total Endpoints      WHS(ns)      THS(ns)  THS Failing Endpoints  THS Total Endpoints     WPWS(ns)     TPWS(ns)  TPWS Failing Endpoints  TPWS Total Endpoints  
    -------      -------  ---------------------  -------------------      -------      -------  ---------------------  -------------------     --------     --------  ----------------------  --------------------  
      0.545        0.000                      0                73876        0.006        0.000                      0                73876        2.032        0.000                       0                 43656  


All user specified timing constraints are met.


------------------------------------------------------------------------------------------------
| Clock Summary
| -------------
------------------------------------------------------------------------------------------------

Clock   Waveform(ns)         Period(ns)      Frequency(MHz)
-----   ------------         ----------      --------------
ap_clk  {0.000 2.500}        5.000           200.000         


------------------------------------------------------------------------------------------------
| Intra Clock Table
| -----------------
------------------------------------------------------------------------------------------------

Clock             WNS(ns)      TNS(ns)  TNS Failing Endpoints  TNS Total Endpoints      WHS(ns)      THS(ns)  THS Failing Endpoints  THS Total Endpoints     WPWS(ns)     TPWS(ns)  TPWS Failing Endpoints  TPWS Total Endpoints  
-----             -------      -------  ---------------------  -------------------      -------      -------  ---------------------  -------------------     --------     --------  ----------------------  --------------------  
ap_clk              0.545        0.000                      0                73876        0.006        0.000                      0                73876        2.032        0.000                       0                 43656  


------------------------------------------------------------------------------------------------
| Inter Clock Table
| -----------------
------------------------------------------------------------------------------------------------

From Clock    To Clock          WNS(ns)      TNS(ns)  TNS Failing Endpoints  TNS Total Endpoints      WHS(ns)      THS(ns)  THS Failing Endpoints  THS Total Endpoints  
----------    --------          -------      -------  ---------------------  -------------------      -------      -------  ---------------------  -------------------  


------------------------------------------------------------------------------------------------
| Other Path Groups Table
| -----------------------
------------------------------------------------------------------------------------------------

Path Group    From Clock    To Clock          WNS(ns)      TNS(ns)  TNS Failing Endpoints  TNS Total Endpoints      WHS(ns)      THS(ns)  THS Failing Endpoints  THS Total Endpoints  
----------    ----------    --------          -------      -------  ---------------------  -------------------      -------      -------  ---------------------  -------------------  


------------------------------------------------------------------------------------------------
| Timing Details
| --------------
------------------------------------------------------------------------------------------------


---------------------------------------------------------------------------------------------------
From Clock:  ap_clk
  To Clock:  ap_clk

Setup :            0  Failing Endpoints,  Worst Slack        0.545ns,  Total Violation        0.000ns
Hold  :            0  Failing Endpoints,  Worst Slack        0.006ns,  Total Violation        0.000ns
PW    :            0  Failing Endpoints,  Worst Slack        2.032ns,  Total Violation        0.000ns
---------------------------------------------------------------------------------------------------


Max Delay Paths
--------------------------------------------------------------------------------------
Slack (MET) :             0.545ns  (required time - arrival time)
  Source:                 denselayer1/output_data_reg[8][11]/C
                            (rising edge-triggered cell FDRE clocked by ap_clk  {rise@0.000ns fall@2.500ns period=5.000ns})
  Destination:            denselayer2/INPUT_SIZE_rows[8].OUTPUT_SIZE_cols[13].sa/data_out_reg/DSP_OUTPUT_INST/ALU_OUT[12]
                            (rising edge-triggered cell DSP_OUTPUT clocked by ap_clk  {rise@0.000ns fall@2.500ns period=5.000ns})
  Path Group:             ap_clk
  Path Type:              Setup (Max at Slow Process Corner)
  Requirement:            5.000ns  (ap_clk rise@5.000ns - ap_clk rise@0.000ns)
  Data Path Delay:        4.175ns  (logic 1.261ns (30.204%)  route 2.914ns (69.796%))
  Logic Levels:           6  (DSP_A_B_DATA=1 DSP_ALU=1 DSP_M_DATA=1 DSP_MULTIPLIER=1 DSP_PREADD_DATA=1 LUT2=1)
  Clock Path Skew:        -0.261ns (DCD - SCD + CPR)
    Destination Clock Delay (DCD):    2.379ns = ( 7.379 - 5.000 ) 
    Source Clock Delay      (SCD):    2.966ns
    Clock Pessimism Removal (CPR):    0.326ns
  Clock Uncertainty:      0.035ns  ((TSJ^2 + TIJ^2)^1/2 + DJ) / 2 + PE
    Total System Jitter     (TSJ):    0.071ns
    Total Input Jitter      (TIJ):    0.000ns
    Discrete Jitter          (DJ):    0.000ns
    Phase Error              (PE):    0.000ns
  Clock Net Delay (Source):      2.010ns (routing 0.868ns, distribution 1.142ns)
  Clock Net Delay (Destination): 1.668ns (routing 0.787ns, distribution 0.881ns)

    Location             Delay type                Incr(ns)  Path(ns)    Netlist Resource(s)
  -------------------------------------------------------------------    -------------------
                         (clock ap_clk rise edge)     0.000     0.000 r  
    BC10                                              0.000     0.000 r  clk (IN)
                         net (fo=0)                   0.000     0.000    clk_IBUF_inst/I
    BC10                 INBUF (Prop_INBUF_HPIOB_M_PAD_O)
                                                      0.593     0.593 r  clk_IBUF_inst/INBUF_INST/O
                         net (fo=1, routed)           0.000     0.593    clk_IBUF_inst/OUT
    BC10                 IBUFCTRL (Prop_IBUFCTRL_HPIOB_M_I_O)
                                                      0.000     0.593 r  clk_IBUF_inst/IBUFCTRL_INST/O
                         net (fo=1, routed)           0.335     0.928    clk_IBUF
    BUFGCE_X0Y146        BUFGCE (Prop_BUFCE_BUFGCE_I_O)
                                                      0.028     0.956 r  clk_IBUF_BUFG_inst/O
    X3Y5 (CLOCK_ROOT)    net (fo=48515, routed)       2.010     2.966    denselayer1/clk_IBUF_BUFG
    SLICE_X153Y300       FDRE                                         r  denselayer1/output_data_reg[8][11]/C
  -------------------------------------------------------------------    -------------------
    SLICE_X153Y300       FDRE (Prop_CFF_SLICEL_C_Q)
                                                      0.070     3.036 f  denselayer1/output_data_reg[8][11]/Q
                         net (fo=15, routed)          1.669     4.705    relulayer1/O3643[11]
    SLICE_X146Y455       LUT2 (Prop_C5LUT_SLICEM_I0_O)
                                                      0.087     4.792 f  relulayer1/data_out_reg_i_1__7/O
                         net (fo=103, routed)         1.245     6.037    denselayer2/INPUT_SIZE_rows[8].OUTPUT_SIZE_cols[13].sa/data_out_reg/A[11]
    DSP48E2_X15Y189      DSP_A_B_DATA (Prop_DSP_A_B_DATA_DSP48E2_A[11]_A2_DATA[11])
                                                      0.155     6.192 r  denselayer2/INPUT_SIZE_rows[8].OUTPUT_SIZE_cols[13].sa/data_out_reg/DSP_A_B_DATA_INST/A2_DATA[11]
                         net (fo=1, routed)           0.000     6.192    denselayer2/INPUT_SIZE_rows[8].OUTPUT_SIZE_cols[13].sa/data_out_reg/DSP_A_B_DATA.A2_DATA<11>
    DSP48E2_X15Y189      DSP_PREADD_DATA (Prop_DSP_PREADD_DATA_DSP48E2_A2_DATA[11]_A2A1[11])
                                                      0.060     6.252 r  denselayer2/INPUT_SIZE_rows[8].OUTPUT_SIZE_cols[13].sa/data_out_reg/DSP_PREADD_DATA_INST/A2A1[11]
                         net (fo=1, routed)           0.000     6.252    denselayer2/INPUT_SIZE_rows[8].OUTPUT_SIZE_cols[13].sa/data_out_reg/DSP_PREADD_DATA.A2A1<11>
    DSP48E2_X15Y189      DSP_MULTIPLIER (Prop_DSP_MULTIPLIER_DSP48E2_A2A1[11]_U[12])
                                                      0.403     6.655 f  denselayer2/INPUT_SIZE_rows[8].OUTPUT_SIZE_cols[13].sa/data_out_reg/DSP_MULTIPLIER_INST/U[12]
                         net (fo=1, routed)           0.000     6.655    denselayer2/INPUT_SIZE_rows[8].OUTPUT_SIZE_cols[13].sa/data_out_reg/DSP_MULTIPLIER.U<12>
    DSP48E2_X15Y189      DSP_M_DATA (Prop_DSP_M_DATA_DSP48E2_U[12]_U_DATA[12])
                                                      0.035     6.690 r  denselayer2/INPUT_SIZE_rows[8].OUTPUT_SIZE_cols[13].sa/data_out_reg/DSP_M_DATA_INST/U_DATA[12]
                         net (fo=1, routed)           0.000     6.690    denselayer2/INPUT_SIZE_rows[8].OUTPUT_SIZE_cols[13].sa/data_out_reg/DSP_M_DATA.U_DATA<12>
    DSP48E2_X15Y189      DSP_ALU (Prop_DSP_ALU_DSP48E2_U_DATA[12]_ALU_OUT[12])
                                                      0.451     7.141 r  denselayer2/INPUT_SIZE_rows[8].OUTPUT_SIZE_cols[13].sa/data_out_reg/DSP_ALU_INST/ALU_OUT[12]
                         net (fo=1, routed)           0.000     7.141    denselayer2/INPUT_SIZE_rows[8].OUTPUT_SIZE_cols[13].sa/data_out_reg/DSP_ALU.ALU_OUT<12>
    DSP48E2_X15Y189      DSP_OUTPUT                                   r  denselayer2/INPUT_SIZE_rows[8].OUTPUT_SIZE_cols[13].sa/data_out_reg/DSP_OUTPUT_INST/ALU_OUT[12]
  -------------------------------------------------------------------    -------------------

                         (clock ap_clk rise edge)     5.000     5.000 r  
    BC10                                              0.000     5.000 r  clk (IN)
                         net (fo=0)                   0.000     5.000    clk_IBUF_inst/I
    BC10                 INBUF (Prop_INBUF_HPIOB_M_PAD_O)
                                                      0.389     5.389 r  clk_IBUF_inst/INBUF_INST/O
                         net (fo=1, routed)           0.000     5.389    clk_IBUF_inst/OUT
    BC10                 IBUFCTRL (Prop_IBUFCTRL_HPIOB_M_I_O)
                                                      0.000     5.389 r  clk_IBUF_inst/IBUFCTRL_INST/O
                         net (fo=1, routed)           0.298     5.687    clk_IBUF
    BUFGCE_X0Y146        BUFGCE (Prop_BUFCE_BUFGCE_I_O)
                                                      0.024     5.711 r  clk_IBUF_BUFG_inst/O
    X3Y5 (CLOCK_ROOT)    net (fo=48515, routed)       1.668     7.379    denselayer2/INPUT_SIZE_rows[8].OUTPUT_SIZE_cols[13].sa/data_out_reg/CLK
    DSP48E2_X15Y189      DSP_OUTPUT                                   r  denselayer2/INPUT_SIZE_rows[8].OUTPUT_SIZE_cols[13].sa/data_out_reg/DSP_OUTPUT_INST/CLK
                         clock pessimism              0.326     7.705    
                         clock uncertainty           -0.035     7.670    
    DSP48E2_X15Y189      DSP_OUTPUT (Setup_DSP_OUTPUT_DSP48E2_CLK_ALU_OUT[12])
                                                      0.016     7.686    denselayer2/INPUT_SIZE_rows[8].OUTPUT_SIZE_cols[13].sa/data_out_reg/DSP_OUTPUT_INST
  -------------------------------------------------------------------
                         required time                          7.686    
                         arrival time                          -7.141    
  -------------------------------------------------------------------
                         slack                                  0.545    





Min Delay Paths
--------------------------------------------------------------------------------------
Slack (MET) :             0.006ns  (arrival time - required time)
  Source:                 denselayer2/sum_all/col_trees[16].column_tree/genblk2[1].genblk1[7].tree_reg[7][3]/C
                            (rising edge-triggered cell FDRE clocked by ap_clk  {rise@0.000ns fall@2.500ns period=5.000ns})
  Destination:            denselayer2/sum_all/col_trees[16].column_tree/genblk2[0].genblk1[1].tree_reg[1][4]/D
                            (rising edge-triggered cell FDRE clocked by ap_clk  {rise@0.000ns fall@2.500ns period=5.000ns})
  Path Group:             ap_clk
  Path Type:              Hold (Min at Slow Process Corner)
  Requirement:            0.000ns  (ap_clk rise@0.000ns - ap_clk rise@0.000ns)
  Data Path Delay:        0.216ns  (logic 0.095ns (43.981%)  route 0.121ns (56.018%))
  Logic Levels:           2  (CARRY8=1 LUT6=1)
  Clock Path Skew:        0.164ns (DCD - SCD - CPR)
    Destination Clock Delay (DCD):    2.948ns
    Source Clock Delay      (SCD):    2.458ns
    Clock Pessimism Removal (CPR):    0.326ns
  Clock Net Delay (Source):      1.747ns (routing 0.787ns, distribution 0.960ns)
  Clock Net Delay (Destination): 1.992ns (routing 0.868ns, distribution 1.124ns)

    Location             Delay type                Incr(ns)  Path(ns)    Netlist Resource(s)
  -------------------------------------------------------------------    -------------------
                         (clock ap_clk rise edge)     0.000     0.000 r  
    BC10                                              0.000     0.000 r  clk (IN)
                         net (fo=0)                   0.000     0.000    clk_IBUF_inst/I
    BC10                 INBUF (Prop_INBUF_HPIOB_M_PAD_O)
                                                      0.389     0.389 r  clk_IBUF_inst/INBUF_INST/O
                         net (fo=1, routed)           0.000     0.389    clk_IBUF_inst/OUT
    BC10                 IBUFCTRL (Prop_IBUFCTRL_HPIOB_M_I_O)
                                                      0.000     0.389 r  clk_IBUF_inst/IBUFCTRL_INST/O
                         net (fo=1, routed)           0.298     0.687    clk_IBUF
    BUFGCE_X0Y146        BUFGCE (Prop_BUFCE_BUFGCE_I_O)
                                                      0.024     0.711 r  clk_IBUF_BUFG_inst/O
    X3Y5 (CLOCK_ROOT)    net (fo=48515, routed)       1.747     2.458    denselayer2/sum_all/col_trees[16].column_tree/clk_IBUF_BUFG
    SLICE_X133Y356       FDRE                                         r  denselayer2/sum_all/col_trees[16].column_tree/genblk2[1].genblk1[7].tree_reg[7][3]/C
  -------------------------------------------------------------------    -------------------
    SLICE_X133Y356       FDRE (Prop_DFF_SLICEM_C_Q)
                                                      0.053     2.511 r  denselayer2/sum_all/col_trees[16].column_tree/genblk2[1].genblk1[7].tree_reg[7][3]/Q
                         net (fo=3, routed)           0.103     2.614    denselayer2/sum_all/col_trees[16].column_tree/genblk2[1].genblk1[7].tree_reg[7]_299[3]
    SLICE_X131Y360       LUT6 (Prop_E6LUT_SLICEL_I5_O)
                                                      0.019     2.633 r  denselayer2/sum_all/col_trees[16].column_tree/genblk2[0].genblk1[1].tree[1][7]_i_12__0/O
                         net (fo=1, routed)           0.008     2.641    denselayer2/sum_all/col_trees[16].column_tree/genblk2[0].genblk1[1].tree[1][7]_i_12__0_n_0
    SLICE_X131Y360       CARRY8 (Prop_CARRY8_SLICEL_S[4]_O[4])
                                                      0.023     2.664 r  denselayer2/sum_all/col_trees[16].column_tree/genblk2[0].genblk1[1].tree_reg[1][7]_i_1__0/O[4]
                         net (fo=1, routed)           0.010     2.674    denselayer2/sum_all/col_trees[16].column_tree/p_20_out[4]
    SLICE_X131Y360       FDRE                                         r  denselayer2/sum_all/col_trees[16].column_tree/genblk2[0].genblk1[1].tree_reg[1][4]/D
  -------------------------------------------------------------------    -------------------

                         (clock ap_clk rise edge)     0.000     0.000 r  
    BC10                                              0.000     0.000 r  clk (IN)
                         net (fo=0)                   0.000     0.000    clk_IBUF_inst/I
    BC10                 INBUF (Prop_INBUF_HPIOB_M_PAD_O)
                                                      0.593     0.593 r  clk_IBUF_inst/INBUF_INST/O
                         net (fo=1, routed)           0.000     0.593    clk_IBUF_inst/OUT
    BC10                 IBUFCTRL (Prop_IBUFCTRL_HPIOB_M_I_O)
                                                      0.000     0.593 r  clk_IBUF_inst/IBUFCTRL_INST/O
                         net (fo=1, routed)           0.335     0.928    clk_IBUF
    BUFGCE_X0Y146        BUFGCE (Prop_BUFCE_BUFGCE_I_O)
                                                      0.028     0.956 r  clk_IBUF_BUFG_inst/O
    X3Y5 (CLOCK_ROOT)    net (fo=48515, routed)       1.992     2.948    denselayer2/sum_all/col_trees[16].column_tree/clk_IBUF_BUFG
    SLICE_X131Y360       FDRE                                         r  denselayer2/sum_all/col_trees[16].column_tree/genblk2[0].genblk1[1].tree_reg[1][4]/C
                         clock pessimism             -0.326     2.622    
    SLICE_X131Y360       FDRE (Hold_EFF_SLICEL_C_D)
                                                      0.046     2.668    denselayer2/sum_all/col_trees[16].column_tree/genblk2[0].genblk1[1].tree_reg[1][4]
  -------------------------------------------------------------------
                         required time                         -2.668    
                         arrival time                           2.674    
  -------------------------------------------------------------------
                         slack                                  0.006    





Pulse Width Checks
--------------------------------------------------------------------------------------
Clock Name:         ap_clk
Waveform(ns):       { 0.000 2.500 }
Period(ns):         5.000
Sources:            { clk }

Check Type        Corner  Lib Pin     Reference Pin  Required(ns)  Actual(ns)  Slack(ns)  Location        Pin
Min Period        n/a     BUFGCE/I    n/a            1.122         5.000       3.878      BUFGCE_X0Y146   clk_IBUF_BUFG_inst/I
Low Pulse Width   Fast    SRL16E/CLK  n/a            0.468         2.500       2.032      SLICE_X102Y417  denselayer2/ready_buffer_reg[3]_srl3_denselayer2_ready_buffer_reg_c_0/CLK
High Pulse Width  Slow    SRL16E/CLK  n/a            0.468         2.500       2.032      SLICE_X85Y416   denselayer3/ready_buffer_reg[3]_srl3_denselayer2_ready_buffer_reg_c_0/CLK



