Copyright 1986-2019 Xilinx, Inc. All Rights Reserved.
-----------------------------------------------------------------------------------------------------------------------
| Tool Version : Vivado v.2019.1 (lin64) Build 2552052 Fri May 24 14:47:09 MDT 2019
| Date         : Thu Nov 27 19:12:52 2025
| Host         : hvm1 running 64-bit Ubuntu 22.04.5 LTS
| Command      : report_utilization -hierarchical -hierarchical_depth 1 -file ../reports/16_6_Argmax_pipe3PO1_hier.rpt
| Design       : waiz_benchmark
| Device       : xcvu13pfhga2104-3
| Design State : Routed
-----------------------------------------------------------------------------------------------------------------------

Utilization Design Information

Table of Contents
-----------------
1. Utilization by Hierarchy

1. Utilization by Hierarchy
---------------------------

+--------------------+---------------------------------------+------------+------------+---------+------+-------+--------+--------+------+--------------+
|      Instance      |                 Module                | Total LUTs | Logic LUTs | LUTRAMs | SRLs |  FFs  | RAMB36 | RAMB18 | URAM | DSP48 Blocks |
+--------------------+---------------------------------------+------------+------------+---------+------+-------+--------+--------+------+--------------+
| waiz_benchmark     |                                 (top) |      99691 |      99691 |       0 |    0 | 34747 |      0 |      0 |    0 |         1135 |
|   (waiz_benchmark) |                                 (top) |       7215 |       7215 |       0 |    0 |     0 |      0 |      0 |    0 |            0 |
|   denselayer1      |                            denseLayer |      48821 |      48821 |       0 |    0 |  9505 |      0 |      0 |    0 |          340 |
|   denselayer2      |            denseLayer__parameterized0 |      30137 |      30137 |       0 |    0 | 15958 |      0 |      0 |    0 |          362 |
|   denselayer3      |            denseLayer__parameterized1 |      10566 |      10566 |       0 |    0 |  7801 |      0 |      0 |    0 |          376 |
|   denselayer4      |            denseLayer__parameterized2 |       1349 |       1349 |       0 |    0 |  1477 |      0 |      0 |    0 |           57 |
|   relulayer1       |                   reluActivationLayer |       6390 |       6390 |       0 |    0 |     0 |      0 |      0 |    0 |            0 |
|   relulayer2       |   reluActivationLayer__parameterized0 |       2662 |       2662 |       0 |    0 |     0 |      0 |      0 |    0 |            0 |
|   relulayer3       | reluActivationLayer__parameterized0_0 |        777 |        777 |       0 |    0 |     0 |      0 |      0 |    0 |            0 |
|   softmax          |                    softmaxArgmaxLayer |          0 |          0 |       0 |    0 |     6 |      0 |      0 |    0 |            0 |
+--------------------+---------------------------------------+------------+------------+---------+------+-------+--------+--------+------+--------------+
* Note: The sum of lower-level cells may be larger than their parent cells total, due to cross-hierarchy LUT combining


