Copyright 1986-2019 Xilinx, Inc. All Rights Reserved.
-----------------------------------------------------------------------------------------
| Tool Version      : Vivado v.2019.1 (lin64) Build 2552052 Fri May 24 14:47:09 MDT 2019
| Date              : Wed Nov  5 23:54:08 2025
| Host              : hvm1 running 64-bit Ubuntu 22.04.5 LTS
| Command           : report_timing_summary -file reports/16_6_SA6_timing.rpt
| Design            : waiz_benchmark
| Device            : xcvu13p-fhga2104
| Speed File        : -3  PRODUCTION 1.23 03-18-2019
| Temperature Grade : E
-----------------------------------------------------------------------------------------

Timing Summary Report

------------------------------------------------------------------------------------------------
| Timer Settings
| --------------
------------------------------------------------------------------------------------------------

  Enable Multi Corner Analysis               :  Yes
  Enable Pessimism Removal                   :  Yes
  Pessimism Removal Resolution               :  Nearest Common Node
  Enable Input Delay Default Clock           :  No
  Enable Preset / Clear Arcs                 :  No
  Disable Flight Delays                      :  No
  Ignore I/O Paths                           :  No
  Timing Early Launch at Borrowing Latches   :  No
  Borrow Time for Max Delay Exceptions       :  Yes

  Corner  Analyze    Analyze    
  Name    Max Paths  Min Paths  
  ------  ---------  ---------  
  Slow    Yes        Yes        
  Fast    Yes        Yes        



check_timing report

Table of Contents
-----------------
1. checking no_clock
2. checking constant_clock
3. checking pulse_width_clock
4. checking unconstrained_internal_endpoints
5. checking no_input_delay
6. checking no_output_delay
7. checking multiple_clock
8. checking generated_clocks
9. checking loops
10. checking partial_input_delay
11. checking partial_output_delay
12. checking latch_loops

1. checking no_clock
--------------------
 There are 0 register/latch pins with no clock.


2. checking constant_clock
--------------------------
 There are 0 register/latch pins with constant_clock.


3. checking pulse_width_clock
-----------------------------
 There are 0 register/latch pins which need pulse_width check


4. checking unconstrained_internal_endpoints
--------------------------------------------
 There are 0 pins that are not constrained for maximum delay.

 There are 0 pins that are not constrained for maximum delay due to constant clock.


5. checking no_input_delay
--------------------------
 There are 258 input ports with no input delay specified. (HIGH)

 There are 0 input ports with no input delay but user has a false path constraint.


6. checking no_output_delay
---------------------------
 There are 81 ports with no output delay specified. (HIGH)

 There are 0 ports with no output delay but user has a false path constraint

 There are 0 ports with no output delay but with a timing clock defined on it or propagating through it


7. checking multiple_clock
--------------------------
 There are 0 register/latch pins with multiple clocks.


8. checking generated_clocks
----------------------------
 There are 0 generated clocks that are not connected to a clock source.


9. checking loops
-----------------
 There are 0 combinational loops in the design.


10. checking partial_input_delay
--------------------------------
 There are 0 input ports with partial input delay specified.


11. checking partial_output_delay
---------------------------------
 There are 0 ports with partial output delay specified.


12. checking latch_loops
------------------------
 There are 0 combinational latch loops in the design through latch input



------------------------------------------------------------------------------------------------
| Design Timing Summary
| ---------------------
------------------------------------------------------------------------------------------------

    WNS(ns)      TNS(ns)  TNS Failing Endpoints  TNS Total Endpoints      WHS(ns)      THS(ns)  THS Failing Endpoints  THS Total Endpoints     WPWS(ns)     TPWS(ns)  TPWS Failing Endpoints  TPWS Total Endpoints  
    -------      -------  ---------------------  -------------------      -------      -------  ---------------------  -------------------     --------     --------  ----------------------  --------------------  
      0.569        0.000                      0                64985        0.013        0.000                      0                64985        2.225        0.000                       0                 74413  


All user specified timing constraints are met.


------------------------------------------------------------------------------------------------
| Clock Summary
| -------------
------------------------------------------------------------------------------------------------

Clock   Waveform(ns)         Period(ns)      Frequency(MHz)
-----   ------------         ----------      --------------
ap_clk  {0.000 2.500}        5.000           200.000         


------------------------------------------------------------------------------------------------
| Intra Clock Table
| -----------------
------------------------------------------------------------------------------------------------

Clock             WNS(ns)      TNS(ns)  TNS Failing Endpoints  TNS Total Endpoints      WHS(ns)      THS(ns)  THS Failing Endpoints  THS Total Endpoints     WPWS(ns)     TPWS(ns)  TPWS Failing Endpoints  TPWS Total Endpoints  
-----             -------      -------  ---------------------  -------------------      -------      -------  ---------------------  -------------------     --------     --------  ----------------------  --------------------  
ap_clk              0.569        0.000                      0                64985        0.013        0.000                      0                64985        2.225        0.000                       0                 74413  


------------------------------------------------------------------------------------------------
| Inter Clock Table
| -----------------
------------------------------------------------------------------------------------------------

From Clock    To Clock          WNS(ns)      TNS(ns)  TNS Failing Endpoints  TNS Total Endpoints      WHS(ns)      THS(ns)  THS Failing Endpoints  THS Total Endpoints  
----------    --------          -------      -------  ---------------------  -------------------      -------      -------  ---------------------  -------------------  


------------------------------------------------------------------------------------------------
| Other Path Groups Table
| -----------------------
------------------------------------------------------------------------------------------------

Path Group    From Clock    To Clock          WNS(ns)      TNS(ns)  TNS Failing Endpoints  TNS Total Endpoints      WHS(ns)      THS(ns)  THS Failing Endpoints  THS Total Endpoints  
----------    ----------    --------          -------      -------  ---------------------  -------------------      -------      -------  ---------------------  -------------------  


------------------------------------------------------------------------------------------------
| Timing Details
| --------------
------------------------------------------------------------------------------------------------


---------------------------------------------------------------------------------------------------
From Clock:  ap_clk
  To Clock:  ap_clk

Setup :            0  Failing Endpoints,  Worst Slack        0.569ns,  Total Violation        0.000ns
Hold  :            0  Failing Endpoints,  Worst Slack        0.013ns,  Total Violation        0.000ns
PW    :            0  Failing Endpoints,  Worst Slack        2.225ns,  Total Violation        0.000ns
---------------------------------------------------------------------------------------------------


Max Delay Paths
--------------------------------------------------------------------------------------
Slack (MET) :             0.569ns  (required time - arrival time)
  Source:                 denselayer1/output_data_reg[0][15]/C
                            (rising edge-triggered cell FDCE clocked by ap_clk  {rise@0.000ns fall@2.500ns period=5.000ns})
  Destination:            denselayer2/INPUT_SIZE_rows[0].OUTPUT_SIZE_cols[13].sa/data_out_reg[25]/D
                            (rising edge-triggered cell FDRE clocked by ap_clk  {rise@0.000ns fall@2.500ns period=5.000ns})
  Path Group:             ap_clk
  Path Type:              Setup (Max at Slow Process Corner)
  Requirement:            5.000ns  (ap_clk rise@5.000ns - ap_clk rise@0.000ns)
  Data Path Delay:        4.238ns  (logic 0.744ns (17.555%)  route 3.494ns (82.445%))
  Logic Levels:           8  (CARRY8=4 LUT2=1 LUT3=1 LUT4=2)
  Clock Path Skew:        -0.181ns (DCD - SCD + CPR)
    Destination Clock Delay (DCD):    2.387ns = ( 7.387 - 5.000 ) 
    Source Clock Delay      (SCD):    2.909ns
    Clock Pessimism Removal (CPR):    0.342ns
  Clock Uncertainty:      0.035ns  ((TSJ^2 + TIJ^2)^1/2 + DJ) / 2 + PE
    Total System Jitter     (TSJ):    0.071ns
    Total Input Jitter      (TIJ):    0.000ns
    Discrete Jitter          (DJ):    0.000ns
    Phase Error              (PE):    0.000ns
  Clock Net Delay (Source):      2.047ns (routing 1.055ns, distribution 0.992ns)
  Clock Net Delay (Destination): 1.767ns (routing 0.956ns, distribution 0.811ns)

    Location             Delay type                Incr(ns)  Path(ns)    Netlist Resource(s)
  -------------------------------------------------------------------    -------------------
                         (clock ap_clk rise edge)     0.000     0.000 r  
    AR14                                              0.000     0.000 r  clk (IN)
                         net (fo=0)                   0.000     0.000    clk_IBUF_inst/I
    AR14                 INBUF (Prop_INBUF_HPIOB_M_PAD_O)
                                                      0.520     0.520 r  clk_IBUF_inst/INBUF_INST/O
                         net (fo=1, routed)           0.000     0.520    clk_IBUF_inst/OUT
    AR14                 IBUFCTRL (Prop_IBUFCTRL_HPIOB_M_I_O)
                                                      0.000     0.520 r  clk_IBUF_inst/IBUFCTRL_INST/O
                         net (fo=1, routed)           0.314     0.834    clk_IBUF
    BUFGCE_X0Y170        BUFGCE (Prop_BUFCE_BUFGCE_I_O)
                                                      0.028     0.862 r  clk_IBUF_BUFG_inst/O
    X3Y5 (CLOCK_ROOT)    net (fo=74437, routed)       2.047     2.909    denselayer1/clk_IBUF_BUFG
    SLICE_X114Y439       FDCE                                         r  denselayer1/output_data_reg[0][15]/C
  -------------------------------------------------------------------    -------------------
    SLICE_X114Y439       FDCE (Prop_HFF_SLICEM_C_Q)
                                                      0.068     2.977 f  denselayer1/output_data_reg[0][15]/Q
                         net (fo=111, routed)         1.878     4.855    relulayer1/data_out_reg[17][15]
    SLICE_X103Y262       LUT2 (Prop_E5LUT_SLICEL_I1_O)
                                                      0.145     5.000 r  relulayer1/data_out[17]_i_1__1/O
                         net (fo=134, routed)         1.021     6.021    denselayer1/INPUT_SIZE_rows[0].OUTPUT_SIZE_cols[13].sa/dense2_input_data[63][11]
    SLICE_X111Y344       LUT4 (Prop_H6LUT_SLICEM_I2_O)
                                                      0.115     6.136 r  denselayer1/INPUT_SIZE_rows[0].OUTPUT_SIZE_cols[13].sa/data_out[25]_i_25__43/O
                         net (fo=1, routed)           0.019     6.155    denselayer1/INPUT_SIZE_rows[0].OUTPUT_SIZE_cols[13].sa/data_out[25]_i_25__43_n_0
    SLICE_X111Y344       CARRY8 (Prop_CARRY8_SLICEM_S[7]_CO[7])
                                                      0.099     6.254 r  denselayer1/INPUT_SIZE_rows[0].OUTPUT_SIZE_cols[13].sa/data_out_reg[25]_i_4__18/CO[7]
                         net (fo=1, routed)           0.023     6.277    denselayer1/INPUT_SIZE_rows[0].OUTPUT_SIZE_cols[13].sa/data_out_reg[25]_i_4__18_n_0
    SLICE_X111Y345       CARRY8 (Prop_CARRY8_SLICEM_CI_O[0])
                                                      0.050     6.327 r  denselayer1/INPUT_SIZE_rows[0].OUTPUT_SIZE_cols[13].sa/data_out_reg[25]_i_2__48/O[0]
                         net (fo=2, routed)           0.262     6.589    denselayer1/INPUT_SIZE_rows[0].OUTPUT_SIZE_cols[13].sa/data_out_reg[25]_i_2__48_n_15
    SLICE_X113Y346       LUT3 (Prop_F6LUT_SLICEL_I0_O)
                                                      0.031     6.620 r  denselayer1/INPUT_SIZE_rows[0].OUTPUT_SIZE_cols[13].sa/data_out[23]_i_5__128/O
                         net (fo=2, routed)           0.231     6.851    denselayer1/INPUT_SIZE_rows[0].OUTPUT_SIZE_cols[13].sa/data_out[23]_i_5__128_n_0
    SLICE_X112Y345       LUT4 (Prop_C6LUT_SLICEL_I0_O)
                                                      0.031     6.882 r  denselayer1/INPUT_SIZE_rows[0].OUTPUT_SIZE_cols[13].sa/data_out[23]_i_13__109/O
                         net (fo=1, routed)           0.013     6.895    denselayer1/INPUT_SIZE_rows[0].OUTPUT_SIZE_cols[13].sa/data_out[23]_i_13__109_n_0
    SLICE_X112Y345       CARRY8 (Prop_CARRY8_SLICEL_S[2]_CO[7])
                                                      0.138     7.033 r  denselayer1/INPUT_SIZE_rows[0].OUTPUT_SIZE_cols[13].sa/data_out_reg[23]_i_1__182/CO[7]
                         net (fo=1, routed)           0.023     7.056    denselayer1/INPUT_SIZE_rows[0].OUTPUT_SIZE_cols[13].sa/data_out_reg[23]_i_1__182_n_0
    SLICE_X112Y346       CARRY8 (Prop_CARRY8_SLICEL_CI_O[1])
                                                      0.067     7.123 r  denselayer1/INPUT_SIZE_rows[0].OUTPUT_SIZE_cols[13].sa/data_out_reg[25]_i_1__917/O[1]
                         net (fo=1, routed)           0.024     7.147    denselayer2/INPUT_SIZE_rows[0].OUTPUT_SIZE_cols[13].sa/data_out_reg[25]_2[15]
    SLICE_X112Y346       FDRE                                         r  denselayer2/INPUT_SIZE_rows[0].OUTPUT_SIZE_cols[13].sa/data_out_reg[25]/D
  -------------------------------------------------------------------    -------------------

                         (clock ap_clk rise edge)     5.000     5.000 r  
    AR14                                              0.000     5.000 r  clk (IN)
                         net (fo=0)                   0.000     5.000    clk_IBUF_inst/I
    AR14                 INBUF (Prop_INBUF_HPIOB_M_PAD_O)
                                                      0.317     5.317 r  clk_IBUF_inst/INBUF_INST/O
                         net (fo=1, routed)           0.000     5.317    clk_IBUF_inst/OUT
    AR14                 IBUFCTRL (Prop_IBUFCTRL_HPIOB_M_I_O)
                                                      0.000     5.317 r  clk_IBUF_inst/IBUFCTRL_INST/O
                         net (fo=1, routed)           0.279     5.596    clk_IBUF
    BUFGCE_X0Y170        BUFGCE (Prop_BUFCE_BUFGCE_I_O)
                                                      0.024     5.620 r  clk_IBUF_BUFG_inst/O
    X3Y5 (CLOCK_ROOT)    net (fo=74437, routed)       1.767     7.387    denselayer2/INPUT_SIZE_rows[0].OUTPUT_SIZE_cols[13].sa/clk_IBUF_BUFG
    SLICE_X112Y346       FDRE                                         r  denselayer2/INPUT_SIZE_rows[0].OUTPUT_SIZE_cols[13].sa/data_out_reg[25]/C
                         clock pessimism              0.342     7.728    
                         clock uncertainty           -0.035     7.693    
    SLICE_X112Y346       FDRE (Setup_BFF_SLICEL_C_D)
                                                      0.023     7.716    denselayer2/INPUT_SIZE_rows[0].OUTPUT_SIZE_cols[13].sa/data_out_reg[25]
  -------------------------------------------------------------------
                         required time                          7.716    
                         arrival time                          -7.147    
  -------------------------------------------------------------------
                         slack                                  0.569    





Min Delay Paths
--------------------------------------------------------------------------------------
Slack (MET) :             0.013ns  (arrival time - required time)
  Source:                 denselayer1/INPUT_SIZE_rows[0].OUTPUT_SIZE_cols[17].sa/data_out_reg[14]/C
                            (rising edge-triggered cell FDRE clocked by ap_clk  {rise@0.000ns fall@2.500ns period=5.000ns})
  Destination:            denselayer1/sum_all/col_trees[17].column_tree/genblk2[1].genblk1[4].tree_reg[4][4]/D
                            (rising edge-triggered cell FDRE clocked by ap_clk  {rise@0.000ns fall@2.500ns period=5.000ns})
  Path Group:             ap_clk
  Path Type:              Hold (Min at Fast Process Corner)
  Requirement:            0.000ns  (ap_clk rise@0.000ns - ap_clk rise@0.000ns)
  Data Path Delay:        0.169ns  (logic 0.095ns (56.213%)  route 0.074ns (43.787%))
  Logic Levels:           2  (CARRY8=1 LUT6=1)
  Clock Path Skew:        0.110ns (DCD - SCD - CPR)
    Destination Clock Delay (DCD):    2.133ns
    Source Clock Delay      (SCD):    1.719ns
    Clock Pessimism Removal (CPR):    0.305ns
  Clock Net Delay (Source):      1.337ns (routing 0.639ns, distribution 0.698ns)
  Clock Net Delay (Destination): 1.527ns (routing 0.713ns, distribution 0.814ns)

    Location             Delay type                Incr(ns)  Path(ns)    Netlist Resource(s)
  -------------------------------------------------------------------    -------------------
                         (clock ap_clk rise edge)     0.000     0.000 r  
    AR14                                              0.000     0.000 r  clk (IN)
                         net (fo=0)                   0.000     0.000    clk_IBUF_inst/I
    AR14                 INBUF (Prop_INBUF_HPIOB_M_PAD_O)
                                                      0.221     0.221 r  clk_IBUF_inst/INBUF_INST/O
                         net (fo=1, routed)           0.000     0.221    clk_IBUF_inst/OUT
    AR14                 IBUFCTRL (Prop_IBUFCTRL_HPIOB_M_I_O)
                                                      0.000     0.221 r  clk_IBUF_inst/IBUFCTRL_INST/O
                         net (fo=1, routed)           0.144     0.365    clk_IBUF
    BUFGCE_X0Y170        BUFGCE (Prop_BUFCE_BUFGCE_I_O)
                                                      0.017     0.382 r  clk_IBUF_BUFG_inst/O
    X3Y5 (CLOCK_ROOT)    net (fo=74437, routed)       1.337     1.719    denselayer1/INPUT_SIZE_rows[0].OUTPUT_SIZE_cols[17].sa/clk_IBUF_BUFG
    SLICE_X142Y419       FDRE                                         r  denselayer1/INPUT_SIZE_rows[0].OUTPUT_SIZE_cols[17].sa/data_out_reg[14]/C
  -------------------------------------------------------------------    -------------------
    SLICE_X142Y419       FDRE (Prop_FFF_SLICEM_C_Q)
                                                      0.037     1.756 r  denselayer1/INPUT_SIZE_rows[0].OUTPUT_SIZE_cols[17].sa/data_out_reg[14]/Q
                         net (fo=2, routed)           0.056     1.812    denselayer1/INPUT_SIZE_rows[2].OUTPUT_SIZE_cols[7].sa/genblk2[1].genblk1[4].tree_reg[4][15]_2[3]
    SLICE_X142Y421       LUT6 (Prop_E6LUT_SLICEM_I3_O)
                                                      0.040     1.852 r  denselayer1/INPUT_SIZE_rows[2].OUTPUT_SIZE_cols[7].sa/col_trees[17].column_tree/genblk2[1].genblk1[4].tree[4][7]_i_12/O
                         net (fo=1, routed)           0.011     1.863    denselayer1/INPUT_SIZE_rows[2].OUTPUT_SIZE_cols[7].sa/col_trees[17].column_tree/genblk2[1].genblk1[4].tree[4][7]_i_12_n_0
    SLICE_X142Y421       CARRY8 (Prop_CARRY8_SLICEM_S[4]_O[4])
                                                      0.018     1.881 r  denselayer1/INPUT_SIZE_rows[2].OUTPUT_SIZE_cols[7].sa/col_trees[17].column_tree/genblk2[1].genblk1[4].tree_reg[4][7]_i_1/O[4]
                         net (fo=1, routed)           0.007     1.888    denselayer1/sum_all/col_trees[17].column_tree/genblk2[1].genblk1[4].tree_reg[4][15]_0[4]
    SLICE_X142Y421       FDRE                                         r  denselayer1/sum_all/col_trees[17].column_tree/genblk2[1].genblk1[4].tree_reg[4][4]/D
  -------------------------------------------------------------------    -------------------

                         (clock ap_clk rise edge)     0.000     0.000 r  
    AR14                                              0.000     0.000 r  clk (IN)
                         net (fo=0)                   0.000     0.000    clk_IBUF_inst/I
    AR14                 INBUF (Prop_INBUF_HPIOB_M_PAD_O)
                                                      0.406     0.406 r  clk_IBUF_inst/INBUF_INST/O
                         net (fo=1, routed)           0.000     0.406    clk_IBUF_inst/OUT
    AR14                 IBUFCTRL (Prop_IBUFCTRL_HPIOB_M_I_O)
                                                      0.000     0.406 r  clk_IBUF_inst/IBUFCTRL_INST/O
                         net (fo=1, routed)           0.181     0.587    clk_IBUF
    BUFGCE_X0Y170        BUFGCE (Prop_BUFCE_BUFGCE_I_O)
                                                      0.019     0.606 r  clk_IBUF_BUFG_inst/O
    X3Y5 (CLOCK_ROOT)    net (fo=74437, routed)       1.527     2.133    denselayer1/sum_all/col_trees[17].column_tree/clk_IBUF_BUFG
    SLICE_X142Y421       FDRE                                         r  denselayer1/sum_all/col_trees[17].column_tree/genblk2[1].genblk1[4].tree_reg[4][4]/C
                         clock pessimism             -0.305     1.829    
    SLICE_X142Y421       FDRE (Hold_EFF_SLICEM_C_D)
                                                      0.046     1.875    denselayer1/sum_all/col_trees[17].column_tree/genblk2[1].genblk1[4].tree_reg[4][4]
  -------------------------------------------------------------------
                         required time                         -1.875    
                         arrival time                           1.888    
  -------------------------------------------------------------------
                         slack                                  0.013    





Pulse Width Checks
--------------------------------------------------------------------------------------
Clock Name:         ap_clk
Waveform(ns):       { 0.000 2.500 }
Period(ns):         5.000
Sources:            { clk }

Check Type        Corner  Lib Pin   Reference Pin  Required(ns)  Actual(ns)  Slack(ns)  Location        Pin
Min Period        n/a     BUFGCE/I  n/a            1.122         5.000       3.878      BUFGCE_X0Y170   clk_IBUF_BUFG_inst/I
Low Pulse Width   Slow    FDRE/C    n/a            0.275         2.500       2.225      SLICE_X167Y347  denselayer2/INPUT_SIZE_rows[24].OUTPUT_SIZE_cols[8].sa/data_out_reg[18]/C
High Pulse Width  Fast    FDRE/C    n/a            0.275         2.500       2.225      SLICE_X177Y391  denselayer1/INPUT_SIZE_rows[7].OUTPUT_SIZE_cols[25].sa/data_out_reg[25]/C



