Copyright 1986-2019 Xilinx, Inc. All Rights Reserved.
-----------------------------------------------------------------------------------------
| Tool Version      : Vivado v.2019.1 (lin64) Build 2552052 Fri May 24 14:47:09 MDT 2019
| Date              : Wed Nov  5 12:51:17 2025
| Host              : hvm1 running 64-bit Ubuntu 22.04.5 LTS
| Command           : report_timing_summary -file reports/16_6_SA3_timing.rpt
| Design            : waiz_benchmark
| Device            : xcvu13p-fhga2104
| Speed File        : -3  PRODUCTION 1.23 03-18-2019
| Temperature Grade : E
-----------------------------------------------------------------------------------------

Timing Summary Report

------------------------------------------------------------------------------------------------
| Timer Settings
| --------------
------------------------------------------------------------------------------------------------

  Enable Multi Corner Analysis               :  Yes
  Enable Pessimism Removal                   :  Yes
  Pessimism Removal Resolution               :  Nearest Common Node
  Enable Input Delay Default Clock           :  No
  Enable Preset / Clear Arcs                 :  No
  Disable Flight Delays                      :  No
  Ignore I/O Paths                           :  No
  Timing Early Launch at Borrowing Latches   :  No
  Borrow Time for Max Delay Exceptions       :  Yes

  Corner  Analyze    Analyze    
  Name    Max Paths  Min Paths  
  ------  ---------  ---------  
  Slow    Yes        Yes        
  Fast    Yes        Yes        



check_timing report

Table of Contents
-----------------
1. checking no_clock
2. checking constant_clock
3. checking pulse_width_clock
4. checking unconstrained_internal_endpoints
5. checking no_input_delay
6. checking no_output_delay
7. checking multiple_clock
8. checking generated_clocks
9. checking loops
10. checking partial_input_delay
11. checking partial_output_delay
12. checking latch_loops

1. checking no_clock
--------------------
 There are 0 register/latch pins with no clock.


2. checking constant_clock
--------------------------
 There are 0 register/latch pins with constant_clock.


3. checking pulse_width_clock
-----------------------------
 There are 0 register/latch pins which need pulse_width check


4. checking unconstrained_internal_endpoints
--------------------------------------------
 There are 0 pins that are not constrained for maximum delay.

 There are 0 pins that are not constrained for maximum delay due to constant clock.


5. checking no_input_delay
--------------------------
 There are 258 input ports with no input delay specified. (HIGH)

 There are 0 input ports with no input delay but user has a false path constraint.


6. checking no_output_delay
---------------------------
 There are 81 ports with no output delay specified. (HIGH)

 There are 0 ports with no output delay but user has a false path constraint

 There are 0 ports with no output delay but with a timing clock defined on it or propagating through it


7. checking multiple_clock
--------------------------
 There are 0 register/latch pins with multiple clocks.


8. checking generated_clocks
----------------------------
 There are 0 generated clocks that are not connected to a clock source.


9. checking loops
-----------------
 There are 0 combinational loops in the design.


10. checking partial_input_delay
--------------------------------
 There are 0 input ports with partial input delay specified.


11. checking partial_output_delay
---------------------------------
 There are 0 ports with partial output delay specified.


12. checking latch_loops
------------------------
 There are 0 combinational latch loops in the design through latch input



------------------------------------------------------------------------------------------------
| Design Timing Summary
| ---------------------
------------------------------------------------------------------------------------------------

    WNS(ns)      TNS(ns)  TNS Failing Endpoints  TNS Total Endpoints      WHS(ns)      THS(ns)  THS Failing Endpoints  THS Total Endpoints     WPWS(ns)     TPWS(ns)  TPWS Failing Endpoints  TPWS Total Endpoints  
    -------      -------  ---------------------  -------------------      -------      -------  ---------------------  -------------------     --------     --------  ----------------------  --------------------  
      0.878        0.000                      0                83299        0.017        0.000                      0                83299        2.225        0.000                       0                 68280  


All user specified timing constraints are met.


------------------------------------------------------------------------------------------------
| Clock Summary
| -------------
------------------------------------------------------------------------------------------------

Clock   Waveform(ns)         Period(ns)      Frequency(MHz)
-----   ------------         ----------      --------------
ap_clk  {0.000 2.500}        5.000           200.000         


------------------------------------------------------------------------------------------------
| Intra Clock Table
| -----------------
------------------------------------------------------------------------------------------------

Clock             WNS(ns)      TNS(ns)  TNS Failing Endpoints  TNS Total Endpoints      WHS(ns)      THS(ns)  THS Failing Endpoints  THS Total Endpoints     WPWS(ns)     TPWS(ns)  TPWS Failing Endpoints  TPWS Total Endpoints  
-----             -------      -------  ---------------------  -------------------      -------      -------  ---------------------  -------------------     --------     --------  ----------------------  --------------------  
ap_clk              0.878        0.000                      0                83299        0.017        0.000                      0                83299        2.225        0.000                       0                 68280  


------------------------------------------------------------------------------------------------
| Inter Clock Table
| -----------------
------------------------------------------------------------------------------------------------

From Clock    To Clock          WNS(ns)      TNS(ns)  TNS Failing Endpoints  TNS Total Endpoints      WHS(ns)      THS(ns)  THS Failing Endpoints  THS Total Endpoints  
----------    --------          -------      -------  ---------------------  -------------------      -------      -------  ---------------------  -------------------  


------------------------------------------------------------------------------------------------
| Other Path Groups Table
| -----------------------
------------------------------------------------------------------------------------------------

Path Group    From Clock    To Clock          WNS(ns)      TNS(ns)  TNS Failing Endpoints  TNS Total Endpoints      WHS(ns)      THS(ns)  THS Failing Endpoints  THS Total Endpoints  
----------    ----------    --------          -------      -------  ---------------------  -------------------      -------      -------  ---------------------  -------------------  


------------------------------------------------------------------------------------------------
| Timing Details
| --------------
------------------------------------------------------------------------------------------------


---------------------------------------------------------------------------------------------------
From Clock:  ap_clk
  To Clock:  ap_clk

Setup :            0  Failing Endpoints,  Worst Slack        0.878ns,  Total Violation        0.000ns
Hold  :            0  Failing Endpoints,  Worst Slack        0.017ns,  Total Violation        0.000ns
PW    :            0  Failing Endpoints,  Worst Slack        2.225ns,  Total Violation        0.000ns
---------------------------------------------------------------------------------------------------


Max Delay Paths
--------------------------------------------------------------------------------------
Slack (MET) :             0.878ns  (required time - arrival time)
  Source:                 denselayer1/output_data_reg[39][15]/C
                            (rising edge-triggered cell FDCE clocked by ap_clk  {rise@0.000ns fall@2.500ns period=5.000ns})
  Destination:            denselayer2/INPUT_SIZE_rows[39].OUTPUT_SIZE_cols[10].sa/data_out_reg[25]/D
                            (rising edge-triggered cell FDRE clocked by ap_clk  {rise@0.000ns fall@2.500ns period=5.000ns})
  Path Group:             ap_clk
  Path Type:              Setup (Max at Slow Process Corner)
  Requirement:            5.000ns  (ap_clk rise@5.000ns - ap_clk rise@0.000ns)
  Data Path Delay:        4.064ns  (logic 0.601ns (14.788%)  route 3.463ns (85.212%))
  Logic Levels:           5  (CARRY8=2 LUT2=1 LUT3=1 LUT4=1)
  Clock Path Skew:        -0.046ns (DCD - SCD + CPR)
    Destination Clock Delay (DCD):    2.243ns = ( 7.243 - 5.000 ) 
    Source Clock Delay      (SCD):    2.608ns
    Clock Pessimism Removal (CPR):    0.320ns
  Clock Uncertainty:      0.035ns  ((TSJ^2 + TIJ^2)^1/2 + DJ) / 2 + PE
    Total System Jitter     (TSJ):    0.071ns
    Total Input Jitter      (TIJ):    0.000ns
    Discrete Jitter          (DJ):    0.000ns
    Phase Error              (PE):    0.000ns
  Clock Net Delay (Source):      1.746ns (routing 0.824ns, distribution 0.922ns)
  Clock Net Delay (Destination): 1.623ns (routing 0.747ns, distribution 0.876ns)

    Location             Delay type                Incr(ns)  Path(ns)    Netlist Resource(s)
  -------------------------------------------------------------------    -------------------
                         (clock ap_clk rise edge)     0.000     0.000 r  
    AR14                                              0.000     0.000 r  clk (IN)
                         net (fo=0)                   0.000     0.000    clk_IBUF_inst/I
    AR14                 INBUF (Prop_INBUF_HPIOB_M_PAD_O)
                                                      0.520     0.520 r  clk_IBUF_inst/INBUF_INST/O
                         net (fo=1, routed)           0.000     0.520    clk_IBUF_inst/OUT
    AR14                 IBUFCTRL (Prop_IBUFCTRL_HPIOB_M_I_O)
                                                      0.000     0.520 r  clk_IBUF_inst/IBUFCTRL_INST/O
                         net (fo=1, routed)           0.314     0.834    clk_IBUF
    BUFGCE_X0Y170        BUFGCE (Prop_BUFCE_BUFGCE_I_O)
                                                      0.028     0.862 r  clk_IBUF_BUFG_inst/O
    X4Y5 (CLOCK_ROOT)    net (fo=70274, routed)       1.746     2.608    denselayer1/clk_IBUF_BUFG
    SLICE_X138Y353       FDCE                                         r  denselayer1/output_data_reg[39][15]/C
  -------------------------------------------------------------------    -------------------
    SLICE_X138Y353       FDCE (Prop_GFF_SLICEL_C_Q)
                                                      0.070     2.678 r  denselayer1/output_data_reg[39][15]/Q
                         net (fo=497, routed)         1.998     4.676    relulayer1/data_out_reg[13]_0[15]
    SLICE_X170Y443       LUT2 (Prop_A5LUT_SLICEL_I1_O)
                                                      0.090     4.766 f  relulayer1/data_out[14]_i_3/O
                         net (fo=187, routed)         1.199     5.965    denselayer1/dense2_input_data[24][10]
    SLICE_X145Y434       LUT3 (Prop_B5LUT_SLICEM_I0_O)
                                                      0.148     6.113 r  denselayer1/data_out[16]_i_8__693/O
                         net (fo=2, routed)           0.194     6.307    denselayer1/data_out[16]_i_8__693_n_0
    SLICE_X145Y434       LUT4 (Prop_C6LUT_SLICEM_I3_O)
                                                      0.047     6.354 r  denselayer1/data_out[16]_i_16__679/O
                         net (fo=1, routed)           0.025     6.379    denselayer1/data_out[16]_i_16__679_n_0
    SLICE_X145Y434       CARRY8 (Prop_CARRY8_SLICEM_S[2]_CO[7])
                                                      0.143     6.522 r  denselayer1/data_out_reg[16]_i_1__732/CO[7]
                         net (fo=1, routed)           0.023     6.545    denselayer1/data_out_reg[16]_i_1__732_n_0
    SLICE_X145Y435       CARRY8 (Prop_CARRY8_SLICEM_CI_O[5])
                                                      0.103     6.648 r  denselayer1/data_out_reg[25]_i_1__1488/O[5]
                         net (fo=1, routed)           0.024     6.672    denselayer2/INPUT_SIZE_rows[39].OUTPUT_SIZE_cols[10].sa/data_out_reg[25]_3[12]
    SLICE_X145Y435       FDRE                                         r  denselayer2/INPUT_SIZE_rows[39].OUTPUT_SIZE_cols[10].sa/data_out_reg[25]/D
  -------------------------------------------------------------------    -------------------

                         (clock ap_clk rise edge)     5.000     5.000 r  
    AR14                                              0.000     5.000 r  clk (IN)
                         net (fo=0)                   0.000     5.000    clk_IBUF_inst/I
    AR14                 INBUF (Prop_INBUF_HPIOB_M_PAD_O)
                                                      0.317     5.317 r  clk_IBUF_inst/INBUF_INST/O
                         net (fo=1, routed)           0.000     5.317    clk_IBUF_inst/OUT
    AR14                 IBUFCTRL (Prop_IBUFCTRL_HPIOB_M_I_O)
                                                      0.000     5.317 r  clk_IBUF_inst/IBUFCTRL_INST/O
                         net (fo=1, routed)           0.279     5.596    clk_IBUF
    BUFGCE_X0Y170        BUFGCE (Prop_BUFCE_BUFGCE_I_O)
                                                      0.024     5.620 r  clk_IBUF_BUFG_inst/O
    X4Y5 (CLOCK_ROOT)    net (fo=70274, routed)       1.623     7.243    denselayer2/INPUT_SIZE_rows[39].OUTPUT_SIZE_cols[10].sa/clk_IBUF_BUFG
    SLICE_X145Y435       FDRE                                         r  denselayer2/INPUT_SIZE_rows[39].OUTPUT_SIZE_cols[10].sa/data_out_reg[25]/C
                         clock pessimism              0.320     7.562    
                         clock uncertainty           -0.035     7.527    
    SLICE_X145Y435       FDRE (Setup_FFF_SLICEM_C_D)
                                                      0.023     7.550    denselayer2/INPUT_SIZE_rows[39].OUTPUT_SIZE_cols[10].sa/data_out_reg[25]
  -------------------------------------------------------------------
                         required time                          7.550    
                         arrival time                          -6.672    
  -------------------------------------------------------------------
                         slack                                  0.878    





Min Delay Paths
--------------------------------------------------------------------------------------
Slack (MET) :             0.017ns  (arrival time - required time)
  Source:                 denselayer4/INPUT_SIZE_rows[8].OUTPUT_SIZE_cols[0].sa/data_out_reg[13]/C
                            (rising edge-triggered cell FDRE clocked by ap_clk  {rise@0.000ns fall@2.500ns period=5.000ns})
  Destination:            denselayer4/sum_all/col_trees[0].column_tree/genblk2[2].genblk1[18].tree_reg[18][3]/D
                            (rising edge-triggered cell FDRE clocked by ap_clk  {rise@0.000ns fall@2.500ns period=5.000ns})
  Path Group:             ap_clk
  Path Type:              Hold (Min at Fast Process Corner)
  Requirement:            0.000ns  (ap_clk rise@0.000ns - ap_clk rise@0.000ns)
  Data Path Delay:        0.174ns  (logic 0.069ns (39.655%)  route 0.105ns (60.345%))
  Logic Levels:           2  (CARRY8=1 LUT6=1)
  Clock Path Skew:        0.111ns (DCD - SCD - CPR)
    Destination Clock Delay (DCD):    2.028ns
    Source Clock Delay      (SCD):    1.629ns
    Clock Pessimism Removal (CPR):    0.289ns
  Clock Net Delay (Source):      1.247ns (routing 0.510ns, distribution 0.737ns)
  Clock Net Delay (Destination): 1.422ns (routing 0.568ns, distribution 0.854ns)

    Location             Delay type                Incr(ns)  Path(ns)    Netlist Resource(s)
  -------------------------------------------------------------------    -------------------
                         (clock ap_clk rise edge)     0.000     0.000 r  
    AR14                                              0.000     0.000 r  clk (IN)
                         net (fo=0)                   0.000     0.000    clk_IBUF_inst/I
    AR14                 INBUF (Prop_INBUF_HPIOB_M_PAD_O)
                                                      0.221     0.221 r  clk_IBUF_inst/INBUF_INST/O
                         net (fo=1, routed)           0.000     0.221    clk_IBUF_inst/OUT
    AR14                 IBUFCTRL (Prop_IBUFCTRL_HPIOB_M_I_O)
                                                      0.000     0.221 r  clk_IBUF_inst/IBUFCTRL_INST/O
                         net (fo=1, routed)           0.144     0.365    clk_IBUF
    BUFGCE_X0Y170        BUFGCE (Prop_BUFCE_BUFGCE_I_O)
                                                      0.017     0.382 r  clk_IBUF_BUFG_inst/O
    X4Y5 (CLOCK_ROOT)    net (fo=70274, routed)       1.247     1.629    denselayer4/INPUT_SIZE_rows[8].OUTPUT_SIZE_cols[0].sa/clk_IBUF_BUFG
    SLICE_X76Y419        FDRE                                         r  denselayer4/INPUT_SIZE_rows[8].OUTPUT_SIZE_cols[0].sa/data_out_reg[13]/C
  -------------------------------------------------------------------    -------------------
    SLICE_X76Y419        FDRE (Prop_EFF_SLICEM_C_Q)
                                                      0.038     1.667 r  denselayer4/INPUT_SIZE_rows[8].OUTPUT_SIZE_cols[0].sa/data_out_reg[13]/Q
                         net (fo=2, routed)           0.091     1.758    denselayer4/sum_all/col_trees[0].column_tree/genblk2[2].genblk1[18].tree_reg[18][15]_5[2]
    SLICE_X75Y424        LUT6 (Prop_D6LUT_SLICEL_I2_O)
                                                      0.014     1.772 r  denselayer4/sum_all/col_trees[0].column_tree/genblk2[2].genblk1[18].tree[18][7]_i_13/O
                         net (fo=1, routed)           0.007     1.779    denselayer4/sum_all/col_trees[0].column_tree/genblk2[2].genblk1[18].tree[18][7]_i_13_n_0
    SLICE_X75Y424        CARRY8 (Prop_CARRY8_SLICEL_S[3]_O[3])
                                                      0.017     1.796 r  denselayer4/sum_all/col_trees[0].column_tree/genblk2[2].genblk1[18].tree_reg[18][7]_i_1/O[3]
                         net (fo=1, routed)           0.007     1.803    denselayer4/sum_all/col_trees[0].column_tree/p_5_out[3]
    SLICE_X75Y424        FDRE                                         r  denselayer4/sum_all/col_trees[0].column_tree/genblk2[2].genblk1[18].tree_reg[18][3]/D
  -------------------------------------------------------------------    -------------------

                         (clock ap_clk rise edge)     0.000     0.000 r  
    AR14                                              0.000     0.000 r  clk (IN)
                         net (fo=0)                   0.000     0.000    clk_IBUF_inst/I
    AR14                 INBUF (Prop_INBUF_HPIOB_M_PAD_O)
                                                      0.406     0.406 r  clk_IBUF_inst/INBUF_INST/O
                         net (fo=1, routed)           0.000     0.406    clk_IBUF_inst/OUT
    AR14                 IBUFCTRL (Prop_IBUFCTRL_HPIOB_M_I_O)
                                                      0.000     0.406 r  clk_IBUF_inst/IBUFCTRL_INST/O
                         net (fo=1, routed)           0.181     0.587    clk_IBUF
    BUFGCE_X0Y170        BUFGCE (Prop_BUFCE_BUFGCE_I_O)
                                                      0.019     0.606 r  clk_IBUF_BUFG_inst/O
    X4Y5 (CLOCK_ROOT)    net (fo=70274, routed)       1.422     2.028    denselayer4/sum_all/col_trees[0].column_tree/clk_IBUF_BUFG
    SLICE_X75Y424        FDRE                                         r  denselayer4/sum_all/col_trees[0].column_tree/genblk2[2].genblk1[18].tree_reg[18][3]/C
                         clock pessimism             -0.289     1.740    
    SLICE_X75Y424        FDRE (Hold_DFF_SLICEL_C_D)
                                                      0.046     1.786    denselayer4/sum_all/col_trees[0].column_tree/genblk2[2].genblk1[18].tree_reg[18][3]
  -------------------------------------------------------------------
                         required time                         -1.786    
                         arrival time                           1.803    
  -------------------------------------------------------------------
                         slack                                  0.017    





Pulse Width Checks
--------------------------------------------------------------------------------------
Clock Name:         ap_clk
Waveform(ns):       { 0.000 2.500 }
Period(ns):         5.000
Sources:            { clk }

Check Type        Corner  Lib Pin   Reference Pin  Required(ns)  Actual(ns)  Slack(ns)  Location        Pin
Min Period        n/a     BUFGCE/I  n/a            1.122         5.000       3.878      BUFGCE_X0Y170   clk_IBUF_BUFG_inst/I
Low Pulse Width   Slow    FDRE/C    n/a            0.275         2.500       2.225      SLICE_X53Y319   denselayer3/INPUT_SIZE_rows[4].OUTPUT_SIZE_cols[4].sa/data_out_reg[13]/C
High Pulse Width  Slow    FDRE/C    n/a            0.275         2.500       2.225      SLICE_X126Y409  denselayer2/INPUT_SIZE_rows[11].OUTPUT_SIZE_cols[14].sa/data_out_reg[18]/C



