Copyright 1986-2019 Xilinx, Inc. All Rights Reserved.
----------------------------------------------------------------------------------------------------------
| Tool Version : Vivado v.2019.1 (lin64) Build 2552052 Fri May 24 14:47:09 MDT 2019
| Date         : Sun Nov  9 20:32:34 2025
| Host         : hvm1 running 64-bit Ubuntu 22.04.5 LTS
| Command      : report_utilization -hierarchical -hierarchical_depth 1 -file reports/16_6_SA3_6_hier.rpt
| Design       : waiz_benchmark
| Device       : xcvu13pfhga2104-3
| Design State : Routed
----------------------------------------------------------------------------------------------------------

Utilization Design Information

Table of Contents
-----------------
1. Utilization by Hierarchy

1. Utilization by Hierarchy
---------------------------

+--------------------+---------------------------------------+------------+------------+---------+------+-------+--------+--------+------+--------------+
|      Instance      |                 Module                | Total LUTs | Logic LUTs | LUTRAMs | SRLs |  FFs  | RAMB36 | RAMB18 | URAM | DSP48 Blocks |
+--------------------+---------------------------------------+------------+------------+---------+------+-------+--------+--------+------+--------------+
| waiz_benchmark     |                                 (top) |     125908 |     125908 |       0 |    0 | 62384 |      0 |      0 |    0 |          767 |
|   (waiz_benchmark) |                                 (top) |          0 |          0 |       0 |    0 |     0 |      0 |      0 |    0 |            0 |
|   denselayer1      |                            denseLayer |      63780 |      63780 |       0 |    0 | 16371 |      0 |      0 |    0 |          224 |
|   denselayer2      |            denseLayer__parameterized0 |      40309 |      40309 |       0 |    0 | 28479 |      0 |      0 |    0 |          216 |
|   denselayer3      |            denseLayer__parameterized1 |      16658 |      16658 |       0 |    0 | 14846 |      0 |      0 |    0 |          285 |
|   denselayer4      |            denseLayer__parameterized2 |       2222 |       2222 |       0 |    0 |  2620 |      0 |      0 |    0 |           37 |
|   relulayer1       |                   reluActivationLayer |       6925 |       6925 |       0 |    0 |     0 |      0 |      0 |    0 |            0 |
|   relulayer2       |   reluActivationLayer__parameterized0 |       3017 |       3017 |       0 |    0 |     0 |      0 |      0 |    0 |            0 |
|   relulayer3       | reluActivationLayer__parameterized0_0 |        830 |        830 |       0 |    0 |     0 |      0 |      0 |    0 |            0 |
|   softmax          |                          softmaxLayer |        989 |        989 |       0 |    0 |    68 |      0 |      0 |    0 |            5 |
+--------------------+---------------------------------------+------------+------------+---------+------+-------+--------+--------+------+--------------+
* Note: The sum of lower-level cells may be larger than their parent cells total, due to cross-hierarchy LUT combining


