Copyright 1986-2019 Xilinx, Inc. All Rights Reserved.
-----------------------------------------------------------------------------------------
| Tool Version      : Vivado v.2019.1 (lin64) Build 2552052 Fri May 24 14:47:09 MDT 2019
| Date              : Sun Nov  9 20:33:18 2025
| Host              : hvm1 running 64-bit Ubuntu 22.04.5 LTS
| Command           : report_timing_summary -file reports/16_6_SA3_6_timing.rpt
| Design            : waiz_benchmark
| Device            : xcvu13p-fhga2104
| Speed File        : -3  PRODUCTION 1.23 03-18-2019
| Temperature Grade : E
-----------------------------------------------------------------------------------------

Timing Summary Report

------------------------------------------------------------------------------------------------
| Timer Settings
| --------------
------------------------------------------------------------------------------------------------

  Enable Multi Corner Analysis               :  Yes
  Enable Pessimism Removal                   :  Yes
  Pessimism Removal Resolution               :  Nearest Common Node
  Enable Input Delay Default Clock           :  No
  Enable Preset / Clear Arcs                 :  No
  Disable Flight Delays                      :  No
  Ignore I/O Paths                           :  No
  Timing Early Launch at Borrowing Latches   :  No
  Borrow Time for Max Delay Exceptions       :  Yes

  Corner  Analyze    Analyze    
  Name    Max Paths  Min Paths  
  ------  ---------  ---------  
  Slow    Yes        Yes        
  Fast    Yes        Yes        



check_timing report

Table of Contents
-----------------
1. checking no_clock
2. checking constant_clock
3. checking pulse_width_clock
4. checking unconstrained_internal_endpoints
5. checking no_input_delay
6. checking no_output_delay
7. checking multiple_clock
8. checking generated_clocks
9. checking loops
10. checking partial_input_delay
11. checking partial_output_delay
12. checking latch_loops

1. checking no_clock
--------------------
 There are 0 register/latch pins with no clock.


2. checking constant_clock
--------------------------
 There are 0 register/latch pins with constant_clock.


3. checking pulse_width_clock
-----------------------------
 There are 0 register/latch pins which need pulse_width check


4. checking unconstrained_internal_endpoints
--------------------------------------------
 There are 0 pins that are not constrained for maximum delay.

 There are 0 pins that are not constrained for maximum delay due to constant clock.


5. checking no_input_delay
--------------------------
 There are 258 input ports with no input delay specified. (HIGH)

 There are 0 input ports with no input delay but user has a false path constraint.


6. checking no_output_delay
---------------------------
 There are 81 ports with no output delay specified. (HIGH)

 There are 0 ports with no output delay but user has a false path constraint

 There are 0 ports with no output delay but with a timing clock defined on it or propagating through it


7. checking multiple_clock
--------------------------
 There are 0 register/latch pins with multiple clocks.


8. checking generated_clocks
----------------------------
 There are 0 generated clocks that are not connected to a clock source.


9. checking loops
-----------------
 There are 0 combinational loops in the design.


10. checking partial_input_delay
--------------------------------
 There are 0 input ports with partial input delay specified.


11. checking partial_output_delay
---------------------------------
 There are 0 ports with partial output delay specified.


12. checking latch_loops
------------------------
 There are 0 combinational latch loops in the design through latch input



------------------------------------------------------------------------------------------------
| Design Timing Summary
| ---------------------
------------------------------------------------------------------------------------------------

    WNS(ns)      TNS(ns)  TNS Failing Endpoints  TNS Total Endpoints      WHS(ns)      THS(ns)  THS Failing Endpoints  THS Total Endpoints     WPWS(ns)     TPWS(ns)  TPWS Failing Endpoints  TPWS Total Endpoints  
    -------      -------  ---------------------  -------------------      -------      -------  ---------------------  -------------------     --------     --------  ----------------------  --------------------  
      0.946        0.000                      0               100988        0.016        0.000                      0               100988        2.225        0.000                       0                 63152  


All user specified timing constraints are met.


------------------------------------------------------------------------------------------------
| Clock Summary
| -------------
------------------------------------------------------------------------------------------------

Clock   Waveform(ns)         Period(ns)      Frequency(MHz)
-----   ------------         ----------      --------------
ap_clk  {0.000 2.500}        5.000           200.000         


------------------------------------------------------------------------------------------------
| Intra Clock Table
| -----------------
------------------------------------------------------------------------------------------------

Clock             WNS(ns)      TNS(ns)  TNS Failing Endpoints  TNS Total Endpoints      WHS(ns)      THS(ns)  THS Failing Endpoints  THS Total Endpoints     WPWS(ns)     TPWS(ns)  TPWS Failing Endpoints  TPWS Total Endpoints  
-----             -------      -------  ---------------------  -------------------      -------      -------  ---------------------  -------------------     --------     --------  ----------------------  --------------------  
ap_clk              0.946        0.000                      0               100988        0.016        0.000                      0               100988        2.225        0.000                       0                 63152  


------------------------------------------------------------------------------------------------
| Inter Clock Table
| -----------------
------------------------------------------------------------------------------------------------

From Clock    To Clock          WNS(ns)      TNS(ns)  TNS Failing Endpoints  TNS Total Endpoints      WHS(ns)      THS(ns)  THS Failing Endpoints  THS Total Endpoints  
----------    --------          -------      -------  ---------------------  -------------------      -------      -------  ---------------------  -------------------  


------------------------------------------------------------------------------------------------
| Other Path Groups Table
| -----------------------
------------------------------------------------------------------------------------------------

Path Group    From Clock    To Clock          WNS(ns)      TNS(ns)  TNS Failing Endpoints  TNS Total Endpoints      WHS(ns)      THS(ns)  THS Failing Endpoints  THS Total Endpoints  
----------    ----------    --------          -------      -------  ---------------------  -------------------      -------      -------  ---------------------  -------------------  


------------------------------------------------------------------------------------------------
| Timing Details
| --------------
------------------------------------------------------------------------------------------------


---------------------------------------------------------------------------------------------------
From Clock:  ap_clk
  To Clock:  ap_clk

Setup :            0  Failing Endpoints,  Worst Slack        0.946ns,  Total Violation        0.000ns
Hold  :            0  Failing Endpoints,  Worst Slack        0.016ns,  Total Violation        0.000ns
PW    :            0  Failing Endpoints,  Worst Slack        2.225ns,  Total Violation        0.000ns
---------------------------------------------------------------------------------------------------


Max Delay Paths
--------------------------------------------------------------------------------------
Slack (MET) :             0.946ns  (required time - arrival time)
  Source:                 denselayer1/output_data_reg[40][4]/C
                            (rising edge-triggered cell FDCE clocked by ap_clk  {rise@0.000ns fall@2.500ns period=5.000ns})
  Destination:            denselayer2/INPUT_SIZE_rows[40].OUTPUT_SIZE_cols[21].sa/data_out_reg[18]/D
                            (rising edge-triggered cell FDRE clocked by ap_clk  {rise@0.000ns fall@2.500ns period=5.000ns})
  Path Group:             ap_clk
  Path Type:              Setup (Max at Slow Process Corner)
  Requirement:            5.000ns  (ap_clk rise@5.000ns - ap_clk rise@0.000ns)
  Data Path Delay:        3.924ns  (logic 0.654ns (16.667%)  route 3.270ns (83.333%))
  Logic Levels:           6  (CARRY8=2 LUT2=1 LUT6=3)
  Clock Path Skew:        -0.118ns (DCD - SCD + CPR)
    Destination Clock Delay (DCD):    2.630ns = ( 7.630 - 5.000 ) 
    Source Clock Delay      (SCD):    3.106ns
    Clock Pessimism Removal (CPR):    0.359ns
  Clock Uncertainty:      0.035ns  ((TSJ^2 + TIJ^2)^1/2 + DJ) / 2 + PE
    Total System Jitter     (TSJ):    0.071ns
    Total Input Jitter      (TIJ):    0.000ns
    Discrete Jitter          (DJ):    0.000ns
    Phase Error              (PE):    0.000ns
  Clock Net Delay (Source):      2.244ns (routing 1.284ns, distribution 0.960ns)
  Clock Net Delay (Destination): 2.010ns (routing 1.168ns, distribution 0.842ns)

    Location             Delay type                Incr(ns)  Path(ns)    Netlist Resource(s)
  -------------------------------------------------------------------    -------------------
                         (clock ap_clk rise edge)     0.000     0.000 r  
    AR14                                              0.000     0.000 r  clk (IN)
                         net (fo=0)                   0.000     0.000    clk_IBUF_inst/I
    AR14                 INBUF (Prop_INBUF_HPIOB_M_PAD_O)
                                                      0.520     0.520 r  clk_IBUF_inst/INBUF_INST/O
                         net (fo=1, routed)           0.000     0.520    clk_IBUF_inst/OUT
    AR14                 IBUFCTRL (Prop_IBUFCTRL_HPIOB_M_I_O)
                                                      0.000     0.520 r  clk_IBUF_inst/IBUFCTRL_INST/O
                         net (fo=1, routed)           0.314     0.834    clk_IBUF
    BUFGCE_X0Y170        BUFGCE (Prop_BUFCE_BUFGCE_I_O)
                                                      0.028     0.862 r  clk_IBUF_BUFG_inst/O
    X2Y5 (CLOCK_ROOT)    net (fo=66986, routed)       2.244     3.106    denselayer1/clk_IBUF_BUFG
    SLICE_X80Y411        FDCE                                         r  denselayer1/output_data_reg[40][4]/C
  -------------------------------------------------------------------    -------------------
    SLICE_X80Y411        FDCE (Prop_EFF_SLICEL_C_Q)
                                                      0.070     3.176 r  denselayer1/output_data_reg[40][4]/Q
                         net (fo=108, routed)         2.374     5.550    relulayer1/data_out_reg[25]_1[4]
    SLICE_X96Y248        LUT2 (Prop_H5LUT_SLICEL_I0_O)
                                                      0.119     5.669 r  relulayer1/buff0_reg_i_11__7/O
                         net (fo=27, routed)          0.557     6.226    denselayer1/dense2_input_data[23][4]
    SLICE_X90Y244        LUT6 (Prop_G6LUT_SLICEL_I0_O)
                                                      0.134     6.360 r  denselayer1/data_out[10]_i_21__8/O
                         net (fo=3, routed)           0.143     6.503    denselayer1/data_out[10]_i_21__8_n_0
    SLICE_X91Y245        LUT6 (Prop_F6LUT_SLICEM_I0_O)
                                                      0.047     6.550 r  denselayer1/data_out[10]_i_5__155/O
                         net (fo=2, routed)           0.131     6.681    denselayer1/data_out[10]_i_5__155_n_0
    SLICE_X91Y243        LUT6 (Prop_E6LUT_SLICEM_I0_O)
                                                      0.047     6.728 r  denselayer1/data_out[10]_i_12__147/O
                         net (fo=1, routed)           0.017     6.745    denselayer1/data_out[10]_i_12__147_n_0
    SLICE_X91Y243        CARRY8 (Prop_CARRY8_SLICEM_S[4]_CO[7])
                                                      0.134     6.879 r  denselayer1/data_out_reg[10]_i_1__205/CO[7]
                         net (fo=1, routed)           0.023     6.902    denselayer1/data_out_reg[10]_i_1__205_n_0
    SLICE_X91Y244        CARRY8 (Prop_CARRY8_SLICEM_CI_O[7])
                                                      0.103     7.005 r  denselayer1/data_out_reg[18]_i_1__206/O[7]
                         net (fo=1, routed)           0.025     7.030    denselayer2/INPUT_SIZE_rows[40].OUTPUT_SIZE_cols[21].sa/data_out_reg[24]_1[8]
    SLICE_X91Y244        FDRE                                         r  denselayer2/INPUT_SIZE_rows[40].OUTPUT_SIZE_cols[21].sa/data_out_reg[18]/D
  -------------------------------------------------------------------    -------------------

                         (clock ap_clk rise edge)     5.000     5.000 r  
    AR14                                              0.000     5.000 r  clk (IN)
                         net (fo=0)                   0.000     5.000    clk_IBUF_inst/I
    AR14                 INBUF (Prop_INBUF_HPIOB_M_PAD_O)
                                                      0.317     5.317 r  clk_IBUF_inst/INBUF_INST/O
                         net (fo=1, routed)           0.000     5.317    clk_IBUF_inst/OUT
    AR14                 IBUFCTRL (Prop_IBUFCTRL_HPIOB_M_I_O)
                                                      0.000     5.317 r  clk_IBUF_inst/IBUFCTRL_INST/O
                         net (fo=1, routed)           0.279     5.596    clk_IBUF
    BUFGCE_X0Y170        BUFGCE (Prop_BUFCE_BUFGCE_I_O)
                                                      0.024     5.620 r  clk_IBUF_BUFG_inst/O
    X2Y5 (CLOCK_ROOT)    net (fo=66986, routed)       2.010     7.630    denselayer2/INPUT_SIZE_rows[40].OUTPUT_SIZE_cols[21].sa/clk_IBUF_BUFG
    SLICE_X91Y244        FDRE                                         r  denselayer2/INPUT_SIZE_rows[40].OUTPUT_SIZE_cols[21].sa/data_out_reg[18]/C
                         clock pessimism              0.359     7.988    
                         clock uncertainty           -0.035     7.953    
    SLICE_X91Y244        FDRE (Setup_HFF_SLICEM_C_D)
                                                      0.023     7.976    denselayer2/INPUT_SIZE_rows[40].OUTPUT_SIZE_cols[21].sa/data_out_reg[18]
  -------------------------------------------------------------------
                         required time                          7.976    
                         arrival time                          -7.030    
  -------------------------------------------------------------------
                         slack                                  0.946    





Min Delay Paths
--------------------------------------------------------------------------------------
Slack (MET) :             0.016ns  (arrival time - required time)
  Source:                 denselayer3/INPUT_SIZE_rows[0].OUTPUT_SIZE_cols[16].sa/data_out_reg[17]/C
                            (rising edge-triggered cell FDRE clocked by ap_clk  {rise@0.000ns fall@2.500ns period=5.000ns})
  Destination:            denselayer3/sum_all/col_trees[16].column_tree/genblk2[2].genblk1[16].tree_reg[16][7]/D
                            (rising edge-triggered cell FDRE clocked by ap_clk  {rise@0.000ns fall@2.500ns period=5.000ns})
  Path Group:             ap_clk
  Path Type:              Hold (Min at Fast Process Corner)
  Requirement:            0.000ns  (ap_clk rise@0.000ns - ap_clk rise@0.000ns)
  Data Path Delay:        0.173ns  (logic 0.079ns (45.665%)  route 0.094ns (54.335%))
  Logic Levels:           2  (CARRY8=1 LUT6=1)
  Clock Path Skew:        0.111ns (DCD - SCD - CPR)
    Destination Clock Delay (DCD):    2.319ns
    Source Clock Delay      (SCD):    1.898ns
    Clock Pessimism Removal (CPR):    0.311ns
  Clock Net Delay (Source):      1.516ns (routing 0.769ns, distribution 0.747ns)
  Clock Net Delay (Destination): 1.713ns (routing 0.852ns, distribution 0.861ns)

    Location             Delay type                Incr(ns)  Path(ns)    Netlist Resource(s)
  -------------------------------------------------------------------    -------------------
                         (clock ap_clk rise edge)     0.000     0.000 r  
    AR14                                              0.000     0.000 r  clk (IN)
                         net (fo=0)                   0.000     0.000    clk_IBUF_inst/I
    AR14                 INBUF (Prop_INBUF_HPIOB_M_PAD_O)
                                                      0.221     0.221 r  clk_IBUF_inst/INBUF_INST/O
                         net (fo=1, routed)           0.000     0.221    clk_IBUF_inst/OUT
    AR14                 IBUFCTRL (Prop_IBUFCTRL_HPIOB_M_I_O)
                                                      0.000     0.221 r  clk_IBUF_inst/IBUFCTRL_INST/O
                         net (fo=1, routed)           0.144     0.365    clk_IBUF
    BUFGCE_X0Y170        BUFGCE (Prop_BUFCE_BUFGCE_I_O)
                                                      0.017     0.382 r  clk_IBUF_BUFG_inst/O
    X2Y5 (CLOCK_ROOT)    net (fo=66986, routed)       1.516     1.898    denselayer3/INPUT_SIZE_rows[0].OUTPUT_SIZE_cols[16].sa/clk_IBUF_BUFG
    SLICE_X140Y300       FDRE                                         r  denselayer3/INPUT_SIZE_rows[0].OUTPUT_SIZE_cols[16].sa/data_out_reg[17]/C
  -------------------------------------------------------------------    -------------------
    SLICE_X140Y300       FDRE (Prop_AFF_SLICEL_C_Q)
                                                      0.039     1.937 r  denselayer3/INPUT_SIZE_rows[0].OUTPUT_SIZE_cols[16].sa/data_out_reg[17]/Q
                         net (fo=2, routed)           0.079     2.016    denselayer3/INPUT_SIZE_rows[2].OUTPUT_SIZE_cols[16].sa/mow/internal_operation/Q[3]
    SLICE_X138Y299       LUT6 (Prop_H6LUT_SLICEL_I4_O)
                                                      0.023     2.039 r  denselayer3/INPUT_SIZE_rows[2].OUTPUT_SIZE_cols[16].sa/mow/internal_operation/col_trees[16].column_tree/genblk2[2].genblk1[16].tree[16][7]_i_9/O
                         net (fo=1, routed)           0.008     2.047    denselayer3/INPUT_SIZE_rows[3].OUTPUT_SIZE_cols[1].sa/S[2]
    SLICE_X138Y299       CARRY8 (Prop_CARRY8_SLICEL_S[7]_O[7])
                                                      0.017     2.064 r  denselayer3/INPUT_SIZE_rows[3].OUTPUT_SIZE_cols[1].sa/col_trees[16].column_tree/genblk2[2].genblk1[16].tree_reg[16][7]_i_1/O[7]
                         net (fo=1, routed)           0.007     2.071    denselayer3/sum_all/col_trees[16].column_tree/genblk2[2].genblk1[16].tree_reg[16][15]_0[7]
    SLICE_X138Y299       FDRE                                         r  denselayer3/sum_all/col_trees[16].column_tree/genblk2[2].genblk1[16].tree_reg[16][7]/D
  -------------------------------------------------------------------    -------------------

                         (clock ap_clk rise edge)     0.000     0.000 r  
    AR14                                              0.000     0.000 r  clk (IN)
                         net (fo=0)                   0.000     0.000    clk_IBUF_inst/I
    AR14                 INBUF (Prop_INBUF_HPIOB_M_PAD_O)
                                                      0.406     0.406 r  clk_IBUF_inst/INBUF_INST/O
                         net (fo=1, routed)           0.000     0.406    clk_IBUF_inst/OUT
    AR14                 IBUFCTRL (Prop_IBUFCTRL_HPIOB_M_I_O)
                                                      0.000     0.406 r  clk_IBUF_inst/IBUFCTRL_INST/O
                         net (fo=1, routed)           0.181     0.587    clk_IBUF
    BUFGCE_X0Y170        BUFGCE (Prop_BUFCE_BUFGCE_I_O)
                                                      0.019     0.606 r  clk_IBUF_BUFG_inst/O
    X2Y5 (CLOCK_ROOT)    net (fo=66986, routed)       1.713     2.319    denselayer3/sum_all/col_trees[16].column_tree/clk_IBUF_BUFG
    SLICE_X138Y299       FDRE                                         r  denselayer3/sum_all/col_trees[16].column_tree/genblk2[2].genblk1[16].tree_reg[16][7]/C
                         clock pessimism             -0.311     2.009    
    SLICE_X138Y299       FDRE (Hold_HFF_SLICEL_C_D)
                                                      0.046     2.055    denselayer3/sum_all/col_trees[16].column_tree/genblk2[2].genblk1[16].tree_reg[16][7]
  -------------------------------------------------------------------
                         required time                         -2.055    
                         arrival time                           2.071    
  -------------------------------------------------------------------
                         slack                                  0.016    





Pulse Width Checks
--------------------------------------------------------------------------------------
Clock Name:         ap_clk
Waveform(ns):       { 0.000 2.500 }
Period(ns):         5.000
Sources:            { clk }

Check Type        Corner  Lib Pin   Reference Pin  Required(ns)  Actual(ns)  Slack(ns)  Location       Pin
Min Period        n/a     BUFGCE/I  n/a            1.122         5.000       3.878      BUFGCE_X0Y170  clk_IBUF_BUFG_inst/I
Low Pulse Width   Slow    FDRE/C    n/a            0.275         2.500       2.225      SLICE_X45Y366  denselayer1/INPUT_SIZE_rows[3].OUTPUT_SIZE_cols[60].sa/data_out_reg[21]/C
High Pulse Width  Fast    FDRE/C    n/a            0.275         2.500       2.225      SLICE_X90Y401  denselayer1/INPUT_SIZE_rows[12].OUTPUT_SIZE_cols[5].sa/data_out_reg[19]/C



