Copyright 1986-2019 Xilinx, Inc. All Rights Reserved.
---------------------------------------------------------------------------------------------------------------------
| Tool Version : Vivado v.2019.1 (lin64) Build 2552052 Fri May 24 14:47:09 MDT 2019
| Date         : Mon Dec 22 21:31:52 2025
| Host         : hvm1 running 64-bit Ubuntu 22.04.5 LTS
| Command      : report_utilization -hierarchical -hierarchical_depth 1 -file ../reports/19_7_expPipeNegmax_hier.rpt
| Design       : waiz_benchmark
| Device       : xcvu13pfhga2104-3
| Design State : Routed
---------------------------------------------------------------------------------------------------------------------

Utilization Design Information

Table of Contents
-----------------
1. Utilization by Hierarchy

1. Utilization by Hierarchy
---------------------------

+--------------------+---------------------------------------+------------+------------+---------+------+-------+--------+--------+------+--------------+
|      Instance      |                 Module                | Total LUTs | Logic LUTs | LUTRAMs | SRLs |  FFs  | RAMB36 | RAMB18 | URAM | DSP48 Blocks |
+--------------------+---------------------------------------+------------+------------+---------+------+-------+--------+--------+------+--------------+
| waiz_benchmark     |                                 (top) |     144348 |     144347 |       0 |    1 | 43916 |      0 |      3 |    0 |         1162 |
|   (waiz_benchmark) |                                 (top) |       5012 |       5012 |       0 |    0 |     0 |      0 |      3 |    0 |            0 |
|   denselayer1      |                            denseLayer |      78073 |      78073 |       0 |    0 | 10462 |      0 |      0 |    0 |          360 |
|   denselayer2      |            denseLayer__parameterized0 |      23308 |      23308 |       0 |    0 | 22281 |      0 |      0 |    0 |          364 |
|   denselayer3      |            denseLayer__parameterized1 |      10412 |      10412 |       0 |    0 |  9479 |      0 |      0 |    0 |          376 |
|   denselayer4      |            denseLayer__parameterized2 |       1684 |       1684 |       0 |    0 |  1692 |      0 |      0 |    0 |           57 |
|   relulayer1       |                   reluActivationLayer |       7048 |       7048 |       0 |    0 |     0 |      0 |      0 |    0 |            0 |
|   relulayer2       |   reluActivationLayer__parameterized0 |      19754 |      19754 |       0 |    0 |     0 |      0 |      0 |    0 |            0 |
|   relulayer3       | reluActivationLayer__parameterized0_0 |       4229 |       4229 |       0 |    0 |     0 |      0 |      0 |    0 |            0 |
|   softmax          |                       softmaxLayerNeg |        399 |        398 |       0 |    1 |     2 |      0 |      0 |    0 |            5 |
+--------------------+---------------------------------------+------------+------------+---------+------+-------+--------+--------+------+--------------+
* Note: The sum of lower-level cells may be larger than their parent cells total, due to cross-hierarchy LUT combining


