Copyright 1986-2019 Xilinx, Inc. All Rights Reserved.
---------------------------------------------------------------------------------------------------------
| Tool Version      : Vivado v.2019.1 (lin64) Build 2552052 Fri May 24 14:47:09 MDT 2019
| Date              : Tue Dec  2 03:11:33 2025
| Host              : hvm1 running 64-bit Ubuntu 22.04.5 LTS
| Command           : report_timing_summary -file ../reports/19_7_Argmax_P1_PO0_SA2_MULTPIPE1_timing.rpt
| Design            : waiz_benchmark
| Device            : xcvu13p-fhga2104
| Speed File        : -3  PRODUCTION 1.23 03-18-2019
| Temperature Grade : E
---------------------------------------------------------------------------------------------------------

Timing Summary Report

------------------------------------------------------------------------------------------------
| Timer Settings
| --------------
------------------------------------------------------------------------------------------------

  Enable Multi Corner Analysis               :  Yes
  Enable Pessimism Removal                   :  Yes
  Pessimism Removal Resolution               :  Nearest Common Node
  Enable Input Delay Default Clock           :  No
  Enable Preset / Clear Arcs                 :  No
  Disable Flight Delays                      :  No
  Ignore I/O Paths                           :  No
  Timing Early Launch at Borrowing Latches   :  No
  Borrow Time for Max Delay Exceptions       :  Yes

  Corner  Analyze    Analyze    
  Name    Max Paths  Min Paths  
  ------  ---------  ---------  
  Slow    Yes        Yes        
  Fast    Yes        Yes        



check_timing report

Table of Contents
-----------------
1. checking no_clock
2. checking constant_clock
3. checking pulse_width_clock
4. checking unconstrained_internal_endpoints
5. checking no_input_delay
6. checking no_output_delay
7. checking multiple_clock
8. checking generated_clocks
9. checking loops
10. checking partial_input_delay
11. checking partial_output_delay
12. checking latch_loops

1. checking no_clock
--------------------
 There are 0 register/latch pins with no clock.


2. checking constant_clock
--------------------------
 There are 0 register/latch pins with constant_clock.


3. checking pulse_width_clock
-----------------------------
 There are 0 register/latch pins which need pulse_width check


4. checking unconstrained_internal_endpoints
--------------------------------------------
 There are 0 pins that are not constrained for maximum delay.

 There are 0 pins that are not constrained for maximum delay due to constant clock.


5. checking no_input_delay
--------------------------
 There are 306 input ports with no input delay specified. (HIGH)

 There are 0 input ports with no input delay but user has a false path constraint.


6. checking no_output_delay
---------------------------
 There are 6 ports with no output delay specified. (HIGH)

 There are 0 ports with no output delay but user has a false path constraint

 There are 0 ports with no output delay but with a timing clock defined on it or propagating through it


7. checking multiple_clock
--------------------------
 There are 0 register/latch pins with multiple clocks.


8. checking generated_clocks
----------------------------
 There are 0 generated clocks that are not connected to a clock source.


9. checking loops
-----------------
 There are 0 combinational loops in the design.


10. checking partial_input_delay
--------------------------------
 There are 0 input ports with partial input delay specified.


11. checking partial_output_delay
---------------------------------
 There are 0 ports with partial output delay specified.


12. checking latch_loops
------------------------
 There are 0 combinational latch loops in the design through latch input



------------------------------------------------------------------------------------------------
| Design Timing Summary
| ---------------------
------------------------------------------------------------------------------------------------

    WNS(ns)      TNS(ns)  TNS Failing Endpoints  TNS Total Endpoints      WHS(ns)      THS(ns)  THS Failing Endpoints  THS Total Endpoints     WPWS(ns)     TPWS(ns)  TPWS Failing Endpoints  TPWS Total Endpoints  
    -------      -------  ---------------------  -------------------      -------      -------  ---------------------  -------------------     --------     --------  ----------------------  --------------------  
      0.564        0.000                      0               225294        0.025        0.000                      0               225294        2.225        0.000                       0                 40225  


All user specified timing constraints are met.


------------------------------------------------------------------------------------------------
| Clock Summary
| -------------
------------------------------------------------------------------------------------------------

Clock   Waveform(ns)         Period(ns)      Frequency(MHz)
-----   ------------         ----------      --------------
ap_clk  {0.000 2.500}        5.000           200.000         


------------------------------------------------------------------------------------------------
| Intra Clock Table
| -----------------
------------------------------------------------------------------------------------------------

Clock             WNS(ns)      TNS(ns)  TNS Failing Endpoints  TNS Total Endpoints      WHS(ns)      THS(ns)  THS Failing Endpoints  THS Total Endpoints     WPWS(ns)     TPWS(ns)  TPWS Failing Endpoints  TPWS Total Endpoints  
-----             -------      -------  ---------------------  -------------------      -------      -------  ---------------------  -------------------     --------     --------  ----------------------  --------------------  
ap_clk              0.564        0.000                      0               225294        0.025        0.000                      0               225294        2.225        0.000                       0                 40225  


------------------------------------------------------------------------------------------------
| Inter Clock Table
| -----------------
------------------------------------------------------------------------------------------------

From Clock    To Clock          WNS(ns)      TNS(ns)  TNS Failing Endpoints  TNS Total Endpoints      WHS(ns)      THS(ns)  THS Failing Endpoints  THS Total Endpoints  
----------    --------          -------      -------  ---------------------  -------------------      -------      -------  ---------------------  -------------------  


------------------------------------------------------------------------------------------------
| Other Path Groups Table
| -----------------------
------------------------------------------------------------------------------------------------

Path Group    From Clock    To Clock          WNS(ns)      TNS(ns)  TNS Failing Endpoints  TNS Total Endpoints      WHS(ns)      THS(ns)  THS Failing Endpoints  THS Total Endpoints  
----------    ----------    --------          -------      -------  ---------------------  -------------------      -------      -------  ---------------------  -------------------  


------------------------------------------------------------------------------------------------
| Timing Details
| --------------
------------------------------------------------------------------------------------------------


---------------------------------------------------------------------------------------------------
From Clock:  ap_clk
  To Clock:  ap_clk

Setup :            0  Failing Endpoints,  Worst Slack        0.564ns,  Total Violation        0.000ns
Hold  :            0  Failing Endpoints,  Worst Slack        0.025ns,  Total Violation        0.000ns
PW    :            0  Failing Endpoints,  Worst Slack        2.225ns,  Total Violation        0.000ns
---------------------------------------------------------------------------------------------------


Max Delay Paths
--------------------------------------------------------------------------------------
Slack (MET) :             0.564ns  (required time - arrival time)
  Source:                 denselayer1/sum_all/col_trees[15].column_tree/genblk2[1].genblk1[4].tree_reg[4][18]/C
                            (rising edge-triggered cell FDRE clocked by ap_clk  {rise@0.000ns fall@2.500ns period=5.000ns})
  Destination:            denselayer1/sum_all/col_trees[15].column_tree/genblk2[0].genblk1[1].tree_reg[1][18]/D
                            (rising edge-triggered cell FDRE clocked by ap_clk  {rise@0.000ns fall@2.500ns period=5.000ns})
  Path Group:             ap_clk
  Path Type:              Setup (Max at Slow Process Corner)
  Requirement:            5.000ns  (ap_clk rise@5.000ns - ap_clk rise@0.000ns)
  Data Path Delay:        3.817ns  (logic 0.200ns (5.240%)  route 3.617ns (94.760%))
  Logic Levels:           3  (CARRY8=1 LUT4=1 LUT6=1)
  Clock Path Skew:        -0.436ns (DCD - SCD + CPR)
    Destination Clock Delay (DCD):    2.791ns = ( 7.791 - 5.000 ) 
    Source Clock Delay      (SCD):    3.575ns
    Clock Pessimism Removal (CPR):    0.348ns
  Clock Uncertainty:      0.035ns  ((TSJ^2 + TIJ^2)^1/2 + DJ) / 2 + PE
    Total System Jitter     (TSJ):    0.071ns
    Total Input Jitter      (TIJ):    0.000ns
    Discrete Jitter          (DJ):    0.000ns
    Phase Error              (PE):    0.000ns
  Inter-SLR Compensation: 0.170ns  ((DCD - CCD) * PF)
    Destination Clock Delay (DCD):    2.791ns
    Common Clock Delay      (CCD):    1.656ns
    Prorating Factor         (PF):    0.150
  Clock Net Delay (Source):      2.699ns (routing 1.128ns, distribution 1.571ns)
  Clock Net Delay (Destination): 2.158ns (routing 1.023ns, distribution 1.135ns)

    Location             Delay type                Incr(ns)  Path(ns)    Netlist Resource(s)
  -------------------------------------------------------------------    -------------------
                         (clock ap_clk rise edge)     0.000     0.000 r  
    AP13                                              0.000     0.000 r  clk (IN)
                         net (fo=0)                   0.000     0.000    clk_IBUF_inst/I
    AP13                 INBUF (Prop_INBUF_HPIOB_M_PAD_O)
                                                      0.534     0.534 r  clk_IBUF_inst/INBUF_INST/O
                         net (fo=1, routed)           0.000     0.534    clk_IBUF_inst/OUT
    AP13                 IBUFCTRL (Prop_IBUFCTRL_HPIOB_M_I_O)
                                                      0.000     0.534 r  clk_IBUF_inst/IBUFCTRL_INST/O
                         net (fo=1, routed)           0.314     0.848    clk_IBUF
    BUFGCE_X0Y170        BUFGCE (Prop_BUFCE_BUFGCE_I_O)
                                                      0.028     0.876 r  clk_IBUF_BUFG_inst/O
    X3Y10 (CLOCK_ROOT)   net (fo=55619, routed)       2.699     3.575    denselayer1/sum_all/col_trees[15].column_tree/CLK
    SLR Crossing[1->3]   
    SLICE_X158Y739       FDRE                                         r  denselayer1/sum_all/col_trees[15].column_tree/genblk2[1].genblk1[4].tree_reg[4][18]/C
  -------------------------------------------------------------------    -------------------
    SLICE_X158Y739       FDRE (Prop_CFF_SLICEL_C_Q)
                                                      0.070     3.645 r  denselayer1/sum_all/col_trees[15].column_tree/genblk2[1].genblk1[4].tree_reg[4][18]/Q
                         net (fo=1, routed)           1.985     5.630    denselayer1/sum_all/col_trees[15].column_tree/genblk2[1].genblk1[4].tree_reg[4]_233[18]
    SLR Crossing[3->2]   
    SLICE_X163Y565       LUT4 (Prop_H6LUT_SLICEL_I3_O)
                                                      0.049     5.679 r  denselayer1/sum_all/col_trees[15].column_tree/genblk2[0].genblk1[1].tree[1][18]_i_10__45/O
                         net (fo=1, routed)           1.582     7.261    denselayer1/sum_all/col_trees[15].column_tree/genblk2[0].genblk1[1].tree[1][18]_i_10__45_n_0
    SLICE_X106Y601       LUT6 (Prop_C6LUT_SLICEM_I2_O)
                                                      0.031     7.292 r  denselayer1/sum_all/col_trees[15].column_tree/genblk2[0].genblk1[1].tree[1][18]_i_4__45/O
                         net (fo=1, routed)           0.025     7.317    denselayer1/sum_all/col_trees[15].column_tree/genblk2[0].genblk1[1].tree[1][18]_i_4__45_n_0
    SLICE_X106Y601       CARRY8 (Prop_CARRY8_SLICEM_S[2]_O[2])
                                                      0.050     7.367 r  denselayer1/sum_all/col_trees[15].column_tree/genblk2[0].genblk1[1].tree_reg[1][18]_i_1/O[2]
                         net (fo=1, routed)           0.025     7.392    denselayer1/sum_all/col_trees[15].column_tree/p_4_out[18]
    SLICE_X106Y601       FDRE                                         r  denselayer1/sum_all/col_trees[15].column_tree/genblk2[0].genblk1[1].tree_reg[1][18]/D
  -------------------------------------------------------------------    -------------------

                         (clock ap_clk rise edge)     5.000     5.000 r  
    AP13                                              0.000     5.000 r  clk (IN)
                         net (fo=0)                   0.000     5.000    clk_IBUF_inst/I
    AP13                 INBUF (Prop_INBUF_HPIOB_M_PAD_O)
                                                      0.330     5.330 r  clk_IBUF_inst/INBUF_INST/O
                         net (fo=1, routed)           0.000     5.330    clk_IBUF_inst/OUT
    AP13                 IBUFCTRL (Prop_IBUFCTRL_HPIOB_M_I_O)
                                                      0.000     5.330 r  clk_IBUF_inst/IBUFCTRL_INST/O
                         net (fo=1, routed)           0.279     5.609    clk_IBUF
    BUFGCE_X0Y170        BUFGCE (Prop_BUFCE_BUFGCE_I_O)
                                                      0.024     5.633 r  clk_IBUF_BUFG_inst/O
    X3Y10 (CLOCK_ROOT)   net (fo=55619, routed)       2.158     7.791    denselayer1/sum_all/col_trees[15].column_tree/CLK
    SLR Crossing[1->2]   
    SLICE_X106Y601       FDRE                                         r  denselayer1/sum_all/col_trees[15].column_tree/genblk2[0].genblk1[1].tree_reg[1][18]/C
                         clock pessimism              0.348     8.139    
                         inter-SLR compensation      -0.170     7.968    
                         clock uncertainty           -0.035     7.933    
    SLICE_X106Y601       FDRE (Setup_CFF_SLICEM_C_D)
                                                      0.023     7.956    denselayer1/sum_all/col_trees[15].column_tree/genblk2[0].genblk1[1].tree_reg[1][18]
  -------------------------------------------------------------------
                         required time                          7.956    
                         arrival time                          -7.392    
  -------------------------------------------------------------------
                         slack                                  0.564    





Min Delay Paths
--------------------------------------------------------------------------------------
Slack (MET) :             0.025ns  (arrival time - required time)
  Source:                 denselayer2/sum_all/col_trees[20].column_tree/genblk2[2].genblk1[25].tree_reg[25][15]/C
                            (rising edge-triggered cell FDRE clocked by ap_clk  {rise@0.000ns fall@2.500ns period=5.000ns})
  Destination:            denselayer2/sum_all/col_trees[20].column_tree/genblk2[1].genblk1[6].tree_reg[6][16]/D
                            (rising edge-triggered cell FDRE clocked by ap_clk  {rise@0.000ns fall@2.500ns period=5.000ns})
  Path Group:             ap_clk
  Path Type:              Hold (Min at Fast Process Corner)
  Requirement:            0.000ns  (ap_clk rise@0.000ns - ap_clk rise@0.000ns)
  Data Path Delay:        0.151ns  (logic 0.072ns (47.682%)  route 0.079ns (52.318%))
  Logic Levels:           2  (CARRY8=1 LUT6=1)
  Clock Path Skew:        0.080ns (DCD - SCD - CPR)
    Destination Clock Delay (DCD):    2.267ns
    Source Clock Delay      (SCD):    1.831ns
    Clock Pessimism Removal (CPR):    0.355ns
  Clock Net Delay (Source):      1.436ns (routing 0.681ns, distribution 0.755ns)
  Clock Net Delay (Destination): 1.647ns (routing 0.759ns, distribution 0.888ns)

    Location             Delay type                Incr(ns)  Path(ns)    Netlist Resource(s)
  -------------------------------------------------------------------    -------------------
                         (clock ap_clk rise edge)     0.000     0.000 r  
    AP13                                              0.000     0.000 r  clk (IN)
                         net (fo=0)                   0.000     0.000    clk_IBUF_inst/I
    AP13                 INBUF (Prop_INBUF_HPIOB_M_PAD_O)
                                                      0.234     0.234 r  clk_IBUF_inst/INBUF_INST/O
                         net (fo=1, routed)           0.000     0.234    clk_IBUF_inst/OUT
    AP13                 IBUFCTRL (Prop_IBUFCTRL_HPIOB_M_I_O)
                                                      0.000     0.234 r  clk_IBUF_inst/IBUFCTRL_INST/O
                         net (fo=1, routed)           0.144     0.378    clk_IBUF
    BUFGCE_X0Y170        BUFGCE (Prop_BUFCE_BUFGCE_I_O)
                                                      0.017     0.395 r  clk_IBUF_BUFG_inst/O
    X3Y10 (CLOCK_ROOT)   net (fo=55619, routed)       1.436     1.831    denselayer2/sum_all/col_trees[20].column_tree/CLK
    SLR Crossing[1->2]   
    SLICE_X95Y563        FDRE                                         r  denselayer2/sum_all/col_trees[20].column_tree/genblk2[2].genblk1[25].tree_reg[25][15]/C
  -------------------------------------------------------------------    -------------------
    SLICE_X95Y563        FDRE (Prop_HFF_SLICEM_C_Q)
                                                      0.039     1.870 r  denselayer2/sum_all/col_trees[20].column_tree/genblk2[2].genblk1[25].tree_reg[25][15]/Q
                         net (fo=3, routed)           0.062     1.932    denselayer2/sum_all/col_trees[20].column_tree/genblk2[2].genblk1[25].tree_reg[25]_425[15]
    SLICE_X94Y564        LUT6 (Prop_A6LUT_SLICEM_I3_O)
                                                      0.014     1.946 r  denselayer2/sum_all/col_trees[20].column_tree/genblk2[1].genblk1[6].tree[6][18]_i_6__19/O
                         net (fo=1, routed)           0.010     1.956    denselayer2/sum_all/col_trees[20].column_tree/genblk2[1].genblk1[6].tree[6][18]_i_6__19_n_0
    SLICE_X94Y564        CARRY8 (Prop_CARRY8_SLICEM_S[0]_O[0])
                                                      0.019     1.975 r  denselayer2/sum_all/col_trees[20].column_tree/genblk2[1].genblk1[6].tree_reg[6][18]_i_1__19/O[0]
                         net (fo=1, routed)           0.007     1.982    denselayer2/sum_all/col_trees[20].column_tree/p_17_out[16]
    SLICE_X94Y564        FDRE                                         r  denselayer2/sum_all/col_trees[20].column_tree/genblk2[1].genblk1[6].tree_reg[6][16]/D
  -------------------------------------------------------------------    -------------------

                         (clock ap_clk rise edge)     0.000     0.000 r  
    AP13                                              0.000     0.000 r  clk (IN)
                         net (fo=0)                   0.000     0.000    clk_IBUF_inst/I
    AP13                 INBUF (Prop_INBUF_HPIOB_M_PAD_O)
                                                      0.420     0.420 r  clk_IBUF_inst/INBUF_INST/O
                         net (fo=1, routed)           0.000     0.420    clk_IBUF_inst/OUT
    AP13                 IBUFCTRL (Prop_IBUFCTRL_HPIOB_M_I_O)
                                                      0.000     0.420 r  clk_IBUF_inst/IBUFCTRL_INST/O
                         net (fo=1, routed)           0.181     0.601    clk_IBUF
    BUFGCE_X0Y170        BUFGCE (Prop_BUFCE_BUFGCE_I_O)
                                                      0.019     0.620 r  clk_IBUF_BUFG_inst/O
    X3Y10 (CLOCK_ROOT)   net (fo=55619, routed)       1.647     2.267    denselayer2/sum_all/col_trees[20].column_tree/CLK
    SLR Crossing[1->2]   
    SLICE_X94Y564        FDRE                                         r  denselayer2/sum_all/col_trees[20].column_tree/genblk2[1].genblk1[6].tree_reg[6][16]/C
                         clock pessimism             -0.355     1.911    
    SLICE_X94Y564        FDRE (Hold_AFF_SLICEM_C_D)
                                                      0.046     1.957    denselayer2/sum_all/col_trees[20].column_tree/genblk2[1].genblk1[6].tree_reg[6][16]
  -------------------------------------------------------------------
                         required time                         -1.957    
                         arrival time                           1.982    
  -------------------------------------------------------------------
                         slack                                  0.025    





Pulse Width Checks
--------------------------------------------------------------------------------------
Clock Name:         ap_clk
Waveform(ns):       { 0.000 2.500 }
Period(ns):         5.000
Sources:            { clk }

Check Type        Corner  Lib Pin   Reference Pin  Required(ns)  Actual(ns)  Slack(ns)  Location       Pin
Min Period        n/a     BUFGCE/I  n/a            1.122         5.000       3.878      BUFGCE_X0Y170  clk_IBUF_BUFG_inst/I
Low Pulse Width   Slow    FDRE/C    n/a            0.275         2.500       2.225      SLICE_X80Y615  denselayer2/INPUT_SIZE_rows[15].OUTPUT_SIZE_cols[29].sa/data_in_ex_reg[0]/C
High Pulse Width  Fast    FDRE/C    n/a            0.275         2.500       2.225      SLICE_X78Y626  denselayer2/INPUT_SIZE_rows[15].OUTPUT_SIZE_cols[29].sa/data_in_ex_reg[10]/C



