Copyright 1986-2019 Xilinx, Inc. All Rights Reserved.
---------------------------------------------------------------------------------------------
| Tool Version      : Vivado v.2019.1 (lin64) Build 2552052 Fri May 24 14:47:09 MDT 2019
| Date              : Thu Nov 27 01:15:07 2025
| Host              : hvm1 running 64-bit Ubuntu 22.04.5 LTS
| Command           : report_timing_summary -file ../reports/19_7_Argmax_pipe3PO0_timing.rpt
| Design            : waiz_benchmark
| Device            : xcvu13p-fhga2104
| Speed File        : -3  PRODUCTION 1.23 03-18-2019
| Temperature Grade : E
---------------------------------------------------------------------------------------------

Timing Summary Report

------------------------------------------------------------------------------------------------
| Timer Settings
| --------------
------------------------------------------------------------------------------------------------

  Enable Multi Corner Analysis               :  Yes
  Enable Pessimism Removal                   :  Yes
  Pessimism Removal Resolution               :  Nearest Common Node
  Enable Input Delay Default Clock           :  No
  Enable Preset / Clear Arcs                 :  No
  Disable Flight Delays                      :  No
  Ignore I/O Paths                           :  No
  Timing Early Launch at Borrowing Latches   :  No
  Borrow Time for Max Delay Exceptions       :  Yes

  Corner  Analyze    Analyze    
  Name    Max Paths  Min Paths  
  ------  ---------  ---------  
  Slow    Yes        Yes        
  Fast    Yes        Yes        



check_timing report

Table of Contents
-----------------
1. checking no_clock
2. checking constant_clock
3. checking pulse_width_clock
4. checking unconstrained_internal_endpoints
5. checking no_input_delay
6. checking no_output_delay
7. checking multiple_clock
8. checking generated_clocks
9. checking loops
10. checking partial_input_delay
11. checking partial_output_delay
12. checking latch_loops

1. checking no_clock
--------------------
 There are 0 register/latch pins with no clock.


2. checking constant_clock
--------------------------
 There are 0 register/latch pins with constant_clock.


3. checking pulse_width_clock
-----------------------------
 There are 0 register/latch pins which need pulse_width check


4. checking unconstrained_internal_endpoints
--------------------------------------------
 There are 0 pins that are not constrained for maximum delay.

 There are 0 pins that are not constrained for maximum delay due to constant clock.


5. checking no_input_delay
--------------------------
 There are 306 input ports with no input delay specified. (HIGH)

 There are 0 input ports with no input delay but user has a false path constraint.


6. checking no_output_delay
---------------------------
 There are 6 ports with no output delay specified. (HIGH)

 There are 0 ports with no output delay but user has a false path constraint

 There are 0 ports with no output delay but with a timing clock defined on it or propagating through it


7. checking multiple_clock
--------------------------
 There are 0 register/latch pins with multiple clocks.


8. checking generated_clocks
----------------------------
 There are 0 generated clocks that are not connected to a clock source.


9. checking loops
-----------------
 There are 0 combinational loops in the design.


10. checking partial_input_delay
--------------------------------
 There are 0 input ports with partial input delay specified.


11. checking partial_output_delay
---------------------------------
 There are 0 ports with partial output delay specified.


12. checking latch_loops
------------------------
 There are 0 combinational latch loops in the design through latch input



------------------------------------------------------------------------------------------------
| Design Timing Summary
| ---------------------
------------------------------------------------------------------------------------------------

    WNS(ns)      TNS(ns)  TNS Failing Endpoints  TNS Total Endpoints      WHS(ns)      THS(ns)  THS Failing Endpoints  THS Total Endpoints     WPWS(ns)     TPWS(ns)  TPWS Failing Endpoints  TPWS Total Endpoints  
    -------      -------  ---------------------  -------------------      -------      -------  ---------------------  -------------------     --------     --------  ----------------------  --------------------  
      0.003        0.000                      0                76497        0.057        0.000                      0                76497        2.225        0.000                       0                 44273  


All user specified timing constraints are met.


------------------------------------------------------------------------------------------------
| Clock Summary
| -------------
------------------------------------------------------------------------------------------------

Clock   Waveform(ns)         Period(ns)      Frequency(MHz)
-----   ------------         ----------      --------------
ap_clk  {0.000 2.500}        5.000           200.000         


------------------------------------------------------------------------------------------------
| Intra Clock Table
| -----------------
------------------------------------------------------------------------------------------------

Clock             WNS(ns)      TNS(ns)  TNS Failing Endpoints  TNS Total Endpoints      WHS(ns)      THS(ns)  THS Failing Endpoints  THS Total Endpoints     WPWS(ns)     TPWS(ns)  TPWS Failing Endpoints  TPWS Total Endpoints  
-----             -------      -------  ---------------------  -------------------      -------      -------  ---------------------  -------------------     --------     --------  ----------------------  --------------------  
ap_clk              0.003        0.000                      0                76497        0.057        0.000                      0                76497        2.225        0.000                       0                 44273  


------------------------------------------------------------------------------------------------
| Inter Clock Table
| -----------------
------------------------------------------------------------------------------------------------

From Clock    To Clock          WNS(ns)      TNS(ns)  TNS Failing Endpoints  TNS Total Endpoints      WHS(ns)      THS(ns)  THS Failing Endpoints  THS Total Endpoints  
----------    --------          -------      -------  ---------------------  -------------------      -------      -------  ---------------------  -------------------  


------------------------------------------------------------------------------------------------
| Other Path Groups Table
| -----------------------
------------------------------------------------------------------------------------------------

Path Group    From Clock    To Clock          WNS(ns)      TNS(ns)  TNS Failing Endpoints  TNS Total Endpoints      WHS(ns)      THS(ns)  THS Failing Endpoints  THS Total Endpoints  
----------    ----------    --------          -------      -------  ---------------------  -------------------      -------      -------  ---------------------  -------------------  


------------------------------------------------------------------------------------------------
| Timing Details
| --------------
------------------------------------------------------------------------------------------------


---------------------------------------------------------------------------------------------------
From Clock:  ap_clk
  To Clock:  ap_clk

Setup :            0  Failing Endpoints,  Worst Slack        0.003ns,  Total Violation        0.000ns
Hold  :            0  Failing Endpoints,  Worst Slack        0.057ns,  Total Violation        0.000ns
PW    :            0  Failing Endpoints,  Worst Slack        2.225ns,  Total Violation        0.000ns
---------------------------------------------------------------------------------------------------


Max Delay Paths
--------------------------------------------------------------------------------------
Slack (MET) :             0.003ns  (required time - arrival time)
  Source:                 denselayer2/INPUT_SIZE_rows[24].OUTPUT_SIZE_cols[31].sa/data_out_reg/DSP_M_DATA_INST/CLK
                            (rising edge-triggered cell DSP_M_DATA clocked by ap_clk  {rise@0.000ns fall@2.500ns period=5.000ns})
  Destination:            denselayer2/sum_all/col_trees[31].column_tree/genblk2[0].genblk1[1].tree_reg[1][18]/D
                            (rising edge-triggered cell FDRE clocked by ap_clk  {rise@0.000ns fall@2.500ns period=5.000ns})
  Path Group:             ap_clk
  Path Type:              Setup (Max at Slow Process Corner)
  Requirement:            5.000ns  (ap_clk rise@5.000ns - ap_clk rise@0.000ns)
  Data Path Delay:        4.840ns  (logic 1.925ns (39.773%)  route 2.915ns (60.227%))
  Logic Levels:           14  (CARRY8=5 DSP_ALU=1 DSP_OUTPUT=1 LUT3=4 LUT4=2 LUT6=1)
  Clock Path Skew:        -0.145ns (DCD - SCD + CPR)
    Destination Clock Delay (DCD):    2.431ns = ( 7.431 - 5.000 ) 
    Source Clock Delay      (SCD):    2.906ns
    Clock Pessimism Removal (CPR):    0.330ns
  Clock Uncertainty:      0.035ns  ((TSJ^2 + TIJ^2)^1/2 + DJ) / 2 + PE
    Total System Jitter     (TSJ):    0.071ns
    Total Input Jitter      (TIJ):    0.000ns
    Discrete Jitter          (DJ):    0.000ns
    Phase Error              (PE):    0.000ns
  Clock Net Delay (Source):      2.030ns (routing 0.941ns, distribution 1.089ns)
  Clock Net Delay (Destination): 1.798ns (routing 0.854ns, distribution 0.944ns)

    Location             Delay type                Incr(ns)  Path(ns)    Netlist Resource(s)
  -------------------------------------------------------------------    -------------------
                         (clock ap_clk rise edge)     0.000     0.000 r  
    AP13                                              0.000     0.000 r  clk (IN)
                         net (fo=0)                   0.000     0.000    clk_IBUF_inst/I
    AP13                 INBUF (Prop_INBUF_HPIOB_M_PAD_O)
                                                      0.534     0.534 r  clk_IBUF_inst/INBUF_INST/O
                         net (fo=1, routed)           0.000     0.534    clk_IBUF_inst/OUT
    AP13                 IBUFCTRL (Prop_IBUFCTRL_HPIOB_M_I_O)
                                                      0.000     0.534 r  clk_IBUF_inst/IBUFCTRL_INST/O
                         net (fo=1, routed)           0.314     0.848    clk_IBUF
    BUFGCE_X0Y170        BUFGCE (Prop_BUFCE_BUFGCE_I_O)
                                                      0.028     0.876 r  clk_IBUF_BUFG_inst/O
    X3Y9 (CLOCK_ROOT)    net (fo=50462, routed)       2.030     2.906    denselayer2/INPUT_SIZE_rows[24].OUTPUT_SIZE_cols[31].sa/data_out_reg/CLK
    SLR Crossing[1->2]   
    DSP48E2_X10Y246      DSP_M_DATA                                   r  denselayer2/INPUT_SIZE_rows[24].OUTPUT_SIZE_cols[31].sa/data_out_reg/DSP_M_DATA_INST/CLK
  -------------------------------------------------------------------    -------------------
    DSP48E2_X10Y246      DSP_M_DATA (Prop_DSP_M_DATA_DSP48E2_CLK_V_DATA[14])
                                                      0.233     3.139 r  denselayer2/INPUT_SIZE_rows[24].OUTPUT_SIZE_cols[31].sa/data_out_reg/DSP_M_DATA_INST/V_DATA[14]
                         net (fo=1, routed)           0.000     3.139    denselayer2/INPUT_SIZE_rows[24].OUTPUT_SIZE_cols[31].sa/data_out_reg/DSP_M_DATA.V_DATA<14>
    DSP48E2_X10Y246      DSP_ALU (Prop_DSP_ALU_DSP48E2_V_DATA[14]_ALU_OUT[14])
                                                      0.439     3.578 f  denselayer2/INPUT_SIZE_rows[24].OUTPUT_SIZE_cols[31].sa/data_out_reg/DSP_ALU_INST/ALU_OUT[14]
                         net (fo=1, routed)           0.000     3.578    denselayer2/INPUT_SIZE_rows[24].OUTPUT_SIZE_cols[31].sa/data_out_reg/DSP_ALU.ALU_OUT<14>
    DSP48E2_X10Y246      DSP_OUTPUT (Prop_DSP_OUTPUT_DSP48E2_ALU_OUT[14]_P[14])
                                                      0.089     3.667 r  denselayer2/INPUT_SIZE_rows[24].OUTPUT_SIZE_cols[31].sa/data_out_reg/DSP_OUTPUT_INST/P[14]
                         net (fo=2, routed)           0.242     3.909    denselayer2/INPUT_SIZE_rows[24].OUTPUT_SIZE_cols[31].sa/p_1279_out[14]
    SLICE_X75Y615        LUT3 (Prop_C5LUT_SLICEL_I0_O)
                                                      0.099     4.008 r  denselayer2/INPUT_SIZE_rows[24].OUTPUT_SIZE_cols[31].sa/genblk2[0].genblk1[1].tree[1][18]_i_956__24/O
                         net (fo=2, routed)           0.182     4.190    denselayer2/INPUT_SIZE_rows[24].OUTPUT_SIZE_cols[31].sa/genblk2[0].genblk1[1].tree[1][18]_i_956__24_n_0
    SLICE_X75Y615        LUT4 (Prop_D6LUT_SLICEL_I3_O)
                                                      0.081     4.271 r  denselayer2/INPUT_SIZE_rows[24].OUTPUT_SIZE_cols[31].sa/genblk2[0].genblk1[1].tree[1][18]_i_963__23/O
                         net (fo=1, routed)           0.012     4.283    denselayer2/INPUT_SIZE_rows[24].OUTPUT_SIZE_cols[31].sa/genblk2[0].genblk1[1].tree[1][18]_i_963__23_n_0
    SLICE_X75Y615        CARRY8 (Prop_CARRY8_SLICEL_S[3]_O[3])
                                                      0.048     4.331 r  denselayer2/INPUT_SIZE_rows[24].OUTPUT_SIZE_cols[31].sa/genblk2[0].genblk1[1].tree_reg[1][18]_i_546__22/O[3]
                         net (fo=2, routed)           0.471     4.802    denselayer2_n_9878
    SLICE_X86Y608        LUT3 (Prop_D5LUT_SLICEL_I1_O)
                                                      0.061     4.863 r  genblk2[0].genblk1[1].tree[1][18]_i_464__29/O
                         net (fo=2, routed)           0.134     4.997    genblk2[0].genblk1[1].tree[1][18]_i_464__29_n_0
    SLICE_X86Y608        LUT4 (Prop_E6LUT_SLICEL_I3_O)
                                                      0.114     5.111 r  genblk2[0].genblk1[1].tree[1][18]_i_471__29/O
                         net (fo=1, routed)           0.010     5.121    denselayer2/INPUT_SIZE_rows[18].OUTPUT_SIZE_cols[31].sa/genblk2[0].genblk1[1].tree[1][15]_i_72__30_0[4]
    SLICE_X86Y608        CARRY8 (Prop_CARRY8_SLICEL_S[4]_CO[7])
                                                      0.133     5.254 r  denselayer2/INPUT_SIZE_rows[18].OUTPUT_SIZE_cols[31].sa/genblk2[0].genblk1[1].tree_reg[1][18]_i_129__30/CO[7]
                         net (fo=1, routed)           0.023     5.277    denselayer2/INPUT_SIZE_rows[18].OUTPUT_SIZE_cols[31].sa/genblk2[0].genblk1[1].tree_reg[1][18]_i_129__30_n_0
    SLICE_X86Y609        CARRY8 (Prop_CARRY8_SLICEL_CI_O[5])
                                                      0.103     5.380 r  denselayer2/INPUT_SIZE_rows[18].OUTPUT_SIZE_cols[31].sa/genblk2[0].genblk1[1].tree_reg[1][18]_i_126__30/O[5]
                         net (fo=3, routed)           0.599     5.979    denselayer2_n_10120
    SLICE_X103Y606       LUT3 (Prop_G6LUT_SLICEL_I2_O)
                                                      0.114     6.093 r  genblk2[0].genblk1[1].tree[1][18]_i_60__30/O
                         net (fo=1, routed)           0.193     6.286    genblk2[0].genblk1[1].tree[1][18]_i_60__30_n_0
    SLICE_X103Y605       CARRY8 (Prop_CARRY8_SLICEL_DI[6]_O[7])
                                                      0.078     6.364 r  genblk2[0].genblk1[1].tree_reg[1][18]_i_11__30/O[7]
                         net (fo=3, routed)           0.829     7.193    denselayer2/sum_all/col_trees[31].column_tree/genblk2[0].genblk1[1].tree_reg[1][18]_2[7]
    SLICE_X119Y587       LUT3 (Prop_B5LUT_SLICEL_I0_O)
                                                      0.093     7.286 r  denselayer2/sum_all/col_trees[31].column_tree/genblk2[0].genblk1[1].tree[1][18]_i_19__30/O
                         net (fo=2, routed)           0.175     7.461    denselayer2/sum_all/col_trees[31].column_tree/genblk2[0].genblk1[1].tree[1][18]_i_19__30_n_0
    SLICE_X118Y585       LUT6 (Prop_B6LUT_SLICEM_I0_O)
                                                      0.136     7.597 r  denselayer2/sum_all/col_trees[31].column_tree/genblk2[0].genblk1[1].tree[1][18]_i_5__30/O
                         net (fo=1, routed)           0.020     7.617    denselayer2/sum_all/col_trees[31].column_tree/genblk2[0].genblk1[1].tree[1][18]_i_5__30_n_0
    SLICE_X118Y585       CARRY8 (Prop_CARRY8_SLICEM_S[1]_O[2])
                                                      0.104     7.721 r  denselayer2/sum_all/col_trees[31].column_tree/genblk2[0].genblk1[1].tree_reg[1][18]_i_1__30/O[2]
                         net (fo=1, routed)           0.025     7.746    denselayer2/sum_all/col_trees[31].column_tree/p_0_in[18]
    SLICE_X118Y585       FDRE                                         r  denselayer2/sum_all/col_trees[31].column_tree/genblk2[0].genblk1[1].tree_reg[1][18]/D
  -------------------------------------------------------------------    -------------------

                         (clock ap_clk rise edge)     5.000     5.000 r  
    AP13                                              0.000     5.000 r  clk (IN)
                         net (fo=0)                   0.000     5.000    clk_IBUF_inst/I
    AP13                 INBUF (Prop_INBUF_HPIOB_M_PAD_O)
                                                      0.330     5.330 r  clk_IBUF_inst/INBUF_INST/O
                         net (fo=1, routed)           0.000     5.330    clk_IBUF_inst/OUT
    AP13                 IBUFCTRL (Prop_IBUFCTRL_HPIOB_M_I_O)
                                                      0.000     5.330 r  clk_IBUF_inst/IBUFCTRL_INST/O
                         net (fo=1, routed)           0.279     5.609    clk_IBUF
    BUFGCE_X0Y170        BUFGCE (Prop_BUFCE_BUFGCE_I_O)
                                                      0.024     5.633 r  clk_IBUF_BUFG_inst/O
    X3Y9 (CLOCK_ROOT)    net (fo=50462, routed)       1.798     7.431    denselayer2/sum_all/col_trees[31].column_tree/CLK
    SLR Crossing[1->2]   
    SLICE_X118Y585       FDRE                                         r  denselayer2/sum_all/col_trees[31].column_tree/genblk2[0].genblk1[1].tree_reg[1][18]/C
                         clock pessimism              0.330     7.761    
                         clock uncertainty           -0.035     7.725    
    SLICE_X118Y585       FDRE (Setup_CFF_SLICEM_C_D)
                                                      0.023     7.748    denselayer2/sum_all/col_trees[31].column_tree/genblk2[0].genblk1[1].tree_reg[1][18]
  -------------------------------------------------------------------
                         required time                          7.748    
                         arrival time                          -7.746    
  -------------------------------------------------------------------
                         slack                                  0.003    





Min Delay Paths
--------------------------------------------------------------------------------------
Slack (MET) :             0.057ns  (arrival time - required time)
  Source:                 denselayer1/sum_all/col_trees[29].column_tree/genblk2[0].genblk1[1].tree_reg[1][12]/C
                            (rising edge-triggered cell FDRE clocked by ap_clk  {rise@0.000ns fall@2.500ns period=5.000ns})
  Destination:            denselayer2/INPUT_SIZE_rows[29].OUTPUT_SIZE_cols[19].sa/data_out_reg[12]/D
                            (rising edge-triggered cell FDRE clocked by ap_clk  {rise@0.000ns fall@2.500ns period=5.000ns})
  Path Group:             ap_clk
  Path Type:              Hold (Min at Fast Process Corner)
  Requirement:            0.000ns  (ap_clk rise@0.000ns - ap_clk rise@0.000ns)
  Data Path Delay:        0.154ns  (logic 0.072ns (46.753%)  route 0.082ns (53.247%))
  Logic Levels:           2  (CARRY8=1 LUT1=1)
  Clock Path Skew:        0.051ns (DCD - SCD - CPR)
    Destination Clock Delay (DCD):    1.951ns
    Source Clock Delay      (SCD):    1.579ns
    Clock Pessimism Removal (CPR):    0.320ns
  Clock Net Delay (Source):      1.184ns (routing 0.565ns, distribution 0.619ns)
  Clock Net Delay (Destination): 1.331ns (routing 0.628ns, distribution 0.703ns)

    Location             Delay type                Incr(ns)  Path(ns)    Netlist Resource(s)
  -------------------------------------------------------------------    -------------------
                         (clock ap_clk rise edge)     0.000     0.000 r  
    AP13                                              0.000     0.000 r  clk (IN)
                         net (fo=0)                   0.000     0.000    clk_IBUF_inst/I
    AP13                 INBUF (Prop_INBUF_HPIOB_M_PAD_O)
                                                      0.234     0.234 r  clk_IBUF_inst/INBUF_INST/O
                         net (fo=1, routed)           0.000     0.234    clk_IBUF_inst/OUT
    AP13                 IBUFCTRL (Prop_IBUFCTRL_HPIOB_M_I_O)
                                                      0.000     0.234 r  clk_IBUF_inst/IBUFCTRL_INST/O
                         net (fo=1, routed)           0.144     0.378    clk_IBUF
    BUFGCE_X0Y170        BUFGCE (Prop_BUFCE_BUFGCE_I_O)
                                                      0.017     0.395 r  clk_IBUF_BUFG_inst/O
    X3Y9 (CLOCK_ROOT)    net (fo=50462, routed)       1.184     1.579    denselayer1/sum_all/col_trees[29].column_tree/CLK
    SLR Crossing[1->2]   
    SLICE_X63Y572        FDRE                                         r  denselayer1/sum_all/col_trees[29].column_tree/genblk2[0].genblk1[1].tree_reg[1][12]/C
  -------------------------------------------------------------------    -------------------
    SLICE_X63Y572        FDRE (Prop_EFF_SLICEM_C_Q)
                                                      0.038     1.617 f  denselayer1/sum_all/col_trees[29].column_tree/genblk2[0].genblk1[1].tree_reg[1][12]/Q
                         net (fo=2, routed)           0.059     1.676    denselayer1/accumulator[29]_59[12]
    SLICE_X65Y573        LUT1 (Prop_D6LUT_SLICEM_I0_O)
                                                      0.014     1.690 r  denselayer1/data_out[16]_i_6__3/O
                         net (fo=1, routed)           0.016     1.706    denselayer1/data_out[16]_i_6__3_n_0
    SLICE_X65Y573        CARRY8 (Prop_CARRY8_SLICEM_S[3]_O[3])
                                                      0.020     1.726 r  denselayer1/data_out_reg[16]_i_1__2/O[3]
                         net (fo=9, routed)           0.007     1.733    denselayer2/INPUT_SIZE_rows[29].OUTPUT_SIZE_cols[19].sa/result[29][0]
    SLICE_X65Y573        FDRE                                         r  denselayer2/INPUT_SIZE_rows[29].OUTPUT_SIZE_cols[19].sa/data_out_reg[12]/D
  -------------------------------------------------------------------    -------------------

                         (clock ap_clk rise edge)     0.000     0.000 r  
    AP13                                              0.000     0.000 r  clk (IN)
                         net (fo=0)                   0.000     0.000    clk_IBUF_inst/I
    AP13                 INBUF (Prop_INBUF_HPIOB_M_PAD_O)
                                                      0.420     0.420 r  clk_IBUF_inst/INBUF_INST/O
                         net (fo=1, routed)           0.000     0.420    clk_IBUF_inst/OUT
    AP13                 IBUFCTRL (Prop_IBUFCTRL_HPIOB_M_I_O)
                                                      0.000     0.420 r  clk_IBUF_inst/IBUFCTRL_INST/O
                         net (fo=1, routed)           0.181     0.601    clk_IBUF
    BUFGCE_X0Y170        BUFGCE (Prop_BUFCE_BUFGCE_I_O)
                                                      0.019     0.620 r  clk_IBUF_BUFG_inst/O
    X3Y9 (CLOCK_ROOT)    net (fo=50462, routed)       1.331     1.951    denselayer2/INPUT_SIZE_rows[29].OUTPUT_SIZE_cols[19].sa/CLK
    SLR Crossing[1->2]   
    SLICE_X65Y573        FDRE                                         r  denselayer2/INPUT_SIZE_rows[29].OUTPUT_SIZE_cols[19].sa/data_out_reg[12]/C
                         clock pessimism             -0.320     1.630    
    SLICE_X65Y573        FDRE (Hold_DFF_SLICEM_C_D)
                                                      0.046     1.676    denselayer2/INPUT_SIZE_rows[29].OUTPUT_SIZE_cols[19].sa/data_out_reg[12]
  -------------------------------------------------------------------
                         required time                         -1.676    
                         arrival time                           1.733    
  -------------------------------------------------------------------
                         slack                                  0.057    





Pulse Width Checks
--------------------------------------------------------------------------------------
Clock Name:         ap_clk
Waveform(ns):       { 0.000 2.500 }
Period(ns):         5.000
Sources:            { clk }

Check Type        Corner  Lib Pin   Reference Pin  Required(ns)  Actual(ns)  Slack(ns)  Location        Pin
Min Period        n/a     BUFGCE/I  n/a            1.122         5.000       3.878      BUFGCE_X0Y170   clk_IBUF_BUFG_inst/I
Low Pulse Width   Slow    FDRE/C    n/a            0.275         2.500       2.225      SLICE_X155Y623  denselayer3/INPUT_SIZE_rows[27].OUTPUT_SIZE_cols[17].sa/data_out_reg[12]/C
High Pulse Width  Slow    FDRE/C    n/a            0.275         2.500       2.225      SLICE_X94Y518   denselayer1/INPUT_SIZE_rows[4].OUTPUT_SIZE_cols[30].sa/data_out_reg[27]/C



