Copyright 1986-2019 Xilinx, Inc. All Rights Reserved.
---------------------------------------------------------------------------------------------
| Tool Version      : Vivado v.2019.1 (lin64) Build 2552052 Fri May 24 14:47:09 MDT 2019
| Date              : Thu Nov 27 20:21:36 2025
| Host              : hvm1 running 64-bit Ubuntu 22.04.5 LTS
| Command           : report_timing_summary -file ../reports/19_7_Argmax_pipe3PO1_timing.rpt
| Design            : waiz_benchmark
| Device            : xcvu13p-fhga2104
| Speed File        : -3  PRODUCTION 1.23 03-18-2019
| Temperature Grade : E
---------------------------------------------------------------------------------------------

Timing Summary Report

------------------------------------------------------------------------------------------------
| Timer Settings
| --------------
------------------------------------------------------------------------------------------------

  Enable Multi Corner Analysis               :  Yes
  Enable Pessimism Removal                   :  Yes
  Pessimism Removal Resolution               :  Nearest Common Node
  Enable Input Delay Default Clock           :  No
  Enable Preset / Clear Arcs                 :  No
  Disable Flight Delays                      :  No
  Ignore I/O Paths                           :  No
  Timing Early Launch at Borrowing Latches   :  No
  Borrow Time for Max Delay Exceptions       :  Yes

  Corner  Analyze    Analyze    
  Name    Max Paths  Min Paths  
  ------  ---------  ---------  
  Slow    Yes        Yes        
  Fast    Yes        Yes        



check_timing report

Table of Contents
-----------------
1. checking no_clock
2. checking constant_clock
3. checking pulse_width_clock
4. checking unconstrained_internal_endpoints
5. checking no_input_delay
6. checking no_output_delay
7. checking multiple_clock
8. checking generated_clocks
9. checking loops
10. checking partial_input_delay
11. checking partial_output_delay
12. checking latch_loops

1. checking no_clock
--------------------
 There are 0 register/latch pins with no clock.


2. checking constant_clock
--------------------------
 There are 0 register/latch pins with constant_clock.


3. checking pulse_width_clock
-----------------------------
 There are 0 register/latch pins which need pulse_width check


4. checking unconstrained_internal_endpoints
--------------------------------------------
 There are 0 pins that are not constrained for maximum delay.

 There are 0 pins that are not constrained for maximum delay due to constant clock.


5. checking no_input_delay
--------------------------
 There are 306 input ports with no input delay specified. (HIGH)

 There are 0 input ports with no input delay but user has a false path constraint.


6. checking no_output_delay
---------------------------
 There are 6 ports with no output delay specified. (HIGH)

 There are 0 ports with no output delay but user has a false path constraint

 There are 0 ports with no output delay but with a timing clock defined on it or propagating through it


7. checking multiple_clock
--------------------------
 There are 0 register/latch pins with multiple clocks.


8. checking generated_clocks
----------------------------
 There are 0 generated clocks that are not connected to a clock source.


9. checking loops
-----------------
 There are 0 combinational loops in the design.


10. checking partial_input_delay
--------------------------------
 There are 0 input ports with partial input delay specified.


11. checking partial_output_delay
---------------------------------
 There are 0 ports with partial output delay specified.


12. checking latch_loops
------------------------
 There are 0 combinational latch loops in the design through latch input



------------------------------------------------------------------------------------------------
| Design Timing Summary
| ---------------------
------------------------------------------------------------------------------------------------

    WNS(ns)      TNS(ns)  TNS Failing Endpoints  TNS Total Endpoints      WHS(ns)      THS(ns)  THS Failing Endpoints  THS Total Endpoints     WPWS(ns)     TPWS(ns)  TPWS Failing Endpoints  TPWS Total Endpoints  
    -------      -------  ---------------------  -------------------      -------      -------  ---------------------  -------------------     --------     --------  ----------------------  --------------------  
     -0.093       -4.146                    116                77741        0.011        0.000                      0                77741        2.225        0.000                       0                 46796  


Timing constraints are not met.


------------------------------------------------------------------------------------------------
| Clock Summary
| -------------
------------------------------------------------------------------------------------------------

Clock   Waveform(ns)         Period(ns)      Frequency(MHz)
-----   ------------         ----------      --------------
ap_clk  {0.000 2.500}        5.000           200.000         


------------------------------------------------------------------------------------------------
| Intra Clock Table
| -----------------
------------------------------------------------------------------------------------------------

Clock             WNS(ns)      TNS(ns)  TNS Failing Endpoints  TNS Total Endpoints      WHS(ns)      THS(ns)  THS Failing Endpoints  THS Total Endpoints     WPWS(ns)     TPWS(ns)  TPWS Failing Endpoints  TPWS Total Endpoints  
-----             -------      -------  ---------------------  -------------------      -------      -------  ---------------------  -------------------     --------     --------  ----------------------  --------------------  
ap_clk             -0.093       -4.146                    116                77741        0.011        0.000                      0                77741        2.225        0.000                       0                 46796  


------------------------------------------------------------------------------------------------
| Inter Clock Table
| -----------------
------------------------------------------------------------------------------------------------

From Clock    To Clock          WNS(ns)      TNS(ns)  TNS Failing Endpoints  TNS Total Endpoints      WHS(ns)      THS(ns)  THS Failing Endpoints  THS Total Endpoints  
----------    --------          -------      -------  ---------------------  -------------------      -------      -------  ---------------------  -------------------  


------------------------------------------------------------------------------------------------
| Other Path Groups Table
| -----------------------
------------------------------------------------------------------------------------------------

Path Group    From Clock    To Clock          WNS(ns)      TNS(ns)  TNS Failing Endpoints  TNS Total Endpoints      WHS(ns)      THS(ns)  THS Failing Endpoints  THS Total Endpoints  
----------    ----------    --------          -------      -------  ---------------------  -------------------      -------      -------  ---------------------  -------------------  


------------------------------------------------------------------------------------------------
| Timing Details
| --------------
------------------------------------------------------------------------------------------------


---------------------------------------------------------------------------------------------------
From Clock:  ap_clk
  To Clock:  ap_clk

Setup :          116  Failing Endpoints,  Worst Slack       -0.093ns,  Total Violation       -4.146ns
Hold  :            0  Failing Endpoints,  Worst Slack        0.011ns,  Total Violation        0.000ns
PW    :            0  Failing Endpoints,  Worst Slack        2.225ns,  Total Violation        0.000ns
---------------------------------------------------------------------------------------------------


Max Delay Paths
--------------------------------------------------------------------------------------
Slack (VIOLATED) :        -0.093ns  (required time - arrival time)
  Source:                 denselayer2/INPUT_SIZE_rows[11].OUTPUT_SIZE_cols[17].sa/data_out_reg[17]/C
                            (rising edge-triggered cell FDRE clocked by ap_clk  {rise@0.000ns fall@2.500ns period=5.000ns})
  Destination:            denselayer2/sum_all/col_trees[17].column_tree/genblk2[0].genblk1[1].tree_reg[1][18]/D
                            (rising edge-triggered cell FDRE clocked by ap_clk  {rise@0.000ns fall@2.500ns period=5.000ns})
  Path Group:             ap_clk
  Path Type:              Setup (Max at Slow Process Corner)
  Requirement:            5.000ns  (ap_clk rise@5.000ns - ap_clk rise@0.000ns)
  Data Path Delay:        5.205ns  (logic 1.466ns (28.165%)  route 3.739ns (71.835%))
  Logic Levels:           14  (CARRY8=6 LUT3=4 LUT4=3 LUT5=1)
  Clock Path Skew:        0.124ns (DCD - SCD + CPR)
    Destination Clock Delay (DCD):    2.840ns = ( 7.840 - 5.000 ) 
    Source Clock Delay      (SCD):    3.066ns
    Clock Pessimism Removal (CPR):    0.350ns
  Clock Uncertainty:      0.035ns  ((TSJ^2 + TIJ^2)^1/2 + DJ) / 2 + PE
    Total System Jitter     (TSJ):    0.071ns
    Total Input Jitter      (TIJ):    0.000ns
    Discrete Jitter          (DJ):    0.000ns
    Phase Error              (PE):    0.000ns
  Clock Net Delay (Source):      2.190ns (routing 1.055ns, distribution 1.135ns)
  Clock Net Delay (Destination): 2.207ns (routing 0.956ns, distribution 1.251ns)

    Location             Delay type                Incr(ns)  Path(ns)    Netlist Resource(s)
  -------------------------------------------------------------------    -------------------
                         (clock ap_clk rise edge)     0.000     0.000 r  
    AP13                                              0.000     0.000 r  clk (IN)
                         net (fo=0)                   0.000     0.000    clk_IBUF_inst/I
    AP13                 INBUF (Prop_INBUF_HPIOB_M_PAD_O)
                                                      0.534     0.534 r  clk_IBUF_inst/INBUF_INST/O
                         net (fo=1, routed)           0.000     0.534    clk_IBUF_inst/OUT
    AP13                 IBUFCTRL (Prop_IBUFCTRL_HPIOB_M_I_O)
                                                      0.000     0.534 r  clk_IBUF_inst/IBUFCTRL_INST/O
                         net (fo=1, routed)           0.314     0.848    clk_IBUF
    BUFGCE_X0Y170        BUFGCE (Prop_BUFCE_BUFGCE_I_O)
                                                      0.028     0.876 r  clk_IBUF_BUFG_inst/O
    X3Y5 (CLOCK_ROOT)    net (fo=52790, routed)       2.190     3.066    denselayer2/INPUT_SIZE_rows[11].OUTPUT_SIZE_cols[17].sa/CLK
    SLICE_X47Y475        FDRE                                         r  denselayer2/INPUT_SIZE_rows[11].OUTPUT_SIZE_cols[17].sa/data_out_reg[17]/C
  -------------------------------------------------------------------    -------------------
    SLICE_X47Y475        FDRE (Prop_GFF_SLICEL_C_Q)
                                                      0.070     3.136 r  denselayer2/INPUT_SIZE_rows[11].OUTPUT_SIZE_cols[17].sa/data_out_reg[17]/Q
                         net (fo=2, routed)           0.180     3.316    denselayer2/INPUT_SIZE_rows[10].OUTPUT_SIZE_cols[17].sa/Q[5]
    SLICE_X47Y470        LUT3 (Prop_F5LUT_SLICEL_I1_O)
                                                      0.106     3.422 r  denselayer2/INPUT_SIZE_rows[10].OUTPUT_SIZE_cols[17].sa/genblk2[0].genblk1[1].tree[1][18]_i_609__16/O
                         net (fo=2, routed)           0.171     3.593    denselayer2/INPUT_SIZE_rows[10].OUTPUT_SIZE_cols[17].sa/genblk2[0].genblk1[1].tree[1][18]_i_609__16_n_0
    SLICE_X47Y470        LUT4 (Prop_G6LUT_SLICEL_I3_O)
                                                      0.134     3.727 r  denselayer2/INPUT_SIZE_rows[10].OUTPUT_SIZE_cols[17].sa/genblk2[0].genblk1[1].tree[1][18]_i_616__16/O
                         net (fo=1, routed)           0.012     3.739    denselayer2/INPUT_SIZE_rows[10].OUTPUT_SIZE_cols[17].sa/genblk2[0].genblk1[1].tree[1][18]_i_616__16_n_0
    SLICE_X47Y470        CARRY8 (Prop_CARRY8_SLICEL_S[6]_CO[7])
                                                      0.099     3.838 r  denselayer2/INPUT_SIZE_rows[10].OUTPUT_SIZE_cols[17].sa/genblk2[0].genblk1[1].tree_reg[1][18]_i_521__10/CO[7]
                         net (fo=1, routed)           0.023     3.861    denselayer2/INPUT_SIZE_rows[10].OUTPUT_SIZE_cols[17].sa/genblk2[0].genblk1[1].tree_reg[1][18]_i_521__10_n_0
    SLICE_X47Y471        CARRY8 (Prop_CARRY8_SLICEL_CI_O[0])
                                                      0.050     3.911 r  denselayer2/INPUT_SIZE_rows[10].OUTPUT_SIZE_cols[17].sa/genblk2[0].genblk1[1].tree_reg[1][18]_i_518__7/O[0]
                         net (fo=2, routed)           0.408     4.319    denselayer2_n_5398
    SLICE_X52Y467        LUT3 (Prop_A5LUT_SLICEM_I0_O)
                                                      0.123     4.442 r  genblk2[0].genblk1[1].tree[1][18]_i_300__16/O
                         net (fo=2, routed)           0.147     4.589    genblk2[0].genblk1[1].tree[1][18]_i_300__16_n_0
    SLICE_X52Y467        LUT4 (Prop_B6LUT_SLICEM_I3_O)
                                                      0.136     4.725 r  genblk2[0].genblk1[1].tree[1][18]_i_308__16/O
                         net (fo=1, routed)           0.020     4.745    genblk2[0].genblk1[1].tree[1][18]_i_308__16_n_0
    SLICE_X52Y467        CARRY8 (Prop_CARRY8_SLICEM_S[1]_O[5])
                                                      0.211     4.956 r  genblk2[0].genblk1[1].tree_reg[1][18]_i_118__16/O[5]
                         net (fo=2, routed)           0.542     5.498    denselayer2/sum_all/col_trees[17].column_tree/genblk2[0].genblk1[1].tree_reg[1][18]_i_10__16_2[5]
    SLICE_X73Y462        LUT3 (Prop_F5LUT_SLICEL_I0_O)
                                                      0.070     5.568 r  denselayer2/sum_all/col_trees[17].column_tree/genblk2[0].genblk1[1].tree[1][18]_i_44__16/O
                         net (fo=2, routed)           0.175     5.743    denselayer2/sum_all/col_trees[17].column_tree/genblk2[0].genblk1[1].tree[1][18]_i_44__16_n_0
    SLICE_X73Y462        LUT4 (Prop_G6LUT_SLICEL_I3_O)
                                                      0.134     5.877 r  denselayer2/sum_all/col_trees[17].column_tree/genblk2[0].genblk1[1].tree[1][18]_i_52__16/O
                         net (fo=1, routed)           0.012     5.889    denselayer2/sum_all/col_trees[17].column_tree/genblk2[0].genblk1[1].tree[1][18]_i_52__16_n_0
    SLICE_X73Y462        CARRY8 (Prop_CARRY8_SLICEL_S[6]_CO[7])
                                                      0.099     5.988 r  denselayer2/sum_all/col_trees[17].column_tree/genblk2[0].genblk1[1].tree_reg[1][18]_i_10__16/CO[7]
                         net (fo=1, routed)           0.023     6.011    denselayer2_n_5478
    SLICE_X73Y463        CARRY8 (Prop_CARRY8_SLICEL_CI_O[0])
                                                      0.050     6.061 r  genblk2[0].genblk1[1].tree_reg[1][18]_i_17__16/O[0]
                         net (fo=2, routed)           1.590     7.651    denselayer2/sum_all/col_trees[17].column_tree/genblk2[0].genblk1[1].tree[1][18]_i_4__80_3[0]
    SLICE_X117Y397       LUT3 (Prop_H6LUT_SLICEL_I2_O)
                                                      0.049     7.700 r  denselayer2/sum_all/col_trees[17].column_tree/genblk2[0].genblk1[1].tree[1][18]_i_8__80/O
                         net (fo=3, routed)           0.274     7.974    denselayer2/sum_all/col_trees[17].column_tree/genblk2[0].genblk1[1].tree[1][18]_i_8__80_n_0
    SLICE_X120Y394       LUT5 (Prop_E6LUT_SLICEL_I1_O)
                                                      0.047     8.021 r  denselayer2/sum_all/col_trees[17].column_tree/genblk2[0].genblk1[1].tree[1][18]_i_2__80/O
                         net (fo=1, routed)           0.137     8.158    denselayer2/sum_all/col_trees[17].column_tree/genblk2[0].genblk1[1].tree[1][18]_i_2__80_n_0
    SLICE_X121Y394       CARRY8 (Prop_CARRY8_SLICEM_DI[1]_O[2])
                                                      0.088     8.246 r  denselayer2/sum_all/col_trees[17].column_tree/genblk2[0].genblk1[1].tree_reg[1][18]_i_1__16/O[2]
                         net (fo=1, routed)           0.025     8.271    denselayer2/sum_all/col_trees[17].column_tree/p_0_in[18]
    SLICE_X121Y394       FDRE                                         r  denselayer2/sum_all/col_trees[17].column_tree/genblk2[0].genblk1[1].tree_reg[1][18]/D
  -------------------------------------------------------------------    -------------------

                         (clock ap_clk rise edge)     5.000     5.000 r  
    AP13                                              0.000     5.000 r  clk (IN)
                         net (fo=0)                   0.000     5.000    clk_IBUF_inst/I
    AP13                 INBUF (Prop_INBUF_HPIOB_M_PAD_O)
                                                      0.330     5.330 r  clk_IBUF_inst/INBUF_INST/O
                         net (fo=1, routed)           0.000     5.330    clk_IBUF_inst/OUT
    AP13                 IBUFCTRL (Prop_IBUFCTRL_HPIOB_M_I_O)
                                                      0.000     5.330 r  clk_IBUF_inst/IBUFCTRL_INST/O
                         net (fo=1, routed)           0.279     5.609    clk_IBUF
    BUFGCE_X0Y170        BUFGCE (Prop_BUFCE_BUFGCE_I_O)
                                                      0.024     5.633 r  clk_IBUF_BUFG_inst/O
    X3Y5 (CLOCK_ROOT)    net (fo=52790, routed)       2.207     7.840    denselayer2/sum_all/col_trees[17].column_tree/CLK
    SLICE_X121Y394       FDRE                                         r  denselayer2/sum_all/col_trees[17].column_tree/genblk2[0].genblk1[1].tree_reg[1][18]/C
                         clock pessimism              0.350     8.190    
                         clock uncertainty           -0.035     8.154    
    SLICE_X121Y394       FDRE (Setup_CFF_SLICEM_C_D)
                                                      0.023     8.177    denselayer2/sum_all/col_trees[17].column_tree/genblk2[0].genblk1[1].tree_reg[1][18]
  -------------------------------------------------------------------
                         required time                          8.177    
                         arrival time                          -8.271    
  -------------------------------------------------------------------
                         slack                                 -0.093    





Min Delay Paths
--------------------------------------------------------------------------------------
Slack (MET) :             0.011ns  (arrival time - required time)
  Source:                 denselayer2/sum_all/col_trees[3].column_tree/genblk2[0].genblk1[1].tree_reg[1][13]/C
                            (rising edge-triggered cell FDRE clocked by ap_clk  {rise@0.000ns fall@2.500ns period=5.000ns})
  Destination:            denselayer2/output_data_reg[3][13]/D
                            (rising edge-triggered cell FDRE clocked by ap_clk  {rise@0.000ns fall@2.500ns period=5.000ns})
  Path Group:             ap_clk
  Path Type:              Hold (Min at Slow Process Corner)
  Requirement:            0.000ns  (ap_clk rise@0.000ns - ap_clk rise@0.000ns)
  Data Path Delay:        0.173ns  (logic 0.077ns (44.509%)  route 0.096ns (55.491%))
  Logic Levels:           1  (CARRY8=1)
  Clock Path Skew:        0.116ns (DCD - SCD - CPR)
    Destination Clock Delay (DCD):    3.218ns
    Source Clock Delay      (SCD):    2.706ns
    Clock Pessimism Removal (CPR):    0.396ns
  Clock Net Delay (Source):      2.073ns (routing 0.956ns, distribution 1.117ns)
  Clock Net Delay (Destination): 2.342ns (routing 1.055ns, distribution 1.287ns)

    Location             Delay type                Incr(ns)  Path(ns)    Netlist Resource(s)
  -------------------------------------------------------------------    -------------------
                         (clock ap_clk rise edge)     0.000     0.000 r  
    AP13                                              0.000     0.000 r  clk (IN)
                         net (fo=0)                   0.000     0.000    clk_IBUF_inst/I
    AP13                 INBUF (Prop_INBUF_HPIOB_M_PAD_O)
                                                      0.330     0.330 r  clk_IBUF_inst/INBUF_INST/O
                         net (fo=1, routed)           0.000     0.330    clk_IBUF_inst/OUT
    AP13                 IBUFCTRL (Prop_IBUFCTRL_HPIOB_M_I_O)
                                                      0.000     0.330 r  clk_IBUF_inst/IBUFCTRL_INST/O
                         net (fo=1, routed)           0.279     0.609    clk_IBUF
    BUFGCE_X0Y170        BUFGCE (Prop_BUFCE_BUFGCE_I_O)
                                                      0.024     0.633 r  clk_IBUF_BUFG_inst/O
    X3Y5 (CLOCK_ROOT)    net (fo=52790, routed)       2.073     2.706    denselayer2/sum_all/col_trees[3].column_tree/CLK
    SLICE_X117Y442       FDRE                                         r  denselayer2/sum_all/col_trees[3].column_tree/genblk2[0].genblk1[1].tree_reg[1][13]/C
  -------------------------------------------------------------------    -------------------
    SLICE_X117Y442       FDRE (Prop_FFF_SLICEL_C_Q)
                                                      0.053     2.759 r  denselayer2/sum_all/col_trees[3].column_tree/genblk2[0].genblk1[1].tree_reg[1][13]/Q
                         net (fo=1, routed)           0.086     2.845    denselayer2/sum_all/col_trees[3].column_tree/accumulator[3]_4[13]
    SLICE_X118Y442       CARRY8 (Prop_CARRY8_SLICEM_S[4]_O[4])
                                                      0.024     2.869 r  denselayer2/sum_all/col_trees[3].column_tree/output_data_reg[3][16]_i_1/O[4]
                         net (fo=1, routed)           0.010     2.879    denselayer2/result[3]_37[13]
    SLICE_X118Y442       FDRE                                         r  denselayer2/output_data_reg[3][13]/D
  -------------------------------------------------------------------    -------------------

                         (clock ap_clk rise edge)     0.000     0.000 r  
    AP13                                              0.000     0.000 r  clk (IN)
                         net (fo=0)                   0.000     0.000    clk_IBUF_inst/I
    AP13                 INBUF (Prop_INBUF_HPIOB_M_PAD_O)
                                                      0.534     0.534 r  clk_IBUF_inst/INBUF_INST/O
                         net (fo=1, routed)           0.000     0.534    clk_IBUF_inst/OUT
    AP13                 IBUFCTRL (Prop_IBUFCTRL_HPIOB_M_I_O)
                                                      0.000     0.534 r  clk_IBUF_inst/IBUFCTRL_INST/O
                         net (fo=1, routed)           0.314     0.848    clk_IBUF
    BUFGCE_X0Y170        BUFGCE (Prop_BUFCE_BUFGCE_I_O)
                                                      0.028     0.876 r  clk_IBUF_BUFG_inst/O
    X3Y5 (CLOCK_ROOT)    net (fo=52790, routed)       2.342     3.218    denselayer2/CLK
    SLICE_X118Y442       FDRE                                         r  denselayer2/output_data_reg[3][13]/C
                         clock pessimism             -0.396     2.822    
    SLICE_X118Y442       FDRE (Hold_EFF_SLICEM_C_D)
                                                      0.046     2.868    denselayer2/output_data_reg[3][13]
  -------------------------------------------------------------------
                         required time                         -2.868    
                         arrival time                           2.879    
  -------------------------------------------------------------------
                         slack                                  0.011    





Pulse Width Checks
--------------------------------------------------------------------------------------
Clock Name:         ap_clk
Waveform(ns):       { 0.000 2.500 }
Period(ns):         5.000
Sources:            { clk }

Check Type        Corner  Lib Pin   Reference Pin  Required(ns)  Actual(ns)  Slack(ns)  Location        Pin
Min Period        n/a     BUFGCE/I  n/a            1.122         5.000       3.878      BUFGCE_X0Y170   clk_IBUF_BUFG_inst/I
Low Pulse Width   Slow    FDRE/C    n/a            0.275         2.500       2.225      SLICE_X85Y401   denselayer2/INPUT_SIZE_rows[39].OUTPUT_SIZE_cols[24].sa/data_out_reg[19]/C
High Pulse Width  Slow    FDRE/C    n/a            0.275         2.500       2.225      SLICE_X105Y397  denselayer2/INPUT_SIZE_rows[39].OUTPUT_SIZE_cols[20].sa/data_out_reg[12]/C



