Copyright 1986-2019 Xilinx, Inc. All Rights Reserved.
-----------------------------------------------------------------------------------------
| Tool Version      : Vivado v.2019.1 (lin64) Build 2552052 Fri May 24 14:47:09 MDT 2019
| Date              : Wed Oct 22 12:52:51 2025
| Host              : hvm1 running 64-bit Ubuntu 22.04.5 LTS
| Command           : report_timing_summary -file reports/19_7_timing_fx.rpt
| Design            : waiz_benchmark
| Device            : xcvu13p-fhga2104
| Speed File        : -3  PRODUCTION 1.23 03-18-2019
| Temperature Grade : E
-----------------------------------------------------------------------------------------

Timing Summary Report

------------------------------------------------------------------------------------------------
| Timer Settings
| --------------
------------------------------------------------------------------------------------------------

  Enable Multi Corner Analysis               :  Yes
  Enable Pessimism Removal                   :  Yes
  Pessimism Removal Resolution               :  Nearest Common Node
  Enable Input Delay Default Clock           :  No
  Enable Preset / Clear Arcs                 :  No
  Disable Flight Delays                      :  No
  Ignore I/O Paths                           :  No
  Timing Early Launch at Borrowing Latches   :  No
  Borrow Time for Max Delay Exceptions       :  Yes

  Corner  Analyze    Analyze    
  Name    Max Paths  Min Paths  
  ------  ---------  ---------  
  Slow    Yes        Yes        
  Fast    Yes        Yes        



check_timing report

Table of Contents
-----------------
1. checking no_clock
2. checking constant_clock
3. checking pulse_width_clock
4. checking unconstrained_internal_endpoints
5. checking no_input_delay
6. checking no_output_delay
7. checking multiple_clock
8. checking generated_clocks
9. checking loops
10. checking partial_input_delay
11. checking partial_output_delay
12. checking latch_loops

1. checking no_clock
--------------------
 There are 0 register/latch pins with no clock.


2. checking constant_clock
--------------------------
 There are 0 register/latch pins with constant_clock.


3. checking pulse_width_clock
-----------------------------
 There are 0 register/latch pins which need pulse_width check


4. checking unconstrained_internal_endpoints
--------------------------------------------
 There are 0 pins that are not constrained for maximum delay.

 There are 0 pins that are not constrained for maximum delay due to constant clock.


5. checking no_input_delay
--------------------------
 There are 306 input ports with no input delay specified. (HIGH)

 There are 0 input ports with no input delay but user has a false path constraint.


6. checking no_output_delay
---------------------------
 There are 96 ports with no output delay specified. (HIGH)

 There are 0 ports with no output delay but user has a false path constraint

 There are 0 ports with no output delay but with a timing clock defined on it or propagating through it


7. checking multiple_clock
--------------------------
 There are 0 register/latch pins with multiple clocks.


8. checking generated_clocks
----------------------------
 There are 0 generated clocks that are not connected to a clock source.


9. checking loops
-----------------
 There are 0 combinational loops in the design.


10. checking partial_input_delay
--------------------------------
 There are 0 input ports with partial input delay specified.


11. checking partial_output_delay
---------------------------------
 There are 0 ports with partial output delay specified.


12. checking latch_loops
------------------------
 There are 0 combinational latch loops in the design through latch input



------------------------------------------------------------------------------------------------
| Design Timing Summary
| ---------------------
------------------------------------------------------------------------------------------------

    WNS(ns)      TNS(ns)  TNS Failing Endpoints  TNS Total Endpoints      WHS(ns)      THS(ns)  THS Failing Endpoints  THS Total Endpoints     WPWS(ns)     TPWS(ns)  TPWS Failing Endpoints  TPWS Total Endpoints  
    -------      -------  ---------------------  -------------------      -------      -------  ---------------------  -------------------     --------     --------  ----------------------  --------------------  
      0.502        0.000                      0               166670        0.014        0.000                      0               166670        2.225        0.000                       0                 61872  


All user specified timing constraints are met.


------------------------------------------------------------------------------------------------
| Clock Summary
| -------------
------------------------------------------------------------------------------------------------

Clock   Waveform(ns)         Period(ns)      Frequency(MHz)
-----   ------------         ----------      --------------
ap_clk  {0.000 2.500}        5.000           200.000         


------------------------------------------------------------------------------------------------
| Intra Clock Table
| -----------------
------------------------------------------------------------------------------------------------

Clock             WNS(ns)      TNS(ns)  TNS Failing Endpoints  TNS Total Endpoints      WHS(ns)      THS(ns)  THS Failing Endpoints  THS Total Endpoints     WPWS(ns)     TPWS(ns)  TPWS Failing Endpoints  TPWS Total Endpoints  
-----             -------      -------  ---------------------  -------------------      -------      -------  ---------------------  -------------------     --------     --------  ----------------------  --------------------  
ap_clk              0.502        0.000                      0               166670        0.014        0.000                      0               166670        2.225        0.000                       0                 61872  


------------------------------------------------------------------------------------------------
| Inter Clock Table
| -----------------
------------------------------------------------------------------------------------------------

From Clock    To Clock          WNS(ns)      TNS(ns)  TNS Failing Endpoints  TNS Total Endpoints      WHS(ns)      THS(ns)  THS Failing Endpoints  THS Total Endpoints  
----------    --------          -------      -------  ---------------------  -------------------      -------      -------  ---------------------  -------------------  


------------------------------------------------------------------------------------------------
| Other Path Groups Table
| -----------------------
------------------------------------------------------------------------------------------------

Path Group    From Clock    To Clock          WNS(ns)      TNS(ns)  TNS Failing Endpoints  TNS Total Endpoints      WHS(ns)      THS(ns)  THS Failing Endpoints  THS Total Endpoints  
----------    ----------    --------          -------      -------  ---------------------  -------------------      -------      -------  ---------------------  -------------------  


------------------------------------------------------------------------------------------------
| Timing Details
| --------------
------------------------------------------------------------------------------------------------


---------------------------------------------------------------------------------------------------
From Clock:  ap_clk
  To Clock:  ap_clk

Setup :            0  Failing Endpoints,  Worst Slack        0.502ns,  Total Violation        0.000ns
Hold  :            0  Failing Endpoints,  Worst Slack        0.014ns,  Total Violation        0.000ns
PW    :            0  Failing Endpoints,  Worst Slack        2.225ns,  Total Violation        0.000ns
---------------------------------------------------------------------------------------------------


Max Delay Paths
--------------------------------------------------------------------------------------
Slack (MET) :             0.502ns  (required time - arrival time)
  Source:                 denselayer2/output_data_reg[26][10]/C
                            (rising edge-triggered cell FDCE clocked by ap_clk  {rise@0.000ns fall@2.500ns period=5.000ns})
  Destination:            denselayer3/INPUT_SIZE_rows[26].OUTPUT_SIZE_cols[25].sa/data_out_reg[29]/D
                            (rising edge-triggered cell FDRE clocked by ap_clk  {rise@0.000ns fall@2.500ns period=5.000ns})
  Path Group:             ap_clk
  Path Type:              Setup (Max at Slow Process Corner)
  Requirement:            5.000ns  (ap_clk rise@5.000ns - ap_clk rise@0.000ns)
  Data Path Delay:        4.604ns  (logic 0.452ns (9.818%)  route 4.152ns (90.182%))
  Logic Levels:           3  (CARRY8=2 LUT3=1)
  Clock Path Skew:        0.118ns (DCD - SCD + CPR)
    Destination Clock Delay (DCD):    2.617ns = ( 7.617 - 5.000 ) 
    Source Clock Delay      (SCD):    2.841ns
    Clock Pessimism Removal (CPR):    0.342ns
  Clock Uncertainty:      0.035ns  ((TSJ^2 + TIJ^2)^1/2 + DJ) / 2 + PE
    Total System Jitter     (TSJ):    0.071ns
    Total Input Jitter      (TIJ):    0.000ns
    Discrete Jitter          (DJ):    0.000ns
    Phase Error              (PE):    0.000ns
  Clock Net Delay (Source):      1.965ns (routing 1.055ns, distribution 0.910ns)
  Clock Net Delay (Destination): 1.984ns (routing 0.956ns, distribution 1.028ns)

    Location             Delay type                Incr(ns)  Path(ns)    Netlist Resource(s)
  -------------------------------------------------------------------    -------------------
                         (clock ap_clk rise edge)     0.000     0.000 r  
    AP13                                              0.000     0.000 r  clk (IN)
                         net (fo=0)                   0.000     0.000    clk_IBUF_inst/I
    AP13                 INBUF (Prop_INBUF_HPIOB_M_PAD_O)
                                                      0.534     0.534 r  clk_IBUF_inst/INBUF_INST/O
                         net (fo=1, routed)           0.000     0.534    clk_IBUF_inst/OUT
    AP13                 IBUFCTRL (Prop_IBUFCTRL_HPIOB_M_I_O)
                                                      0.000     0.534 r  clk_IBUF_inst/IBUFCTRL_INST/O
                         net (fo=1, routed)           0.314     0.848    clk_IBUF
    BUFGCE_X0Y170        BUFGCE (Prop_BUFCE_BUFGCE_I_O)
                                                      0.028     0.876 r  clk_IBUF_BUFG_inst/O
    X3Y5 (CLOCK_ROOT)    net (fo=70906, routed)       1.965     2.841    denselayer2/clk_IBUF_BUFG
    SLICE_X104Y317       FDCE                                         r  denselayer2/output_data_reg[26][10]/C
  -------------------------------------------------------------------    -------------------
    SLICE_X104Y317       FDCE (Prop_BFF_SLICEM_C_Q)
                                                      0.067     2.908 r  denselayer2/output_data_reg[26][10]/Q
                         net (fo=74, routed)          4.089     6.997    denselayer2/INPUT_SIZE_rows[26].OUTPUT_SIZE_cols[25].sa/Q[10]
    SLICE_X42Y428        LUT3 (Prop_A6LUT_SLICEM_I2_O)
                                                      0.136     7.133 r  denselayer2/INPUT_SIZE_rows[26].OUTPUT_SIZE_cols[25].sa/data_out0_carry__0_i_16__38/O
                         net (fo=1, routed)           0.016     7.149    denselayer3/INPUT_SIZE_rows[26].OUTPUT_SIZE_cols[25].sa/data_out_reg[21]_1[0]
    SLICE_X42Y428        CARRY8 (Prop_CARRY8_SLICEM_S[0]_CO[7])
                                                      0.173     7.322 r  denselayer3/INPUT_SIZE_rows[26].OUTPUT_SIZE_cols[25].sa/data_out0_carry__0/CO[7]
                         net (fo=1, routed)           0.023     7.345    denselayer3/INPUT_SIZE_rows[26].OUTPUT_SIZE_cols[25].sa/data_out0_carry__0_n_136834
    SLICE_X42Y429        CARRY8 (Prop_CARRY8_SLICEM_CI_O[4])
                                                      0.076     7.421 r  denselayer3/INPUT_SIZE_rows[26].OUTPUT_SIZE_cols[25].sa/data_out0_carry__1/O[4]
                         net (fo=1, routed)           0.024     7.445    denselayer3/INPUT_SIZE_rows[26].OUTPUT_SIZE_cols[25].sa/data_out0_carry__1_n_136845
    SLICE_X42Y429        FDRE                                         r  denselayer3/INPUT_SIZE_rows[26].OUTPUT_SIZE_cols[25].sa/data_out_reg[29]/D
  -------------------------------------------------------------------    -------------------

                         (clock ap_clk rise edge)     5.000     5.000 r  
    AP13                                              0.000     5.000 r  clk (IN)
                         net (fo=0)                   0.000     5.000    clk_IBUF_inst/I
    AP13                 INBUF (Prop_INBUF_HPIOB_M_PAD_O)
                                                      0.330     5.330 r  clk_IBUF_inst/INBUF_INST/O
                         net (fo=1, routed)           0.000     5.330    clk_IBUF_inst/OUT
    AP13                 IBUFCTRL (Prop_IBUFCTRL_HPIOB_M_I_O)
                                                      0.000     5.330 r  clk_IBUF_inst/IBUFCTRL_INST/O
                         net (fo=1, routed)           0.279     5.609    clk_IBUF
    BUFGCE_X0Y170        BUFGCE (Prop_BUFCE_BUFGCE_I_O)
                                                      0.024     5.633 r  clk_IBUF_BUFG_inst/O
    X3Y5 (CLOCK_ROOT)    net (fo=70906, routed)       1.984     7.617    denselayer3/INPUT_SIZE_rows[26].OUTPUT_SIZE_cols[25].sa/CLK
    SLICE_X42Y429        FDRE                                         r  denselayer3/INPUT_SIZE_rows[26].OUTPUT_SIZE_cols[25].sa/data_out_reg[29]/C
                         clock pessimism              0.342     7.959    
                         clock uncertainty           -0.035     7.923    
    SLICE_X42Y429        FDRE (Setup_EFF_SLICEM_C_D)
                                                      0.023     7.946    denselayer3/INPUT_SIZE_rows[26].OUTPUT_SIZE_cols[25].sa/data_out_reg[29]
  -------------------------------------------------------------------
                         required time                          7.946    
                         arrival time                          -7.445    
  -------------------------------------------------------------------
                         slack                                  0.502    





Min Delay Paths
--------------------------------------------------------------------------------------
Slack (MET) :             0.014ns  (arrival time - required time)
  Source:                 denselayer3/INPUT_SIZE_rows[4].OUTPUT_SIZE_cols[11].sa/data_out_reg[26]/C
                            (rising edge-triggered cell FDRE clocked by ap_clk  {rise@0.000ns fall@2.500ns period=5.000ns})
  Destination:            denselayer3/sum_all/col_trees[11].column_tree/genblk2[2].genblk1[17].tree_reg[17][14]/D
                            (rising edge-triggered cell FDRE clocked by ap_clk  {rise@0.000ns fall@2.500ns period=5.000ns})
  Path Group:             ap_clk
  Path Type:              Hold (Min at Fast Process Corner)
  Requirement:            0.000ns  (ap_clk rise@0.000ns - ap_clk rise@0.000ns)
  Data Path Delay:        0.147ns  (logic 0.070ns (47.619%)  route 0.077ns (52.381%))
  Logic Levels:           2  (CARRY8=1 LUT6=1)
  Clock Path Skew:        0.087ns (DCD - SCD - CPR)
    Destination Clock Delay (DCD):    2.029ns
    Source Clock Delay      (SCD):    1.608ns
    Clock Pessimism Removal (CPR):    0.333ns
  Clock Net Delay (Source):      1.213ns (routing 0.639ns, distribution 0.574ns)
  Clock Net Delay (Destination): 1.409ns (routing 0.713ns, distribution 0.696ns)

    Location             Delay type                Incr(ns)  Path(ns)    Netlist Resource(s)
  -------------------------------------------------------------------    -------------------
                         (clock ap_clk rise edge)     0.000     0.000 r  
    AP13                                              0.000     0.000 r  clk (IN)
                         net (fo=0)                   0.000     0.000    clk_IBUF_inst/I
    AP13                 INBUF (Prop_INBUF_HPIOB_M_PAD_O)
                                                      0.234     0.234 r  clk_IBUF_inst/INBUF_INST/O
                         net (fo=1, routed)           0.000     0.234    clk_IBUF_inst/OUT
    AP13                 IBUFCTRL (Prop_IBUFCTRL_HPIOB_M_I_O)
                                                      0.000     0.234 r  clk_IBUF_inst/IBUFCTRL_INST/O
                         net (fo=1, routed)           0.144     0.378    clk_IBUF
    BUFGCE_X0Y170        BUFGCE (Prop_BUFCE_BUFGCE_I_O)
                                                      0.017     0.395 r  clk_IBUF_BUFG_inst/O
    X3Y5 (CLOCK_ROOT)    net (fo=70906, routed)       1.213     1.608    denselayer3/INPUT_SIZE_rows[4].OUTPUT_SIZE_cols[11].sa/CLK
    SLICE_X95Y373        FDRE                                         r  denselayer3/INPUT_SIZE_rows[4].OUTPUT_SIZE_cols[11].sa/data_out_reg[26]/C
  -------------------------------------------------------------------    -------------------
    SLICE_X95Y373        FDRE (Prop_CFF_SLICEM_C_Q)
                                                      0.038     1.646 r  denselayer3/INPUT_SIZE_rows[4].OUTPUT_SIZE_cols[11].sa/data_out_reg[26]/Q
                         net (fo=2, routed)           0.058     1.704    denselayer3/INPUT_SIZE_rows[6].OUTPUT_SIZE_cols[11].sa/mow/internal_operation/Q[7]
    SLICE_X94Y372        LUT6 (Prop_G6LUT_SLICEM_I2_O)
                                                      0.014     1.718 r  denselayer3/INPUT_SIZE_rows[6].OUTPUT_SIZE_cols[11].sa/mow/internal_operation/col_trees[11].column_tree/genblk2[2].genblk1[17].tree[17][15]_i_11/O
                         net (fo=1, routed)           0.012     1.730    denselayer3/INPUT_SIZE_rows[6].OUTPUT_SIZE_cols[11].sa/mow/internal_operation/col_trees[11].column_tree/genblk2[2].genblk1[17].tree[17][15]_i_11_n_136834
    SLICE_X94Y372        CARRY8 (Prop_CARRY8_SLICEM_S[6]_O[6])
                                                      0.018     1.748 r  denselayer3/INPUT_SIZE_rows[6].OUTPUT_SIZE_cols[11].sa/mow/internal_operation/col_trees[11].column_tree/genblk2[2].genblk1[17].tree_reg[17][15]_i_1/O[6]
                         net (fo=1, routed)           0.007     1.755    denselayer3/sum_all/col_trees[11].column_tree/genblk2[2].genblk1[17].tree_reg[17][18]_0[14]
    SLICE_X94Y372        FDRE                                         r  denselayer3/sum_all/col_trees[11].column_tree/genblk2[2].genblk1[17].tree_reg[17][14]/D
  -------------------------------------------------------------------    -------------------

                         (clock ap_clk rise edge)     0.000     0.000 r  
    AP13                                              0.000     0.000 r  clk (IN)
                         net (fo=0)                   0.000     0.000    clk_IBUF_inst/I
    AP13                 INBUF (Prop_INBUF_HPIOB_M_PAD_O)
                                                      0.420     0.420 r  clk_IBUF_inst/INBUF_INST/O
                         net (fo=1, routed)           0.000     0.420    clk_IBUF_inst/OUT
    AP13                 IBUFCTRL (Prop_IBUFCTRL_HPIOB_M_I_O)
                                                      0.000     0.420 r  clk_IBUF_inst/IBUFCTRL_INST/O
                         net (fo=1, routed)           0.181     0.601    clk_IBUF
    BUFGCE_X0Y170        BUFGCE (Prop_BUFCE_BUFGCE_I_O)
                                                      0.019     0.620 r  clk_IBUF_BUFG_inst/O
    X3Y5 (CLOCK_ROOT)    net (fo=70906, routed)       1.409     2.029    denselayer3/sum_all/col_trees[11].column_tree/CLK
    SLICE_X94Y372        FDRE                                         r  denselayer3/sum_all/col_trees[11].column_tree/genblk2[2].genblk1[17].tree_reg[17][14]/C
                         clock pessimism             -0.333     1.695    
    SLICE_X94Y372        FDRE (Hold_GFF_SLICEM_C_D)
                                                      0.046     1.741    denselayer3/sum_all/col_trees[11].column_tree/genblk2[2].genblk1[17].tree_reg[17][14]
  -------------------------------------------------------------------
                         required time                         -1.741    
                         arrival time                           1.755    
  -------------------------------------------------------------------
                         slack                                  0.014    





Pulse Width Checks
--------------------------------------------------------------------------------------
Clock Name:         ap_clk
Waveform(ns):       { 0.000 2.500 }
Period(ns):         5.000
Sources:            { clk }

Check Type        Corner  Lib Pin   Reference Pin  Required(ns)  Actual(ns)  Slack(ns)  Location        Pin
Min Period        n/a     BUFGCE/I  n/a            1.122         5.000       3.878      BUFGCE_X0Y170   clk_IBUF_BUFG_inst/I
Low Pulse Width   Slow    FDRE/C    n/a            0.275         2.500       2.225      SLICE_X186Y279  denselayer2/INPUT_SIZE_rows[0].OUTPUT_SIZE_cols[6].sa/data_out_reg[20]/C
High Pulse Width  Slow    FDRE/C    n/a            0.275         2.500       2.225      SLICE_X166Y252  denselayer2/INPUT_SIZE_rows[0].OUTPUT_SIZE_cols[4].sa/data_out_reg[12]/C



