Copyright 1986-2019 Xilinx, Inc. All Rights Reserved.
-------------------------------------------------------------------------------------------
| Tool Version      : Vivado v.2019.1 (lin64) Build 2552052 Fri May 24 14:47:09 MDT 2019
| Date              : Wed Dec 17 23:58:23 2025
| Host              : hvm1 running 64-bit Ubuntu 22.04.5 LTS
| Command           : report_timing_summary -file ../reports/19_7_MinpipeNegmax_timing.rpt
| Design            : waiz_benchmark
| Device            : xcvu13p-fhga2104
| Speed File        : -3  PRODUCTION 1.23 03-18-2019
| Temperature Grade : E
-------------------------------------------------------------------------------------------

Timing Summary Report

------------------------------------------------------------------------------------------------
| Timer Settings
| --------------
------------------------------------------------------------------------------------------------

  Enable Multi Corner Analysis               :  Yes
  Enable Pessimism Removal                   :  Yes
  Pessimism Removal Resolution               :  Nearest Common Node
  Enable Input Delay Default Clock           :  No
  Enable Preset / Clear Arcs                 :  No
  Disable Flight Delays                      :  No
  Ignore I/O Paths                           :  No
  Timing Early Launch at Borrowing Latches   :  No
  Borrow Time for Max Delay Exceptions       :  Yes

  Corner  Analyze    Analyze    
  Name    Max Paths  Min Paths  
  ------  ---------  ---------  
  Slow    Yes        Yes        
  Fast    Yes        Yes        



check_timing report

Table of Contents
-----------------
1. checking no_clock
2. checking constant_clock
3. checking pulse_width_clock
4. checking unconstrained_internal_endpoints
5. checking no_input_delay
6. checking no_output_delay
7. checking multiple_clock
8. checking generated_clocks
9. checking loops
10. checking partial_input_delay
11. checking partial_output_delay
12. checking latch_loops

1. checking no_clock
--------------------
 There are 0 register/latch pins with no clock.


2. checking constant_clock
--------------------------
 There are 0 register/latch pins with constant_clock.


3. checking pulse_width_clock
-----------------------------
 There are 0 register/latch pins which need pulse_width check


4. checking unconstrained_internal_endpoints
--------------------------------------------
 There are 0 pins that are not constrained for maximum delay.

 There are 0 pins that are not constrained for maximum delay due to constant clock.


5. checking no_input_delay
--------------------------
 There are 306 input ports with no input delay specified. (HIGH)

 There are 0 input ports with no input delay but user has a false path constraint.


6. checking no_output_delay
---------------------------
 There are 71 ports with no output delay specified. (HIGH)

 There are 0 ports with no output delay but user has a false path constraint

 There are 0 ports with no output delay but with a timing clock defined on it or propagating through it


7. checking multiple_clock
--------------------------
 There are 0 register/latch pins with multiple clocks.


8. checking generated_clocks
----------------------------
 There are 0 generated clocks that are not connected to a clock source.


9. checking loops
-----------------
 There are 0 combinational loops in the design.


10. checking partial_input_delay
--------------------------------
 There are 0 input ports with partial input delay specified.


11. checking partial_output_delay
---------------------------------
 There are 0 ports with partial output delay specified.


12. checking latch_loops
------------------------
 There are 0 combinational latch loops in the design through latch input



------------------------------------------------------------------------------------------------
| Design Timing Summary
| ---------------------
------------------------------------------------------------------------------------------------

    WNS(ns)      TNS(ns)  TNS Failing Endpoints  TNS Total Endpoints      WHS(ns)      THS(ns)  THS Failing Endpoints  THS Total Endpoints     WPWS(ns)     TPWS(ns)  TPWS Failing Endpoints  TPWS Total Endpoints  
    -------      -------  ---------------------  -------------------      -------      -------  ---------------------  -------------------     --------     --------  ----------------------  --------------------  
     -1.129     -407.220                   2656                74834        0.057        0.000                      0                74834        2.225        0.000                       0                 43332  


Timing constraints are not met.


------------------------------------------------------------------------------------------------
| Clock Summary
| -------------
------------------------------------------------------------------------------------------------

Clock   Waveform(ns)         Period(ns)      Frequency(MHz)
-----   ------------         ----------      --------------
ap_clk  {0.000 2.500}        5.000           200.000         


------------------------------------------------------------------------------------------------
| Intra Clock Table
| -----------------
------------------------------------------------------------------------------------------------

Clock             WNS(ns)      TNS(ns)  TNS Failing Endpoints  TNS Total Endpoints      WHS(ns)      THS(ns)  THS Failing Endpoints  THS Total Endpoints     WPWS(ns)     TPWS(ns)  TPWS Failing Endpoints  TPWS Total Endpoints  
-----             -------      -------  ---------------------  -------------------      -------      -------  ---------------------  -------------------     --------     --------  ----------------------  --------------------  
ap_clk             -1.129     -407.220                   2656                74834        0.057        0.000                      0                74834        2.225        0.000                       0                 43332  


------------------------------------------------------------------------------------------------
| Inter Clock Table
| -----------------
------------------------------------------------------------------------------------------------

From Clock    To Clock          WNS(ns)      TNS(ns)  TNS Failing Endpoints  TNS Total Endpoints      WHS(ns)      THS(ns)  THS Failing Endpoints  THS Total Endpoints  
----------    --------          -------      -------  ---------------------  -------------------      -------      -------  ---------------------  -------------------  


------------------------------------------------------------------------------------------------
| Other Path Groups Table
| -----------------------
------------------------------------------------------------------------------------------------

Path Group    From Clock    To Clock          WNS(ns)      TNS(ns)  TNS Failing Endpoints  TNS Total Endpoints      WHS(ns)      THS(ns)  THS Failing Endpoints  THS Total Endpoints  
----------    ----------    --------          -------      -------  ---------------------  -------------------      -------      -------  ---------------------  -------------------  


------------------------------------------------------------------------------------------------
| Timing Details
| --------------
------------------------------------------------------------------------------------------------


---------------------------------------------------------------------------------------------------
From Clock:  ap_clk
  To Clock:  ap_clk

Setup :         2656  Failing Endpoints,  Worst Slack       -1.129ns,  Total Violation     -407.220ns
Hold  :            0  Failing Endpoints,  Worst Slack        0.057ns,  Total Violation        0.000ns
PW    :            0  Failing Endpoints,  Worst Slack        2.225ns,  Total Violation        0.000ns
---------------------------------------------------------------------------------------------------


Max Delay Paths
--------------------------------------------------------------------------------------
Slack (VIOLATED) :        -1.129ns  (required time - arrival time)
  Source:                 denselayer4/sum_all/col_trees[3].column_tree/genblk2[0].genblk1[1].tree_reg[1][9]/C
                            (rising edge-triggered cell FDRE clocked by ap_clk  {rise@0.000ns fall@2.500ns period=5.000ns})
  Destination:            softmax/p_0_out_inferred__1/buffer[2]_i_1_psdsp_1/D
                            (rising edge-triggered cell FDRE clocked by ap_clk  {rise@0.000ns fall@2.500ns period=5.000ns})
  Path Group:             ap_clk
  Path Type:              Setup (Max at Slow Process Corner)
  Requirement:            5.000ns  (ap_clk rise@5.000ns - ap_clk rise@0.000ns)
  Data Path Delay:        6.062ns  (logic 2.474ns (40.812%)  route 3.588ns (59.188%))
  Logic Levels:           24  (CARRY8=9 LUT2=1 LUT4=2 LUT6=8 MUXF7=3 MUXF8=1)
  Clock Path Skew:        -0.054ns (DCD - SCD + CPR)
    Destination Clock Delay (DCD):    2.691ns = ( 7.691 - 5.000 ) 
    Source Clock Delay      (SCD):    3.154ns
    Clock Pessimism Removal (CPR):    0.408ns
  Clock Uncertainty:      0.035ns  ((TSJ^2 + TIJ^2)^1/2 + DJ) / 2 + PE
    Total System Jitter     (TSJ):    0.071ns
    Total Input Jitter      (TIJ):    0.000ns
    Discrete Jitter          (DJ):    0.000ns
    Phase Error              (PE):    0.000ns
  Clock Net Delay (Source):      2.278ns (routing 1.055ns, distribution 1.223ns)
  Clock Net Delay (Destination): 2.058ns (routing 0.956ns, distribution 1.102ns)

    Location             Delay type                Incr(ns)  Path(ns)    Netlist Resource(s)
  -------------------------------------------------------------------    -------------------
                         (clock ap_clk rise edge)     0.000     0.000 r  
    AP13                                              0.000     0.000 r  clk (IN)
                         net (fo=0)                   0.000     0.000    clk_IBUF_inst/I
    AP13                 INBUF (Prop_INBUF_HPIOB_M_PAD_O)
                                                      0.534     0.534 r  clk_IBUF_inst/INBUF_INST/O
                         net (fo=1, routed)           0.000     0.534    clk_IBUF_inst/OUT
    AP13                 IBUFCTRL (Prop_IBUFCTRL_HPIOB_M_I_O)
                                                      0.000     0.534 r  clk_IBUF_inst/IBUFCTRL_INST/O
                         net (fo=1, routed)           0.314     0.848    clk_IBUF
    BUFGCE_X0Y170        BUFGCE (Prop_BUFCE_BUFGCE_I_O)
                                                      0.028     0.876 r  clk_IBUF_BUFG_inst/O
    X3Y5 (CLOCK_ROOT)    net (fo=49277, routed)       2.278     3.154    denselayer4/sum_all/col_trees[3].column_tree/CLK
    SLICE_X171Y453       FDRE                                         r  denselayer4/sum_all/col_trees[3].column_tree/genblk2[0].genblk1[1].tree_reg[1][9]/C
  -------------------------------------------------------------------    -------------------
    SLICE_X171Y453       FDRE (Prop_BFF_SLICEM_C_Q)
                                                      0.067     3.221 r  denselayer4/sum_all/col_trees[3].column_tree/genblk2[0].genblk1[1].tree_reg[1][9]/Q
                         net (fo=1, routed)           0.294     3.515    denselayer4/accumulator[3]_6[9]
    SLICE_X174Y452       CARRY8 (Prop_CARRY8_SLICEL_S[6]_CO[7])
                                                      0.099     3.614 r  denselayer4/expResultBuff_reg[1][5]_i_20/CO[7]
                         net (fo=1, routed)           0.023     3.637    denselayer4/expResultBuff_reg[1][5]_i_20_n_0
    SLICE_X174Y453       CARRY8 (Prop_CARRY8_SLICEL_CI_O[2])
                                                      0.061     3.698 r  denselayer4/expResultBuff_reg[1][17]_i_6/O[2]
                         net (fo=6, routed)           0.323     4.021    denselayer4/dense4_output_data[1][13]
    SLICE_X168Y459       LUT4 (Prop_D6LUT_SLICEL_I2_O)
                                                      0.114     4.135 r  denselayer4/expResultBuff[4][17]_i_79/O
                         net (fo=1, routed)           0.012     4.147    denselayer4/expResultBuff[4][17]_i_79_n_0
    SLICE_X168Y459       CARRY8 (Prop_CARRY8_SLICEL_S[3]_CO[4])
                                                      0.135     4.282 r  denselayer4/expResultBuff_reg[4][17]_i_61/CO[4]
                         net (fo=10, routed)          0.183     4.465    denselayer4/expResultBuff_reg[4][17]_i_61_n_3
    SLICE_X167Y460       LUT6 (Prop_A6LUT_SLICEM_I2_O)
                                                      0.090     4.555 r  denselayer4/expResultBuff[4][5]_i_31/O
                         net (fo=5, routed)           0.148     4.703    denselayer4/sum_all/col_trees[1].column_tree/expResultBuff_reg[4][17]_i_9_4
    SLICE_X167Y463       LUT4 (Prop_C6LUT_SLICEM_I1_O)
                                                      0.088     4.791 r  denselayer4/sum_all/col_trees[1].column_tree/expResultBuff[4][17]_i_39/O
                         net (fo=1, routed)           0.025     4.816    denselayer4/sum_all/col_trees[1].column_tree/expResultBuff[4][17]_i_39_n_0
    SLICE_X167Y463       CARRY8 (Prop_CARRY8_SLICEM_S[2]_CO[4])
                                                      0.155     4.971 r  denselayer4/sum_all/col_trees[1].column_tree/expResultBuff_reg[4][17]_i_9/CO[4]
                         net (fo=12, routed)          0.173     5.144    denselayer4/sum_all/col_trees[1].column_tree/expResultBuff[4][17]_i_41_0[0]
    SLICE_X168Y464       LUT6 (Prop_F6LUT_SLICEL_I2_O)
                                                      0.047     5.191 r  denselayer4/sum_all/col_trees[1].column_tree/expResultBuff[4][5]_i_10/O
                         net (fo=10, routed)          0.348     5.539    denselayer4/sum_all/col_trees[1].column_tree/softmax/maxIn[3]
    SLICE_X169Y466       CARRY8 (Prop_CARRY8_SLICEL_DI[3]_O[5])
                                                      0.154     5.693 r  denselayer4/sum_all/col_trees[1].column_tree/expResultBuff_reg[0][5]_i_2/O[5]
                         net (fo=114, routed)         0.411     6.104    softmax/O4427[5]
    SLICE_X169Y477       LUT6 (Prop_G6LUT_SLICEL_I0_O)
                                                      0.114     6.218 r  softmax/p_0_out_inferred__3/expResultBuff[0][5]_i_26/O
                         net (fo=1, routed)           0.012     6.230    softmax/p_0_out_inferred__3/expResultBuff[0][5]_i_26_n_0
    SLICE_X169Y477       MUXF7 (Prop_F7MUX_GH_SLICEL_I1_O)
                                                      0.048     6.278 r  softmax/p_0_out_inferred__3/expResultBuff_reg[0][5]_i_18/O
                         net (fo=1, routed)           0.000     6.278    softmax/p_0_out_inferred__3/expResultBuff_reg[0][5]_i_18_n_0
    SLICE_X169Y477       MUXF8 (Prop_F8MUX_TOP_SLICEL_I0_O)
                                                      0.028     6.306 r  softmax/p_0_out_inferred__3/expResultBuff_reg[0][5]_i_5/O
                         net (fo=1, routed)           0.138     6.444    softmax/p_0_out_inferred__3/expResultBuff_reg[0][5]_i_5_n_0
    SLICE_X169Y475       LUT6 (Prop_E6LUT_SLICEL_I5_O)
                                                      0.134     6.578 r  softmax/p_0_out_inferred__3/expResultBuff[0][5]_i_1/O
                         net (fo=5, routed)           0.261     6.839    denselayer4/sum_all/col_trees[1].column_tree/invertVal_reg[17]_i_55_17
    SLICE_X171Y469       LUT6 (Prop_F6LUT_SLICEM_I5_O)
                                                      0.134     6.973 r  denselayer4/sum_all/col_trees[1].column_tree/invertVal[17]_i_81/O
                         net (fo=1, routed)           0.026     6.999    denselayer4/sum_all/col_trees[1].column_tree/invertVal[17]_i_81_n_0
    SLICE_X171Y469       CARRY8 (Prop_CARRY8_SLICEM_S[5]_CO[7])
                                                      0.137     7.136 r  denselayer4/sum_all/col_trees[1].column_tree/invertVal_reg[17]_i_55/CO[7]
                         net (fo=1, routed)           0.023     7.159    denselayer4/sum_all/col_trees[1].column_tree/invertVal_reg[17]_i_55_n_0
    SLICE_X171Y470       CARRY8 (Prop_CARRY8_SLICEM_CI_O[5])
                                                      0.103     7.262 r  denselayer4/sum_all/col_trees[1].column_tree/invertVal_reg[17]_i_34/O[5]
                         net (fo=3, routed)           0.245     7.507    denselayer4/sum_all/col_trees[1].column_tree/invertVal_reg[17]_i_34_n_10
    SLICE_X174Y470       LUT6 (Prop_F6LUT_SLICEL_I4_O)
                                                      0.114     7.621 r  denselayer4/sum_all/col_trees[1].column_tree/invertVal[17]_i_28/O
                         net (fo=1, routed)           0.014     7.635    denselayer4/sum_all/col_trees[1].column_tree/invertVal[17]_i_28_n_0
    SLICE_X174Y470       CARRY8 (Prop_CARRY8_SLICEL_S[5]_CO[7])
                                                      0.134     7.769 r  denselayer4/sum_all/col_trees[1].column_tree/invertVal_reg[17]_i_4/CO[7]
                         net (fo=1, routed)           0.023     7.792    denselayer4/sum_all/col_trees[1].column_tree/invertVal_reg[17]_i_4_n_0
    SLICE_X174Y471       CARRY8 (Prop_CARRY8_SLICEL_CI_CO[4])
                                                      0.081     7.873 r  denselayer4/sum_all/col_trees[1].column_tree/invertVal_reg[17]_i_2/CO[4]
                         net (fo=45, routed)          0.241     8.114    softmax/tempSum[10]
    SLICE_X174Y474       LUT2 (Prop_C6LUT_SLICEL_I0_O)
                                                      0.047     8.161 r  softmax/buffer[4]_i_195/O
                         net (fo=150, routed)         0.218     8.379    softmax/sel_5[2]
    SLICE_X174Y476       LUT6 (Prop_H6LUT_SLICEL_I5_O)
                                                      0.135     8.514 r  softmax/p_0_out_inferred__4/buffer[4]_i_210/O
                         net (fo=1, routed)           0.013     8.527    softmax/p_0_out_inferred__4/buffer[4]_i_210_n_0
    SLICE_X174Y476       MUXF7 (Prop_F7MUX_GH_SLICEL_I0_O)
                                                      0.055     8.582 r  softmax/p_0_out_inferred__4/buffer[4]_i_108/O
                         net (fo=1, routed)           0.224     8.806    softmax/p_0_out_inferred__4/buffer[4]_i_108_n_0
    SLICE_X174Y476       LUT6 (Prop_F6LUT_SLICEL_I3_O)
                                                      0.133     8.939 r  softmax/p_0_out_inferred__4/buffer[4]_i_49/O
                         net (fo=1, routed)           0.014     8.953    softmax/p_0_out_inferred__4/buffer[4]_i_49_n_0
    SLICE_X174Y476       MUXF7 (Prop_F7MUX_EF_SLICEL_I0_O)
                                                      0.067     9.020 r  softmax/p_0_out_inferred__4/buffer[4]_i_6/O
                         net (fo=5, routed)           0.196     9.216    softmax/p_0_out_inferred__4/buffer[4]_i_6_n_0
    SLICE_X173Y476       FDRE                                         r  softmax/p_0_out_inferred__1/buffer[2]_i_1_psdsp_1/D
  -------------------------------------------------------------------    -------------------

                         (clock ap_clk rise edge)     5.000     5.000 r  
    AP13                                              0.000     5.000 r  clk (IN)
                         net (fo=0)                   0.000     5.000    clk_IBUF_inst/I
    AP13                 INBUF (Prop_INBUF_HPIOB_M_PAD_O)
                                                      0.330     5.330 r  clk_IBUF_inst/INBUF_INST/O
                         net (fo=1, routed)           0.000     5.330    clk_IBUF_inst/OUT
    AP13                 IBUFCTRL (Prop_IBUFCTRL_HPIOB_M_I_O)
                                                      0.000     5.330 r  clk_IBUF_inst/IBUFCTRL_INST/O
                         net (fo=1, routed)           0.279     5.609    clk_IBUF
    BUFGCE_X0Y170        BUFGCE (Prop_BUFCE_BUFGCE_I_O)
                                                      0.024     5.633 r  clk_IBUF_BUFG_inst/O
    X3Y5 (CLOCK_ROOT)    net (fo=49277, routed)       2.058     7.691    softmax/CLK
    SLICE_X173Y476       FDRE                                         r  softmax/p_0_out_inferred__1/buffer[2]_i_1_psdsp_1/C
                         clock pessimism              0.408     8.099    
                         clock uncertainty           -0.035     8.064    
    SLICE_X173Y476       FDRE (Setup_BFF_SLICEL_C_D)
                                                      0.023     8.087    softmax/p_0_out_inferred__1/buffer[2]_i_1_psdsp_1
  -------------------------------------------------------------------
                         required time                          8.087    
                         arrival time                          -9.216    
  -------------------------------------------------------------------
                         slack                                 -1.129    





Min Delay Paths
--------------------------------------------------------------------------------------
Slack (MET) :             0.057ns  (arrival time - required time)
  Source:                 denselayer1/ready_buffer_reg[0]/C
                            (rising edge-triggered cell FDCE clocked by ap_clk  {rise@0.000ns fall@2.500ns period=5.000ns})
  Destination:            denselayer2/ready_buffer_reg[1]/D
                            (rising edge-triggered cell FDCE clocked by ap_clk  {rise@0.000ns fall@2.500ns period=5.000ns})
  Path Group:             ap_clk
  Path Type:              Hold (Min at Fast Process Corner)
  Requirement:            0.000ns  (ap_clk rise@0.000ns - ap_clk rise@0.000ns)
  Data Path Delay:        0.124ns  (logic 0.038ns (30.645%)  route 0.086ns (69.355%))
  Logic Levels:           0  
  Clock Path Skew:        0.020ns (DCD - SCD - CPR)
    Destination Clock Delay (DCD):    2.116ns
    Source Clock Delay      (SCD):    1.724ns
    Clock Pessimism Removal (CPR):    0.372ns
  Clock Net Delay (Source):      1.329ns (routing 0.639ns, distribution 0.690ns)
  Clock Net Delay (Destination): 1.496ns (routing 0.713ns, distribution 0.783ns)

    Location             Delay type                Incr(ns)  Path(ns)    Netlist Resource(s)
  -------------------------------------------------------------------    -------------------
                         (clock ap_clk rise edge)     0.000     0.000 r  
    AP13                                              0.000     0.000 r  clk (IN)
                         net (fo=0)                   0.000     0.000    clk_IBUF_inst/I
    AP13                 INBUF (Prop_INBUF_HPIOB_M_PAD_O)
                                                      0.234     0.234 r  clk_IBUF_inst/INBUF_INST/O
                         net (fo=1, routed)           0.000     0.234    clk_IBUF_inst/OUT
    AP13                 IBUFCTRL (Prop_IBUFCTRL_HPIOB_M_I_O)
                                                      0.000     0.234 r  clk_IBUF_inst/IBUFCTRL_INST/O
                         net (fo=1, routed)           0.144     0.378    clk_IBUF
    BUFGCE_X0Y170        BUFGCE (Prop_BUFCE_BUFGCE_I_O)
                                                      0.017     0.395 r  clk_IBUF_BUFG_inst/O
    X3Y5 (CLOCK_ROOT)    net (fo=49277, routed)       1.329     1.724    denselayer1/CLK
    SLICE_X121Y438       FDCE                                         r  denselayer1/ready_buffer_reg[0]/C
  -------------------------------------------------------------------    -------------------
    SLICE_X121Y438       FDCE (Prop_EFF_SLICEM_C_Q)
                                                      0.038     1.762 r  denselayer1/ready_buffer_reg[0]/Q
                         net (fo=1, routed)           0.086     1.848    denselayer2/ready_buffer_reg[1]_0[0]
    SLICE_X121Y439       FDCE                                         r  denselayer2/ready_buffer_reg[1]/D
  -------------------------------------------------------------------    -------------------

                         (clock ap_clk rise edge)     0.000     0.000 r  
    AP13                                              0.000     0.000 r  clk (IN)
                         net (fo=0)                   0.000     0.000    clk_IBUF_inst/I
    AP13                 INBUF (Prop_INBUF_HPIOB_M_PAD_O)
                                                      0.420     0.420 r  clk_IBUF_inst/INBUF_INST/O
                         net (fo=1, routed)           0.000     0.420    clk_IBUF_inst/OUT
    AP13                 IBUFCTRL (Prop_IBUFCTRL_HPIOB_M_I_O)
                                                      0.000     0.420 r  clk_IBUF_inst/IBUFCTRL_INST/O
                         net (fo=1, routed)           0.181     0.601    clk_IBUF
    BUFGCE_X0Y170        BUFGCE (Prop_BUFCE_BUFGCE_I_O)
                                                      0.019     0.620 r  clk_IBUF_BUFG_inst/O
    X3Y5 (CLOCK_ROOT)    net (fo=49277, routed)       1.496     2.116    denselayer2/CLK
    SLICE_X121Y439       FDCE                                         r  denselayer2/ready_buffer_reg[1]/C
                         clock pessimism             -0.372     1.744    
    SLICE_X121Y439       FDCE (Hold_AFF2_SLICEM_C_D)
                                                      0.047     1.791    denselayer2/ready_buffer_reg[1]
  -------------------------------------------------------------------
                         required time                         -1.791    
                         arrival time                           1.848    
  -------------------------------------------------------------------
                         slack                                  0.057    





Pulse Width Checks
--------------------------------------------------------------------------------------
Clock Name:         ap_clk
Waveform(ns):       { 0.000 2.500 }
Period(ns):         5.000
Sources:            { clk }

Check Type        Corner  Lib Pin   Reference Pin  Required(ns)  Actual(ns)  Slack(ns)  Location        Pin
Min Period        n/a     BUFGCE/I  n/a            1.122         5.000       3.878      BUFGCE_X0Y170   clk_IBUF_BUFG_inst/I
Low Pulse Width   Slow    FDRE/C    n/a            0.275         2.500       2.225      SLICE_X148Y257  denselayer2/INPUT_SIZE_rows[11].OUTPUT_SIZE_cols[27].sa/data_out_reg[12]/C
High Pulse Width  Fast    FDRE/C    n/a            0.275         2.500       2.225      SLICE_X148Y257  denselayer2/INPUT_SIZE_rows[11].OUTPUT_SIZE_cols[27].sa/data_out_reg[12]/C



