Copyright 1986-2019 Xilinx, Inc. All Rights Reserved.
-----------------------------------------------------------------------------------------
| Tool Version      : Vivado v.2019.1 (lin64) Build 2552052 Fri May 24 14:47:09 MDT 2019
| Date              : Wed Nov  5 13:30:51 2025
| Host              : hvm1 running 64-bit Ubuntu 22.04.5 LTS
| Command           : report_timing_summary -file reports/19_7_SA3_timing.rpt
| Design            : waiz_benchmark
| Device            : xcvu13p-fhga2104
| Speed File        : -3  PRODUCTION 1.23 03-18-2019
| Temperature Grade : E
-----------------------------------------------------------------------------------------

Timing Summary Report

------------------------------------------------------------------------------------------------
| Timer Settings
| --------------
------------------------------------------------------------------------------------------------

  Enable Multi Corner Analysis               :  Yes
  Enable Pessimism Removal                   :  Yes
  Pessimism Removal Resolution               :  Nearest Common Node
  Enable Input Delay Default Clock           :  No
  Enable Preset / Clear Arcs                 :  No
  Disable Flight Delays                      :  No
  Ignore I/O Paths                           :  No
  Timing Early Launch at Borrowing Latches   :  No
  Borrow Time for Max Delay Exceptions       :  Yes

  Corner  Analyze    Analyze    
  Name    Max Paths  Min Paths  
  ------  ---------  ---------  
  Slow    Yes        Yes        
  Fast    Yes        Yes        



check_timing report

Table of Contents
-----------------
1. checking no_clock
2. checking constant_clock
3. checking pulse_width_clock
4. checking unconstrained_internal_endpoints
5. checking no_input_delay
6. checking no_output_delay
7. checking multiple_clock
8. checking generated_clocks
9. checking loops
10. checking partial_input_delay
11. checking partial_output_delay
12. checking latch_loops

1. checking no_clock
--------------------
 There are 0 register/latch pins with no clock.


2. checking constant_clock
--------------------------
 There are 0 register/latch pins with constant_clock.


3. checking pulse_width_clock
-----------------------------
 There are 0 register/latch pins which need pulse_width check


4. checking unconstrained_internal_endpoints
--------------------------------------------
 There are 0 pins that are not constrained for maximum delay.

 There are 0 pins that are not constrained for maximum delay due to constant clock.


5. checking no_input_delay
--------------------------
 There are 306 input ports with no input delay specified. (HIGH)

 There are 0 input ports with no input delay but user has a false path constraint.


6. checking no_output_delay
---------------------------
 There are 96 ports with no output delay specified. (HIGH)

 There are 0 ports with no output delay but user has a false path constraint

 There are 0 ports with no output delay but with a timing clock defined on it or propagating through it


7. checking multiple_clock
--------------------------
 There are 0 register/latch pins with multiple clocks.


8. checking generated_clocks
----------------------------
 There are 0 generated clocks that are not connected to a clock source.


9. checking loops
-----------------
 There are 0 combinational loops in the design.


10. checking partial_input_delay
--------------------------------
 There are 0 input ports with partial input delay specified.


11. checking partial_output_delay
---------------------------------
 There are 0 ports with partial output delay specified.


12. checking latch_loops
------------------------
 There are 0 combinational latch loops in the design through latch input



------------------------------------------------------------------------------------------------
| Design Timing Summary
| ---------------------
------------------------------------------------------------------------------------------------

    WNS(ns)      TNS(ns)  TNS Failing Endpoints  TNS Total Endpoints      WHS(ns)      THS(ns)  THS Failing Endpoints  THS Total Endpoints     WPWS(ns)     TPWS(ns)  TPWS Failing Endpoints  TPWS Total Endpoints  
    -------      -------  ---------------------  -------------------      -------      -------  ---------------------  -------------------     --------     --------  ----------------------  --------------------  
      0.844        0.000                      0               129917        0.026        0.000                      0               129917        2.225        0.000                       0                 74039  


All user specified timing constraints are met.


------------------------------------------------------------------------------------------------
| Clock Summary
| -------------
------------------------------------------------------------------------------------------------

Clock   Waveform(ns)         Period(ns)      Frequency(MHz)
-----   ------------         ----------      --------------
ap_clk  {0.000 2.500}        5.000           200.000         


------------------------------------------------------------------------------------------------
| Intra Clock Table
| -----------------
------------------------------------------------------------------------------------------------

Clock             WNS(ns)      TNS(ns)  TNS Failing Endpoints  TNS Total Endpoints      WHS(ns)      THS(ns)  THS Failing Endpoints  THS Total Endpoints     WPWS(ns)     TPWS(ns)  TPWS Failing Endpoints  TPWS Total Endpoints  
-----             -------      -------  ---------------------  -------------------      -------      -------  ---------------------  -------------------     --------     --------  ----------------------  --------------------  
ap_clk              0.844        0.000                      0               129917        0.026        0.000                      0               129917        2.225        0.000                       0                 74039  


------------------------------------------------------------------------------------------------
| Inter Clock Table
| -----------------
------------------------------------------------------------------------------------------------

From Clock    To Clock          WNS(ns)      TNS(ns)  TNS Failing Endpoints  TNS Total Endpoints      WHS(ns)      THS(ns)  THS Failing Endpoints  THS Total Endpoints  
----------    --------          -------      -------  ---------------------  -------------------      -------      -------  ---------------------  -------------------  


------------------------------------------------------------------------------------------------
| Other Path Groups Table
| -----------------------
------------------------------------------------------------------------------------------------

Path Group    From Clock    To Clock          WNS(ns)      TNS(ns)  TNS Failing Endpoints  TNS Total Endpoints      WHS(ns)      THS(ns)  THS Failing Endpoints  THS Total Endpoints  
----------    ----------    --------          -------      -------  ---------------------  -------------------      -------      -------  ---------------------  -------------------  


------------------------------------------------------------------------------------------------
| Timing Details
| --------------
------------------------------------------------------------------------------------------------


---------------------------------------------------------------------------------------------------
From Clock:  ap_clk
  To Clock:  ap_clk

Setup :            0  Failing Endpoints,  Worst Slack        0.844ns,  Total Violation        0.000ns
Hold  :            0  Failing Endpoints,  Worst Slack        0.026ns,  Total Violation        0.000ns
PW    :            0  Failing Endpoints,  Worst Slack        2.225ns,  Total Violation        0.000ns
---------------------------------------------------------------------------------------------------


Max Delay Paths
--------------------------------------------------------------------------------------
Slack (MET) :             0.844ns  (required time - arrival time)
  Source:                 denselayer1/output_data_reg[4][0]/C
                            (rising edge-triggered cell FDCE clocked by ap_clk  {rise@0.000ns fall@2.500ns period=5.000ns})
  Destination:            denselayer2/INPUT_SIZE_rows[4].OUTPUT_SIZE_cols[1].sa/data_out_reg[29]/D
                            (rising edge-triggered cell FDRE clocked by ap_clk  {rise@0.000ns fall@2.500ns period=5.000ns})
  Path Group:             ap_clk
  Path Type:              Setup (Max at Slow Process Corner)
  Requirement:            5.000ns  (ap_clk rise@5.000ns - ap_clk rise@0.000ns)
  Data Path Delay:        4.055ns  (logic 0.485ns (11.961%)  route 3.570ns (88.039%))
  Logic Levels:           4  (CARRY8=3 LUT5=1)
  Clock Path Skew:        -0.088ns (DCD - SCD + CPR)
    Destination Clock Delay (DCD):    2.415ns = ( 7.415 - 5.000 ) 
    Source Clock Delay      (SCD):    2.887ns
    Clock Pessimism Removal (CPR):    0.383ns
  Clock Uncertainty:      0.035ns  ((TSJ^2 + TIJ^2)^1/2 + DJ) / 2 + PE
    Total System Jitter     (TSJ):    0.071ns
    Total Input Jitter      (TIJ):    0.000ns
    Discrete Jitter          (DJ):    0.000ns
    Phase Error              (PE):    0.000ns
  Clock Net Delay (Source):      2.011ns (routing 1.055ns, distribution 0.956ns)
  Clock Net Delay (Destination): 1.782ns (routing 0.956ns, distribution 0.826ns)

    Location             Delay type                Incr(ns)  Path(ns)    Netlist Resource(s)
  -------------------------------------------------------------------    -------------------
                         (clock ap_clk rise edge)     0.000     0.000 r  
    AP13                                              0.000     0.000 r  clk (IN)
                         net (fo=0)                   0.000     0.000    clk_IBUF_inst/I
    AP13                 INBUF (Prop_INBUF_HPIOB_M_PAD_O)
                                                      0.534     0.534 r  clk_IBUF_inst/INBUF_INST/O
                         net (fo=1, routed)           0.000     0.534    clk_IBUF_inst/OUT
    AP13                 IBUFCTRL (Prop_IBUFCTRL_HPIOB_M_I_O)
                                                      0.000     0.534 r  clk_IBUF_inst/IBUFCTRL_INST/O
                         net (fo=1, routed)           0.314     0.848    clk_IBUF
    BUFGCE_X0Y170        BUFGCE (Prop_BUFCE_BUFGCE_I_O)
                                                      0.028     0.876 r  clk_IBUF_BUFG_inst/O
    X3Y5 (CLOCK_ROOT)    net (fo=79303, routed)       2.011     2.887    denselayer1/clk_IBUF_BUFG
    SLICE_X114Y247       FDCE                                         r  denselayer1/output_data_reg[4][0]/C
  -------------------------------------------------------------------    -------------------
    SLICE_X114Y247       FDCE (Prop_AFF2_SLICEM_C_Q)
                                                      0.069     2.956 r  denselayer1/output_data_reg[4][0]/Q
                         net (fo=110, routed)         3.487     6.443    denselayer1/INPUT_SIZE_rows[4].OUTPUT_SIZE_cols[1].sa/Q[0]
    SLICE_X116Y280       LUT5 (Prop_B6LUT_SLICEL_I0_O)
                                                      0.135     6.578 r  denselayer1/INPUT_SIZE_rows[4].OUTPUT_SIZE_cols[1].sa/data_out[18]_i_32__112/O
                         net (fo=1, routed)           0.012     6.590    denselayer1/INPUT_SIZE_rows[4].OUTPUT_SIZE_cols[1].sa/data_out[18]_i_32__112_n_174302
    SLICE_X116Y280       CARRY8 (Prop_CARRY8_SLICEL_S[1]_CO[7])
                                                      0.166     6.756 r  denselayer1/INPUT_SIZE_rows[4].OUTPUT_SIZE_cols[1].sa/data_out_reg[18]_i_2__217/CO[7]
                         net (fo=1, routed)           0.023     6.779    denselayer1/INPUT_SIZE_rows[4].OUTPUT_SIZE_cols[1].sa/data_out_reg[18]_i_2__217_n_174302
    SLICE_X116Y281       CARRY8 (Prop_CARRY8_SLICEL_CI_CO[7])
                                                      0.012     6.791 r  denselayer1/INPUT_SIZE_rows[4].OUTPUT_SIZE_cols[1].sa/data_out_reg[18]_i_1__222/CO[7]
                         net (fo=1, routed)           0.023     6.814    denselayer1/INPUT_SIZE_rows[4].OUTPUT_SIZE_cols[1].sa/data_out_reg[18]_i_1__222_n_174302
    SLICE_X116Y282       CARRY8 (Prop_CARRY8_SLICEL_CI_O[7])
                                                      0.103     6.917 r  denselayer1/INPUT_SIZE_rows[4].OUTPUT_SIZE_cols[1].sa/data_out_reg[29]_i_1__222/O[7]
                         net (fo=1, routed)           0.025     6.942    denselayer2/INPUT_SIZE_rows[4].OUTPUT_SIZE_cols[1].sa/data_out_reg[29]_0[14]
    SLICE_X116Y282       FDRE                                         r  denselayer2/INPUT_SIZE_rows[4].OUTPUT_SIZE_cols[1].sa/data_out_reg[29]/D
  -------------------------------------------------------------------    -------------------

                         (clock ap_clk rise edge)     5.000     5.000 r  
    AP13                                              0.000     5.000 r  clk (IN)
                         net (fo=0)                   0.000     5.000    clk_IBUF_inst/I
    AP13                 INBUF (Prop_INBUF_HPIOB_M_PAD_O)
                                                      0.330     5.330 r  clk_IBUF_inst/INBUF_INST/O
                         net (fo=1, routed)           0.000     5.330    clk_IBUF_inst/OUT
    AP13                 IBUFCTRL (Prop_IBUFCTRL_HPIOB_M_I_O)
                                                      0.000     5.330 r  clk_IBUF_inst/IBUFCTRL_INST/O
                         net (fo=1, routed)           0.279     5.609    clk_IBUF
    BUFGCE_X0Y170        BUFGCE (Prop_BUFCE_BUFGCE_I_O)
                                                      0.024     5.633 r  clk_IBUF_BUFG_inst/O
    X3Y5 (CLOCK_ROOT)    net (fo=79303, routed)       1.782     7.415    denselayer2/INPUT_SIZE_rows[4].OUTPUT_SIZE_cols[1].sa/clk_IBUF_BUFG
    SLICE_X116Y282       FDRE                                         r  denselayer2/INPUT_SIZE_rows[4].OUTPUT_SIZE_cols[1].sa/data_out_reg[29]/C
                         clock pessimism              0.383     7.798    
                         clock uncertainty           -0.035     7.763    
    SLICE_X116Y282       FDRE (Setup_HFF_SLICEL_C_D)
                                                      0.023     7.786    denselayer2/INPUT_SIZE_rows[4].OUTPUT_SIZE_cols[1].sa/data_out_reg[29]
  -------------------------------------------------------------------
                         required time                          7.786    
                         arrival time                          -6.942    
  -------------------------------------------------------------------
                         slack                                  0.844    





Min Delay Paths
--------------------------------------------------------------------------------------
Slack (MET) :             0.026ns  (arrival time - required time)
  Source:                 denselayer2/INPUT_SIZE_rows[49].OUTPUT_SIZE_cols[22].sa/data_out_reg[19]/C
                            (rising edge-triggered cell FDRE clocked by ap_clk  {rise@0.000ns fall@2.500ns period=5.000ns})
  Destination:            denselayer2/sum_all/col_trees[22].column_tree/genblk2[2].genblk1[28].tree_reg[28][8]/D
                            (rising edge-triggered cell FDRE clocked by ap_clk  {rise@0.000ns fall@2.500ns period=5.000ns})
  Path Group:             ap_clk
  Path Type:              Hold (Min at Fast Process Corner)
  Requirement:            0.000ns  (ap_clk rise@0.000ns - ap_clk rise@0.000ns)
  Data Path Delay:        0.176ns  (logic 0.078ns (44.318%)  route 0.098ns (55.682%))
  Logic Levels:           2  (CARRY8=1 LUT6=1)
  Clock Path Skew:        0.104ns (DCD - SCD - CPR)
    Destination Clock Delay (DCD):    2.116ns
    Source Clock Delay      (SCD):    1.713ns
    Clock Pessimism Removal (CPR):    0.299ns
  Clock Net Delay (Source):      1.318ns (routing 0.639ns, distribution 0.679ns)
  Clock Net Delay (Destination): 1.496ns (routing 0.713ns, distribution 0.783ns)

    Location             Delay type                Incr(ns)  Path(ns)    Netlist Resource(s)
  -------------------------------------------------------------------    -------------------
                         (clock ap_clk rise edge)     0.000     0.000 r  
    AP13                                              0.000     0.000 r  clk (IN)
                         net (fo=0)                   0.000     0.000    clk_IBUF_inst/I
    AP13                 INBUF (Prop_INBUF_HPIOB_M_PAD_O)
                                                      0.234     0.234 r  clk_IBUF_inst/INBUF_INST/O
                         net (fo=1, routed)           0.000     0.234    clk_IBUF_inst/OUT
    AP13                 IBUFCTRL (Prop_IBUFCTRL_HPIOB_M_I_O)
                                                      0.000     0.234 r  clk_IBUF_inst/IBUFCTRL_INST/O
                         net (fo=1, routed)           0.144     0.378    clk_IBUF
    BUFGCE_X0Y170        BUFGCE (Prop_BUFCE_BUFGCE_I_O)
                                                      0.017     0.395 r  clk_IBUF_BUFG_inst/O
    X3Y5 (CLOCK_ROOT)    net (fo=79303, routed)       1.318     1.713    denselayer2/INPUT_SIZE_rows[49].OUTPUT_SIZE_cols[22].sa/clk_IBUF_BUFG
    SLICE_X137Y358       FDRE                                         r  denselayer2/INPUT_SIZE_rows[49].OUTPUT_SIZE_cols[22].sa/data_out_reg[19]/C
  -------------------------------------------------------------------    -------------------
    SLICE_X137Y358       FDRE (Prop_BFF_SLICEM_C_Q)
                                                      0.038     1.751 r  denselayer2/INPUT_SIZE_rows[49].OUTPUT_SIZE_cols[22].sa/data_out_reg[19]/Q
                         net (fo=4, routed)           0.083     1.834    denselayer2/INPUT_SIZE_rows[49].OUTPUT_SIZE_cols[22].sa/p_470_out[19]
    SLICE_X136Y360       LUT6 (Prop_A6LUT_SLICEL_I4_O)
                                                      0.022     1.856 r  denselayer2/INPUT_SIZE_rows[49].OUTPUT_SIZE_cols[22].sa/genblk2[2].genblk1[28].tree[28][15]_i_17__21/O
                         net (fo=1, routed)           0.008     1.864    denselayer2/INPUT_SIZE_rows[49].OUTPUT_SIZE_cols[22].sa/genblk2[2].genblk1[28].tree[28][15]_i_17__21_n_174302
    SLICE_X136Y360       CARRY8 (Prop_CARRY8_SLICEL_S[0]_O[0])
                                                      0.018     1.882 r  denselayer2/INPUT_SIZE_rows[49].OUTPUT_SIZE_cols[22].sa/genblk2[2].genblk1[28].tree_reg[28][15]_i_1__21/O[0]
                         net (fo=1, routed)           0.007     1.889    denselayer2/sum_all/col_trees[22].column_tree/genblk2[2].genblk1[28].tree_reg[28][18]_0[8]
    SLICE_X136Y360       FDRE                                         r  denselayer2/sum_all/col_trees[22].column_tree/genblk2[2].genblk1[28].tree_reg[28][8]/D
  -------------------------------------------------------------------    -------------------

                         (clock ap_clk rise edge)     0.000     0.000 r  
    AP13                                              0.000     0.000 r  clk (IN)
                         net (fo=0)                   0.000     0.000    clk_IBUF_inst/I
    AP13                 INBUF (Prop_INBUF_HPIOB_M_PAD_O)
                                                      0.420     0.420 r  clk_IBUF_inst/INBUF_INST/O
                         net (fo=1, routed)           0.000     0.420    clk_IBUF_inst/OUT
    AP13                 IBUFCTRL (Prop_IBUFCTRL_HPIOB_M_I_O)
                                                      0.000     0.420 r  clk_IBUF_inst/IBUFCTRL_INST/O
                         net (fo=1, routed)           0.181     0.601    clk_IBUF
    BUFGCE_X0Y170        BUFGCE (Prop_BUFCE_BUFGCE_I_O)
                                                      0.019     0.620 r  clk_IBUF_BUFG_inst/O
    X3Y5 (CLOCK_ROOT)    net (fo=79303, routed)       1.496     2.116    denselayer2/sum_all/col_trees[22].column_tree/clk_IBUF_BUFG
    SLICE_X136Y360       FDRE                                         r  denselayer2/sum_all/col_trees[22].column_tree/genblk2[2].genblk1[28].tree_reg[28][8]/C
                         clock pessimism             -0.299     1.817    
    SLICE_X136Y360       FDRE (Hold_AFF_SLICEL_C_D)
                                                      0.046     1.863    denselayer2/sum_all/col_trees[22].column_tree/genblk2[2].genblk1[28].tree_reg[28][8]
  -------------------------------------------------------------------
                         required time                         -1.863    
                         arrival time                           1.889    
  -------------------------------------------------------------------
                         slack                                  0.026    





Pulse Width Checks
--------------------------------------------------------------------------------------
Clock Name:         ap_clk
Waveform(ns):       { 0.000 2.500 }
Period(ns):         5.000
Sources:            { clk }

Check Type        Corner  Lib Pin   Reference Pin  Required(ns)  Actual(ns)  Slack(ns)  Location        Pin
Min Period        n/a     BUFGCE/I  n/a            1.122         5.000       3.878      BUFGCE_X0Y170   clk_IBUF_BUFG_inst/I
Low Pulse Width   Slow    FDRE/C    n/a            0.275         2.500       2.225      SLICE_X125Y305  denselayer1/INPUT_SIZE_rows[15].OUTPUT_SIZE_cols[3].sa/data_out_reg[15]/C
High Pulse Width  Fast    FDRE/C    n/a            0.275         2.500       2.225      SLICE_X83Y310   denselayer2/INPUT_SIZE_rows[15].OUTPUT_SIZE_cols[4].sa/data_out_reg[12]/C



