Copyright 1986-2019 Xilinx, Inc. All Rights Reserved.
--------------------------------------------------------------------------------------------------------------------
| Tool Version : Vivado v.2019.1 (lin64) Build 2552052 Fri May 24 14:47:09 MDT 2019
| Date         : Wed Nov 26 07:04:26 2025
| Host         : hvm1 running 64-bit Ubuntu 22.04.5 LTS
| Command      : report_utilization -hierarchical -hierarchical_depth 1 -file ../reports/19_7_Argmax_pipe3_hier.rpt
| Design       : waiz_benchmark
| Device       : xcvu13pfhga2104-3
| Design State : Routed
--------------------------------------------------------------------------------------------------------------------

Utilization Design Information

Table of Contents
-----------------
1. Utilization by Hierarchy

1. Utilization by Hierarchy
---------------------------

+--------------------+---------------------------------------+------------+------------+---------+------+-------+--------+--------+------+--------------+
|      Instance      |                 Module                | Total LUTs | Logic LUTs | LUTRAMs | SRLs |  FFs  | RAMB36 | RAMB18 | URAM | DSP48 Blocks |
+--------------------+---------------------------------------+------------+------------+---------+------+-------+--------+--------+------+--------------+
| waiz_benchmark     |                                 (top) |     147078 |     147075 |       0 |    3 | 45842 |      0 |      0 |    0 |         1157 |
|   (waiz_benchmark) |                                 (top) |       6922 |       6922 |       0 |    0 |     0 |      0 |      0 |    0 |            0 |
|   denselayer1      |                            denseLayer |      78479 |      78479 |       0 |    0 | 11680 |      0 |      0 |    0 |          360 |
|   denselayer2      |            denseLayer__parameterized0 |      43009 |      43008 |       0 |    1 | 22100 |      0 |      0 |    0 |          364 |
|   denselayer3      |            denseLayer__parameterized1 |      14111 |      14110 |       0 |    1 | 10257 |      0 |      0 |    0 |          376 |
|   denselayer4      |            denseLayer__parameterized2 |       1721 |       1720 |       0 |    1 |  1799 |      0 |      0 |    0 |           57 |
|   relulayer1       |                   reluActivationLayer |       7244 |       7244 |       0 |    0 |     0 |      0 |      0 |    0 |            0 |
|   relulayer2       |   reluActivationLayer__parameterized0 |       3101 |       3101 |       0 |    0 |     0 |      0 |      0 |    0 |            0 |
|   relulayer3       | reluActivationLayer__parameterized0_0 |        807 |        807 |       0 |    0 |     0 |      0 |      0 |    0 |            0 |
|   softmax          |                    softmaxArgmaxLayer |          2 |          2 |       0 |    0 |     6 |      0 |      0 |    0 |            0 |
+--------------------+---------------------------------------+------------+------------+---------+------+-------+--------+--------+------+--------------+
* Note: The sum of lower-level cells may be larger than their parent cells total, due to cross-hierarchy LUT combining


