Copyright 1986-2019 Xilinx, Inc. All Rights Reserved.
-------------------------------------------------------------------------------------------
| Tool Version      : Vivado v.2019.1 (lin64) Build 2552052 Fri May 24 14:47:09 MDT 2019
| Date              : Thu Dec 18 01:55:15 2025
| Host              : hvm1 running 64-bit Ubuntu 22.04.5 LTS
| Command           : report_timing_summary -file ../reports/22_8_MinpipeNegmax_timing.rpt
| Design            : waiz_benchmark
| Device            : xcvu13p-fhga2104
| Speed File        : -3  PRODUCTION 1.23 03-18-2019
| Temperature Grade : E
-------------------------------------------------------------------------------------------

Timing Summary Report

------------------------------------------------------------------------------------------------
| Timer Settings
| --------------
------------------------------------------------------------------------------------------------

  Enable Multi Corner Analysis               :  Yes
  Enable Pessimism Removal                   :  Yes
  Pessimism Removal Resolution               :  Nearest Common Node
  Enable Input Delay Default Clock           :  No
  Enable Preset / Clear Arcs                 :  No
  Disable Flight Delays                      :  No
  Ignore I/O Paths                           :  No
  Timing Early Launch at Borrowing Latches   :  No
  Borrow Time for Max Delay Exceptions       :  Yes

  Corner  Analyze    Analyze    
  Name    Max Paths  Min Paths  
  ------  ---------  ---------  
  Slow    Yes        Yes        
  Fast    Yes        Yes        



check_timing report

Table of Contents
-----------------
1. checking no_clock
2. checking constant_clock
3. checking pulse_width_clock
4. checking unconstrained_internal_endpoints
5. checking no_input_delay
6. checking no_output_delay
7. checking multiple_clock
8. checking generated_clocks
9. checking loops
10. checking partial_input_delay
11. checking partial_output_delay
12. checking latch_loops

1. checking no_clock
--------------------
 There are 0 register/latch pins with no clock.


2. checking constant_clock
--------------------------
 There are 0 register/latch pins with constant_clock.


3. checking pulse_width_clock
-----------------------------
 There are 0 register/latch pins which need pulse_width check


4. checking unconstrained_internal_endpoints
--------------------------------------------
 There are 0 pins that are not constrained for maximum delay.

 There are 0 pins that are not constrained for maximum delay due to constant clock.


5. checking no_input_delay
--------------------------
 There are 354 input ports with no input delay specified. (HIGH)

 There are 0 input ports with no input delay but user has a false path constraint.


6. checking no_output_delay
---------------------------
 There are 81 ports with no output delay specified. (HIGH)

 There are 0 ports with no output delay but user has a false path constraint

 There are 0 ports with no output delay but with a timing clock defined on it or propagating through it


7. checking multiple_clock
--------------------------
 There are 0 register/latch pins with multiple clocks.


8. checking generated_clocks
----------------------------
 There are 0 generated clocks that are not connected to a clock source.


9. checking loops
-----------------
 There are 0 combinational loops in the design.


10. checking partial_input_delay
--------------------------------
 There are 0 input ports with partial input delay specified.


11. checking partial_output_delay
---------------------------------
 There are 0 ports with partial output delay specified.


12. checking latch_loops
------------------------
 There are 0 combinational latch loops in the design through latch input



------------------------------------------------------------------------------------------------
| Design Timing Summary
| ---------------------
------------------------------------------------------------------------------------------------

    WNS(ns)      TNS(ns)  TNS Failing Endpoints  TNS Total Endpoints      WHS(ns)      THS(ns)  THS Failing Endpoints  THS Total Endpoints     WPWS(ns)     TPWS(ns)  TPWS Failing Endpoints  TPWS Total Endpoints  
    -------      -------  ---------------------  -------------------      -------      -------  ---------------------  -------------------     --------     --------  ----------------------  --------------------  
     -1.240     -709.364                   3489                91778        0.050        0.000                      0                91778        2.225        0.000                       0                 50295  


Timing constraints are not met.


------------------------------------------------------------------------------------------------
| Clock Summary
| -------------
------------------------------------------------------------------------------------------------

Clock   Waveform(ns)         Period(ns)      Frequency(MHz)
-----   ------------         ----------      --------------
ap_clk  {0.000 2.500}        5.000           200.000         


------------------------------------------------------------------------------------------------
| Intra Clock Table
| -----------------
------------------------------------------------------------------------------------------------

Clock             WNS(ns)      TNS(ns)  TNS Failing Endpoints  TNS Total Endpoints      WHS(ns)      THS(ns)  THS Failing Endpoints  THS Total Endpoints     WPWS(ns)     TPWS(ns)  TPWS Failing Endpoints  TPWS Total Endpoints  
-----             -------      -------  ---------------------  -------------------      -------      -------  ---------------------  -------------------     --------     --------  ----------------------  --------------------  
ap_clk             -1.240     -709.364                   3489                91778        0.050        0.000                      0                91778        2.225        0.000                       0                 50295  


------------------------------------------------------------------------------------------------
| Inter Clock Table
| -----------------
------------------------------------------------------------------------------------------------

From Clock    To Clock          WNS(ns)      TNS(ns)  TNS Failing Endpoints  TNS Total Endpoints      WHS(ns)      THS(ns)  THS Failing Endpoints  THS Total Endpoints  
----------    --------          -------      -------  ---------------------  -------------------      -------      -------  ---------------------  -------------------  


------------------------------------------------------------------------------------------------
| Other Path Groups Table
| -----------------------
------------------------------------------------------------------------------------------------

Path Group    From Clock    To Clock          WNS(ns)      TNS(ns)  TNS Failing Endpoints  TNS Total Endpoints      WHS(ns)      THS(ns)  THS Failing Endpoints  THS Total Endpoints  
----------    ----------    --------          -------      -------  ---------------------  -------------------      -------      -------  ---------------------  -------------------  


------------------------------------------------------------------------------------------------
| Timing Details
| --------------
------------------------------------------------------------------------------------------------


---------------------------------------------------------------------------------------------------
From Clock:  ap_clk
  To Clock:  ap_clk

Setup :         3489  Failing Endpoints,  Worst Slack       -1.240ns,  Total Violation     -709.364ns
Hold  :            0  Failing Endpoints,  Worst Slack        0.050ns,  Total Violation        0.000ns
PW    :            0  Failing Endpoints,  Worst Slack        2.225ns,  Total Violation        0.000ns
---------------------------------------------------------------------------------------------------


Max Delay Paths
--------------------------------------------------------------------------------------
Slack (VIOLATED) :        -1.240ns  (required time - arrival time)
  Source:                 denselayer4/sum_all/col_trees[3].column_tree/genblk2[0].genblk1[1].tree_reg[1][2]/C
                            (rising edge-triggered cell FDRE clocked by ap_clk  {rise@0.000ns fall@2.500ns period=5.000ns})
  Destination:            softmax/p_0_out_inferred__0/buffer[1]_i_1_psdsp_2/D
                            (rising edge-triggered cell FDRE clocked by ap_clk  {rise@0.000ns fall@2.500ns period=5.000ns})
  Path Group:             ap_clk
  Path Type:              Setup (Max at Slow Process Corner)
  Requirement:            5.000ns  (ap_clk rise@5.000ns - ap_clk rise@0.000ns)
  Data Path Delay:        6.219ns  (logic 2.344ns (37.691%)  route 3.875ns (62.309%))
  Logic Levels:           25  (CARRY8=9 LUT2=2 LUT3=1 LUT4=2 LUT6=7 MUXF7=3 MUXF8=1)
  Clock Path Skew:        -0.009ns (DCD - SCD + CPR)
    Destination Clock Delay (DCD):    2.677ns = ( 7.677 - 5.000 ) 
    Source Clock Delay      (SCD):    3.080ns
    Clock Pessimism Removal (CPR):    0.394ns
  Clock Uncertainty:      0.035ns  ((TSJ^2 + TIJ^2)^1/2 + DJ) / 2 + PE
    Total System Jitter     (TSJ):    0.071ns
    Total Input Jitter      (TIJ):    0.000ns
    Discrete Jitter          (DJ):    0.000ns
    Phase Error              (PE):    0.000ns
  Clock Net Delay (Source):      2.204ns (routing 0.941ns, distribution 1.263ns)
  Clock Net Delay (Destination): 2.044ns (routing 0.854ns, distribution 1.190ns)

    Location             Delay type                Incr(ns)  Path(ns)    Netlist Resource(s)
  -------------------------------------------------------------------    -------------------
                         (clock ap_clk rise edge)     0.000     0.000 r  
    AP13                                              0.000     0.000 r  clk (IN)
                         net (fo=0)                   0.000     0.000    clk_IBUF_inst/I
    AP13                 INBUF (Prop_INBUF_HPIOB_M_PAD_O)
                                                      0.534     0.534 r  clk_IBUF_inst/INBUF_INST/O
                         net (fo=1, routed)           0.000     0.534    clk_IBUF_inst/OUT
    AP13                 IBUFCTRL (Prop_IBUFCTRL_HPIOB_M_I_O)
                                                      0.000     0.534 r  clk_IBUF_inst/IBUFCTRL_INST/O
                         net (fo=1, routed)           0.314     0.848    clk_IBUF
    BUFGCE_X0Y170        BUFGCE (Prop_BUFCE_BUFGCE_I_O)
                                                      0.028     0.876 r  clk_IBUF_BUFG_inst/O
    X3Y9 (CLOCK_ROOT)    net (fo=57618, routed)       2.204     3.080    denselayer4/sum_all/col_trees[3].column_tree/CLK
    SLR Crossing[1->2]   
    SLICE_X177Y637       FDRE                                         r  denselayer4/sum_all/col_trees[3].column_tree/genblk2[0].genblk1[1].tree_reg[1][2]/C
  -------------------------------------------------------------------    -------------------
    SLICE_X177Y637       FDRE (Prop_CFF_SLICEL_C_Q)
                                                      0.070     3.150 r  denselayer4/sum_all/col_trees[3].column_tree/genblk2[0].genblk1[1].tree_reg[1][2]/Q
                         net (fo=1, routed)           0.204     3.354    denselayer4/accumulator[3]_5[2]
    SLICE_X176Y637       CARRY8 (Prop_CARRY8_SLICEM_S[1]_CO[7])
                                                      0.170     3.524 r  denselayer4/expResultBuff_reg[1][5]_i_20/CO[7]
                         net (fo=1, routed)           0.023     3.547    denselayer4/expResultBuff_reg[1][5]_i_20_n_0
    SLICE_X176Y638       CARRY8 (Prop_CARRY8_SLICEM_CI_O[2])
                                                      0.061     3.608 r  denselayer4/expResultBuff_reg[1][17]_i_7/O[2]
                         net (fo=6, routed)           0.240     3.848    denselayer4/dense4_output_data[1][11]
    SLICE_X175Y638       LUT4 (Prop_B6LUT_SLICEM_I3_O)
                                                      0.081     3.929 r  denselayer4/expResultBuff[4][17]_i_81/O
                         net (fo=1, routed)           0.020     3.949    denselayer4/expResultBuff[4][17]_i_81_n_0
    SLICE_X175Y638       CARRY8 (Prop_CARRY8_SLICEM_S[1]_CO[4])
                                                      0.189     4.138 r  denselayer4/expResultBuff_reg[4][17]_i_60/CO[4]
                         net (fo=10, routed)          0.251     4.389    denselayer4/softmax/p_3_in
    SLICE_X174Y636       LUT6 (Prop_A6LUT_SLICEL_I0_O)
                                                      0.135     4.524 r  denselayer4/expResultBuff[4][5]_i_29/O
                         net (fo=5, routed)           0.137     4.661    denselayer4/sum_all/col_trees[1].column_tree/expResultBuff_reg[4][17]_i_9_6
    SLICE_X171Y636       LUT4 (Prop_D6LUT_SLICEM_I1_O)
                                                      0.088     4.749 r  denselayer4/sum_all/col_trees[1].column_tree/expResultBuff[4][17]_i_39/O
                         net (fo=1, routed)           0.029     4.778    denselayer4/sum_all/col_trees[1].column_tree/expResultBuff[4][17]_i_39_n_0
    SLICE_X171Y636       CARRY8 (Prop_CARRY8_SLICEM_S[3]_CO[4])
                                                      0.139     4.917 r  denselayer4/sum_all/col_trees[1].column_tree/expResultBuff_reg[4][17]_i_9/CO[4]
                         net (fo=12, routed)          0.195     5.112    denselayer4/sum_all/col_trees[1].column_tree/expResultBuff[4][17]_i_42_0[0]
    SLICE_X173Y636       LUT6 (Prop_G6LUT_SLICEL_I2_O)
                                                      0.031     5.143 r  denselayer4/sum_all/col_trees[1].column_tree/expResultBuff[4][5]_i_11/O
                         net (fo=10, routed)          0.209     5.352    denselayer4/sum_all/col_trees[1].column_tree/softmax/maxIn[2]
    SLICE_X171Y638       LUT2 (Prop_C6LUT_SLICEM_I0_O)
                                                      0.047     5.399 r  denselayer4/sum_all/col_trees[1].column_tree/expResultBuff[3][5]_i_11/O
                         net (fo=1, routed)           0.025     5.424    denselayer4/sum_all/col_trees[1].column_tree/expResultBuff[3][5]_i_11_n_0
    SLICE_X171Y638       CARRY8 (Prop_CARRY8_SLICEM_S[2]_O[5])
                                                      0.177     5.601 r  denselayer4/sum_all/col_trees[1].column_tree/expResultBuff_reg[3][5]_i_2/O[5]
                         net (fo=114, routed)         0.331     5.932    softmax/O5056[5]
    SLICE_X169Y637       LUT6 (Prop_H6LUT_SLICEL_I0_O)
                                                      0.135     6.067 r  softmax/p_0_out_inferred__2/expResultBuff[3][3]_i_11/O
                         net (fo=1, routed)           0.013     6.080    softmax/p_0_out_inferred__2/expResultBuff[3][3]_i_11_n_0
    SLICE_X169Y637       MUXF7 (Prop_F7MUX_GH_SLICEL_I0_O)
                                                      0.049     6.129 r  softmax/p_0_out_inferred__2/expResultBuff_reg[3][3]_i_7/O
                         net (fo=1, routed)           0.000     6.129    softmax/p_0_out_inferred__2/expResultBuff_reg[3][3]_i_7_n_0
    SLICE_X169Y637       MUXF8 (Prop_F8MUX_TOP_SLICEL_I0_O)
                                                      0.028     6.157 r  softmax/p_0_out_inferred__2/expResultBuff_reg[3][3]_i_3/O
                         net (fo=1, routed)           0.171     6.328    softmax/p_0_out_inferred__2/expResultBuff_reg[3][3]_i_3_n_0
    SLICE_X170Y635       LUT6 (Prop_B6LUT_SLICEL_I3_O)
                                                      0.090     6.418 r  softmax/p_0_out_inferred__2/expResultBuff[3][3]_i_1/O
                         net (fo=5, routed)           0.442     6.860    denselayer4/sum_all/col_trees[1].column_tree/invertVal_reg[17]_i_55_10
    SLICE_X172Y629       LUT6 (Prop_E6LUT_SLICEL_I2_O)
                                                      0.134     6.994 r  denselayer4/sum_all/col_trees[1].column_tree/invertVal[17]_i_82/O
                         net (fo=1, routed)           0.010     7.004    denselayer4/sum_all/col_trees[1].column_tree/invertVal[17]_i_82_n_0
    SLICE_X172Y629       CARRY8 (Prop_CARRY8_SLICEL_S[4]_CO[7])
                                                      0.133     7.137 r  denselayer4/sum_all/col_trees[1].column_tree/invertVal_reg[17]_i_55/CO[7]
                         net (fo=1, routed)           0.048     7.185    denselayer4/sum_all/col_trees[1].column_tree/invertVal_reg[17]_i_55_n_0
    SLICE_X172Y630       CARRY8 (Prop_CARRY8_SLICEL_CI_CO[7])
                                                      0.012     7.197 r  denselayer4/sum_all/col_trees[1].column_tree/invertVal_reg[17]_i_34/CO[7]
                         net (fo=1, routed)           0.023     7.220    denselayer4/sum_all/col_trees[1].column_tree/invertVal_reg[17]_i_34_n_0
    SLICE_X172Y631       CARRY8 (Prop_CARRY8_SLICEL_CI_O[0])
                                                      0.050     7.270 r  denselayer4/sum_all/col_trees[1].column_tree/invertVal_reg[17]_i_5/O[0]
                         net (fo=3, routed)           0.118     7.388    denselayer4/sum_all/col_trees[1].column_tree/invertVal_reg[17]_i_5_n_15
    SLICE_X171Y631       LUT3 (Prop_F6LUT_SLICEM_I0_O)
                                                      0.031     7.419 r  denselayer4/sum_all/col_trees[1].column_tree/invertVal[17]_i_6/O
                         net (fo=1, routed)           0.328     7.747    denselayer4/sum_all/col_trees[1].column_tree/invertVal[17]_i_6_n_0
    SLICE_X174Y629       CARRY8 (Prop_CARRY8_SLICEL_DI[1]_CO[4])
                                                      0.146     7.893 r  denselayer4/sum_all/col_trees[1].column_tree/invertVal_reg[17]_i_2/CO[4]
                         net (fo=45, routed)          0.243     8.136    softmax/tempSum[10]
    SLICE_X175Y625       LUT2 (Prop_E6LUT_SLICEM_I0_O)
                                                      0.031     8.167 r  softmax/buffer[4]_i_194/O
                         net (fo=158, routed)         0.346     8.513    softmax/sel_5[1]
    SLICE_X177Y626       LUT6 (Prop_C6LUT_SLICEL_I5_O)
                                                      0.113     8.626 r  softmax/p_0_out_inferred__4/buffer[4]_i_231/O
                         net (fo=1, routed)           0.013     8.639    softmax/p_0_out_inferred__4/buffer[4]_i_231_n_0
    SLICE_X177Y626       MUXF7 (Prop_F7MUX_CD_SLICEL_I1_O)
                                                      0.055     8.694 r  softmax/p_0_out_inferred__4/buffer[4]_i_119/O
                         net (fo=1, routed)           0.247     8.941    softmax/p_0_out_inferred__4/buffer[4]_i_119_n_0
    SLICE_X178Y625       LUT6 (Prop_A6LUT_SLICEL_I5_O)
                                                      0.082     9.023 r  softmax/p_0_out_inferred__4/buffer[4]_i_52/O
                         net (fo=1, routed)           0.013     9.036    softmax/p_0_out_inferred__4/buffer[4]_i_52_n_0
    SLICE_X178Y625       MUXF7 (Prop_F7MUX_AB_SLICEL_I1_O)
                                                      0.067     9.103 r  softmax/p_0_out_inferred__4/buffer[4]_i_7/O
                         net (fo=5, routed)           0.196     9.299    softmax/p_0_out_inferred__4/buffer[4]_i_7_n_0
    SLICE_X179Y625       FDRE                                         r  softmax/p_0_out_inferred__0/buffer[1]_i_1_psdsp_2/D
  -------------------------------------------------------------------    -------------------

                         (clock ap_clk rise edge)     5.000     5.000 r  
    AP13                                              0.000     5.000 r  clk (IN)
                         net (fo=0)                   0.000     5.000    clk_IBUF_inst/I
    AP13                 INBUF (Prop_INBUF_HPIOB_M_PAD_O)
                                                      0.330     5.330 r  clk_IBUF_inst/INBUF_INST/O
                         net (fo=1, routed)           0.000     5.330    clk_IBUF_inst/OUT
    AP13                 IBUFCTRL (Prop_IBUFCTRL_HPIOB_M_I_O)
                                                      0.000     5.330 r  clk_IBUF_inst/IBUFCTRL_INST/O
                         net (fo=1, routed)           0.279     5.609    clk_IBUF
    BUFGCE_X0Y170        BUFGCE (Prop_BUFCE_BUFGCE_I_O)
                                                      0.024     5.633 r  clk_IBUF_BUFG_inst/O
    X3Y9 (CLOCK_ROOT)    net (fo=57618, routed)       2.044     7.677    softmax/CLK
    SLR Crossing[1->2]   
    SLICE_X179Y625       FDRE                                         r  softmax/p_0_out_inferred__0/buffer[1]_i_1_psdsp_2/C
                         clock pessimism              0.394     8.071    
                         clock uncertainty           -0.035     8.035    
    SLICE_X179Y625       FDRE (Setup_HFF_SLICEM_C_D)
                                                      0.023     8.058    softmax/p_0_out_inferred__0/buffer[1]_i_1_psdsp_2
  -------------------------------------------------------------------
                         required time                          8.058    
                         arrival time                          -9.299    
  -------------------------------------------------------------------
                         slack                                 -1.240    





Min Delay Paths
--------------------------------------------------------------------------------------
Slack (MET) :             0.050ns  (arrival time - required time)
  Source:                 softmax/expResultBuff_reg[1][9]/C
                            (rising edge-triggered cell FDRE clocked by ap_clk  {rise@0.000ns fall@2.500ns period=5.000ns})
  Destination:            softmax/buffer[1]/DSP_OUTPUT_INST/ALU_OUT[26]
                            (rising edge-triggered cell DSP_OUTPUT clocked by ap_clk  {rise@0.000ns fall@2.500ns period=5.000ns})
  Path Group:             ap_clk
  Path Type:              Hold (Min at Slow Process Corner)
  Requirement:            0.000ns  (ap_clk rise@0.000ns - ap_clk rise@0.000ns)
  Data Path Delay:        0.275ns  (logic 0.218ns (79.273%)  route 0.057ns (20.727%))
  Logic Levels:           2  (DSP_ALU=1 DSP_C_DATA=1)
  Clock Path Skew:        0.157ns (DCD - SCD - CPR)
    Destination Clock Delay (DCD):    3.174ns
    Source Clock Delay      (SCD):    2.623ns
    Clock Pessimism Removal (CPR):    0.394ns
  Clock Net Delay (Source):      1.990ns (routing 0.854ns, distribution 1.136ns)
  Clock Net Delay (Destination): 2.298ns (routing 0.941ns, distribution 1.357ns)

    Location             Delay type                Incr(ns)  Path(ns)    Netlist Resource(s)
  -------------------------------------------------------------------    -------------------
                         (clock ap_clk rise edge)     0.000     0.000 r  
    AP13                                              0.000     0.000 r  clk (IN)
                         net (fo=0)                   0.000     0.000    clk_IBUF_inst/I
    AP13                 INBUF (Prop_INBUF_HPIOB_M_PAD_O)
                                                      0.330     0.330 r  clk_IBUF_inst/INBUF_INST/O
                         net (fo=1, routed)           0.000     0.330    clk_IBUF_inst/OUT
    AP13                 IBUFCTRL (Prop_IBUFCTRL_HPIOB_M_I_O)
                                                      0.000     0.330 r  clk_IBUF_inst/IBUFCTRL_INST/O
                         net (fo=1, routed)           0.279     0.609    clk_IBUF
    BUFGCE_X0Y170        BUFGCE (Prop_BUFCE_BUFGCE_I_O)
                                                      0.024     0.633 r  clk_IBUF_BUFG_inst/O
    X3Y9 (CLOCK_ROOT)    net (fo=57618, routed)       1.990     2.623    softmax/CLK
    SLR Crossing[1->2]   
    SLICE_X178Y628       FDRE                                         r  softmax/expResultBuff_reg[1][9]/C
  -------------------------------------------------------------------    -------------------
    SLICE_X178Y628       FDRE (Prop_BFF_SLICEL_C_Q)
                                                      0.054     2.677 r  softmax/expResultBuff_reg[1][9]/Q
                         net (fo=1, routed)           0.057     2.734    softmax/buffer[1]/C[26]
    DSP48E2_X25Y251      DSP_C_DATA (Prop_DSP_C_DATA_DSP48E2_C[26]_C_DATA[26])
                                                      0.024     2.758 r  softmax/buffer[1]/DSP_C_DATA_INST/C_DATA[26]
                         net (fo=2, routed)           0.000     2.758    softmax/buffer[1]/DSP_C_DATA.C_DATA<26>
    DSP48E2_X25Y251      DSP_ALU (Prop_DSP_ALU_DSP48E2_C_DATA[26]_ALU_OUT[26])
                                                      0.140     2.898 r  softmax/buffer[1]/DSP_ALU_INST/ALU_OUT[26]
                         net (fo=1, routed)           0.000     2.898    softmax/buffer[1]/DSP_ALU.ALU_OUT<26>
    DSP48E2_X25Y251      DSP_OUTPUT                                   r  softmax/buffer[1]/DSP_OUTPUT_INST/ALU_OUT[26]
  -------------------------------------------------------------------    -------------------

                         (clock ap_clk rise edge)     0.000     0.000 r  
    AP13                                              0.000     0.000 r  clk (IN)
                         net (fo=0)                   0.000     0.000    clk_IBUF_inst/I
    AP13                 INBUF (Prop_INBUF_HPIOB_M_PAD_O)
                                                      0.534     0.534 r  clk_IBUF_inst/INBUF_INST/O
                         net (fo=1, routed)           0.000     0.534    clk_IBUF_inst/OUT
    AP13                 IBUFCTRL (Prop_IBUFCTRL_HPIOB_M_I_O)
                                                      0.000     0.534 r  clk_IBUF_inst/IBUFCTRL_INST/O
                         net (fo=1, routed)           0.314     0.848    clk_IBUF
    BUFGCE_X0Y170        BUFGCE (Prop_BUFCE_BUFGCE_I_O)
                                                      0.028     0.876 r  clk_IBUF_BUFG_inst/O
    X3Y9 (CLOCK_ROOT)    net (fo=57618, routed)       2.298     3.174    softmax/buffer[1]/CLK
    SLR Crossing[1->2]   
    DSP48E2_X25Y251      DSP_OUTPUT                                   r  softmax/buffer[1]/DSP_OUTPUT_INST/CLK
                         clock pessimism             -0.394     2.780    
    DSP48E2_X25Y251      DSP_OUTPUT (Hold_DSP_OUTPUT_DSP48E2_CLK_ALU_OUT[26])
                                                      0.068     2.848    softmax/buffer[1]/DSP_OUTPUT_INST
  -------------------------------------------------------------------
                         required time                         -2.848    
                         arrival time                           2.898    
  -------------------------------------------------------------------
                         slack                                  0.050    





Pulse Width Checks
--------------------------------------------------------------------------------------
Clock Name:         ap_clk
Waveform(ns):       { 0.000 2.500 }
Period(ns):         5.000
Sources:            { clk }

Check Type        Corner  Lib Pin   Reference Pin  Required(ns)  Actual(ns)  Slack(ns)  Location        Pin
Min Period        n/a     BUFGCE/I  n/a            1.122         5.000       3.878      BUFGCE_X0Y170   clk_IBUF_BUFG_inst/I
Low Pulse Width   Slow    FDRE/C    n/a            0.275         2.500       2.225      SLICE_X36Y545   denselayer1/INPUT_SIZE_rows[4].OUTPUT_SIZE_cols[21].sa/data_out_reg[24]/C
High Pulse Width  Fast    FDRE/C    n/a            0.275         2.500       2.225      SLICE_X140Y520  denselayer1/INPUT_SIZE_rows[15].OUTPUT_SIZE_cols[41].sa/data_out_reg[14]/C



