Copyright 1986-2019 Xilinx, Inc. All Rights Reserved.
-----------------------------------------------------------------------------------------
| Tool Version      : Vivado v.2019.1 (lin64) Build 2552052 Fri May 24 14:47:09 MDT 2019
| Date              : Sun Nov  9 21:50:03 2025
| Host              : hvm1 running 64-bit Ubuntu 22.04.5 LTS
| Command           : report_timing_summary -file reports/22_8_SA3_6_timing.rpt
| Design            : waiz_benchmark
| Device            : xcvu13p-fhga2104
| Speed File        : -3  PRODUCTION 1.23 03-18-2019
| Temperature Grade : E
-----------------------------------------------------------------------------------------

Timing Summary Report

------------------------------------------------------------------------------------------------
| Timer Settings
| --------------
------------------------------------------------------------------------------------------------

  Enable Multi Corner Analysis               :  Yes
  Enable Pessimism Removal                   :  Yes
  Pessimism Removal Resolution               :  Nearest Common Node
  Enable Input Delay Default Clock           :  No
  Enable Preset / Clear Arcs                 :  No
  Disable Flight Delays                      :  No
  Ignore I/O Paths                           :  No
  Timing Early Launch at Borrowing Latches   :  No
  Borrow Time for Max Delay Exceptions       :  Yes

  Corner  Analyze    Analyze    
  Name    Max Paths  Min Paths  
  ------  ---------  ---------  
  Slow    Yes        Yes        
  Fast    Yes        Yes        



check_timing report

Table of Contents
-----------------
1. checking no_clock
2. checking constant_clock
3. checking pulse_width_clock
4. checking unconstrained_internal_endpoints
5. checking no_input_delay
6. checking no_output_delay
7. checking multiple_clock
8. checking generated_clocks
9. checking loops
10. checking partial_input_delay
11. checking partial_output_delay
12. checking latch_loops

1. checking no_clock
--------------------
 There are 0 register/latch pins with no clock.


2. checking constant_clock
--------------------------
 There are 0 register/latch pins with constant_clock.


3. checking pulse_width_clock
-----------------------------
 There are 0 register/latch pins which need pulse_width check


4. checking unconstrained_internal_endpoints
--------------------------------------------
 There are 0 pins that are not constrained for maximum delay.

 There are 0 pins that are not constrained for maximum delay due to constant clock.


5. checking no_input_delay
--------------------------
 There are 354 input ports with no input delay specified. (HIGH)

 There are 0 input ports with no input delay but user has a false path constraint.


6. checking no_output_delay
---------------------------
 There are 111 ports with no output delay specified. (HIGH)

 There are 0 ports with no output delay but user has a false path constraint

 There are 0 ports with no output delay but with a timing clock defined on it or propagating through it


7. checking multiple_clock
--------------------------
 There are 0 register/latch pins with multiple clocks.


8. checking generated_clocks
----------------------------
 There are 0 generated clocks that are not connected to a clock source.


9. checking loops
-----------------
 There are 0 combinational loops in the design.


10. checking partial_input_delay
--------------------------------
 There are 0 input ports with partial input delay specified.


11. checking partial_output_delay
---------------------------------
 There are 0 ports with partial output delay specified.


12. checking latch_loops
------------------------
 There are 0 combinational latch loops in the design through latch input



------------------------------------------------------------------------------------------------
| Design Timing Summary
| ---------------------
------------------------------------------------------------------------------------------------

    WNS(ns)      TNS(ns)  TNS Failing Endpoints  TNS Total Endpoints      WHS(ns)      THS(ns)  THS Failing Endpoints  THS Total Endpoints     WPWS(ns)     TPWS(ns)  TPWS Failing Endpoints  TPWS Total Endpoints  
    -------      -------  ---------------------  -------------------      -------      -------  ---------------------  -------------------     --------     --------  ----------------------  --------------------  
      1.034        0.000                      0               204551        0.022        0.000                      0               204551        2.225        0.000                       0                 67415  


All user specified timing constraints are met.


------------------------------------------------------------------------------------------------
| Clock Summary
| -------------
------------------------------------------------------------------------------------------------

Clock   Waveform(ns)         Period(ns)      Frequency(MHz)
-----   ------------         ----------      --------------
ap_clk  {0.000 2.500}        5.000           200.000         


------------------------------------------------------------------------------------------------
| Intra Clock Table
| -----------------
------------------------------------------------------------------------------------------------

Clock             WNS(ns)      TNS(ns)  TNS Failing Endpoints  TNS Total Endpoints      WHS(ns)      THS(ns)  THS Failing Endpoints  THS Total Endpoints     WPWS(ns)     TPWS(ns)  TPWS Failing Endpoints  TPWS Total Endpoints  
-----             -------      -------  ---------------------  -------------------      -------      -------  ---------------------  -------------------     --------     --------  ----------------------  --------------------  
ap_clk              1.034        0.000                      0               204551        0.022        0.000                      0               204551        2.225        0.000                       0                 67415  


------------------------------------------------------------------------------------------------
| Inter Clock Table
| -----------------
------------------------------------------------------------------------------------------------

From Clock    To Clock          WNS(ns)      TNS(ns)  TNS Failing Endpoints  TNS Total Endpoints      WHS(ns)      THS(ns)  THS Failing Endpoints  THS Total Endpoints  
----------    --------          -------      -------  ---------------------  -------------------      -------      -------  ---------------------  -------------------  


------------------------------------------------------------------------------------------------
| Other Path Groups Table
| -----------------------
------------------------------------------------------------------------------------------------

Path Group    From Clock    To Clock          WNS(ns)      TNS(ns)  TNS Failing Endpoints  TNS Total Endpoints      WHS(ns)      THS(ns)  THS Failing Endpoints  THS Total Endpoints  
----------    ----------    --------          -------      -------  ---------------------  -------------------      -------      -------  ---------------------  -------------------  


------------------------------------------------------------------------------------------------
| Timing Details
| --------------
------------------------------------------------------------------------------------------------


---------------------------------------------------------------------------------------------------
From Clock:  ap_clk
  To Clock:  ap_clk

Setup :            0  Failing Endpoints,  Worst Slack        1.034ns,  Total Violation        0.000ns
Hold  :            0  Failing Endpoints,  Worst Slack        0.022ns,  Total Violation        0.000ns
PW    :            0  Failing Endpoints,  Worst Slack        2.225ns,  Total Violation        0.000ns
---------------------------------------------------------------------------------------------------


Max Delay Paths
--------------------------------------------------------------------------------------
Slack (MET) :             1.034ns  (required time - arrival time)
  Source:                 denselayer1/output_data_reg[15][18]/C
                            (rising edge-triggered cell FDCE clocked by ap_clk  {rise@0.000ns fall@2.500ns period=5.000ns})
  Destination:            denselayer2/INPUT_SIZE_rows[15].OUTPUT_SIZE_cols[17].sa/mow/internal_operation/buff0_reg/DSP_A_B_DATA_INST/A[18]
                            (rising edge-triggered cell DSP_A_B_DATA clocked by ap_clk  {rise@0.000ns fall@2.500ns period=5.000ns})
  Path Group:             ap_clk
  Path Type:              Setup (Max at Slow Process Corner)
  Requirement:            5.000ns  (ap_clk rise@5.000ns - ap_clk rise@0.000ns)
  Data Path Delay:        3.716ns  (logic 0.131ns (3.525%)  route 3.585ns (96.475%))
  Logic Levels:           1  (LUT2=1)
  Clock Path Skew:        0.033ns (DCD - SCD + CPR)
    Destination Clock Delay (DCD):    2.628ns = ( 7.628 - 5.000 ) 
    Source Clock Delay      (SCD):    2.978ns
    Clock Pessimism Removal (CPR):    0.382ns
  Clock Uncertainty:      0.035ns  ((TSJ^2 + TIJ^2)^1/2 + DJ) / 2 + PE
    Total System Jitter     (TSJ):    0.071ns
    Total Input Jitter      (TIJ):    0.000ns
    Discrete Jitter          (DJ):    0.000ns
    Phase Error              (PE):    0.000ns
  Clock Net Delay (Source):      2.102ns (routing 1.055ns, distribution 1.047ns)
  Clock Net Delay (Destination): 1.995ns (routing 0.956ns, distribution 1.039ns)

    Location             Delay type                Incr(ns)  Path(ns)    Netlist Resource(s)
  -------------------------------------------------------------------    -------------------
                         (clock ap_clk rise edge)     0.000     0.000 r  
    AP13                                              0.000     0.000 r  clk (IN)
                         net (fo=0)                   0.000     0.000    clk_IBUF_inst/I
    AP13                 INBUF (Prop_INBUF_HPIOB_M_PAD_O)
                                                      0.534     0.534 r  clk_IBUF_inst/INBUF_INST/O
                         net (fo=1, routed)           0.000     0.534    clk_IBUF_inst/OUT
    AP13                 IBUFCTRL (Prop_IBUFCTRL_HPIOB_M_I_O)
                                                      0.000     0.534 r  clk_IBUF_inst/IBUFCTRL_INST/O
                         net (fo=1, routed)           0.314     0.848    clk_IBUF
    BUFGCE_X0Y170        BUFGCE (Prop_BUFCE_BUFGCE_I_O)
                                                      0.028     0.876 r  clk_IBUF_BUFG_inst/O
    X3Y5 (CLOCK_ROOT)    net (fo=78639, routed)       2.102     2.978    denselayer1/clk_IBUF_BUFG
    SLICE_X61Y412        FDCE                                         r  denselayer1/output_data_reg[15][18]/C
  -------------------------------------------------------------------    -------------------
    SLICE_X61Y412        FDCE (Prop_CFF_SLICEM_C_Q)
                                                      0.068     3.046 r  denselayer1/output_data_reg[15][18]/Q
                         net (fo=99, routed)          1.907     4.953    relulayer1/data_out_reg[35]_2[18]
    SLICE_X32Y416        LUT2 (Prop_C5LUT_SLICEL_I0_O)
                                                      0.063     5.016 r  relulayer1/buff0_reg_i_3__58/O
                         net (fo=37, routed)          1.678     6.694    denselayer2/INPUT_SIZE_rows[15].OUTPUT_SIZE_cols[17].sa/mow/internal_operation/buff0_reg/A[18]
    DSP48E2_X5Y145       DSP_A_B_DATA                                 r  denselayer2/INPUT_SIZE_rows[15].OUTPUT_SIZE_cols[17].sa/mow/internal_operation/buff0_reg/DSP_A_B_DATA_INST/A[18]
  -------------------------------------------------------------------    -------------------

                         (clock ap_clk rise edge)     5.000     5.000 r  
    AP13                                              0.000     5.000 r  clk (IN)
                         net (fo=0)                   0.000     5.000    clk_IBUF_inst/I
    AP13                 INBUF (Prop_INBUF_HPIOB_M_PAD_O)
                                                      0.330     5.330 r  clk_IBUF_inst/INBUF_INST/O
                         net (fo=1, routed)           0.000     5.330    clk_IBUF_inst/OUT
    AP13                 IBUFCTRL (Prop_IBUFCTRL_HPIOB_M_I_O)
                                                      0.000     5.330 r  clk_IBUF_inst/IBUFCTRL_INST/O
                         net (fo=1, routed)           0.279     5.609    clk_IBUF
    BUFGCE_X0Y170        BUFGCE (Prop_BUFCE_BUFGCE_I_O)
                                                      0.024     5.633 r  clk_IBUF_BUFG_inst/O
    X3Y5 (CLOCK_ROOT)    net (fo=78639, routed)       1.995     7.628    denselayer2/INPUT_SIZE_rows[15].OUTPUT_SIZE_cols[17].sa/mow/internal_operation/buff0_reg/CLK
    DSP48E2_X5Y145       DSP_A_B_DATA                                 r  denselayer2/INPUT_SIZE_rows[15].OUTPUT_SIZE_cols[17].sa/mow/internal_operation/buff0_reg/DSP_A_B_DATA_INST/CLK
                         clock pessimism              0.382     8.010    
                         clock uncertainty           -0.035     7.975    
    DSP48E2_X5Y145       DSP_A_B_DATA (Setup_DSP_A_B_DATA_DSP48E2_CLK_A[18])
                                                     -0.247     7.728    denselayer2/INPUT_SIZE_rows[15].OUTPUT_SIZE_cols[17].sa/mow/internal_operation/buff0_reg/DSP_A_B_DATA_INST
  -------------------------------------------------------------------
                         required time                          7.728    
                         arrival time                          -6.694    
  -------------------------------------------------------------------
                         slack                                  1.034    





Min Delay Paths
--------------------------------------------------------------------------------------
Slack (MET) :             0.022ns  (arrival time - required time)
  Source:                 denselayer2/sum_all/col_trees[30].column_tree/genblk2[2].genblk1[16].tree_reg[16][12]/C
                            (rising edge-triggered cell FDRE clocked by ap_clk  {rise@0.000ns fall@2.500ns period=5.000ns})
  Destination:            denselayer2/sum_all/col_trees[30].column_tree/genblk2[1].genblk1[4].tree_reg[4][12]/D
                            (rising edge-triggered cell FDRE clocked by ap_clk  {rise@0.000ns fall@2.500ns period=5.000ns})
  Path Group:             ap_clk
  Path Type:              Hold (Min at Fast Process Corner)
  Requirement:            0.000ns  (ap_clk rise@0.000ns - ap_clk rise@0.000ns)
  Data Path Delay:        0.183ns  (logic 0.078ns (42.623%)  route 0.105ns (57.377%))
  Logic Levels:           2  (CARRY8=1 LUT6=1)
  Clock Path Skew:        0.115ns (DCD - SCD - CPR)
    Destination Clock Delay (DCD):    2.127ns
    Source Clock Delay      (SCD):    1.713ns
    Clock Pessimism Removal (CPR):    0.299ns
  Clock Net Delay (Source):      1.318ns (routing 0.639ns, distribution 0.679ns)
  Clock Net Delay (Destination): 1.507ns (routing 0.713ns, distribution 0.794ns)

    Location             Delay type                Incr(ns)  Path(ns)    Netlist Resource(s)
  -------------------------------------------------------------------    -------------------
                         (clock ap_clk rise edge)     0.000     0.000 r  
    AP13                                              0.000     0.000 r  clk (IN)
                         net (fo=0)                   0.000     0.000    clk_IBUF_inst/I
    AP13                 INBUF (Prop_INBUF_HPIOB_M_PAD_O)
                                                      0.234     0.234 r  clk_IBUF_inst/INBUF_INST/O
                         net (fo=1, routed)           0.000     0.234    clk_IBUF_inst/OUT
    AP13                 IBUFCTRL (Prop_IBUFCTRL_HPIOB_M_I_O)
                                                      0.000     0.234 r  clk_IBUF_inst/IBUFCTRL_INST/O
                         net (fo=1, routed)           0.144     0.378    clk_IBUF
    BUFGCE_X0Y170        BUFGCE (Prop_BUFCE_BUFGCE_I_O)
                                                      0.017     0.395 r  clk_IBUF_BUFG_inst/O
    X3Y5 (CLOCK_ROOT)    net (fo=78639, routed)       1.318     1.713    denselayer2/sum_all/col_trees[30].column_tree/clk_IBUF_BUFG
    SLICE_X51Y359        FDRE                                         r  denselayer2/sum_all/col_trees[30].column_tree/genblk2[2].genblk1[16].tree_reg[16][12]/C
  -------------------------------------------------------------------    -------------------
    SLICE_X51Y359        FDRE (Prop_EFF_SLICEL_C_Q)
                                                      0.039     1.752 r  denselayer2/sum_all/col_trees[30].column_tree/genblk2[2].genblk1[16].tree_reg[16][12]/Q
                         net (fo=2, routed)           0.091     1.843    denselayer2/sum_all/col_trees[30].column_tree/genblk2[2].genblk1[16].tree_reg[16]_712[12]
    SLICE_X49Y363        LUT6 (Prop_E6LUT_SLICEL_I2_O)
                                                      0.022     1.865 r  denselayer2/sum_all/col_trees[30].column_tree/genblk2[1].genblk1[4].tree[4][15]_i_13__29/O
                         net (fo=1, routed)           0.007     1.872    denselayer2/sum_all/col_trees[30].column_tree/genblk2[1].genblk1[4].tree[4][15]_i_13__29_n_0
    SLICE_X49Y363        CARRY8 (Prop_CARRY8_SLICEL_S[4]_O[4])
                                                      0.017     1.889 r  denselayer2/sum_all/col_trees[30].column_tree/genblk2[1].genblk1[4].tree_reg[4][15]_i_1__29/O[4]
                         net (fo=1, routed)           0.007     1.896    denselayer2/sum_all/col_trees[30].column_tree/p_19_out[12]
    SLICE_X49Y363        FDRE                                         r  denselayer2/sum_all/col_trees[30].column_tree/genblk2[1].genblk1[4].tree_reg[4][12]/D
  -------------------------------------------------------------------    -------------------

                         (clock ap_clk rise edge)     0.000     0.000 r  
    AP13                                              0.000     0.000 r  clk (IN)
                         net (fo=0)                   0.000     0.000    clk_IBUF_inst/I
    AP13                 INBUF (Prop_INBUF_HPIOB_M_PAD_O)
                                                      0.420     0.420 r  clk_IBUF_inst/INBUF_INST/O
                         net (fo=1, routed)           0.000     0.420    clk_IBUF_inst/OUT
    AP13                 IBUFCTRL (Prop_IBUFCTRL_HPIOB_M_I_O)
                                                      0.000     0.420 r  clk_IBUF_inst/IBUFCTRL_INST/O
                         net (fo=1, routed)           0.181     0.601    clk_IBUF
    BUFGCE_X0Y170        BUFGCE (Prop_BUFCE_BUFGCE_I_O)
                                                      0.019     0.620 r  clk_IBUF_BUFG_inst/O
    X3Y5 (CLOCK_ROOT)    net (fo=78639, routed)       1.507     2.127    denselayer2/sum_all/col_trees[30].column_tree/clk_IBUF_BUFG
    SLICE_X49Y363        FDRE                                         r  denselayer2/sum_all/col_trees[30].column_tree/genblk2[1].genblk1[4].tree_reg[4][12]/C
                         clock pessimism             -0.299     1.828    
    SLICE_X49Y363        FDRE (Hold_EFF_SLICEL_C_D)
                                                      0.046     1.874    denselayer2/sum_all/col_trees[30].column_tree/genblk2[1].genblk1[4].tree_reg[4][12]
  -------------------------------------------------------------------
                         required time                         -1.874    
                         arrival time                           1.896    
  -------------------------------------------------------------------
                         slack                                  0.022    





Pulse Width Checks
--------------------------------------------------------------------------------------
Clock Name:         ap_clk
Waveform(ns):       { 0.000 2.500 }
Period(ns):         5.000
Sources:            { clk }

Check Type        Corner  Lib Pin   Reference Pin  Required(ns)  Actual(ns)  Slack(ns)  Location       Pin
Min Period        n/a     BUFGCE/I  n/a            1.122         5.000       3.878      BUFGCE_X0Y170  clk_IBUF_BUFG_inst/I
Low Pulse Width   Slow    FDRE/C    n/a            0.275         2.500       2.225      SLICE_X40Y350  denselayer2/INPUT_SIZE_rows[51].OUTPUT_SIZE_cols[10].sa/data_out_reg[26]/C
High Pulse Width  Slow    FDRE/C    n/a            0.275         2.500       2.225      SLICE_X40Y349  denselayer2/INPUT_SIZE_rows[51].OUTPUT_SIZE_cols[10].sa/data_out_reg[18]/C



