Copyright 1986-2019 Xilinx, Inc. All Rights Reserved.
-----------------------------------------------------------------------------------------
| Tool Version      : Vivado v.2019.1 (lin64) Build 2552052 Fri May 24 14:47:09 MDT 2019
| Date              : Thu Nov  6 01:38:13 2025
| Host              : hvm1 running 64-bit Ubuntu 22.04.5 LTS
| Command           : report_timing_summary -file reports/22_8_SA6_timing.rpt
| Design            : waiz_benchmark
| Device            : xcvu13p-fhga2104
| Speed File        : -3  PRODUCTION 1.23 03-18-2019
| Temperature Grade : E
-----------------------------------------------------------------------------------------

Timing Summary Report

------------------------------------------------------------------------------------------------
| Timer Settings
| --------------
------------------------------------------------------------------------------------------------

  Enable Multi Corner Analysis               :  Yes
  Enable Pessimism Removal                   :  Yes
  Pessimism Removal Resolution               :  Nearest Common Node
  Enable Input Delay Default Clock           :  No
  Enable Preset / Clear Arcs                 :  No
  Disable Flight Delays                      :  No
  Ignore I/O Paths                           :  No
  Timing Early Launch at Borrowing Latches   :  No
  Borrow Time for Max Delay Exceptions       :  Yes

  Corner  Analyze    Analyze    
  Name    Max Paths  Min Paths  
  ------  ---------  ---------  
  Slow    Yes        Yes        
  Fast    Yes        Yes        



check_timing report

Table of Contents
-----------------
1. checking no_clock
2. checking constant_clock
3. checking pulse_width_clock
4. checking unconstrained_internal_endpoints
5. checking no_input_delay
6. checking no_output_delay
7. checking multiple_clock
8. checking generated_clocks
9. checking loops
10. checking partial_input_delay
11. checking partial_output_delay
12. checking latch_loops

1. checking no_clock
--------------------
 There are 0 register/latch pins with no clock.


2. checking constant_clock
--------------------------
 There are 0 register/latch pins with constant_clock.


3. checking pulse_width_clock
-----------------------------
 There are 0 register/latch pins which need pulse_width check


4. checking unconstrained_internal_endpoints
--------------------------------------------
 There are 0 pins that are not constrained for maximum delay.

 There are 0 pins that are not constrained for maximum delay due to constant clock.


5. checking no_input_delay
--------------------------
 There are 354 input ports with no input delay specified. (HIGH)

 There are 0 input ports with no input delay but user has a false path constraint.


6. checking no_output_delay
---------------------------
 There are 111 ports with no output delay specified. (HIGH)

 There are 0 ports with no output delay but user has a false path constraint

 There are 0 ports with no output delay but with a timing clock defined on it or propagating through it


7. checking multiple_clock
--------------------------
 There are 0 register/latch pins with multiple clocks.


8. checking generated_clocks
----------------------------
 There are 0 generated clocks that are not connected to a clock source.


9. checking loops
-----------------
 There are 0 combinational loops in the design.


10. checking partial_input_delay
--------------------------------
 There are 0 input ports with partial input delay specified.


11. checking partial_output_delay
---------------------------------
 There are 0 ports with partial output delay specified.


12. checking latch_loops
------------------------
 There are 0 combinational latch loops in the design through latch input



------------------------------------------------------------------------------------------------
| Design Timing Summary
| ---------------------
------------------------------------------------------------------------------------------------

    WNS(ns)      TNS(ns)  TNS Failing Endpoints  TNS Total Endpoints      WHS(ns)      THS(ns)  THS Failing Endpoints  THS Total Endpoints     WPWS(ns)     TPWS(ns)  TPWS Failing Endpoints  TPWS Total Endpoints  
    -------      -------  ---------------------  -------------------      -------      -------  ---------------------  -------------------     --------     --------  ----------------------  --------------------  
      0.170        0.000                      0               104855        0.016        0.000                      0               104855        2.225        0.000                       0                109351  


All user specified timing constraints are met.


------------------------------------------------------------------------------------------------
| Clock Summary
| -------------
------------------------------------------------------------------------------------------------

Clock   Waveform(ns)         Period(ns)      Frequency(MHz)
-----   ------------         ----------      --------------
ap_clk  {0.000 2.500}        5.000           200.000         


------------------------------------------------------------------------------------------------
| Intra Clock Table
| -----------------
------------------------------------------------------------------------------------------------

Clock             WNS(ns)      TNS(ns)  TNS Failing Endpoints  TNS Total Endpoints      WHS(ns)      THS(ns)  THS Failing Endpoints  THS Total Endpoints     WPWS(ns)     TPWS(ns)  TPWS Failing Endpoints  TPWS Total Endpoints  
-----             -------      -------  ---------------------  -------------------      -------      -------  ---------------------  -------------------     --------     --------  ----------------------  --------------------  
ap_clk              0.170        0.000                      0               104855        0.016        0.000                      0               104855        2.225        0.000                       0                109351  


------------------------------------------------------------------------------------------------
| Inter Clock Table
| -----------------
------------------------------------------------------------------------------------------------

From Clock    To Clock          WNS(ns)      TNS(ns)  TNS Failing Endpoints  TNS Total Endpoints      WHS(ns)      THS(ns)  THS Failing Endpoints  THS Total Endpoints  
----------    --------          -------      -------  ---------------------  -------------------      -------      -------  ---------------------  -------------------  


------------------------------------------------------------------------------------------------
| Other Path Groups Table
| -----------------------
------------------------------------------------------------------------------------------------

Path Group    From Clock    To Clock          WNS(ns)      TNS(ns)  TNS Failing Endpoints  TNS Total Endpoints      WHS(ns)      THS(ns)  THS Failing Endpoints  THS Total Endpoints  
----------    ----------    --------          -------      -------  ---------------------  -------------------      -------      -------  ---------------------  -------------------  


------------------------------------------------------------------------------------------------
| Timing Details
| --------------
------------------------------------------------------------------------------------------------


---------------------------------------------------------------------------------------------------
From Clock:  ap_clk
  To Clock:  ap_clk

Setup :            0  Failing Endpoints,  Worst Slack        0.170ns,  Total Violation        0.000ns
Hold  :            0  Failing Endpoints,  Worst Slack        0.016ns,  Total Violation        0.000ns
PW    :            0  Failing Endpoints,  Worst Slack        2.225ns,  Total Violation        0.000ns
---------------------------------------------------------------------------------------------------


Max Delay Paths
--------------------------------------------------------------------------------------
Slack (MET) :             0.170ns  (required time - arrival time)
  Source:                 denselayer1/FSM_onehot_state_reg[2]_replica_1/C
                            (rising edge-triggered cell FDCE clocked by ap_clk  {rise@0.000ns fall@2.500ns period=5.000ns})
  Destination:            denselayer1/output_data_reg[53][21]_rep__0/CE
                            (rising edge-triggered cell FDCE clocked by ap_clk  {rise@0.000ns fall@2.500ns period=5.000ns})
  Path Group:             ap_clk
  Path Type:              Setup (Max at Slow Process Corner)
  Requirement:            5.000ns  (ap_clk rise@5.000ns - ap_clk rise@0.000ns)
  Data Path Delay:        4.232ns  (logic 0.066ns (1.560%)  route 4.166ns (98.440%))
  Logic Levels:           0  
  Clock Path Skew:        -0.519ns (DCD - SCD + CPR)
    Destination Clock Delay (DCD):    3.120ns = ( 8.120 - 5.000 ) 
    Source Clock Delay      (SCD):    4.029ns
    Clock Pessimism Removal (CPR):    0.390ns
  Clock Uncertainty:      0.035ns  ((TSJ^2 + TIJ^2)^1/2 + DJ) / 2 + PE
    Total System Jitter     (TSJ):    0.071ns
    Total Input Jitter      (TIJ):    0.000ns
    Discrete Jitter          (DJ):    0.000ns
    Phase Error              (PE):    0.000ns
  Clock Net Delay (Source):      3.153ns (routing 1.456ns, distribution 1.697ns)
  Clock Net Delay (Destination): 2.487ns (routing 1.319ns, distribution 1.168ns)

    Location             Delay type                Incr(ns)  Path(ns)    Netlist Resource(s)
  -------------------------------------------------------------------    -------------------
                         (clock ap_clk rise edge)     0.000     0.000 r  
    AP13                                              0.000     0.000 r  clk (IN)
                         net (fo=0)                   0.000     0.000    clk_IBUF_inst/I
    AP13                 INBUF (Prop_INBUF_HPIOB_M_PAD_O)
                                                      0.534     0.534 r  clk_IBUF_inst/INBUF_INST/O
                         net (fo=1, routed)           0.000     0.534    clk_IBUF_inst/OUT
    AP13                 IBUFCTRL (Prop_IBUFCTRL_HPIOB_M_I_O)
                                                      0.000     0.534 r  clk_IBUF_inst/IBUFCTRL_INST/O
                         net (fo=1, routed)           0.314     0.848    clk_IBUF
    BUFGCE_X0Y170        BUFGCE (Prop_BUFCE_BUFGCE_I_O)
                                                      0.028     0.876 r  clk_IBUF_BUFG_inst/O
    X3Y3 (CLOCK_ROOT)    net (fo=110160, routed)      3.153     4.029    denselayer1/clk_IBUF_BUFG
    SLICE_X201Y259       FDCE                                         r  denselayer1/FSM_onehot_state_reg[2]_replica_1/C
  -------------------------------------------------------------------    -------------------
    SLICE_X201Y259       FDCE (Prop_EFF_SLICEM_C_Q)
                                                      0.066     4.095 r  denselayer1/FSM_onehot_state_reg[2]_replica_1/Q
                         net (fo=228, routed)         4.166     8.261    denselayer1/output_data_repN_1
    SLICE_X102Y418       FDCE                                         r  denselayer1/output_data_reg[53][21]_rep__0/CE
  -------------------------------------------------------------------    -------------------

                         (clock ap_clk rise edge)     5.000     5.000 r  
    AP13                                              0.000     5.000 r  clk (IN)
                         net (fo=0)                   0.000     5.000    clk_IBUF_inst/I
    AP13                 INBUF (Prop_INBUF_HPIOB_M_PAD_O)
                                                      0.330     5.330 r  clk_IBUF_inst/INBUF_INST/O
                         net (fo=1, routed)           0.000     5.330    clk_IBUF_inst/OUT
    AP13                 IBUFCTRL (Prop_IBUFCTRL_HPIOB_M_I_O)
                                                      0.000     5.330 r  clk_IBUF_inst/IBUFCTRL_INST/O
                         net (fo=1, routed)           0.279     5.609    clk_IBUF
    BUFGCE_X0Y170        BUFGCE (Prop_BUFCE_BUFGCE_I_O)
                                                      0.024     5.633 r  clk_IBUF_BUFG_inst/O
    X3Y3 (CLOCK_ROOT)    net (fo=110160, routed)      2.487     8.120    denselayer1/clk_IBUF_BUFG
    SLICE_X102Y418       FDCE                                         r  denselayer1/output_data_reg[53][21]_rep__0/C
                         clock pessimism              0.390     8.510    
                         clock uncertainty           -0.035     8.474    
    SLICE_X102Y418       FDCE (Setup_EFF_SLICEM_C_CE)
                                                     -0.044     8.430    denselayer1/output_data_reg[53][21]_rep__0
  -------------------------------------------------------------------
                         required time                          8.430    
                         arrival time                          -8.261    
  -------------------------------------------------------------------
                         slack                                  0.170    





Min Delay Paths
--------------------------------------------------------------------------------------
Slack (MET) :             0.016ns  (arrival time - required time)
  Source:                 denselayer2/INPUT_SIZE_rows[7].OUTPUT_SIZE_cols[21].sa/data_out_reg[21]/C
                            (rising edge-triggered cell FDRE clocked by ap_clk  {rise@0.000ns fall@2.500ns period=5.000ns})
  Destination:            denselayer2/sum_all/col_trees[21].column_tree/genblk2[2].genblk1[17].tree_reg[17][8]/D
                            (rising edge-triggered cell FDRE clocked by ap_clk  {rise@0.000ns fall@2.500ns period=5.000ns})
  Path Group:             ap_clk
  Path Type:              Hold (Min at Fast Process Corner)
  Requirement:            0.000ns  (ap_clk rise@0.000ns - ap_clk rise@0.000ns)
  Data Path Delay:        0.179ns  (logic 0.079ns (44.134%)  route 0.100ns (55.866%))
  Logic Levels:           2  (CARRY8=1 LUT6=1)
  Clock Path Skew:        0.117ns (DCD - SCD - CPR)
    Destination Clock Delay (DCD):    2.625ns
    Source Clock Delay      (SCD):    2.159ns
    Clock Pessimism Removal (CPR):    0.349ns
  Clock Net Delay (Source):      1.764ns (routing 0.887ns, distribution 0.877ns)
  Clock Net Delay (Destination): 2.005ns (routing 0.992ns, distribution 1.013ns)

    Location             Delay type                Incr(ns)  Path(ns)    Netlist Resource(s)
  -------------------------------------------------------------------    -------------------
                         (clock ap_clk rise edge)     0.000     0.000 r  
    AP13                                              0.000     0.000 r  clk (IN)
                         net (fo=0)                   0.000     0.000    clk_IBUF_inst/I
    AP13                 INBUF (Prop_INBUF_HPIOB_M_PAD_O)
                                                      0.234     0.234 r  clk_IBUF_inst/INBUF_INST/O
                         net (fo=1, routed)           0.000     0.234    clk_IBUF_inst/OUT
    AP13                 IBUFCTRL (Prop_IBUFCTRL_HPIOB_M_I_O)
                                                      0.000     0.234 r  clk_IBUF_inst/IBUFCTRL_INST/O
                         net (fo=1, routed)           0.144     0.378    clk_IBUF
    BUFGCE_X0Y170        BUFGCE (Prop_BUFCE_BUFGCE_I_O)
                                                      0.017     0.395 r  clk_IBUF_BUFG_inst/O
    X3Y3 (CLOCK_ROOT)    net (fo=110160, routed)      1.764     2.159    denselayer2/INPUT_SIZE_rows[7].OUTPUT_SIZE_cols[21].sa/clk_IBUF_BUFG
    SLICE_X64Y358        FDRE                                         r  denselayer2/INPUT_SIZE_rows[7].OUTPUT_SIZE_cols[21].sa/data_out_reg[21]/C
  -------------------------------------------------------------------    -------------------
    SLICE_X64Y358        FDRE (Prop_CFF_SLICEL_C_Q)
                                                      0.039     2.198 r  denselayer2/INPUT_SIZE_rows[7].OUTPUT_SIZE_cols[21].sa/data_out_reg[21]/Q
                         net (fo=4, routed)           0.085     2.283    denselayer2/INPUT_SIZE_rows[6].OUTPUT_SIZE_cols[21].sa/genblk2[2].genblk1[17].tree_reg[17][21]_1[7]
    SLICE_X62Y360        LUT6 (Prop_A6LUT_SLICEL_I5_O)
                                                      0.022     2.305 r  denselayer2/INPUT_SIZE_rows[6].OUTPUT_SIZE_cols[21].sa/genblk2[2].genblk1[17].tree[17][15]_i_17__19/O
                         net (fo=1, routed)           0.008     2.313    denselayer2/INPUT_SIZE_rows[6].OUTPUT_SIZE_cols[21].sa/genblk2[2].genblk1[17].tree[17][15]_i_17__19_n_0
    SLICE_X62Y360        CARRY8 (Prop_CARRY8_SLICEL_S[0]_O[0])
                                                      0.018     2.331 r  denselayer2/INPUT_SIZE_rows[6].OUTPUT_SIZE_cols[21].sa/genblk2[2].genblk1[17].tree_reg[17][15]_i_1__20/O[0]
                         net (fo=1, routed)           0.007     2.338    denselayer2/sum_all/col_trees[21].column_tree/genblk2[2].genblk1[17].tree_reg[17][21]_0[8]
    SLICE_X62Y360        FDRE                                         r  denselayer2/sum_all/col_trees[21].column_tree/genblk2[2].genblk1[17].tree_reg[17][8]/D
  -------------------------------------------------------------------    -------------------

                         (clock ap_clk rise edge)     0.000     0.000 r  
    AP13                                              0.000     0.000 r  clk (IN)
                         net (fo=0)                   0.000     0.000    clk_IBUF_inst/I
    AP13                 INBUF (Prop_INBUF_HPIOB_M_PAD_O)
                                                      0.420     0.420 r  clk_IBUF_inst/INBUF_INST/O
                         net (fo=1, routed)           0.000     0.420    clk_IBUF_inst/OUT
    AP13                 IBUFCTRL (Prop_IBUFCTRL_HPIOB_M_I_O)
                                                      0.000     0.420 r  clk_IBUF_inst/IBUFCTRL_INST/O
                         net (fo=1, routed)           0.181     0.601    clk_IBUF
    BUFGCE_X0Y170        BUFGCE (Prop_BUFCE_BUFGCE_I_O)
                                                      0.019     0.620 r  clk_IBUF_BUFG_inst/O
    X3Y3 (CLOCK_ROOT)    net (fo=110160, routed)      2.005     2.625    denselayer2/sum_all/col_trees[21].column_tree/clk_IBUF_BUFG
    SLICE_X62Y360        FDRE                                         r  denselayer2/sum_all/col_trees[21].column_tree/genblk2[2].genblk1[17].tree_reg[17][8]/C
                         clock pessimism             -0.349     2.276    
    SLICE_X62Y360        FDRE (Hold_AFF_SLICEL_C_D)
                                                      0.046     2.322    denselayer2/sum_all/col_trees[21].column_tree/genblk2[2].genblk1[17].tree_reg[17][8]
  -------------------------------------------------------------------
                         required time                         -2.322    
                         arrival time                           2.338    
  -------------------------------------------------------------------
                         slack                                  0.016    





Pulse Width Checks
--------------------------------------------------------------------------------------
Clock Name:         ap_clk
Waveform(ns):       { 0.000 2.500 }
Period(ns):         5.000
Sources:            { clk }

Check Type        Corner  Lib Pin   Reference Pin  Required(ns)  Actual(ns)  Slack(ns)  Location        Pin
Min Period        n/a     BUFGCE/I  n/a            1.122         5.000       3.878      BUFGCE_X0Y170   clk_IBUF_BUFG_inst/I
Low Pulse Width   Slow    FDRE/C    n/a            0.275         2.500       2.225      SLICE_X120Y329  denselayer1/INPUT_SIZE_rows[12].OUTPUT_SIZE_cols[25].sa/data_out_reg[20]/C
High Pulse Width  Fast    FDRE/C    n/a            0.275         2.500       2.225      SLICE_X120Y329  denselayer1/INPUT_SIZE_rows[12].OUTPUT_SIZE_cols[25].sa/data_out_reg[20]/C



