Copyright 1986-2019 Xilinx, Inc. All Rights Reserved.
---------------------------------------------------------------------------------------------------------------------
| Tool Version : Vivado v.2019.1 (lin64) Build 2552052 Fri May 24 14:47:09 MDT 2019
| Date         : Mon Dec 22 22:56:44 2025
| Host         : hvm1 running 64-bit Ubuntu 22.04.5 LTS
| Command      : report_utilization -hierarchical -hierarchical_depth 1 -file ../reports/22_8_expPipeNegmax_hier.rpt
| Design       : waiz_benchmark
| Device       : xcvu13pfhga2104-3
| Design State : Routed
---------------------------------------------------------------------------------------------------------------------

Utilization Design Information

Table of Contents
-----------------
1. Utilization by Hierarchy

1. Utilization by Hierarchy
---------------------------

+--------------------+---------------------------------------+------------+------------+---------+------+-------+--------+--------+------+--------------+
|      Instance      |                 Module                | Total LUTs | Logic LUTs | LUTRAMs | SRLs |  FFs  | RAMB36 | RAMB18 | URAM | DSP48 Blocks |
+--------------------+---------------------------------------+------------+------------+---------+------+-------+--------+--------+------+--------------+
| waiz_benchmark     |                                 (top) |     190040 |     190039 |       0 |    1 | 50309 |      0 |      3 |    0 |         1411 |
|   (waiz_benchmark) |                                 (top) |      12729 |      12729 |       0 |    0 |     0 |      0 |      3 |    0 |            0 |
|   denselayer1      |                            denseLayer |     100116 |     100116 |       0 |    0 | 11805 |      0 |      0 |    0 |          412 |
|   denselayer2      |            denseLayer__parameterized0 |      29402 |      29402 |       0 |    0 | 26108 |      0 |      0 |    0 |          482 |
|   denselayer3      |            denseLayer__parameterized1 |      12467 |      12467 |       0 |    0 | 10496 |      0 |      0 |    0 |          444 |
|   denselayer4      |            denseLayer__parameterized2 |       2004 |       2004 |       0 |    0 |  1813 |      0 |      0 |    0 |           68 |
|   relulayer1       |                   reluActivationLayer |      11039 |      11039 |       0 |    0 |     0 |      0 |      0 |    0 |            0 |
|   relulayer2       |   reluActivationLayer__parameterized0 |      25750 |      25750 |       0 |    0 |     0 |      0 |      0 |    0 |            0 |
|   relulayer3       | reluActivationLayer__parameterized0_0 |       5121 |       5121 |       0 |    0 |     0 |      0 |      0 |    0 |            0 |
|   softmax          |                       softmaxLayerNeg |        433 |        432 |       0 |    1 |    87 |      0 |      0 |    0 |            5 |
+--------------------+---------------------------------------+------------+------------+---------+------+-------+--------+--------+------+--------------+
* Note: The sum of lower-level cells may be larger than their parent cells total, due to cross-hierarchy LUT combining


