Copyright 1986-2019 Xilinx, Inc. All Rights Reserved.
-------------------------------------------------------------------------------------------
| Tool Version      : Vivado v.2019.1 (lin64) Build 2552052 Fri May 24 14:47:09 MDT 2019
| Date              : Mon Dec 22 22:58:13 2025
| Host              : hvm1 running 64-bit Ubuntu 22.04.5 LTS
| Command           : report_timing_summary -file ../reports/22_8_expPipeNegmax_timing.rpt
| Design            : waiz_benchmark
| Device            : xcvu13p-fhga2104
| Speed File        : -3  PRODUCTION 1.23 03-18-2019
| Temperature Grade : E
-------------------------------------------------------------------------------------------

Timing Summary Report

------------------------------------------------------------------------------------------------
| Timer Settings
| --------------
------------------------------------------------------------------------------------------------

  Enable Multi Corner Analysis               :  Yes
  Enable Pessimism Removal                   :  Yes
  Pessimism Removal Resolution               :  Nearest Common Node
  Enable Input Delay Default Clock           :  No
  Enable Preset / Clear Arcs                 :  No
  Disable Flight Delays                      :  No
  Ignore I/O Paths                           :  No
  Timing Early Launch at Borrowing Latches   :  No
  Borrow Time for Max Delay Exceptions       :  Yes

  Corner  Analyze    Analyze    
  Name    Max Paths  Min Paths  
  ------  ---------  ---------  
  Slow    Yes        Yes        
  Fast    Yes        Yes        



check_timing report

Table of Contents
-----------------
1. checking no_clock
2. checking constant_clock
3. checking pulse_width_clock
4. checking unconstrained_internal_endpoints
5. checking no_input_delay
6. checking no_output_delay
7. checking multiple_clock
8. checking generated_clocks
9. checking loops
10. checking partial_input_delay
11. checking partial_output_delay
12. checking latch_loops

1. checking no_clock
--------------------
 There are 0 register/latch pins with no clock.


2. checking constant_clock
--------------------------
 There are 0 register/latch pins with constant_clock.


3. checking pulse_width_clock
-----------------------------
 There are 0 register/latch pins which need pulse_width check


4. checking unconstrained_internal_endpoints
--------------------------------------------
 There are 0 pins that are not constrained for maximum delay.

 There are 0 pins that are not constrained for maximum delay due to constant clock.


5. checking no_input_delay
--------------------------
 There are 354 input ports with no input delay specified. (HIGH)

 There are 0 input ports with no input delay but user has a false path constraint.


6. checking no_output_delay
---------------------------
 There are 81 ports with no output delay specified. (HIGH)

 There are 0 ports with no output delay but user has a false path constraint

 There are 0 ports with no output delay but with a timing clock defined on it or propagating through it


7. checking multiple_clock
--------------------------
 There are 0 register/latch pins with multiple clocks.


8. checking generated_clocks
----------------------------
 There are 0 generated clocks that are not connected to a clock source.


9. checking loops
-----------------
 There are 0 combinational loops in the design.


10. checking partial_input_delay
--------------------------------
 There are 0 input ports with partial input delay specified.


11. checking partial_output_delay
---------------------------------
 There are 0 ports with partial output delay specified.


12. checking latch_loops
------------------------
 There are 0 combinational latch loops in the design through latch input



------------------------------------------------------------------------------------------------
| Design Timing Summary
| ---------------------
------------------------------------------------------------------------------------------------

    WNS(ns)      TNS(ns)  TNS Failing Endpoints  TNS Total Endpoints      WHS(ns)      THS(ns)  THS Failing Endpoints  THS Total Endpoints     WPWS(ns)     TPWS(ns)  TPWS Failing Endpoints  TPWS Total Endpoints  
    -------      -------  ---------------------  -------------------      -------      -------  ---------------------  -------------------     --------     --------  ----------------------  --------------------  
     -0.029       -0.136                     11                85745        0.055        0.000                      0                85745        2.005        0.000                       0                 51561  


Timing constraints are not met.


------------------------------------------------------------------------------------------------
| Clock Summary
| -------------
------------------------------------------------------------------------------------------------

Clock   Waveform(ns)         Period(ns)      Frequency(MHz)
-----   ------------         ----------      --------------
ap_clk  {0.000 2.500}        5.000           200.000         


------------------------------------------------------------------------------------------------
| Intra Clock Table
| -----------------
------------------------------------------------------------------------------------------------

Clock             WNS(ns)      TNS(ns)  TNS Failing Endpoints  TNS Total Endpoints      WHS(ns)      THS(ns)  THS Failing Endpoints  THS Total Endpoints     WPWS(ns)     TPWS(ns)  TPWS Failing Endpoints  TPWS Total Endpoints  
-----             -------      -------  ---------------------  -------------------      -------      -------  ---------------------  -------------------     --------     --------  ----------------------  --------------------  
ap_clk             -0.029       -0.136                     11                85745        0.055        0.000                      0                85745        2.005        0.000                       0                 51561  


------------------------------------------------------------------------------------------------
| Inter Clock Table
| -----------------
------------------------------------------------------------------------------------------------

From Clock    To Clock          WNS(ns)      TNS(ns)  TNS Failing Endpoints  TNS Total Endpoints      WHS(ns)      THS(ns)  THS Failing Endpoints  THS Total Endpoints  
----------    --------          -------      -------  ---------------------  -------------------      -------      -------  ---------------------  -------------------  


------------------------------------------------------------------------------------------------
| Other Path Groups Table
| -----------------------
------------------------------------------------------------------------------------------------

Path Group    From Clock    To Clock          WNS(ns)      TNS(ns)  TNS Failing Endpoints  TNS Total Endpoints      WHS(ns)      THS(ns)  THS Failing Endpoints  THS Total Endpoints  
----------    ----------    --------          -------      -------  ---------------------  -------------------      -------      -------  ---------------------  -------------------  


------------------------------------------------------------------------------------------------
| Timing Details
| --------------
------------------------------------------------------------------------------------------------


---------------------------------------------------------------------------------------------------
From Clock:  ap_clk
  To Clock:  ap_clk

Setup :           11  Failing Endpoints,  Worst Slack       -0.029ns,  Total Violation       -0.136ns
Hold  :            0  Failing Endpoints,  Worst Slack        0.055ns,  Total Violation        0.000ns
PW    :            0  Failing Endpoints,  Worst Slack        2.005ns,  Total Violation        0.000ns
---------------------------------------------------------------------------------------------------


Max Delay Paths
--------------------------------------------------------------------------------------
Slack (VIOLATED) :        -0.029ns  (required time - arrival time)
  Source:                 denselayer2/INPUT_SIZE_rows[48].OUTPUT_SIZE_cols[21].sa/data_out_reg[15]/C
                            (rising edge-triggered cell FDRE clocked by ap_clk  {rise@0.000ns fall@2.500ns period=5.000ns})
  Destination:            denselayer2/sum_all/col_trees[21].column_tree/genblk2[0].genblk1[1].tree_reg[1][21]/D
                            (rising edge-triggered cell FDRE clocked by ap_clk  {rise@0.000ns fall@2.500ns period=5.000ns})
  Path Group:             ap_clk
  Path Type:              Setup (Max at Slow Process Corner)
  Requirement:            5.000ns  (ap_clk rise@5.000ns - ap_clk rise@0.000ns)
  Data Path Delay:        4.768ns  (logic 1.089ns (22.840%)  route 3.679ns (77.160%))
  Logic Levels:           12  (CARRY8=6 LUT2=1 LUT3=4 LUT5=1)
  Clock Path Skew:        -0.249ns (DCD - SCD + CPR)
    Destination Clock Delay (DCD):    2.409ns = ( 7.409 - 5.000 ) 
    Source Clock Delay      (SCD):    3.000ns
    Clock Pessimism Removal (CPR):    0.342ns
  Clock Uncertainty:      0.035ns  ((TSJ^2 + TIJ^2)^1/2 + DJ) / 2 + PE
    Total System Jitter     (TSJ):    0.071ns
    Total Input Jitter      (TIJ):    0.000ns
    Discrete Jitter          (DJ):    0.000ns
    Phase Error              (PE):    0.000ns
  Clock Net Delay (Source):      2.124ns (routing 1.055ns, distribution 1.069ns)
  Clock Net Delay (Destination): 1.776ns (routing 0.956ns, distribution 0.820ns)

    Location             Delay type                Incr(ns)  Path(ns)    Netlist Resource(s)
  -------------------------------------------------------------------    -------------------
                         (clock ap_clk rise edge)     0.000     0.000 r  
    AP13                                              0.000     0.000 r  clk (IN)
                         net (fo=0)                   0.000     0.000    clk_IBUF_inst/I
    AP13                 INBUF (Prop_INBUF_HPIOB_M_PAD_O)
                                                      0.534     0.534 r  clk_IBUF_inst/INBUF_INST/O
                         net (fo=1, routed)           0.000     0.534    clk_IBUF_inst/OUT
    AP13                 IBUFCTRL (Prop_IBUFCTRL_HPIOB_M_I_O)
                                                      0.000     0.534 r  clk_IBUF_inst/IBUFCTRL_INST/O
                         net (fo=1, routed)           0.314     0.848    clk_IBUF
    BUFGCE_X0Y170        BUFGCE (Prop_BUFCE_BUFGCE_I_O)
                                                      0.028     0.876 r  clk_IBUF_BUFG_inst/O
    X3Y5 (CLOCK_ROOT)    net (fo=58781, routed)       2.124     3.000    denselayer2/INPUT_SIZE_rows[48].OUTPUT_SIZE_cols[21].sa/CLK
    SLICE_X127Y283       FDRE                                         r  denselayer2/INPUT_SIZE_rows[48].OUTPUT_SIZE_cols[21].sa/data_out_reg[15]/C
  -------------------------------------------------------------------    -------------------
    SLICE_X127Y283       FDRE (Prop_EFF_SLICEL_C_Q)
                                                      0.070     3.070 r  denselayer2/INPUT_SIZE_rows[48].OUTPUT_SIZE_cols[21].sa/data_out_reg[15]/Q
                         net (fo=2, routed)           0.315     3.385    denselayer2/INPUT_SIZE_rows[32].OUTPUT_SIZE_cols[21].sa/genblk2[0].genblk1[1].tree_reg[1][21]_i_622__9_0[1]
    SLICE_X126Y283       LUT2 (Prop_G6LUT_SLICEM_I1_O)
                                                      0.047     3.432 r  denselayer2/INPUT_SIZE_rows[32].OUTPUT_SIZE_cols[21].sa/genblk2[0].genblk1[1].tree[1][21]_i_834__20/O
                         net (fo=2, routed)           0.094     3.526    denselayer2/INPUT_SIZE_rows[32].OUTPUT_SIZE_cols[21].sa/genblk2[0].genblk1[1].tree[1][21]_i_834__20_n_0
    SLICE_X126Y284       LUT3 (Prop_C6LUT_SLICEM_I2_O)
                                                      0.113     3.639 r  denselayer2/INPUT_SIZE_rows[32].OUTPUT_SIZE_cols[21].sa/genblk2[0].genblk1[1].tree[1][21]_i_840__20/O
                         net (fo=1, routed)           0.025     3.664    denselayer2/INPUT_SIZE_rows[32].OUTPUT_SIZE_cols[21].sa/genblk2[0].genblk1[1].tree[1][21]_i_840__20_n_0
    SLICE_X126Y284       CARRY8 (Prop_CARRY8_SLICEM_S[2]_O[2])
                                                      0.050     3.714 r  denselayer2/INPUT_SIZE_rows[32].OUTPUT_SIZE_cols[21].sa/genblk2[0].genblk1[1].tree_reg[1][21]_i_629__12/O[2]
                         net (fo=3, routed)           0.490     4.204    denselayer2/INPUT_SIZE_rows[61].OUTPUT_SIZE_cols[21].sa/genblk2[0].genblk1[1].tree_reg[1][21]_i_158__20_0[2]
    SLICE_X128Y304       LUT3 (Prop_B6LUT_SLICEM_I1_O)
                                                      0.081     4.285 r  denselayer2/INPUT_SIZE_rows[61].OUTPUT_SIZE_cols[21].sa/genblk2[0].genblk1[1].tree[1][21]_i_544__20/O
                         net (fo=1, routed)           0.150     4.435    denselayer2/INPUT_SIZE_rows[61].OUTPUT_SIZE_cols[21].sa/genblk2[0].genblk1[1].tree[1][21]_i_544__20_n_0
    SLICE_X127Y305       CARRY8 (Prop_CARRY8_SLICEL_DI[3]_O[5])
                                                      0.154     4.589 r  denselayer2/INPUT_SIZE_rows[61].OUTPUT_SIZE_cols[21].sa/genblk2[0].genblk1[1].tree_reg[1][21]_i_170__20/O[5]
                         net (fo=3, routed)           0.545     5.134    denselayer2/INPUT_SIZE_rows[62].OUTPUT_SIZE_cols[21].sa/genblk2[0].genblk1[1].tree_reg[1][21]_i_22__20_1[3]
    SLICE_X127Y355       LUT3 (Prop_H6LUT_SLICEL_I1_O)
                                                      0.114     5.248 r  denselayer2/INPUT_SIZE_rows[62].OUTPUT_SIZE_cols[21].sa/genblk2[0].genblk1[1].tree[1][15]_i_53__20/O
                         net (fo=1, routed)           0.849     6.097    denselayer2/INPUT_SIZE_rows[62].OUTPUT_SIZE_cols[21].sa/genblk2[0].genblk1[1].tree[1][15]_i_53__20_n_0
    SLICE_X116Y356       CARRY8 (Prop_CARRY8_SLICEL_DI[6]_CO[7])
                                                      0.048     6.145 r  denselayer2/INPUT_SIZE_rows[62].OUTPUT_SIZE_cols[21].sa/genblk2[0].genblk1[1].tree_reg[1][15]_i_26__20/CO[7]
                         net (fo=1, routed)           0.023     6.168    denselayer2/INPUT_SIZE_rows[62].OUTPUT_SIZE_cols[21].sa/genblk2[0].genblk1[1].tree_reg[1][15]_i_26__20_n_0
    SLICE_X116Y357       CARRY8 (Prop_CARRY8_SLICEL_CI_O[2])
                                                      0.061     6.229 r  denselayer2/INPUT_SIZE_rows[62].OUTPUT_SIZE_cols[21].sa/genblk2[0].genblk1[1].tree_reg[1][21]_i_22__20/O[2]
                         net (fo=3, routed)           0.661     6.890    denselayer2/sum_all/col_trees[21].column_tree/genblk2[0].genblk1[1].tree_reg[1][21]_2[2]
    SLICE_X102Y376       LUT3 (Prop_E6LUT_SLICEM_I2_O)
                                                      0.114     7.004 r  denselayer2/sum_all/col_trees[21].column_tree/genblk2[0].genblk1[1].tree[1][15]_i_22__40/O
                         net (fo=3, routed)           0.143     7.147    denselayer2/sum_all/col_trees[21].column_tree/genblk2[0].genblk1[1].tree[1][15]_i_22__40_n_0
    SLICE_X101Y376       LUT5 (Prop_G6LUT_SLICEL_I1_O)
                                                      0.047     7.194 r  denselayer2/sum_all/col_trees[21].column_tree/genblk2[0].genblk1[1].tree[1][15]_i_6__40/O
                         net (fo=1, routed)           0.337     7.531    denselayer2/sum_all/col_trees[21].column_tree/genblk2[0].genblk1[1].tree[1][15]_i_6__40_n_0
    SLICE_X101Y378       CARRY8 (Prop_CARRY8_SLICEL_DI[3]_CO[7])
                                                      0.087     7.618 r  denselayer2/sum_all/col_trees[21].column_tree/genblk2[0].genblk1[1].tree_reg[1][15]_i_1__20/CO[7]
                         net (fo=1, routed)           0.023     7.641    denselayer2/sum_all/col_trees[21].column_tree/genblk2[0].genblk1[1].tree_reg[1][15]_i_1__20_n_0
    SLICE_X101Y379       CARRY8 (Prop_CARRY8_SLICEL_CI_O[5])
                                                      0.103     7.744 r  denselayer2/sum_all/col_trees[21].column_tree/genblk2[0].genblk1[1].tree_reg[1][21]_i_1__20/O[5]
                         net (fo=1, routed)           0.024     7.768    denselayer2/sum_all/col_trees[21].column_tree/p_0_in[21]
    SLICE_X101Y379       FDRE                                         r  denselayer2/sum_all/col_trees[21].column_tree/genblk2[0].genblk1[1].tree_reg[1][21]/D
  -------------------------------------------------------------------    -------------------

                         (clock ap_clk rise edge)     5.000     5.000 r  
    AP13                                              0.000     5.000 r  clk (IN)
                         net (fo=0)                   0.000     5.000    clk_IBUF_inst/I
    AP13                 INBUF (Prop_INBUF_HPIOB_M_PAD_O)
                                                      0.330     5.330 r  clk_IBUF_inst/INBUF_INST/O
                         net (fo=1, routed)           0.000     5.330    clk_IBUF_inst/OUT
    AP13                 IBUFCTRL (Prop_IBUFCTRL_HPIOB_M_I_O)
                                                      0.000     5.330 r  clk_IBUF_inst/IBUFCTRL_INST/O
                         net (fo=1, routed)           0.279     5.609    clk_IBUF
    BUFGCE_X0Y170        BUFGCE (Prop_BUFCE_BUFGCE_I_O)
                                                      0.024     5.633 r  clk_IBUF_BUFG_inst/O
    X3Y5 (CLOCK_ROOT)    net (fo=58781, routed)       1.776     7.409    denselayer2/sum_all/col_trees[21].column_tree/CLK
    SLICE_X101Y379       FDRE                                         r  denselayer2/sum_all/col_trees[21].column_tree/genblk2[0].genblk1[1].tree_reg[1][21]/C
                         clock pessimism              0.342     7.751    
                         clock uncertainty           -0.035     7.715    
    SLICE_X101Y379       FDRE (Setup_FFF_SLICEL_C_D)
                                                      0.023     7.738    denselayer2/sum_all/col_trees[21].column_tree/genblk2[0].genblk1[1].tree_reg[1][21]
  -------------------------------------------------------------------
                         required time                          7.738    
                         arrival time                          -7.768    
  -------------------------------------------------------------------
                         slack                                 -0.029    





Min Delay Paths
--------------------------------------------------------------------------------------
Slack (MET) :             0.055ns  (arrival time - required time)
  Source:                 denselayer4/ready_buffer_reg[1]/C
                            (rising edge-triggered cell FDCE clocked by ap_clk  {rise@0.000ns fall@2.500ns period=5.000ns})
  Destination:            denselayer4/ready_buffer_reg[0]/D
                            (rising edge-triggered cell FDCE clocked by ap_clk  {rise@0.000ns fall@2.500ns period=5.000ns})
  Path Group:             ap_clk
  Path Type:              Hold (Min at Fast Process Corner)
  Requirement:            0.000ns  (ap_clk rise@0.000ns - ap_clk rise@0.000ns)
  Data Path Delay:        0.152ns  (logic 0.039ns (25.658%)  route 0.113ns (74.342%))
  Logic Levels:           0  
  Clock Path Skew:        0.050ns (DCD - SCD - CPR)
    Destination Clock Delay (DCD):    2.091ns
    Source Clock Delay      (SCD):    1.699ns
    Clock Pessimism Removal (CPR):    0.342ns
  Clock Net Delay (Source):      1.304ns (routing 0.639ns, distribution 0.665ns)
  Clock Net Delay (Destination): 1.471ns (routing 0.713ns, distribution 0.758ns)

    Location             Delay type                Incr(ns)  Path(ns)    Netlist Resource(s)
  -------------------------------------------------------------------    -------------------
                         (clock ap_clk rise edge)     0.000     0.000 r  
    AP13                                              0.000     0.000 r  clk (IN)
                         net (fo=0)                   0.000     0.000    clk_IBUF_inst/I
    AP13                 INBUF (Prop_INBUF_HPIOB_M_PAD_O)
                                                      0.234     0.234 r  clk_IBUF_inst/INBUF_INST/O
                         net (fo=1, routed)           0.000     0.234    clk_IBUF_inst/OUT
    AP13                 IBUFCTRL (Prop_IBUFCTRL_HPIOB_M_I_O)
                                                      0.000     0.234 r  clk_IBUF_inst/IBUFCTRL_INST/O
                         net (fo=1, routed)           0.144     0.378    clk_IBUF
    BUFGCE_X0Y170        BUFGCE (Prop_BUFCE_BUFGCE_I_O)
                                                      0.017     0.395 r  clk_IBUF_BUFG_inst/O
    X3Y5 (CLOCK_ROOT)    net (fo=58781, routed)       1.304     1.699    denselayer4/CLK
    SLICE_X117Y454       FDCE                                         r  denselayer4/ready_buffer_reg[1]/C
  -------------------------------------------------------------------    -------------------
    SLICE_X117Y454       FDCE (Prop_GFF_SLICEL_C_Q)
                                                      0.039     1.738 r  denselayer4/ready_buffer_reg[1]/Q
                         net (fo=1, routed)           0.113     1.851    denselayer4/p_0_in_6[0]
    SLICE_X117Y449       FDCE                                         r  denselayer4/ready_buffer_reg[0]/D
  -------------------------------------------------------------------    -------------------

                         (clock ap_clk rise edge)     0.000     0.000 r  
    AP13                                              0.000     0.000 r  clk (IN)
                         net (fo=0)                   0.000     0.000    clk_IBUF_inst/I
    AP13                 INBUF (Prop_INBUF_HPIOB_M_PAD_O)
                                                      0.420     0.420 r  clk_IBUF_inst/INBUF_INST/O
                         net (fo=1, routed)           0.000     0.420    clk_IBUF_inst/OUT
    AP13                 IBUFCTRL (Prop_IBUFCTRL_HPIOB_M_I_O)
                                                      0.000     0.420 r  clk_IBUF_inst/IBUFCTRL_INST/O
                         net (fo=1, routed)           0.181     0.601    clk_IBUF
    BUFGCE_X0Y170        BUFGCE (Prop_BUFCE_BUFGCE_I_O)
                                                      0.019     0.620 r  clk_IBUF_BUFG_inst/O
    X3Y5 (CLOCK_ROOT)    net (fo=58781, routed)       1.471     2.091    denselayer4/CLK
    SLICE_X117Y449       FDCE                                         r  denselayer4/ready_buffer_reg[0]/C
                         clock pessimism             -0.342     1.749    
    SLICE_X117Y449       FDCE (Hold_EFF2_SLICEL_C_D)
                                                      0.047     1.796    denselayer4/ready_buffer_reg[0]
  -------------------------------------------------------------------
                         required time                         -1.796    
                         arrival time                           1.851    
  -------------------------------------------------------------------
                         slack                                  0.055    





Pulse Width Checks
--------------------------------------------------------------------------------------
Clock Name:         ap_clk
Waveform(ns):       { 0.000 2.500 }
Period(ns):         5.000
Sources:            { clk }

Check Type        Corner  Lib Pin             Reference Pin  Required(ns)  Actual(ns)  Slack(ns)  Location        Pin
Min Period        n/a     RAMB18E2/CLKARDCLK  n/a            1.212         5.000       3.788      RAMB18_X12Y178  expResult_reg[0]/CLKARDCLK
Low Pulse Width   Slow    RAMB18E2/CLKARDCLK  n/a            0.495         2.500       2.005      RAMB18_X12Y176  expResult_reg[2]/CLKARDCLK
High Pulse Width  Slow    RAMB18E2/CLKBWRCLK  n/a            0.495         2.500       2.005      RAMB18_X12Y176  expResult_reg[2]/CLKBWRCLK



