Copyright 1986-2019 Xilinx, Inc. All Rights Reserved.
---------------------------------------------------------------------------------------------------------
| Tool Version      : Vivado v.2019.1 (lin64) Build 2552052 Fri May 24 14:47:09 MDT 2019
| Date              : Tue Dec  2 15:15:05 2025
| Host              : hvm1 running 64-bit Ubuntu 22.04.5 LTS
| Command           : report_timing_summary -file ../reports/22_8_Argmax_P3_PO0_SAV_MULTPIPE1_timing.rpt
| Design            : waiz_benchmark
| Device            : xcvu13p-fhga2104
| Speed File        : -3  PRODUCTION 1.23 03-18-2019
| Temperature Grade : E
---------------------------------------------------------------------------------------------------------

Timing Summary Report

------------------------------------------------------------------------------------------------
| Timer Settings
| --------------
------------------------------------------------------------------------------------------------

  Enable Multi Corner Analysis               :  Yes
  Enable Pessimism Removal                   :  Yes
  Pessimism Removal Resolution               :  Nearest Common Node
  Enable Input Delay Default Clock           :  No
  Enable Preset / Clear Arcs                 :  No
  Disable Flight Delays                      :  No
  Ignore I/O Paths                           :  No
  Timing Early Launch at Borrowing Latches   :  No
  Borrow Time for Max Delay Exceptions       :  Yes

  Corner  Analyze    Analyze    
  Name    Max Paths  Min Paths  
  ------  ---------  ---------  
  Slow    Yes        Yes        
  Fast    Yes        Yes        



check_timing report

Table of Contents
-----------------
1. checking no_clock
2. checking constant_clock
3. checking pulse_width_clock
4. checking unconstrained_internal_endpoints
5. checking no_input_delay
6. checking no_output_delay
7. checking multiple_clock
8. checking generated_clocks
9. checking loops
10. checking partial_input_delay
11. checking partial_output_delay
12. checking latch_loops

1. checking no_clock
--------------------
 There are 0 register/latch pins with no clock.


2. checking constant_clock
--------------------------
 There are 0 register/latch pins with constant_clock.


3. checking pulse_width_clock
-----------------------------
 There are 0 register/latch pins which need pulse_width check


4. checking unconstrained_internal_endpoints
--------------------------------------------
 There are 0 pins that are not constrained for maximum delay.

 There are 0 pins that are not constrained for maximum delay due to constant clock.


5. checking no_input_delay
--------------------------
 There are 354 input ports with no input delay specified. (HIGH)

 There are 0 input ports with no input delay but user has a false path constraint.


6. checking no_output_delay
---------------------------
 There are 6 ports with no output delay specified. (HIGH)

 There are 0 ports with no output delay but user has a false path constraint

 There are 0 ports with no output delay but with a timing clock defined on it or propagating through it


7. checking multiple_clock
--------------------------
 There are 0 register/latch pins with multiple clocks.


8. checking generated_clocks
----------------------------
 There are 0 generated clocks that are not connected to a clock source.


9. checking loops
-----------------
 There are 0 combinational loops in the design.


10. checking partial_input_delay
--------------------------------
 There are 0 input ports with partial input delay specified.


11. checking partial_output_delay
---------------------------------
 There are 0 ports with partial output delay specified.


12. checking latch_loops
------------------------
 There are 0 combinational latch loops in the design through latch input



------------------------------------------------------------------------------------------------
| Design Timing Summary
| ---------------------
------------------------------------------------------------------------------------------------

    WNS(ns)      TNS(ns)  TNS Failing Endpoints  TNS Total Endpoints      WHS(ns)      THS(ns)  THS Failing Endpoints  THS Total Endpoints     WPWS(ns)     TPWS(ns)  TPWS Failing Endpoints  TPWS Total Endpoints  
    -------      -------  ---------------------  -------------------      -------      -------  ---------------------  -------------------     --------     --------  ----------------------  --------------------  
      0.009        0.000                      0               138469        0.017        0.000                      0               138469        2.225        0.000                       0                 57287  


All user specified timing constraints are met.


------------------------------------------------------------------------------------------------
| Clock Summary
| -------------
------------------------------------------------------------------------------------------------

Clock   Waveform(ns)         Period(ns)      Frequency(MHz)
-----   ------------         ----------      --------------
ap_clk  {0.000 2.500}        5.000           200.000         


------------------------------------------------------------------------------------------------
| Intra Clock Table
| -----------------
------------------------------------------------------------------------------------------------

Clock             WNS(ns)      TNS(ns)  TNS Failing Endpoints  TNS Total Endpoints      WHS(ns)      THS(ns)  THS Failing Endpoints  THS Total Endpoints     WPWS(ns)     TPWS(ns)  TPWS Failing Endpoints  TPWS Total Endpoints  
-----             -------      -------  ---------------------  -------------------      -------      -------  ---------------------  -------------------     --------     --------  ----------------------  --------------------  
ap_clk              0.009        0.000                      0               138469        0.017        0.000                      0               138469        2.225        0.000                       0                 57287  


------------------------------------------------------------------------------------------------
| Inter Clock Table
| -----------------
------------------------------------------------------------------------------------------------

From Clock    To Clock          WNS(ns)      TNS(ns)  TNS Failing Endpoints  TNS Total Endpoints      WHS(ns)      THS(ns)  THS Failing Endpoints  THS Total Endpoints  
----------    --------          -------      -------  ---------------------  -------------------      -------      -------  ---------------------  -------------------  


------------------------------------------------------------------------------------------------
| Other Path Groups Table
| -----------------------
------------------------------------------------------------------------------------------------

Path Group    From Clock    To Clock          WNS(ns)      TNS(ns)  TNS Failing Endpoints  TNS Total Endpoints      WHS(ns)      THS(ns)  THS Failing Endpoints  THS Total Endpoints  
----------    ----------    --------          -------      -------  ---------------------  -------------------      -------      -------  ---------------------  -------------------  


------------------------------------------------------------------------------------------------
| Timing Details
| --------------
------------------------------------------------------------------------------------------------


---------------------------------------------------------------------------------------------------
From Clock:  ap_clk
  To Clock:  ap_clk

Setup :            0  Failing Endpoints,  Worst Slack        0.009ns,  Total Violation        0.000ns
Hold  :            0  Failing Endpoints,  Worst Slack        0.017ns,  Total Violation        0.000ns
PW    :            0  Failing Endpoints,  Worst Slack        2.225ns,  Total Violation        0.000ns
---------------------------------------------------------------------------------------------------


Max Delay Paths
--------------------------------------------------------------------------------------
Slack (MET) :             0.009ns  (required time - arrival time)
  Source:                 denselayer2/INPUT_SIZE_rows[13].OUTPUT_SIZE_cols[8].sa/data_out_reg/DSP_OUTPUT_INST/CLK
                            (rising edge-triggered cell DSP_OUTPUT clocked by ap_clk  {rise@0.000ns fall@2.500ns period=5.000ns})
  Destination:            denselayer2/sum_all/col_trees[8].column_tree/genblk2[0].genblk1[1].tree_reg[1][21]/D
                            (rising edge-triggered cell FDRE clocked by ap_clk  {rise@0.000ns fall@2.500ns period=5.000ns})
  Path Group:             ap_clk
  Path Type:              Setup (Max at Slow Process Corner)
  Requirement:            5.000ns  (ap_clk rise@5.000ns - ap_clk rise@0.000ns)
  Data Path Delay:        4.572ns  (logic 1.129ns (24.694%)  route 3.443ns (75.306%))
  Logic Levels:           11  (CARRY8=6 LUT3=4 LUT5=1)
  Clock Path Skew:        -0.407ns (DCD - SCD + CPR)
    Destination Clock Delay (DCD):    2.516ns = ( 7.516 - 5.000 ) 
    Source Clock Delay      (SCD):    3.261ns
    Clock Pessimism Removal (CPR):    0.338ns
  Clock Uncertainty:      0.035ns  ((TSJ^2 + TIJ^2)^1/2 + DJ) / 2 + PE
    Total System Jitter     (TSJ):    0.071ns
    Total Input Jitter      (TIJ):    0.000ns
    Discrete Jitter          (DJ):    0.000ns
    Phase Error              (PE):    0.000ns
  Clock Net Delay (Source):      2.385ns (routing 0.941ns, distribution 1.444ns)
  Clock Net Delay (Destination): 1.883ns (routing 0.854ns, distribution 1.029ns)

    Location             Delay type                Incr(ns)  Path(ns)    Netlist Resource(s)
  -------------------------------------------------------------------    -------------------
                         (clock ap_clk rise edge)     0.000     0.000 r  
    AP13                                              0.000     0.000 r  clk (IN)
                         net (fo=0)                   0.000     0.000    clk_IBUF_inst/I
    AP13                 INBUF (Prop_INBUF_HPIOB_M_PAD_O)
                                                      0.534     0.534 r  clk_IBUF_inst/INBUF_INST/O
                         net (fo=1, routed)           0.000     0.534    clk_IBUF_inst/OUT
    AP13                 IBUFCTRL (Prop_IBUFCTRL_HPIOB_M_I_O)
                                                      0.000     0.534 r  clk_IBUF_inst/IBUFCTRL_INST/O
                         net (fo=1, routed)           0.314     0.848    clk_IBUF
    BUFGCE_X0Y170        BUFGCE (Prop_BUFCE_BUFGCE_I_O)
                                                      0.028     0.876 r  clk_IBUF_BUFG_inst/O
    X3Y9 (CLOCK_ROOT)    net (fo=64416, routed)       2.385     3.261    denselayer2/INPUT_SIZE_rows[13].OUTPUT_SIZE_cols[8].sa/data_out_reg/CLK
    SLR Crossing[1->2]   
    DSP48E2_X21Y268      DSP_OUTPUT                                   r  denselayer2/INPUT_SIZE_rows[13].OUTPUT_SIZE_cols[8].sa/data_out_reg/DSP_OUTPUT_INST/CLK
  -------------------------------------------------------------------    -------------------
    DSP48E2_X21Y268      DSP_OUTPUT (Prop_DSP_OUTPUT_DSP48E2_CLK_P[16])
                                                      0.193     3.454 r  denselayer2/INPUT_SIZE_rows[13].OUTPUT_SIZE_cols[8].sa/data_out_reg/DSP_OUTPUT_INST/P[16]
                         net (fo=3, routed)           0.296     3.750    denselayer2/INPUT_SIZE_rows[24].OUTPUT_SIZE_cols[8].sa/genblk2[0].genblk1[1].tree_reg[1][21]_i_656__7_0[2]
    SLICE_X159Y674       LUT3 (Prop_H6LUT_SLICEL_I2_O)
                                                      0.114     3.864 r  denselayer2/INPUT_SIZE_rows[24].OUTPUT_SIZE_cols[8].sa/genblk2[0].genblk1[1].tree[1][21]_i_1214__6/O
                         net (fo=1, routed)           0.254     4.118    denselayer2/INPUT_SIZE_rows[13].OUTPUT_SIZE_cols[8].sa/DI[2]
    SLICE_X158Y674       CARRY8 (Prop_CARRY8_SLICEL_DI[3]_O[6])
                                                      0.144     4.262 r  denselayer2/INPUT_SIZE_rows[13].OUTPUT_SIZE_cols[8].sa/genblk2[0].genblk1[1].tree_reg[1][21]_i_668__3/O[6]
                         net (fo=3, routed)           0.382     4.644    denselayer2_n_3032
    SLICE_X154Y673       LUT3 (Prop_H6LUT_SLICEM_I1_O)
                                                      0.082     4.726 r  genblk2[0].genblk1[1].tree[1][21]_i_613__7/O
                         net (fo=1, routed)           0.197     4.923    genblk2[0].genblk1[1].tree[1][21]_i_613__7_n_0
    SLICE_X154Y674       CARRY8 (Prop_CARRY8_SLICEM_DI[7]_CO[7])
                                                      0.045     4.968 r  genblk2[0].genblk1[1].tree_reg[1][21]_i_174__7/CO[7]
                         net (fo=1, routed)           0.023     4.991    genblk2[0].genblk1[1].tree_reg[1][21]_i_174__7_n_0
    SLICE_X154Y675       CARRY8 (Prop_CARRY8_SLICEM_CI_O[1])
                                                      0.067     5.058 r  genblk2[0].genblk1[1].tree_reg[1][21]_i_165__7/O[1]
                         net (fo=3, routed)           0.457     5.515    genblk2[0].genblk1[1].tree_reg[1][21]_i_165__7_n_14
    SLICE_X151Y652       LUT3 (Prop_B6LUT_SLICEL_I2_O)
                                                      0.048     5.563 r  genblk2[0].genblk1[1].tree[1][21]_i_115__7/O
                         net (fo=1, routed)           0.351     5.914    genblk2[0].genblk1[1].tree[1][21]_i_115__7_n_0
    SLICE_X148Y652       CARRY8 (Prop_CARRY8_SLICEL_DI[2]_CO[7])
                                                      0.089     6.003 r  genblk2[0].genblk1[1].tree_reg[1][21]_i_23__7/CO[7]
                         net (fo=1, routed)           0.023     6.026    genblk2[0].genblk1[1].tree_reg[1][21]_i_23__7_n_0
    SLICE_X148Y653       CARRY8 (Prop_CARRY8_SLICEL_CI_O[2])
                                                      0.061     6.087 r  genblk2[0].genblk1[1].tree_reg[1][21]_i_17__7/O[2]
                         net (fo=3, routed)           0.977     7.064    denselayer2/sum_all/col_trees[8].column_tree/genblk2[0].genblk1[1].tree[1][21]_i_7__71_2[2]
    SLICE_X116Y655       LUT3 (Prop_A6LUT_SLICEL_I1_O)
                                                      0.047     7.111 r  denselayer2/sum_all/col_trees[8].column_tree/genblk2[0].genblk1[1].tree[1][21]_i_18__71/O
                         net (fo=3, routed)           0.087     7.198    denselayer2/sum_all/col_trees[8].column_tree/genblk2[0].genblk1[1].tree[1][21]_i_18__71_n_0
    SLICE_X116Y655       LUT5 (Prop_F6LUT_SLICEL_I1_O)
                                                      0.081     7.279 r  denselayer2/sum_all/col_trees[8].column_tree/genblk2[0].genblk1[1].tree[1][21]_i_3__71/O
                         net (fo=1, routed)           0.372     7.651    denselayer2/sum_all/col_trees[8].column_tree/genblk2[0].genblk1[1].tree[1][21]_i_3__71_n_0
    SLICE_X115Y657       CARRY8 (Prop_CARRY8_SLICEM_DI[3]_O[5])
                                                      0.158     7.809 r  denselayer2/sum_all/col_trees[8].column_tree/genblk2[0].genblk1[1].tree_reg[1][21]_i_1__7/O[5]
                         net (fo=1, routed)           0.024     7.833    denselayer2/sum_all/col_trees[8].column_tree/p_0_in[21]
    SLICE_X115Y657       FDRE                                         r  denselayer2/sum_all/col_trees[8].column_tree/genblk2[0].genblk1[1].tree_reg[1][21]/D
  -------------------------------------------------------------------    -------------------

                         (clock ap_clk rise edge)     5.000     5.000 r  
    AP13                                              0.000     5.000 r  clk (IN)
                         net (fo=0)                   0.000     5.000    clk_IBUF_inst/I
    AP13                 INBUF (Prop_INBUF_HPIOB_M_PAD_O)
                                                      0.330     5.330 r  clk_IBUF_inst/INBUF_INST/O
                         net (fo=1, routed)           0.000     5.330    clk_IBUF_inst/OUT
    AP13                 IBUFCTRL (Prop_IBUFCTRL_HPIOB_M_I_O)
                                                      0.000     5.330 r  clk_IBUF_inst/IBUFCTRL_INST/O
                         net (fo=1, routed)           0.279     5.609    clk_IBUF
    BUFGCE_X0Y170        BUFGCE (Prop_BUFCE_BUFGCE_I_O)
                                                      0.024     5.633 r  clk_IBUF_BUFG_inst/O
    X3Y9 (CLOCK_ROOT)    net (fo=64416, routed)       1.883     7.516    denselayer2/sum_all/col_trees[8].column_tree/clk_IBUF_BUFG
    SLR Crossing[1->2]   
    SLICE_X115Y657       FDRE                                         r  denselayer2/sum_all/col_trees[8].column_tree/genblk2[0].genblk1[1].tree_reg[1][21]/C
                         clock pessimism              0.338     7.854    
                         clock uncertainty           -0.035     7.818    
    SLICE_X115Y657       FDRE (Setup_FFF_SLICEM_C_D)
                                                      0.023     7.841    denselayer2/sum_all/col_trees[8].column_tree/genblk2[0].genblk1[1].tree_reg[1][21]
  -------------------------------------------------------------------
                         required time                          7.841    
                         arrival time                          -7.833    
  -------------------------------------------------------------------
                         slack                                  0.009    





Min Delay Paths
--------------------------------------------------------------------------------------
Slack (MET) :             0.017ns  (arrival time - required time)
  Source:                 denselayer2/INPUT_SIZE_rows[50].OUTPUT_SIZE_cols[3].sa/data_in_ex_reg[20]/C
                            (rising edge-triggered cell FDRE clocked by ap_clk  {rise@0.000ns fall@2.500ns period=5.000ns})
  Destination:            denselayer2/INPUT_SIZE_rows[50].OUTPUT_SIZE_cols[8].sa/data_out_reg[28]/D
                            (rising edge-triggered cell FDRE clocked by ap_clk  {rise@0.000ns fall@2.500ns period=5.000ns})
  Path Group:             ap_clk
  Path Type:              Hold (Min at Slow Process Corner)
  Requirement:            0.000ns  (ap_clk rise@0.000ns - ap_clk rise@0.000ns)
  Data Path Delay:        0.330ns  (logic 0.110ns (33.333%)  route 0.220ns (66.667%))
  Logic Levels:           2  (CARRY8=1 LUT4=1)
  Clock Path Skew:        0.267ns (DCD - SCD - CPR)
    Destination Clock Delay (DCD):    3.017ns
    Source Clock Delay      (SCD):    2.420ns
    Clock Pessimism Removal (CPR):    0.330ns
  Clock Net Delay (Source):      1.787ns (routing 0.854ns, distribution 0.933ns)
  Clock Net Delay (Destination): 2.141ns (routing 0.941ns, distribution 1.200ns)

    Location             Delay type                Incr(ns)  Path(ns)    Netlist Resource(s)
  -------------------------------------------------------------------    -------------------
                         (clock ap_clk rise edge)     0.000     0.000 r  
    AP13                                              0.000     0.000 r  clk (IN)
                         net (fo=0)                   0.000     0.000    clk_IBUF_inst/I
    AP13                 INBUF (Prop_INBUF_HPIOB_M_PAD_O)
                                                      0.330     0.330 r  clk_IBUF_inst/INBUF_INST/O
                         net (fo=1, routed)           0.000     0.330    clk_IBUF_inst/OUT
    AP13                 IBUFCTRL (Prop_IBUFCTRL_HPIOB_M_I_O)
                                                      0.000     0.330 r  clk_IBUF_inst/IBUFCTRL_INST/O
                         net (fo=1, routed)           0.279     0.609    clk_IBUF
    BUFGCE_X0Y170        BUFGCE (Prop_BUFCE_BUFGCE_I_O)
                                                      0.024     0.633 r  clk_IBUF_BUFG_inst/O
    X3Y9 (CLOCK_ROOT)    net (fo=64416, routed)       1.787     2.420    denselayer2/INPUT_SIZE_rows[50].OUTPUT_SIZE_cols[3].sa/clk_IBUF_BUFG
    SLR Crossing[1->2]   
    SLICE_X100Y597       FDRE                                         r  denselayer2/INPUT_SIZE_rows[50].OUTPUT_SIZE_cols[3].sa/data_in_ex_reg[20]/C
  -------------------------------------------------------------------    -------------------
    SLICE_X100Y597       FDRE (Prop_EFF2_SLICEM_C_Q)
                                                      0.054     2.474 r  denselayer2/INPUT_SIZE_rows[50].OUTPUT_SIZE_cols[3].sa/data_in_ex_reg[20]/Q
                         net (fo=133, routed)         0.192     2.666    denselayer2/INPUT_SIZE_rows[50].OUTPUT_SIZE_cols[3].sa/data_in_ex_reg[20]_0
    SLICE_X99Y602        LUT4 (Prop_C6LUT_SLICEM_I1_O)
                                                      0.031     2.697 r  denselayer2/INPUT_SIZE_rows[50].OUTPUT_SIZE_cols[3].sa/data_out[33]_i_12__32/O
                         net (fo=1, routed)           0.018     2.715    denselayer2/INPUT_SIZE_rows[50].OUTPUT_SIZE_cols[3].sa/data_out[33]_i_12__32_n_0
    SLICE_X99Y602        CARRY8 (Prop_CARRY8_SLICEM_S[2]_O[2])
                                                      0.025     2.740 r  denselayer2/INPUT_SIZE_rows[50].OUTPUT_SIZE_cols[3].sa/data_out_reg[33]_i_1__42/O[2]
                         net (fo=1, routed)           0.010     2.750    denselayer2/INPUT_SIZE_rows[50].OUTPUT_SIZE_cols[8].sa/D[14]
    SLICE_X99Y602        FDRE                                         r  denselayer2/INPUT_SIZE_rows[50].OUTPUT_SIZE_cols[8].sa/data_out_reg[28]/D
  -------------------------------------------------------------------    -------------------

                         (clock ap_clk rise edge)     0.000     0.000 r  
    AP13                                              0.000     0.000 r  clk (IN)
                         net (fo=0)                   0.000     0.000    clk_IBUF_inst/I
    AP13                 INBUF (Prop_INBUF_HPIOB_M_PAD_O)
                                                      0.534     0.534 r  clk_IBUF_inst/INBUF_INST/O
                         net (fo=1, routed)           0.000     0.534    clk_IBUF_inst/OUT
    AP13                 IBUFCTRL (Prop_IBUFCTRL_HPIOB_M_I_O)
                                                      0.000     0.534 r  clk_IBUF_inst/IBUFCTRL_INST/O
                         net (fo=1, routed)           0.314     0.848    clk_IBUF
    BUFGCE_X0Y170        BUFGCE (Prop_BUFCE_BUFGCE_I_O)
                                                      0.028     0.876 r  clk_IBUF_BUFG_inst/O
    X3Y9 (CLOCK_ROOT)    net (fo=64416, routed)       2.141     3.017    denselayer2/INPUT_SIZE_rows[50].OUTPUT_SIZE_cols[8].sa/clk_IBUF_BUFG
    SLR Crossing[1->2]   
    SLICE_X99Y602        FDRE                                         r  denselayer2/INPUT_SIZE_rows[50].OUTPUT_SIZE_cols[8].sa/data_out_reg[28]/C
                         clock pessimism             -0.330     2.687    
    SLICE_X99Y602        FDRE (Hold_CFF_SLICEM_C_D)
                                                      0.046     2.733    denselayer2/INPUT_SIZE_rows[50].OUTPUT_SIZE_cols[8].sa/data_out_reg[28]
  -------------------------------------------------------------------
                         required time                         -2.733    
                         arrival time                           2.750    
  -------------------------------------------------------------------
                         slack                                  0.017    





Pulse Width Checks
--------------------------------------------------------------------------------------
Clock Name:         ap_clk
Waveform(ns):       { 0.000 2.500 }
Period(ns):         5.000
Sources:            { clk }

Check Type        Corner  Lib Pin   Reference Pin  Required(ns)  Actual(ns)  Slack(ns)  Location        Pin
Min Period        n/a     BUFGCE/I  n/a            1.122         5.000       3.878      BUFGCE_X0Y170   clk_IBUF_BUFG_inst/I
Low Pulse Width   Slow    FDRE/C    n/a            0.275         2.500       2.225      SLICE_X48Y574   denselayer3/INPUT_SIZE_rows[1].OUTPUT_SIZE_cols[21].sa/data_out_reg[14]/C
High Pulse Width  Slow    FDRE/C    n/a            0.275         2.500       2.225      SLICE_X145Y503  denselayer1/INPUT_SIZE_rows[15].OUTPUT_SIZE_cols[44].sa/data_out_reg[19]/C



