Copyright 1986-2019 Xilinx, Inc. All Rights Reserved.
----------------------------------------------------------------------------------------------------------------------------------
| Tool Version : Vivado v.2019.1 (lin64) Build 2552052 Fri May 24 14:47:09 MDT 2019
| Date         : Tue Dec  2 03:54:35 2025
| Host         : hvm1 running 64-bit Ubuntu 22.04.5 LTS
| Command      : report_utilization -hierarchical -hierarchical_depth 1 -file ../reports/25_9_Argmax_P1_PO0_SA2_MULTPIPE_hier.rpt
| Design       : waiz_benchmark
| Device       : xcvu13pfhga2104-3
| Design State : Routed
----------------------------------------------------------------------------------------------------------------------------------

Utilization Design Information

Table of Contents
-----------------
1. Utilization by Hierarchy

1. Utilization by Hierarchy
---------------------------

+--------------------+---------------------------------------+------------+------------+---------+------+-------+--------+--------+------+--------------+
|      Instance      |                 Module                | Total LUTs | Logic LUTs | LUTRAMs | SRLs |  FFs  | RAMB36 | RAMB18 | URAM | DSP48 Blocks |
+--------------------+---------------------------------------+------------+------------+---------+------+-------+--------+--------+------+--------------+
| waiz_benchmark     |                                 (top) |     113228 |     113228 |       0 |    0 | 42421 |      0 |      0 |    0 |         3604 |
|   (waiz_benchmark) |                                 (top) |        232 |        232 |       0 |    0 |     0 |      0 |      0 |    0 |            0 |
|   denselayer1      |                            denseLayer |      25189 |      25189 |       0 |    0 |  9136 |      0 |      0 |    0 |          915 |
|   denselayer2      |            denseLayer__parameterized0 |      52129 |      52129 |       0 |    0 | 21458 |      0 |      0 |    0 |         1634 |
|   denselayer3      |            denseLayer__parameterized1 |      29979 |      29979 |       0 |    0 | 10366 |      0 |      0 |    0 |          903 |
|   denselayer4      |            denseLayer__parameterized2 |       3903 |       3903 |       0 |    0 |  1455 |      0 |      0 |    0 |          152 |
|   relulayer1       |                   reluActivationLayer |       4978 |       4978 |       0 |    0 |     0 |      0 |      0 |    0 |            0 |
|   relulayer2       |   reluActivationLayer__parameterized0 |       1658 |       1658 |       0 |    0 |     0 |      0 |      0 |    0 |            0 |
|   relulayer3       | reluActivationLayer__parameterized0_0 |        417 |        417 |       0 |    0 |     0 |      0 |      0 |    0 |            0 |
|   softmax          |                    softmaxArgmaxLayer |          2 |          2 |       0 |    0 |     6 |      0 |      0 |    0 |            0 |
+--------------------+---------------------------------------+------------+------------+---------+------+-------+--------+--------+------+--------------+
* Note: The sum of lower-level cells may be larger than their parent cells total, due to cross-hierarchy LUT combining


