Copyright 1986-2019 Xilinx, Inc. All Rights Reserved.
-------------------------------------------------------------------------------------------
| Tool Version      : Vivado v.2019.1 (lin64) Build 2552052 Fri May 24 14:47:09 MDT 2019
| Date              : Sun Nov 30 21:06:39 2025
| Host              : hvm1 running 64-bit Ubuntu 22.04.5 LTS
| Command           : report_timing_summary -file ../reports/25_9_Argmax_P1_PO0_timing.rpt
| Design            : waiz_benchmark
| Device            : xcvu13p-fhga2104
| Speed File        : -3  PRODUCTION 1.23 03-18-2019
| Temperature Grade : E
-------------------------------------------------------------------------------------------

Timing Summary Report

------------------------------------------------------------------------------------------------
| Timer Settings
| --------------
------------------------------------------------------------------------------------------------

  Enable Multi Corner Analysis               :  Yes
  Enable Pessimism Removal                   :  Yes
  Pessimism Removal Resolution               :  Nearest Common Node
  Enable Input Delay Default Clock           :  No
  Enable Preset / Clear Arcs                 :  No
  Disable Flight Delays                      :  No
  Ignore I/O Paths                           :  No
  Timing Early Launch at Borrowing Latches   :  No
  Borrow Time for Max Delay Exceptions       :  Yes

  Corner  Analyze    Analyze    
  Name    Max Paths  Min Paths  
  ------  ---------  ---------  
  Slow    Yes        Yes        
  Fast    Yes        Yes        



check_timing report

Table of Contents
-----------------
1. checking no_clock
2. checking constant_clock
3. checking pulse_width_clock
4. checking unconstrained_internal_endpoints
5. checking no_input_delay
6. checking no_output_delay
7. checking multiple_clock
8. checking generated_clocks
9. checking loops
10. checking partial_input_delay
11. checking partial_output_delay
12. checking latch_loops

1. checking no_clock
--------------------
 There are 0 register/latch pins with no clock.


2. checking constant_clock
--------------------------
 There are 0 register/latch pins with constant_clock.


3. checking pulse_width_clock
-----------------------------
 There are 0 register/latch pins which need pulse_width check


4. checking unconstrained_internal_endpoints
--------------------------------------------
 There are 0 pins that are not constrained for maximum delay.

 There are 0 pins that are not constrained for maximum delay due to constant clock.


5. checking no_input_delay
--------------------------
 There are 402 input ports with no input delay specified. (HIGH)

 There are 0 input ports with no input delay but user has a false path constraint.


6. checking no_output_delay
---------------------------
 There are 6 ports with no output delay specified. (HIGH)

 There are 0 ports with no output delay but user has a false path constraint

 There are 0 ports with no output delay but with a timing clock defined on it or propagating through it


7. checking multiple_clock
--------------------------
 There are 0 register/latch pins with multiple clocks.


8. checking generated_clocks
----------------------------
 There are 0 generated clocks that are not connected to a clock source.


9. checking loops
-----------------
 There are 0 combinational loops in the design.


10. checking partial_input_delay
--------------------------------
 There are 0 input ports with partial input delay specified.


11. checking partial_output_delay
---------------------------------
 There are 0 ports with partial output delay specified.


12. checking latch_loops
------------------------
 There are 0 combinational latch loops in the design through latch input



------------------------------------------------------------------------------------------------
| Design Timing Summary
| ---------------------
------------------------------------------------------------------------------------------------

    WNS(ns)      TNS(ns)  TNS Failing Endpoints  TNS Total Endpoints      WHS(ns)      THS(ns)  THS Failing Endpoints  THS Total Endpoints     WPWS(ns)     TPWS(ns)  TPWS Failing Endpoints  TPWS Total Endpoints  
    -------      -------  ---------------------  -------------------      -------      -------  ---------------------  -------------------     --------     --------  ----------------------  --------------------  
      0.004        0.000                      0                75564        0.019        0.000                      0                75564        2.225        0.000                       0                 87235  


All user specified timing constraints are met.


------------------------------------------------------------------------------------------------
| Clock Summary
| -------------
------------------------------------------------------------------------------------------------

Clock   Waveform(ns)         Period(ns)      Frequency(MHz)
-----   ------------         ----------      --------------
ap_clk  {0.000 2.500}        5.000           200.000         


------------------------------------------------------------------------------------------------
| Intra Clock Table
| -----------------
------------------------------------------------------------------------------------------------

Clock             WNS(ns)      TNS(ns)  TNS Failing Endpoints  TNS Total Endpoints      WHS(ns)      THS(ns)  THS Failing Endpoints  THS Total Endpoints     WPWS(ns)     TPWS(ns)  TPWS Failing Endpoints  TPWS Total Endpoints  
-----             -------      -------  ---------------------  -------------------      -------      -------  ---------------------  -------------------     --------     --------  ----------------------  --------------------  
ap_clk              0.004        0.000                      0                75564        0.019        0.000                      0                75564        2.225        0.000                       0                 87235  


------------------------------------------------------------------------------------------------
| Inter Clock Table
| -----------------
------------------------------------------------------------------------------------------------

From Clock    To Clock          WNS(ns)      TNS(ns)  TNS Failing Endpoints  TNS Total Endpoints      WHS(ns)      THS(ns)  THS Failing Endpoints  THS Total Endpoints  
----------    --------          -------      -------  ---------------------  -------------------      -------      -------  ---------------------  -------------------  


------------------------------------------------------------------------------------------------
| Other Path Groups Table
| -----------------------
------------------------------------------------------------------------------------------------

Path Group    From Clock    To Clock          WNS(ns)      TNS(ns)  TNS Failing Endpoints  TNS Total Endpoints      WHS(ns)      THS(ns)  THS Failing Endpoints  THS Total Endpoints  
----------    ----------    --------          -------      -------  ---------------------  -------------------      -------      -------  ---------------------  -------------------  


------------------------------------------------------------------------------------------------
| Timing Details
| --------------
------------------------------------------------------------------------------------------------


---------------------------------------------------------------------------------------------------
From Clock:  ap_clk
  To Clock:  ap_clk

Setup :            0  Failing Endpoints,  Worst Slack        0.004ns,  Total Violation        0.000ns
Hold  :            0  Failing Endpoints,  Worst Slack        0.019ns,  Total Violation        0.000ns
PW    :            0  Failing Endpoints,  Worst Slack        2.225ns,  Total Violation        0.000ns
---------------------------------------------------------------------------------------------------


Max Delay Paths
--------------------------------------------------------------------------------------
Slack (MET) :             0.004ns  (required time - arrival time)
  Source:                 denselayer1/sum_all/col_trees[35].column_tree/genblk2[0].genblk1[1].tree_reg[1][6]/C
                            (rising edge-triggered cell FDRE clocked by ap_clk  {rise@0.000ns fall@2.500ns period=5.000ns})
  Destination:            denselayer2/INPUT_SIZE_rows[35].OUTPUT_SIZE_cols[8].sa/data_out_reg[34]/D
                            (rising edge-triggered cell FDRE clocked by ap_clk  {rise@0.000ns fall@2.500ns period=5.000ns})
  Path Group:             ap_clk
  Path Type:              Setup (Max at Slow Process Corner)
  Requirement:            5.000ns  (ap_clk rise@5.000ns - ap_clk rise@0.000ns)
  Data Path Delay:        4.930ns  (logic 0.932ns (18.905%)  route 3.998ns (81.095%))
  Logic Levels:           10  (CARRY8=6 LUT2=1 LUT3=2 LUT5=1)
  Clock Path Skew:        -0.054ns (DCD - SCD + CPR)
    Destination Clock Delay (DCD):    2.440ns = ( 7.440 - 5.000 ) 
    Source Clock Delay      (SCD):    2.866ns
    Clock Pessimism Removal (CPR):    0.372ns
  Clock Uncertainty:      0.035ns  ((TSJ^2 + TIJ^2)^1/2 + DJ) / 2 + PE
    Total System Jitter     (TSJ):    0.071ns
    Total Input Jitter      (TIJ):    0.000ns
    Discrete Jitter          (DJ):    0.000ns
    Phase Error              (PE):    0.000ns
  Clock Net Delay (Source):      1.910ns (routing 0.868ns, distribution 1.042ns)
  Clock Net Delay (Destination): 1.729ns (routing 0.787ns, distribution 0.942ns)

    Location             Delay type                Incr(ns)  Path(ns)    Netlist Resource(s)
  -------------------------------------------------------------------    -------------------
                         (clock ap_clk rise edge)     0.000     0.000 r  
    BC10                                              0.000     0.000 r  clk (IN)
                         net (fo=0)                   0.000     0.000    clk_IBUF_inst/I
    BC10                 INBUF (Prop_INBUF_HPIOB_M_PAD_O)
                                                      0.593     0.593 r  clk_IBUF_inst/INBUF_INST/O
                         net (fo=1, routed)           0.000     0.593    clk_IBUF_inst/OUT
    BC10                 IBUFCTRL (Prop_IBUFCTRL_HPIOB_M_I_O)
                                                      0.000     0.593 r  clk_IBUF_inst/IBUFCTRL_INST/O
                         net (fo=1, routed)           0.335     0.928    clk_IBUF
    BUFGCE_X0Y146        BUFGCE (Prop_BUFCE_BUFGCE_I_O)
                                                      0.028     0.956 r  clk_IBUF_BUFG_inst/O
    X3Y5 (CLOCK_ROOT)    net (fo=87234, routed)       1.910     2.866    denselayer1/sum_all/col_trees[35].column_tree/CLK
    SLICE_X119Y245       FDRE                                         r  denselayer1/sum_all/col_trees[35].column_tree/genblk2[0].genblk1[1].tree_reg[1][6]/C
  -------------------------------------------------------------------    -------------------
    SLICE_X119Y245       FDRE (Prop_GFF_SLICEL_C_Q)
                                                      0.070     2.936 r  denselayer1/sum_all/col_trees[35].column_tree/genblk2[0].genblk1[1].tree_reg[1][6]/Q
                         net (fo=1, routed)           0.249     3.185    denselayer1/sum_all/col_trees[35].column_tree/accumulator[35]_123[6]
    SLICE_X117Y247       CARRY8 (Prop_CARRY8_SLICEL_S[5]_CO[7])
                                                      0.134     3.319 r  denselayer1/sum_all/col_trees[35].column_tree/data_out_reg[18]_i_32__0/CO[7]
                         net (fo=1, routed)           0.023     3.342    denselayer1/sum_all/col_trees[35].column_tree/data_out_reg[18]_i_32__0_n_286179
    SLICE_X117Y248       CARRY8 (Prop_CARRY8_SLICEL_CI_CO[7])
                                                      0.012     3.354 r  denselayer1/sum_all/col_trees[35].column_tree/data_out_reg[23]_i_36__20/CO[7]
                         net (fo=1, routed)           0.023     3.377    denselayer1/sum_all/col_trees[35].column_tree/data_out_reg[23]_i_36__20_n_286179
    SLICE_X117Y249       CARRY8 (Prop_CARRY8_SLICEL_CI_O[7])
                                                      0.103     3.480 r  denselayer1/sum_all/col_trees[35].column_tree/data_out_reg[33]_i_17/O[7]
                         net (fo=277, routed)         1.836     5.316    relulayer1/output_data[35][23]
    SLICE_X53Y291        LUT2 (Prop_D6LUT_SLICEM_I1_O)
                                                      0.031     5.347 r  relulayer1/data_out[33]_i_21__1/O
                         net (fo=128, routed)         0.588     5.935    relulayer1/data_out[24]_i_6__121_n_286179
    SLICE_X59Y280        LUT3 (Prop_B6LUT_SLICEL_I0_O)
                                                      0.048     5.983 r  relulayer1/data_out[39]_i_27__23/O
                         net (fo=1, routed)           0.181     6.164    relulayer1/data_out[39]_i_27__23_n_286179
    SLICE_X60Y280        CARRY8 (Prop_CARRY8_SLICEM_DI[3]_O[6])
                                                      0.149     6.313 r  relulayer1/data_out_reg[39]_i_7/O[6]
                         net (fo=4, routed)           0.591     6.904    relulayer1/data_out_reg[39]_i_7_n_286188
    SLICE_X53Y302        LUT3 (Prop_C6LUT_SLICEM_I1_O)
                                                      0.047     6.951 r  relulayer1/data_out[26]_i_20__43/O
                         net (fo=1, routed)           0.440     7.391    relulayer1/data_out[26]_i_20__43_n_286179
    SLICE_X52Y276        LUT5 (Prop_G6LUT_SLICEM_I1_O)
                                                      0.135     7.526 r  relulayer1/data_out[26]_i_11__49/O
                         net (fo=1, routed)           0.019     7.545    relulayer1/data_out[26]_i_11__49_n_286179
    SLICE_X52Y276        CARRY8 (Prop_CARRY8_SLICEM_S[6]_CO[7])
                                                      0.100     7.645 r  relulayer1/data_out_reg[26]_i_1__52/CO[7]
                         net (fo=1, routed)           0.023     7.668    relulayer1/data_out_reg[26]_i_1__52_n_286179
    SLICE_X52Y277        CARRY8 (Prop_CARRY8_SLICEM_CI_O[7])
                                                      0.103     7.771 r  relulayer1/data_out_reg[34]_i_1__46/O[7]
                         net (fo=1, routed)           0.025     7.796    denselayer2/INPUT_SIZE_rows[35].OUTPUT_SIZE_cols[8].sa/data_out_reg[39]_4[18]
    SLICE_X52Y277        FDRE                                         r  denselayer2/INPUT_SIZE_rows[35].OUTPUT_SIZE_cols[8].sa/data_out_reg[34]/D
  -------------------------------------------------------------------    -------------------

                         (clock ap_clk rise edge)     5.000     5.000 r  
    BC10                                              0.000     5.000 r  clk (IN)
                         net (fo=0)                   0.000     5.000    clk_IBUF_inst/I
    BC10                 INBUF (Prop_INBUF_HPIOB_M_PAD_O)
                                                      0.389     5.389 r  clk_IBUF_inst/INBUF_INST/O
                         net (fo=1, routed)           0.000     5.389    clk_IBUF_inst/OUT
    BC10                 IBUFCTRL (Prop_IBUFCTRL_HPIOB_M_I_O)
                                                      0.000     5.389 r  clk_IBUF_inst/IBUFCTRL_INST/O
                         net (fo=1, routed)           0.298     5.687    clk_IBUF
    BUFGCE_X0Y146        BUFGCE (Prop_BUFCE_BUFGCE_I_O)
                                                      0.024     5.711 r  clk_IBUF_BUFG_inst/O
    X3Y5 (CLOCK_ROOT)    net (fo=87234, routed)       1.729     7.440    denselayer2/INPUT_SIZE_rows[35].OUTPUT_SIZE_cols[8].sa/CLK
    SLICE_X52Y277        FDRE                                         r  denselayer2/INPUT_SIZE_rows[35].OUTPUT_SIZE_cols[8].sa/data_out_reg[34]/C
                         clock pessimism              0.372     7.812    
                         clock uncertainty           -0.035     7.777    
    SLICE_X52Y277        FDRE (Setup_HFF_SLICEM_C_D)
                                                      0.023     7.800    denselayer2/INPUT_SIZE_rows[35].OUTPUT_SIZE_cols[8].sa/data_out_reg[34]
  -------------------------------------------------------------------
                         required time                          7.800    
                         arrival time                          -7.796    
  -------------------------------------------------------------------
                         slack                                  0.004    





Min Delay Paths
--------------------------------------------------------------------------------------
Slack (MET) :             0.019ns  (arrival time - required time)
  Source:                 denselayer2/sum_all/col_trees[15].column_tree/genblk2[2].genblk1[28].tree_reg[28][12]/C
                            (rising edge-triggered cell FDRE clocked by ap_clk  {rise@0.000ns fall@2.500ns period=5.000ns})
  Destination:            denselayer2/sum_all/col_trees[15].column_tree/genblk2[1].genblk1[7].tree_reg[7][12]/D
                            (rising edge-triggered cell FDRE clocked by ap_clk  {rise@0.000ns fall@2.500ns period=5.000ns})
  Path Group:             ap_clk
  Path Type:              Hold (Min at Fast Process Corner)
  Requirement:            0.000ns  (ap_clk rise@0.000ns - ap_clk rise@0.000ns)
  Data Path Delay:        0.161ns  (logic 0.078ns (48.447%)  route 0.083ns (51.553%))
  Logic Levels:           2  (CARRY8=1 LUT6=1)
  Clock Path Skew:        0.096ns (DCD - SCD - CPR)
    Destination Clock Delay (DCD):    2.147ns
    Source Clock Delay      (SCD):    1.726ns
    Clock Pessimism Removal (CPR):    0.326ns
  Clock Net Delay (Source):      1.260ns (routing 0.523ns, distribution 0.737ns)
  Clock Net Delay (Destination): 1.458ns (routing 0.582ns, distribution 0.876ns)

    Location             Delay type                Incr(ns)  Path(ns)    Netlist Resource(s)
  -------------------------------------------------------------------    -------------------
                         (clock ap_clk rise edge)     0.000     0.000 r  
    BC10                                              0.000     0.000 r  clk (IN)
                         net (fo=0)                   0.000     0.000    clk_IBUF_inst/I
    BC10                 INBUF (Prop_INBUF_HPIOB_M_PAD_O)
                                                      0.293     0.293 r  clk_IBUF_inst/INBUF_INST/O
                         net (fo=1, routed)           0.000     0.293    clk_IBUF_inst/OUT
    BC10                 IBUFCTRL (Prop_IBUFCTRL_HPIOB_M_I_O)
                                                      0.000     0.293 r  clk_IBUF_inst/IBUFCTRL_INST/O
                         net (fo=1, routed)           0.156     0.449    clk_IBUF
    BUFGCE_X0Y146        BUFGCE (Prop_BUFCE_BUFGCE_I_O)
                                                      0.017     0.466 r  clk_IBUF_BUFG_inst/O
    X3Y5 (CLOCK_ROOT)    net (fo=87234, routed)       1.260     1.726    denselayer2/sum_all/col_trees[15].column_tree/CLK
    SLICE_X175Y356       FDRE                                         r  denselayer2/sum_all/col_trees[15].column_tree/genblk2[2].genblk1[28].tree_reg[28][12]/C
  -------------------------------------------------------------------    -------------------
    SLICE_X175Y356       FDRE (Prop_EFF_SLICEM_C_Q)
                                                      0.038     1.764 r  denselayer2/sum_all/col_trees[15].column_tree/genblk2[2].genblk1[28].tree_reg[28][12]/Q
                         net (fo=2, routed)           0.065     1.829    denselayer2/sum_all/col_trees[15].column_tree/genblk2[2].genblk1[28].tree_reg[28]_330[12]
    SLICE_X176Y356       LUT6 (Prop_E6LUT_SLICEM_I2_O)
                                                      0.022     1.851 r  denselayer2/sum_all/col_trees[15].column_tree/genblk2[1].genblk1[7].tree[7][15]_i_13__13/O
                         net (fo=1, routed)           0.011     1.862    denselayer2/sum_all/col_trees[15].column_tree/genblk2[1].genblk1[7].tree[7][15]_i_13__13_n_286179
    SLICE_X176Y356       CARRY8 (Prop_CARRY8_SLICEM_S[4]_O[4])
                                                      0.018     1.880 r  denselayer2/sum_all/col_trees[15].column_tree/genblk2[1].genblk1[7].tree_reg[7][15]_i_1__14/O[4]
                         net (fo=1, routed)           0.007     1.887    denselayer2/sum_all/col_trees[15].column_tree/p_16_out[12]
    SLICE_X176Y356       FDRE                                         r  denselayer2/sum_all/col_trees[15].column_tree/genblk2[1].genblk1[7].tree_reg[7][12]/D
  -------------------------------------------------------------------    -------------------

                         (clock ap_clk rise edge)     0.000     0.000 r  
    BC10                                              0.000     0.000 r  clk (IN)
                         net (fo=0)                   0.000     0.000    clk_IBUF_inst/I
    BC10                 INBUF (Prop_INBUF_HPIOB_M_PAD_O)
                                                      0.479     0.479 r  clk_IBUF_inst/INBUF_INST/O
                         net (fo=1, routed)           0.000     0.479    clk_IBUF_inst/OUT
    BC10                 IBUFCTRL (Prop_IBUFCTRL_HPIOB_M_I_O)
                                                      0.000     0.479 r  clk_IBUF_inst/IBUFCTRL_INST/O
                         net (fo=1, routed)           0.191     0.670    clk_IBUF
    BUFGCE_X0Y146        BUFGCE (Prop_BUFCE_BUFGCE_I_O)
                                                      0.019     0.689 r  clk_IBUF_BUFG_inst/O
    X3Y5 (CLOCK_ROOT)    net (fo=87234, routed)       1.458     2.147    denselayer2/sum_all/col_trees[15].column_tree/CLK
    SLICE_X176Y356       FDRE                                         r  denselayer2/sum_all/col_trees[15].column_tree/genblk2[1].genblk1[7].tree_reg[7][12]/C
                         clock pessimism             -0.326     1.821    
    SLICE_X176Y356       FDRE (Hold_EFF_SLICEM_C_D)
                                                      0.046     1.867    denselayer2/sum_all/col_trees[15].column_tree/genblk2[1].genblk1[7].tree_reg[7][12]
  -------------------------------------------------------------------
                         required time                         -1.867    
                         arrival time                           1.887    
  -------------------------------------------------------------------
                         slack                                  0.019    





Pulse Width Checks
--------------------------------------------------------------------------------------
Clock Name:         ap_clk
Waveform(ns):       { 0.000 2.500 }
Period(ns):         5.000
Sources:            { clk }

Check Type        Corner  Lib Pin   Reference Pin  Required(ns)  Actual(ns)  Slack(ns)  Location       Pin
Min Period        n/a     BUFGCE/I  n/a            1.122         5.000       3.878      BUFGCE_X0Y146  clk_IBUF_BUFG_inst/I
Low Pulse Width   Slow    FDRE/C    n/a            0.275         2.500       2.225      SLICE_X40Y261  denselayer2/INPUT_SIZE_rows[40].OUTPUT_SIZE_cols[6].sa/data_out_reg[25]/C
High Pulse Width  Slow    FDRE/C    n/a            0.275         2.500       2.225      SLICE_X44Y270  denselayer2/INPUT_SIZE_rows[40].OUTPUT_SIZE_cols[5].sa/data_out_reg[24]/C



