Copyright 1986-2019 Xilinx, Inc. All Rights Reserved.
-------------------------------------------------------------------------------------------
| Tool Version      : Vivado v.2019.1 (lin64) Build 2552052 Fri May 24 14:47:09 MDT 2019
| Date              : Sun Nov 30 15:02:13 2025
| Host              : hvm1 running 64-bit Ubuntu 22.04.5 LTS
| Command           : report_timing_summary -file ../reports/25_9_Argmax_P1_PO1_timing.rpt
| Design            : waiz_benchmark
| Device            : xcvu13p-fhga2104
| Speed File        : -3  PRODUCTION 1.23 03-18-2019
| Temperature Grade : E
-------------------------------------------------------------------------------------------

Timing Summary Report

------------------------------------------------------------------------------------------------
| Timer Settings
| --------------
------------------------------------------------------------------------------------------------

  Enable Multi Corner Analysis               :  Yes
  Enable Pessimism Removal                   :  Yes
  Pessimism Removal Resolution               :  Nearest Common Node
  Enable Input Delay Default Clock           :  No
  Enable Preset / Clear Arcs                 :  No
  Disable Flight Delays                      :  No
  Ignore I/O Paths                           :  No
  Timing Early Launch at Borrowing Latches   :  No
  Borrow Time for Max Delay Exceptions       :  Yes

  Corner  Analyze    Analyze    
  Name    Max Paths  Min Paths  
  ------  ---------  ---------  
  Slow    Yes        Yes        
  Fast    Yes        Yes        



check_timing report

Table of Contents
-----------------
1. checking no_clock
2. checking constant_clock
3. checking pulse_width_clock
4. checking unconstrained_internal_endpoints
5. checking no_input_delay
6. checking no_output_delay
7. checking multiple_clock
8. checking generated_clocks
9. checking loops
10. checking partial_input_delay
11. checking partial_output_delay
12. checking latch_loops

1. checking no_clock
--------------------
 There are 0 register/latch pins with no clock.


2. checking constant_clock
--------------------------
 There are 0 register/latch pins with constant_clock.


3. checking pulse_width_clock
-----------------------------
 There are 0 register/latch pins which need pulse_width check


4. checking unconstrained_internal_endpoints
--------------------------------------------
 There are 0 pins that are not constrained for maximum delay.

 There are 0 pins that are not constrained for maximum delay due to constant clock.


5. checking no_input_delay
--------------------------
 There are 402 input ports with no input delay specified. (HIGH)

 There are 0 input ports with no input delay but user has a false path constraint.


6. checking no_output_delay
---------------------------
 There are 6 ports with no output delay specified. (HIGH)

 There are 0 ports with no output delay but user has a false path constraint

 There are 0 ports with no output delay but with a timing clock defined on it or propagating through it


7. checking multiple_clock
--------------------------
 There are 0 register/latch pins with multiple clocks.


8. checking generated_clocks
----------------------------
 There are 0 generated clocks that are not connected to a clock source.


9. checking loops
-----------------
 There are 0 combinational loops in the design.


10. checking partial_input_delay
--------------------------------
 There are 0 input ports with partial input delay specified.


11. checking partial_output_delay
---------------------------------
 There are 0 ports with partial output delay specified.


12. checking latch_loops
------------------------
 There are 0 combinational latch loops in the design through latch input



------------------------------------------------------------------------------------------------
| Design Timing Summary
| ---------------------
------------------------------------------------------------------------------------------------

    WNS(ns)      TNS(ns)  TNS Failing Endpoints  TNS Total Endpoints      WHS(ns)      THS(ns)  THS Failing Endpoints  THS Total Endpoints     WPWS(ns)     TPWS(ns)  TPWS Failing Endpoints  TPWS Total Endpoints  
    -------      -------  ---------------------  -------------------      -------      -------  ---------------------  -------------------     --------     --------  ----------------------  --------------------  
      0.388        0.000                      0               152802        0.013        0.000                      0               152802        2.032        0.000                       0                 92860  


All user specified timing constraints are met.


------------------------------------------------------------------------------------------------
| Clock Summary
| -------------
------------------------------------------------------------------------------------------------

Clock   Waveform(ns)         Period(ns)      Frequency(MHz)
-----   ------------         ----------      --------------
ap_clk  {0.000 2.500}        5.000           200.000         


------------------------------------------------------------------------------------------------
| Intra Clock Table
| -----------------
------------------------------------------------------------------------------------------------

Clock             WNS(ns)      TNS(ns)  TNS Failing Endpoints  TNS Total Endpoints      WHS(ns)      THS(ns)  THS Failing Endpoints  THS Total Endpoints     WPWS(ns)     TPWS(ns)  TPWS Failing Endpoints  TPWS Total Endpoints  
-----             -------      -------  ---------------------  -------------------      -------      -------  ---------------------  -------------------     --------     --------  ----------------------  --------------------  
ap_clk              0.388        0.000                      0               152802        0.013        0.000                      0               152802        2.032        0.000                       0                 92860  


------------------------------------------------------------------------------------------------
| Inter Clock Table
| -----------------
------------------------------------------------------------------------------------------------

From Clock    To Clock          WNS(ns)      TNS(ns)  TNS Failing Endpoints  TNS Total Endpoints      WHS(ns)      THS(ns)  THS Failing Endpoints  THS Total Endpoints  
----------    --------          -------      -------  ---------------------  -------------------      -------      -------  ---------------------  -------------------  


------------------------------------------------------------------------------------------------
| Other Path Groups Table
| -----------------------
------------------------------------------------------------------------------------------------

Path Group    From Clock    To Clock          WNS(ns)      TNS(ns)  TNS Failing Endpoints  TNS Total Endpoints      WHS(ns)      THS(ns)  THS Failing Endpoints  THS Total Endpoints  
----------    ----------    --------          -------      -------  ---------------------  -------------------      -------      -------  ---------------------  -------------------  


------------------------------------------------------------------------------------------------
| Timing Details
| --------------
------------------------------------------------------------------------------------------------


---------------------------------------------------------------------------------------------------
From Clock:  ap_clk
  To Clock:  ap_clk

Setup :            0  Failing Endpoints,  Worst Slack        0.388ns,  Total Violation        0.000ns
Hold  :            0  Failing Endpoints,  Worst Slack        0.013ns,  Total Violation        0.000ns
PW    :            0  Failing Endpoints,  Worst Slack        2.032ns,  Total Violation        0.000ns
---------------------------------------------------------------------------------------------------


Max Delay Paths
--------------------------------------------------------------------------------------
Slack (MET) :             0.388ns  (required time - arrival time)
  Source:                 denselayer1/output_data_reg[11][17]/C
                            (rising edge-triggered cell FDRE clocked by ap_clk  {rise@0.000ns fall@2.500ns period=5.000ns})
  Destination:            denselayer2/INPUT_SIZE_rows[11].OUTPUT_SIZE_cols[23].sa/data_out_reg[37]/D
                            (rising edge-triggered cell FDRE clocked by ap_clk  {rise@0.000ns fall@2.500ns period=5.000ns})
  Path Group:             ap_clk
  Path Type:              Setup (Max at Slow Process Corner)
  Requirement:            5.000ns  (ap_clk rise@5.000ns - ap_clk rise@0.000ns)
  Data Path Delay:        4.460ns  (logic 0.690ns (15.471%)  route 3.770ns (84.529%))
  Logic Levels:           6  (CARRY8=3 LUT2=1 LUT3=2)
  Clock Path Skew:        -0.139ns (DCD - SCD + CPR)
    Destination Clock Delay (DCD):    2.914ns = ( 7.914 - 5.000 ) 
    Source Clock Delay      (SCD):    3.462ns
    Clock Pessimism Removal (CPR):    0.409ns
  Clock Uncertainty:      0.035ns  ((TSJ^2 + TIJ^2)^1/2 + DJ) / 2 + PE
    Total System Jitter     (TSJ):    0.071ns
    Total Input Jitter      (TIJ):    0.000ns
    Discrete Jitter          (DJ):    0.000ns
    Phase Error              (PE):    0.000ns
  Clock Net Delay (Source):      2.586ns (routing 1.243ns, distribution 1.343ns)
  Clock Net Delay (Destination): 2.281ns (routing 1.126ns, distribution 1.155ns)

    Location             Delay type                Incr(ns)  Path(ns)    Netlist Resource(s)
  -------------------------------------------------------------------    -------------------
                         (clock ap_clk rise edge)     0.000     0.000 r  
    AP13                                              0.000     0.000 r  clk (IN)
                         net (fo=0)                   0.000     0.000    clk_IBUF_inst/I
    AP13                 INBUF (Prop_INBUF_HPIOB_M_PAD_O)
                                                      0.534     0.534 r  clk_IBUF_inst/INBUF_INST/O
                         net (fo=1, routed)           0.000     0.534    clk_IBUF_inst/OUT
    AP13                 IBUFCTRL (Prop_IBUFCTRL_HPIOB_M_I_O)
                                                      0.000     0.534 r  clk_IBUF_inst/IBUFCTRL_INST/O
                         net (fo=1, routed)           0.314     0.848    clk_IBUF
    BUFGCE_X0Y170        BUFGCE (Prop_BUFCE_BUFGCE_I_O)
                                                      0.028     0.876 r  clk_IBUF_BUFG_inst/O
    X3Y4 (CLOCK_ROOT)    net (fo=100921, routed)      2.586     3.462    denselayer1/clk_IBUF_BUFG
    SLICE_X151Y321       FDRE                                         r  denselayer1/output_data_reg[11][17]/C
  -------------------------------------------------------------------    -------------------
    SLICE_X151Y321       FDRE (Prop_AFF_SLICEL_C_Q)
                                                      0.069     3.531 r  denselayer1/output_data_reg[11][17]/Q
                         net (fo=9, routed)           1.736     5.267    relulayer1/O4819[17]
    SLICE_X126Y431       LUT2 (Prop_C6LUT_SLICEM_I0_O)
                                                      0.133     5.400 f  relulayer1/data_out[32]_i_21__1/O
                         net (fo=134, routed)         1.351     6.751    denselayer1/denselayer2/INPUT_SIZE_rows[11].OUTPUT_SIZE_cols[1].sa/p_0_out[32]
    SLICE_X136Y342       LUT3 (Prop_F6LUT_SLICEL_I1_O)
                                                      0.031     6.782 r  denselayer1/data_out[31]_i_24__62/O
                         net (fo=1, routed)           0.208     6.990    denselayer1/data_out[31]_i_24__62_n_0
    SLICE_X135Y341       CARRY8 (Prop_CARRY8_SLICEL_DI[2]_O[7])
                                                      0.160     7.150 r  denselayer1/data_out_reg[31]_i_18__44/O[7]
                         net (fo=3, routed)           0.205     7.355    denselayer1/INPUT_SIZE_rows[11].OUTPUT_SIZE_cols[23].sa/data_out_reg[23]_5[7]
    SLICE_X137Y342       LUT3 (Prop_D6LUT_SLICEM_I1_O)
                                                      0.081     7.436 r  denselayer1/INPUT_SIZE_rows[11].OUTPUT_SIZE_cols[23].sa/data_out[31]_i_9__83/O
                         net (fo=1, routed)           0.223     7.659    denselayer1/INPUT_SIZE_rows[11].OUTPUT_SIZE_cols[23].sa/data_out[31]_i_9__83_n_0
    SLICE_X134Y342       CARRY8 (Prop_CARRY8_SLICEL_DI[0]_CO[7])
                                                      0.113     7.772 r  denselayer1/INPUT_SIZE_rows[11].OUTPUT_SIZE_cols[23].sa/data_out_reg[31]_i_1__103/CO[7]
                         net (fo=1, routed)           0.023     7.795    denselayer1/INPUT_SIZE_rows[11].OUTPUT_SIZE_cols[23].sa/data_out_reg[31]_i_1__103_n_0
    SLICE_X134Y343       CARRY8 (Prop_CARRY8_SLICEL_CI_O[5])
                                                      0.103     7.898 r  denselayer1/INPUT_SIZE_rows[11].OUTPUT_SIZE_cols[23].sa/data_out_reg[40]_i_1__252/O[5]
                         net (fo=1, routed)           0.024     7.922    denselayer2/INPUT_SIZE_rows[11].OUTPUT_SIZE_cols[23].sa/data_out_reg[40]_2[21]
    SLICE_X134Y343       FDRE                                         r  denselayer2/INPUT_SIZE_rows[11].OUTPUT_SIZE_cols[23].sa/data_out_reg[37]/D
  -------------------------------------------------------------------    -------------------

                         (clock ap_clk rise edge)     5.000     5.000 r  
    AP13                                              0.000     5.000 r  clk (IN)
                         net (fo=0)                   0.000     5.000    clk_IBUF_inst/I
    AP13                 INBUF (Prop_INBUF_HPIOB_M_PAD_O)
                                                      0.330     5.330 r  clk_IBUF_inst/INBUF_INST/O
                         net (fo=1, routed)           0.000     5.330    clk_IBUF_inst/OUT
    AP13                 IBUFCTRL (Prop_IBUFCTRL_HPIOB_M_I_O)
                                                      0.000     5.330 r  clk_IBUF_inst/IBUFCTRL_INST/O
                         net (fo=1, routed)           0.279     5.609    clk_IBUF
    BUFGCE_X0Y170        BUFGCE (Prop_BUFCE_BUFGCE_I_O)
                                                      0.024     5.633 r  clk_IBUF_BUFG_inst/O
    X3Y4 (CLOCK_ROOT)    net (fo=100921, routed)      2.281     7.914    denselayer2/INPUT_SIZE_rows[11].OUTPUT_SIZE_cols[23].sa/clk_IBUF_BUFG
    SLICE_X134Y343       FDRE                                         r  denselayer2/INPUT_SIZE_rows[11].OUTPUT_SIZE_cols[23].sa/data_out_reg[37]/C
                         clock pessimism              0.409     8.322    
                         clock uncertainty           -0.035     8.287    
    SLICE_X134Y343       FDRE (Setup_FFF_SLICEL_C_D)
                                                      0.023     8.310    denselayer2/INPUT_SIZE_rows[11].OUTPUT_SIZE_cols[23].sa/data_out_reg[37]
  -------------------------------------------------------------------
                         required time                          8.310    
                         arrival time                          -7.922    
  -------------------------------------------------------------------
                         slack                                  0.388    





Min Delay Paths
--------------------------------------------------------------------------------------
Slack (MET) :             0.013ns  (arrival time - required time)
  Source:                 denselayer2/INPUT_SIZE_rows[13].OUTPUT_SIZE_cols[3].sa/data_out_reg[18]/C
                            (rising edge-triggered cell FDRE clocked by ap_clk  {rise@0.000ns fall@2.500ns period=5.000ns})
  Destination:            denselayer2/sum_all/col_trees[3].column_tree/genblk2[2].genblk1[19].tree_reg[19][3]/D
                            (rising edge-triggered cell FDRE clocked by ap_clk  {rise@0.000ns fall@2.500ns period=5.000ns})
  Path Group:             ap_clk
  Path Type:              Hold (Min at Fast Process Corner)
  Requirement:            0.000ns  (ap_clk rise@0.000ns - ap_clk rise@0.000ns)
  Data Path Delay:        0.173ns  (logic 0.072ns (41.618%)  route 0.101ns (58.381%))
  Logic Levels:           2  (CARRY8=1 LUT6=1)
  Clock Path Skew:        0.114ns (DCD - SCD - CPR)
    Destination Clock Delay (DCD):    2.450ns
    Source Clock Delay      (SCD):    2.003ns
    Clock Pessimism Removal (CPR):    0.333ns
  Clock Net Delay (Source):      1.608ns (routing 0.756ns, distribution 0.852ns)
  Clock Net Delay (Destination): 1.830ns (routing 0.845ns, distribution 0.985ns)

    Location             Delay type                Incr(ns)  Path(ns)    Netlist Resource(s)
  -------------------------------------------------------------------    -------------------
                         (clock ap_clk rise edge)     0.000     0.000 r  
    AP13                                              0.000     0.000 r  clk (IN)
                         net (fo=0)                   0.000     0.000    clk_IBUF_inst/I
    AP13                 INBUF (Prop_INBUF_HPIOB_M_PAD_O)
                                                      0.234     0.234 r  clk_IBUF_inst/INBUF_INST/O
                         net (fo=1, routed)           0.000     0.234    clk_IBUF_inst/OUT
    AP13                 IBUFCTRL (Prop_IBUFCTRL_HPIOB_M_I_O)
                                                      0.000     0.234 r  clk_IBUF_inst/IBUFCTRL_INST/O
                         net (fo=1, routed)           0.144     0.378    clk_IBUF
    BUFGCE_X0Y170        BUFGCE (Prop_BUFCE_BUFGCE_I_O)
                                                      0.017     0.395 r  clk_IBUF_BUFG_inst/O
    X3Y4 (CLOCK_ROOT)    net (fo=100921, routed)      1.608     2.003    denselayer2/INPUT_SIZE_rows[13].OUTPUT_SIZE_cols[3].sa/clk_IBUF_BUFG
    SLICE_X150Y419       FDRE                                         r  denselayer2/INPUT_SIZE_rows[13].OUTPUT_SIZE_cols[3].sa/data_out_reg[18]/C
  -------------------------------------------------------------------    -------------------
    SLICE_X150Y419       FDRE (Prop_BFF_SLICEM_C_Q)
                                                      0.038     2.041 r  denselayer2/INPUT_SIZE_rows[13].OUTPUT_SIZE_cols[3].sa/data_out_reg[18]/Q
                         net (fo=3, routed)           0.078     2.119    denselayer2/INPUT_SIZE_rows[15].OUTPUT_SIZE_cols[3].sa/genblk2[2].genblk1[19].tree_reg[19][23]_0[1]
    SLICE_X150Y422       LUT6 (Prop_D6LUT_SLICEM_I3_O)
                                                      0.014     2.133 r  denselayer2/INPUT_SIZE_rows[15].OUTPUT_SIZE_cols[3].sa/genblk2[2].genblk1[19].tree[19][7]_i_13__2/O
                         net (fo=1, routed)           0.016     2.149    denselayer2/INPUT_SIZE_rows[15].OUTPUT_SIZE_cols[3].sa/genblk2[2].genblk1[19].tree[19][7]_i_13__2_n_0
    SLICE_X150Y422       CARRY8 (Prop_CARRY8_SLICEM_S[3]_O[3])
                                                      0.020     2.169 r  denselayer2/INPUT_SIZE_rows[15].OUTPUT_SIZE_cols[3].sa/genblk2[2].genblk1[19].tree_reg[19][7]_i_1__2/O[3]
                         net (fo=1, routed)           0.007     2.176    denselayer2/sum_all/col_trees[3].column_tree/genblk2[2].genblk1[19].tree_reg[19][24]_0[3]
    SLICE_X150Y422       FDRE                                         r  denselayer2/sum_all/col_trees[3].column_tree/genblk2[2].genblk1[19].tree_reg[19][3]/D
  -------------------------------------------------------------------    -------------------

                         (clock ap_clk rise edge)     0.000     0.000 r  
    AP13                                              0.000     0.000 r  clk (IN)
                         net (fo=0)                   0.000     0.000    clk_IBUF_inst/I
    AP13                 INBUF (Prop_INBUF_HPIOB_M_PAD_O)
                                                      0.420     0.420 r  clk_IBUF_inst/INBUF_INST/O
                         net (fo=1, routed)           0.000     0.420    clk_IBUF_inst/OUT
    AP13                 IBUFCTRL (Prop_IBUFCTRL_HPIOB_M_I_O)
                                                      0.000     0.420 r  clk_IBUF_inst/IBUFCTRL_INST/O
                         net (fo=1, routed)           0.181     0.601    clk_IBUF
    BUFGCE_X0Y170        BUFGCE (Prop_BUFCE_BUFGCE_I_O)
                                                      0.019     0.620 r  clk_IBUF_BUFG_inst/O
    X3Y4 (CLOCK_ROOT)    net (fo=100921, routed)      1.830     2.450    denselayer2/sum_all/col_trees[3].column_tree/clk_IBUF_BUFG
    SLICE_X150Y422       FDRE                                         r  denselayer2/sum_all/col_trees[3].column_tree/genblk2[2].genblk1[19].tree_reg[19][3]/C
                         clock pessimism             -0.333     2.117    
    SLICE_X150Y422       FDRE (Hold_DFF_SLICEM_C_D)
                                                      0.046     2.163    denselayer2/sum_all/col_trees[3].column_tree/genblk2[2].genblk1[19].tree_reg[19][3]
  -------------------------------------------------------------------
                         required time                         -2.163    
                         arrival time                           2.176    
  -------------------------------------------------------------------
                         slack                                  0.013    





Pulse Width Checks
--------------------------------------------------------------------------------------
Clock Name:         ap_clk
Waveform(ns):       { 0.000 2.500 }
Period(ns):         5.000
Sources:            { clk }

Check Type        Corner  Lib Pin     Reference Pin  Required(ns)  Actual(ns)  Slack(ns)  Location       Pin
Min Period        n/a     BUFGCE/I    n/a            1.122         5.000       3.878      BUFGCE_X0Y170  clk_IBUF_BUFG_inst/I
Low Pulse Width   Fast    SRL16E/CLK  n/a            0.468         2.500       2.032      SLICE_X87Y427  denselayer3/ready_buffer_reg[3]_srl3_denselayer2_ready_buffer_reg_c_0/CLK
High Pulse Width  Slow    SRL16E/CLK  n/a            0.468         2.500       2.032      SLICE_X87Y427  denselayer3/ready_buffer_reg[3]_srl3_denselayer2_ready_buffer_reg_c_0/CLK



