Copyright 1986-2019 Xilinx, Inc. All Rights Reserved.
------------------------------------------------------------------------------------------
| Tool Version      : Vivado v.2019.1 (lin64) Build 2552052 Fri May 24 14:47:09 MDT 2019
| Date              : Tue Nov 25 19:56:56 2025
| Host              : hvm1 running 64-bit Ubuntu 22.04.5 LTS
| Command           : report_timing_summary -file ../reports/25_9_Argmax_pipe2_timing.rpt
| Design            : waiz_benchmark
| Device            : xcvu13p-fhga2104
| Speed File        : -3  PRODUCTION 1.23 03-18-2019
| Temperature Grade : E
------------------------------------------------------------------------------------------

Timing Summary Report

------------------------------------------------------------------------------------------------
| Timer Settings
| --------------
------------------------------------------------------------------------------------------------

  Enable Multi Corner Analysis               :  Yes
  Enable Pessimism Removal                   :  Yes
  Pessimism Removal Resolution               :  Nearest Common Node
  Enable Input Delay Default Clock           :  No
  Enable Preset / Clear Arcs                 :  No
  Disable Flight Delays                      :  No
  Ignore I/O Paths                           :  No
  Timing Early Launch at Borrowing Latches   :  No
  Borrow Time for Max Delay Exceptions       :  Yes

  Corner  Analyze    Analyze    
  Name    Max Paths  Min Paths  
  ------  ---------  ---------  
  Slow    Yes        Yes        
  Fast    Yes        Yes        



check_timing report

Table of Contents
-----------------
1. checking no_clock
2. checking constant_clock
3. checking pulse_width_clock
4. checking unconstrained_internal_endpoints
5. checking no_input_delay
6. checking no_output_delay
7. checking multiple_clock
8. checking generated_clocks
9. checking loops
10. checking partial_input_delay
11. checking partial_output_delay
12. checking latch_loops

1. checking no_clock
--------------------
 There are 0 register/latch pins with no clock.


2. checking constant_clock
--------------------------
 There are 0 register/latch pins with constant_clock.


3. checking pulse_width_clock
-----------------------------
 There are 0 register/latch pins which need pulse_width check


4. checking unconstrained_internal_endpoints
--------------------------------------------
 There are 0 pins that are not constrained for maximum delay.

 There are 0 pins that are not constrained for maximum delay due to constant clock.


5. checking no_input_delay
--------------------------
 There are 402 input ports with no input delay specified. (HIGH)

 There are 0 input ports with no input delay but user has a false path constraint.


6. checking no_output_delay
---------------------------
 There are 6 ports with no output delay specified. (HIGH)

 There are 0 ports with no output delay but user has a false path constraint

 There are 0 ports with no output delay but with a timing clock defined on it or propagating through it


7. checking multiple_clock
--------------------------
 There are 0 register/latch pins with multiple clocks.


8. checking generated_clocks
----------------------------
 There are 0 generated clocks that are not connected to a clock source.


9. checking loops
-----------------
 There are 0 combinational loops in the design.


10. checking partial_input_delay
--------------------------------
 There are 0 input ports with partial input delay specified.


11. checking partial_output_delay
---------------------------------
 There are 0 ports with partial output delay specified.


12. checking latch_loops
------------------------
 There are 0 combinational latch loops in the design through latch input



------------------------------------------------------------------------------------------------
| Design Timing Summary
| ---------------------
------------------------------------------------------------------------------------------------

    WNS(ns)      TNS(ns)  TNS Failing Endpoints  TNS Total Endpoints      WHS(ns)      THS(ns)  THS Failing Endpoints  THS Total Endpoints     WPWS(ns)     TPWS(ns)  TPWS Failing Endpoints  TPWS Total Endpoints  
    -------      -------  ---------------------  -------------------      -------      -------  ---------------------  -------------------     --------     --------  ----------------------  --------------------  
      0.193        0.000                      0               169829        0.020        0.000                      0               169829        2.032        0.000                       0                 81957  


All user specified timing constraints are met.


------------------------------------------------------------------------------------------------
| Clock Summary
| -------------
------------------------------------------------------------------------------------------------

Clock   Waveform(ns)         Period(ns)      Frequency(MHz)
-----   ------------         ----------      --------------
ap_clk  {0.000 2.500}        5.000           200.000         


------------------------------------------------------------------------------------------------
| Intra Clock Table
| -----------------
------------------------------------------------------------------------------------------------

Clock             WNS(ns)      TNS(ns)  TNS Failing Endpoints  TNS Total Endpoints      WHS(ns)      THS(ns)  THS Failing Endpoints  THS Total Endpoints     WPWS(ns)     TPWS(ns)  TPWS Failing Endpoints  TPWS Total Endpoints  
-----             -------      -------  ---------------------  -------------------      -------      -------  ---------------------  -------------------     --------     --------  ----------------------  --------------------  
ap_clk              0.193        0.000                      0               169829        0.020        0.000                      0               169829        2.032        0.000                       0                 81957  


------------------------------------------------------------------------------------------------
| Inter Clock Table
| -----------------
------------------------------------------------------------------------------------------------

From Clock    To Clock          WNS(ns)      TNS(ns)  TNS Failing Endpoints  TNS Total Endpoints      WHS(ns)      THS(ns)  THS Failing Endpoints  THS Total Endpoints  
----------    --------          -------      -------  ---------------------  -------------------      -------      -------  ---------------------  -------------------  


------------------------------------------------------------------------------------------------
| Other Path Groups Table
| -----------------------
------------------------------------------------------------------------------------------------

Path Group    From Clock    To Clock          WNS(ns)      TNS(ns)  TNS Failing Endpoints  TNS Total Endpoints      WHS(ns)      THS(ns)  THS Failing Endpoints  THS Total Endpoints  
----------    ----------    --------          -------      -------  ---------------------  -------------------      -------      -------  ---------------------  -------------------  


------------------------------------------------------------------------------------------------
| Timing Details
| --------------
------------------------------------------------------------------------------------------------


---------------------------------------------------------------------------------------------------
From Clock:  ap_clk
  To Clock:  ap_clk

Setup :            0  Failing Endpoints,  Worst Slack        0.193ns,  Total Violation        0.000ns
Hold  :            0  Failing Endpoints,  Worst Slack        0.020ns,  Total Violation        0.000ns
PW    :            0  Failing Endpoints,  Worst Slack        2.032ns,  Total Violation        0.000ns
---------------------------------------------------------------------------------------------------


Max Delay Paths
--------------------------------------------------------------------------------------
Slack (MET) :             0.193ns  (required time - arrival time)
  Source:                 denselayer1/output_data_reg[2][24]_rep/C
                            (rising edge-triggered cell FDRE clocked by ap_clk  {rise@0.000ns fall@2.500ns period=5.000ns})
  Destination:            denselayer2/INPUT_SIZE_rows[2].OUTPUT_SIZE_cols[12].sa/data_out_reg[37]/D
                            (rising edge-triggered cell FDRE clocked by ap_clk  {rise@0.000ns fall@2.500ns period=5.000ns})
  Path Group:             ap_clk
  Path Type:              Setup (Max at Slow Process Corner)
  Requirement:            5.000ns  (ap_clk rise@5.000ns - ap_clk rise@0.000ns)
  Data Path Delay:        4.699ns  (logic 0.951ns (20.238%)  route 3.748ns (79.762%))
  Logic Levels:           9  (CARRY8=4 LUT2=1 LUT3=2 LUT4=2)
  Clock Path Skew:        -0.096ns (DCD - SCD + CPR)
    Destination Clock Delay (DCD):    3.184ns = ( 8.184 - 5.000 ) 
    Source Clock Delay      (SCD):    3.642ns
    Clock Pessimism Removal (CPR):    0.362ns
  Clock Uncertainty:      0.035ns  ((TSJ^2 + TIJ^2)^1/2 + DJ) / 2 + PE
    Total System Jitter     (TSJ):    0.071ns
    Total Input Jitter      (TIJ):    0.000ns
    Discrete Jitter          (DJ):    0.000ns
    Phase Error              (PE):    0.000ns
  Clock Net Delay (Source):      2.777ns (routing 1.269ns, distribution 1.508ns)
  Clock Net Delay (Destination): 2.562ns (routing 1.150ns, distribution 1.412ns)

    Location             Delay type                Incr(ns)  Path(ns)    Netlist Resource(s)
  -------------------------------------------------------------------    -------------------
                         (clock ap_clk rise edge)     0.000     0.000 r  
    R32                                               0.000     0.000 r  clk (IN)
                         net (fo=0)                   0.000     0.000    clk_IBUF_inst/I
    R32                  INBUF (Prop_INBUF_HPIOB_M_PAD_O)
                                                      0.523     0.523 r  clk_IBUF_inst/INBUF_INST/O
                         net (fo=1, routed)           0.000     0.523    clk_IBUF_inst/OUT
    R32                  IBUFCTRL (Prop_IBUFCTRL_HPIOB_M_I_O)
                                                      0.000     0.523 r  clk_IBUF_inst/IBUFCTRL_INST/O
                         net (fo=1, routed)           0.314     0.837    clk_IBUF
    BUFGCE_X0Y194        BUFGCE (Prop_BUFCE_BUFGCE_I_O)
                                                      0.028     0.865 r  clk_IBUF_BUFG_inst/O
    X3Y5 (CLOCK_ROOT)    net (fo=89461, routed)       2.777     3.642    denselayer1/clk_IBUF_BUFG
    SLR Crossing[2->1]   
    SLICE_X162Y318       FDRE                                         r  denselayer1/output_data_reg[2][24]_rep/C
  -------------------------------------------------------------------    -------------------
    SLICE_X162Y318       FDRE (Prop_HFF2_SLICEM_C_Q)
                                                      0.068     3.710 f  denselayer1/output_data_reg[2][24]_rep/Q
                         net (fo=175, routed)         1.310     5.020    relulayer1/data_out_reg[17]
    SLICE_X124Y370       LUT2 (Prop_E6LUT_SLICEM_I1_O)
                                                      0.031     5.051 f  relulayer1/data_out[19]_i_38/O
                         net (fo=62, routed)          1.585     6.636    denselayer1/data_out_reg[17]_114
    SLICE_X160Y445       LUT3 (Prop_D5LUT_SLICEL_I2_O)
                                                      0.120     6.756 r  denselayer1/data_out[23]_i_39__126/O
                         net (fo=2, routed)           0.131     6.887    denselayer1/data_out[23]_i_39__126_n_0
    SLICE_X160Y445       LUT4 (Prop_E6LUT_SLICEL_I3_O)
                                                      0.114     7.001 r  denselayer1/data_out[23]_i_47__115/O
                         net (fo=1, routed)           0.010     7.011    denselayer1/data_out[23]_i_47__115_n_0
    SLICE_X160Y445       CARRY8 (Prop_CARRY8_SLICEL_S[4]_CO[7])
                                                      0.133     7.144 r  denselayer1/data_out_reg[23]_i_34__13/CO[7]
                         net (fo=1, routed)           0.023     7.167    denselayer1/data_out_reg[23]_i_34__13_n_0
    SLICE_X160Y446       CARRY8 (Prop_CARRY8_SLICEL_CI_O[4])
                                                      0.076     7.243 r  denselayer1/data_out_reg[31]_i_18__71/O[4]
                         net (fo=2, routed)           0.356     7.599    denselayer1/INPUT_SIZE_rows[2].OUTPUT_SIZE_cols[12].sa/data_out_reg[31]_0[4]
    SLICE_X157Y446       LUT3 (Prop_A5LUT_SLICEM_I0_O)
                                                      0.089     7.688 r  denselayer1/INPUT_SIZE_rows[2].OUTPUT_SIZE_cols[12].sa/data_out[31]_i_8__155/O
                         net (fo=2, routed)           0.266     7.954    denselayer1/INPUT_SIZE_rows[2].OUTPUT_SIZE_cols[12].sa/data_out[31]_i_8__155_n_0
    SLICE_X157Y446       LUT4 (Prop_B6LUT_SLICEM_I3_O)
                                                      0.047     8.001 r  denselayer1/INPUT_SIZE_rows[2].OUTPUT_SIZE_cols[12].sa/data_out[31]_i_16__149/O
                         net (fo=1, routed)           0.020     8.021    denselayer1/INPUT_SIZE_rows[2].OUTPUT_SIZE_cols[12].sa/data_out[31]_i_16__149_n_0
    SLICE_X157Y446       CARRY8 (Prop_CARRY8_SLICEM_S[1]_CO[7])
                                                      0.170     8.191 r  denselayer1/INPUT_SIZE_rows[2].OUTPUT_SIZE_cols[12].sa/data_out_reg[31]_i_1__191/CO[7]
                         net (fo=1, routed)           0.023     8.214    denselayer1/INPUT_SIZE_rows[2].OUTPUT_SIZE_cols[12].sa/data_out_reg[31]_i_1__191_n_0
    SLICE_X157Y447       CARRY8 (Prop_CARRY8_SLICEM_CI_O[5])
                                                      0.103     8.317 r  denselayer1/INPUT_SIZE_rows[2].OUTPUT_SIZE_cols[12].sa/data_out_reg[40]_i_1__434/O[5]
                         net (fo=1, routed)           0.024     8.341    denselayer2/INPUT_SIZE_rows[2].OUTPUT_SIZE_cols[12].sa/data_out_reg[40]_2[21]
    SLICE_X157Y447       FDRE                                         r  denselayer2/INPUT_SIZE_rows[2].OUTPUT_SIZE_cols[12].sa/data_out_reg[37]/D
  -------------------------------------------------------------------    -------------------

                         (clock ap_clk rise edge)     5.000     5.000 r  
    R32                                               0.000     5.000 r  clk (IN)
                         net (fo=0)                   0.000     5.000    clk_IBUF_inst/I
    R32                  INBUF (Prop_INBUF_HPIOB_M_PAD_O)
                                                      0.319     5.319 r  clk_IBUF_inst/INBUF_INST/O
                         net (fo=1, routed)           0.000     5.319    clk_IBUF_inst/OUT
    R32                  IBUFCTRL (Prop_IBUFCTRL_HPIOB_M_I_O)
                                                      0.000     5.319 r  clk_IBUF_inst/IBUFCTRL_INST/O
                         net (fo=1, routed)           0.279     5.598    clk_IBUF
    BUFGCE_X0Y194        BUFGCE (Prop_BUFCE_BUFGCE_I_O)
                                                      0.024     5.622 r  clk_IBUF_BUFG_inst/O
    X3Y5 (CLOCK_ROOT)    net (fo=89461, routed)       2.562     8.184    denselayer2/INPUT_SIZE_rows[2].OUTPUT_SIZE_cols[12].sa/clk_IBUF_BUFG
    SLR Crossing[2->1]   
    SLICE_X157Y447       FDRE                                         r  denselayer2/INPUT_SIZE_rows[2].OUTPUT_SIZE_cols[12].sa/data_out_reg[37]/C
                         clock pessimism              0.362     8.546    
                         clock uncertainty           -0.035     8.511    
    SLICE_X157Y447       FDRE (Setup_FFF_SLICEM_C_D)
                                                      0.023     8.534    denselayer2/INPUT_SIZE_rows[2].OUTPUT_SIZE_cols[12].sa/data_out_reg[37]
  -------------------------------------------------------------------
                         required time                          8.534    
                         arrival time                          -8.341    
  -------------------------------------------------------------------
                         slack                                  0.193    





Min Delay Paths
--------------------------------------------------------------------------------------
Slack (MET) :             0.020ns  (arrival time - required time)
  Source:                 denselayer2/INPUT_SIZE_rows[58].OUTPUT_SIZE_cols[6].sa/data_out_reg[17]/C
                            (rising edge-triggered cell FDRE clocked by ap_clk  {rise@0.000ns fall@2.500ns period=5.000ns})
  Destination:            denselayer2/sum_all/col_trees[6].column_tree/genblk2[2].genblk1[30].tree_reg[30][2]/D
                            (rising edge-triggered cell FDRE clocked by ap_clk  {rise@0.000ns fall@2.500ns period=5.000ns})
  Path Group:             ap_clk
  Path Type:              Hold (Min at Fast Process Corner)
  Requirement:            0.000ns  (ap_clk rise@0.000ns - ap_clk rise@0.000ns)
  Data Path Delay:        0.201ns  (logic 0.106ns (52.736%)  route 0.095ns (47.264%))
  Logic Levels:           2  (CARRY8=1 LUT6=1)
  Clock Path Skew:        0.135ns (DCD - SCD - CPR)
    Destination Clock Delay (DCD):    2.503ns
    Source Clock Delay      (SCD):    2.053ns
    Clock Pessimism Removal (CPR):    0.315ns
  Clock Net Delay (Source):      1.669ns (routing 0.771ns, distribution 0.898ns)
  Clock Net Delay (Destination): 1.894ns (routing 0.861ns, distribution 1.033ns)

    Location             Delay type                Incr(ns)  Path(ns)    Netlist Resource(s)
  -------------------------------------------------------------------    -------------------
                         (clock ap_clk rise edge)     0.000     0.000 r  
    R32                                               0.000     0.000 r  clk (IN)
                         net (fo=0)                   0.000     0.000    clk_IBUF_inst/I
    R32                  INBUF (Prop_INBUF_HPIOB_M_PAD_O)
                                                      0.223     0.223 r  clk_IBUF_inst/INBUF_INST/O
                         net (fo=1, routed)           0.000     0.223    clk_IBUF_inst/OUT
    R32                  IBUFCTRL (Prop_IBUFCTRL_HPIOB_M_I_O)
                                                      0.000     0.223 r  clk_IBUF_inst/IBUFCTRL_INST/O
                         net (fo=1, routed)           0.144     0.367    clk_IBUF
    BUFGCE_X0Y194        BUFGCE (Prop_BUFCE_BUFGCE_I_O)
                                                      0.017     0.384 r  clk_IBUF_BUFG_inst/O
    X3Y5 (CLOCK_ROOT)    net (fo=89461, routed)       1.669     2.053    denselayer2/INPUT_SIZE_rows[58].OUTPUT_SIZE_cols[6].sa/clk_IBUF_BUFG
    SLR Crossing[2->1]   
    SLICE_X147Y357       FDRE                                         r  denselayer2/INPUT_SIZE_rows[58].OUTPUT_SIZE_cols[6].sa/data_out_reg[17]/C
  -------------------------------------------------------------------    -------------------
    SLICE_X147Y357       FDRE (Prop_HFF_SLICEL_C_Q)
                                                      0.039     2.092 r  denselayer2/INPUT_SIZE_rows[58].OUTPUT_SIZE_cols[6].sa/data_out_reg[17]/Q
                         net (fo=4, routed)           0.080     2.172    denselayer2/INPUT_SIZE_rows[59].OUTPUT_SIZE_cols[6].sa/mow/internal_operation/genblk2[2].genblk1[30].tree_reg[30][15][0]
    SLICE_X147Y360       LUT6 (Prop_C6LUT_SLICEL_I4_O)
                                                      0.050     2.222 r  denselayer2/INPUT_SIZE_rows[59].OUTPUT_SIZE_cols[6].sa/mow/internal_operation/genblk2[2].genblk1[30].tree[30][7]_i_14__5/O
                         net (fo=1, routed)           0.008     2.230    denselayer2/INPUT_SIZE_rows[59].OUTPUT_SIZE_cols[6].sa/mow/internal_operation/genblk2[2].genblk1[30].tree[30][7]_i_14__5_n_0
    SLICE_X147Y360       CARRY8 (Prop_CARRY8_SLICEL_S[2]_O[2])
                                                      0.017     2.247 r  denselayer2/INPUT_SIZE_rows[59].OUTPUT_SIZE_cols[6].sa/mow/internal_operation/genblk2[2].genblk1[30].tree_reg[30][7]_i_1__5/O[2]
                         net (fo=1, routed)           0.007     2.254    denselayer2/sum_all/col_trees[6].column_tree/genblk2[2].genblk1[30].tree_reg[30][24]_0[2]
    SLICE_X147Y360       FDRE                                         r  denselayer2/sum_all/col_trees[6].column_tree/genblk2[2].genblk1[30].tree_reg[30][2]/D
  -------------------------------------------------------------------    -------------------

                         (clock ap_clk rise edge)     0.000     0.000 r  
    R32                                               0.000     0.000 r  clk (IN)
                         net (fo=0)                   0.000     0.000    clk_IBUF_inst/I
    R32                  INBUF (Prop_INBUF_HPIOB_M_PAD_O)
                                                      0.409     0.409 r  clk_IBUF_inst/INBUF_INST/O
                         net (fo=1, routed)           0.000     0.409    clk_IBUF_inst/OUT
    R32                  IBUFCTRL (Prop_IBUFCTRL_HPIOB_M_I_O)
                                                      0.000     0.409 r  clk_IBUF_inst/IBUFCTRL_INST/O
                         net (fo=1, routed)           0.181     0.590    clk_IBUF
    BUFGCE_X0Y194        BUFGCE (Prop_BUFCE_BUFGCE_I_O)
                                                      0.019     0.609 r  clk_IBUF_BUFG_inst/O
    X3Y5 (CLOCK_ROOT)    net (fo=89461, routed)       1.894     2.503    denselayer2/sum_all/col_trees[6].column_tree/clk_IBUF_BUFG
    SLR Crossing[2->1]   
    SLICE_X147Y360       FDRE                                         r  denselayer2/sum_all/col_trees[6].column_tree/genblk2[2].genblk1[30].tree_reg[30][2]/C
                         clock pessimism             -0.315     2.188    
    SLICE_X147Y360       FDRE (Hold_CFF_SLICEL_C_D)
                                                      0.046     2.234    denselayer2/sum_all/col_trees[6].column_tree/genblk2[2].genblk1[30].tree_reg[30][2]
  -------------------------------------------------------------------
                         required time                         -2.234    
                         arrival time                           2.254    
  -------------------------------------------------------------------
                         slack                                  0.020    





Pulse Width Checks
--------------------------------------------------------------------------------------
Clock Name:         ap_clk
Waveform(ns):       { 0.000 2.500 }
Period(ns):         5.000
Sources:            { clk }

Check Type        Corner  Lib Pin     Reference Pin  Required(ns)  Actual(ns)  Slack(ns)  Location       Pin
Min Period        n/a     BUFGCE/I    n/a            1.122         5.000       3.878      BUFGCE_X0Y194  clk_IBUF_BUFG_inst/I
Low Pulse Width   Slow    SRL16E/CLK  n/a            0.468         2.500       2.032      SLICE_X65Y335  denselayer3/ready_buffer_reg[3]_srl3_denselayer2_ready_buffer_reg_c_0/CLK
High Pulse Width  Slow    SRL16E/CLK  n/a            0.468         2.500       2.032      SLICE_X65Y335  denselayer3/ready_buffer_reg[3]_srl3_denselayer2_ready_buffer_reg_c_0/CLK



