Copyright 1986-2019 Xilinx, Inc. All Rights Reserved.
------------------------------------------------------------------------------------------
| Tool Version      : Vivado v.2019.1 (lin64) Build 2552052 Fri May 24 14:47:09 MDT 2019
| Date              : Mon Nov 24 10:08:17 2025
| Host              : hvm1 running 64-bit Ubuntu 22.04.5 LTS
| Command           : report_timing_summary -file reports/25_9_Argmax_varpipes_timing.rpt
| Design            : waiz_benchmark
| Device            : xcvu13p-fhga2104
| Speed File        : -3  PRODUCTION 1.23 03-18-2019
| Temperature Grade : E
------------------------------------------------------------------------------------------

Timing Summary Report

------------------------------------------------------------------------------------------------
| Timer Settings
| --------------
------------------------------------------------------------------------------------------------

  Enable Multi Corner Analysis               :  Yes
  Enable Pessimism Removal                   :  Yes
  Pessimism Removal Resolution               :  Nearest Common Node
  Enable Input Delay Default Clock           :  No
  Enable Preset / Clear Arcs                 :  No
  Disable Flight Delays                      :  No
  Ignore I/O Paths                           :  No
  Timing Early Launch at Borrowing Latches   :  No
  Borrow Time for Max Delay Exceptions       :  Yes

  Corner  Analyze    Analyze    
  Name    Max Paths  Min Paths  
  ------  ---------  ---------  
  Slow    Yes        Yes        
  Fast    Yes        Yes        



check_timing report

Table of Contents
-----------------
1. checking no_clock
2. checking constant_clock
3. checking pulse_width_clock
4. checking unconstrained_internal_endpoints
5. checking no_input_delay
6. checking no_output_delay
7. checking multiple_clock
8. checking generated_clocks
9. checking loops
10. checking partial_input_delay
11. checking partial_output_delay
12. checking latch_loops

1. checking no_clock
--------------------
 There are 0 register/latch pins with no clock.


2. checking constant_clock
--------------------------
 There are 0 register/latch pins with constant_clock.


3. checking pulse_width_clock
-----------------------------
 There are 0 register/latch pins which need pulse_width check


4. checking unconstrained_internal_endpoints
--------------------------------------------
 There are 0 pins that are not constrained for maximum delay.

 There are 0 pins that are not constrained for maximum delay due to constant clock.


5. checking no_input_delay
--------------------------
 There are 402 input ports with no input delay specified. (HIGH)

 There are 0 input ports with no input delay but user has a false path constraint.


6. checking no_output_delay
---------------------------
 There are 6 ports with no output delay specified. (HIGH)

 There are 0 ports with no output delay but user has a false path constraint

 There are 0 ports with no output delay but with a timing clock defined on it or propagating through it


7. checking multiple_clock
--------------------------
 There are 0 register/latch pins with multiple clocks.


8. checking generated_clocks
----------------------------
 There are 0 generated clocks that are not connected to a clock source.


9. checking loops
-----------------
 There are 0 combinational loops in the design.


10. checking partial_input_delay
--------------------------------
 There are 0 input ports with partial input delay specified.


11. checking partial_output_delay
---------------------------------
 There are 0 ports with partial output delay specified.


12. checking latch_loops
------------------------
 There are 0 combinational latch loops in the design through latch input



------------------------------------------------------------------------------------------------
| Design Timing Summary
| ---------------------
------------------------------------------------------------------------------------------------

    WNS(ns)      TNS(ns)  TNS Failing Endpoints  TNS Total Endpoints      WHS(ns)      THS(ns)  THS Failing Endpoints  THS Total Endpoints     WPWS(ns)     TPWS(ns)  TPWS Failing Endpoints  TPWS Total Endpoints  
    -------      -------  ---------------------  -------------------      -------      -------  ---------------------  -------------------     --------     --------  ----------------------  --------------------  
      0.324        0.000                      0               181270        0.015        0.000                      0               181270        2.032        0.000                       0                 93407  


All user specified timing constraints are met.


------------------------------------------------------------------------------------------------
| Clock Summary
| -------------
------------------------------------------------------------------------------------------------

Clock   Waveform(ns)         Period(ns)      Frequency(MHz)
-----   ------------         ----------      --------------
ap_clk  {0.000 2.500}        5.000           200.000         


------------------------------------------------------------------------------------------------
| Intra Clock Table
| -----------------
------------------------------------------------------------------------------------------------

Clock             WNS(ns)      TNS(ns)  TNS Failing Endpoints  TNS Total Endpoints      WHS(ns)      THS(ns)  THS Failing Endpoints  THS Total Endpoints     WPWS(ns)     TPWS(ns)  TPWS Failing Endpoints  TPWS Total Endpoints  
-----             -------      -------  ---------------------  -------------------      -------      -------  ---------------------  -------------------     --------     --------  ----------------------  --------------------  
ap_clk              0.324        0.000                      0               181270        0.015        0.000                      0               181270        2.032        0.000                       0                 93407  


------------------------------------------------------------------------------------------------
| Inter Clock Table
| -----------------
------------------------------------------------------------------------------------------------

From Clock    To Clock          WNS(ns)      TNS(ns)  TNS Failing Endpoints  TNS Total Endpoints      WHS(ns)      THS(ns)  THS Failing Endpoints  THS Total Endpoints  
----------    --------          -------      -------  ---------------------  -------------------      -------      -------  ---------------------  -------------------  


------------------------------------------------------------------------------------------------
| Other Path Groups Table
| -----------------------
------------------------------------------------------------------------------------------------

Path Group    From Clock    To Clock          WNS(ns)      TNS(ns)  TNS Failing Endpoints  TNS Total Endpoints      WHS(ns)      THS(ns)  THS Failing Endpoints  THS Total Endpoints  
----------    ----------    --------          -------      -------  ---------------------  -------------------      -------      -------  ---------------------  -------------------  


------------------------------------------------------------------------------------------------
| Timing Details
| --------------
------------------------------------------------------------------------------------------------


---------------------------------------------------------------------------------------------------
From Clock:  ap_clk
  To Clock:  ap_clk

Setup :            0  Failing Endpoints,  Worst Slack        0.324ns,  Total Violation        0.000ns
Hold  :            0  Failing Endpoints,  Worst Slack        0.015ns,  Total Violation        0.000ns
PW    :            0  Failing Endpoints,  Worst Slack        2.032ns,  Total Violation        0.000ns
---------------------------------------------------------------------------------------------------


Max Delay Paths
--------------------------------------------------------------------------------------
Slack (MET) :             0.324ns  (required time - arrival time)
  Source:                 denselayer2/output_data_reg[25][24]/C
                            (rising edge-triggered cell FDRE clocked by ap_clk  {rise@0.000ns fall@2.500ns period=5.000ns})
  Destination:            denselayer3/INPUT_SIZE_rows[25].OUTPUT_SIZE_cols[19].sa/data_out_reg[40]/D
                            (rising edge-triggered cell FDRE clocked by ap_clk  {rise@0.000ns fall@2.500ns period=5.000ns})
  Path Group:             ap_clk
  Path Type:              Setup (Max at Slow Process Corner)
  Requirement:            5.000ns  (ap_clk rise@5.000ns - ap_clk rise@0.000ns)
  Data Path Delay:        4.639ns  (logic 0.820ns (17.676%)  route 3.819ns (82.324%))
  Logic Levels:           7  (CARRY8=4 LUT2=1 LUT3=1 LUT5=1)
  Clock Path Skew:        -0.025ns (DCD - SCD + CPR)
    Destination Clock Delay (DCD):    2.910ns = ( 7.910 - 5.000 ) 
    Source Clock Delay      (SCD):    3.376ns
    Clock Pessimism Removal (CPR):    0.441ns
  Clock Uncertainty:      0.035ns  ((TSJ^2 + TIJ^2)^1/2 + DJ) / 2 + PE
    Total System Jitter     (TSJ):    0.071ns
    Total Input Jitter      (TIJ):    0.000ns
    Discrete Jitter          (DJ):    0.000ns
    Phase Error              (PE):    0.000ns
  Clock Net Delay (Source):      2.511ns (routing 1.269ns, distribution 1.242ns)
  Clock Net Delay (Destination): 2.288ns (routing 1.150ns, distribution 1.138ns)

    Location             Delay type                Incr(ns)  Path(ns)    Netlist Resource(s)
  -------------------------------------------------------------------    -------------------
                         (clock ap_clk rise edge)     0.000     0.000 r  
    R32                                               0.000     0.000 r  clk (IN)
                         net (fo=0)                   0.000     0.000    clk_IBUF_inst/I
    R32                  INBUF (Prop_INBUF_HPIOB_M_PAD_O)
                                                      0.523     0.523 r  clk_IBUF_inst/INBUF_INST/O
                         net (fo=1, routed)           0.000     0.523    clk_IBUF_inst/OUT
    R32                  IBUFCTRL (Prop_IBUFCTRL_HPIOB_M_I_O)
                                                      0.000     0.523 r  clk_IBUF_inst/IBUFCTRL_INST/O
                         net (fo=1, routed)           0.314     0.837    clk_IBUF
    BUFGCE_X0Y194        BUFGCE (Prop_BUFCE_BUFGCE_I_O)
                                                      0.028     0.865 r  clk_IBUF_BUFG_inst/O
    X3Y5 (CLOCK_ROOT)    net (fo=100911, routed)      2.511     3.376    denselayer2/clk_IBUF_BUFG
    SLR Crossing[2->1]   
    SLICE_X98Y375        FDRE                                         r  denselayer2/output_data_reg[25][24]/C
  -------------------------------------------------------------------    -------------------
    SLICE_X98Y375        FDRE (Prop_GFF_SLICEL_C_Q)
                                                      0.070     3.446 f  denselayer2/output_data_reg[25][24]/Q
                         net (fo=214, routed)         1.452     4.898    relulayer2/data_out_reg[40]_5[24]
    SLICE_X29Y365        LUT2 (Prop_G6LUT_SLICEL_I1_O)
                                                      0.082     4.980 r  relulayer2/buff0_reg_i_8__31/O
                         net (fo=78, routed)          1.841     6.821    denselayer2/dense3_input_data[6][16]
    SLICE_X97Y359        LUT5 (Prop_D6LUT_SLICEM_I3_O)
                                                      0.133     6.954 r  denselayer2/data_out[24]_i_37__46/O
                         net (fo=1, routed)           0.029     6.983    denselayer2/data_out[24]_i_37__46_n_0
    SLICE_X97Y359        CARRY8 (Prop_CARRY8_SLICEM_S[3]_CO[7])
                                                      0.145     7.128 r  denselayer2/data_out_reg[24]_i_20__0/CO[7]
                         net (fo=1, routed)           0.023     7.151    denselayer2/data_out_reg[24]_i_20__0_n_0
    SLICE_X97Y360        CARRY8 (Prop_CARRY8_SLICEM_CI_O[3])
                                                      0.072     7.223 r  denselayer2/data_out_reg[32]_i_19__15/O[3]
                         net (fo=3, routed)           0.212     7.435    denselayer2/INPUT_SIZE_rows[25].OUTPUT_SIZE_cols[19].sa/data_out_reg[32]_2[3]
    SLICE_X98Y362        LUT3 (Prop_F6LUT_SLICEL_I1_O)
                                                      0.114     7.549 r  denselayer2/INPUT_SIZE_rows[25].OUTPUT_SIZE_cols[19].sa/data_out[32]_i_8__412/O
                         net (fo=1, routed)           0.214     7.763    denselayer2/INPUT_SIZE_rows[25].OUTPUT_SIZE_cols[19].sa/data_out[32]_i_8__412_n_0
    SLICE_X98Y360        CARRY8 (Prop_CARRY8_SLICEL_DI[1]_CO[7])
                                                      0.101     7.864 r  denselayer2/INPUT_SIZE_rows[25].OUTPUT_SIZE_cols[19].sa/data_out_reg[32]_i_1__464/CO[7]
                         net (fo=1, routed)           0.023     7.887    denselayer2/INPUT_SIZE_rows[25].OUTPUT_SIZE_cols[19].sa/data_out_reg[32]_i_1__464_n_0
    SLICE_X98Y361        CARRY8 (Prop_CARRY8_SLICEL_CI_O[7])
                                                      0.103     7.990 r  denselayer2/INPUT_SIZE_rows[25].OUTPUT_SIZE_cols[19].sa/data_out_reg[40]_i_1__821/O[7]
                         net (fo=1, routed)           0.025     8.015    denselayer3/INPUT_SIZE_rows[25].OUTPUT_SIZE_cols[19].sa/data_out_reg[40]_1[24]
    SLICE_X98Y361        FDRE                                         r  denselayer3/INPUT_SIZE_rows[25].OUTPUT_SIZE_cols[19].sa/data_out_reg[40]/D
  -------------------------------------------------------------------    -------------------

                         (clock ap_clk rise edge)     5.000     5.000 r  
    R32                                               0.000     5.000 r  clk (IN)
                         net (fo=0)                   0.000     5.000    clk_IBUF_inst/I
    R32                  INBUF (Prop_INBUF_HPIOB_M_PAD_O)
                                                      0.319     5.319 r  clk_IBUF_inst/INBUF_INST/O
                         net (fo=1, routed)           0.000     5.319    clk_IBUF_inst/OUT
    R32                  IBUFCTRL (Prop_IBUFCTRL_HPIOB_M_I_O)
                                                      0.000     5.319 r  clk_IBUF_inst/IBUFCTRL_INST/O
                         net (fo=1, routed)           0.279     5.598    clk_IBUF
    BUFGCE_X0Y194        BUFGCE (Prop_BUFCE_BUFGCE_I_O)
                                                      0.024     5.622 r  clk_IBUF_BUFG_inst/O
    X3Y5 (CLOCK_ROOT)    net (fo=100911, routed)      2.288     7.910    denselayer3/INPUT_SIZE_rows[25].OUTPUT_SIZE_cols[19].sa/clk_IBUF_BUFG
    SLR Crossing[2->1]   
    SLICE_X98Y361        FDRE                                         r  denselayer3/INPUT_SIZE_rows[25].OUTPUT_SIZE_cols[19].sa/data_out_reg[40]/C
                         clock pessimism              0.441     8.351    
                         clock uncertainty           -0.035     8.316    
    SLICE_X98Y361        FDRE (Setup_HFF_SLICEL_C_D)
                                                      0.023     8.339    denselayer3/INPUT_SIZE_rows[25].OUTPUT_SIZE_cols[19].sa/data_out_reg[40]
  -------------------------------------------------------------------
                         required time                          8.339    
                         arrival time                          -8.015    
  -------------------------------------------------------------------
                         slack                                  0.324    





Min Delay Paths
--------------------------------------------------------------------------------------
Slack (MET) :             0.015ns  (arrival time - required time)
  Source:                 denselayer2/INPUT_SIZE_rows[40].OUTPUT_SIZE_cols[10].sa/data_out_reg[19]/C
                            (rising edge-triggered cell FDRE clocked by ap_clk  {rise@0.000ns fall@2.500ns period=5.000ns})
  Destination:            denselayer2/sum_all/col_trees[10].column_tree/genblk2[2].genblk1[26].tree_reg[26][3]/D
                            (rising edge-triggered cell FDRE clocked by ap_clk  {rise@0.000ns fall@2.500ns period=5.000ns})
  Path Group:             ap_clk
  Path Type:              Hold (Min at Fast Process Corner)
  Requirement:            0.000ns  (ap_clk rise@0.000ns - ap_clk rise@0.000ns)
  Data Path Delay:        0.202ns  (logic 0.118ns (58.416%)  route 0.084ns (41.584%))
  Logic Levels:           2  (CARRY8=1 LUT6=1)
  Clock Path Skew:        0.141ns (DCD - SCD - CPR)
    Destination Clock Delay (DCD):    2.544ns
    Source Clock Delay      (SCD):    2.088ns
    Clock Pessimism Removal (CPR):    0.315ns
  Clock Net Delay (Source):      1.704ns (routing 0.771ns, distribution 0.933ns)
  Clock Net Delay (Destination): 1.935ns (routing 0.861ns, distribution 1.074ns)

    Location             Delay type                Incr(ns)  Path(ns)    Netlist Resource(s)
  -------------------------------------------------------------------    -------------------
                         (clock ap_clk rise edge)     0.000     0.000 r  
    R32                                               0.000     0.000 r  clk (IN)
                         net (fo=0)                   0.000     0.000    clk_IBUF_inst/I
    R32                  INBUF (Prop_INBUF_HPIOB_M_PAD_O)
                                                      0.223     0.223 r  clk_IBUF_inst/INBUF_INST/O
                         net (fo=1, routed)           0.000     0.223    clk_IBUF_inst/OUT
    R32                  IBUFCTRL (Prop_IBUFCTRL_HPIOB_M_I_O)
                                                      0.000     0.223 r  clk_IBUF_inst/IBUFCTRL_INST/O
                         net (fo=1, routed)           0.144     0.367    clk_IBUF
    BUFGCE_X0Y194        BUFGCE (Prop_BUFCE_BUFGCE_I_O)
                                                      0.017     0.384 r  clk_IBUF_BUFG_inst/O
    X3Y5 (CLOCK_ROOT)    net (fo=100911, routed)      1.704     2.088    denselayer2/INPUT_SIZE_rows[40].OUTPUT_SIZE_cols[10].sa/clk_IBUF_BUFG
    SLR Crossing[2->1]   
    SLICE_X167Y359       FDRE                                         r  denselayer2/INPUT_SIZE_rows[40].OUTPUT_SIZE_cols[10].sa/data_out_reg[19]/C
  -------------------------------------------------------------------    -------------------
    SLICE_X167Y359       FDRE (Prop_DFF_SLICEM_C_Q)
                                                      0.039     2.127 r  denselayer2/INPUT_SIZE_rows[40].OUTPUT_SIZE_cols[10].sa/data_out_reg[19]/Q
                         net (fo=2, routed)           0.061     2.188    denselayer2/INPUT_SIZE_rows[43].OUTPUT_SIZE_cols[10].sa/Q[3]
    SLICE_X167Y361       LUT6 (Prop_D6LUT_SLICEM_I2_O)
                                                      0.059     2.247 r  denselayer2/INPUT_SIZE_rows[43].OUTPUT_SIZE_cols[10].sa/genblk2[2].genblk1[26].tree[26][7]_i_13__9/O
                         net (fo=1, routed)           0.016     2.263    denselayer2/INPUT_SIZE_rows[43].OUTPUT_SIZE_cols[10].sa/genblk2[2].genblk1[26].tree[26][7]_i_13__9_n_0
    SLICE_X167Y361       CARRY8 (Prop_CARRY8_SLICEM_S[3]_O[3])
                                                      0.020     2.283 r  denselayer2/INPUT_SIZE_rows[43].OUTPUT_SIZE_cols[10].sa/genblk2[2].genblk1[26].tree_reg[26][7]_i_1__9/O[3]
                         net (fo=1, routed)           0.007     2.290    denselayer2/sum_all/col_trees[10].column_tree/genblk2[2].genblk1[26].tree_reg[26][24]_0[3]
    SLICE_X167Y361       FDRE                                         r  denselayer2/sum_all/col_trees[10].column_tree/genblk2[2].genblk1[26].tree_reg[26][3]/D
  -------------------------------------------------------------------    -------------------

                         (clock ap_clk rise edge)     0.000     0.000 r  
    R32                                               0.000     0.000 r  clk (IN)
                         net (fo=0)                   0.000     0.000    clk_IBUF_inst/I
    R32                  INBUF (Prop_INBUF_HPIOB_M_PAD_O)
                                                      0.409     0.409 r  clk_IBUF_inst/INBUF_INST/O
                         net (fo=1, routed)           0.000     0.409    clk_IBUF_inst/OUT
    R32                  IBUFCTRL (Prop_IBUFCTRL_HPIOB_M_I_O)
                                                      0.000     0.409 r  clk_IBUF_inst/IBUFCTRL_INST/O
                         net (fo=1, routed)           0.181     0.590    clk_IBUF
    BUFGCE_X0Y194        BUFGCE (Prop_BUFCE_BUFGCE_I_O)
                                                      0.019     0.609 r  clk_IBUF_BUFG_inst/O
    X3Y5 (CLOCK_ROOT)    net (fo=100911, routed)      1.935     2.544    denselayer2/sum_all/col_trees[10].column_tree/clk_IBUF_BUFG
    SLR Crossing[2->1]   
    SLICE_X167Y361       FDRE                                         r  denselayer2/sum_all/col_trees[10].column_tree/genblk2[2].genblk1[26].tree_reg[26][3]/C
                         clock pessimism             -0.315     2.229    
    SLICE_X167Y361       FDRE (Hold_DFF_SLICEM_C_D)
                                                      0.046     2.275    denselayer2/sum_all/col_trees[10].column_tree/genblk2[2].genblk1[26].tree_reg[26][3]
  -------------------------------------------------------------------
                         required time                         -2.275    
                         arrival time                           2.290    
  -------------------------------------------------------------------
                         slack                                  0.015    





Pulse Width Checks
--------------------------------------------------------------------------------------
Clock Name:         ap_clk
Waveform(ns):       { 0.000 2.500 }
Period(ns):         5.000
Sources:            { clk }

Check Type        Corner  Lib Pin     Reference Pin  Required(ns)  Actual(ns)  Slack(ns)  Location       Pin
Min Period        n/a     BUFGCE/I    n/a            1.122         5.000       3.878      BUFGCE_X0Y194  clk_IBUF_BUFG_inst/I
Low Pulse Width   Fast    SRL16E/CLK  n/a            0.468         2.500       2.032      SLICE_X72Y439  denselayer3/ready_buffer_reg[3]_srl4_denselayer2_ready_buffer_reg_c_1/CLK
High Pulse Width  Slow    SRL16E/CLK  n/a            0.468         2.500       2.032      SLICE_X72Y439  denselayer3/ready_buffer_reg[3]_srl4_denselayer2_ready_buffer_reg_c_1/CLK



