Copyright 1986-2019 Xilinx, Inc. All Rights Reserved.
-------------------------------------------------------------------------------------------
| Tool Version      : Vivado v.2019.1 (lin64) Build 2552052 Fri May 24 14:47:09 MDT 2019
| Date              : Thu Dec 18 04:03:16 2025
| Host              : hvm1 running 64-bit Ubuntu 22.04.5 LTS
| Command           : report_timing_summary -file ../reports/25_9_MinpipeNegmax_timing.rpt
| Design            : waiz_benchmark
| Device            : xcvu13p-fhga2104
| Speed File        : -3  PRODUCTION 1.23 03-18-2019
| Temperature Grade : E
-------------------------------------------------------------------------------------------

Timing Summary Report

------------------------------------------------------------------------------------------------
| Timer Settings
| --------------
------------------------------------------------------------------------------------------------

  Enable Multi Corner Analysis               :  Yes
  Enable Pessimism Removal                   :  Yes
  Pessimism Removal Resolution               :  Nearest Common Node
  Enable Input Delay Default Clock           :  No
  Enable Preset / Clear Arcs                 :  No
  Disable Flight Delays                      :  No
  Ignore I/O Paths                           :  No
  Timing Early Launch at Borrowing Latches   :  No
  Borrow Time for Max Delay Exceptions       :  Yes

  Corner  Analyze    Analyze    
  Name    Max Paths  Min Paths  
  ------  ---------  ---------  
  Slow    Yes        Yes        
  Fast    Yes        Yes        



check_timing report

Table of Contents
-----------------
1. checking no_clock
2. checking constant_clock
3. checking pulse_width_clock
4. checking unconstrained_internal_endpoints
5. checking no_input_delay
6. checking no_output_delay
7. checking multiple_clock
8. checking generated_clocks
9. checking loops
10. checking partial_input_delay
11. checking partial_output_delay
12. checking latch_loops

1. checking no_clock
--------------------
 There are 0 register/latch pins with no clock.


2. checking constant_clock
--------------------------
 There are 0 register/latch pins with constant_clock.


3. checking pulse_width_clock
-----------------------------
 There are 0 register/latch pins which need pulse_width check


4. checking unconstrained_internal_endpoints
--------------------------------------------
 There are 0 pins that are not constrained for maximum delay.

 There are 0 pins that are not constrained for maximum delay due to constant clock.


5. checking no_input_delay
--------------------------
 There are 402 input ports with no input delay specified. (HIGH)

 There are 0 input ports with no input delay but user has a false path constraint.


6. checking no_output_delay
---------------------------
 There are 91 ports with no output delay specified. (HIGH)

 There are 0 ports with no output delay but user has a false path constraint

 There are 0 ports with no output delay but with a timing clock defined on it or propagating through it


7. checking multiple_clock
--------------------------
 There are 0 register/latch pins with multiple clocks.


8. checking generated_clocks
----------------------------
 There are 0 generated clocks that are not connected to a clock source.


9. checking loops
-----------------
 There are 0 combinational loops in the design.


10. checking partial_input_delay
--------------------------------
 There are 0 input ports with partial input delay specified.


11. checking partial_output_delay
---------------------------------
 There are 0 ports with partial output delay specified.


12. checking latch_loops
------------------------
 There are 0 combinational latch loops in the design through latch input



------------------------------------------------------------------------------------------------
| Design Timing Summary
| ---------------------
------------------------------------------------------------------------------------------------

    WNS(ns)      TNS(ns)  TNS Failing Endpoints  TNS Total Endpoints      WHS(ns)      THS(ns)  THS Failing Endpoints  THS Total Endpoints     WPWS(ns)     TPWS(ns)  TPWS Failing Endpoints  TPWS Total Endpoints  
    -------      -------  ---------------------  -------------------      -------      -------  ---------------------  -------------------     --------     --------  ----------------------  --------------------  
     -1.394    -2800.414                  13908               100411        0.015        0.000                      0               100411        2.225        0.000                       0                 58512  


Timing constraints are not met.


------------------------------------------------------------------------------------------------
| Clock Summary
| -------------
------------------------------------------------------------------------------------------------

Clock   Waveform(ns)         Period(ns)      Frequency(MHz)
-----   ------------         ----------      --------------
ap_clk  {0.000 2.500}        5.000           200.000         


------------------------------------------------------------------------------------------------
| Intra Clock Table
| -----------------
------------------------------------------------------------------------------------------------

Clock             WNS(ns)      TNS(ns)  TNS Failing Endpoints  TNS Total Endpoints      WHS(ns)      THS(ns)  THS Failing Endpoints  THS Total Endpoints     WPWS(ns)     TPWS(ns)  TPWS Failing Endpoints  TPWS Total Endpoints  
-----             -------      -------  ---------------------  -------------------      -------      -------  ---------------------  -------------------     --------     --------  ----------------------  --------------------  
ap_clk             -1.394    -2800.414                  13908               100411        0.015        0.000                      0               100411        2.225        0.000                       0                 58512  


------------------------------------------------------------------------------------------------
| Inter Clock Table
| -----------------
------------------------------------------------------------------------------------------------

From Clock    To Clock          WNS(ns)      TNS(ns)  TNS Failing Endpoints  TNS Total Endpoints      WHS(ns)      THS(ns)  THS Failing Endpoints  THS Total Endpoints  
----------    --------          -------      -------  ---------------------  -------------------      -------      -------  ---------------------  -------------------  


------------------------------------------------------------------------------------------------
| Other Path Groups Table
| -----------------------
------------------------------------------------------------------------------------------------

Path Group    From Clock    To Clock          WNS(ns)      TNS(ns)  TNS Failing Endpoints  TNS Total Endpoints      WHS(ns)      THS(ns)  THS Failing Endpoints  THS Total Endpoints  
----------    ----------    --------          -------      -------  ---------------------  -------------------      -------      -------  ---------------------  -------------------  


------------------------------------------------------------------------------------------------
| Timing Details
| --------------
------------------------------------------------------------------------------------------------


---------------------------------------------------------------------------------------------------
From Clock:  ap_clk
  To Clock:  ap_clk

Setup :        13908  Failing Endpoints,  Worst Slack       -1.394ns,  Total Violation    -2800.414ns
Hold  :            0  Failing Endpoints,  Worst Slack        0.015ns,  Total Violation        0.000ns
PW    :            0  Failing Endpoints,  Worst Slack        2.225ns,  Total Violation        0.000ns
---------------------------------------------------------------------------------------------------


Max Delay Paths
--------------------------------------------------------------------------------------
Slack (VIOLATED) :        -1.394ns  (required time - arrival time)
  Source:                 denselayer4/sum_all/col_trees[3].column_tree/genblk2[0].genblk1[1].tree_reg[1][3]/C
                            (rising edge-triggered cell FDRE clocked by ap_clk  {rise@0.000ns fall@2.500ns period=5.000ns})
  Destination:            softmax/buffer[4]_i_18_psdsp_1/D
                            (rising edge-triggered cell FDRE clocked by ap_clk  {rise@0.000ns fall@2.500ns period=5.000ns})
  Path Group:             ap_clk
  Path Type:              Setup (Max at Slow Process Corner)
  Requirement:            5.000ns  (ap_clk rise@5.000ns - ap_clk rise@0.000ns)
  Data Path Delay:        6.620ns  (logic 2.700ns (40.786%)  route 3.920ns (59.215%))
  Logic Levels:           25  (CARRY8=9 LUT2=2 LUT3=1 LUT4=2 LUT6=7 MUXF7=3 MUXF8=1)
  Clock Path Skew:        0.239ns (DCD - SCD + CPR)
    Destination Clock Delay (DCD):    3.081ns = ( 8.081 - 5.000 ) 
    Source Clock Delay      (SCD):    3.250ns
    Clock Pessimism Removal (CPR):    0.407ns
  Clock Uncertainty:      0.035ns  ((TSJ^2 + TIJ^2)^1/2 + DJ) / 2 + PE
    Total System Jitter     (TSJ):    0.071ns
    Total Input Jitter      (TIJ):    0.000ns
    Discrete Jitter          (DJ):    0.000ns
    Phase Error              (PE):    0.000ns
  Clock Net Delay (Source):      2.374ns (routing 1.055ns, distribution 1.319ns)
  Clock Net Delay (Destination): 2.448ns (routing 0.956ns, distribution 1.492ns)

    Location             Delay type                Incr(ns)  Path(ns)    Netlist Resource(s)
  -------------------------------------------------------------------    -------------------
                         (clock ap_clk rise edge)     0.000     0.000 r  
    AP13                                              0.000     0.000 r  clk (IN)
                         net (fo=0)                   0.000     0.000    clk_IBUF_inst/I
    AP13                 INBUF (Prop_INBUF_HPIOB_M_PAD_O)
                                                      0.534     0.534 r  clk_IBUF_inst/INBUF_INST/O
                         net (fo=1, routed)           0.000     0.534    clk_IBUF_inst/OUT
    AP13                 IBUFCTRL (Prop_IBUFCTRL_HPIOB_M_I_O)
                                                      0.000     0.534 r  clk_IBUF_inst/IBUFCTRL_INST/O
                         net (fo=1, routed)           0.314     0.848    clk_IBUF
    BUFGCE_X0Y170        BUFGCE (Prop_BUFCE_BUFGCE_I_O)
                                                      0.028     0.876 r  clk_IBUF_BUFG_inst/O
    X3Y5 (CLOCK_ROOT)    net (fo=66179, routed)       2.374     3.250    denselayer4/sum_all/col_trees[3].column_tree/CLK
    SLICE_X202Y392       FDRE                                         r  denselayer4/sum_all/col_trees[3].column_tree/genblk2[0].genblk1[1].tree_reg[1][3]/C
  -------------------------------------------------------------------    -------------------
    SLICE_X202Y392       FDRE (Prop_DFF_SLICEL_C_Q)
                                                      0.070     3.320 r  denselayer4/sum_all/col_trees[3].column_tree/genblk2[0].genblk1[1].tree_reg[1][3]/Q
                         net (fo=1, routed)           0.175     3.495    denselayer4/accumulator[3]_5[3]
    SLICE_X201Y392       CARRY8 (Prop_CARRY8_SLICEM_S[2]_CO[7])
                                                      0.143     3.638 r  denselayer4/expResultBuff_reg[1][5]_i_29/CO[7]
                         net (fo=1, routed)           0.023     3.661    denselayer4/expResultBuff_reg[1][5]_i_29_n_0
    SLICE_X201Y393       CARRY8 (Prop_CARRY8_SLICEM_CI_O[4])
                                                      0.076     3.737 r  denselayer4/expResultBuff_reg[1][5]_i_20/O[4]
                         net (fo=6, routed)           0.371     4.108    denselayer4/dense4_output_data[1][13]
    SLICE_X201Y386       LUT4 (Prop_B6LUT_SLICEM_I3_O)
                                                      0.089     4.197 r  denselayer4/expResultBuff[4][17]_i_71/O
                         net (fo=1, routed)           0.020     4.217    denselayer4/expResultBuff[4][17]_i_71_n_0
    SLICE_X201Y386       CARRY8 (Prop_CARRY8_SLICEM_S[1]_CO[4])
                                                      0.189     4.406 r  denselayer4/expResultBuff_reg[4][17]_i_60/CO[4]
                         net (fo=10, routed)          0.242     4.648    denselayer4/softmax/p_3_in
    SLICE_X200Y385       LUT6 (Prop_D6LUT_SLICEL_I0_O)
                                                      0.114     4.762 r  denselayer4/expResultBuff[4][5]_i_34/O
                         net (fo=5, routed)           0.148     4.910    denselayer4/expResultBuff[4][5]_i_34_n_0
    SLICE_X200Y384       LUT4 (Prop_B6LUT_SLICEL_I3_O)
                                                      0.082     4.992 r  denselayer4/expResultBuff[4][17]_i_58/O
                         net (fo=1, routed)           0.012     5.004    denselayer4/expResultBuff[4][17]_i_58_n_0
    SLICE_X200Y384       CARRY8 (Prop_CARRY8_SLICEL_S[1]_CO[4])
                                                      0.186     5.190 r  denselayer4/expResultBuff_reg[4][17]_i_11/CO[4]
                         net (fo=12, routed)          0.186     5.376    denselayer4/sum_all/col_trees[1].column_tree/CO[0]
    SLICE_X200Y384       LUT6 (Prop_F6LUT_SLICEL_I4_O)
                                                      0.088     5.464 r  denselayer4/sum_all/col_trees[1].column_tree/expResultBuff[4][5]_i_12/O
                         net (fo=10, routed)          0.209     5.673    denselayer4/sum_all/col_trees[1].column_tree/softmax/maxIn[1]
    SLICE_X198Y381       LUT2 (Prop_B6LUT_SLICEL_I0_O)
                                                      0.090     5.763 r  denselayer4/sum_all/col_trees[1].column_tree/expResultBuff[3][5]_i_12/O
                         net (fo=1, routed)           0.012     5.775    denselayer4/sum_all/col_trees[1].column_tree/expResultBuff[3][5]_i_12_n_0
    SLICE_X198Y381       CARRY8 (Prop_CARRY8_SLICEL_S[1]_O[4])
                                                      0.178     5.953 r  denselayer4/sum_all/col_trees[1].column_tree/expResultBuff_reg[3][5]_i_2/O[4]
                         net (fo=114, routed)         0.441     6.394    softmax/O6057[4]
    SLICE_X195Y380       LUT6 (Prop_A6LUT_SLICEL_I1_O)
                                                      0.114     6.508 r  softmax/p_0_out_inferred__2/expResultBuff[3][4]_i_14/O
                         net (fo=1, routed)           0.013     6.521    softmax/p_0_out_inferred__2/expResultBuff[3][4]_i_14_n_0
    SLICE_X195Y380       MUXF7 (Prop_F7MUX_AB_SLICEL_I1_O)
                                                      0.049     6.570 r  softmax/p_0_out_inferred__2/expResultBuff_reg[3][4]_i_8/O
                         net (fo=1, routed)           0.000     6.570    softmax/p_0_out_inferred__2/expResultBuff_reg[3][4]_i_8_n_0
    SLICE_X195Y380       MUXF8 (Prop_F8MUX_BOT_SLICEL_I1_O)
                                                      0.028     6.598 r  softmax/p_0_out_inferred__2/expResultBuff_reg[3][4]_i_3/O
                         net (fo=1, routed)           0.229     6.827    softmax/p_0_out_inferred__2/expResultBuff_reg[3][4]_i_3_n_0
    SLICE_X194Y383       LUT6 (Prop_G6LUT_SLICEM_I3_O)
                                                      0.135     6.962 r  softmax/p_0_out_inferred__2/expResultBuff[3][4]_i_1/O
                         net (fo=5, routed)           0.153     7.115    denselayer4/sum_all/col_trees[1].column_tree/invertVal_reg[17]_i_55_13
    SLICE_X196Y383       LUT3 (Prop_E6LUT_SLICEM_I0_O)
                                                      0.088     7.203 r  denselayer4/sum_all/col_trees[1].column_tree/invertVal[17]_i_74/O
                         net (fo=1, routed)           0.335     7.538    denselayer4/sum_all/col_trees[1].column_tree/invertVal[17]_i_74_n_0
    SLICE_X196Y379       CARRY8 (Prop_CARRY8_SLICEM_DI[5]_CO[7])
                                                      0.067     7.605 r  denselayer4/sum_all/col_trees[1].column_tree/invertVal_reg[17]_i_55/CO[7]
                         net (fo=1, routed)           0.023     7.628    denselayer4/sum_all/col_trees[1].column_tree/invertVal_reg[17]_i_55_n_0
    SLICE_X196Y380       CARRY8 (Prop_CARRY8_SLICEM_CI_O[5])
                                                      0.103     7.731 r  denselayer4/sum_all/col_trees[1].column_tree/invertVal_reg[17]_i_34/O[5]
                         net (fo=3, routed)           0.290     8.021    denselayer4/sum_all/col_trees[1].column_tree/invertVal_reg[17]_i_34_n_10
    SLICE_X196Y376       LUT6 (Prop_G6LUT_SLICEM_I2_O)
                                                      0.135     8.156 r  denselayer4/sum_all/col_trees[1].column_tree/invertVal[17]_i_27/O
                         net (fo=1, routed)           0.019     8.175    denselayer4/sum_all/col_trees[1].column_tree/invertVal[17]_i_27_n_0
    SLICE_X196Y376       CARRY8 (Prop_CARRY8_SLICEM_S[6]_CO[7])
                                                      0.100     8.275 r  denselayer4/sum_all/col_trees[1].column_tree/invertVal_reg[17]_i_4/CO[7]
                         net (fo=1, routed)           0.023     8.298    denselayer4/sum_all/col_trees[1].column_tree/invertVal_reg[17]_i_4_n_0
    SLICE_X196Y377       CARRY8 (Prop_CARRY8_SLICEM_CI_O[3])
                                                      0.072     8.370 f  denselayer4/sum_all/col_trees[1].column_tree/invertVal_reg[17]_i_2/O[3]
                         net (fo=34, routed)          0.221     8.591    softmax/tempSum[9]
    SLICE_X195Y377       LUT2 (Prop_H6LUT_SLICEL_I1_O)
                                                      0.114     8.705 f  softmax/buffer[4]_i_96/O
                         net (fo=156, routed)         0.253     8.958    softmax/sel_5[9]
    SLICE_X193Y378       LUT6 (Prop_H6LUT_SLICEL_I5_O)
                                                      0.135     9.093 r  softmax/p_0_out_inferred__4/buffer[4]_i_206/O
                         net (fo=1, routed)           0.013     9.106    softmax/p_0_out_inferred__4/buffer[4]_i_206_n_0
    SLICE_X193Y378       MUXF7 (Prop_F7MUX_GH_SLICEL_I0_O)
                                                      0.055     9.161 r  softmax/p_0_out_inferred__4/buffer[4]_i_106/O
                         net (fo=1, routed)           0.180     9.341    softmax/p_0_out_inferred__4/buffer[4]_i_106_n_0
    SLICE_X193Y375       LUT6 (Prop_F6LUT_SLICEL_I0_O)
                                                      0.133     9.474 r  softmax/p_0_out_inferred__4/buffer[4]_i_49/O
                         net (fo=1, routed)           0.014     9.488    softmax/p_0_out_inferred__4/buffer[4]_i_49_n_0
    SLICE_X193Y375       MUXF7 (Prop_F7MUX_EF_SLICEL_I0_O)
                                                      0.067     9.555 r  softmax/p_0_out_inferred__4/buffer[4]_i_6/O
                         net (fo=5, routed)           0.315     9.870    softmax/p_0_out_inferred__4/buffer[4]_i_6_n_0
    SLICE_X193Y374       FDRE                                         r  softmax/buffer[4]_i_18_psdsp_1/D
  -------------------------------------------------------------------    -------------------

                         (clock ap_clk rise edge)     5.000     5.000 r  
    AP13                                              0.000     5.000 r  clk (IN)
                         net (fo=0)                   0.000     5.000    clk_IBUF_inst/I
    AP13                 INBUF (Prop_INBUF_HPIOB_M_PAD_O)
                                                      0.330     5.330 r  clk_IBUF_inst/INBUF_INST/O
                         net (fo=1, routed)           0.000     5.330    clk_IBUF_inst/OUT
    AP13                 IBUFCTRL (Prop_IBUFCTRL_HPIOB_M_I_O)
                                                      0.000     5.330 r  clk_IBUF_inst/IBUFCTRL_INST/O
                         net (fo=1, routed)           0.279     5.609    clk_IBUF
    BUFGCE_X0Y170        BUFGCE (Prop_BUFCE_BUFGCE_I_O)
                                                      0.024     5.633 r  clk_IBUF_BUFG_inst/O
    X3Y5 (CLOCK_ROOT)    net (fo=66179, routed)       2.448     8.081    softmax/CLK
    SLICE_X193Y374       FDRE                                         r  softmax/buffer[4]_i_18_psdsp_1/C
                         clock pessimism              0.407     8.488    
                         clock uncertainty           -0.035     8.453    
    SLICE_X193Y374       FDRE (Setup_DFF_SLICEL_C_D)
                                                      0.023     8.476    softmax/buffer[4]_i_18_psdsp_1
  -------------------------------------------------------------------
                         required time                          8.476    
                         arrival time                          -9.870    
  -------------------------------------------------------------------
                         slack                                 -1.394    





Min Delay Paths
--------------------------------------------------------------------------------------
Slack (MET) :             0.015ns  (arrival time - required time)
  Source:                 softmax/expResultBuff_reg[1][5]/C
                            (rising edge-triggered cell FDRE clocked by ap_clk  {rise@0.000ns fall@2.500ns period=5.000ns})
  Destination:            softmax/buffer[1]/DSP_OUTPUT_INST/ALU_OUT[22]
                            (rising edge-triggered cell DSP_OUTPUT clocked by ap_clk  {rise@0.000ns fall@2.500ns period=5.000ns})
  Path Group:             ap_clk
  Path Type:              Hold (Min at Slow Process Corner)
  Requirement:            0.000ns  (ap_clk rise@0.000ns - ap_clk rise@0.000ns)
  Data Path Delay:        0.375ns  (logic 0.216ns (57.600%)  route 0.159ns (42.400%))
  Logic Levels:           2  (DSP_ALU=1 DSP_C_DATA=1)
  Clock Path Skew:        0.292ns (DCD - SCD - CPR)
    Destination Clock Delay (DCD):    3.486ns
    Source Clock Delay      (SCD):    2.789ns
    Clock Pessimism Removal (CPR):    0.404ns
  Clock Net Delay (Source):      2.156ns (routing 0.956ns, distribution 1.200ns)
  Clock Net Delay (Destination): 2.610ns (routing 1.055ns, distribution 1.555ns)

    Location             Delay type                Incr(ns)  Path(ns)    Netlist Resource(s)
  -------------------------------------------------------------------    -------------------
                         (clock ap_clk rise edge)     0.000     0.000 r  
    AP13                                              0.000     0.000 r  clk (IN)
                         net (fo=0)                   0.000     0.000    clk_IBUF_inst/I
    AP13                 INBUF (Prop_INBUF_HPIOB_M_PAD_O)
                                                      0.330     0.330 r  clk_IBUF_inst/INBUF_INST/O
                         net (fo=1, routed)           0.000     0.330    clk_IBUF_inst/OUT
    AP13                 IBUFCTRL (Prop_IBUFCTRL_HPIOB_M_I_O)
                                                      0.000     0.330 r  clk_IBUF_inst/IBUFCTRL_INST/O
                         net (fo=1, routed)           0.279     0.609    clk_IBUF
    BUFGCE_X0Y170        BUFGCE (Prop_BUFCE_BUFGCE_I_O)
                                                      0.024     0.633 r  clk_IBUF_BUFG_inst/O
    X3Y5 (CLOCK_ROOT)    net (fo=66179, routed)       2.156     2.789    softmax/CLK
    SLICE_X196Y371       FDRE                                         r  softmax/expResultBuff_reg[1][5]/C
  -------------------------------------------------------------------    -------------------
    SLICE_X196Y371       FDRE (Prop_EFF_SLICEM_C_Q)
                                                      0.052     2.841 r  softmax/expResultBuff_reg[1][5]/Q
                         net (fo=1, routed)           0.159     3.000    softmax/buffer[1]/C[22]
    DSP48E2_X27Y149      DSP_C_DATA (Prop_DSP_C_DATA_DSP48E2_C[22]_C_DATA[22])
                                                      0.024     3.024 r  softmax/buffer[1]/DSP_C_DATA_INST/C_DATA[22]
                         net (fo=2, routed)           0.000     3.024    softmax/buffer[1]/DSP_C_DATA.C_DATA<22>
    DSP48E2_X27Y149      DSP_ALU (Prop_DSP_ALU_DSP48E2_C_DATA[22]_ALU_OUT[22])
                                                      0.140     3.164 r  softmax/buffer[1]/DSP_ALU_INST/ALU_OUT[22]
                         net (fo=1, routed)           0.000     3.164    softmax/buffer[1]/DSP_ALU.ALU_OUT<22>
    DSP48E2_X27Y149      DSP_OUTPUT                                   r  softmax/buffer[1]/DSP_OUTPUT_INST/ALU_OUT[22]
  -------------------------------------------------------------------    -------------------

                         (clock ap_clk rise edge)     0.000     0.000 r  
    AP13                                              0.000     0.000 r  clk (IN)
                         net (fo=0)                   0.000     0.000    clk_IBUF_inst/I
    AP13                 INBUF (Prop_INBUF_HPIOB_M_PAD_O)
                                                      0.534     0.534 r  clk_IBUF_inst/INBUF_INST/O
                         net (fo=1, routed)           0.000     0.534    clk_IBUF_inst/OUT
    AP13                 IBUFCTRL (Prop_IBUFCTRL_HPIOB_M_I_O)
                                                      0.000     0.534 r  clk_IBUF_inst/IBUFCTRL_INST/O
                         net (fo=1, routed)           0.314     0.848    clk_IBUF
    BUFGCE_X0Y170        BUFGCE (Prop_BUFCE_BUFGCE_I_O)
                                                      0.028     0.876 r  clk_IBUF_BUFG_inst/O
    X3Y5 (CLOCK_ROOT)    net (fo=66179, routed)       2.610     3.486    softmax/buffer[1]/CLK
    DSP48E2_X27Y149      DSP_OUTPUT                                   r  softmax/buffer[1]/DSP_OUTPUT_INST/CLK
                         clock pessimism             -0.404     3.081    
    DSP48E2_X27Y149      DSP_OUTPUT (Hold_DSP_OUTPUT_DSP48E2_CLK_ALU_OUT[22])
                                                      0.068     3.149    softmax/buffer[1]/DSP_OUTPUT_INST
  -------------------------------------------------------------------
                         required time                         -3.149    
                         arrival time                           3.164    
  -------------------------------------------------------------------
                         slack                                  0.015    





Pulse Width Checks
--------------------------------------------------------------------------------------
Clock Name:         ap_clk
Waveform(ns):       { 0.000 2.500 }
Period(ns):         5.000
Sources:            { clk }

Check Type        Corner  Lib Pin   Reference Pin  Required(ns)  Actual(ns)  Slack(ns)  Location        Pin
Min Period        n/a     BUFGCE/I  n/a            1.122         5.000       3.878      BUFGCE_X0Y170   clk_IBUF_BUFG_inst/I
Low Pulse Width   Slow    FDRE/C    n/a            0.275         2.500       2.225      SLICE_X146Y397  denselayer2/INPUT_SIZE_rows[52].OUTPUT_SIZE_cols[24].sa/data_out_reg[17]/C
High Pulse Width  Slow    FDRE/C    n/a            0.275         2.500       2.225      SLICE_X123Y443  denselayer2/INPUT_SIZE_rows[52].OUTPUT_SIZE_cols[23].sa/data_out_reg[24]/C



