Copyright 1986-2019 Xilinx, Inc. All Rights Reserved.
---------------------------------------------------------------------------------------------
| Tool Version      : Vivado v.2019.1 (lin64) Build 2552052 Fri May 24 14:47:09 MDT 2019
| Date              : Thu Nov 27 23:04:52 2025
| Host              : hvm1 running 64-bit Ubuntu 22.04.5 LTS
| Command           : report_timing_summary -file ../reports/25_9_Argmax_pipe3PO1_timing.rpt
| Design            : waiz_benchmark
| Device            : xcvu13p-fhga2104
| Speed File        : -3  PRODUCTION 1.23 03-18-2019
| Temperature Grade : E
---------------------------------------------------------------------------------------------

Timing Summary Report

------------------------------------------------------------------------------------------------
| Timer Settings
| --------------
------------------------------------------------------------------------------------------------

  Enable Multi Corner Analysis               :  Yes
  Enable Pessimism Removal                   :  Yes
  Pessimism Removal Resolution               :  Nearest Common Node
  Enable Input Delay Default Clock           :  No
  Enable Preset / Clear Arcs                 :  No
  Disable Flight Delays                      :  No
  Ignore I/O Paths                           :  No
  Timing Early Launch at Borrowing Latches   :  No
  Borrow Time for Max Delay Exceptions       :  Yes

  Corner  Analyze    Analyze    
  Name    Max Paths  Min Paths  
  ------  ---------  ---------  
  Slow    Yes        Yes        
  Fast    Yes        Yes        



check_timing report

Table of Contents
-----------------
1. checking no_clock
2. checking constant_clock
3. checking pulse_width_clock
4. checking unconstrained_internal_endpoints
5. checking no_input_delay
6. checking no_output_delay
7. checking multiple_clock
8. checking generated_clocks
9. checking loops
10. checking partial_input_delay
11. checking partial_output_delay
12. checking latch_loops

1. checking no_clock
--------------------
 There are 0 register/latch pins with no clock.


2. checking constant_clock
--------------------------
 There are 0 register/latch pins with constant_clock.


3. checking pulse_width_clock
-----------------------------
 There are 0 register/latch pins which need pulse_width check


4. checking unconstrained_internal_endpoints
--------------------------------------------
 There are 0 pins that are not constrained for maximum delay.

 There are 0 pins that are not constrained for maximum delay due to constant clock.


5. checking no_input_delay
--------------------------
 There are 402 input ports with no input delay specified. (HIGH)

 There are 0 input ports with no input delay but user has a false path constraint.


6. checking no_output_delay
---------------------------
 There are 6 ports with no output delay specified. (HIGH)

 There are 0 ports with no output delay but user has a false path constraint

 There are 0 ports with no output delay but with a timing clock defined on it or propagating through it


7. checking multiple_clock
--------------------------
 There are 0 register/latch pins with multiple clocks.


8. checking generated_clocks
----------------------------
 There are 0 generated clocks that are not connected to a clock source.


9. checking loops
-----------------
 There are 0 combinational loops in the design.


10. checking partial_input_delay
--------------------------------
 There are 0 input ports with partial input delay specified.


11. checking partial_output_delay
---------------------------------
 There are 0 ports with partial output delay specified.


12. checking latch_loops
------------------------
 There are 0 combinational latch loops in the design through latch input



------------------------------------------------------------------------------------------------
| Design Timing Summary
| ---------------------
------------------------------------------------------------------------------------------------

    WNS(ns)      TNS(ns)  TNS Failing Endpoints  TNS Total Endpoints      WHS(ns)      THS(ns)  THS Failing Endpoints  THS Total Endpoints     WPWS(ns)     TPWS(ns)  TPWS Failing Endpoints  TPWS Total Endpoints  
    -------      -------  ---------------------  -------------------      -------      -------  ---------------------  -------------------     --------     --------  ----------------------  --------------------  
     -0.376      -75.965                    418               107407        0.032        0.000                      0               107407        2.225        0.000                       0                 63828  


Timing constraints are not met.


------------------------------------------------------------------------------------------------
| Clock Summary
| -------------
------------------------------------------------------------------------------------------------

Clock   Waveform(ns)         Period(ns)      Frequency(MHz)
-----   ------------         ----------      --------------
ap_clk  {0.000 2.500}        5.000           200.000         


------------------------------------------------------------------------------------------------
| Intra Clock Table
| -----------------
------------------------------------------------------------------------------------------------

Clock             WNS(ns)      TNS(ns)  TNS Failing Endpoints  TNS Total Endpoints      WHS(ns)      THS(ns)  THS Failing Endpoints  THS Total Endpoints     WPWS(ns)     TPWS(ns)  TPWS Failing Endpoints  TPWS Total Endpoints  
-----             -------      -------  ---------------------  -------------------      -------      -------  ---------------------  -------------------     --------     --------  ----------------------  --------------------  
ap_clk             -0.376      -75.965                    418               107407        0.032        0.000                      0               107407        2.225        0.000                       0                 63828  


------------------------------------------------------------------------------------------------
| Inter Clock Table
| -----------------
------------------------------------------------------------------------------------------------

From Clock    To Clock          WNS(ns)      TNS(ns)  TNS Failing Endpoints  TNS Total Endpoints      WHS(ns)      THS(ns)  THS Failing Endpoints  THS Total Endpoints  
----------    --------          -------      -------  ---------------------  -------------------      -------      -------  ---------------------  -------------------  


------------------------------------------------------------------------------------------------
| Other Path Groups Table
| -----------------------
------------------------------------------------------------------------------------------------

Path Group    From Clock    To Clock          WNS(ns)      TNS(ns)  TNS Failing Endpoints  TNS Total Endpoints      WHS(ns)      THS(ns)  THS Failing Endpoints  THS Total Endpoints  
----------    ----------    --------          -------      -------  ---------------------  -------------------      -------      -------  ---------------------  -------------------  


------------------------------------------------------------------------------------------------
| Timing Details
| --------------
------------------------------------------------------------------------------------------------


---------------------------------------------------------------------------------------------------
From Clock:  ap_clk
  To Clock:  ap_clk

Setup :          418  Failing Endpoints,  Worst Slack       -0.376ns,  Total Violation      -75.965ns
Hold  :            0  Failing Endpoints,  Worst Slack        0.032ns,  Total Violation        0.000ns
PW    :            0  Failing Endpoints,  Worst Slack        2.225ns,  Total Violation        0.000ns
---------------------------------------------------------------------------------------------------


Max Delay Paths
--------------------------------------------------------------------------------------
Slack (VIOLATED) :        -0.376ns  (required time - arrival time)
  Source:                 denselayer2/INPUT_SIZE_rows[8].OUTPUT_SIZE_cols[28].sa/data_out_reg/DSP_M_DATA_INST/CLK
                            (rising edge-triggered cell DSP_M_DATA clocked by ap_clk  {rise@0.000ns fall@2.500ns period=5.000ns})
  Destination:            denselayer2/sum_all/col_trees[28].column_tree/genblk2[0].genblk1[1].tree_reg[1][24]/D
                            (rising edge-triggered cell FDRE clocked by ap_clk  {rise@0.000ns fall@2.500ns period=5.000ns})
  Path Group:             ap_clk
  Path Type:              Setup (Max at Slow Process Corner)
  Requirement:            5.000ns  (ap_clk rise@5.000ns - ap_clk rise@0.000ns)
  Data Path Delay:        5.140ns  (logic 1.849ns (35.973%)  route 3.291ns (64.027%))
  Logic Levels:           14  (CARRY8=7 DSP_ALU=1 DSP_OUTPUT=1 LUT3=4 LUT6=1)
  Clock Path Skew:        -0.223ns (DCD - SCD + CPR)
    Destination Clock Delay (DCD):    2.454ns = ( 7.454 - 5.000 ) 
    Source Clock Delay      (SCD):    3.052ns
    Clock Pessimism Removal (CPR):    0.375ns
  Clock Uncertainty:      0.035ns  ((TSJ^2 + TIJ^2)^1/2 + DJ) / 2 + PE
    Total System Jitter     (TSJ):    0.071ns
    Total Input Jitter      (TIJ):    0.000ns
    Discrete Jitter          (DJ):    0.000ns
    Phase Error              (PE):    0.000ns
  Clock Net Delay (Source):      2.176ns (routing 1.055ns, distribution 1.121ns)
  Clock Net Delay (Destination): 1.821ns (routing 0.956ns, distribution 0.865ns)

    Location             Delay type                Incr(ns)  Path(ns)    Netlist Resource(s)
  -------------------------------------------------------------------    -------------------
                         (clock ap_clk rise edge)     0.000     0.000 r  
    AP13                                              0.000     0.000 r  clk (IN)
                         net (fo=0)                   0.000     0.000    clk_IBUF_inst/I
    AP13                 INBUF (Prop_INBUF_HPIOB_M_PAD_O)
                                                      0.534     0.534 r  clk_IBUF_inst/INBUF_INST/O
                         net (fo=1, routed)           0.000     0.534    clk_IBUF_inst/OUT
    AP13                 IBUFCTRL (Prop_IBUFCTRL_HPIOB_M_I_O)
                                                      0.000     0.534 r  clk_IBUF_inst/IBUFCTRL_INST/O
                         net (fo=1, routed)           0.314     0.848    clk_IBUF
    BUFGCE_X0Y170        BUFGCE (Prop_BUFCE_BUFGCE_I_O)
                                                      0.028     0.876 r  clk_IBUF_BUFG_inst/O
    X3Y5 (CLOCK_ROOT)    net (fo=71642, routed)       2.176     3.052    denselayer2/INPUT_SIZE_rows[8].OUTPUT_SIZE_cols[28].sa/data_out_reg/CLK
    DSP48E2_X18Y125      DSP_M_DATA                                   r  denselayer2/INPUT_SIZE_rows[8].OUTPUT_SIZE_cols[28].sa/data_out_reg/DSP_M_DATA_INST/CLK
  -------------------------------------------------------------------    -------------------
    DSP48E2_X18Y125      DSP_M_DATA (Prop_DSP_M_DATA_DSP48E2_CLK_V_DATA[16])
                                                      0.233     3.285 r  denselayer2/INPUT_SIZE_rows[8].OUTPUT_SIZE_cols[28].sa/data_out_reg/DSP_M_DATA_INST/V_DATA[16]
                         net (fo=1, routed)           0.000     3.285    denselayer2/INPUT_SIZE_rows[8].OUTPUT_SIZE_cols[28].sa/data_out_reg/DSP_M_DATA.V_DATA<16>
    DSP48E2_X18Y125      DSP_ALU (Prop_DSP_ALU_DSP48E2_V_DATA[16]_ALU_OUT[16])
                                                      0.439     3.724 f  denselayer2/INPUT_SIZE_rows[8].OUTPUT_SIZE_cols[28].sa/data_out_reg/DSP_ALU_INST/ALU_OUT[16]
                         net (fo=1, routed)           0.000     3.724    denselayer2/INPUT_SIZE_rows[8].OUTPUT_SIZE_cols[28].sa/data_out_reg/DSP_ALU.ALU_OUT<16>
    DSP48E2_X18Y125      DSP_OUTPUT (Prop_DSP_OUTPUT_DSP48E2_ALU_OUT[16]_P[16])
                                                      0.089     3.813 r  denselayer2/INPUT_SIZE_rows[8].OUTPUT_SIZE_cols[28].sa/data_out_reg/DSP_OUTPUT_INST/P[16]
                         net (fo=3, routed)           0.227     4.040    denselayer2/INPUT_SIZE_rows[8].OUTPUT_SIZE_cols[28].sa/P[0]
    SLICE_X141Y310       LUT3 (Prop_E6LUT_SLICEM_I0_O)
                                                      0.088     4.128 r  denselayer2/INPUT_SIZE_rows[8].OUTPUT_SIZE_cols[28].sa/genblk2[0].genblk1[1].tree[1][24]_i_1191__21/O
                         net (fo=1, routed)           0.258     4.386    denselayer2/INPUT_SIZE_rows[16].OUTPUT_SIZE_cols[28].sa/DI[0]
    SLICE_X141Y311       CARRY8 (Prop_CARRY8_SLICEM_DI[1]_O[6])
                                                      0.161     4.547 r  denselayer2/INPUT_SIZE_rows[16].OUTPUT_SIZE_cols[28].sa/genblk2[0].genblk1[1].tree_reg[1][24]_i_552__21/O[6]
                         net (fo=3, routed)           0.426     4.973    denselayer2/INPUT_SIZE_rows[61].OUTPUT_SIZE_cols[28].sa/O[6]
    SLICE_X132Y313       LUT3 (Prop_H6LUT_SLICEL_I0_O)
                                                      0.090     5.063 r  denselayer2/INPUT_SIZE_rows[61].OUTPUT_SIZE_cols[28].sa/genblk2[0].genblk1[1].tree[1][23]_i_172__27/O
                         net (fo=1, routed)           0.201     5.264    denselayer2/INPUT_SIZE_rows[61].OUTPUT_SIZE_cols[28].sa/genblk2[0].genblk1[1].tree[1][23]_i_172__27_n_0
    SLICE_X132Y314       CARRY8 (Prop_CARRY8_SLICEL_DI[7]_CO[7])
                                                      0.044     5.308 r  denselayer2/INPUT_SIZE_rows[61].OUTPUT_SIZE_cols[28].sa/genblk2[0].genblk1[1].tree_reg[1][23]_i_107__27/CO[7]
                         net (fo=1, routed)           0.023     5.331    denselayer2/INPUT_SIZE_rows[61].OUTPUT_SIZE_cols[28].sa/genblk2[0].genblk1[1].tree_reg[1][23]_i_107__27_n_0
    SLICE_X132Y315       CARRY8 (Prop_CARRY8_SLICEL_CI_O[3])
                                                      0.072     5.403 r  denselayer2/INPUT_SIZE_rows[61].OUTPUT_SIZE_cols[28].sa/genblk2[0].genblk1[1].tree_reg[1][24]_i_97__27/O[3]
                         net (fo=3, routed)           0.883     6.286    denselayer2_n_16540
    SLICE_X111Y335       LUT3 (Prop_B6LUT_SLICEM_I1_O)
                                                      0.047     6.333 r  genblk2[0].genblk1[1].tree[1][23]_i_58__27/O
                         net (fo=1, routed)           0.434     6.767    genblk2[0].genblk1[1].tree[1][23]_i_58__27_n_0
    SLICE_X110Y336       CARRY8 (Prop_CARRY8_SLICEL_DI[4]_CO[7])
                                                      0.080     6.847 r  genblk2[0].genblk1[1].tree_reg[1][23]_i_26__27/CO[7]
                         net (fo=1, routed)           0.023     6.870    genblk2[0].genblk1[1].tree_reg[1][23]_i_26__27_n_0
    SLICE_X110Y337       CARRY8 (Prop_CARRY8_SLICEL_CI_O[5])
                                                      0.103     6.973 r  genblk2[0].genblk1[1].tree_reg[1][24]_i_7__27/O[5]
                         net (fo=3, routed)           0.385     7.358    denselayer2/sum_all/col_trees[28].column_tree/genblk2[0].genblk1[1].tree_reg[1][24]_4[5]
    SLICE_X112Y357       LUT3 (Prop_H6LUT_SLICEL_I2_O)
                                                      0.082     7.440 r  denselayer2/sum_all/col_trees[28].column_tree/genblk2[0].genblk1[1].tree[1][23]_i_19__91/O
                         net (fo=3, routed)           0.358     7.798    denselayer2/sum_all/col_trees[28].column_tree/genblk2[0].genblk1[1].tree[1][23]_i_19__91_n_0
    SLICE_X114Y356       LUT6 (Prop_F6LUT_SLICEM_I3_O)
                                                      0.134     7.932 r  denselayer2/sum_all/col_trees[28].column_tree/genblk2[0].genblk1[1].tree[1][23]_i_12__27/O
                         net (fo=1, routed)           0.026     7.958    denselayer2/sum_all/col_trees[28].column_tree/genblk2[0].genblk1[1].tree[1][23]_i_12__27_n_0
    SLICE_X114Y356       CARRY8 (Prop_CARRY8_SLICEM_S[5]_CO[7])
                                                      0.137     8.095 r  denselayer2/sum_all/col_trees[28].column_tree/genblk2[0].genblk1[1].tree_reg[1][23]_i_1__27/CO[7]
                         net (fo=1, routed)           0.023     8.118    denselayer2/sum_all/col_trees[28].column_tree/genblk2[0].genblk1[1].tree_reg[1][23]_i_1__27_n_0
    SLICE_X114Y357       CARRY8 (Prop_CARRY8_SLICEM_CI_O[0])
                                                      0.050     8.168 r  denselayer2/sum_all/col_trees[28].column_tree/genblk2[0].genblk1[1].tree_reg[1][24]_i_1__27/O[0]
                         net (fo=1, routed)           0.024     8.192    denselayer2/sum_all/col_trees[28].column_tree/p_0_in[24]
    SLICE_X114Y357       FDRE                                         r  denselayer2/sum_all/col_trees[28].column_tree/genblk2[0].genblk1[1].tree_reg[1][24]/D
  -------------------------------------------------------------------    -------------------

                         (clock ap_clk rise edge)     5.000     5.000 r  
    AP13                                              0.000     5.000 r  clk (IN)
                         net (fo=0)                   0.000     5.000    clk_IBUF_inst/I
    AP13                 INBUF (Prop_INBUF_HPIOB_M_PAD_O)
                                                      0.330     5.330 r  clk_IBUF_inst/INBUF_INST/O
                         net (fo=1, routed)           0.000     5.330    clk_IBUF_inst/OUT
    AP13                 IBUFCTRL (Prop_IBUFCTRL_HPIOB_M_I_O)
                                                      0.000     5.330 r  clk_IBUF_inst/IBUFCTRL_INST/O
                         net (fo=1, routed)           0.279     5.609    clk_IBUF
    BUFGCE_X0Y170        BUFGCE (Prop_BUFCE_BUFGCE_I_O)
                                                      0.024     5.633 r  clk_IBUF_BUFG_inst/O
    X3Y5 (CLOCK_ROOT)    net (fo=71642, routed)       1.821     7.454    denselayer2/sum_all/col_trees[28].column_tree/clk_IBUF_BUFG
    SLICE_X114Y357       FDRE                                         r  denselayer2/sum_all/col_trees[28].column_tree/genblk2[0].genblk1[1].tree_reg[1][24]/C
                         clock pessimism              0.375     7.828    
                         clock uncertainty           -0.035     7.793    
    SLICE_X114Y357       FDRE (Setup_AFF_SLICEM_C_D)
                                                      0.023     7.816    denselayer2/sum_all/col_trees[28].column_tree/genblk2[0].genblk1[1].tree_reg[1][24]
  -------------------------------------------------------------------
                         required time                          7.816    
                         arrival time                          -8.192    
  -------------------------------------------------------------------
                         slack                                 -0.376    





Min Delay Paths
--------------------------------------------------------------------------------------
Slack (MET) :             0.032ns  (arrival time - required time)
  Source:                 denselayer3/sum_all/col_trees[1].column_tree/genblk2[0].genblk1[1].tree_reg[1][21]/C
                            (rising edge-triggered cell FDRE clocked by ap_clk  {rise@0.000ns fall@2.500ns period=5.000ns})
  Destination:            denselayer3/output_data_reg[1][21]/D
                            (rising edge-triggered cell FDRE clocked by ap_clk  {rise@0.000ns fall@2.500ns period=5.000ns})
  Path Group:             ap_clk
  Path Type:              Hold (Min at Fast Process Corner)
  Requirement:            0.000ns  (ap_clk rise@0.000ns - ap_clk rise@0.000ns)
  Data Path Delay:        0.196ns  (logic 0.057ns (29.082%)  route 0.139ns (70.918%))
  Logic Levels:           1  (CARRY8=1)
  Clock Path Skew:        0.118ns (DCD - SCD - CPR)
    Destination Clock Delay (DCD):    2.219ns
    Source Clock Delay      (SCD):    1.796ns
    Clock Pessimism Removal (CPR):    0.305ns
  Clock Net Delay (Source):      1.401ns (routing 0.639ns, distribution 0.762ns)
  Clock Net Delay (Destination): 1.599ns (routing 0.713ns, distribution 0.886ns)

    Location             Delay type                Incr(ns)  Path(ns)    Netlist Resource(s)
  -------------------------------------------------------------------    -------------------
                         (clock ap_clk rise edge)     0.000     0.000 r  
    AP13                                              0.000     0.000 r  clk (IN)
                         net (fo=0)                   0.000     0.000    clk_IBUF_inst/I
    AP13                 INBUF (Prop_INBUF_HPIOB_M_PAD_O)
                                                      0.234     0.234 r  clk_IBUF_inst/INBUF_INST/O
                         net (fo=1, routed)           0.000     0.234    clk_IBUF_inst/OUT
    AP13                 IBUFCTRL (Prop_IBUFCTRL_HPIOB_M_I_O)
                                                      0.000     0.234 r  clk_IBUF_inst/IBUFCTRL_INST/O
                         net (fo=1, routed)           0.144     0.378    clk_IBUF
    BUFGCE_X0Y170        BUFGCE (Prop_BUFCE_BUFGCE_I_O)
                                                      0.017     0.395 r  clk_IBUF_BUFG_inst/O
    X3Y5 (CLOCK_ROOT)    net (fo=71642, routed)       1.401     1.796    denselayer3/sum_all/col_trees[1].column_tree/CLK
    SLICE_X175Y417       FDRE                                         r  denselayer3/sum_all/col_trees[1].column_tree/genblk2[0].genblk1[1].tree_reg[1][21]/C
  -------------------------------------------------------------------    -------------------
    SLICE_X175Y417       FDRE (Prop_FFF_SLICEM_C_Q)
                                                      0.037     1.833 r  denselayer3/sum_all/col_trees[1].column_tree/genblk2[0].genblk1[1].tree_reg[1][21]/Q
                         net (fo=1, routed)           0.132     1.965    denselayer3/sum_all/col_trees[1].column_tree/accumulator[1]_30[21]
    SLICE_X175Y422       CARRY8 (Prop_CARRY8_SLICEM_S[3]_O[3])
                                                      0.020     1.985 r  denselayer3/sum_all/col_trees[1].column_tree/output_data_reg[1][24]_i_1__0/O[3]
                         net (fo=1, routed)           0.007     1.992    denselayer3/result[1]_35[21]
    SLICE_X175Y422       FDRE                                         r  denselayer3/output_data_reg[1][21]/D
  -------------------------------------------------------------------    -------------------

                         (clock ap_clk rise edge)     0.000     0.000 r  
    AP13                                              0.000     0.000 r  clk (IN)
                         net (fo=0)                   0.000     0.000    clk_IBUF_inst/I
    AP13                 INBUF (Prop_INBUF_HPIOB_M_PAD_O)
                                                      0.420     0.420 r  clk_IBUF_inst/INBUF_INST/O
                         net (fo=1, routed)           0.000     0.420    clk_IBUF_inst/OUT
    AP13                 IBUFCTRL (Prop_IBUFCTRL_HPIOB_M_I_O)
                                                      0.000     0.420 r  clk_IBUF_inst/IBUFCTRL_INST/O
                         net (fo=1, routed)           0.181     0.601    clk_IBUF
    BUFGCE_X0Y170        BUFGCE (Prop_BUFCE_BUFGCE_I_O)
                                                      0.019     0.620 r  clk_IBUF_BUFG_inst/O
    X3Y5 (CLOCK_ROOT)    net (fo=71642, routed)       1.599     2.219    denselayer3/CLK
    SLICE_X175Y422       FDRE                                         r  denselayer3/output_data_reg[1][21]/C
                         clock pessimism             -0.305     1.914    
    SLICE_X175Y422       FDRE (Hold_DFF_SLICEM_C_D)
                                                      0.046     1.960    denselayer3/output_data_reg[1][21]
  -------------------------------------------------------------------
                         required time                         -1.960    
                         arrival time                           1.992    
  -------------------------------------------------------------------
                         slack                                  0.032    





Pulse Width Checks
--------------------------------------------------------------------------------------
Clock Name:         ap_clk
Waveform(ns):       { 0.000 2.500 }
Period(ns):         5.000
Sources:            { clk }

Check Type        Corner  Lib Pin   Reference Pin  Required(ns)  Actual(ns)  Slack(ns)  Location       Pin
Min Period        n/a     BUFGCE/I  n/a            1.122         5.000       3.878      BUFGCE_X0Y170  clk_IBUF_BUFG_inst/I
Low Pulse Width   Slow    FDRE/C    n/a            0.275         2.500       2.225      SLICE_X71Y451  denselayer2/INPUT_SIZE_rows[15].OUTPUT_SIZE_cols[20].sa/data_out_reg[24]/C
High Pulse Width  Fast    FDRE/C    n/a            0.275         2.500       2.225      SLICE_X71Y451  denselayer2/INPUT_SIZE_rows[15].OUTPUT_SIZE_cols[20].sa/data_out_reg[24]/C



