Copyright 1986-2019 Xilinx, Inc. All Rights Reserved.
--------------------------------------------------------------------------------------------------------------------
| Tool Version : Vivado v.2019.1 (lin64) Build 2552052 Fri May 24 14:47:09 MDT 2019
| Date         : Tue Nov 25 19:54:37 2025
| Host         : hvm1 running 64-bit Ubuntu 22.04.5 LTS
| Command      : report_utilization -hierarchical -hierarchical_depth 1 -file ../reports/25_9_Argmax_pipe2_hier.rpt
| Design       : waiz_benchmark
| Device       : xcvu13pfhga2104-3
| Design State : Routed
--------------------------------------------------------------------------------------------------------------------

Utilization Design Information

Table of Contents
-----------------
1. Utilization by Hierarchy

1. Utilization by Hierarchy
---------------------------

+--------------------+---------------------------------------+------------+------------+---------+------+-------+--------+--------+------+--------------+
|      Instance      |                 Module                | Total LUTs | Logic LUTs | LUTRAMs | SRLs |  FFs  | RAMB36 | RAMB18 | URAM | DSP48 Blocks |
+--------------------+---------------------------------------+------------+------------+---------+------+-------+--------+--------+------+--------------+
| waiz_benchmark     |                                 (top) |     254923 |     254920 |       0 |    3 | 80452 |      0 |      0 |    0 |         1501 |
|   (waiz_benchmark) |                                 (top) |       4310 |       4310 |       0 |    0 |     0 |      0 |      0 |    0 |            0 |
|   denselayer1      |                            denseLayer |     136041 |     136041 |       0 |    0 | 14945 |      0 |      0 |    0 |          448 |
|   denselayer2      |            denseLayer__parameterized0 |      78118 |      78117 |       0 |    1 | 43125 |      0 |      0 |    0 |          512 |
|   denselayer3      |            denseLayer__parameterized1 |      28581 |      28580 |       0 |    1 | 19272 |      0 |      0 |    0 |          466 |
|   denselayer4      |            denseLayer__parameterized2 |       3771 |       3770 |       0 |    1 |  3104 |      0 |      0 |    0 |           75 |
|   relulayer1       |                   reluActivationLayer |      16219 |      16219 |       0 |    0 |     0 |      0 |      0 |    0 |            0 |
|   relulayer2       |   reluActivationLayer__parameterized0 |       6937 |       6937 |       0 |    0 |     0 |      0 |      0 |    0 |            0 |
|   relulayer3       | reluActivationLayer__parameterized0_0 |       1441 |       1441 |       0 |    0 |     0 |      0 |      0 |    0 |            0 |
|   softmax          |                    softmaxArgmaxLayer |          2 |          2 |       0 |    0 |     6 |      0 |      0 |    0 |            0 |
+--------------------+---------------------------------------+------------+------------+---------+------+-------+--------+--------+------+--------------+
* Note: The sum of lower-level cells may be larger than their parent cells total, due to cross-hierarchy LUT combining


