Copyright 1986-2019 Xilinx, Inc. All Rights Reserved.
-----------------------------------------------------------------------------------------------------
| Tool Version      : Vivado v.2019.1 (lin64) Build 2552052 Fri May 24 14:47:09 MDT 2019
| Date              : Mon Dec  1 01:46:34 2025
| Host              : hvm1 running 64-bit Ubuntu 22.04.5 LTS
| Command           : report_timing_summary -file ../reports/28_10_Argmax_P1_PO0_MULTPIPE_timing.rpt
| Design            : waiz_benchmark
| Device            : xcvu13p-fhga2104
| Speed File        : -3  PRODUCTION 1.23 03-18-2019
| Temperature Grade : E
-----------------------------------------------------------------------------------------------------

Timing Summary Report

------------------------------------------------------------------------------------------------
| Timer Settings
| --------------
------------------------------------------------------------------------------------------------

  Enable Multi Corner Analysis               :  Yes
  Enable Pessimism Removal                   :  Yes
  Pessimism Removal Resolution               :  Nearest Common Node
  Enable Input Delay Default Clock           :  No
  Enable Preset / Clear Arcs                 :  No
  Disable Flight Delays                      :  No
  Ignore I/O Paths                           :  No
  Timing Early Launch at Borrowing Latches   :  No
  Borrow Time for Max Delay Exceptions       :  Yes

  Corner  Analyze    Analyze    
  Name    Max Paths  Min Paths  
  ------  ---------  ---------  
  Slow    Yes        Yes        
  Fast    Yes        Yes        



check_timing report

Table of Contents
-----------------
1. checking no_clock
2. checking constant_clock
3. checking pulse_width_clock
4. checking unconstrained_internal_endpoints
5. checking no_input_delay
6. checking no_output_delay
7. checking multiple_clock
8. checking generated_clocks
9. checking loops
10. checking partial_input_delay
11. checking partial_output_delay
12. checking latch_loops

1. checking no_clock
--------------------
 There are 0 register/latch pins with no clock.


2. checking constant_clock
--------------------------
 There are 0 register/latch pins with constant_clock.


3. checking pulse_width_clock
-----------------------------
 There are 0 register/latch pins which need pulse_width check


4. checking unconstrained_internal_endpoints
--------------------------------------------
 There are 0 pins that are not constrained for maximum delay.

 There are 0 pins that are not constrained for maximum delay due to constant clock.


5. checking no_input_delay
--------------------------
 There are 450 input ports with no input delay specified. (HIGH)

 There are 0 input ports with no input delay but user has a false path constraint.


6. checking no_output_delay
---------------------------
 There are 6 ports with no output delay specified. (HIGH)

 There are 0 ports with no output delay but user has a false path constraint

 There are 0 ports with no output delay but with a timing clock defined on it or propagating through it


7. checking multiple_clock
--------------------------
 There are 0 register/latch pins with multiple clocks.


8. checking generated_clocks
----------------------------
 There are 0 generated clocks that are not connected to a clock source.


9. checking loops
-----------------
 There are 0 combinational loops in the design.


10. checking partial_input_delay
--------------------------------
 There are 0 input ports with partial input delay specified.


11. checking partial_output_delay
---------------------------------
 There are 0 ports with partial output delay specified.


12. checking latch_loops
------------------------
 There are 0 combinational latch loops in the design through latch input



------------------------------------------------------------------------------------------------
| Design Timing Summary
| ---------------------
------------------------------------------------------------------------------------------------

    WNS(ns)      TNS(ns)  TNS Failing Endpoints  TNS Total Endpoints      WHS(ns)      THS(ns)  THS Failing Endpoints  THS Total Endpoints     WPWS(ns)     TPWS(ns)  TPWS Failing Endpoints  TPWS Total Endpoints  
    -------      -------  ---------------------  -------------------      -------      -------  ---------------------  -------------------     --------     --------  ----------------------  --------------------  
     -0.001       -0.001                      1               146846        0.001        0.000                      0               146846        2.225        0.000                       0                149662  


Timing constraints are not met.


------------------------------------------------------------------------------------------------
| Clock Summary
| -------------
------------------------------------------------------------------------------------------------

Clock   Waveform(ns)         Period(ns)      Frequency(MHz)
-----   ------------         ----------      --------------
ap_clk  {0.000 2.500}        5.000           200.000         


------------------------------------------------------------------------------------------------
| Intra Clock Table
| -----------------
------------------------------------------------------------------------------------------------

Clock             WNS(ns)      TNS(ns)  TNS Failing Endpoints  TNS Total Endpoints      WHS(ns)      THS(ns)  THS Failing Endpoints  THS Total Endpoints     WPWS(ns)     TPWS(ns)  TPWS Failing Endpoints  TPWS Total Endpoints  
-----             -------      -------  ---------------------  -------------------      -------      -------  ---------------------  -------------------     --------     --------  ----------------------  --------------------  
ap_clk             -0.001       -0.001                      1               146846        0.001        0.000                      0               146846        2.225        0.000                       0                149662  


------------------------------------------------------------------------------------------------
| Inter Clock Table
| -----------------
------------------------------------------------------------------------------------------------

From Clock    To Clock          WNS(ns)      TNS(ns)  TNS Failing Endpoints  TNS Total Endpoints      WHS(ns)      THS(ns)  THS Failing Endpoints  THS Total Endpoints  
----------    --------          -------      -------  ---------------------  -------------------      -------      -------  ---------------------  -------------------  


------------------------------------------------------------------------------------------------
| Other Path Groups Table
| -----------------------
------------------------------------------------------------------------------------------------

Path Group    From Clock    To Clock          WNS(ns)      TNS(ns)  TNS Failing Endpoints  TNS Total Endpoints      WHS(ns)      THS(ns)  THS Failing Endpoints  THS Total Endpoints  
----------    ----------    --------          -------      -------  ---------------------  -------------------      -------      -------  ---------------------  -------------------  


------------------------------------------------------------------------------------------------
| Timing Details
| --------------
------------------------------------------------------------------------------------------------


---------------------------------------------------------------------------------------------------
From Clock:  ap_clk
  To Clock:  ap_clk

Setup :            1  Failing Endpoint ,  Worst Slack       -0.001ns,  Total Violation       -0.001ns
Hold  :            0  Failing Endpoints,  Worst Slack        0.001ns,  Total Violation        0.000ns
PW    :            0  Failing Endpoints,  Worst Slack        2.225ns,  Total Violation        0.000ns
---------------------------------------------------------------------------------------------------


Max Delay Paths
--------------------------------------------------------------------------------------
Slack (VIOLATED) :        -0.001ns  (required time - arrival time)
  Source:                 denselayer1/sum_all/col_trees[15].column_tree/genblk2[0].genblk1[1].tree_reg[1][14]/C
                            (rising edge-triggered cell FDRE clocked by ap_clk  {rise@0.000ns fall@2.500ns period=5.000ns})
  Destination:            denselayer2/INPUT_SIZE_rows[15].OUTPUT_SIZE_cols[1].sa/data_in_ex_reg[26]_rep__0/D
                            (rising edge-triggered cell FDRE clocked by ap_clk  {rise@0.000ns fall@2.500ns period=5.000ns})
  Path Group:             ap_clk
  Path Type:              Setup (Max at Slow Process Corner)
  Requirement:            5.000ns  (ap_clk rise@5.000ns - ap_clk rise@0.000ns)
  Data Path Delay:        4.726ns  (logic 0.405ns (8.570%)  route 4.321ns (91.430%))
  Logic Levels:           4  (CARRY8=3 LUT2=1)
  Clock Path Skew:        -0.013ns (DCD - SCD + CPR)
    Destination Clock Delay (DCD):    3.323ns = ( 8.323 - 5.000 ) 
    Source Clock Delay      (SCD):    3.684ns
    Clock Pessimism Removal (CPR):    0.348ns
  Clock Uncertainty:      0.035ns  ((TSJ^2 + TIJ^2)^1/2 + DJ) / 2 + PE
    Total System Jitter     (TSJ):    0.071ns
    Total Input Jitter      (TIJ):    0.000ns
    Discrete Jitter          (DJ):    0.000ns
    Phase Error              (PE):    0.000ns
  Inter-SLR Compensation: 0.250ns  ((DCD - CCD) * PF)
    Destination Clock Delay (DCD):    3.323ns
    Common Clock Delay      (CCD):    1.656ns
    Prorating Factor         (PF):    0.150
  Clock Net Delay (Source):      2.808ns (routing 1.128ns, distribution 1.680ns)
  Clock Net Delay (Destination): 2.690ns (routing 1.023ns, distribution 1.667ns)

    Location             Delay type                Incr(ns)  Path(ns)    Netlist Resource(s)
  -------------------------------------------------------------------    -------------------
                         (clock ap_clk rise edge)     0.000     0.000 r  
    AP13                                              0.000     0.000 r  clk (IN)
                         net (fo=0)                   0.000     0.000    clk_IBUF_inst/I
    AP13                 INBUF (Prop_INBUF_HPIOB_M_PAD_O)
                                                      0.534     0.534 r  clk_IBUF_inst/INBUF_INST/O
                         net (fo=1, routed)           0.000     0.534    clk_IBUF_inst/OUT
    AP13                 IBUFCTRL (Prop_IBUFCTRL_HPIOB_M_I_O)
                                                      0.000     0.534 r  clk_IBUF_inst/IBUFCTRL_INST/O
                         net (fo=1, routed)           0.314     0.848    clk_IBUF
    BUFGCE_X0Y170        BUFGCE (Prop_BUFCE_BUFGCE_I_O)
                                                      0.028     0.876 r  clk_IBUF_BUFG_inst/O
    X3Y10 (CLOCK_ROOT)   net (fo=149661, routed)      2.808     3.684    denselayer1/sum_all/col_trees[15].column_tree/clk_IBUF_BUFG
    SLR Crossing[1->2]   
    SLICE_X175Y586       FDRE                                         r  denselayer1/sum_all/col_trees[15].column_tree/genblk2[0].genblk1[1].tree_reg[1][14]/C
  -------------------------------------------------------------------    -------------------
    SLICE_X175Y586       FDRE (Prop_GFF_SLICEM_C_Q)
                                                      0.068     3.752 r  denselayer1/sum_all/col_trees[15].column_tree/genblk2[0].genblk1[1].tree_reg[1][14]/Q
                         net (fo=1, routed)           0.324     4.076    denselayer1/sum_all/col_trees[15].column_tree/accumulator[15]_234[14]
    SLICE_X171Y587       CARRY8 (Prop_CARRY8_SLICEM_S[5]_CO[7])
                                                      0.137     4.213 r  denselayer1/sum_all/col_trees[15].column_tree/data_in_ex_reg[11]_i_2/CO[7]
                         net (fo=1, routed)           0.023     4.236    denselayer1/sum_all/col_trees[15].column_tree/data_in_ex_reg[11]_i_2_n_0
    SLICE_X171Y588       CARRY8 (Prop_CARRY8_SLICEM_CI_CO[7])
                                                      0.012     4.248 r  denselayer1/sum_all/col_trees[15].column_tree/data_in_ex_reg[17]_i_2__4/CO[7]
                         net (fo=1, routed)           0.023     4.271    denselayer1/sum_all/col_trees[15].column_tree/data_in_ex_reg[17]_i_2__4_n_0
    SLICE_X171Y589       CARRY8 (Prop_CARRY8_SLICEM_CI_O[2])
                                                      0.061     4.332 f  denselayer1/sum_all/col_trees[15].column_tree/data_in_ex_reg[1]_i_3/O[2]
                         net (fo=81, routed)          3.578     7.910    relulayer1/output_data[15][26]
    SLR Crossing[2->3]   
    SLICE_X179Y917       LUT2 (Prop_F5LUT_SLICEM_I1_O)
                                                      0.127     8.037 r  relulayer1/data_in_ex[26]_rep__0_i_1__14/O
                         net (fo=1, routed)           0.373     8.410    denselayer2/INPUT_SIZE_rows[15].OUTPUT_SIZE_cols[1].sa/data_in_ex_reg[26]_rep__0_30
    SLICE_X179Y917       FDRE                                         r  denselayer2/INPUT_SIZE_rows[15].OUTPUT_SIZE_cols[1].sa/data_in_ex_reg[26]_rep__0/D
  -------------------------------------------------------------------    -------------------

                         (clock ap_clk rise edge)     5.000     5.000 r  
    AP13                                              0.000     5.000 r  clk (IN)
                         net (fo=0)                   0.000     5.000    clk_IBUF_inst/I
    AP13                 INBUF (Prop_INBUF_HPIOB_M_PAD_O)
                                                      0.330     5.330 r  clk_IBUF_inst/INBUF_INST/O
                         net (fo=1, routed)           0.000     5.330    clk_IBUF_inst/OUT
    AP13                 IBUFCTRL (Prop_IBUFCTRL_HPIOB_M_I_O)
                                                      0.000     5.330 r  clk_IBUF_inst/IBUFCTRL_INST/O
                         net (fo=1, routed)           0.279     5.609    clk_IBUF
    BUFGCE_X0Y170        BUFGCE (Prop_BUFCE_BUFGCE_I_O)
                                                      0.024     5.633 r  clk_IBUF_BUFG_inst/O
    X3Y10 (CLOCK_ROOT)   net (fo=149661, routed)      2.690     8.323    denselayer2/INPUT_SIZE_rows[15].OUTPUT_SIZE_cols[1].sa/clk_IBUF_BUFG
    SLR Crossing[1->3]   
    SLICE_X179Y917       FDRE                                         r  denselayer2/INPUT_SIZE_rows[15].OUTPUT_SIZE_cols[1].sa/data_in_ex_reg[26]_rep__0/C
                         clock pessimism              0.348     8.671    
                         inter-SLR compensation      -0.250     8.421    
                         clock uncertainty           -0.035     8.385    
    SLICE_X179Y917       FDRE (Setup_EFF_SLICEM_C_D)
                                                      0.023     8.408    denselayer2/INPUT_SIZE_rows[15].OUTPUT_SIZE_cols[1].sa/data_in_ex_reg[26]_rep__0
  -------------------------------------------------------------------
                         required time                          8.408    
                         arrival time                          -8.410    
  -------------------------------------------------------------------
                         slack                                 -0.001    





Min Delay Paths
--------------------------------------------------------------------------------------
Slack (MET) :             0.001ns  (arrival time - required time)
  Source:                 denselayer2/INPUT_SIZE_rows[18].OUTPUT_SIZE_cols[22].sa/data_out_reg[18]/C
                            (rising edge-triggered cell FDRE clocked by ap_clk  {rise@0.000ns fall@2.500ns period=5.000ns})
  Destination:            denselayer2/sum_all/col_trees[22].column_tree/genblk2[2].genblk1[20].tree_reg[20][1]/D
                            (rising edge-triggered cell FDRE clocked by ap_clk  {rise@0.000ns fall@2.500ns period=5.000ns})
  Path Group:             ap_clk
  Path Type:              Hold (Min at Fast Process Corner)
  Requirement:            0.000ns  (ap_clk rise@0.000ns - ap_clk rise@0.000ns)
  Data Path Delay:        0.134ns  (logic 0.071ns (52.985%)  route 0.063ns (47.015%))
  Logic Levels:           2  (CARRY8=1 LUT4=1)
  Clock Path Skew:        0.087ns (DCD - SCD - CPR)
    Destination Clock Delay (DCD):    2.486ns
    Source Clock Delay      (SCD):    2.032ns
    Clock Pessimism Removal (CPR):    0.366ns
  Clock Net Delay (Source):      1.637ns (routing 0.681ns, distribution 0.956ns)
  Clock Net Delay (Destination): 1.866ns (routing 0.759ns, distribution 1.107ns)

    Location             Delay type                Incr(ns)  Path(ns)    Netlist Resource(s)
  -------------------------------------------------------------------    -------------------
                         (clock ap_clk rise edge)     0.000     0.000 r  
    AP13                                              0.000     0.000 r  clk (IN)
                         net (fo=0)                   0.000     0.000    clk_IBUF_inst/I
    AP13                 INBUF (Prop_INBUF_HPIOB_M_PAD_O)
                                                      0.234     0.234 r  clk_IBUF_inst/INBUF_INST/O
                         net (fo=1, routed)           0.000     0.234    clk_IBUF_inst/OUT
    AP13                 IBUFCTRL (Prop_IBUFCTRL_HPIOB_M_I_O)
                                                      0.000     0.234 r  clk_IBUF_inst/IBUFCTRL_INST/O
                         net (fo=1, routed)           0.144     0.378    clk_IBUF
    BUFGCE_X0Y170        BUFGCE (Prop_BUFCE_BUFGCE_I_O)
                                                      0.017     0.395 r  clk_IBUF_BUFG_inst/O
    X3Y10 (CLOCK_ROOT)   net (fo=149661, routed)      1.637     2.032    denselayer2/INPUT_SIZE_rows[18].OUTPUT_SIZE_cols[22].sa/clk_IBUF_BUFG
    SLR Crossing[1->3]   
    SLICE_X79Y763        FDRE                                         r  denselayer2/INPUT_SIZE_rows[18].OUTPUT_SIZE_cols[22].sa/data_out_reg[18]/C
  -------------------------------------------------------------------    -------------------
    SLICE_X79Y763        FDRE (Prop_BFF_SLICEL_C_Q)
                                                      0.039     2.071 r  denselayer2/INPUT_SIZE_rows[18].OUTPUT_SIZE_cols[22].sa/data_out_reg[18]/Q
                         net (fo=2, routed)           0.049     2.120    denselayer2/INPUT_SIZE_rows[18].OUTPUT_SIZE_cols[22].sa/p_1462_out[18]
    SLICE_X78Y763        LUT4 (Prop_B6LUT_SLICEL_I2_O)
                                                      0.015     2.135 r  denselayer2/INPUT_SIZE_rows[18].OUTPUT_SIZE_cols[22].sa/genblk2[2].genblk1[20].tree[20][7]_i_15__19/O
                         net (fo=1, routed)           0.007     2.142    denselayer2/INPUT_SIZE_rows[19].OUTPUT_SIZE_cols[22].sa/genblk2[2].genblk1[20].tree_reg[20][7]_0[1]
    SLICE_X78Y763        CARRY8 (Prop_CARRY8_SLICEL_S[1]_O[1])
                                                      0.017     2.159 r  denselayer2/INPUT_SIZE_rows[19].OUTPUT_SIZE_cols[22].sa/genblk2[2].genblk1[20].tree_reg[20][7]_i_1__21/O[1]
                         net (fo=1, routed)           0.007     2.166    denselayer2/sum_all/col_trees[22].column_tree/genblk2[2].genblk1[20].tree_reg[20][27]_0[1]
    SLICE_X78Y763        FDRE                                         r  denselayer2/sum_all/col_trees[22].column_tree/genblk2[2].genblk1[20].tree_reg[20][1]/D
  -------------------------------------------------------------------    -------------------

                         (clock ap_clk rise edge)     0.000     0.000 r  
    AP13                                              0.000     0.000 r  clk (IN)
                         net (fo=0)                   0.000     0.000    clk_IBUF_inst/I
    AP13                 INBUF (Prop_INBUF_HPIOB_M_PAD_O)
                                                      0.420     0.420 r  clk_IBUF_inst/INBUF_INST/O
                         net (fo=1, routed)           0.000     0.420    clk_IBUF_inst/OUT
    AP13                 IBUFCTRL (Prop_IBUFCTRL_HPIOB_M_I_O)
                                                      0.000     0.420 r  clk_IBUF_inst/IBUFCTRL_INST/O
                         net (fo=1, routed)           0.181     0.601    clk_IBUF
    BUFGCE_X0Y170        BUFGCE (Prop_BUFCE_BUFGCE_I_O)
                                                      0.019     0.620 r  clk_IBUF_BUFG_inst/O
    X3Y10 (CLOCK_ROOT)   net (fo=149661, routed)      1.866     2.486    denselayer2/sum_all/col_trees[22].column_tree/clk_IBUF_BUFG
    SLR Crossing[1->3]   
    SLICE_X78Y763        FDRE                                         r  denselayer2/sum_all/col_trees[22].column_tree/genblk2[2].genblk1[20].tree_reg[20][1]/C
                         clock pessimism             -0.366     2.119    
    SLICE_X78Y763        FDRE (Hold_BFF_SLICEL_C_D)
                                                      0.046     2.165    denselayer2/sum_all/col_trees[22].column_tree/genblk2[2].genblk1[20].tree_reg[20][1]
  -------------------------------------------------------------------
                         required time                         -2.165    
                         arrival time                           2.166    
  -------------------------------------------------------------------
                         slack                                  0.001    





Pulse Width Checks
--------------------------------------------------------------------------------------
Clock Name:         ap_clk
Waveform(ns):       { 0.000 2.500 }
Period(ns):         5.000
Sources:            { clk }

Check Type        Corner  Lib Pin   Reference Pin  Required(ns)  Actual(ns)  Slack(ns)  Location        Pin
Min Period        n/a     BUFGCE/I  n/a            1.122         5.000       3.878      BUFGCE_X0Y170   clk_IBUF_BUFG_inst/I
Low Pulse Width   Slow    FDRE/C    n/a            0.275         2.500       2.225      SLICE_X184Y694  denselayer1/INPUT_SIZE_rows[13].OUTPUT_SIZE_cols[0].sa/data_out_reg[40]/C
High Pulse Width  Fast    FDRE/C    n/a            0.275         2.500       2.225      SLICE_X184Y694  denselayer1/INPUT_SIZE_rows[13].OUTPUT_SIZE_cols[0].sa/data_out_reg[40]/C



