Copyright 1986-2019 Xilinx, Inc. All Rights Reserved.
---------------------------------------------------------------------------------------------------------
| Tool Version      : Vivado v.2019.1 (lin64) Build 2552052 Fri May 24 14:47:09 MDT 2019
| Date              : Tue Dec  2 07:27:47 2025
| Host              : hvm1 running 64-bit Ubuntu 22.04.5 LTS
| Command           : report_timing_summary -file ../reports/28_10_Argmax_P1_PO0_SA2_MULTPIPE_timing.rpt
| Design            : waiz_benchmark
| Device            : xcvu13p-fhga2104
| Speed File        : -3  PRODUCTION 1.23 03-18-2019
| Temperature Grade : E
---------------------------------------------------------------------------------------------------------

Timing Summary Report

------------------------------------------------------------------------------------------------
| Timer Settings
| --------------
------------------------------------------------------------------------------------------------

  Enable Multi Corner Analysis               :  Yes
  Enable Pessimism Removal                   :  Yes
  Pessimism Removal Resolution               :  Nearest Common Node
  Enable Input Delay Default Clock           :  No
  Enable Preset / Clear Arcs                 :  No
  Disable Flight Delays                      :  No
  Ignore I/O Paths                           :  No
  Timing Early Launch at Borrowing Latches   :  No
  Borrow Time for Max Delay Exceptions       :  Yes

  Corner  Analyze    Analyze    
  Name    Max Paths  Min Paths  
  ------  ---------  ---------  
  Slow    Yes        Yes        
  Fast    Yes        Yes        



check_timing report

Table of Contents
-----------------
1. checking no_clock
2. checking constant_clock
3. checking pulse_width_clock
4. checking unconstrained_internal_endpoints
5. checking no_input_delay
6. checking no_output_delay
7. checking multiple_clock
8. checking generated_clocks
9. checking loops
10. checking partial_input_delay
11. checking partial_output_delay
12. checking latch_loops

1. checking no_clock
--------------------
 There are 0 register/latch pins with no clock.


2. checking constant_clock
--------------------------
 There are 0 register/latch pins with constant_clock.


3. checking pulse_width_clock
-----------------------------
 There are 0 register/latch pins which need pulse_width check


4. checking unconstrained_internal_endpoints
--------------------------------------------
 There are 0 pins that are not constrained for maximum delay.

 There are 0 pins that are not constrained for maximum delay due to constant clock.


5. checking no_input_delay
--------------------------
 There are 450 input ports with no input delay specified. (HIGH)

 There are 0 input ports with no input delay but user has a false path constraint.


6. checking no_output_delay
---------------------------
 There are 6 ports with no output delay specified. (HIGH)

 There are 0 ports with no output delay but user has a false path constraint

 There are 0 ports with no output delay but with a timing clock defined on it or propagating through it


7. checking multiple_clock
--------------------------
 There are 0 register/latch pins with multiple clocks.


8. checking generated_clocks
----------------------------
 There are 0 generated clocks that are not connected to a clock source.


9. checking loops
-----------------
 There are 0 combinational loops in the design.


10. checking partial_input_delay
--------------------------------
 There are 0 input ports with partial input delay specified.


11. checking partial_output_delay
---------------------------------
 There are 0 ports with partial output delay specified.


12. checking latch_loops
------------------------
 There are 0 combinational latch loops in the design through latch input



------------------------------------------------------------------------------------------------
| Design Timing Summary
| ---------------------
------------------------------------------------------------------------------------------------

    WNS(ns)      TNS(ns)  TNS Failing Endpoints  TNS Total Endpoints      WHS(ns)      THS(ns)  THS Failing Endpoints  THS Total Endpoints     WPWS(ns)     TPWS(ns)  TPWS Failing Endpoints  TPWS Total Endpoints  
    -------      -------  ---------------------  -------------------      -------      -------  ---------------------  -------------------     --------     --------  ----------------------  --------------------  
     -0.495    -1833.519                  10485               124842        0.012        0.000                      0               124842        2.225        0.000                       0                127713  


Timing constraints are not met.


------------------------------------------------------------------------------------------------
| Clock Summary
| -------------
------------------------------------------------------------------------------------------------

Clock   Waveform(ns)         Period(ns)      Frequency(MHz)
-----   ------------         ----------      --------------
ap_clk  {0.000 2.500}        5.000           200.000         


------------------------------------------------------------------------------------------------
| Intra Clock Table
| -----------------
------------------------------------------------------------------------------------------------

Clock             WNS(ns)      TNS(ns)  TNS Failing Endpoints  TNS Total Endpoints      WHS(ns)      THS(ns)  THS Failing Endpoints  THS Total Endpoints     WPWS(ns)     TPWS(ns)  TPWS Failing Endpoints  TPWS Total Endpoints  
-----             -------      -------  ---------------------  -------------------      -------      -------  ---------------------  -------------------     --------     --------  ----------------------  --------------------  
ap_clk             -0.495    -1833.519                  10485               124842        0.012        0.000                      0               124842        2.225        0.000                       0                127713  


------------------------------------------------------------------------------------------------
| Inter Clock Table
| -----------------
------------------------------------------------------------------------------------------------

From Clock    To Clock          WNS(ns)      TNS(ns)  TNS Failing Endpoints  TNS Total Endpoints      WHS(ns)      THS(ns)  THS Failing Endpoints  THS Total Endpoints  
----------    --------          -------      -------  ---------------------  -------------------      -------      -------  ---------------------  -------------------  


------------------------------------------------------------------------------------------------
| Other Path Groups Table
| -----------------------
------------------------------------------------------------------------------------------------

Path Group    From Clock    To Clock          WNS(ns)      TNS(ns)  TNS Failing Endpoints  TNS Total Endpoints      WHS(ns)      THS(ns)  THS Failing Endpoints  THS Total Endpoints  
----------    ----------    --------          -------      -------  ---------------------  -------------------      -------      -------  ---------------------  -------------------  


------------------------------------------------------------------------------------------------
| Timing Details
| --------------
------------------------------------------------------------------------------------------------


---------------------------------------------------------------------------------------------------
From Clock:  ap_clk
  To Clock:  ap_clk

Setup :        10485  Failing Endpoints,  Worst Slack       -0.495ns,  Total Violation    -1833.519ns
Hold  :            0  Failing Endpoints,  Worst Slack        0.012ns,  Total Violation        0.000ns
PW    :            0  Failing Endpoints,  Worst Slack        2.225ns,  Total Violation        0.000ns
---------------------------------------------------------------------------------------------------


Max Delay Paths
--------------------------------------------------------------------------------------
Slack (VIOLATED) :        -0.495ns  (required time - arrival time)
  Source:                 denselayer1/sum_all/col_trees[53].column_tree/genblk2[0].genblk1[1].tree_reg[1][1]/C
                            (rising edge-triggered cell FDRE clocked by ap_clk  {rise@0.000ns fall@2.500ns period=5.000ns})
  Destination:            denselayer2/INPUT_SIZE_rows[53].OUTPUT_SIZE_cols[26].sa/data_out_reg[44]/D
                            (rising edge-triggered cell FDRE clocked by ap_clk  {rise@0.000ns fall@2.500ns period=5.000ns})
  Path Group:             ap_clk
  Path Type:              Setup (Max at Slow Process Corner)
  Requirement:            5.000ns  (ap_clk rise@5.000ns - ap_clk rise@0.000ns)
  Data Path Delay:        5.385ns  (logic 1.731ns (32.145%)  route 3.654ns (67.855%))
  Logic Levels:           14  (CARRY8=7 LUT1=1 LUT2=2 LUT3=2 LUT4=2)
  Clock Path Skew:        -0.097ns (DCD - SCD + CPR)
    Destination Clock Delay (DCD):    3.194ns = ( 8.194 - 5.000 ) 
    Source Clock Delay      (SCD):    3.688ns
    Clock Pessimism Removal (CPR):    0.396ns
  Clock Uncertainty:      0.035ns  ((TSJ^2 + TIJ^2)^1/2 + DJ) / 2 + PE
    Total System Jitter     (TSJ):    0.071ns
    Total Input Jitter      (TIJ):    0.000ns
    Discrete Jitter          (DJ):    0.000ns
    Phase Error              (PE):    0.000ns
  Clock Net Delay (Source):      2.812ns (routing 1.055ns, distribution 1.757ns)
  Clock Net Delay (Destination): 2.561ns (routing 0.956ns, distribution 1.605ns)

    Location             Delay type                Incr(ns)  Path(ns)    Netlist Resource(s)
  -------------------------------------------------------------------    -------------------
                         (clock ap_clk rise edge)     0.000     0.000 r  
    AP13                                              0.000     0.000 r  clk (IN)
                         net (fo=0)                   0.000     0.000    clk_IBUF_inst/I
    AP13                 INBUF (Prop_INBUF_HPIOB_M_PAD_O)
                                                      0.534     0.534 r  clk_IBUF_inst/INBUF_INST/O
                         net (fo=1, routed)           0.000     0.534    clk_IBUF_inst/OUT
    AP13                 IBUFCTRL (Prop_IBUFCTRL_HPIOB_M_I_O)
                                                      0.000     0.534 r  clk_IBUF_inst/IBUFCTRL_INST/O
                         net (fo=1, routed)           0.314     0.848    clk_IBUF
    BUFGCE_X0Y170        BUFGCE (Prop_BUFCE_BUFGCE_I_O)
                                                      0.028     0.876 r  clk_IBUF_BUFG_inst/O
    X3Y5 (CLOCK_ROOT)    net (fo=130512, routed)      2.812     3.688    denselayer1/sum_all/col_trees[53].column_tree/CLK
    SLICE_X128Y387       FDRE                                         r  denselayer1/sum_all/col_trees[53].column_tree/genblk2[0].genblk1[1].tree_reg[1][1]/C
  -------------------------------------------------------------------    -------------------
    SLICE_X128Y387       FDRE (Prop_BFF_SLICEM_C_Q)
                                                      0.067     3.755 f  denselayer1/sum_all/col_trees[53].column_tree/genblk2[0].genblk1[1].tree_reg[1][1]/Q
                         net (fo=2, routed)           0.189     3.944    denselayer1/accumulator[53]_50[1]
    SLICE_X127Y386       LUT1 (Prop_A6LUT_SLICEL_I0_O)
                                                      0.047     3.991 r  denselayer1/data_out0_i_28__7/O
                         net (fo=1, routed)           0.013     4.004    denselayer1/data_out0_i_28__7_n_0
    SLICE_X127Y386       CARRY8 (Prop_CARRY8_SLICEL_S[0]_CO[7])
                                                      0.171     4.175 r  denselayer1/data_out0_i_20__13/CO[7]
                         net (fo=1, routed)           0.023     4.198    denselayer1/data_out0_i_20__13_n_0
    SLICE_X127Y387       CARRY8 (Prop_CARRY8_SLICEL_CI_CO[7])
                                                      0.012     4.210 r  denselayer1/data_out0_i_18__13/CO[7]
                         net (fo=1, routed)           0.023     4.233    denselayer1/data_out0_i_18__13_n_0
    SLICE_X127Y388       CARRY8 (Prop_CARRY8_SLICEL_CI_O[0])
                                                      0.050     4.283 r  denselayer1/data_out_reg_i_11__11/O[0]
                         net (fo=74, routed)          0.458     4.741    relulayer1/result[53][16]
    SLICE_X128Y393       LUT2 (Prop_F5LUT_SLICEM_I0_O)
                                                      0.092     4.833 r  relulayer1/data_out_reg_i_8__32/O
                         net (fo=125, routed)         0.815     5.648    denselayer1/data_out_reg[27]_294
    SLICE_X120Y398       LUT2 (Prop_B6LUT_SLICEL_I1_O)
                                                      0.135     5.783 r  denselayer1/data_out[38]_i_86__8/O
                         net (fo=1, routed)           0.012     5.795    denselayer1/sum_all/col_trees[53].column_tree/INPUT_SIZE_rows[53].OUTPUT_SIZE_cols[26].sa/data_out[30]_i_23_0[1]
    SLICE_X120Y398       CARRY8 (Prop_CARRY8_SLICEL_S[1]_O[4])
                                                      0.178     5.973 r  denselayer1/sum_all/col_trees[53].column_tree/INPUT_SIZE_rows[53].OUTPUT_SIZE_cols[26].sa/data_out_reg[38]_i_55/O[4]
                         net (fo=2, routed)           0.528     6.501    denselayer1/sum_all_n_45149
    SLICE_X115Y398       LUT3 (Prop_A5LUT_SLICEM_I2_O)
                                                      0.146     6.647 r  denselayer1/INPUT_SIZE_rows[53].OUTPUT_SIZE_cols[26].sa/data_out[38]_i_27/O
                         net (fo=2, routed)           0.219     6.866    denselayer1/INPUT_SIZE_rows[53].OUTPUT_SIZE_cols[26].sa/data_out[38]_i_27_n_0
    SLICE_X115Y398       LUT4 (Prop_B6LUT_SLICEM_I3_O)
                                                      0.114     6.980 r  denselayer1/INPUT_SIZE_rows[53].OUTPUT_SIZE_cols[26].sa/data_out[38]_i_35/O
                         net (fo=1, routed)           0.020     7.000    denselayer1/sum_all/col_trees[53].column_tree/data_out[30]_i_5_0[1]
    SLICE_X115Y398       CARRY8 (Prop_CARRY8_SLICEM_S[1]_O[5])
                                                      0.211     7.211 r  denselayer1/sum_all/col_trees[53].column_tree/INPUT_SIZE_rows[53].OUTPUT_SIZE_cols[26].sa/data_out_reg[38]_i_18/O[5]
                         net (fo=2, routed)           0.755     7.966    denselayer2/INPUT_SIZE_rows[53].OUTPUT_SIZE_cols[26].sa/data_out_reg[38]_2[5]
    SLICE_X124Y399       LUT3 (Prop_A5LUT_SLICEM_I0_O)
                                                      0.146     8.112 r  denselayer2/INPUT_SIZE_rows[53].OUTPUT_SIZE_cols[26].sa/data_out[38]_i_8/O
                         net (fo=2, routed)           0.532     8.644    denselayer2/INPUT_SIZE_rows[53].OUTPUT_SIZE_cols[26].sa/data_out[38]_i_8_n_0
    SLICE_X124Y399       LUT4 (Prop_B6LUT_SLICEM_I3_O)
                                                      0.089     8.733 r  denselayer2/INPUT_SIZE_rows[53].OUTPUT_SIZE_cols[26].sa/data_out[38]_i_16/O
                         net (fo=1, routed)           0.020     8.753    denselayer2/INPUT_SIZE_rows[53].OUTPUT_SIZE_cols[26].sa/data_out[38]_i_16_n_0
    SLICE_X124Y399       CARRY8 (Prop_CARRY8_SLICEM_S[1]_CO[7])
                                                      0.170     8.923 r  denselayer2/INPUT_SIZE_rows[53].OUTPUT_SIZE_cols[26].sa/data_out_reg[38]_i_1/CO[7]
                         net (fo=1, routed)           0.023     8.946    denselayer2/INPUT_SIZE_rows[53].OUTPUT_SIZE_cols[26].sa/data_out_reg[38]_i_1_n_0
    SLICE_X124Y400       CARRY8 (Prop_CARRY8_SLICEM_CI_O[5])
                                                      0.103     9.049 r  denselayer2/INPUT_SIZE_rows[53].OUTPUT_SIZE_cols[26].sa/data_out_reg[45]_i_1/O[5]
                         net (fo=1, routed)           0.024     9.073    denselayer2/INPUT_SIZE_rows[53].OUTPUT_SIZE_cols[26].sa/p_0_in[44]
    SLICE_X124Y400       FDRE                                         r  denselayer2/INPUT_SIZE_rows[53].OUTPUT_SIZE_cols[26].sa/data_out_reg[44]/D
  -------------------------------------------------------------------    -------------------

                         (clock ap_clk rise edge)     5.000     5.000 r  
    AP13                                              0.000     5.000 r  clk (IN)
                         net (fo=0)                   0.000     5.000    clk_IBUF_inst/I
    AP13                 INBUF (Prop_INBUF_HPIOB_M_PAD_O)
                                                      0.330     5.330 r  clk_IBUF_inst/INBUF_INST/O
                         net (fo=1, routed)           0.000     5.330    clk_IBUF_inst/OUT
    AP13                 IBUFCTRL (Prop_IBUFCTRL_HPIOB_M_I_O)
                                                      0.000     5.330 r  clk_IBUF_inst/IBUFCTRL_INST/O
                         net (fo=1, routed)           0.279     5.609    clk_IBUF
    BUFGCE_X0Y170        BUFGCE (Prop_BUFCE_BUFGCE_I_O)
                                                      0.024     5.633 r  clk_IBUF_BUFG_inst/O
    X3Y5 (CLOCK_ROOT)    net (fo=130512, routed)      2.561     8.194    denselayer2/INPUT_SIZE_rows[53].OUTPUT_SIZE_cols[26].sa/CLK
    SLICE_X124Y400       FDRE                                         r  denselayer2/INPUT_SIZE_rows[53].OUTPUT_SIZE_cols[26].sa/data_out_reg[44]/C
                         clock pessimism              0.396     8.590    
                         clock uncertainty           -0.035     8.555    
    SLICE_X124Y400       FDRE (Setup_FFF_SLICEM_C_D)
                                                      0.023     8.578    denselayer2/INPUT_SIZE_rows[53].OUTPUT_SIZE_cols[26].sa/data_out_reg[44]
  -------------------------------------------------------------------
                         required time                          8.578    
                         arrival time                          -9.073    
  -------------------------------------------------------------------
                         slack                                 -0.495    





Min Delay Paths
--------------------------------------------------------------------------------------
Slack (MET) :             0.012ns  (arrival time - required time)
  Source:                 denselayer2/INPUT_SIZE_rows[47].OUTPUT_SIZE_cols[21].sa/data_out_reg[18]/C
                            (rising edge-triggered cell FDRE clocked by ap_clk  {rise@0.000ns fall@2.500ns period=5.000ns})
  Destination:            denselayer2/sum_all/col_trees[21].column_tree/genblk2[2].genblk1[27].tree_reg[27][0]/D
                            (rising edge-triggered cell FDRE clocked by ap_clk  {rise@0.000ns fall@2.500ns period=5.000ns})
  Path Group:             ap_clk
  Path Type:              Hold (Min at Slow Process Corner)
  Requirement:            0.000ns  (ap_clk rise@0.000ns - ap_clk rise@0.000ns)
  Data Path Delay:        0.206ns  (logic 0.099ns (48.058%)  route 0.107ns (51.942%))
  Logic Levels:           2  (CARRY8=1 LUT4=1)
  Clock Path Skew:        0.148ns (DCD - SCD - CPR)
    Destination Clock Delay (DCD):    4.057ns
    Source Clock Delay      (SCD):    3.488ns
    Clock Pessimism Removal (CPR):    0.421ns
  Clock Net Delay (Source):      2.855ns (routing 0.956ns, distribution 1.899ns)
  Clock Net Delay (Destination): 3.181ns (routing 1.055ns, distribution 2.126ns)

    Location             Delay type                Incr(ns)  Path(ns)    Netlist Resource(s)
  -------------------------------------------------------------------    -------------------
                         (clock ap_clk rise edge)     0.000     0.000 r  
    AP13                                              0.000     0.000 r  clk (IN)
                         net (fo=0)                   0.000     0.000    clk_IBUF_inst/I
    AP13                 INBUF (Prop_INBUF_HPIOB_M_PAD_O)
                                                      0.330     0.330 r  clk_IBUF_inst/INBUF_INST/O
                         net (fo=1, routed)           0.000     0.330    clk_IBUF_inst/OUT
    AP13                 IBUFCTRL (Prop_IBUFCTRL_HPIOB_M_I_O)
                                                      0.000     0.330 r  clk_IBUF_inst/IBUFCTRL_INST/O
                         net (fo=1, routed)           0.279     0.609    clk_IBUF
    BUFGCE_X0Y170        BUFGCE (Prop_BUFCE_BUFGCE_I_O)
                                                      0.024     0.633 r  clk_IBUF_BUFG_inst/O
    X3Y5 (CLOCK_ROOT)    net (fo=130512, routed)      2.855     3.488    denselayer2/INPUT_SIZE_rows[47].OUTPUT_SIZE_cols[21].sa/CLK
    SLICE_X226Y315       FDRE                                         r  denselayer2/INPUT_SIZE_rows[47].OUTPUT_SIZE_cols[21].sa/data_out_reg[18]/C
  -------------------------------------------------------------------    -------------------
    SLICE_X226Y315       FDRE (Prop_HFF_SLICEL_C_Q)
                                                      0.054     3.542 r  denselayer2/INPUT_SIZE_rows[47].OUTPUT_SIZE_cols[21].sa/data_out_reg[18]/Q
                         net (fo=2, routed)           0.085     3.627    denselayer2/INPUT_SIZE_rows[46].OUTPUT_SIZE_cols[21].sa/genblk2[2].genblk1[27].tree_reg[27][27]_0[0]
    SLICE_X227Y316       LUT4 (Prop_A6LUT_SLICEM_I2_O)
                                                      0.020     3.647 r  denselayer2/INPUT_SIZE_rows[46].OUTPUT_SIZE_cols[21].sa/genblk2[2].genblk1[27].tree[27][7]_i_16__20/O
                         net (fo=1, routed)           0.012     3.659    denselayer2/INPUT_SIZE_rows[47].OUTPUT_SIZE_cols[21].sa/genblk2[2].genblk1[27].tree_reg[27][7]_0[0]
    SLICE_X227Y316       CARRY8 (Prop_CARRY8_SLICEM_S[0]_O[0])
                                                      0.025     3.684 r  denselayer2/INPUT_SIZE_rows[47].OUTPUT_SIZE_cols[21].sa/genblk2[2].genblk1[27].tree_reg[27][7]_i_1__20/O[0]
                         net (fo=1, routed)           0.010     3.694    denselayer2/sum_all/col_trees[21].column_tree/genblk2[2].genblk1[27].tree_reg[27][27]_0[0]
    SLICE_X227Y316       FDRE                                         r  denselayer2/sum_all/col_trees[21].column_tree/genblk2[2].genblk1[27].tree_reg[27][0]/D
  -------------------------------------------------------------------    -------------------

                         (clock ap_clk rise edge)     0.000     0.000 r  
    AP13                                              0.000     0.000 r  clk (IN)
                         net (fo=0)                   0.000     0.000    clk_IBUF_inst/I
    AP13                 INBUF (Prop_INBUF_HPIOB_M_PAD_O)
                                                      0.534     0.534 r  clk_IBUF_inst/INBUF_INST/O
                         net (fo=1, routed)           0.000     0.534    clk_IBUF_inst/OUT
    AP13                 IBUFCTRL (Prop_IBUFCTRL_HPIOB_M_I_O)
                                                      0.000     0.534 r  clk_IBUF_inst/IBUFCTRL_INST/O
                         net (fo=1, routed)           0.314     0.848    clk_IBUF
    BUFGCE_X0Y170        BUFGCE (Prop_BUFCE_BUFGCE_I_O)
                                                      0.028     0.876 r  clk_IBUF_BUFG_inst/O
    X3Y5 (CLOCK_ROOT)    net (fo=130512, routed)      3.181     4.057    denselayer2/sum_all/col_trees[21].column_tree/CLK
    SLICE_X227Y316       FDRE                                         r  denselayer2/sum_all/col_trees[21].column_tree/genblk2[2].genblk1[27].tree_reg[27][0]/C
                         clock pessimism             -0.421     3.636    
    SLICE_X227Y316       FDRE (Hold_AFF_SLICEM_C_D)
                                                      0.046     3.682    denselayer2/sum_all/col_trees[21].column_tree/genblk2[2].genblk1[27].tree_reg[27][0]
  -------------------------------------------------------------------
                         required time                         -3.682    
                         arrival time                           3.694    
  -------------------------------------------------------------------
                         slack                                  0.012    





Pulse Width Checks
--------------------------------------------------------------------------------------
Clock Name:         ap_clk
Waveform(ns):       { 0.000 2.500 }
Period(ns):         5.000
Sources:            { clk }

Check Type        Corner  Lib Pin   Reference Pin  Required(ns)  Actual(ns)  Slack(ns)  Location        Pin
Min Period        n/a     BUFGCE/I  n/a            1.122         5.000       3.878      BUFGCE_X0Y170   clk_IBUF_BUFG_inst/I
Low Pulse Width   Slow    FDRE/C    n/a            0.275         2.500       2.225      SLICE_X80Y584   denselayer2/INPUT_SIZE_rows[3].OUTPUT_SIZE_cols[24].sa/data_out_reg[21]/C
High Pulse Width  Fast    FDRE/C    n/a            0.275         2.500       2.225      SLICE_X113Y415  denselayer2/INPUT_SIZE_rows[54].OUTPUT_SIZE_cols[27].sa/data_out_reg[22]/C



