Copyright 1986-2019 Xilinx, Inc. All Rights Reserved.
---------------------------------------------------------------------------------------------------------------------
| Tool Version : Vivado v.2019.1 (lin64) Build 2552052 Fri May 24 14:47:09 MDT 2019
| Date         : Mon Nov 24 13:12:09 2025
| Host         : hvm1 running 64-bit Ubuntu 22.04.5 LTS
| Command      : report_utilization -hierarchical -hierarchical_depth 1 -file reports/28_10_Argmax_varpipes_hier.rpt
| Design       : waiz_benchmark
| Device       : xcvu13pfhga2104-3
| Design State : Routed
---------------------------------------------------------------------------------------------------------------------

Utilization Design Information

Table of Contents
-----------------
1. Utilization by Hierarchy

1. Utilization by Hierarchy
---------------------------

+--------------------+---------------------------------------+------------+------------+---------+------+--------+--------+--------+------+--------------+
|      Instance      |                 Module                | Total LUTs | Logic LUTs | LUTRAMs | SRLs |   FFs  | RAMB36 | RAMB18 | URAM | DSP48 Blocks |
+--------------------+---------------------------------------+------------+------------+---------+------+--------+--------+--------+------+--------------+
| waiz_benchmark     |                                 (top) |     338324 |     338320 |       0 |    4 | 104724 |      0 |      0 |    0 |         1964 |
|   (waiz_benchmark) |                                 (top) |       4193 |       4193 |       0 |    0 |      0 |      0 |      0 |    0 |            0 |
|   denselayer1      |                            denseLayer |     185953 |     185952 |       0 |    1 |  24263 |      0 |      0 |    0 |          582 |
|   denselayer2      |            denseLayer__parameterized0 |     101741 |     101740 |       0 |    1 |  52808 |      0 |      0 |    0 |          587 |
|   denselayer3      |            denseLayer__parameterized1 |      36717 |      36716 |       0 |    1 |  23752 |      0 |      0 |    0 |          712 |
|   denselayer4      |            denseLayer__parameterized2 |       4611 |       4610 |       0 |    1 |   3895 |      0 |      0 |    0 |           83 |
|   relulayer1       |                   reluActivationLayer |      19852 |      19852 |       0 |    0 |      0 |      0 |      0 |    0 |            0 |
|   relulayer2       |   reluActivationLayer__parameterized0 |       8301 |       8301 |       0 |    0 |      0 |      0 |      0 |    0 |            0 |
|   relulayer3       | reluActivationLayer__parameterized0_0 |       1935 |       1935 |       0 |    0 |      0 |      0 |      0 |    0 |            0 |
|   softmax          |                    softmaxArgmaxLayer |          2 |          2 |       0 |    0 |      6 |      0 |      0 |    0 |            0 |
+--------------------+---------------------------------------+------------+------------+---------+------+--------+--------+--------+------+--------------+
* Note: The sum of lower-level cells may be larger than their parent cells total, due to cross-hierarchy LUT combining


