Copyright 1986-2019 Xilinx, Inc. All Rights Reserved.
-----------------------------------------------------------------------------------------
| Tool Version      : Vivado v.2019.1 (lin64) Build 2552052 Fri May 24 14:47:09 MDT 2019
| Date              : Mon Nov 10 22:57:48 2025
| Host              : hvm1 running 64-bit Ubuntu 22.04.5 LTS
| Command           : report_timing_summary -file reports/28_10_HM28_10_SA6_6_timing.rpt
| Design            : waiz_benchmark
| Device            : xcvu13p-fhga2104
| Speed File        : -3  PRODUCTION 1.23 03-18-2019
| Temperature Grade : E
-----------------------------------------------------------------------------------------

Timing Summary Report

------------------------------------------------------------------------------------------------
| Timer Settings
| --------------
------------------------------------------------------------------------------------------------

  Enable Multi Corner Analysis               :  Yes
  Enable Pessimism Removal                   :  Yes
  Pessimism Removal Resolution               :  Nearest Common Node
  Enable Input Delay Default Clock           :  No
  Enable Preset / Clear Arcs                 :  No
  Disable Flight Delays                      :  No
  Ignore I/O Paths                           :  No
  Timing Early Launch at Borrowing Latches   :  No
  Borrow Time for Max Delay Exceptions       :  Yes

  Corner  Analyze    Analyze    
  Name    Max Paths  Min Paths  
  ------  ---------  ---------  
  Slow    Yes        Yes        
  Fast    Yes        Yes        



check_timing report

Table of Contents
-----------------
1. checking no_clock
2. checking constant_clock
3. checking pulse_width_clock
4. checking unconstrained_internal_endpoints
5. checking no_input_delay
6. checking no_output_delay
7. checking multiple_clock
8. checking generated_clocks
9. checking loops
10. checking partial_input_delay
11. checking partial_output_delay
12. checking latch_loops

1. checking no_clock
--------------------
 There are 0 register/latch pins with no clock.


2. checking constant_clock
--------------------------
 There are 0 register/latch pins with constant_clock.


3. checking pulse_width_clock
-----------------------------
 There are 0 register/latch pins which need pulse_width check


4. checking unconstrained_internal_endpoints
--------------------------------------------
 There are 0 pins that are not constrained for maximum delay.

 There are 0 pins that are not constrained for maximum delay due to constant clock.


5. checking no_input_delay
--------------------------
 There are 450 input ports with no input delay specified. (HIGH)

 There are 0 input ports with no input delay but user has a false path constraint.


6. checking no_output_delay
---------------------------
 There are 141 ports with no output delay specified. (HIGH)

 There are 0 ports with no output delay but user has a false path constraint

 There are 0 ports with no output delay but with a timing clock defined on it or propagating through it


7. checking multiple_clock
--------------------------
 There are 0 register/latch pins with multiple clocks.


8. checking generated_clocks
----------------------------
 There are 0 generated clocks that are not connected to a clock source.


9. checking loops
-----------------
 There are 0 combinational loops in the design.


10. checking partial_input_delay
--------------------------------
 There are 0 input ports with partial input delay specified.


11. checking partial_output_delay
---------------------------------
 There are 0 ports with partial output delay specified.


12. checking latch_loops
------------------------
 There are 0 combinational latch loops in the design through latch input



------------------------------------------------------------------------------------------------
| Design Timing Summary
| ---------------------
------------------------------------------------------------------------------------------------

    WNS(ns)      TNS(ns)  TNS Failing Endpoints  TNS Total Endpoints      WHS(ns)      THS(ns)  THS Failing Endpoints  THS Total Endpoints     WPWS(ns)     TPWS(ns)  TPWS Failing Endpoints  TPWS Total Endpoints  
    -------      -------  ---------------------  -------------------      -------      -------  ---------------------  -------------------     --------     --------  ----------------------  --------------------  
      0.212        0.000                      0               203704        0.020        0.000                      0               203704        2.225        0.000                       0                110036  


All user specified timing constraints are met.


------------------------------------------------------------------------------------------------
| Clock Summary
| -------------
------------------------------------------------------------------------------------------------

Clock   Waveform(ns)         Period(ns)      Frequency(MHz)
-----   ------------         ----------      --------------
ap_clk  {0.000 2.500}        5.000           200.000         


------------------------------------------------------------------------------------------------
| Intra Clock Table
| -----------------
------------------------------------------------------------------------------------------------

Clock             WNS(ns)      TNS(ns)  TNS Failing Endpoints  TNS Total Endpoints      WHS(ns)      THS(ns)  THS Failing Endpoints  THS Total Endpoints     WPWS(ns)     TPWS(ns)  TPWS Failing Endpoints  TPWS Total Endpoints  
-----             -------      -------  ---------------------  -------------------      -------      -------  ---------------------  -------------------     --------     --------  ----------------------  --------------------  
ap_clk              0.212        0.000                      0               203704        0.020        0.000                      0               203704        2.225        0.000                       0                110036  


------------------------------------------------------------------------------------------------
| Inter Clock Table
| -----------------
------------------------------------------------------------------------------------------------

From Clock    To Clock          WNS(ns)      TNS(ns)  TNS Failing Endpoints  TNS Total Endpoints      WHS(ns)      THS(ns)  THS Failing Endpoints  THS Total Endpoints  
----------    --------          -------      -------  ---------------------  -------------------      -------      -------  ---------------------  -------------------  


------------------------------------------------------------------------------------------------
| Other Path Groups Table
| -----------------------
------------------------------------------------------------------------------------------------

Path Group    From Clock    To Clock          WNS(ns)      TNS(ns)  TNS Failing Endpoints  TNS Total Endpoints      WHS(ns)      THS(ns)  THS Failing Endpoints  THS Total Endpoints  
----------    ----------    --------          -------      -------  ---------------------  -------------------      -------      -------  ---------------------  -------------------  


------------------------------------------------------------------------------------------------
| Timing Details
| --------------
------------------------------------------------------------------------------------------------


---------------------------------------------------------------------------------------------------
From Clock:  ap_clk
  To Clock:  ap_clk

Setup :            0  Failing Endpoints,  Worst Slack        0.212ns,  Total Violation        0.000ns
Hold  :            0  Failing Endpoints,  Worst Slack        0.020ns,  Total Violation        0.000ns
PW    :            0  Failing Endpoints,  Worst Slack        2.225ns,  Total Violation        0.000ns
---------------------------------------------------------------------------------------------------


Max Delay Paths
--------------------------------------------------------------------------------------
Slack (MET) :             0.212ns  (required time - arrival time)
  Source:                 denselayer3/FSM_onehot_state_reg[2]/C
                            (rising edge-triggered cell FDCE clocked by ap_clk  {rise@0.000ns fall@2.500ns period=5.000ns})
  Destination:            denselayer3/output_data_reg[3][25]/CE
                            (rising edge-triggered cell FDCE clocked by ap_clk  {rise@0.000ns fall@2.500ns period=5.000ns})
  Path Group:             ap_clk
  Path Type:              Setup (Max at Slow Process Corner)
  Requirement:            5.000ns  (ap_clk rise@5.000ns - ap_clk rise@0.000ns)
  Data Path Delay:        4.510ns  (logic 0.071ns (1.574%)  route 4.439ns (98.426%))
  Logic Levels:           0  
  Clock Path Skew:        0.003ns (DCD - SCD + CPR)
    Destination Clock Delay (DCD):    3.625ns = ( 8.625 - 5.000 ) 
    Source Clock Delay      (SCD):    4.042ns
    Clock Pessimism Removal (CPR):    0.419ns
  Clock Uncertainty:      0.035ns  ((TSJ^2 + TIJ^2)^1/2 + DJ) / 2 + PE
    Total System Jitter     (TSJ):    0.071ns
    Total Input Jitter      (TIJ):    0.000ns
    Discrete Jitter          (DJ):    0.000ns
    Phase Error              (PE):    0.000ns
  Inter-SLR Compensation: 0.203ns  ((DCD - CCD) * PF)
    Destination Clock Delay (DCD):    3.625ns
    Common Clock Delay      (CCD):    2.272ns
    Prorating Factor         (PF):    0.150
  Clock Net Delay (Source):      3.226ns (routing 1.876ns, distribution 1.350ns)
  Clock Net Delay (Destination): 3.052ns (routing 1.699ns, distribution 1.353ns)

    Location             Delay type                Incr(ns)  Path(ns)    Netlist Resource(s)
  -------------------------------------------------------------------    -------------------
                         (clock ap_clk rise edge)     0.000     0.000 r  
    AU23                                              0.000     0.000 r  clk (IN)
                         net (fo=0)                   0.000     0.000    clk_IBUF_inst/I
    AU23                 INBUF (Prop_INBUF_HPIOB_M_PAD_O)
                                                      0.474     0.474 r  clk_IBUF_inst/INBUF_INST/O
                         net (fo=1, routed)           0.000     0.474    clk_IBUF_inst/OUT
    AU23                 IBUFCTRL (Prop_IBUFCTRL_HPIOB_M_I_O)
                                                      0.000     0.474 r  clk_IBUF_inst/IBUFCTRL_INST/O
                         net (fo=1, routed)           0.314     0.788    clk_IBUF
    BUFGCE_X0Y98         BUFGCE (Prop_BUFCE_BUFGCE_I_O)
                                                      0.028     0.816 r  clk_IBUF_BUFG_inst/O
    X3Y11 (CLOCK_ROOT)   net (fo=120285, routed)      3.226     4.042    denselayer3/clk_IBUF_BUFG
    SLR Crossing[1->2]   
    SLICE_X120Y716       FDCE                                         r  denselayer3/FSM_onehot_state_reg[2]/C
  -------------------------------------------------------------------    -------------------
    SLICE_X120Y716       FDCE (Prop_BFF2_SLICEL_C_Q)
                                                      0.071     4.113 r  denselayer3/FSM_onehot_state_reg[2]/Q
                         net (fo=914, routed)         4.439     8.552    denselayer3/output_data
    SLR Crossing[2->3]   
    SLICE_X143Y844       FDCE                                         r  denselayer3/output_data_reg[3][25]/CE
  -------------------------------------------------------------------    -------------------

                         (clock ap_clk rise edge)     5.000     5.000 r  
    AU23                                              0.000     5.000 r  clk (IN)
                         net (fo=0)                   0.000     5.000    clk_IBUF_inst/I
    AU23                 INBUF (Prop_INBUF_HPIOB_M_PAD_O)
                                                      0.270     5.270 r  clk_IBUF_inst/INBUF_INST/O
                         net (fo=1, routed)           0.000     5.270    clk_IBUF_inst/OUT
    AU23                 IBUFCTRL (Prop_IBUFCTRL_HPIOB_M_I_O)
                                                      0.000     5.270 r  clk_IBUF_inst/IBUFCTRL_INST/O
                         net (fo=1, routed)           0.279     5.549    clk_IBUF
    BUFGCE_X0Y98         BUFGCE (Prop_BUFCE_BUFGCE_I_O)
                                                      0.024     5.573 r  clk_IBUF_BUFG_inst/O
    X3Y11 (CLOCK_ROOT)   net (fo=120285, routed)      3.052     8.625    denselayer3/clk_IBUF_BUFG
    SLR Crossing[1->3]   
    SLICE_X143Y844       FDCE                                         r  denselayer3/output_data_reg[3][25]/C
                         clock pessimism              0.419     9.045    
                         inter-SLR compensation      -0.203     8.842    
                         clock uncertainty           -0.035     8.806    
    SLICE_X143Y844       FDCE (Setup_AFF_SLICEL_C_CE)
                                                     -0.043     8.763    denselayer3/output_data_reg[3][25]
  -------------------------------------------------------------------
                         required time                          8.763    
                         arrival time                          -8.552    
  -------------------------------------------------------------------
                         slack                                  0.212    





Min Delay Paths
--------------------------------------------------------------------------------------
Slack (MET) :             0.020ns  (arrival time - required time)
  Source:                 denselayer4/INPUT_SIZE_rows[9].OUTPUT_SIZE_cols[1].sa/data_out_reg[34]/C
                            (rising edge-triggered cell FDRE clocked by ap_clk  {rise@0.000ns fall@2.500ns period=5.000ns})
  Destination:            denselayer4/sum_all/col_trees[1].column_tree/genblk2[2].genblk1[18].tree_reg[18][17]/D
                            (rising edge-triggered cell FDRE clocked by ap_clk  {rise@0.000ns fall@2.500ns period=5.000ns})
  Path Group:             ap_clk
  Path Type:              Hold (Min at Fast Process Corner)
  Requirement:            0.000ns  (ap_clk rise@0.000ns - ap_clk rise@0.000ns)
  Data Path Delay:        0.182ns  (logic 0.078ns (42.857%)  route 0.104ns (57.143%))
  Logic Levels:           2  (CARRY8=1 LUT6=1)
  Clock Path Skew:        0.116ns (DCD - SCD - CPR)
    Destination Clock Delay (DCD):    2.868ns
    Source Clock Delay      (SCD):    2.370ns
    Clock Pessimism Removal (CPR):    0.381ns
  Clock Net Delay (Source):      2.035ns (routing 1.145ns, distribution 0.890ns)
  Clock Net Delay (Destination): 2.308ns (routing 1.283ns, distribution 1.025ns)

    Location             Delay type                Incr(ns)  Path(ns)    Netlist Resource(s)
  -------------------------------------------------------------------    -------------------
                         (clock ap_clk rise edge)     0.000     0.000 r  
    AU23                                              0.000     0.000 r  clk (IN)
                         net (fo=0)                   0.000     0.000    clk_IBUF_inst/I
    AU23                 INBUF (Prop_INBUF_HPIOB_M_PAD_O)
                                                      0.174     0.174 r  clk_IBUF_inst/INBUF_INST/O
                         net (fo=1, routed)           0.000     0.174    clk_IBUF_inst/OUT
    AU23                 IBUFCTRL (Prop_IBUFCTRL_HPIOB_M_I_O)
                                                      0.000     0.174 r  clk_IBUF_inst/IBUFCTRL_INST/O
                         net (fo=1, routed)           0.144     0.318    clk_IBUF
    BUFGCE_X0Y98         BUFGCE (Prop_BUFCE_BUFGCE_I_O)
                                                      0.017     0.335 r  clk_IBUF_BUFG_inst/O
    X3Y11 (CLOCK_ROOT)   net (fo=120285, routed)      2.035     2.370    denselayer4/INPUT_SIZE_rows[9].OUTPUT_SIZE_cols[1].sa/clk_IBUF_BUFG
    SLR Crossing[1->3]   
    SLICE_X118Y835       FDRE                                         r  denselayer4/INPUT_SIZE_rows[9].OUTPUT_SIZE_cols[1].sa/data_out_reg[34]/C
  -------------------------------------------------------------------    -------------------
    SLICE_X118Y835       FDRE (Prop_BFF_SLICEM_C_Q)
                                                      0.038     2.408 r  denselayer4/INPUT_SIZE_rows[9].OUTPUT_SIZE_cols[1].sa/data_out_reg[34]/Q
                         net (fo=3, routed)           0.085     2.493    denselayer4/INPUT_SIZE_rows[11].OUTPUT_SIZE_cols[1].sa/mow/internal_operation/Q[15]
    SLICE_X118Y840       LUT6 (Prop_B6LUT_SLICEM_I3_O)
                                                      0.022     2.515 r  denselayer4/INPUT_SIZE_rows[11].OUTPUT_SIZE_cols[1].sa/mow/internal_operation/genblk2[2].genblk1[18].tree[18][23]_i_16__64/O
                         net (fo=1, routed)           0.012     2.527    denselayer4/INPUT_SIZE_rows[11].OUTPUT_SIZE_cols[1].sa/mow/internal_operation/genblk2[2].genblk1[18].tree[18][23]_i_16__64_n_0
    SLICE_X118Y840       CARRY8 (Prop_CARRY8_SLICEM_S[1]_O[1])
                                                      0.018     2.545 r  denselayer4/INPUT_SIZE_rows[11].OUTPUT_SIZE_cols[1].sa/mow/internal_operation/genblk2[2].genblk1[18].tree_reg[18][23]_i_1__64/O[1]
                         net (fo=1, routed)           0.007     2.552    denselayer4/sum_all/col_trees[1].column_tree/genblk2[2].genblk1[18].tree_reg[18][23]_0[17]
    SLICE_X118Y840       FDRE                                         r  denselayer4/sum_all/col_trees[1].column_tree/genblk2[2].genblk1[18].tree_reg[18][17]/D
  -------------------------------------------------------------------    -------------------

                         (clock ap_clk rise edge)     0.000     0.000 r  
    AU23                                              0.000     0.000 r  clk (IN)
                         net (fo=0)                   0.000     0.000    clk_IBUF_inst/I
    AU23                 INBUF (Prop_INBUF_HPIOB_M_PAD_O)
                                                      0.360     0.360 r  clk_IBUF_inst/INBUF_INST/O
                         net (fo=1, routed)           0.000     0.360    clk_IBUF_inst/OUT
    AU23                 IBUFCTRL (Prop_IBUFCTRL_HPIOB_M_I_O)
                                                      0.000     0.360 r  clk_IBUF_inst/IBUFCTRL_INST/O
                         net (fo=1, routed)           0.181     0.541    clk_IBUF
    BUFGCE_X0Y98         BUFGCE (Prop_BUFCE_BUFGCE_I_O)
                                                      0.019     0.560 r  clk_IBUF_BUFG_inst/O
    X3Y11 (CLOCK_ROOT)   net (fo=120285, routed)      2.308     2.868    denselayer4/sum_all/col_trees[1].column_tree/clk_IBUF_BUFG
    SLR Crossing[1->3]   
    SLICE_X118Y840       FDRE                                         r  denselayer4/sum_all/col_trees[1].column_tree/genblk2[2].genblk1[18].tree_reg[18][17]/C
                         clock pessimism             -0.381     2.486    
    SLICE_X118Y840       FDRE (Hold_BFF_SLICEM_C_D)
                                                      0.046     2.532    denselayer4/sum_all/col_trees[1].column_tree/genblk2[2].genblk1[18].tree_reg[18][17]
  -------------------------------------------------------------------
                         required time                         -2.532    
                         arrival time                           2.552    
  -------------------------------------------------------------------
                         slack                                  0.020    





Pulse Width Checks
--------------------------------------------------------------------------------------
Clock Name:         ap_clk
Waveform(ns):       { 0.000 2.500 }
Period(ns):         5.000
Sources:            { clk }

Check Type        Corner  Lib Pin   Reference Pin  Required(ns)  Actual(ns)  Slack(ns)  Location        Pin
Min Period        n/a     BUFGCE/I  n/a            1.122         5.000       3.878      BUFGCE_X0Y98    clk_IBUF_BUFG_inst/I
Low Pulse Width   Slow    FDRE/C    n/a            0.275         2.500       2.225      SLICE_X70Y717   denselayer2/INPUT_SIZE_rows[42].OUTPUT_SIZE_cols[21].sa/data_out_reg[20]/C
High Pulse Width  Slow    FDRE/C    n/a            0.275         2.500       2.225      SLICE_X156Y731  denselayer3/INPUT_SIZE_rows[1].OUTPUT_SIZE_cols[30].sa/data_out_reg[18]/C



