Copyright 1986-2019 Xilinx, Inc. All Rights Reserved.
----------------------------------------------------------------------------------------------
| Tool Version      : Vivado v.2019.1 (lin64) Build 2552052 Fri May 24 14:47:09 MDT 2019
| Date              : Thu Nov 27 07:22:13 2025
| Host              : hvm1 running 64-bit Ubuntu 22.04.5 LTS
| Command           : report_timing_summary -file ../reports/28_10_Argmax_pipe3PO0_timing.rpt
| Design            : waiz_benchmark
| Device            : xcvu13p-fhga2104
| Speed File        : -3  PRODUCTION 1.23 03-18-2019
| Temperature Grade : E
----------------------------------------------------------------------------------------------

Timing Summary Report

------------------------------------------------------------------------------------------------
| Timer Settings
| --------------
------------------------------------------------------------------------------------------------

  Enable Multi Corner Analysis               :  Yes
  Enable Pessimism Removal                   :  Yes
  Pessimism Removal Resolution               :  Nearest Common Node
  Enable Input Delay Default Clock           :  No
  Enable Preset / Clear Arcs                 :  No
  Disable Flight Delays                      :  No
  Ignore I/O Paths                           :  No
  Timing Early Launch at Borrowing Latches   :  No
  Borrow Time for Max Delay Exceptions       :  Yes

  Corner  Analyze    Analyze    
  Name    Max Paths  Min Paths  
  ------  ---------  ---------  
  Slow    Yes        Yes        
  Fast    Yes        Yes        



check_timing report

Table of Contents
-----------------
1. checking no_clock
2. checking constant_clock
3. checking pulse_width_clock
4. checking unconstrained_internal_endpoints
5. checking no_input_delay
6. checking no_output_delay
7. checking multiple_clock
8. checking generated_clocks
9. checking loops
10. checking partial_input_delay
11. checking partial_output_delay
12. checking latch_loops

1. checking no_clock
--------------------
 There are 0 register/latch pins with no clock.


2. checking constant_clock
--------------------------
 There are 0 register/latch pins with constant_clock.


3. checking pulse_width_clock
-----------------------------
 There are 0 register/latch pins which need pulse_width check


4. checking unconstrained_internal_endpoints
--------------------------------------------
 There are 0 pins that are not constrained for maximum delay.

 There are 0 pins that are not constrained for maximum delay due to constant clock.


5. checking no_input_delay
--------------------------
 There are 450 input ports with no input delay specified. (HIGH)

 There are 0 input ports with no input delay but user has a false path constraint.


6. checking no_output_delay
---------------------------
 There are 6 ports with no output delay specified. (HIGH)

 There are 0 ports with no output delay but user has a false path constraint

 There are 0 ports with no output delay but with a timing clock defined on it or propagating through it


7. checking multiple_clock
--------------------------
 There are 0 register/latch pins with multiple clocks.


8. checking generated_clocks
----------------------------
 There are 0 generated clocks that are not connected to a clock source.


9. checking loops
-----------------
 There are 0 combinational loops in the design.


10. checking partial_input_delay
--------------------------------
 There are 0 input ports with partial input delay specified.


11. checking partial_output_delay
---------------------------------
 There are 0 ports with partial output delay specified.


12. checking latch_loops
------------------------
 There are 0 combinational latch loops in the design through latch input



------------------------------------------------------------------------------------------------
| Design Timing Summary
| ---------------------
------------------------------------------------------------------------------------------------

    WNS(ns)      TNS(ns)  TNS Failing Endpoints  TNS Total Endpoints      WHS(ns)      THS(ns)  THS Failing Endpoints  THS Total Endpoints     WPWS(ns)     TPWS(ns)  TPWS Failing Endpoints  TPWS Total Endpoints  
    -------      -------  ---------------------  -------------------      -------      -------  ---------------------  -------------------     --------     --------  ----------------------  --------------------  
     -1.745   -51898.047                  70877                86781        0.074        0.000                      0                86781        2.225        0.000                       0                 98356  


Timing constraints are not met.


------------------------------------------------------------------------------------------------
| Clock Summary
| -------------
------------------------------------------------------------------------------------------------

Clock   Waveform(ns)         Period(ns)      Frequency(MHz)
-----   ------------         ----------      --------------
ap_clk  {0.000 2.500}        5.000           200.000         


------------------------------------------------------------------------------------------------
| Intra Clock Table
| -----------------
------------------------------------------------------------------------------------------------

Clock             WNS(ns)      TNS(ns)  TNS Failing Endpoints  TNS Total Endpoints      WHS(ns)      THS(ns)  THS Failing Endpoints  THS Total Endpoints     WPWS(ns)     TPWS(ns)  TPWS Failing Endpoints  TPWS Total Endpoints  
-----             -------      -------  ---------------------  -------------------      -------      -------  ---------------------  -------------------     --------     --------  ----------------------  --------------------  
ap_clk             -1.745   -51898.047                  70877                86781        0.074        0.000                      0                86781        2.225        0.000                       0                 98356  


------------------------------------------------------------------------------------------------
| Inter Clock Table
| -----------------
------------------------------------------------------------------------------------------------

From Clock    To Clock          WNS(ns)      TNS(ns)  TNS Failing Endpoints  TNS Total Endpoints      WHS(ns)      THS(ns)  THS Failing Endpoints  THS Total Endpoints  
----------    --------          -------      -------  ---------------------  -------------------      -------      -------  ---------------------  -------------------  


------------------------------------------------------------------------------------------------
| Other Path Groups Table
| -----------------------
------------------------------------------------------------------------------------------------

Path Group    From Clock    To Clock          WNS(ns)      TNS(ns)  TNS Failing Endpoints  TNS Total Endpoints      WHS(ns)      THS(ns)  THS Failing Endpoints  THS Total Endpoints  
----------    ----------    --------          -------      -------  ---------------------  -------------------      -------      -------  ---------------------  -------------------  


------------------------------------------------------------------------------------------------
| Timing Details
| --------------
------------------------------------------------------------------------------------------------


---------------------------------------------------------------------------------------------------
From Clock:  ap_clk
  To Clock:  ap_clk

Setup :        70877  Failing Endpoints,  Worst Slack       -1.745ns,  Total Violation   -51898.045ns
Hold  :            0  Failing Endpoints,  Worst Slack        0.074ns,  Total Violation        0.000ns
PW    :            0  Failing Endpoints,  Worst Slack        2.225ns,  Total Violation        0.000ns
---------------------------------------------------------------------------------------------------


Max Delay Paths
--------------------------------------------------------------------------------------
Slack (VIOLATED) :        -1.745ns  (required time - arrival time)
  Source:                 denselayer2/INPUT_SIZE_rows[5].OUTPUT_SIZE_cols[14].sa/data_out_reg[19]/C
                            (rising edge-triggered cell FDRE clocked by ap_clk  {rise@0.000ns fall@2.500ns period=5.000ns})
  Destination:            denselayer2/sum_all/col_trees[14].column_tree/genblk2[0].genblk1[1].tree_reg[1][27]/D
                            (rising edge-triggered cell FDRE clocked by ap_clk  {rise@0.000ns fall@2.500ns period=5.000ns})
  Path Group:             ap_clk
  Path Type:              Setup (Max at Slow Process Corner)
  Requirement:            5.000ns  (ap_clk rise@5.000ns - ap_clk rise@0.000ns)
  Data Path Delay:        6.533ns  (logic 1.076ns (16.470%)  route 5.457ns (83.530%))
  Logic Levels:           12  (CARRY8=7 LUT3=4 LUT5=1)
  Clock Path Skew:        -0.200ns (DCD - SCD + CPR)
    Destination Clock Delay (DCD):    3.254ns = ( 8.254 - 5.000 ) 
    Source Clock Delay      (SCD):    3.802ns
    Clock Pessimism Removal (CPR):    0.348ns
  Clock Uncertainty:      0.035ns  ((TSJ^2 + TIJ^2)^1/2 + DJ) / 2 + PE
    Total System Jitter     (TSJ):    0.071ns
    Total Input Jitter      (TIJ):    0.000ns
    Discrete Jitter          (DJ):    0.000ns
    Phase Error              (PE):    0.000ns
  Clock Net Delay (Source):      2.926ns (routing 1.128ns, distribution 1.798ns)
  Clock Net Delay (Destination): 2.621ns (routing 1.023ns, distribution 1.598ns)

    Location             Delay type                Incr(ns)  Path(ns)    Netlist Resource(s)
  -------------------------------------------------------------------    -------------------
                         (clock ap_clk rise edge)     0.000     0.000 r  
    AP13                                              0.000     0.000 r  clk (IN)
                         net (fo=0)                   0.000     0.000    clk_IBUF_inst/I
    AP13                 INBUF (Prop_INBUF_HPIOB_M_PAD_O)
                                                      0.534     0.534 r  clk_IBUF_inst/INBUF_INST/O
                         net (fo=1, routed)           0.000     0.534    clk_IBUF_inst/OUT
    AP13                 IBUFCTRL (Prop_IBUFCTRL_HPIOB_M_I_O)
                                                      0.000     0.534 r  clk_IBUF_inst/IBUFCTRL_INST/O
                         net (fo=1, routed)           0.314     0.848    clk_IBUF
    BUFGCE_X0Y170        BUFGCE (Prop_BUFCE_BUFGCE_I_O)
                                                      0.028     0.876 r  clk_IBUF_BUFG_inst/O
    X3Y10 (CLOCK_ROOT)   net (fo=100447, routed)      2.926     3.802    denselayer2/INPUT_SIZE_rows[5].OUTPUT_SIZE_cols[14].sa/CLK
    SLR Crossing[1->2]   
    SLICE_X31Y699        FDRE                                         r  denselayer2/INPUT_SIZE_rows[5].OUTPUT_SIZE_cols[14].sa/data_out_reg[19]/C
  -------------------------------------------------------------------    -------------------
    SLICE_X31Y699        FDRE (Prop_DFF_SLICEM_C_Q)
                                                      0.068     3.870 r  denselayer2/INPUT_SIZE_rows[5].OUTPUT_SIZE_cols[14].sa/data_out_reg[19]/Q
                         net (fo=3, routed)           0.435     4.305    denselayer2/INPUT_SIZE_rows[10].OUTPUT_SIZE_cols[14].sa/genblk2[0].genblk1[1].tree_reg[1][27]_i_619__7_1[1]
    SLICE_X38Y689        LUT3 (Prop_G6LUT_SLICEL_I2_O)
                                                      0.089     4.394 r  denselayer2/INPUT_SIZE_rows[10].OUTPUT_SIZE_cols[14].sa/genblk2[0].genblk1[1].tree[1][27]_i_1213__13/O
                         net (fo=1, routed)           0.398     4.792    denselayer2/INPUT_SIZE_rows[5].OUTPUT_SIZE_cols[14].sa/genblk2[0].genblk1[1].tree[1][23]_i_162__13[1]
    SLICE_X38Y690        CARRY8 (Prop_CARRY8_SLICEL_DI[2]_O[3])
                                                      0.077     4.869 r  denselayer2/INPUT_SIZE_rows[5].OUTPUT_SIZE_cols[14].sa/genblk2[0].genblk1[1].tree_reg[1][27]_i_661__11/O[3]
                         net (fo=3, routed)           0.658     5.527    denselayer2_n_32554
    SLICE_X46Y677        LUT3 (Prop_E6LUT_SLICEM_I0_O)
                                                      0.088     5.615 r  genblk2[0].genblk1[1].tree[1][23]_i_159__13/O
                         net (fo=1, routed)           0.277     5.892    genblk2[0].genblk1[1].tree[1][23]_i_159__13_n_0
    SLICE_X51Y677        CARRY8 (Prop_CARRY8_SLICEL_DI[4]_CO[7])
                                                      0.080     5.972 r  genblk2[0].genblk1[1].tree_reg[1][23]_i_105__13/CO[7]
                         net (fo=1, routed)           0.023     5.995    genblk2[0].genblk1[1].tree_reg[1][23]_i_105__13_n_0
    SLICE_X51Y678        CARRY8 (Prop_CARRY8_SLICEL_CI_O[0])
                                                      0.050     6.045 r  genblk2[0].genblk1[1].tree_reg[1][27]_i_145__13/O[0]
                         net (fo=3, routed)           0.943     6.988    denselayer2/INPUT_SIZE_rows[62].OUTPUT_SIZE_cols[14].sa/genblk2[0].genblk1[1].tree_reg[1][27]_i_16__13_0[0]
    SLICE_X89Y656        LUT3 (Prop_A6LUT_SLICEL_I0_O)
                                                      0.114     7.102 r  denselayer2/INPUT_SIZE_rows[62].OUTPUT_SIZE_cols[14].sa/genblk2[0].genblk1[1].tree[1][23]_i_60__13/O
                         net (fo=1, routed)           0.289     7.391    denselayer2/INPUT_SIZE_rows[62].OUTPUT_SIZE_cols[14].sa/genblk2[0].genblk1[1].tree[1][23]_i_60__13_n_0
    SLICE_X91Y652        CARRY8 (Prop_CARRY8_SLICEM_DI[1]_CO[7])
                                                      0.103     7.494 r  denselayer2/INPUT_SIZE_rows[62].OUTPUT_SIZE_cols[14].sa/genblk2[0].genblk1[1].tree_reg[1][23]_i_26__13/CO[7]
                         net (fo=1, routed)           0.023     7.517    denselayer2/INPUT_SIZE_rows[62].OUTPUT_SIZE_cols[14].sa/genblk2[0].genblk1[1].tree_reg[1][23]_i_26__13_n_0
    SLICE_X91Y653        CARRY8 (Prop_CARRY8_SLICEM_CI_O[4])
                                                      0.076     7.593 r  denselayer2/INPUT_SIZE_rows[62].OUTPUT_SIZE_cols[14].sa/genblk2[0].genblk1[1].tree_reg[1][27]_i_16__13/O[4]
                         net (fo=3, routed)           1.616     9.209    denselayer2/sum_all/col_trees[14].column_tree/genblk2[0].genblk1[1].tree_reg[1][27]_1[4]
    SLICE_X128Y600       LUT3 (Prop_C6LUT_SLICEM_I2_O)
                                                      0.081     9.290 r  denselayer2/sum_all/col_trees[14].column_tree/genblk2[0].genblk1[1].tree[1][23]_i_20__77/O
                         net (fo=3, routed)           0.332     9.622    denselayer2/sum_all/col_trees[14].column_tree/genblk2[0].genblk1[1].tree[1][23]_i_20__77_n_0
    SLICE_X126Y594       LUT5 (Prop_F6LUT_SLICEM_I1_O)
                                                      0.114     9.736 r  denselayer2/sum_all/col_trees[14].column_tree/genblk2[0].genblk1[1].tree[1][23]_i_4__77/O
                         net (fo=1, routed)           0.415    10.151    denselayer2/sum_all/col_trees[14].column_tree/genblk2[0].genblk1[1].tree[1][23]_i_4__77_n_0
    SLICE_X130Y593       CARRY8 (Prop_CARRY8_SLICEL_DI[5]_CO[7])
                                                      0.064    10.215 r  denselayer2/sum_all/col_trees[14].column_tree/genblk2[0].genblk1[1].tree_reg[1][23]_i_1__13/CO[7]
                         net (fo=1, routed)           0.023    10.238    denselayer2/sum_all/col_trees[14].column_tree/genblk2[0].genblk1[1].tree_reg[1][23]_i_1__13_n_0
    SLICE_X130Y594       CARRY8 (Prop_CARRY8_SLICEL_CI_O[3])
                                                      0.072    10.310 r  denselayer2/sum_all/col_trees[14].column_tree/genblk2[0].genblk1[1].tree_reg[1][27]_i_1__13/O[3]
                         net (fo=1, routed)           0.025    10.335    denselayer2/sum_all/col_trees[14].column_tree/p_0_in[27]
    SLICE_X130Y594       FDRE                                         r  denselayer2/sum_all/col_trees[14].column_tree/genblk2[0].genblk1[1].tree_reg[1][27]/D
  -------------------------------------------------------------------    -------------------

                         (clock ap_clk rise edge)     5.000     5.000 r  
    AP13                                              0.000     5.000 r  clk (IN)
                         net (fo=0)                   0.000     5.000    clk_IBUF_inst/I
    AP13                 INBUF (Prop_INBUF_HPIOB_M_PAD_O)
                                                      0.330     5.330 r  clk_IBUF_inst/INBUF_INST/O
                         net (fo=1, routed)           0.000     5.330    clk_IBUF_inst/OUT
    AP13                 IBUFCTRL (Prop_IBUFCTRL_HPIOB_M_I_O)
                                                      0.000     5.330 r  clk_IBUF_inst/IBUFCTRL_INST/O
                         net (fo=1, routed)           0.279     5.609    clk_IBUF
    BUFGCE_X0Y170        BUFGCE (Prop_BUFCE_BUFGCE_I_O)
                                                      0.024     5.633 r  clk_IBUF_BUFG_inst/O
    X3Y10 (CLOCK_ROOT)   net (fo=100447, routed)      2.621     8.254    denselayer2/sum_all/col_trees[14].column_tree/CLK
    SLR Crossing[1->2]   
    SLICE_X130Y594       FDRE                                         r  denselayer2/sum_all/col_trees[14].column_tree/genblk2[0].genblk1[1].tree_reg[1][27]/C
                         clock pessimism              0.348     8.602    
                         clock uncertainty           -0.035     8.566    
    SLICE_X130Y594       FDRE (Setup_DFF_SLICEL_C_D)
                                                      0.023     8.589    denselayer2/sum_all/col_trees[14].column_tree/genblk2[0].genblk1[1].tree_reg[1][27]
  -------------------------------------------------------------------
                         required time                          8.589    
                         arrival time                         -10.335    
  -------------------------------------------------------------------
                         slack                                 -1.745    





Min Delay Paths
--------------------------------------------------------------------------------------
Slack (MET) :             0.074ns  (arrival time - required time)
  Source:                 denselayer4/ready_buffer_reg[0]/C
                            (rising edge-triggered cell FDCE clocked by ap_clk  {rise@0.000ns fall@2.500ns period=5.000ns})
  Destination:            softmax/output_ready_reg/D
                            (rising edge-triggered cell FDRE clocked by ap_clk  {rise@0.000ns fall@2.500ns period=5.000ns})
  Path Group:             ap_clk
  Path Type:              Hold (Min at Fast Process Corner)
  Requirement:            0.000ns  (ap_clk rise@0.000ns - ap_clk rise@0.000ns)
  Data Path Delay:        0.138ns  (logic 0.039ns (28.261%)  route 0.099ns (71.739%))
  Logic Levels:           0  
  Clock Path Skew:        0.018ns (DCD - SCD - CPR)
    Destination Clock Delay (DCD):    2.673ns
    Source Clock Delay      (SCD):    2.233ns
    Clock Pessimism Removal (CPR):    0.422ns
  Clock Net Delay (Source):      1.838ns (routing 0.681ns, distribution 1.157ns)
  Clock Net Delay (Destination): 2.053ns (routing 0.759ns, distribution 1.294ns)

    Location             Delay type                Incr(ns)  Path(ns)    Netlist Resource(s)
  -------------------------------------------------------------------    -------------------
                         (clock ap_clk rise edge)     0.000     0.000 r  
    AP13                                              0.000     0.000 r  clk (IN)
                         net (fo=0)                   0.000     0.000    clk_IBUF_inst/I
    AP13                 INBUF (Prop_INBUF_HPIOB_M_PAD_O)
                                                      0.234     0.234 r  clk_IBUF_inst/INBUF_INST/O
                         net (fo=1, routed)           0.000     0.234    clk_IBUF_inst/OUT
    AP13                 IBUFCTRL (Prop_IBUFCTRL_HPIOB_M_I_O)
                                                      0.000     0.234 r  clk_IBUF_inst/IBUFCTRL_INST/O
                         net (fo=1, routed)           0.144     0.378    clk_IBUF
    BUFGCE_X0Y170        BUFGCE (Prop_BUFCE_BUFGCE_I_O)
                                                      0.017     0.395 r  clk_IBUF_BUFG_inst/O
    X3Y10 (CLOCK_ROOT)   net (fo=100447, routed)      1.838     2.233    denselayer4/CLK
    SLICE_X150Y473       FDCE                                         r  denselayer4/ready_buffer_reg[0]/C
  -------------------------------------------------------------------    -------------------
    SLICE_X150Y473       FDCE (Prop_HFF_SLICEM_C_Q)
                                                      0.039     2.272 r  denselayer4/ready_buffer_reg[0]/Q
                         net (fo=1, routed)           0.099     2.371    softmax/output_ready
    SLICE_X150Y471       FDRE                                         r  softmax/output_ready_reg/D
  -------------------------------------------------------------------    -------------------

                         (clock ap_clk rise edge)     0.000     0.000 r  
    AP13                                              0.000     0.000 r  clk (IN)
                         net (fo=0)                   0.000     0.000    clk_IBUF_inst/I
    AP13                 INBUF (Prop_INBUF_HPIOB_M_PAD_O)
                                                      0.420     0.420 r  clk_IBUF_inst/INBUF_INST/O
                         net (fo=1, routed)           0.000     0.420    clk_IBUF_inst/OUT
    AP13                 IBUFCTRL (Prop_IBUFCTRL_HPIOB_M_I_O)
                                                      0.000     0.420 r  clk_IBUF_inst/IBUFCTRL_INST/O
                         net (fo=1, routed)           0.181     0.601    clk_IBUF
    BUFGCE_X0Y170        BUFGCE (Prop_BUFCE_BUFGCE_I_O)
                                                      0.019     0.620 r  clk_IBUF_BUFG_inst/O
    X3Y10 (CLOCK_ROOT)   net (fo=100447, routed)      2.053     2.673    softmax/CLK
    SLICE_X150Y471       FDRE                                         r  softmax/output_ready_reg/C
                         clock pessimism             -0.422     2.251    
    SLICE_X150Y471       FDRE (Hold_EFF_SLICEM_C_D)
                                                      0.046     2.297    softmax/output_ready_reg
  -------------------------------------------------------------------
                         required time                         -2.297    
                         arrival time                           2.371    
  -------------------------------------------------------------------
                         slack                                  0.074    





Pulse Width Checks
--------------------------------------------------------------------------------------
Clock Name:         ap_clk
Waveform(ns):       { 0.000 2.500 }
Period(ns):         5.000
Sources:            { clk }

Check Type        Corner  Lib Pin   Reference Pin  Required(ns)  Actual(ns)  Slack(ns)  Location       Pin
Min Period        n/a     BUFGCE/I  n/a            1.122         5.000       3.878      BUFGCE_X0Y170  clk_IBUF_BUFG_inst/I
Low Pulse Width   Slow    FDRE/C    n/a            0.275         2.500       2.225      SLICE_X67Y599  denselayer2/INPUT_SIZE_rows[57].OUTPUT_SIZE_cols[6].sa/data_out_reg[18]/C
High Pulse Width  Fast    FDRE/C    n/a            0.275         2.500       2.225      SLICE_X67Y599  denselayer2/INPUT_SIZE_rows[57].OUTPUT_SIZE_cols[6].sa/data_out_reg[18]/C



