Copyright 1986-2019 Xilinx, Inc. All Rights Reserved.
----------------------------------------------------------------------------------------------------------
| Tool Version      : Vivado v.2019.1 (lin64) Build 2552052 Fri May 24 14:47:09 MDT 2019
| Date              : Tue Dec  2 07:43:27 2025
| Host              : hvm1 running 64-bit Ubuntu 22.04.5 LTS
| Command           : report_timing_summary -file ../reports/28_10_Argmax_P1_PO0_SA2_MULTPIPE1_timing.rpt
| Design            : waiz_benchmark
| Device            : xcvu13p-fhga2104
| Speed File        : -3  PRODUCTION 1.23 03-18-2019
| Temperature Grade : E
----------------------------------------------------------------------------------------------------------

Timing Summary Report

------------------------------------------------------------------------------------------------
| Timer Settings
| --------------
------------------------------------------------------------------------------------------------

  Enable Multi Corner Analysis               :  Yes
  Enable Pessimism Removal                   :  Yes
  Pessimism Removal Resolution               :  Nearest Common Node
  Enable Input Delay Default Clock           :  No
  Enable Preset / Clear Arcs                 :  No
  Disable Flight Delays                      :  No
  Ignore I/O Paths                           :  No
  Timing Early Launch at Borrowing Latches   :  No
  Borrow Time for Max Delay Exceptions       :  Yes

  Corner  Analyze    Analyze    
  Name    Max Paths  Min Paths  
  ------  ---------  ---------  
  Slow    Yes        Yes        
  Fast    Yes        Yes        



check_timing report

Table of Contents
-----------------
1. checking no_clock
2. checking constant_clock
3. checking pulse_width_clock
4. checking unconstrained_internal_endpoints
5. checking no_input_delay
6. checking no_output_delay
7. checking multiple_clock
8. checking generated_clocks
9. checking loops
10. checking partial_input_delay
11. checking partial_output_delay
12. checking latch_loops

1. checking no_clock
--------------------
 There are 0 register/latch pins with no clock.


2. checking constant_clock
--------------------------
 There are 0 register/latch pins with constant_clock.


3. checking pulse_width_clock
-----------------------------
 There are 0 register/latch pins which need pulse_width check


4. checking unconstrained_internal_endpoints
--------------------------------------------
 There are 0 pins that are not constrained for maximum delay.

 There are 0 pins that are not constrained for maximum delay due to constant clock.


5. checking no_input_delay
--------------------------
 There are 450 input ports with no input delay specified. (HIGH)

 There are 0 input ports with no input delay but user has a false path constraint.


6. checking no_output_delay
---------------------------
 There are 6 ports with no output delay specified. (HIGH)

 There are 0 ports with no output delay but user has a false path constraint

 There are 0 ports with no output delay but with a timing clock defined on it or propagating through it


7. checking multiple_clock
--------------------------
 There are 0 register/latch pins with multiple clocks.


8. checking generated_clocks
----------------------------
 There are 0 generated clocks that are not connected to a clock source.


9. checking loops
-----------------
 There are 0 combinational loops in the design.


10. checking partial_input_delay
--------------------------------
 There are 0 input ports with partial input delay specified.


11. checking partial_output_delay
---------------------------------
 There are 0 ports with partial output delay specified.


12. checking latch_loops
------------------------
 There are 0 combinational latch loops in the design through latch input



------------------------------------------------------------------------------------------------
| Design Timing Summary
| ---------------------
------------------------------------------------------------------------------------------------

    WNS(ns)      TNS(ns)  TNS Failing Endpoints  TNS Total Endpoints      WHS(ns)      THS(ns)  THS Failing Endpoints  THS Total Endpoints     WPWS(ns)     TPWS(ns)  TPWS Failing Endpoints  TPWS Total Endpoints  
    -------      -------  ---------------------  -------------------      -------      -------  ---------------------  -------------------     --------     --------  ----------------------  --------------------  
      0.002        0.000                      0               173062        0.022        0.000                      0               173062        2.225        0.000                       0                139002  


All user specified timing constraints are met.


------------------------------------------------------------------------------------------------
| Clock Summary
| -------------
------------------------------------------------------------------------------------------------

Clock   Waveform(ns)         Period(ns)      Frequency(MHz)
-----   ------------         ----------      --------------
ap_clk  {0.000 2.500}        5.000           200.000         


------------------------------------------------------------------------------------------------
| Intra Clock Table
| -----------------
------------------------------------------------------------------------------------------------

Clock             WNS(ns)      TNS(ns)  TNS Failing Endpoints  TNS Total Endpoints      WHS(ns)      THS(ns)  THS Failing Endpoints  THS Total Endpoints     WPWS(ns)     TPWS(ns)  TPWS Failing Endpoints  TPWS Total Endpoints  
-----             -------      -------  ---------------------  -------------------      -------      -------  ---------------------  -------------------     --------     --------  ----------------------  --------------------  
ap_clk              0.002        0.000                      0               173062        0.022        0.000                      0               173062        2.225        0.000                       0                139002  


------------------------------------------------------------------------------------------------
| Inter Clock Table
| -----------------
------------------------------------------------------------------------------------------------

From Clock    To Clock          WNS(ns)      TNS(ns)  TNS Failing Endpoints  TNS Total Endpoints      WHS(ns)      THS(ns)  THS Failing Endpoints  THS Total Endpoints  
----------    --------          -------      -------  ---------------------  -------------------      -------      -------  ---------------------  -------------------  


------------------------------------------------------------------------------------------------
| Other Path Groups Table
| -----------------------
------------------------------------------------------------------------------------------------

Path Group    From Clock    To Clock          WNS(ns)      TNS(ns)  TNS Failing Endpoints  TNS Total Endpoints      WHS(ns)      THS(ns)  THS Failing Endpoints  THS Total Endpoints  
----------    ----------    --------          -------      -------  ---------------------  -------------------      -------      -------  ---------------------  -------------------  


------------------------------------------------------------------------------------------------
| Timing Details
| --------------
------------------------------------------------------------------------------------------------


---------------------------------------------------------------------------------------------------
From Clock:  ap_clk
  To Clock:  ap_clk

Setup :            0  Failing Endpoints,  Worst Slack        0.002ns,  Total Violation        0.000ns
Hold  :            0  Failing Endpoints,  Worst Slack        0.022ns,  Total Violation        0.000ns
PW    :            0  Failing Endpoints,  Worst Slack        2.225ns,  Total Violation        0.000ns
---------------------------------------------------------------------------------------------------


Max Delay Paths
--------------------------------------------------------------------------------------
Slack (MET) :             0.002ns  (required time - arrival time)
  Source:                 denselayer2/INPUT_SIZE_rows[52].OUTPUT_SIZE_cols[24].sa/data_in_ex_reg[25]_rep/C
                            (rising edge-triggered cell FDRE clocked by ap_clk  {rise@0.000ns fall@2.500ns period=5.000ns})
  Destination:            denselayer2/INPUT_SIZE_rows[52].OUTPUT_SIZE_cols[23].sa/data_out_reg[44]/D
                            (rising edge-triggered cell FDRE clocked by ap_clk  {rise@0.000ns fall@2.500ns period=5.000ns})
  Path Group:             ap_clk
  Path Type:              Setup (Max at Slow Process Corner)
  Requirement:            5.000ns  (ap_clk rise@5.000ns - ap_clk rise@0.000ns)
  Data Path Delay:        4.635ns  (logic 0.925ns (19.957%)  route 3.710ns (80.043%))
  Logic Levels:           7  (CARRY8=4 LUT2=1 LUT3=1 LUT4=1)
  Clock Path Skew:        -0.351ns (DCD - SCD + CPR)
    Destination Clock Delay (DCD):    3.032ns = ( 8.032 - 5.000 ) 
    Source Clock Delay      (SCD):    3.725ns
    Clock Pessimism Removal (CPR):    0.342ns
  Clock Uncertainty:      0.035ns  ((TSJ^2 + TIJ^2)^1/2 + DJ) / 2 + PE
    Total System Jitter     (TSJ):    0.071ns
    Total Input Jitter      (TIJ):    0.000ns
    Discrete Jitter          (DJ):    0.000ns
    Phase Error              (PE):    0.000ns
  Clock Net Delay (Source):      2.849ns (routing 1.055ns, distribution 1.794ns)
  Clock Net Delay (Destination): 2.399ns (routing 0.956ns, distribution 1.443ns)

    Location             Delay type                Incr(ns)  Path(ns)    Netlist Resource(s)
  -------------------------------------------------------------------    -------------------
                         (clock ap_clk rise edge)     0.000     0.000 r  
    AP13                                              0.000     0.000 r  clk (IN)
                         net (fo=0)                   0.000     0.000    clk_IBUF_inst/I
    AP13                 INBUF (Prop_INBUF_HPIOB_M_PAD_O)
                                                      0.534     0.534 r  clk_IBUF_inst/INBUF_INST/O
                         net (fo=1, routed)           0.000     0.534    clk_IBUF_inst/OUT
    AP13                 IBUFCTRL (Prop_IBUFCTRL_HPIOB_M_I_O)
                                                      0.000     0.534 r  clk_IBUF_inst/IBUFCTRL_INST/O
                         net (fo=1, routed)           0.314     0.848    clk_IBUF
    BUFGCE_X0Y170        BUFGCE (Prop_BUFCE_BUFGCE_I_O)
                                                      0.028     0.876 r  clk_IBUF_BUFG_inst/O
    X3Y5 (CLOCK_ROOT)    net (fo=145161, routed)      2.849     3.725    denselayer2/INPUT_SIZE_rows[52].OUTPUT_SIZE_cols[24].sa/clk_IBUF_BUFG
    SLICE_X49Y442        FDRE                                         r  denselayer2/INPUT_SIZE_rows[52].OUTPUT_SIZE_cols[24].sa/data_in_ex_reg[25]_rep/C
  -------------------------------------------------------------------    -------------------
    SLICE_X49Y442        FDRE (Prop_AFF_SLICEL_C_Q)
                                                      0.069     3.794 r  denselayer2/INPUT_SIZE_rows[52].OUTPUT_SIZE_cols[24].sa/data_in_ex_reg[25]_rep/Q
                         net (fo=138, routed)         2.529     6.323    denselayer2/INPUT_SIZE_rows[52].OUTPUT_SIZE_cols[24].sa/data_in_ex_reg[26]_rep_1[0]
    SLICE_X115Y329       LUT2 (Prop_B6LUT_SLICEM_I1_O)
                                                      0.047     6.370 r  denselayer2/INPUT_SIZE_rows[52].OUTPUT_SIZE_cols[24].sa/data_out0_carry__2_i_4__1402/O
                         net (fo=1, routed)           0.020     6.390    denselayer2/INPUT_SIZE_rows[52].OUTPUT_SIZE_cols[23].sa/data_out0__211_carry__1_i_2__21[1]
    SLICE_X115Y329       CARRY8 (Prop_CARRY8_SLICEM_S[1]_O[5])
                                                      0.211     6.601 r  denselayer2/INPUT_SIZE_rows[52].OUTPUT_SIZE_cols[23].sa/data_out0_carry__2/O[5]
                         net (fo=3, routed)           0.254     6.855    denselayer2/INPUT_SIZE_rows[52].OUTPUT_SIZE_cols[24].sa/data_out0__211_carry__2_1[5]
    SLICE_X116Y330       LUT3 (Prop_H6LUT_SLICEL_I0_O)
                                                      0.135     6.990 r  denselayer2/INPUT_SIZE_rows[52].OUTPUT_SIZE_cols[24].sa/data_out0__211_carry__2_i_5__20/O
                         net (fo=1, routed)           0.429     7.419    denselayer2/INPUT_SIZE_rows[52].OUTPUT_SIZE_cols[23].sa/data_out0__316_carry__0_i_4__5_0[3]
    SLICE_X114Y329       CARRY8 (Prop_CARRY8_SLICEM_DI[3]_CO[7])
                                                      0.090     7.509 r  denselayer2/INPUT_SIZE_rows[52].OUTPUT_SIZE_cols[23].sa/data_out0__211_carry__2/CO[7]
                         net (fo=1, routed)           0.048     7.557    denselayer2/INPUT_SIZE_rows[52].OUTPUT_SIZE_cols[23].sa/data_out0__211_carry__2_n_0
    SLICE_X114Y330       CARRY8 (Prop_CARRY8_SLICEM_CI_O[3])
                                                      0.072     7.629 r  denselayer2/INPUT_SIZE_rows[52].OUTPUT_SIZE_cols[23].sa/data_out0__211_carry__3/O[3]
                         net (fo=3, routed)           0.393     8.022    denselayer2/INPUT_SIZE_rows[52].OUTPUT_SIZE_cols[23].sa/data_out0__211_carry__3_i_11__1[1]
    SLICE_X112Y331       LUT4 (Prop_A6LUT_SLICEL_I0_O)
                                                      0.089     8.111 r  denselayer2/INPUT_SIZE_rows[52].OUTPUT_SIZE_cols[23].sa/data_out0__316_carry__2_i_11__4/O
                         net (fo=1, routed)           0.013     8.124    denselayer2/INPUT_SIZE_rows[52].OUTPUT_SIZE_cols[23].sa/data_out0__316_carry__2_i_11__4_n_0
    SLICE_X112Y331       CARRY8 (Prop_CARRY8_SLICEL_S[0]_O[5])
                                                      0.212     8.336 r  denselayer2/INPUT_SIZE_rows[52].OUTPUT_SIZE_cols[23].sa/data_out0__316_carry__2/O[5]
                         net (fo=1, routed)           0.024     8.360    denselayer2/INPUT_SIZE_rows[52].OUTPUT_SIZE_cols[23].sa/p_0_in__121[44]
    SLICE_X112Y331       FDRE                                         r  denselayer2/INPUT_SIZE_rows[52].OUTPUT_SIZE_cols[23].sa/data_out_reg[44]/D
  -------------------------------------------------------------------    -------------------

                         (clock ap_clk rise edge)     5.000     5.000 r  
    AP13                                              0.000     5.000 r  clk (IN)
                         net (fo=0)                   0.000     5.000    clk_IBUF_inst/I
    AP13                 INBUF (Prop_INBUF_HPIOB_M_PAD_O)
                                                      0.330     5.330 r  clk_IBUF_inst/INBUF_INST/O
                         net (fo=1, routed)           0.000     5.330    clk_IBUF_inst/OUT
    AP13                 IBUFCTRL (Prop_IBUFCTRL_HPIOB_M_I_O)
                                                      0.000     5.330 r  clk_IBUF_inst/IBUFCTRL_INST/O
                         net (fo=1, routed)           0.279     5.609    clk_IBUF
    BUFGCE_X0Y170        BUFGCE (Prop_BUFCE_BUFGCE_I_O)
                                                      0.024     5.633 r  clk_IBUF_BUFG_inst/O
    X3Y5 (CLOCK_ROOT)    net (fo=145161, routed)      2.399     8.032    denselayer2/INPUT_SIZE_rows[52].OUTPUT_SIZE_cols[23].sa/clk_IBUF_BUFG
    SLICE_X112Y331       FDRE                                         r  denselayer2/INPUT_SIZE_rows[52].OUTPUT_SIZE_cols[23].sa/data_out_reg[44]/C
                         clock pessimism              0.342     8.374    
                         clock uncertainty           -0.035     8.338    
    SLICE_X112Y331       FDRE (Setup_FFF_SLICEL_C_D)
                                                      0.023     8.361    denselayer2/INPUT_SIZE_rows[52].OUTPUT_SIZE_cols[23].sa/data_out_reg[44]
  -------------------------------------------------------------------
                         required time                          8.361    
                         arrival time                          -8.360    
  -------------------------------------------------------------------
                         slack                                  0.002    





Min Delay Paths
--------------------------------------------------------------------------------------
Slack (MET) :             0.022ns  (arrival time - required time)
  Source:                 denselayer2/INPUT_SIZE_rows[47].OUTPUT_SIZE_cols[22].sa/data_out_reg[38]/C
                            (rising edge-triggered cell FDRE clocked by ap_clk  {rise@0.000ns fall@2.500ns period=5.000ns})
  Destination:            denselayer2/sum_all/col_trees[22].column_tree/genblk2[2].genblk1[27].tree_reg[27][21]/D
                            (rising edge-triggered cell FDRE clocked by ap_clk  {rise@0.000ns fall@2.500ns period=5.000ns})
  Path Group:             ap_clk
  Path Type:              Hold (Min at Fast Process Corner)
  Requirement:            0.000ns  (ap_clk rise@0.000ns - ap_clk rise@0.000ns)
  Data Path Delay:        0.231ns  (logic 0.108ns (46.753%)  route 0.123ns (53.247%))
  Logic Levels:           2  (CARRY8=1 LUT6=1)
  Clock Path Skew:        0.163ns (DCD - SCD - CPR)
    Destination Clock Delay (DCD):    2.668ns
    Source Clock Delay      (SCD):    2.206ns
    Clock Pessimism Removal (CPR):    0.299ns
  Clock Net Delay (Source):      1.811ns (routing 0.639ns, distribution 1.172ns)
  Clock Net Delay (Destination): 2.048ns (routing 0.713ns, distribution 1.335ns)

    Location             Delay type                Incr(ns)  Path(ns)    Netlist Resource(s)
  -------------------------------------------------------------------    -------------------
                         (clock ap_clk rise edge)     0.000     0.000 r  
    AP13                                              0.000     0.000 r  clk (IN)
                         net (fo=0)                   0.000     0.000    clk_IBUF_inst/I
    AP13                 INBUF (Prop_INBUF_HPIOB_M_PAD_O)
                                                      0.234     0.234 r  clk_IBUF_inst/INBUF_INST/O
                         net (fo=1, routed)           0.000     0.234    clk_IBUF_inst/OUT
    AP13                 IBUFCTRL (Prop_IBUFCTRL_HPIOB_M_I_O)
                                                      0.000     0.234 r  clk_IBUF_inst/IBUFCTRL_INST/O
                         net (fo=1, routed)           0.144     0.378    clk_IBUF
    BUFGCE_X0Y170        BUFGCE (Prop_BUFCE_BUFGCE_I_O)
                                                      0.017     0.395 r  clk_IBUF_BUFG_inst/O
    X3Y5 (CLOCK_ROOT)    net (fo=145161, routed)      1.811     2.206    denselayer2/INPUT_SIZE_rows[47].OUTPUT_SIZE_cols[22].sa/clk_IBUF_BUFG
    SLICE_X7Y357         FDRE                                         r  denselayer2/INPUT_SIZE_rows[47].OUTPUT_SIZE_cols[22].sa/data_out_reg[38]/C
  -------------------------------------------------------------------    -------------------
    SLICE_X7Y357         FDRE (Prop_GFF_SLICEL_C_Q)
                                                      0.039     2.245 r  denselayer2/INPUT_SIZE_rows[47].OUTPUT_SIZE_cols[22].sa/data_out_reg[38]/Q
                         net (fo=3, routed)           0.101     2.346    denselayer2/INPUT_SIZE_rows[47].OUTPUT_SIZE_cols[22].sa/p_534_out[38]
    SLICE_X6Y360         LUT6 (Prop_F6LUT_SLICEM_I5_O)
                                                      0.050     2.396 r  denselayer2/INPUT_SIZE_rows[47].OUTPUT_SIZE_cols[22].sa/genblk2[2].genblk1[27].tree[27][23]_i_12__20/O
                         net (fo=1, routed)           0.015     2.411    denselayer2/INPUT_SIZE_rows[47].OUTPUT_SIZE_cols[22].sa/genblk2[2].genblk1[27].tree[27][23]_i_12__20_n_0
    SLICE_X6Y360         CARRY8 (Prop_CARRY8_SLICEM_S[5]_O[5])
                                                      0.019     2.430 r  denselayer2/INPUT_SIZE_rows[47].OUTPUT_SIZE_cols[22].sa/genblk2[2].genblk1[27].tree_reg[27][23]_i_1__21/O[5]
                         net (fo=1, routed)           0.007     2.437    denselayer2/sum_all/col_trees[22].column_tree/genblk2[2].genblk1[27].tree_reg[27][27]_0[21]
    SLICE_X6Y360         FDRE                                         r  denselayer2/sum_all/col_trees[22].column_tree/genblk2[2].genblk1[27].tree_reg[27][21]/D
  -------------------------------------------------------------------    -------------------

                         (clock ap_clk rise edge)     0.000     0.000 r  
    AP13                                              0.000     0.000 r  clk (IN)
                         net (fo=0)                   0.000     0.000    clk_IBUF_inst/I
    AP13                 INBUF (Prop_INBUF_HPIOB_M_PAD_O)
                                                      0.420     0.420 r  clk_IBUF_inst/INBUF_INST/O
                         net (fo=1, routed)           0.000     0.420    clk_IBUF_inst/OUT
    AP13                 IBUFCTRL (Prop_IBUFCTRL_HPIOB_M_I_O)
                                                      0.000     0.420 r  clk_IBUF_inst/IBUFCTRL_INST/O
                         net (fo=1, routed)           0.181     0.601    clk_IBUF
    BUFGCE_X0Y170        BUFGCE (Prop_BUFCE_BUFGCE_I_O)
                                                      0.019     0.620 r  clk_IBUF_BUFG_inst/O
    X3Y5 (CLOCK_ROOT)    net (fo=145161, routed)      2.048     2.668    denselayer2/sum_all/col_trees[22].column_tree/clk_IBUF_BUFG
    SLICE_X6Y360         FDRE                                         r  denselayer2/sum_all/col_trees[22].column_tree/genblk2[2].genblk1[27].tree_reg[27][21]/C
                         clock pessimism             -0.299     2.369    
    SLICE_X6Y360         FDRE (Hold_FFF_SLICEM_C_D)
                                                      0.046     2.415    denselayer2/sum_all/col_trees[22].column_tree/genblk2[2].genblk1[27].tree_reg[27][21]
  -------------------------------------------------------------------
                         required time                         -2.415    
                         arrival time                           2.437    
  -------------------------------------------------------------------
                         slack                                  0.022    





Pulse Width Checks
--------------------------------------------------------------------------------------
Clock Name:         ap_clk
Waveform(ns):       { 0.000 2.500 }
Period(ns):         5.000
Sources:            { clk }

Check Type        Corner  Lib Pin   Reference Pin  Required(ns)  Actual(ns)  Slack(ns)  Location        Pin
Min Period        n/a     BUFGCE/I  n/a            1.122         5.000       3.878      BUFGCE_X0Y170   clk_IBUF_BUFG_inst/I
Low Pulse Width   Slow    FDRE/C    n/a            0.275         2.500       2.225      SLICE_X42Y452   denselayer2/INPUT_SIZE_rows[56].OUTPUT_SIZE_cols[8].sa/data_out_reg[23]/C
High Pulse Width  Fast    FDRE/C    n/a            0.275         2.500       2.225      SLICE_X164Y385  denselayer2/sum_all/col_trees[6].column_tree/genblk2[2].genblk1[21].tree_reg[21][20]/C



