Copyright 1986-2019 Xilinx, Inc. All Rights Reserved.
----------------------------------------------------------------------------------------------------------
| Tool Version : Vivado v.2019.1 (lin64) Build 2552052 Fri May 24 14:47:09 MDT 2019
| Date         : Wed Oct 29 19:59:38 2025
| Host         : hvm1 running 64-bit Ubuntu 22.04.5 LTS
| Command      : report_utilization -hierarchical -hierarchical_depth 1 -file reports/28_10_unop_hier.rpt
| Design       : waiz_benchmark
| Device       : xcvu13pfhga2104-3
| Design State : Routed
----------------------------------------------------------------------------------------------------------

Utilization Design Information

Table of Contents
-----------------
1. Utilization by Hierarchy

1. Utilization by Hierarchy
---------------------------

+--------------------+---------------------------------------+------------+------------+---------+------+--------+--------+--------+------+--------------+
|      Instance      |                 Module                | Total LUTs | Logic LUTs | LUTRAMs | SRLs |   FFs  | RAMB36 | RAMB18 | URAM | DSP48 Blocks |
+--------------------+---------------------------------------+------------+------------+---------+------+--------+--------+--------+------+--------------+
| waiz_benchmark     |                                 (top) |     561453 |     561453 |       0 |    0 | 298852 |      0 |      0 |    0 |         6147 |
|   (waiz_benchmark) |                                 (top) |     120723 |     120723 |       0 |    0 |      0 |      0 |      0 |    0 |            0 |
|   denselayer1      |                            denseLayer |     110585 |     110585 |       0 |    0 |  73669 |      0 |      0 |    0 |         1463 |
|   denselayer2      |            denseLayer__parameterized0 |     209719 |     209719 |       0 |    0 | 143127 |      0 |      0 |    0 |         2804 |
|   denselayer3      |            denseLayer__parameterized1 |     104675 |     104675 |       0 |    0 |  73026 |      0 |      0 |    0 |         1592 |
|   denselayer4      |            denseLayer__parameterized2 |      11728 |      11728 |       0 |    0 |   8592 |      0 |      0 |    0 |          283 |
|   relulayer1       |                   reluActivationLayer |       2301 |       2301 |       0 |    0 |    238 |      0 |      0 |    0 |            0 |
|   relulayer2       |   reluActivationLayer__parameterized0 |        910 |        910 |       0 |    0 |    132 |      0 |      0 |    0 |            0 |
|   relulayer3       | reluActivationLayer__parameterized0_0 |        448 |        448 |       0 |    0 |      0 |      0 |      0 |    0 |            0 |
|   softmax          |                          softmaxLayer |        988 |        988 |       0 |    0 |     68 |      0 |      0 |    0 |            5 |
+--------------------+---------------------------------------+------------+------------+---------+------+--------+--------+--------+------+--------------+
* Note: The sum of lower-level cells may be larger than their parent cells total, due to cross-hierarchy LUT combining


