Copyright 1986-2019 Xilinx, Inc. All Rights Reserved.
------------------------------------------------------------------------------------------------------------------------------------
| Tool Version : Vivado v.2019.1 (lin64) Build 2552052 Fri May 24 14:47:09 MDT 2019
| Date         : Tue Dec  2 07:40:03 2025
| Host         : hvm1 running 64-bit Ubuntu 22.04.5 LTS
| Command      : report_utilization -hierarchical -hierarchical_depth 1 -file ../reports/28_10_Argmax_P1_PO0_SA2_MULTPIPE1_hier.rpt
| Design       : waiz_benchmark
| Device       : xcvu13pfhga2104-3
| Design State : Routed
------------------------------------------------------------------------------------------------------------------------------------

Utilization Design Information

Table of Contents
-----------------
1. Utilization by Hierarchy

1. Utilization by Hierarchy
---------------------------

+--------------------+---------------------------------------+------------+------------+---------+------+--------+--------+--------+------+--------------+
|      Instance      |                 Module                | Total LUTs | Logic LUTs | LUTRAMs | SRLs |   FFs  | RAMB36 | RAMB18 | URAM | DSP48 Blocks |
+--------------------+---------------------------------------+------------+------------+---------+------+--------+--------+--------+------+--------------+
| waiz_benchmark     |                                 (top) |     651918 |     651918 |       0 |    0 | 138441 |      0 |      0 |    0 |         1120 |
|   (waiz_benchmark) |                                 (top) |      11360 |      11360 |       0 |    0 |      0 |      0 |      0 |    0 |            0 |
|   denselayer1      |                            denseLayer |     165014 |     165014 |       0 |    0 |  32709 |      0 |      0 |    0 |          330 |
|   denselayer2      |            denseLayer__parameterized0 |     320029 |     320029 |       0 |    0 |  70178 |      0 |      0 |    0 |          120 |
|   denselayer3      |            denseLayer__parameterized1 |     127717 |     127717 |       0 |    0 |  28728 |      0 |      0 |    0 |          642 |
|   denselayer4      |            denseLayer__parameterized2 |      26647 |      26647 |       0 |    0 |   6195 |      0 |      0 |    0 |           28 |
|   relulayer1       |                   reluActivationLayer |       2355 |       2355 |       0 |    0 |    166 |      0 |      0 |    0 |            0 |
|   relulayer2       |   reluActivationLayer__parameterized0 |        430 |        430 |       0 |    0 |    187 |      0 |      0 |    0 |            0 |
|   relulayer3       | reluActivationLayer__parameterized0_0 |        417 |        417 |       0 |    0 |    272 |      0 |      0 |    0 |            0 |
|   softmax          |                    softmaxArgmaxLayer |          2 |          2 |       0 |    0 |      6 |      0 |      0 |    0 |            0 |
+--------------------+---------------------------------------+------------+------------+---------+------+--------+--------+--------+------+--------------+
* Note: The sum of lower-level cells may be larger than their parent cells total, due to cross-hierarchy LUT combining


