Copyright 1986-2019 Xilinx, Inc. All Rights Reserved.
------------------------------------------------------------------------------------------------------------------------------------
| Tool Version : Vivado v.2019.1 (lin64) Build 2552052 Fri May 24 14:47:09 MDT 2019
| Date         : Tue Dec  2 19:43:52 2025
| Host         : hvm1 running 64-bit Ubuntu 22.04.5 LTS
| Command      : report_utilization -hierarchical -hierarchical_depth 1 -file ../reports/28_10_Argmax_P3_PO0_SAV_MULTPIPE1_hier.rpt
| Design       : waiz_benchmark
| Device       : xcvu13pfhga2104-3
| Design State : Routed
------------------------------------------------------------------------------------------------------------------------------------

Utilization Design Information

Table of Contents
-----------------
1. Utilization by Hierarchy

1. Utilization by Hierarchy
---------------------------

+--------------------+---------------------------------------+------------+------------+---------+------+--------+--------+--------+------+--------------+
|      Instance      |                 Module                | Total LUTs | Logic LUTs | LUTRAMs | SRLs |   FFs  | RAMB36 | RAMB18 | URAM | DSP48 Blocks |
+--------------------+---------------------------------------+------------+------------+---------+------+--------+--------+--------+------+--------------+
| waiz_benchmark     |                                 (top) |     520280 |     520280 |       0 |    0 | 111422 |      0 |      0 |    0 |          810 |
|   (waiz_benchmark) |                                 (top) |      18192 |      18192 |       0 |    0 |      0 |      0 |      0 |    0 |            0 |
|   denselayer1      |                            denseLayer |     134373 |     134373 |       0 |    0 |  27583 |      0 |      0 |    0 |          246 |
|   denselayer2      |            denseLayer__parameterized0 |     240389 |     240389 |       0 |    0 |  54952 |      0 |      0 |    0 |           66 |
|   denselayer3      |            denseLayer__parameterized1 |     103410 |     103410 |       0 |    0 |  23043 |      0 |      0 |    0 |          478 |
|   denselayer4      |            denseLayer__parameterized2 |      21222 |      21222 |       0 |    0 |   4935 |      0 |      0 |    0 |           20 |
|   relulayer1       |                   reluActivationLayer |       3178 |       3178 |       0 |    0 |    184 |      0 |      0 |    0 |            0 |
|   relulayer2       |   reluActivationLayer__parameterized0 |        499 |        499 |       0 |    0 |    719 |      0 |      0 |    0 |            0 |
|   relulayer3       | reluActivationLayer__parameterized0_0 |        431 |        431 |       0 |    0 |      0 |      0 |      0 |    0 |            0 |
|   softmax          |                    softmaxArgmaxLayer |        165 |        165 |       0 |    0 |      6 |      0 |      0 |    0 |            0 |
+--------------------+---------------------------------------+------------+------------+---------+------+--------+--------+--------+------+--------------+
* Note: The sum of lower-level cells may be larger than their parent cells total, due to cross-hierarchy LUT combining


