Copyright 1986-2019 Xilinx, Inc. All Rights Reserved.
-------------------------------------------------------------------------------------------------------------------------------
| Tool Version : Vivado v.2019.1 (lin64) Build 2552052 Fri May 24 14:47:09 MDT 2019
| Date         : Mon Dec  1 01:43:31 2025
| Host         : hvm1 running 64-bit Ubuntu 22.04.5 LTS
| Command      : report_utilization -hierarchical -hierarchical_depth 1 -file ../reports/28_10_Argmax_P1_PO0_MULTPIPE_hier.rpt
| Design       : waiz_benchmark
| Device       : xcvu13pfhga2104-3
| Design State : Routed
-------------------------------------------------------------------------------------------------------------------------------

Utilization Design Information

Table of Contents
-----------------
1. Utilization by Hierarchy

1. Utilization by Hierarchy
---------------------------

+--------------------+---------------------------------------+------------+------------+---------+------+--------+--------+--------+------+--------------+
|      Instance      |                 Module                | Total LUTs | Logic LUTs | LUTRAMs | SRLs |   FFs  | RAMB36 | RAMB18 | URAM | DSP48 Blocks |
+--------------------+---------------------------------------+------------+------------+---------+------+--------+--------+--------+------+--------------+
| waiz_benchmark     |                                 (top) |     506407 |     506407 |       0 |    0 | 149661 |      0 |      0 |    0 |            0 |
|   (waiz_benchmark) |                                 (top) |          0 |          0 |       0 |    0 |      0 |      0 |      0 |    0 |            0 |
|   denselayer1      |                            denseLayer |     127315 |     127315 |       0 |    0 |  35708 |      0 |      0 |    0 |            0 |
|   denselayer2      |            denseLayer__parameterized0 |     230913 |     230913 |       0 |    0 |  71867 |      0 |      0 |    0 |            0 |
|   denselayer3      |            denseLayer__parameterized1 |     120246 |     120246 |       0 |    0 |  35747 |      0 |      0 |    0 |            0 |
|   denselayer4      |            denseLayer__parameterized2 |      20858 |      20858 |       0 |    0 |   6333 |      0 |      0 |    0 |            0 |
|   relulayer1       |                   reluActivationLayer |       4636 |       4636 |       0 |    0 |      0 |      0 |      0 |    0 |            0 |
|   relulayer2       |   reluActivationLayer__parameterized0 |       2368 |       2368 |       0 |    0 |      0 |      0 |      0 |    0 |            0 |
|   relulayer3       | reluActivationLayer__parameterized0_0 |        349 |        349 |       0 |    0 |      0 |      0 |      0 |    0 |            0 |
|   softmax          |                    softmaxArgmaxLayer |         44 |         44 |       0 |    0 |      6 |      0 |      0 |    0 |            0 |
+--------------------+---------------------------------------+------------+------------+---------+------+--------+--------+--------+------+--------------+
* Note: The sum of lower-level cells may be larger than their parent cells total, due to cross-hierarchy LUT combining


