Copyright 1986-2019 Xilinx, Inc. All Rights Reserved.
----------------------------------------------------------------------------------------------------------------------
| Tool Version : Vivado v.2019.1 (lin64) Build 2552052 Fri May 24 14:47:09 MDT 2019
| Date         : Sun Nov 30 19:03:15 2025
| Host         : hvm1 running 64-bit Ubuntu 22.04.5 LTS
| Command      : report_utilization -hierarchical -hierarchical_depth 1 -file ../reports/31_11_Argmax_P1_PO1_hier.rpt
| Design       : waiz_benchmark
| Device       : xcvu13pfhga2104-3
| Design State : Routed
----------------------------------------------------------------------------------------------------------------------

Utilization Design Information

Table of Contents
-----------------
1. Utilization by Hierarchy

1. Utilization by Hierarchy
---------------------------

+--------------------+---------------------------------------+------------+------------+---------+------+--------+--------+--------+------+--------------+
|      Instance      |                 Module                | Total LUTs | Logic LUTs | LUTRAMs | SRLs |   FFs  | RAMB36 | RAMB18 | URAM | DSP48 Blocks |
+--------------------+---------------------------------------+------------+------------+---------+------+--------+--------+--------+------+--------------+
| waiz_benchmark     |                                 (top) |     334991 |     334988 |       0 |    3 | 108040 |      0 |      0 |    0 |            0 |
|   (waiz_benchmark) |                                 (top) |       4007 |       4007 |       0 |    0 |      0 |      0 |      0 |    0 |            0 |
|   denselayer1      |                            denseLayer |     200713 |     200713 |       0 |    0 |  25207 |      0 |      0 |    0 |            0 |
|   denselayer2      |            denseLayer__parameterized0 |      95943 |      95942 |       0 |    1 |  55956 |      0 |      0 |    0 |            0 |
|   denselayer3      |            denseLayer__parameterized1 |      25030 |      25029 |       0 |    1 |  23007 |      0 |      0 |    0 |            0 |
|   denselayer4      |            denseLayer__parameterized2 |       2774 |       2773 |       0 |    1 |   3864 |      0 |      0 |    0 |            0 |
|   relulayer1       |                   reluActivationLayer |      20760 |      20760 |       0 |    0 |      0 |      0 |      0 |    0 |            0 |
|   relulayer2       |   reluActivationLayer__parameterized0 |       7672 |       7672 |       0 |    0 |      0 |      0 |      0 |    0 |            0 |
|   relulayer3       | reluActivationLayer__parameterized0_0 |       1881 |       1881 |       0 |    0 |      0 |      0 |      0 |    0 |            0 |
|   softmax          |                    softmaxArgmaxLayer |          0 |          0 |       0 |    0 |      6 |      0 |      0 |    0 |            0 |
+--------------------+---------------------------------------+------------+------------+---------+------+--------+--------+--------+------+--------------+
* Note: The sum of lower-level cells may be larger than their parent cells total, due to cross-hierarchy LUT combining


