Copyright 1986-2019 Xilinx, Inc. All Rights Reserved.
----------------------------------------------------------------------------------------------------------------------
| Tool Version : Vivado v.2019.1 (lin64) Build 2552052 Fri May 24 14:47:09 MDT 2019
| Date         : Mon Dec  1 00:20:06 2025
| Host         : hvm1 running 64-bit Ubuntu 22.04.5 LTS
| Command      : report_utilization -hierarchical -hierarchical_depth 1 -file ../reports/31_11_Argmax_P1_PO0_hier.rpt
| Design       : waiz_benchmark
| Device       : xcvu13pfhga2104-3
| Design State : Routed
----------------------------------------------------------------------------------------------------------------------

Utilization Design Information

Table of Contents
-----------------
1. Utilization by Hierarchy

1. Utilization by Hierarchy
---------------------------

+--------------------+---------------------------------------+------------+------------+---------+------+--------+--------+--------+------+--------------+
|      Instance      |                 Module                | Total LUTs | Logic LUTs | LUTRAMs | SRLs |   FFs  | RAMB36 | RAMB18 | URAM | DSP48 Blocks |
+--------------------+---------------------------------------+------------+------------+---------+------+--------+--------+--------+------+--------------+
| waiz_benchmark     |                                 (top) |     327906 |     327906 |       0 |    0 | 103746 |      0 |      0 |    0 |            0 |
|   (waiz_benchmark) |                                 (top) |       3932 |       3932 |       0 |    0 |      0 |      0 |      0 |    0 |            0 |
|   denselayer1      |                            denseLayer |      73316 |      73316 |       0 |    0 |  23068 |      0 |      0 |    0 |            0 |
|   denselayer2      |            denseLayer__parameterized0 |      48524 |      48524 |       0 |    0 |  54895 |      0 |      0 |    0 |            0 |
|   denselayer3      |            denseLayer__parameterized1 |      17069 |      17069 |       0 |    0 |  22067 |      0 |      0 |    0 |            0 |
|   denselayer4      |            denseLayer__parameterized2 |       4637 |       4637 |       0 |    0 |   3710 |      0 |      0 |    0 |            0 |
|   relulayer1       |                   reluActivationLayer |     129171 |     129171 |       0 |    0 |      0 |      0 |      0 |    0 |            0 |
|   relulayer2       |   reluActivationLayer__parameterized0 |      48098 |      48098 |       0 |    0 |      0 |      0 |      0 |    0 |            0 |
|   relulayer3       | reluActivationLayer__parameterized0_0 |       6649 |       6649 |       0 |    0 |      0 |      0 |      0 |    0 |            0 |
|   softmax          |                    softmaxArgmaxLayer |          0 |          0 |       0 |    0 |      6 |      0 |      0 |    0 |            0 |
+--------------------+---------------------------------------+------------+------------+---------+------+--------+--------+--------+------+--------------+
* Note: The sum of lower-level cells may be larger than their parent cells total, due to cross-hierarchy LUT combining


