Copyright 1986-2019 Xilinx, Inc. All Rights Reserved.
------------------------------------------------------------------------------------------------------------------------------------
| Tool Version : Vivado v.2019.1 (lin64) Build 2552052 Fri May 24 14:47:09 MDT 2019
| Date         : Tue Dec  2 22:28:47 2025
| Host         : hvm1 running 64-bit Ubuntu 22.04.5 LTS
| Command      : report_utilization -hierarchical -hierarchical_depth 1 -file ../reports/31_11_Argmax_P3_PO0_SAV_MULTPIPE1_hier.rpt
| Design       : waiz_benchmark
| Device       : xcvu13pfhga2104-3
| Design State : Routed
------------------------------------------------------------------------------------------------------------------------------------

Utilization Design Information

Table of Contents
-----------------
1. Utilization by Hierarchy

1. Utilization by Hierarchy
---------------------------

+--------------------+---------------------------------------+------------+------------+---------+------+-------+--------+--------+------+--------------+
|      Instance      |                 Module                | Total LUTs | Logic LUTs | LUTRAMs | SRLs |  FFs  | RAMB36 | RAMB18 | URAM | DSP48 Blocks |
+--------------------+---------------------------------------+------------+------------+---------+------+-------+--------+--------+------+--------------+
| waiz_benchmark     |                                 (top) |     443693 |     443693 |       0 |    0 | 98244 |      0 |      0 |    0 |         2600 |
|   (waiz_benchmark) |                                 (top) |      18000 |      18000 |       0 |    0 |     0 |      0 |      0 |    0 |            0 |
|   denselayer1      |                            denseLayer |      93197 |      93197 |       0 |    0 | 21312 |      0 |      0 |    0 |          848 |
|   denselayer2      |            denseLayer__parameterized0 |     230053 |     230053 |       0 |    0 | 53241 |      0 |      0 |    0 |          756 |
|   denselayer3      |            denseLayer__parameterized1 |      87342 |      87342 |       0 |    0 | 19730 |      0 |      0 |    0 |          856 |
|   denselayer4      |            denseLayer__parameterized2 |      14127 |      14127 |       0 |    0 |  3686 |      0 |      0 |    0 |          140 |
|   relulayer1       |                   reluActivationLayer |        965 |        965 |       0 |    0 |    56 |      0 |      0 |    0 |            0 |
|   relulayer2       |   reluActivationLayer__parameterized0 |        566 |        566 |       0 |    0 |   213 |      0 |      0 |    0 |            0 |
|   relulayer3       | reluActivationLayer__parameterized0_0 |        465 |        465 |       0 |    0 |     0 |      0 |      0 |    0 |            0 |
|   softmax          |                    softmaxArgmaxLayer |          0 |          0 |       0 |    0 |     6 |      0 |      0 |    0 |            0 |
+--------------------+---------------------------------------+------------+------------+---------+------+-------+--------+--------+------+--------------+
* Note: The sum of lower-level cells may be larger than their parent cells total, due to cross-hierarchy LUT combining


