Copyright 1986-2019 Xilinx, Inc. All Rights Reserved.
--------------------------------------------------------------------------------------------
| Tool Version      : Vivado v.2019.1 (lin64) Build 2552052 Fri May 24 14:47:09 MDT 2019
| Date              : Thu Dec 18 14:58:28 2025
| Host              : hvm1 running 64-bit Ubuntu 22.04.5 LTS
| Command           : report_timing_summary -file ../reports/34_12_MinpipeNegmax_timing.rpt
| Design            : waiz_benchmark
| Device            : xcvu13p-fhga2104
| Speed File        : -3  PRODUCTION 1.23 03-18-2019
| Temperature Grade : E
--------------------------------------------------------------------------------------------

Timing Summary Report

------------------------------------------------------------------------------------------------
| Timer Settings
| --------------
------------------------------------------------------------------------------------------------

  Enable Multi Corner Analysis               :  Yes
  Enable Pessimism Removal                   :  Yes
  Pessimism Removal Resolution               :  Nearest Common Node
  Enable Input Delay Default Clock           :  No
  Enable Preset / Clear Arcs                 :  No
  Disable Flight Delays                      :  No
  Ignore I/O Paths                           :  No
  Timing Early Launch at Borrowing Latches   :  No
  Borrow Time for Max Delay Exceptions       :  Yes

  Corner  Analyze    Analyze    
  Name    Max Paths  Min Paths  
  ------  ---------  ---------  
  Slow    Yes        Yes        
  Fast    Yes        Yes        



check_timing report

Table of Contents
-----------------
1. checking no_clock
2. checking constant_clock
3. checking pulse_width_clock
4. checking unconstrained_internal_endpoints
5. checking no_input_delay
6. checking no_output_delay
7. checking multiple_clock
8. checking generated_clocks
9. checking loops
10. checking partial_input_delay
11. checking partial_output_delay
12. checking latch_loops

1. checking no_clock
--------------------
 There are 0 register/latch pins with no clock.


2. checking constant_clock
--------------------------
 There are 0 register/latch pins with constant_clock.


3. checking pulse_width_clock
-----------------------------
 There are 0 register/latch pins which need pulse_width check


4. checking unconstrained_internal_endpoints
--------------------------------------------
 There are 0 pins that are not constrained for maximum delay.

 There are 0 pins that are not constrained for maximum delay due to constant clock.


5. checking no_input_delay
--------------------------
 There are 546 input ports with no input delay specified. (HIGH)

 There are 0 input ports with no input delay but user has a false path constraint.


6. checking no_output_delay
---------------------------
 There are 121 ports with no output delay specified. (HIGH)

 There are 0 ports with no output delay but user has a false path constraint

 There are 0 ports with no output delay but with a timing clock defined on it or propagating through it


7. checking multiple_clock
--------------------------
 There are 0 register/latch pins with multiple clocks.


8. checking generated_clocks
----------------------------
 There are 0 generated clocks that are not connected to a clock source.


9. checking loops
-----------------
 There are 0 combinational loops in the design.


10. checking partial_input_delay
--------------------------------
 There are 0 input ports with partial input delay specified.


11. checking partial_output_delay
---------------------------------
 There are 0 ports with partial output delay specified.


12. checking latch_loops
------------------------
 There are 0 combinational latch loops in the design through latch input



------------------------------------------------------------------------------------------------
| Design Timing Summary
| ---------------------
------------------------------------------------------------------------------------------------

    WNS(ns)      TNS(ns)  TNS Failing Endpoints  TNS Total Endpoints      WHS(ns)      THS(ns)  THS Failing Endpoints  THS Total Endpoints     WPWS(ns)     TPWS(ns)  TPWS Failing Endpoints  TPWS Total Endpoints  
    -------      -------  ---------------------  -------------------      -------      -------  ---------------------  -------------------     --------     --------  ----------------------  --------------------  
     -2.517  -108496.430                 110274               120058        0.067        0.000                      0               120058        2.225        0.000                       0                 83476  


Timing constraints are not met.


------------------------------------------------------------------------------------------------
| Clock Summary
| -------------
------------------------------------------------------------------------------------------------

Clock   Waveform(ns)         Period(ns)      Frequency(MHz)
-----   ------------         ----------      --------------
ap_clk  {0.000 2.500}        5.000           200.000         


------------------------------------------------------------------------------------------------
| Intra Clock Table
| -----------------
------------------------------------------------------------------------------------------------

Clock             WNS(ns)      TNS(ns)  TNS Failing Endpoints  TNS Total Endpoints      WHS(ns)      THS(ns)  THS Failing Endpoints  THS Total Endpoints     WPWS(ns)     TPWS(ns)  TPWS Failing Endpoints  TPWS Total Endpoints  
-----             -------      -------  ---------------------  -------------------      -------      -------  ---------------------  -------------------     --------     --------  ----------------------  --------------------  
ap_clk             -2.517  -108496.430                 110274               120058        0.067        0.000                      0               120058        2.225        0.000                       0                 83476  


------------------------------------------------------------------------------------------------
| Inter Clock Table
| -----------------
------------------------------------------------------------------------------------------------

From Clock    To Clock          WNS(ns)      TNS(ns)  TNS Failing Endpoints  TNS Total Endpoints      WHS(ns)      THS(ns)  THS Failing Endpoints  THS Total Endpoints  
----------    --------          -------      -------  ---------------------  -------------------      -------      -------  ---------------------  -------------------  


------------------------------------------------------------------------------------------------
| Other Path Groups Table
| -----------------------
------------------------------------------------------------------------------------------------

Path Group    From Clock    To Clock          WNS(ns)      TNS(ns)  TNS Failing Endpoints  TNS Total Endpoints      WHS(ns)      THS(ns)  THS Failing Endpoints  THS Total Endpoints  
----------    ----------    --------          -------      -------  ---------------------  -------------------      -------      -------  ---------------------  -------------------  


------------------------------------------------------------------------------------------------
| Timing Details
| --------------
------------------------------------------------------------------------------------------------


---------------------------------------------------------------------------------------------------
From Clock:  ap_clk
  To Clock:  ap_clk

Setup :       110274  Failing Endpoints,  Worst Slack       -2.517ns,  Total Violation  -108496.431ns
Hold  :            0  Failing Endpoints,  Worst Slack        0.067ns,  Total Violation        0.000ns
PW    :            0  Failing Endpoints,  Worst Slack        2.225ns,  Total Violation        0.000ns
---------------------------------------------------------------------------------------------------


Max Delay Paths
--------------------------------------------------------------------------------------
Slack (VIOLATED) :        -2.517ns  (required time - arrival time)
  Source:                 denselayer2/INPUT_SIZE_rows[39].OUTPUT_SIZE_cols[15].sa/data_out_reg[23]/C
                            (rising edge-triggered cell FDRE clocked by ap_clk  {rise@0.000ns fall@2.500ns period=5.000ns})
  Destination:            denselayer2/sum_all/col_trees[15].column_tree/genblk2[0].genblk1[1].tree_reg[1][33]/D
                            (rising edge-triggered cell FDRE clocked by ap_clk  {rise@0.000ns fall@2.500ns period=5.000ns})
  Path Group:             ap_clk
  Path Type:              Setup (Max at Slow Process Corner)
  Requirement:            5.000ns  (ap_clk rise@5.000ns - ap_clk rise@0.000ns)
  Data Path Delay:        7.112ns  (logic 1.124ns (15.804%)  route 5.988ns (84.196%))
  Logic Levels:           13  (CARRY8=8 LUT3=4 LUT5=1)
  Clock Path Skew:        -0.176ns (DCD - SCD + CPR)
    Destination Clock Delay (DCD):    3.204ns = ( 8.204 - 5.000 ) 
    Source Clock Delay      (SCD):    3.740ns
    Clock Pessimism Removal (CPR):    0.360ns
  Clock Uncertainty:      0.035ns  ((TSJ^2 + TIJ^2)^1/2 + DJ) / 2 + PE
    Total System Jitter     (TSJ):    0.071ns
    Total Input Jitter      (TIJ):    0.000ns
    Discrete Jitter          (DJ):    0.000ns
    Phase Error              (PE):    0.000ns
  Inter-SLR Compensation: 0.217ns  ((DCD - CCD) * PF)
    Destination Clock Delay (DCD):    3.204ns
    Common Clock Delay      (CCD):    1.759ns
    Prorating Factor         (PF):    0.150
  Clock Net Delay (Source):      2.864ns (routing 1.243ns, distribution 1.621ns)
  Clock Net Delay (Destination): 2.571ns (routing 1.126ns, distribution 1.445ns)

    Location             Delay type                Incr(ns)  Path(ns)    Netlist Resource(s)
  -------------------------------------------------------------------    -------------------
                         (clock ap_clk rise edge)     0.000     0.000 r  
    AP13                                              0.000     0.000 r  clk (IN)
                         net (fo=0)                   0.000     0.000    clk_IBUF_inst/I
    AP13                 INBUF (Prop_INBUF_HPIOB_M_PAD_O)
                                                      0.534     0.534 r  clk_IBUF_inst/INBUF_INST/O
                         net (fo=1, routed)           0.000     0.534    clk_IBUF_inst/OUT
    AP13                 IBUFCTRL (Prop_IBUFCTRL_HPIOB_M_I_O)
                                                      0.000     0.534 r  clk_IBUF_inst/IBUFCTRL_INST/O
                         net (fo=1, routed)           0.314     0.848    clk_IBUF
    BUFGCE_X0Y170        BUFGCE (Prop_BUFCE_BUFGCE_I_O)
                                                      0.028     0.876 r  clk_IBUF_BUFG_inst/O
    X3Y4 (CLOCK_ROOT)    net (fo=92109, routed)       2.864     3.740    denselayer2/INPUT_SIZE_rows[39].OUTPUT_SIZE_cols[15].sa/CLK
    SLICE_X133Y373       FDRE                                         r  denselayer2/INPUT_SIZE_rows[39].OUTPUT_SIZE_cols[15].sa/data_out_reg[23]/C
  -------------------------------------------------------------------    -------------------
    SLICE_X133Y373       FDRE (Prop_GFF_SLICEM_C_Q)
                                                      0.068     3.808 r  denselayer2/INPUT_SIZE_rows[39].OUTPUT_SIZE_cols[15].sa/data_out_reg[23]/Q
                         net (fo=3, routed)           0.973     4.781    denselayer2/INPUT_SIZE_rows[38].OUTPUT_SIZE_cols[15].sa/genblk2[0].genblk1[1].tree_reg[1][33]_i_562__14_0[1]
    SLICE_X116Y373       LUT3 (Prop_B6LUT_SLICEL_I1_O)
                                                      0.090     4.871 r  denselayer2/INPUT_SIZE_rows[38].OUTPUT_SIZE_cols[15].sa/genblk2[0].genblk1[1].tree[1][31]_i_400__14/O
                         net (fo=1, routed)           0.334     5.205    denselayer2/INPUT_SIZE_rows[33].OUTPUT_SIZE_cols[15].sa/genblk2[0].genblk1[1].tree[1][23]_i_207__14[1]
    SLICE_X116Y374       CARRY8 (Prop_CARRY8_SLICEL_DI[2]_CO[7])
                                                      0.089     5.294 r  denselayer2/INPUT_SIZE_rows[33].OUTPUT_SIZE_cols[15].sa/genblk2[0].genblk1[1].tree_reg[1][31]_i_311__14/CO[7]
                         net (fo=1, routed)           0.023     5.317    denselayer2/INPUT_SIZE_rows[33].OUTPUT_SIZE_cols[15].sa/genblk2[0].genblk1[1].tree_reg[1][31]_i_311__14_n_0
    SLICE_X116Y375       CARRY8 (Prop_CARRY8_SLICEL_CI_O[2])
                                                      0.061     5.378 r  denselayer2/INPUT_SIZE_rows[33].OUTPUT_SIZE_cols[15].sa/genblk2[0].genblk1[1].tree_reg[1][33]_i_580__13/O[2]
                         net (fo=3, routed)           0.585     5.963    denselayer2_n_22855
    SLICE_X110Y357       LUT3 (Prop_D6LUT_SLICEL_I0_O)
                                                      0.081     6.044 r  genblk2[0].genblk1[1].tree[1][31]_i_214__14/O
                         net (fo=1, routed)           0.608     6.652    genblk2[0].genblk1[1].tree[1][31]_i_214__14_n_0
    SLICE_X109Y351       CARRY8 (Prop_CARRY8_SLICEM_DI[3]_CO[7])
                                                      0.090     6.742 r  genblk2[0].genblk1[1].tree_reg[1][31]_i_108__14/CO[7]
                         net (fo=1, routed)           0.023     6.765    genblk2[0].genblk1[1].tree_reg[1][31]_i_108__14_n_0
    SLICE_X109Y352       CARRY8 (Prop_CARRY8_SLICEM_CI_O[0])
                                                      0.050     6.815 r  genblk2[0].genblk1[1].tree_reg[1][33]_i_115__14/O[0]
                         net (fo=3, routed)           0.638     7.453    genblk2[0].genblk1[1].tree_reg[1][33]_i_115__14_n_15
    SLICE_X107Y310       LUT3 (Prop_C6LUT_SLICEM_I0_O)
                                                      0.113     7.566 r  genblk2[0].genblk1[1].tree[1][31]_i_76__14/O
                         net (fo=1, routed)           0.385     7.951    genblk2[0].genblk1[1].tree[1][31]_i_76__14_n_0
    SLICE_X107Y307       CARRY8 (Prop_CARRY8_SLICEM_DI[1]_CO[7])
                                                      0.103     8.054 r  genblk2[0].genblk1[1].tree_reg[1][31]_i_27__14/CO[7]
                         net (fo=1, routed)           0.023     8.077    genblk2[0].genblk1[1].tree_reg[1][31]_i_27__14_n_0
    SLICE_X107Y308       CARRY8 (Prop_CARRY8_SLICEM_CI_O[0])
                                                      0.050     8.127 r  genblk2[0].genblk1[1].tree_reg[1][33]_i_9__14/O[0]
                         net (fo=3, routed)           1.510     9.637    denselayer2/sum_all/col_trees[15].column_tree/genblk2[0].genblk1[1].tree[1][33]_i_4__14_0[0]
    SLR Crossing[1->0]   
    SLICE_X116Y197       LUT3 (Prop_C6LUT_SLICEL_I1_O)
                                                      0.047     9.684 r  denselayer2/sum_all/col_trees[15].column_tree/genblk2[0].genblk1[1].tree[1][31]_i_24__78/O
                         net (fo=3, routed)           0.535    10.219    denselayer2/sum_all/col_trees[15].column_tree/genblk2[0].genblk1[1].tree[1][31]_i_24__78_n_0
    SLICE_X117Y198       LUT5 (Prop_E6LUT_SLICEL_I1_O)
                                                      0.114    10.333 r  denselayer2/sum_all/col_trees[15].column_tree/genblk2[0].genblk1[1].tree[1][31]_i_8__78/O
                         net (fo=1, routed)           0.304    10.637    denselayer2/sum_all/col_trees[15].column_tree/genblk2[0].genblk1[1].tree[1][31]_i_8__78_n_0
    SLICE_X117Y197       CARRY8 (Prop_CARRY8_SLICEL_DI[1]_CO[7])
                                                      0.101    10.738 r  denselayer2/sum_all/col_trees[15].column_tree/genblk2[0].genblk1[1].tree_reg[1][31]_i_1__14/CO[7]
                         net (fo=1, routed)           0.023    10.761    denselayer2/sum_all/col_trees[15].column_tree/genblk2[0].genblk1[1].tree_reg[1][31]_i_1__14_n_0
    SLICE_X117Y198       CARRY8 (Prop_CARRY8_SLICEL_CI_O[1])
                                                      0.067    10.828 r  denselayer2/sum_all/col_trees[15].column_tree/genblk2[0].genblk1[1].tree_reg[1][33]_i_1__14/O[1]
                         net (fo=1, routed)           0.024    10.852    denselayer2/sum_all/col_trees[15].column_tree/p_0_in[33]
    SLICE_X117Y198       FDRE                                         r  denselayer2/sum_all/col_trees[15].column_tree/genblk2[0].genblk1[1].tree_reg[1][33]/D
  -------------------------------------------------------------------    -------------------

                         (clock ap_clk rise edge)     5.000     5.000 r  
    AP13                                              0.000     5.000 r  clk (IN)
                         net (fo=0)                   0.000     5.000    clk_IBUF_inst/I
    AP13                 INBUF (Prop_INBUF_HPIOB_M_PAD_O)
                                                      0.330     5.330 r  clk_IBUF_inst/INBUF_INST/O
                         net (fo=1, routed)           0.000     5.330    clk_IBUF_inst/OUT
    AP13                 IBUFCTRL (Prop_IBUFCTRL_HPIOB_M_I_O)
                                                      0.000     5.330 r  clk_IBUF_inst/IBUFCTRL_INST/O
                         net (fo=1, routed)           0.279     5.609    clk_IBUF
    BUFGCE_X0Y170        BUFGCE (Prop_BUFCE_BUFGCE_I_O)
                                                      0.024     5.633 r  clk_IBUF_BUFG_inst/O
    X3Y4 (CLOCK_ROOT)    net (fo=92109, routed)       2.571     8.204    denselayer2/sum_all/col_trees[15].column_tree/CLK
    SLR Crossing[1->0]   
    SLICE_X117Y198       FDRE                                         r  denselayer2/sum_all/col_trees[15].column_tree/genblk2[0].genblk1[1].tree_reg[1][33]/C
                         clock pessimism              0.360     8.564    
                         inter-SLR compensation      -0.217     8.347    
                         clock uncertainty           -0.035     8.312    
    SLICE_X117Y198       FDRE (Setup_BFF_SLICEL_C_D)
                                                      0.023     8.335    denselayer2/sum_all/col_trees[15].column_tree/genblk2[0].genblk1[1].tree_reg[1][33]
  -------------------------------------------------------------------
                         required time                          8.335    
                         arrival time                         -10.852    
  -------------------------------------------------------------------
                         slack                                 -2.517    





Min Delay Paths
--------------------------------------------------------------------------------------
Slack (MET) :             0.067ns  (arrival time - required time)
  Source:                 denselayer3/ready_buffer_reg[1]/C
                            (rising edge-triggered cell FDCE clocked by ap_clk  {rise@0.000ns fall@2.500ns period=5.000ns})
  Destination:            denselayer3/ready_buffer_reg[0]/D
                            (rising edge-triggered cell FDCE clocked by ap_clk  {rise@0.000ns fall@2.500ns period=5.000ns})
  Path Group:             ap_clk
  Path Type:              Hold (Min at Fast Process Corner)
  Requirement:            0.000ns  (ap_clk rise@0.000ns - ap_clk rise@0.000ns)
  Data Path Delay:        0.119ns  (logic 0.039ns (32.773%)  route 0.080ns (67.227%))
  Logic Levels:           0  
  Clock Path Skew:        0.006ns (DCD - SCD - CPR)
    Destination Clock Delay (DCD):    2.812ns
    Source Clock Delay      (SCD):    2.356ns
    Clock Pessimism Removal (CPR):    0.450ns
  Clock Net Delay (Source):      1.961ns (routing 0.756ns, distribution 1.205ns)
  Clock Net Delay (Destination): 2.192ns (routing 0.845ns, distribution 1.347ns)

    Location             Delay type                Incr(ns)  Path(ns)    Netlist Resource(s)
  -------------------------------------------------------------------    -------------------
                         (clock ap_clk rise edge)     0.000     0.000 r  
    AP13                                              0.000     0.000 r  clk (IN)
                         net (fo=0)                   0.000     0.000    clk_IBUF_inst/I
    AP13                 INBUF (Prop_INBUF_HPIOB_M_PAD_O)
                                                      0.234     0.234 r  clk_IBUF_inst/INBUF_INST/O
                         net (fo=1, routed)           0.000     0.234    clk_IBUF_inst/OUT
    AP13                 IBUFCTRL (Prop_IBUFCTRL_HPIOB_M_I_O)
                                                      0.000     0.234 r  clk_IBUF_inst/IBUFCTRL_INST/O
                         net (fo=1, routed)           0.144     0.378    clk_IBUF
    BUFGCE_X0Y170        BUFGCE (Prop_BUFCE_BUFGCE_I_O)
                                                      0.017     0.395 r  clk_IBUF_BUFG_inst/O
    X3Y4 (CLOCK_ROOT)    net (fo=92109, routed)       1.961     2.356    denselayer3/CLK
    SLICE_X220Y477       FDCE                                         r  denselayer3/ready_buffer_reg[1]/C
  -------------------------------------------------------------------    -------------------
    SLICE_X220Y477       FDCE (Prop_CFF2_SLICEM_C_Q)
                                                      0.039     2.395 r  denselayer3/ready_buffer_reg[1]/Q
                         net (fo=1, routed)           0.080     2.475    denselayer3/ready_buffer[1]
    SLICE_X220Y477       FDCE                                         r  denselayer3/ready_buffer_reg[0]/D
  -------------------------------------------------------------------    -------------------

                         (clock ap_clk rise edge)     0.000     0.000 r  
    AP13                                              0.000     0.000 r  clk (IN)
                         net (fo=0)                   0.000     0.000    clk_IBUF_inst/I
    AP13                 INBUF (Prop_INBUF_HPIOB_M_PAD_O)
                                                      0.420     0.420 r  clk_IBUF_inst/INBUF_INST/O
                         net (fo=1, routed)           0.000     0.420    clk_IBUF_inst/OUT
    AP13                 IBUFCTRL (Prop_IBUFCTRL_HPIOB_M_I_O)
                                                      0.000     0.420 r  clk_IBUF_inst/IBUFCTRL_INST/O
                         net (fo=1, routed)           0.181     0.601    clk_IBUF
    BUFGCE_X0Y170        BUFGCE (Prop_BUFCE_BUFGCE_I_O)
                                                      0.019     0.620 r  clk_IBUF_BUFG_inst/O
    X3Y4 (CLOCK_ROOT)    net (fo=92109, routed)       2.192     2.812    denselayer3/CLK
    SLICE_X220Y477       FDCE                                         r  denselayer3/ready_buffer_reg[0]/C
                         clock pessimism             -0.450     2.362    
    SLICE_X220Y477       FDCE (Hold_CFF_SLICEM_C_D)
                                                      0.046     2.408    denselayer3/ready_buffer_reg[0]
  -------------------------------------------------------------------
                         required time                         -2.408    
                         arrival time                           2.475    
  -------------------------------------------------------------------
                         slack                                  0.067    





Pulse Width Checks
--------------------------------------------------------------------------------------
Clock Name:         ap_clk
Waveform(ns):       { 0.000 2.500 }
Period(ns):         5.000
Sources:            { clk }

Check Type        Corner  Lib Pin   Reference Pin  Required(ns)  Actual(ns)  Slack(ns)  Location        Pin
Min Period        n/a     BUFGCE/I  n/a            1.122         5.000       3.878      BUFGCE_X0Y170   clk_IBUF_BUFG_inst/I
Low Pulse Width   Slow    FDRE/C    n/a            0.275         2.500       2.225      SLICE_X139Y352  denselayer2/INPUT_SIZE_rows[33].OUTPUT_SIZE_cols[29].sa/genblk2[0].genblk1[1].tree[1][31]_i_402__28_psdsp/C
High Pulse Width  Fast    FDRE/C    n/a            0.275         2.500       2.225      SLICE_X139Y352  denselayer2/INPUT_SIZE_rows[33].OUTPUT_SIZE_cols[29].sa/genblk2[0].genblk1[1].tree[1][31]_i_403__28_psdsp/C



