Copyright 1986-2019 Xilinx, Inc. All Rights Reserved.
-----------------------------------------------------------------------------------------
| Tool Version      : Vivado v.2019.1 (lin64) Build 2552052 Fri May 24 14:47:09 MDT 2019
| Date              : Thu Nov  6 07:43:12 2025
| Host              : hvm1 running 64-bit Ubuntu 22.04.5 LTS
| Command           : report_timing_summary -file reports/34_12_SA6_timing.rpt
| Design            : waiz_benchmark
| Device            : xcvu13p-fhga2104
| Speed File        : -3  PRODUCTION 1.23 03-18-2019
| Temperature Grade : E
-----------------------------------------------------------------------------------------

Timing Summary Report

------------------------------------------------------------------------------------------------
| Timer Settings
| --------------
------------------------------------------------------------------------------------------------

  Enable Multi Corner Analysis               :  Yes
  Enable Pessimism Removal                   :  Yes
  Pessimism Removal Resolution               :  Nearest Common Node
  Enable Input Delay Default Clock           :  No
  Enable Preset / Clear Arcs                 :  No
  Disable Flight Delays                      :  No
  Ignore I/O Paths                           :  No
  Timing Early Launch at Borrowing Latches   :  No
  Borrow Time for Max Delay Exceptions       :  Yes

  Corner  Analyze    Analyze    
  Name    Max Paths  Min Paths  
  ------  ---------  ---------  
  Slow    Yes        Yes        
  Fast    Yes        Yes        



check_timing report

Table of Contents
-----------------
1. checking no_clock
2. checking constant_clock
3. checking pulse_width_clock
4. checking unconstrained_internal_endpoints
5. checking no_input_delay
6. checking no_output_delay
7. checking multiple_clock
8. checking generated_clocks
9. checking loops
10. checking partial_input_delay
11. checking partial_output_delay
12. checking latch_loops

1. checking no_clock
--------------------
 There are 0 register/latch pins with no clock.


2. checking constant_clock
--------------------------
 There are 0 register/latch pins with constant_clock.


3. checking pulse_width_clock
-----------------------------
 There are 0 register/latch pins which need pulse_width check


4. checking unconstrained_internal_endpoints
--------------------------------------------
 There are 0 pins that are not constrained for maximum delay.

 There are 0 pins that are not constrained for maximum delay due to constant clock.


5. checking no_input_delay
--------------------------
 There are 546 input ports with no input delay specified. (HIGH)

 There are 0 input ports with no input delay but user has a false path constraint.


6. checking no_output_delay
---------------------------
 There are 161 ports with no output delay specified. (HIGH)

 There are 0 ports with no output delay but user has a false path constraint

 There are 0 ports with no output delay but with a timing clock defined on it or propagating through it


7. checking multiple_clock
--------------------------
 There are 0 register/latch pins with multiple clocks.


8. checking generated_clocks
----------------------------
 There are 0 generated clocks that are not connected to a clock source.


9. checking loops
-----------------
 There are 0 combinational loops in the design.


10. checking partial_input_delay
--------------------------------
 There are 0 input ports with partial input delay specified.


11. checking partial_output_delay
---------------------------------
 There are 0 ports with partial output delay specified.


12. checking latch_loops
------------------------
 There are 0 combinational latch loops in the design through latch input



------------------------------------------------------------------------------------------------
| Design Timing Summary
| ---------------------
------------------------------------------------------------------------------------------------

    WNS(ns)      TNS(ns)  TNS Failing Endpoints  TNS Total Endpoints      WHS(ns)      THS(ns)  THS Failing Endpoints  THS Total Endpoints     WPWS(ns)     TPWS(ns)  TPWS Failing Endpoints  TPWS Total Endpoints  
    -------      -------  ---------------------  -------------------      -------      -------  ---------------------  -------------------     --------     --------  ----------------------  --------------------  
      0.219        0.000                      0               277502        0.017        0.000                      0               277502        2.225        0.000                       0                109359  


All user specified timing constraints are met.


------------------------------------------------------------------------------------------------
| Clock Summary
| -------------
------------------------------------------------------------------------------------------------

Clock   Waveform(ns)         Period(ns)      Frequency(MHz)
-----   ------------         ----------      --------------
ap_clk  {0.000 2.500}        5.000           200.000         


------------------------------------------------------------------------------------------------
| Intra Clock Table
| -----------------
------------------------------------------------------------------------------------------------

Clock             WNS(ns)      TNS(ns)  TNS Failing Endpoints  TNS Total Endpoints      WHS(ns)      THS(ns)  THS Failing Endpoints  THS Total Endpoints     WPWS(ns)     TPWS(ns)  TPWS Failing Endpoints  TPWS Total Endpoints  
-----             -------      -------  ---------------------  -------------------      -------      -------  ---------------------  -------------------     --------     --------  ----------------------  --------------------  
ap_clk              0.219        0.000                      0               277502        0.017        0.000                      0               277502        2.225        0.000                       0                109359  


------------------------------------------------------------------------------------------------
| Inter Clock Table
| -----------------
------------------------------------------------------------------------------------------------

From Clock    To Clock          WNS(ns)      TNS(ns)  TNS Failing Endpoints  TNS Total Endpoints      WHS(ns)      THS(ns)  THS Failing Endpoints  THS Total Endpoints  
----------    --------          -------      -------  ---------------------  -------------------      -------      -------  ---------------------  -------------------  


------------------------------------------------------------------------------------------------
| Other Path Groups Table
| -----------------------
------------------------------------------------------------------------------------------------

Path Group    From Clock    To Clock          WNS(ns)      TNS(ns)  TNS Failing Endpoints  TNS Total Endpoints      WHS(ns)      THS(ns)  THS Failing Endpoints  THS Total Endpoints  
----------    ----------    --------          -------      -------  ---------------------  -------------------      -------      -------  ---------------------  -------------------  


------------------------------------------------------------------------------------------------
| Timing Details
| --------------
------------------------------------------------------------------------------------------------


---------------------------------------------------------------------------------------------------
From Clock:  ap_clk
  To Clock:  ap_clk

Setup :            0  Failing Endpoints,  Worst Slack        0.219ns,  Total Violation        0.000ns
Hold  :            0  Failing Endpoints,  Worst Slack        0.017ns,  Total Violation        0.000ns
PW    :            0  Failing Endpoints,  Worst Slack        2.225ns,  Total Violation        0.000ns
---------------------------------------------------------------------------------------------------


Max Delay Paths
--------------------------------------------------------------------------------------
Slack (MET) :             0.219ns  (required time - arrival time)
  Source:                 denselayer1/FSM_onehot_state_reg[2]_replica_1/C
                            (rising edge-triggered cell FDCE clocked by ap_clk  {rise@0.000ns fall@2.500ns period=5.000ns})
  Destination:            denselayer1/output_data_reg[46][33]_rep__0/CE
                            (rising edge-triggered cell FDCE clocked by ap_clk  {rise@0.000ns fall@2.500ns period=5.000ns})
  Path Group:             ap_clk
  Path Type:              Setup (Max at Slow Process Corner)
  Requirement:            5.000ns  (ap_clk rise@5.000ns - ap_clk rise@0.000ns)
  Data Path Delay:        4.378ns  (logic 0.069ns (1.576%)  route 4.309ns (98.424%))
  Logic Levels:           0  
  Clock Path Skew:        -0.080ns (DCD - SCD + CPR)
    Destination Clock Delay (DCD):    3.559ns = ( 8.559 - 5.000 ) 
    Source Clock Delay      (SCD):    4.023ns
    Clock Pessimism Removal (CPR):    0.383ns
  Clock Uncertainty:      0.035ns  ((TSJ^2 + TIJ^2)^1/2 + DJ) / 2 + PE
    Total System Jitter     (TSJ):    0.071ns
    Total Input Jitter      (TIJ):    0.000ns
    Discrete Jitter          (DJ):    0.000ns
    Phase Error              (PE):    0.000ns
  Inter-SLR Compensation: 0.244ns  ((DCD - CCD) * PF)
    Destination Clock Delay (DCD):    3.559ns
    Common Clock Delay      (CCD):    1.934ns
    Prorating Factor         (PF):    0.150
  Clock Net Delay (Source):      3.207ns (routing 1.502ns, distribution 1.705ns)
  Clock Net Delay (Destination): 2.986ns (routing 1.361ns, distribution 1.625ns)

    Location             Delay type                Incr(ns)  Path(ns)    Netlist Resource(s)
  -------------------------------------------------------------------    -------------------
                         (clock ap_clk rise edge)     0.000     0.000 r  
    AU23                                              0.000     0.000 r  clk (IN)
                         net (fo=0)                   0.000     0.000    clk_IBUF_inst/I
    AU23                 INBUF (Prop_INBUF_HPIOB_M_PAD_O)
                                                      0.474     0.474 r  clk_IBUF_inst/INBUF_INST/O
                         net (fo=1, routed)           0.000     0.474    clk_IBUF_inst/OUT
    AU23                 IBUFCTRL (Prop_IBUFCTRL_HPIOB_M_I_O)
                                                      0.000     0.474 r  clk_IBUF_inst/IBUFCTRL_INST/O
                         net (fo=1, routed)           0.314     0.788    clk_IBUF
    BUFGCE_X0Y98         BUFGCE (Prop_BUFCE_BUFGCE_I_O)
                                                      0.028     0.816 r  clk_IBUF_BUFG_inst/O
    X3Y9 (CLOCK_ROOT)    net (fo=136146, routed)      3.207     4.023    denselayer1/clk_IBUF_BUFG
    SLICE_X118Y457       FDCE                                         r  denselayer1/FSM_onehot_state_reg[2]_replica_1/C
  -------------------------------------------------------------------    -------------------
    SLICE_X118Y457       FDCE (Prop_EFF2_SLICEM_C_Q)
                                                      0.069     4.092 r  denselayer1/FSM_onehot_state_reg[2]_replica_1/Q
                         net (fo=183, routed)         4.309     8.401    denselayer1/output_data_repN_1
    SLR Crossing[1->2]   
    SLICE_X47Y689        FDCE                                         r  denselayer1/output_data_reg[46][33]_rep__0/CE
  -------------------------------------------------------------------    -------------------

                         (clock ap_clk rise edge)     5.000     5.000 r  
    AU23                                              0.000     5.000 r  clk (IN)
                         net (fo=0)                   0.000     5.000    clk_IBUF_inst/I
    AU23                 INBUF (Prop_INBUF_HPIOB_M_PAD_O)
                                                      0.270     5.270 r  clk_IBUF_inst/INBUF_INST/O
                         net (fo=1, routed)           0.000     5.270    clk_IBUF_inst/OUT
    AU23                 IBUFCTRL (Prop_IBUFCTRL_HPIOB_M_I_O)
                                                      0.000     5.270 r  clk_IBUF_inst/IBUFCTRL_INST/O
                         net (fo=1, routed)           0.279     5.549    clk_IBUF
    BUFGCE_X0Y98         BUFGCE (Prop_BUFCE_BUFGCE_I_O)
                                                      0.024     5.573 r  clk_IBUF_BUFG_inst/O
    X3Y9 (CLOCK_ROOT)    net (fo=136146, routed)      2.986     8.559    denselayer1/clk_IBUF_BUFG
    SLR Crossing[1->2]   
    SLICE_X47Y689        FDCE                                         r  denselayer1/output_data_reg[46][33]_rep__0/C
                         clock pessimism              0.383     8.943    
                         inter-SLR compensation      -0.244     8.699    
                         clock uncertainty           -0.035     8.663    
    SLICE_X47Y689        FDCE (Setup_EFF_SLICEL_C_CE)
                                                     -0.044     8.619    denselayer1/output_data_reg[46][33]_rep__0
  -------------------------------------------------------------------
                         required time                          8.619    
                         arrival time                          -8.401    
  -------------------------------------------------------------------
                         slack                                  0.219    





Min Delay Paths
--------------------------------------------------------------------------------------
Slack (MET) :             0.017ns  (arrival time - required time)
  Source:                 denselayer2/INPUT_SIZE_rows[4].OUTPUT_SIZE_cols[28].sa/data_out_reg[51]/C
                            (rising edge-triggered cell FDRE clocked by ap_clk  {rise@0.000ns fall@2.500ns period=5.000ns})
  Destination:            denselayer2/sum_all/col_trees[28].column_tree/genblk2[2].genblk1[17].tree_reg[17][33]/D
                            (rising edge-triggered cell FDRE clocked by ap_clk  {rise@0.000ns fall@2.500ns period=5.000ns})
  Path Group:             ap_clk
  Path Type:              Hold (Min at Fast Process Corner)
  Requirement:            0.000ns  (ap_clk rise@0.000ns - ap_clk rise@0.000ns)
  Data Path Delay:        0.201ns  (logic 0.078ns (38.806%)  route 0.123ns (61.194%))
  Logic Levels:           2  (CARRY8=1 LUT4=1)
  Clock Path Skew:        0.138ns (DCD - SCD - CPR)
    Destination Clock Delay (DCD):    2.873ns
    Source Clock Delay      (SCD):    2.396ns
    Clock Pessimism Removal (CPR):    0.338ns
  Clock Net Delay (Source):      2.061ns (routing 0.913ns, distribution 1.148ns)
  Clock Net Delay (Destination): 2.313ns (routing 1.021ns, distribution 1.292ns)

    Location             Delay type                Incr(ns)  Path(ns)    Netlist Resource(s)
  -------------------------------------------------------------------    -------------------
                         (clock ap_clk rise edge)     0.000     0.000 r  
    AU23                                              0.000     0.000 r  clk (IN)
                         net (fo=0)                   0.000     0.000    clk_IBUF_inst/I
    AU23                 INBUF (Prop_INBUF_HPIOB_M_PAD_O)
                                                      0.174     0.174 r  clk_IBUF_inst/INBUF_INST/O
                         net (fo=1, routed)           0.000     0.174    clk_IBUF_inst/OUT
    AU23                 IBUFCTRL (Prop_IBUFCTRL_HPIOB_M_I_O)
                                                      0.000     0.174 r  clk_IBUF_inst/IBUFCTRL_INST/O
                         net (fo=1, routed)           0.144     0.318    clk_IBUF
    BUFGCE_X0Y98         BUFGCE (Prop_BUFCE_BUFGCE_I_O)
                                                      0.017     0.335 r  clk_IBUF_BUFG_inst/O
    X3Y9 (CLOCK_ROOT)    net (fo=136146, routed)      2.061     2.396    denselayer2/INPUT_SIZE_rows[4].OUTPUT_SIZE_cols[28].sa/clk_IBUF_BUFG
    SLR Crossing[1->2]   
    SLICE_X166Y657       FDRE                                         r  denselayer2/INPUT_SIZE_rows[4].OUTPUT_SIZE_cols[28].sa/data_out_reg[51]/C
  -------------------------------------------------------------------    -------------------
    SLICE_X166Y657       FDRE (Prop_BFF_SLICEM_C_Q)
                                                      0.038     2.434 r  denselayer2/INPUT_SIZE_rows[4].OUTPUT_SIZE_cols[28].sa/data_out_reg[51]/Q
                         net (fo=12, routed)          0.109     2.543    denselayer2/INPUT_SIZE_rows[6].OUTPUT_SIZE_cols[28].sa/mow/internal_operation/Q[7]
    SLICE_X165Y660       LUT4 (Prop_B6LUT_SLICEL_I3_O)
                                                      0.023     2.566 r  denselayer2/INPUT_SIZE_rows[6].OUTPUT_SIZE_cols[28].sa/mow/internal_operation/genblk2[2].genblk1[17].tree[17][33]_i_3__27/O
                         net (fo=1, routed)           0.007     2.573    denselayer2/INPUT_SIZE_rows[6].OUTPUT_SIZE_cols[28].sa/mow/internal_operation/genblk2[2].genblk1[17].tree[17][33]_i_3__27_n_0
    SLICE_X165Y660       CARRY8 (Prop_CARRY8_SLICEL_S[1]_O[1])
                                                      0.017     2.590 r  denselayer2/INPUT_SIZE_rows[6].OUTPUT_SIZE_cols[28].sa/mow/internal_operation/genblk2[2].genblk1[17].tree_reg[17][33]_i_1__27/O[1]
                         net (fo=1, routed)           0.007     2.597    denselayer2/sum_all/col_trees[28].column_tree/genblk2[2].genblk1[17].tree_reg[17][33]_0[33]
    SLICE_X165Y660       FDRE                                         r  denselayer2/sum_all/col_trees[28].column_tree/genblk2[2].genblk1[17].tree_reg[17][33]/D
  -------------------------------------------------------------------    -------------------

                         (clock ap_clk rise edge)     0.000     0.000 r  
    AU23                                              0.000     0.000 r  clk (IN)
                         net (fo=0)                   0.000     0.000    clk_IBUF_inst/I
    AU23                 INBUF (Prop_INBUF_HPIOB_M_PAD_O)
                                                      0.360     0.360 r  clk_IBUF_inst/INBUF_INST/O
                         net (fo=1, routed)           0.000     0.360    clk_IBUF_inst/OUT
    AU23                 IBUFCTRL (Prop_IBUFCTRL_HPIOB_M_I_O)
                                                      0.000     0.360 r  clk_IBUF_inst/IBUFCTRL_INST/O
                         net (fo=1, routed)           0.181     0.541    clk_IBUF
    BUFGCE_X0Y98         BUFGCE (Prop_BUFCE_BUFGCE_I_O)
                                                      0.019     0.560 r  clk_IBUF_BUFG_inst/O
    X3Y9 (CLOCK_ROOT)    net (fo=136146, routed)      2.313     2.873    denselayer2/sum_all/col_trees[28].column_tree/clk_IBUF_BUFG
    SLR Crossing[1->2]   
    SLICE_X165Y660       FDRE                                         r  denselayer2/sum_all/col_trees[28].column_tree/genblk2[2].genblk1[17].tree_reg[17][33]/C
                         clock pessimism             -0.338     2.534    
    SLICE_X165Y660       FDRE (Hold_BFF_SLICEL_C_D)
                                                      0.046     2.580    denselayer2/sum_all/col_trees[28].column_tree/genblk2[2].genblk1[17].tree_reg[17][33]
  -------------------------------------------------------------------
                         required time                         -2.580    
                         arrival time                           2.597    
  -------------------------------------------------------------------
                         slack                                  0.017    





Pulse Width Checks
--------------------------------------------------------------------------------------
Clock Name:         ap_clk
Waveform(ns):       { 0.000 2.500 }
Period(ns):         5.000
Sources:            { clk }

Check Type        Corner  Lib Pin   Reference Pin  Required(ns)  Actual(ns)  Slack(ns)  Location        Pin
Min Period        n/a     BUFGCE/I  n/a            1.122         5.000       3.878      BUFGCE_X0Y98    clk_IBUF_BUFG_inst/I
Low Pulse Width   Slow    FDRE/C    n/a            0.275         2.500       2.225      SLICE_X166Y740  denselayer1/INPUT_SIZE_rows[8].OUTPUT_SIZE_cols[63].sa/data_out_reg[25]/C
High Pulse Width  Slow    FDRE/C    n/a            0.275         2.500       2.225      SLICE_X166Y739  denselayer1/INPUT_SIZE_rows[8].OUTPUT_SIZE_cols[63].sa/data_out_reg[22]/C



