Copyright 1986-2019 Xilinx, Inc. All Rights Reserved.
----------------------------------------------------------------------------------------------------------------------
| Tool Version : Vivado v.2019.1 (lin64) Build 2552052 Fri May 24 14:47:09 MDT 2019
| Date         : Mon Dec  1 02:39:03 2025
| Host         : hvm1 running 64-bit Ubuntu 22.04.5 LTS
| Command      : report_utilization -hierarchical -hierarchical_depth 1 -file ../reports/34_12_Argmax_P1_PO0_hier.rpt
| Design       : waiz_benchmark
| Device       : xcvu13pfhga2104-3
| Design State : Routed
----------------------------------------------------------------------------------------------------------------------

Utilization Design Information

Table of Contents
-----------------
1. Utilization by Hierarchy

1. Utilization by Hierarchy
---------------------------

+--------------------+---------------------------------------+------------+------------+---------+------+--------+--------+--------+------+--------------+
|      Instance      |                 Module                | Total LUTs | Logic LUTs | LUTRAMs | SRLs |   FFs  | RAMB36 | RAMB18 | URAM | DSP48 Blocks |
+--------------------+---------------------------------------+------------+------------+---------+------+--------+--------+--------+------+--------------+
| waiz_benchmark     |                                 (top) |     404530 |     404530 |       0 |    0 | 115570 |      0 |      0 |    0 |            0 |
|   (waiz_benchmark) |                                 (top) |       4397 |       4397 |       0 |    0 |      0 |      0 |      0 |    0 |            0 |
|   denselayer1      |                            denseLayer |     233506 |     233506 |       0 |    0 |  26004 |      0 |      0 |    0 |            0 |
|   denselayer2      |            denseLayer__parameterized0 |     114189 |     114189 |       0 |    0 |  60292 |      0 |      0 |    0 |            0 |
|   denselayer3      |            denseLayer__parameterized1 |      24290 |      24290 |       0 |    0 |  25107 |      0 |      0 |    0 |            0 |
|   denselayer4      |            denseLayer__parameterized2 |       4823 |       4823 |       0 |    0 |   4161 |      0 |      0 |    0 |            0 |
|   relulayer1       |                   reluActivationLayer |      27990 |      27990 |       0 |    0 |      0 |      0 |      0 |    0 |            0 |
|   relulayer2       |   reluActivationLayer__parameterized0 |      13054 |      13054 |       0 |    0 |      0 |      0 |      0 |    0 |            0 |
|   relulayer3       | reluActivationLayer__parameterized0_0 |       8613 |       8613 |       0 |    0 |      0 |      0 |      0 |    0 |            0 |
|   softmax          |                    softmaxArgmaxLayer |          3 |          3 |       0 |    0 |      6 |      0 |      0 |    0 |            0 |
+--------------------+---------------------------------------+------------+------------+---------+------+--------+--------+--------+------+--------------+
* Note: The sum of lower-level cells may be larger than their parent cells total, due to cross-hierarchy LUT combining


