Copyright 1986-2019 Xilinx, Inc. All Rights Reserved.
---------------------------------------------------------------------------------------------------------------------
| Tool Version : Vivado v.2019.1 (lin64) Build 2552052 Fri May 24 14:47:09 MDT 2019
| Date         : Wed Nov 26 02:42:40 2025
| Host         : hvm1 running 64-bit Ubuntu 22.04.5 LTS
| Command      : report_utilization -hierarchical -hierarchical_depth 1 -file ../reports/34_12_Argmax_pipe2_hier.rpt
| Design       : waiz_benchmark
| Device       : xcvu13pfhga2104-3
| Design State : Routed
---------------------------------------------------------------------------------------------------------------------

Utilization Design Information

Table of Contents
-----------------
1. Utilization by Hierarchy

1. Utilization by Hierarchy
---------------------------

+--------------------+---------------------------------------+------------+------------+---------+------+--------+--------+--------+------+--------------+
|      Instance      |                 Module                | Total LUTs | Logic LUTs | LUTRAMs | SRLs |   FFs  | RAMB36 | RAMB18 | URAM | DSP48 Blocks |
+--------------------+---------------------------------------+------------+------------+---------+------+--------+--------+--------+------+--------------+
| waiz_benchmark     |                                 (top) |     453859 |     453856 |       0 |    3 | 108085 |      0 |      0 |    0 |         3610 |
|   (waiz_benchmark) |                                 (top) |       7519 |       7519 |       0 |    0 |      0 |      0 |      0 |    0 |            0 |
|   denselayer1      |                            denseLayer |     248096 |     248096 |       0 |    0 |  20387 |      0 |      0 |    0 |          998 |
|   denselayer2      |            denseLayer__parameterized0 |     138303 |     138302 |       0 |    1 |  57598 |      0 |      0 |    0 |         1414 |
|   denselayer3      |            denseLayer__parameterized1 |      47945 |      47944 |       0 |    1 |  26070 |      0 |      0 |    0 |         1026 |
|   denselayer4      |            denseLayer__parameterized2 |       5498 |       5497 |       0 |    1 |   4024 |      0 |      0 |    0 |          172 |
|   relulayer1       |                   reluActivationLayer |      25113 |      25113 |       0 |    0 |      0 |      0 |      0 |    0 |            0 |
|   relulayer2       |   reluActivationLayer__parameterized0 |      11166 |      11166 |       0 |    0 |      0 |      0 |      0 |    0 |            0 |
|   relulayer3       | reluActivationLayer__parameterized0_0 |       2223 |       2223 |       0 |    0 |      0 |      0 |      0 |    0 |            0 |
|   softmax          |                    softmaxArgmaxLayer |          2 |          2 |       0 |    0 |      6 |      0 |      0 |    0 |            0 |
+--------------------+---------------------------------------+------------+------------+---------+------+--------+--------+--------+------+--------------+
* Note: The sum of lower-level cells may be larger than their parent cells total, due to cross-hierarchy LUT combining


