Copyright 1986-2019 Xilinx, Inc. All Rights Reserved.
-------------------------------------------------------------------------------------------
| Tool Version      : Vivado v.2019.1 (lin64) Build 2552052 Fri May 24 14:47:09 MDT 2019
| Date              : Mon Nov 24 20:44:48 2025
| Host              : hvm1 running 64-bit Ubuntu 22.04.5 LTS
| Command           : report_timing_summary -file reports/34_12_Argmax_varpipes_timing.rpt
| Design            : waiz_benchmark
| Device            : xcvu13p-fhga2104
| Speed File        : -3  PRODUCTION 1.23 03-18-2019
| Temperature Grade : E
-------------------------------------------------------------------------------------------

Timing Summary Report

------------------------------------------------------------------------------------------------
| Timer Settings
| --------------
------------------------------------------------------------------------------------------------

  Enable Multi Corner Analysis               :  Yes
  Enable Pessimism Removal                   :  Yes
  Pessimism Removal Resolution               :  Nearest Common Node
  Enable Input Delay Default Clock           :  No
  Enable Preset / Clear Arcs                 :  No
  Disable Flight Delays                      :  No
  Ignore I/O Paths                           :  No
  Timing Early Launch at Borrowing Latches   :  No
  Borrow Time for Max Delay Exceptions       :  Yes

  Corner  Analyze    Analyze    
  Name    Max Paths  Min Paths  
  ------  ---------  ---------  
  Slow    Yes        Yes        
  Fast    Yes        Yes        



check_timing report

Table of Contents
-----------------
1. checking no_clock
2. checking constant_clock
3. checking pulse_width_clock
4. checking unconstrained_internal_endpoints
5. checking no_input_delay
6. checking no_output_delay
7. checking multiple_clock
8. checking generated_clocks
9. checking loops
10. checking partial_input_delay
11. checking partial_output_delay
12. checking latch_loops

1. checking no_clock
--------------------
 There are 0 register/latch pins with no clock.


2. checking constant_clock
--------------------------
 There are 0 register/latch pins with constant_clock.


3. checking pulse_width_clock
-----------------------------
 There are 0 register/latch pins which need pulse_width check


4. checking unconstrained_internal_endpoints
--------------------------------------------
 There are 0 pins that are not constrained for maximum delay.

 There are 0 pins that are not constrained for maximum delay due to constant clock.


5. checking no_input_delay
--------------------------
 There are 546 input ports with no input delay specified. (HIGH)

 There are 0 input ports with no input delay but user has a false path constraint.


6. checking no_output_delay
---------------------------
 There are 6 ports with no output delay specified. (HIGH)

 There are 0 ports with no output delay but user has a false path constraint

 There are 0 ports with no output delay but with a timing clock defined on it or propagating through it


7. checking multiple_clock
--------------------------
 There are 0 register/latch pins with multiple clocks.


8. checking generated_clocks
----------------------------
 There are 0 generated clocks that are not connected to a clock source.


9. checking loops
-----------------
 There are 0 combinational loops in the design.


10. checking partial_input_delay
--------------------------------
 There are 0 input ports with partial input delay specified.


11. checking partial_output_delay
---------------------------------
 There are 0 ports with partial output delay specified.


12. checking latch_loops
------------------------
 There are 0 combinational latch loops in the design through latch input



------------------------------------------------------------------------------------------------
| Design Timing Summary
| ---------------------
------------------------------------------------------------------------------------------------

    WNS(ns)      TNS(ns)  TNS Failing Endpoints  TNS Total Endpoints      WHS(ns)      THS(ns)  THS Failing Endpoints  THS Total Endpoints     WPWS(ns)     TPWS(ns)  TPWS Failing Endpoints  TPWS Total Endpoints  
    -------      -------  ---------------------  -------------------      -------      -------  ---------------------  -------------------     --------     --------  ----------------------  --------------------  
      0.198        0.000                      0               242398        0.016        0.000                      0               242398        2.032        0.000                       0                125375  


All user specified timing constraints are met.


------------------------------------------------------------------------------------------------
| Clock Summary
| -------------
------------------------------------------------------------------------------------------------

Clock   Waveform(ns)         Period(ns)      Frequency(MHz)
-----   ------------         ----------      --------------
ap_clk  {0.000 2.500}        5.000           200.000         


------------------------------------------------------------------------------------------------
| Intra Clock Table
| -----------------
------------------------------------------------------------------------------------------------

Clock             WNS(ns)      TNS(ns)  TNS Failing Endpoints  TNS Total Endpoints      WHS(ns)      THS(ns)  THS Failing Endpoints  THS Total Endpoints     WPWS(ns)     TPWS(ns)  TPWS Failing Endpoints  TPWS Total Endpoints  
-----             -------      -------  ---------------------  -------------------      -------      -------  ---------------------  -------------------     --------     --------  ----------------------  --------------------  
ap_clk              0.198        0.000                      0               242398        0.016        0.000                      0               242398        2.032        0.000                       0                125375  


------------------------------------------------------------------------------------------------
| Inter Clock Table
| -----------------
------------------------------------------------------------------------------------------------

From Clock    To Clock          WNS(ns)      TNS(ns)  TNS Failing Endpoints  TNS Total Endpoints      WHS(ns)      THS(ns)  THS Failing Endpoints  THS Total Endpoints  
----------    --------          -------      -------  ---------------------  -------------------      -------      -------  ---------------------  -------------------  


------------------------------------------------------------------------------------------------
| Other Path Groups Table
| -----------------------
------------------------------------------------------------------------------------------------

Path Group    From Clock    To Clock          WNS(ns)      TNS(ns)  TNS Failing Endpoints  TNS Total Endpoints      WHS(ns)      THS(ns)  THS Failing Endpoints  THS Total Endpoints  
----------    ----------    --------          -------      -------  ---------------------  -------------------      -------      -------  ---------------------  -------------------  


------------------------------------------------------------------------------------------------
| Timing Details
| --------------
------------------------------------------------------------------------------------------------


---------------------------------------------------------------------------------------------------
From Clock:  ap_clk
  To Clock:  ap_clk

Setup :            0  Failing Endpoints,  Worst Slack        0.198ns,  Total Violation        0.000ns
Hold  :            0  Failing Endpoints,  Worst Slack        0.016ns,  Total Violation        0.000ns
PW    :            0  Failing Endpoints,  Worst Slack        2.032ns,  Total Violation        0.000ns
---------------------------------------------------------------------------------------------------


Max Delay Paths
--------------------------------------------------------------------------------------
Slack (MET) :             0.198ns  (required time - arrival time)
  Source:                 denselayer1/sum_all/col_trees[15].column_tree/genblk2[0].genblk1[1].tree_reg[1][5]/C
                            (rising edge-triggered cell FDRE clocked by ap_clk  {rise@0.000ns fall@2.500ns period=5.000ns})
  Destination:            denselayer1/output_data_reg[15][33]_rep__0/D
                            (rising edge-triggered cell FDRE clocked by ap_clk  {rise@0.000ns fall@2.500ns period=5.000ns})
  Path Group:             ap_clk
  Path Type:              Setup (Max at Slow Process Corner)
  Requirement:            5.000ns  (ap_clk rise@5.000ns - ap_clk rise@0.000ns)
  Data Path Delay:        4.234ns  (logic 0.415ns (9.802%)  route 3.819ns (90.198%))
  Logic Levels:           6  (CARRY8=5 LUT1=1)
  Clock Path Skew:        -0.355ns (DCD - SCD + CPR)
    Destination Clock Delay (DCD):    3.094ns = ( 8.094 - 5.000 ) 
    Source Clock Delay      (SCD):    3.809ns
    Clock Pessimism Removal (CPR):    0.360ns
  Clock Uncertainty:      0.035ns  ((TSJ^2 + TIJ^2)^1/2 + DJ) / 2 + PE
    Total System Jitter     (TSJ):    0.071ns
    Total Input Jitter      (TIJ):    0.000ns
    Discrete Jitter          (DJ):    0.000ns
    Phase Error              (PE):    0.000ns
  Inter-SLR Compensation: 0.200ns  ((DCD - CCD) * PF)
    Destination Clock Delay (DCD):    3.094ns
    Common Clock Delay      (CCD):    1.759ns
    Prorating Factor         (PF):    0.150
  Clock Net Delay (Source):      2.933ns (routing 1.243ns, distribution 1.690ns)
  Clock Net Delay (Destination): 2.461ns (routing 1.126ns, distribution 1.335ns)

    Location             Delay type                Incr(ns)  Path(ns)    Netlist Resource(s)
  -------------------------------------------------------------------    -------------------
                         (clock ap_clk rise edge)     0.000     0.000 r  
    AP13                                              0.000     0.000 r  clk (IN)
                         net (fo=0)                   0.000     0.000    clk_IBUF_inst/I
    AP13                 INBUF (Prop_INBUF_HPIOB_M_PAD_O)
                                                      0.534     0.534 r  clk_IBUF_inst/INBUF_INST/O
                         net (fo=1, routed)           0.000     0.534    clk_IBUF_inst/OUT
    AP13                 IBUFCTRL (Prop_IBUFCTRL_HPIOB_M_I_O)
                                                      0.000     0.534 r  clk_IBUF_inst/IBUFCTRL_INST/O
                         net (fo=1, routed)           0.314     0.848    clk_IBUF
    BUFGCE_X0Y170        BUFGCE (Prop_BUFCE_BUFGCE_I_O)
                                                      0.028     0.876 r  clk_IBUF_BUFG_inst/O
    X3Y4 (CLOCK_ROOT)    net (fo=145229, routed)      2.933     3.809    denselayer1/sum_all/col_trees[15].column_tree/clk_IBUF_BUFG
    SLICE_X160Y337       FDRE                                         r  denselayer1/sum_all/col_trees[15].column_tree/genblk2[0].genblk1[1].tree_reg[1][5]/C
  -------------------------------------------------------------------    -------------------
    SLICE_X160Y337       FDRE (Prop_FFF_SLICEL_C_Q)
                                                      0.070     3.879 f  denselayer1/sum_all/col_trees[15].column_tree/genblk2[0].genblk1[1].tree_reg[1][5]/Q
                         net (fo=2, routed)           3.456     7.335    denselayer1/accumulator[15]_303[5]
    SLR Crossing[1->0]   
    SLICE_X116Y142       LUT1 (Prop_E6LUT_SLICEL_I0_O)
                                                      0.114     7.449 r  denselayer1/output_data[15][8]_i_5/O
                         net (fo=1, routed)           0.010     7.459    denselayer1/output_data[15][8]_i_5_n_0
    SLICE_X116Y142       CARRY8 (Prop_CARRY8_SLICEL_S[4]_CO[7])
                                                      0.133     7.592 r  denselayer1/output_data_reg[15][8]_i_1/CO[7]
                         net (fo=1, routed)           0.023     7.615    denselayer1/output_data_reg[15][8]_i_1_n_0
    SLICE_X116Y143       CARRY8 (Prop_CARRY8_SLICEL_CI_CO[7])
                                                      0.012     7.627 r  denselayer1/output_data_reg[15][16]_i_1/CO[7]
                         net (fo=1, routed)           0.023     7.650    denselayer1/output_data_reg[15][16]_i_1_n_0
    SLICE_X116Y144       CARRY8 (Prop_CARRY8_SLICEL_CI_CO[7])
                                                      0.012     7.662 r  denselayer1/output_data_reg[15][24]_i_1/CO[7]
                         net (fo=1, routed)           0.023     7.685    denselayer1/output_data_reg[15][24]_i_1_n_0
    SLICE_X116Y145       CARRY8 (Prop_CARRY8_SLICEL_CI_CO[7])
                                                      0.012     7.697 r  denselayer1/output_data_reg[15][32]_i_1/CO[7]
                         net (fo=1, routed)           0.023     7.720    denselayer1/output_data_reg[15][32]_i_1_n_0
    SLICE_X116Y146       CARRY8 (Prop_CARRY8_SLICEL_CI_O[0])
                                                      0.062     7.782 r  denselayer1/output_data_reg[15][33]_i_1/O[0]
                         net (fo=4, routed)           0.261     8.043    denselayer1/result[15]_56[33]
    SLICE_X115Y144       FDRE                                         r  denselayer1/output_data_reg[15][33]_rep__0/D
  -------------------------------------------------------------------    -------------------

                         (clock ap_clk rise edge)     5.000     5.000 r  
    AP13                                              0.000     5.000 r  clk (IN)
                         net (fo=0)                   0.000     5.000    clk_IBUF_inst/I
    AP13                 INBUF (Prop_INBUF_HPIOB_M_PAD_O)
                                                      0.330     5.330 r  clk_IBUF_inst/INBUF_INST/O
                         net (fo=1, routed)           0.000     5.330    clk_IBUF_inst/OUT
    AP13                 IBUFCTRL (Prop_IBUFCTRL_HPIOB_M_I_O)
                                                      0.000     5.330 r  clk_IBUF_inst/IBUFCTRL_INST/O
                         net (fo=1, routed)           0.279     5.609    clk_IBUF
    BUFGCE_X0Y170        BUFGCE (Prop_BUFCE_BUFGCE_I_O)
                                                      0.024     5.633 r  clk_IBUF_BUFG_inst/O
    X3Y4 (CLOCK_ROOT)    net (fo=145229, routed)      2.461     8.094    denselayer1/clk_IBUF_BUFG
    SLR Crossing[1->0]   
    SLICE_X115Y144       FDRE                                         r  denselayer1/output_data_reg[15][33]_rep__0/C
                         clock pessimism              0.360     8.454    
                         inter-SLR compensation      -0.200     8.253    
                         clock uncertainty           -0.035     8.218    
    SLICE_X115Y144       FDRE (Setup_EFF_SLICEM_C_D)
                                                      0.023     8.241    denselayer1/output_data_reg[15][33]_rep__0
  -------------------------------------------------------------------
                         required time                          8.241    
                         arrival time                          -8.043    
  -------------------------------------------------------------------
                         slack                                  0.198    





Min Delay Paths
--------------------------------------------------------------------------------------
Slack (MET) :             0.016ns  (arrival time - required time)
  Source:                 denselayer1/INPUT_SIZE_rows[3].OUTPUT_SIZE_cols[31].sa/data_out_reg[27]/C
                            (rising edge-triggered cell FDRE clocked by ap_clk  {rise@0.000ns fall@2.500ns period=5.000ns})
  Destination:            denselayer1/sum_all/col_trees[31].column_tree/genblk2[1].genblk1[4].tree_reg[4][6]/D
                            (rising edge-triggered cell FDRE clocked by ap_clk  {rise@0.000ns fall@2.500ns period=5.000ns})
  Path Group:             ap_clk
  Path Type:              Hold (Min at Fast Process Corner)
  Requirement:            0.000ns  (ap_clk rise@0.000ns - ap_clk rise@0.000ns)
  Data Path Delay:        0.189ns  (logic 0.078ns (41.270%)  route 0.111ns (58.730%))
  Logic Levels:           2  (CARRY8=1 LUT6=1)
  Clock Path Skew:        0.127ns (DCD - SCD - CPR)
    Destination Clock Delay (DCD):    2.570ns
    Source Clock Delay      (SCD):    2.123ns
    Clock Pessimism Removal (CPR):    0.320ns
  Clock Net Delay (Source):      1.728ns (routing 0.756ns, distribution 0.972ns)
  Clock Net Delay (Destination): 1.950ns (routing 0.845ns, distribution 1.105ns)

    Location             Delay type                Incr(ns)  Path(ns)    Netlist Resource(s)
  -------------------------------------------------------------------    -------------------
                         (clock ap_clk rise edge)     0.000     0.000 r  
    AP13                                              0.000     0.000 r  clk (IN)
                         net (fo=0)                   0.000     0.000    clk_IBUF_inst/I
    AP13                 INBUF (Prop_INBUF_HPIOB_M_PAD_O)
                                                      0.234     0.234 r  clk_IBUF_inst/INBUF_INST/O
                         net (fo=1, routed)           0.000     0.234    clk_IBUF_inst/OUT
    AP13                 IBUFCTRL (Prop_IBUFCTRL_HPIOB_M_I_O)
                                                      0.000     0.234 r  clk_IBUF_inst/IBUFCTRL_INST/O
                         net (fo=1, routed)           0.144     0.378    clk_IBUF
    BUFGCE_X0Y170        BUFGCE (Prop_BUFCE_BUFGCE_I_O)
                                                      0.017     0.395 r  clk_IBUF_BUFG_inst/O
    X3Y4 (CLOCK_ROOT)    net (fo=145229, routed)      1.728     2.123    denselayer1/INPUT_SIZE_rows[3].OUTPUT_SIZE_cols[31].sa/clk_IBUF_BUFG
    SLICE_X122Y355       FDRE                                         r  denselayer1/INPUT_SIZE_rows[3].OUTPUT_SIZE_cols[31].sa/data_out_reg[27]/C
  -------------------------------------------------------------------    -------------------
    SLICE_X122Y355       FDRE (Prop_AFF_SLICEM_C_Q)
                                                      0.038     2.161 r  denselayer1/INPUT_SIZE_rows[3].OUTPUT_SIZE_cols[31].sa/data_out_reg[27]/Q
                         net (fo=3, routed)           0.092     2.253    denselayer1/INPUT_SIZE_rows[3].OUTPUT_SIZE_cols[31].sa/p_799_out[27]
    SLICE_X122Y361       LUT6 (Prop_G6LUT_SLICEM_I5_O)
                                                      0.022     2.275 r  denselayer1/INPUT_SIZE_rows[3].OUTPUT_SIZE_cols[31].sa/col_trees[31].column_tree/genblk2[1].genblk1[4].tree[4][7]_i_10/O
                         net (fo=1, routed)           0.012     2.287    denselayer1/INPUT_SIZE_rows[3].OUTPUT_SIZE_cols[31].sa/col_trees[31].column_tree/genblk2[1].genblk1[4].tree[4][7]_i_10_n_0
    SLICE_X122Y361       CARRY8 (Prop_CARRY8_SLICEM_S[6]_O[6])
                                                      0.018     2.305 r  denselayer1/INPUT_SIZE_rows[3].OUTPUT_SIZE_cols[31].sa/col_trees[31].column_tree/genblk2[1].genblk1[4].tree_reg[4][7]_i_1/O[6]
                         net (fo=1, routed)           0.007     2.312    denselayer1/sum_all/col_trees[31].column_tree/genblk2[1].genblk1[4].tree_reg[4][33]_0[6]
    SLICE_X122Y361       FDRE                                         r  denselayer1/sum_all/col_trees[31].column_tree/genblk2[1].genblk1[4].tree_reg[4][6]/D
  -------------------------------------------------------------------    -------------------

                         (clock ap_clk rise edge)     0.000     0.000 r  
    AP13                                              0.000     0.000 r  clk (IN)
                         net (fo=0)                   0.000     0.000    clk_IBUF_inst/I
    AP13                 INBUF (Prop_INBUF_HPIOB_M_PAD_O)
                                                      0.420     0.420 r  clk_IBUF_inst/INBUF_INST/O
                         net (fo=1, routed)           0.000     0.420    clk_IBUF_inst/OUT
    AP13                 IBUFCTRL (Prop_IBUFCTRL_HPIOB_M_I_O)
                                                      0.000     0.420 r  clk_IBUF_inst/IBUFCTRL_INST/O
                         net (fo=1, routed)           0.181     0.601    clk_IBUF
    BUFGCE_X0Y170        BUFGCE (Prop_BUFCE_BUFGCE_I_O)
                                                      0.019     0.620 r  clk_IBUF_BUFG_inst/O
    X3Y4 (CLOCK_ROOT)    net (fo=145229, routed)      1.950     2.570    denselayer1/sum_all/col_trees[31].column_tree/clk_IBUF_BUFG
    SLICE_X122Y361       FDRE                                         r  denselayer1/sum_all/col_trees[31].column_tree/genblk2[1].genblk1[4].tree_reg[4][6]/C
                         clock pessimism             -0.320     2.250    
    SLICE_X122Y361       FDRE (Hold_GFF_SLICEM_C_D)
                                                      0.046     2.296    denselayer1/sum_all/col_trees[31].column_tree/genblk2[1].genblk1[4].tree_reg[4][6]
  -------------------------------------------------------------------
                         required time                         -2.296    
                         arrival time                           2.312    
  -------------------------------------------------------------------
                         slack                                  0.016    





Pulse Width Checks
--------------------------------------------------------------------------------------
Clock Name:         ap_clk
Waveform(ns):       { 0.000 2.500 }
Period(ns):         5.000
Sources:            { clk }

Check Type        Corner  Lib Pin     Reference Pin  Required(ns)  Actual(ns)  Slack(ns)  Location        Pin
Min Period        n/a     BUFGCE/I    n/a            1.122         5.000       3.878      BUFGCE_X0Y170   clk_IBUF_BUFG_inst/I
Low Pulse Width   Slow    SRL16E/CLK  n/a            0.468         2.500       2.032      SLICE_X126Y233  denselayer3/ready_buffer_reg[3]_srl4_denselayer2_ready_buffer_reg_c_1/CLK
High Pulse Width  Fast    SRL16E/CLK  n/a            0.468         2.500       2.032      SLICE_X126Y233  denselayer3/ready_buffer_reg[3]_srl4_denselayer2_ready_buffer_reg_c_1/CLK



