Copyright 1986-2019 Xilinx, Inc. All Rights Reserved.
-------------------------------------------------------------------------------------------
| Tool Version      : Vivado v.2019.1 (lin64) Build 2552052 Fri May 24 14:47:09 MDT 2019
| Date              : Wed Nov 26 06:15:18 2025
| Host              : hvm1 running 64-bit Ubuntu 22.04.5 LTS
| Command           : report_timing_summary -file ../reports/37_13_Argmax_pipe2_timing.rpt
| Design            : waiz_benchmark
| Device            : xcvu13p-fhga2104
| Speed File        : -3  PRODUCTION 1.23 03-18-2019
| Temperature Grade : E
-------------------------------------------------------------------------------------------

Timing Summary Report

------------------------------------------------------------------------------------------------
| Timer Settings
| --------------
------------------------------------------------------------------------------------------------

  Enable Multi Corner Analysis               :  Yes
  Enable Pessimism Removal                   :  Yes
  Pessimism Removal Resolution               :  Nearest Common Node
  Enable Input Delay Default Clock           :  No
  Enable Preset / Clear Arcs                 :  No
  Disable Flight Delays                      :  No
  Ignore I/O Paths                           :  No
  Timing Early Launch at Borrowing Latches   :  No
  Borrow Time for Max Delay Exceptions       :  Yes

  Corner  Analyze    Analyze    
  Name    Max Paths  Min Paths  
  ------  ---------  ---------  
  Slow    Yes        Yes        
  Fast    Yes        Yes        



check_timing report

Table of Contents
-----------------
1. checking no_clock
2. checking constant_clock
3. checking pulse_width_clock
4. checking unconstrained_internal_endpoints
5. checking no_input_delay
6. checking no_output_delay
7. checking multiple_clock
8. checking generated_clocks
9. checking loops
10. checking partial_input_delay
11. checking partial_output_delay
12. checking latch_loops

1. checking no_clock
--------------------
 There are 0 register/latch pins with no clock.


2. checking constant_clock
--------------------------
 There are 0 register/latch pins with constant_clock.


3. checking pulse_width_clock
-----------------------------
 There are 0 register/latch pins which need pulse_width check


4. checking unconstrained_internal_endpoints
--------------------------------------------
 There are 0 pins that are not constrained for maximum delay.

 There are 0 pins that are not constrained for maximum delay due to constant clock.


5. checking no_input_delay
--------------------------
 There are 594 input ports with no input delay specified. (HIGH)

 There are 0 input ports with no input delay but user has a false path constraint.


6. checking no_output_delay
---------------------------
 There are 6 ports with no output delay specified. (HIGH)

 There are 0 ports with no output delay but user has a false path constraint

 There are 0 ports with no output delay but with a timing clock defined on it or propagating through it


7. checking multiple_clock
--------------------------
 There are 0 register/latch pins with multiple clocks.


8. checking generated_clocks
----------------------------
 There are 0 generated clocks that are not connected to a clock source.


9. checking loops
-----------------
 There are 0 combinational loops in the design.


10. checking partial_input_delay
--------------------------------
 There are 0 input ports with partial input delay specified.


11. checking partial_output_delay
---------------------------------
 There are 0 ports with partial output delay specified.


12. checking latch_loops
------------------------
 There are 0 combinational latch loops in the design through latch input



------------------------------------------------------------------------------------------------
| Design Timing Summary
| ---------------------
------------------------------------------------------------------------------------------------

    WNS(ns)      TNS(ns)  TNS Failing Endpoints  TNS Total Endpoints      WHS(ns)      THS(ns)  THS Failing Endpoints  THS Total Endpoints     WPWS(ns)     TPWS(ns)  TPWS Failing Endpoints  TPWS Total Endpoints  
    -------      -------  ---------------------  -------------------      -------      -------  ---------------------  -------------------     --------     --------  ----------------------  --------------------  
     -0.375     -489.470                   3273               288908        0.019        0.000                      0               288908        2.032        0.000                       0                163031  


Timing constraints are not met.


------------------------------------------------------------------------------------------------
| Clock Summary
| -------------
------------------------------------------------------------------------------------------------

Clock   Waveform(ns)         Period(ns)      Frequency(MHz)
-----   ------------         ----------      --------------
ap_clk  {0.000 2.500}        5.000           200.000         


------------------------------------------------------------------------------------------------
| Intra Clock Table
| -----------------
------------------------------------------------------------------------------------------------

Clock             WNS(ns)      TNS(ns)  TNS Failing Endpoints  TNS Total Endpoints      WHS(ns)      THS(ns)  THS Failing Endpoints  THS Total Endpoints     WPWS(ns)     TPWS(ns)  TPWS Failing Endpoints  TPWS Total Endpoints  
-----             -------      -------  ---------------------  -------------------      -------      -------  ---------------------  -------------------     --------     --------  ----------------------  --------------------  
ap_clk             -0.375     -489.470                   3273               288908        0.019        0.000                      0               288908        2.032        0.000                       0                163031  


------------------------------------------------------------------------------------------------
| Inter Clock Table
| -----------------
------------------------------------------------------------------------------------------------

From Clock    To Clock          WNS(ns)      TNS(ns)  TNS Failing Endpoints  TNS Total Endpoints      WHS(ns)      THS(ns)  THS Failing Endpoints  THS Total Endpoints  
----------    --------          -------      -------  ---------------------  -------------------      -------      -------  ---------------------  -------------------  


------------------------------------------------------------------------------------------------
| Other Path Groups Table
| -----------------------
------------------------------------------------------------------------------------------------

Path Group    From Clock    To Clock          WNS(ns)      TNS(ns)  TNS Failing Endpoints  TNS Total Endpoints      WHS(ns)      THS(ns)  THS Failing Endpoints  THS Total Endpoints  
----------    ----------    --------          -------      -------  ---------------------  -------------------      -------      -------  ---------------------  -------------------  


------------------------------------------------------------------------------------------------
| Timing Details
| --------------
------------------------------------------------------------------------------------------------


---------------------------------------------------------------------------------------------------
From Clock:  ap_clk
  To Clock:  ap_clk

Setup :         3273  Failing Endpoints,  Worst Slack       -0.375ns,  Total Violation     -489.470ns
Hold  :            0  Failing Endpoints,  Worst Slack        0.019ns,  Total Violation        0.000ns
PW    :            0  Failing Endpoints,  Worst Slack        2.032ns,  Total Violation        0.000ns
---------------------------------------------------------------------------------------------------


Max Delay Paths
--------------------------------------------------------------------------------------
Slack (VIOLATED) :        -0.375ns  (required time - arrival time)
  Source:                 denselayer2/sum_all/col_trees[2].column_tree/genblk2[2].genblk1[23].tree_reg[23][3]/C
                            (rising edge-triggered cell FDRE clocked by ap_clk  {rise@0.000ns fall@2.500ns period=5.000ns})
  Destination:            denselayer2/sum_all/col_trees[2].column_tree/genblk2[0].genblk1[1].tree_reg[1][35]/D
                            (rising edge-triggered cell FDRE clocked by ap_clk  {rise@0.000ns fall@2.500ns period=5.000ns})
  Path Group:             ap_clk
  Path Type:              Setup (Max at Slow Process Corner)
  Requirement:            5.000ns  (ap_clk rise@5.000ns - ap_clk rise@0.000ns)
  Data Path Delay:        4.870ns  (logic 0.835ns (17.146%)  route 4.035ns (82.854%))
  Logic Levels:           9  (CARRY8=6 LUT3=1 LUT4=1 LUT5=1)
  Clock Path Skew:        -0.263ns (DCD - SCD + CPR)
    Destination Clock Delay (DCD):    3.343ns = ( 8.343 - 5.000 ) 
    Source Clock Delay      (SCD):    3.964ns
    Clock Pessimism Removal (CPR):    0.358ns
  Clock Uncertainty:      0.035ns  ((TSJ^2 + TIJ^2)^1/2 + DJ) / 2 + PE
    Total System Jitter     (TSJ):    0.071ns
    Total Input Jitter      (TIJ):    0.000ns
    Discrete Jitter          (DJ):    0.000ns
    Phase Error              (PE):    0.000ns
  Inter-SLR Compensation: 0.229ns  ((DCD - CCD) * PF)
    Destination Clock Delay (DCD):    3.343ns
    Common Clock Delay      (CCD):    1.814ns
    Prorating Factor         (PF):    0.150
  Clock Net Delay (Source):      3.008ns (routing 1.128ns, distribution 1.880ns)
  Clock Net Delay (Destination): 2.632ns (routing 1.023ns, distribution 1.609ns)

    Location             Delay type                Incr(ns)  Path(ns)    Netlist Resource(s)
  -------------------------------------------------------------------    -------------------
                         (clock ap_clk rise edge)     0.000     0.000 r  
    BC10                                              0.000     0.000 r  clk (IN)
                         net (fo=0)                   0.000     0.000    clk_IBUF_inst/I
    BC10                 INBUF (Prop_INBUF_HPIOB_M_PAD_O)
                                                      0.593     0.593 r  clk_IBUF_inst/INBUF_INST/O
                         net (fo=1, routed)           0.000     0.593    clk_IBUF_inst/OUT
    BC10                 IBUFCTRL (Prop_IBUFCTRL_HPIOB_M_I_O)
                                                      0.000     0.593 r  clk_IBUF_inst/IBUFCTRL_INST/O
                         net (fo=1, routed)           0.335     0.928    clk_IBUF
    BUFGCE_X0Y146        BUFGCE (Prop_BUFCE_BUFGCE_I_O)
                                                      0.028     0.956 r  clk_IBUF_BUFG_inst/O
    X3Y9 (CLOCK_ROOT)    net (fo=184281, routed)      3.008     3.964    denselayer2/sum_all/col_trees[2].column_tree/clk_IBUF_BUFG
    SLR Crossing[1->2]   
    SLICE_X159Y677       FDRE                                         r  denselayer2/sum_all/col_trees[2].column_tree/genblk2[2].genblk1[23].tree_reg[23][3]/C
  -------------------------------------------------------------------    -------------------
    SLICE_X159Y677       FDRE (Prop_DFF_SLICEL_C_Q)
                                                      0.070     4.034 r  denselayer2/sum_all/col_trees[2].column_tree/genblk2[2].genblk1[23].tree_reg[23][3]/Q
                         net (fo=2, routed)           1.230     5.264    denselayer2/sum_all/col_trees[2].column_tree/genblk2[2].genblk1[23].tree_reg[23]_84[3]
    SLR Crossing[2->3]   
    SLICE_X149Y738       LUT3 (Prop_D5LUT_SLICEM_I1_O)
                                                      0.119     5.383 r  denselayer2/sum_all/col_trees[2].column_tree/genblk2[0].genblk1[1].tree[1][7]_i_26__1/O
                         net (fo=2, routed)           0.271     5.654    denselayer2/sum_all/col_trees[2].column_tree/genblk2[0].genblk1[1].tree[1][7]_i_26__1_n_0
    SLICE_X149Y738       LUT4 (Prop_E6LUT_SLICEM_I3_O)
                                                      0.135     5.789 r  denselayer2/sum_all/col_trees[2].column_tree/genblk2[0].genblk1[1].tree[1][7]_i_33__1/O
                         net (fo=1, routed)           0.017     5.806    denselayer2/sum_all/col_trees[2].column_tree/genblk2[0].genblk1[1].tree[1][7]_i_33__1_n_0
    SLICE_X149Y738       CARRY8 (Prop_CARRY8_SLICEM_S[4]_CO[7])
                                                      0.134     5.940 r  denselayer2/sum_all/col_trees[2].column_tree/genblk2[0].genblk1[1].tree_reg[1][7]_i_9__1/CO[7]
                         net (fo=1, routed)           0.023     5.963    denselayer2/sum_all/col_trees[2].column_tree/genblk2[0].genblk1[1].tree_reg[1][7]_i_9__1_n_0
    SLICE_X149Y739       CARRY8 (Prop_CARRY8_SLICEM_CI_O[2])
                                                      0.061     6.024 r  denselayer2/sum_all/col_trees[2].column_tree/genblk2[0].genblk1[1].tree_reg[1][23]_i_28__1/O[2]
                         net (fo=2, routed)           1.830     7.854    denselayer2/sum_all/col_trees[2].column_tree/genblk2[0].genblk1[1].tree_reg[1][23]_i_28__1_n_13
    SLR Crossing[3->2]   
    SLICE_X124Y648       LUT5 (Prop_D6LUT_SLICEM_I0_O)
                                                      0.133     7.987 r  denselayer2/sum_all/col_trees[2].column_tree/genblk2[0].genblk1[1].tree[1][15]_i_6__65/O
                         net (fo=2, routed)           0.570     8.557    denselayer2/sum_all/col_trees[2].column_tree/genblk2[0].genblk1[1].tree[1][15]_i_6__65_n_0
    SLICE_X125Y648       CARRY8 (Prop_CARRY8_SLICEL_DI[3]_CO[7])
                                                      0.087     8.644 r  denselayer2/sum_all/col_trees[2].column_tree/genblk2[0].genblk1[1].tree_reg[1][15]_i_1__1/CO[7]
                         net (fo=1, routed)           0.023     8.667    denselayer2/sum_all/col_trees[2].column_tree/genblk2[0].genblk1[1].tree_reg[1][15]_i_1__1_n_0
    SLICE_X125Y649       CARRY8 (Prop_CARRY8_SLICEL_CI_CO[7])
                                                      0.012     8.679 r  denselayer2/sum_all/col_trees[2].column_tree/genblk2[0].genblk1[1].tree_reg[1][23]_i_1__1/CO[7]
                         net (fo=1, routed)           0.023     8.702    denselayer2/sum_all/col_trees[2].column_tree/genblk2[0].genblk1[1].tree_reg[1][23]_i_1__1_n_0
    SLICE_X125Y650       CARRY8 (Prop_CARRY8_SLICEL_CI_CO[7])
                                                      0.012     8.714 r  denselayer2/sum_all/col_trees[2].column_tree/genblk2[0].genblk1[1].tree_reg[1][31]_i_1__1/CO[7]
                         net (fo=1, routed)           0.023     8.737    denselayer2/sum_all/col_trees[2].column_tree/genblk2[0].genblk1[1].tree_reg[1][31]_i_1__1_n_0
    SLICE_X125Y651       CARRY8 (Prop_CARRY8_SLICEL_CI_O[3])
                                                      0.072     8.809 r  denselayer2/sum_all/col_trees[2].column_tree/genblk2[0].genblk1[1].tree_reg[1][36]_i_1__1/O[3]
                         net (fo=1, routed)           0.025     8.834    denselayer2/sum_all/col_trees[2].column_tree/p_16_out[35]
    SLICE_X125Y651       FDRE                                         r  denselayer2/sum_all/col_trees[2].column_tree/genblk2[0].genblk1[1].tree_reg[1][35]/D
  -------------------------------------------------------------------    -------------------

                         (clock ap_clk rise edge)     5.000     5.000 r  
    BC10                                              0.000     5.000 r  clk (IN)
                         net (fo=0)                   0.000     5.000    clk_IBUF_inst/I
    BC10                 INBUF (Prop_INBUF_HPIOB_M_PAD_O)
                                                      0.389     5.389 r  clk_IBUF_inst/INBUF_INST/O
                         net (fo=1, routed)           0.000     5.389    clk_IBUF_inst/OUT
    BC10                 IBUFCTRL (Prop_IBUFCTRL_HPIOB_M_I_O)
                                                      0.000     5.389 r  clk_IBUF_inst/IBUFCTRL_INST/O
                         net (fo=1, routed)           0.298     5.687    clk_IBUF
    BUFGCE_X0Y146        BUFGCE (Prop_BUFCE_BUFGCE_I_O)
                                                      0.024     5.711 r  clk_IBUF_BUFG_inst/O
    X3Y9 (CLOCK_ROOT)    net (fo=184281, routed)      2.632     8.343    denselayer2/sum_all/col_trees[2].column_tree/clk_IBUF_BUFG
    SLR Crossing[1->2]   
    SLICE_X125Y651       FDRE                                         r  denselayer2/sum_all/col_trees[2].column_tree/genblk2[0].genblk1[1].tree_reg[1][35]/C
                         clock pessimism              0.358     8.701    
                         inter-SLR compensation      -0.229     8.472    
                         clock uncertainty           -0.035     8.436    
    SLICE_X125Y651       FDRE (Setup_DFF_SLICEL_C_D)
                                                      0.023     8.459    denselayer2/sum_all/col_trees[2].column_tree/genblk2[0].genblk1[1].tree_reg[1][35]
  -------------------------------------------------------------------
                         required time                          8.459    
                         arrival time                          -8.834    
  -------------------------------------------------------------------
                         slack                                 -0.375    





Min Delay Paths
--------------------------------------------------------------------------------------
Slack (MET) :             0.019ns  (arrival time - required time)
  Source:                 denselayer2/INPUT_SIZE_rows[55].OUTPUT_SIZE_cols[24].sa/data_out_reg[47]/C
                            (rising edge-triggered cell FDRE clocked by ap_clk  {rise@0.000ns fall@2.500ns period=5.000ns})
  Destination:            denselayer2/sum_all/col_trees[24].column_tree/genblk2[2].genblk1[29].tree_reg[29][24]/D
                            (rising edge-triggered cell FDRE clocked by ap_clk  {rise@0.000ns fall@2.500ns period=5.000ns})
  Path Group:             ap_clk
  Path Type:              Hold (Min at Fast Process Corner)
  Requirement:            0.000ns  (ap_clk rise@0.000ns - ap_clk rise@0.000ns)
  Data Path Delay:        0.153ns  (logic 0.081ns (52.941%)  route 0.072ns (47.059%))
  Logic Levels:           2  (CARRY8=1 LUT6=1)
  Clock Path Skew:        0.088ns (DCD - SCD - CPR)
    Destination Clock Delay (DCD):    2.666ns
    Source Clock Delay      (SCD):    2.206ns
    Clock Pessimism Removal (CPR):    0.372ns
  Clock Net Delay (Source):      1.740ns (routing 0.681ns, distribution 1.059ns)
  Clock Net Delay (Destination): 1.977ns (routing 0.759ns, distribution 1.218ns)

    Location             Delay type                Incr(ns)  Path(ns)    Netlist Resource(s)
  -------------------------------------------------------------------    -------------------
                         (clock ap_clk rise edge)     0.000     0.000 r  
    BC10                                              0.000     0.000 r  clk (IN)
                         net (fo=0)                   0.000     0.000    clk_IBUF_inst/I
    BC10                 INBUF (Prop_INBUF_HPIOB_M_PAD_O)
                                                      0.293     0.293 r  clk_IBUF_inst/INBUF_INST/O
                         net (fo=1, routed)           0.000     0.293    clk_IBUF_inst/OUT
    BC10                 IBUFCTRL (Prop_IBUFCTRL_HPIOB_M_I_O)
                                                      0.000     0.293 r  clk_IBUF_inst/IBUFCTRL_INST/O
                         net (fo=1, routed)           0.156     0.449    clk_IBUF
    BUFGCE_X0Y146        BUFGCE (Prop_BUFCE_BUFGCE_I_O)
                                                      0.017     0.466 r  clk_IBUF_BUFG_inst/O
    X3Y9 (CLOCK_ROOT)    net (fo=184281, routed)      1.740     2.206    denselayer2/INPUT_SIZE_rows[55].OUTPUT_SIZE_cols[24].sa/clk_IBUF_BUFG
    SLR Crossing[1->2]   
    SLICE_X125Y641       FDRE                                         r  denselayer2/INPUT_SIZE_rows[55].OUTPUT_SIZE_cols[24].sa/data_out_reg[47]/C
  -------------------------------------------------------------------    -------------------
    SLICE_X125Y641       FDRE (Prop_AFF_SLICEL_C_Q)
                                                      0.039     2.245 r  denselayer2/INPUT_SIZE_rows[55].OUTPUT_SIZE_cols[24].sa/data_out_reg[47]/Q
                         net (fo=3, routed)           0.055     2.300    denselayer2/INPUT_SIZE_rows[55].OUTPUT_SIZE_cols[24].sa/p_280_out[47]
    SLICE_X126Y641       LUT6 (Prop_A6LUT_SLICEM_I5_O)
                                                      0.023     2.323 r  denselayer2/INPUT_SIZE_rows[55].OUTPUT_SIZE_cols[24].sa/genblk2[2].genblk1[29].tree[29][31]_i_17__23/O
                         net (fo=1, routed)           0.010     2.333    denselayer2/INPUT_SIZE_rows[53].OUTPUT_SIZE_cols[24].sa/S[0]
    SLICE_X126Y641       CARRY8 (Prop_CARRY8_SLICEM_S[0]_O[0])
                                                      0.019     2.352 r  denselayer2/INPUT_SIZE_rows[53].OUTPUT_SIZE_cols[24].sa/genblk2[2].genblk1[29].tree_reg[29][31]_i_1__23/O[0]
                         net (fo=1, routed)           0.007     2.359    denselayer2/sum_all/col_trees[24].column_tree/genblk2[2].genblk1[29].tree_reg[29][36]_0[24]
    SLICE_X126Y641       FDRE                                         r  denselayer2/sum_all/col_trees[24].column_tree/genblk2[2].genblk1[29].tree_reg[29][24]/D
  -------------------------------------------------------------------    -------------------

                         (clock ap_clk rise edge)     0.000     0.000 r  
    BC10                                              0.000     0.000 r  clk (IN)
                         net (fo=0)                   0.000     0.000    clk_IBUF_inst/I
    BC10                 INBUF (Prop_INBUF_HPIOB_M_PAD_O)
                                                      0.479     0.479 r  clk_IBUF_inst/INBUF_INST/O
                         net (fo=1, routed)           0.000     0.479    clk_IBUF_inst/OUT
    BC10                 IBUFCTRL (Prop_IBUFCTRL_HPIOB_M_I_O)
                                                      0.000     0.479 r  clk_IBUF_inst/IBUFCTRL_INST/O
                         net (fo=1, routed)           0.191     0.670    clk_IBUF
    BUFGCE_X0Y146        BUFGCE (Prop_BUFCE_BUFGCE_I_O)
                                                      0.019     0.689 r  clk_IBUF_BUFG_inst/O
    X3Y9 (CLOCK_ROOT)    net (fo=184281, routed)      1.977     2.666    denselayer2/sum_all/col_trees[24].column_tree/clk_IBUF_BUFG
    SLR Crossing[1->2]   
    SLICE_X126Y641       FDRE                                         r  denselayer2/sum_all/col_trees[24].column_tree/genblk2[2].genblk1[29].tree_reg[29][24]/C
                         clock pessimism             -0.372     2.294    
    SLICE_X126Y641       FDRE (Hold_AFF_SLICEM_C_D)
                                                      0.046     2.340    denselayer2/sum_all/col_trees[24].column_tree/genblk2[2].genblk1[29].tree_reg[29][24]
  -------------------------------------------------------------------
                         required time                         -2.340    
                         arrival time                           2.359    
  -------------------------------------------------------------------
                         slack                                  0.019    





Pulse Width Checks
--------------------------------------------------------------------------------------
Clock Name:         ap_clk
Waveform(ns):       { 0.000 2.500 }
Period(ns):         5.000
Sources:            { clk }

Check Type        Corner  Lib Pin     Reference Pin  Required(ns)  Actual(ns)  Slack(ns)  Location        Pin
Min Period        n/a     BUFGCE/I    n/a            1.122         5.000       3.878      BUFGCE_X0Y146   clk_IBUF_BUFG_inst/I
Low Pulse Width   Fast    SRL16E/CLK  n/a            0.468         2.500       2.032      SLICE_X100Y475  denselayer3/ready_buffer_reg[3]_srl3_denselayer2_ready_buffer_reg_c_0/CLK
High Pulse Width  Slow    SRL16E/CLK  n/a            0.468         2.500       2.032      SLICE_X100Y475  denselayer3/ready_buffer_reg[3]_srl3_denselayer2_ready_buffer_reg_c_0/CLK



