Copyright 1986-2019 Xilinx, Inc. All Rights Reserved.
--------------------------------------------------------------------------------------------
| Tool Version      : Vivado v.2019.1 (lin64) Build 2552052 Fri May 24 14:47:09 MDT 2019
| Date              : Tue Dec 23 12:58:43 2025
| Host              : hvm1 running 64-bit Ubuntu 22.04.5 LTS
| Command           : report_timing_summary -file ../reports/37_13_expPipeNegmax_timing.rpt
| Design            : waiz_benchmark
| Device            : xcvu13p-fhga2104
| Speed File        : -3  PRODUCTION 1.23 03-18-2019
| Temperature Grade : E
--------------------------------------------------------------------------------------------

Timing Summary Report

------------------------------------------------------------------------------------------------
| Timer Settings
| --------------
------------------------------------------------------------------------------------------------

  Enable Multi Corner Analysis               :  Yes
  Enable Pessimism Removal                   :  Yes
  Pessimism Removal Resolution               :  Nearest Common Node
  Enable Input Delay Default Clock           :  No
  Enable Preset / Clear Arcs                 :  No
  Disable Flight Delays                      :  No
  Ignore I/O Paths                           :  No
  Timing Early Launch at Borrowing Latches   :  No
  Borrow Time for Max Delay Exceptions       :  Yes

  Corner  Analyze    Analyze    
  Name    Max Paths  Min Paths  
  ------  ---------  ---------  
  Slow    Yes        Yes        
  Fast    Yes        Yes        



check_timing report

Table of Contents
-----------------
1. checking no_clock
2. checking constant_clock
3. checking pulse_width_clock
4. checking unconstrained_internal_endpoints
5. checking no_input_delay
6. checking no_output_delay
7. checking multiple_clock
8. checking generated_clocks
9. checking loops
10. checking partial_input_delay
11. checking partial_output_delay
12. checking latch_loops

1. checking no_clock
--------------------
 There are 0 register/latch pins with no clock.


2. checking constant_clock
--------------------------
 There are 0 register/latch pins with constant_clock.


3. checking pulse_width_clock
-----------------------------
 There are 0 register/latch pins which need pulse_width check


4. checking unconstrained_internal_endpoints
--------------------------------------------
 There are 0 pins that are not constrained for maximum delay.

 There are 0 pins that are not constrained for maximum delay due to constant clock.


5. checking no_input_delay
--------------------------
 There are 594 input ports with no input delay specified. (HIGH)

 There are 0 input ports with no input delay but user has a false path constraint.


6. checking no_output_delay
---------------------------
 There are 131 ports with no output delay specified. (HIGH)

 There are 0 ports with no output delay but user has a false path constraint

 There are 0 ports with no output delay but with a timing clock defined on it or propagating through it


7. checking multiple_clock
--------------------------
 There are 0 register/latch pins with multiple clocks.


8. checking generated_clocks
----------------------------
 There are 0 generated clocks that are not connected to a clock source.


9. checking loops
-----------------
 There are 0 combinational loops in the design.


10. checking partial_input_delay
--------------------------------
 There are 0 input ports with partial input delay specified.


11. checking partial_output_delay
---------------------------------
 There are 0 ports with partial output delay specified.


12. checking latch_loops
------------------------
 There are 0 combinational latch loops in the design through latch input



------------------------------------------------------------------------------------------------
| Design Timing Summary
| ---------------------
------------------------------------------------------------------------------------------------

    WNS(ns)      TNS(ns)  TNS Failing Endpoints  TNS Total Endpoints      WHS(ns)      THS(ns)  THS Failing Endpoints  THS Total Endpoints     WPWS(ns)     TPWS(ns)  TPWS Failing Endpoints  TPWS Total Endpoints  
    -------      -------  ---------------------  -------------------      -------      -------  ---------------------  -------------------     --------     --------  ----------------------  --------------------  
     -2.895  -180992.281                 141909               160539        0.067        0.000                      0               160539        2.005        0.000                       0                128576  


Timing constraints are not met.


------------------------------------------------------------------------------------------------
| Clock Summary
| -------------
------------------------------------------------------------------------------------------------

Clock   Waveform(ns)         Period(ns)      Frequency(MHz)
-----   ------------         ----------      --------------
ap_clk  {0.000 2.500}        5.000           200.000         


------------------------------------------------------------------------------------------------
| Intra Clock Table
| -----------------
------------------------------------------------------------------------------------------------

Clock             WNS(ns)      TNS(ns)  TNS Failing Endpoints  TNS Total Endpoints      WHS(ns)      THS(ns)  THS Failing Endpoints  THS Total Endpoints     WPWS(ns)     TPWS(ns)  TPWS Failing Endpoints  TPWS Total Endpoints  
-----             -------      -------  ---------------------  -------------------      -------      -------  ---------------------  -------------------     --------     --------  ----------------------  --------------------  
ap_clk             -2.895  -180992.281                 141909               160539        0.067        0.000                      0               160539        2.005        0.000                       0                128576  


------------------------------------------------------------------------------------------------
| Inter Clock Table
| -----------------
------------------------------------------------------------------------------------------------

From Clock    To Clock          WNS(ns)      TNS(ns)  TNS Failing Endpoints  TNS Total Endpoints      WHS(ns)      THS(ns)  THS Failing Endpoints  THS Total Endpoints  
----------    --------          -------      -------  ---------------------  -------------------      -------      -------  ---------------------  -------------------  


------------------------------------------------------------------------------------------------
| Other Path Groups Table
| -----------------------
------------------------------------------------------------------------------------------------

Path Group    From Clock    To Clock          WNS(ns)      TNS(ns)  TNS Failing Endpoints  TNS Total Endpoints      WHS(ns)      THS(ns)  THS Failing Endpoints  THS Total Endpoints  
----------    ----------    --------          -------      -------  ---------------------  -------------------      -------      -------  ---------------------  -------------------  


------------------------------------------------------------------------------------------------
| Timing Details
| --------------
------------------------------------------------------------------------------------------------


---------------------------------------------------------------------------------------------------
From Clock:  ap_clk
  To Clock:  ap_clk

Setup :       141909  Failing Endpoints,  Worst Slack       -2.895ns,  Total Violation  -180992.283ns
Hold  :            0  Failing Endpoints,  Worst Slack        0.067ns,  Total Violation        0.000ns
PW    :            0  Failing Endpoints,  Worst Slack        2.005ns,  Total Violation        0.000ns
---------------------------------------------------------------------------------------------------


Max Delay Paths
--------------------------------------------------------------------------------------
Slack (VIOLATED) :        -2.895ns  (required time - arrival time)
  Source:                 denselayer2/INPUT_SIZE_rows[19].OUTPUT_SIZE_cols[15].sa/data_out_reg[40]/C
                            (rising edge-triggered cell FDRE clocked by ap_clk  {rise@0.000ns fall@2.500ns period=5.000ns})
  Destination:            denselayer2/sum_all/col_trees[15].column_tree/genblk2[0].genblk1[1].tree_reg[1][29]/D
                            (rising edge-triggered cell FDRE clocked by ap_clk  {rise@0.000ns fall@2.500ns period=5.000ns})
  Path Group:             ap_clk
  Path Type:              Setup (Max at Slow Process Corner)
  Requirement:            5.000ns  (ap_clk rise@5.000ns - ap_clk rise@0.000ns)
  Data Path Delay:        7.483ns  (logic 0.975ns (13.030%)  route 6.508ns (86.970%))
  Logic Levels:           10  (CARRY8=5 LUT3=4 LUT5=1)
  Clock Path Skew:        -0.159ns (DCD - SCD + CPR)
    Destination Clock Delay (DCD):    3.348ns = ( 8.348 - 5.000 ) 
    Source Clock Delay      (SCD):    3.857ns
    Clock Pessimism Removal (CPR):    0.350ns
  Clock Uncertainty:      0.035ns  ((TSJ^2 + TIJ^2)^1/2 + DJ) / 2 + PE
    Total System Jitter     (TSJ):    0.071ns
    Total Input Jitter      (TIJ):    0.000ns
    Discrete Jitter          (DJ):    0.000ns
    Phase Error              (PE):    0.000ns
  Inter-SLR Compensation: 0.242ns  ((DCD - CCD) * PF)
    Destination Clock Delay (DCD):    3.348ns
    Common Clock Delay      (CCD):    1.734ns
    Prorating Factor         (PF):    0.150
  Clock Net Delay (Source):      2.901ns (routing 1.128ns, distribution 1.773ns)
  Clock Net Delay (Destination): 2.637ns (routing 1.023ns, distribution 1.614ns)

    Location             Delay type                Incr(ns)  Path(ns)    Netlist Resource(s)
  -------------------------------------------------------------------    -------------------
                         (clock ap_clk rise edge)     0.000     0.000 r  
    BC10                                              0.000     0.000 r  clk (IN)
                         net (fo=0)                   0.000     0.000    clk_IBUF_inst/I
    BC10                 INBUF (Prop_INBUF_HPIOB_M_PAD_O)
                                                      0.593     0.593 r  clk_IBUF_inst/INBUF_INST/O
                         net (fo=1, routed)           0.000     0.593    clk_IBUF_inst/OUT
    BC10                 IBUFCTRL (Prop_IBUFCTRL_HPIOB_M_I_O)
                                                      0.000     0.593 r  clk_IBUF_inst/IBUFCTRL_INST/O
                         net (fo=1, routed)           0.335     0.928    clk_IBUF
    BUFGCE_X0Y146        BUFGCE (Prop_BUFCE_BUFGCE_I_O)
                                                      0.028     0.956 r  clk_IBUF_BUFG_inst/O
    X3Y9 (CLOCK_ROOT)    net (fo=138233, routed)      2.901     3.857    denselayer2/INPUT_SIZE_rows[19].OUTPUT_SIZE_cols[15].sa/clk_IBUF_BUFG
    SLR Crossing[1->3]   
    SLICE_X119Y738       FDRE                                         r  denselayer2/INPUT_SIZE_rows[19].OUTPUT_SIZE_cols[15].sa/data_out_reg[40]/C
  -------------------------------------------------------------------    -------------------
    SLICE_X119Y738       FDRE (Prop_FFF_SLICEL_C_Q)
                                                      0.070     3.927 r  denselayer2/INPUT_SIZE_rows[19].OUTPUT_SIZE_cols[15].sa/data_out_reg[40]/Q
                         net (fo=2, routed)           0.659     4.586    denselayer2/INPUT_SIZE_rows[18].OUTPUT_SIZE_cols[15].sa/genblk2[0].genblk1[1].tree_reg[1][36]_i_691__13_0[16]
    SLICE_X109Y740       LUT3 (Prop_A5LUT_SLICEM_I1_O)
                                                      0.089     4.675 r  denselayer2/INPUT_SIZE_rows[18].OUTPUT_SIZE_cols[15].sa/genblk2[0].genblk1[1].tree[1][36]_i_1309__14/O
                         net (fo=2, routed)           0.433     5.108    denselayer2/INPUT_SIZE_rows[18].OUTPUT_SIZE_cols[15].sa/genblk2[0].genblk1[1].tree[1][36]_i_1309__14_n_0
    SLICE_X109Y740       CARRY8 (Prop_CARRY8_SLICEM_DI[1]_O[5])
                                                      0.170     5.278 r  denselayer2/INPUT_SIZE_rows[18].OUTPUT_SIZE_cols[15].sa/genblk2[0].genblk1[1].tree_reg[1][36]_i_703__10/O[5]
                         net (fo=3, routed)           0.945     6.223    denselayer2_n_24100
    SLICE_X80Y751        LUT3 (Prop_G6LUT_SLICEL_I0_O)
                                                      0.082     6.305 r  genblk2[0].genblk1[1].tree[1][36]_i_592__14/O
                         net (fo=1, routed)           0.272     6.577    genblk2[0].genblk1[1].tree[1][36]_i_592__14_n_0
    SLICE_X81Y751        CARRY8 (Prop_CARRY8_SLICEM_DI[6]_CO[7])
                                                      0.051     6.628 r  genblk2[0].genblk1[1].tree_reg[1][36]_i_162__14/CO[7]
                         net (fo=1, routed)           0.023     6.651    genblk2[0].genblk1[1].tree_reg[1][36]_i_162__14_n_0
    SLICE_X81Y752        CARRY8 (Prop_CARRY8_SLICEM_CI_O[0])
                                                      0.050     6.701 r  genblk2[0].genblk1[1].tree_reg[1][36]_i_153__14/O[0]
                         net (fo=3, routed)           1.635     8.336    genblk2[0].genblk1[1].tree_reg[1][36]_i_153__14_n_15
    SLR Crossing[3->2]   
    SLICE_X92Y630        LUT3 (Prop_E6LUT_SLICEL_I2_O)
                                                      0.082     8.418 r  genblk2[0].genblk1[1].tree[1][36]_i_104__14/O
                         net (fo=1, routed)           0.508     8.926    genblk2[0].genblk1[1].tree[1][36]_i_104__14_n_0
    SLICE_X100Y629       CARRY8 (Prop_CARRY8_SLICEM_DI[1]_O[3])
                                                      0.089     9.015 r  genblk2[0].genblk1[1].tree_reg[1][36]_i_20__14/O[3]
                         net (fo=3, routed)           1.155    10.170    denselayer2/sum_all/col_trees[15].column_tree/genblk2[0].genblk1[1].tree_reg[1][36]_0[3]
    SLICE_X125Y602       LUT3 (Prop_C6LUT_SLICEL_I1_O)
                                                      0.088    10.258 r  denselayer2/sum_all/col_trees[15].column_tree/genblk2[0].genblk1[1].tree[1][31]_i_21__78/O
                         net (fo=3, routed)           0.060    10.318    denselayer2/sum_all/col_trees[15].column_tree/genblk2[0].genblk1[1].tree[1][31]_i_21__78_n_0
    SLICE_X125Y602       LUT5 (Prop_G6LUT_SLICEL_I1_O)
                                                      0.134    10.452 r  denselayer2/sum_all/col_trees[15].column_tree/genblk2[0].genblk1[1].tree[1][31]_i_5__78/O
                         net (fo=1, routed)           0.465    10.917    denselayer2/sum_all/col_trees[15].column_tree/genblk2[0].genblk1[1].tree[1][31]_i_5__78_n_0
    SLICE_X125Y595       CARRY8 (Prop_CARRY8_SLICEL_DI[4]_O[5])
                                                      0.070    10.987 r  denselayer2/sum_all/col_trees[15].column_tree/genblk2[0].genblk1[1].tree_reg[1][31]_i_1__14/O[5]
                         net (fo=1, routed)           0.353    11.340    denselayer2/sum_all/col_trees[15].column_tree/p_0_in[29]
    SLICE_X125Y592       FDRE                                         r  denselayer2/sum_all/col_trees[15].column_tree/genblk2[0].genblk1[1].tree_reg[1][29]/D
  -------------------------------------------------------------------    -------------------

                         (clock ap_clk rise edge)     5.000     5.000 r  
    BC10                                              0.000     5.000 r  clk (IN)
                         net (fo=0)                   0.000     5.000    clk_IBUF_inst/I
    BC10                 INBUF (Prop_INBUF_HPIOB_M_PAD_O)
                                                      0.389     5.389 r  clk_IBUF_inst/INBUF_INST/O
                         net (fo=1, routed)           0.000     5.389    clk_IBUF_inst/OUT
    BC10                 IBUFCTRL (Prop_IBUFCTRL_HPIOB_M_I_O)
                                                      0.000     5.389 r  clk_IBUF_inst/IBUFCTRL_INST/O
                         net (fo=1, routed)           0.298     5.687    clk_IBUF
    BUFGCE_X0Y146        BUFGCE (Prop_BUFCE_BUFGCE_I_O)
                                                      0.024     5.711 r  clk_IBUF_BUFG_inst/O
    X3Y9 (CLOCK_ROOT)    net (fo=138233, routed)      2.637     8.348    denselayer2/sum_all/col_trees[15].column_tree/clk_IBUF_BUFG
    SLR Crossing[1->2]   
    SLICE_X125Y592       FDRE                                         r  denselayer2/sum_all/col_trees[15].column_tree/genblk2[0].genblk1[1].tree_reg[1][29]/C
                         clock pessimism              0.350     8.698    
                         inter-SLR compensation      -0.242     8.456    
                         clock uncertainty           -0.035     8.421    
    SLICE_X125Y592       FDRE (Setup_GFF2_SLICEL_C_D)
                                                      0.024     8.445    denselayer2/sum_all/col_trees[15].column_tree/genblk2[0].genblk1[1].tree_reg[1][29]
  -------------------------------------------------------------------
                         required time                          8.445    
                         arrival time                         -11.340    
  -------------------------------------------------------------------
                         slack                                 -2.895    





Min Delay Paths
--------------------------------------------------------------------------------------
Slack (MET) :             0.067ns  (arrival time - required time)
  Source:                 denselayer4/ready_buffer_reg[0]/C
                            (rising edge-triggered cell FDCE clocked by ap_clk  {rise@0.000ns fall@2.500ns period=5.000ns})
  Destination:            softmax/ready_buffer_reg[1]_srl2/D
                            (rising edge-triggered cell SRL16E clocked by ap_clk  {rise@0.000ns fall@2.500ns period=5.000ns})
  Path Group:             ap_clk
  Path Type:              Hold (Min at Fast Process Corner)
  Requirement:            0.000ns  (ap_clk rise@0.000ns - ap_clk rise@0.000ns)
  Data Path Delay:        0.153ns  (logic 0.040ns (26.144%)  route 0.113ns (73.856%))
  Logic Levels:           0  
  Clock Path Skew:        0.069ns (DCD - SCD - CPR)
    Destination Clock Delay (DCD):    2.701ns
    Source Clock Delay      (SCD):    2.255ns
    Clock Pessimism Removal (CPR):    0.377ns
  Clock Net Delay (Source):      1.789ns (routing 0.681ns, distribution 1.108ns)
  Clock Net Delay (Destination): 2.012ns (routing 0.759ns, distribution 1.253ns)

    Location             Delay type                Incr(ns)  Path(ns)    Netlist Resource(s)
  -------------------------------------------------------------------    -------------------
                         (clock ap_clk rise edge)     0.000     0.000 r  
    BC10                                              0.000     0.000 r  clk (IN)
                         net (fo=0)                   0.000     0.000    clk_IBUF_inst/I
    BC10                 INBUF (Prop_INBUF_HPIOB_M_PAD_O)
                                                      0.293     0.293 r  clk_IBUF_inst/INBUF_INST/O
                         net (fo=1, routed)           0.000     0.293    clk_IBUF_inst/OUT
    BC10                 IBUFCTRL (Prop_IBUFCTRL_HPIOB_M_I_O)
                                                      0.000     0.293 r  clk_IBUF_inst/IBUFCTRL_INST/O
                         net (fo=1, routed)           0.156     0.449    clk_IBUF
    BUFGCE_X0Y146        BUFGCE (Prop_BUFCE_BUFGCE_I_O)
                                                      0.017     0.466 r  clk_IBUF_BUFG_inst/O
    X3Y9 (CLOCK_ROOT)    net (fo=138233, routed)      1.789     2.255    denselayer4/clk_IBUF_BUFG
    SLICE_X136Y476       FDCE                                         r  denselayer4/ready_buffer_reg[0]/C
  -------------------------------------------------------------------    -------------------
    SLICE_X136Y476       FDCE (Prop_GFF2_SLICEL_C_Q)
                                                      0.040     2.295 r  denselayer4/ready_buffer_reg[0]/Q
                         net (fo=1, routed)           0.113     2.408    softmax/output_ready
    SLICE_X133Y476       SRL16E                                       r  softmax/ready_buffer_reg[1]_srl2/D
  -------------------------------------------------------------------    -------------------

                         (clock ap_clk rise edge)     0.000     0.000 r  
    BC10                                              0.000     0.000 r  clk (IN)
                         net (fo=0)                   0.000     0.000    clk_IBUF_inst/I
    BC10                 INBUF (Prop_INBUF_HPIOB_M_PAD_O)
                                                      0.479     0.479 r  clk_IBUF_inst/INBUF_INST/O
                         net (fo=1, routed)           0.000     0.479    clk_IBUF_inst/OUT
    BC10                 IBUFCTRL (Prop_IBUFCTRL_HPIOB_M_I_O)
                                                      0.000     0.479 r  clk_IBUF_inst/IBUFCTRL_INST/O
                         net (fo=1, routed)           0.191     0.670    clk_IBUF
    BUFGCE_X0Y146        BUFGCE (Prop_BUFCE_BUFGCE_I_O)
                                                      0.019     0.689 r  clk_IBUF_BUFG_inst/O
    X3Y9 (CLOCK_ROOT)    net (fo=138233, routed)      2.012     2.701    softmax/clk_IBUF_BUFG
    SLICE_X133Y476       SRL16E                                       r  softmax/ready_buffer_reg[1]_srl2/CLK
                         clock pessimism             -0.377     2.324    
    SLICE_X133Y476       SRL16E (Hold_A6LUT_SLICEM_CLK_D)
                                                      0.017     2.341    softmax/ready_buffer_reg[1]_srl2
  -------------------------------------------------------------------
                         required time                         -2.341    
                         arrival time                           2.408    
  -------------------------------------------------------------------
                         slack                                  0.067    





Pulse Width Checks
--------------------------------------------------------------------------------------
Clock Name:         ap_clk
Waveform(ns):       { 0.000 2.500 }
Period(ns):         5.000
Sources:            { clk }

Check Type        Corner  Lib Pin             Reference Pin  Required(ns)  Actual(ns)  Slack(ns)  Location       Pin
Min Period        n/a     RAMB18E2/CLKARDCLK  n/a            1.212         5.000       3.788      RAMB18_X7Y178  softmax/expResult_reg[0]/CLKARDCLK
Low Pulse Width   Slow    RAMB18E2/CLKARDCLK  n/a            0.495         2.500       2.005      RAMB18_X7Y178  softmax/expResult_reg[0]/CLKARDCLK
High Pulse Width  Slow    RAMB18E2/CLKARDCLK  n/a            0.495         2.500       2.005      RAMB18_X8Y178  softmax/expResult_reg[2]/CLKARDCLK



