Copyright 1986-2019 Xilinx, Inc. All Rights Reserved.
-----------------------------------------------------------------------------------------------------
| Tool Version      : Vivado v.2019.1 (lin64) Build 2552052 Fri May 24 14:47:09 MDT 2019
| Date              : Mon Dec  1 08:16:22 2025
| Host              : hvm1 running 64-bit Ubuntu 22.04.5 LTS
| Command           : report_timing_summary -file ../reports/37_13_Argmax_P1_PO0_MULTPIPE_timing.rpt
| Design            : waiz_benchmark
| Device            : xcvu13p-fhga2104
| Speed File        : -3  PRODUCTION 1.23 03-18-2019
| Temperature Grade : E
-----------------------------------------------------------------------------------------------------

Timing Summary Report

------------------------------------------------------------------------------------------------
| Timer Settings
| --------------
------------------------------------------------------------------------------------------------

  Enable Multi Corner Analysis               :  Yes
  Enable Pessimism Removal                   :  Yes
  Pessimism Removal Resolution               :  Nearest Common Node
  Enable Input Delay Default Clock           :  No
  Enable Preset / Clear Arcs                 :  No
  Disable Flight Delays                      :  No
  Ignore I/O Paths                           :  No
  Timing Early Launch at Borrowing Latches   :  No
  Borrow Time for Max Delay Exceptions       :  Yes

  Corner  Analyze    Analyze    
  Name    Max Paths  Min Paths  
  ------  ---------  ---------  
  Slow    Yes        Yes        
  Fast    Yes        Yes        



check_timing report

Table of Contents
-----------------
1. checking no_clock
2. checking constant_clock
3. checking pulse_width_clock
4. checking unconstrained_internal_endpoints
5. checking no_input_delay
6. checking no_output_delay
7. checking multiple_clock
8. checking generated_clocks
9. checking loops
10. checking partial_input_delay
11. checking partial_output_delay
12. checking latch_loops

1. checking no_clock
--------------------
 There are 0 register/latch pins with no clock.


2. checking constant_clock
--------------------------
 There are 0 register/latch pins with constant_clock.


3. checking pulse_width_clock
-----------------------------
 There are 0 register/latch pins which need pulse_width check


4. checking unconstrained_internal_endpoints
--------------------------------------------
 There are 0 pins that are not constrained for maximum delay.

 There are 0 pins that are not constrained for maximum delay due to constant clock.


5. checking no_input_delay
--------------------------
 There are 594 input ports with no input delay specified. (HIGH)

 There are 0 input ports with no input delay but user has a false path constraint.


6. checking no_output_delay
---------------------------
 There are 6 ports with no output delay specified. (HIGH)

 There are 0 ports with no output delay but user has a false path constraint

 There are 0 ports with no output delay but with a timing clock defined on it or propagating through it


7. checking multiple_clock
--------------------------
 There are 0 register/latch pins with multiple clocks.


8. checking generated_clocks
----------------------------
 There are 0 generated clocks that are not connected to a clock source.


9. checking loops
-----------------
 There are 0 combinational loops in the design.


10. checking partial_input_delay
--------------------------------
 There are 0 input ports with partial input delay specified.


11. checking partial_output_delay
---------------------------------
 There are 0 ports with partial output delay specified.


12. checking latch_loops
------------------------
 There are 0 combinational latch loops in the design through latch input



------------------------------------------------------------------------------------------------
| Design Timing Summary
| ---------------------
------------------------------------------------------------------------------------------------

    WNS(ns)      TNS(ns)  TNS Failing Endpoints  TNS Total Endpoints      WHS(ns)      THS(ns)  THS Failing Endpoints  THS Total Endpoints     WPWS(ns)     TPWS(ns)  TPWS Failing Endpoints  TPWS Total Endpoints  
    -------      -------  ---------------------  -------------------      -------      -------  ---------------------  -------------------     --------     --------  ----------------------  --------------------  
      0.003        0.000                      0               137643        0.007        0.000                      0               137643        2.225        0.000                       0                139863  


All user specified timing constraints are met.


------------------------------------------------------------------------------------------------
| Clock Summary
| -------------
------------------------------------------------------------------------------------------------

Clock   Waveform(ns)         Period(ns)      Frequency(MHz)
-----   ------------         ----------      --------------
ap_clk  {0.000 2.500}        5.000           200.000         


------------------------------------------------------------------------------------------------
| Intra Clock Table
| -----------------
------------------------------------------------------------------------------------------------

Clock             WNS(ns)      TNS(ns)  TNS Failing Endpoints  TNS Total Endpoints      WHS(ns)      THS(ns)  THS Failing Endpoints  THS Total Endpoints     WPWS(ns)     TPWS(ns)  TPWS Failing Endpoints  TPWS Total Endpoints  
-----             -------      -------  ---------------------  -------------------      -------      -------  ---------------------  -------------------     --------     --------  ----------------------  --------------------  
ap_clk              0.003        0.000                      0               137643        0.007        0.000                      0               137643        2.225        0.000                       0                139863  


------------------------------------------------------------------------------------------------
| Inter Clock Table
| -----------------
------------------------------------------------------------------------------------------------

From Clock    To Clock          WNS(ns)      TNS(ns)  TNS Failing Endpoints  TNS Total Endpoints      WHS(ns)      THS(ns)  THS Failing Endpoints  THS Total Endpoints  
----------    --------          -------      -------  ---------------------  -------------------      -------      -------  ---------------------  -------------------  


------------------------------------------------------------------------------------------------
| Other Path Groups Table
| -----------------------
------------------------------------------------------------------------------------------------

Path Group    From Clock    To Clock          WNS(ns)      TNS(ns)  TNS Failing Endpoints  TNS Total Endpoints      WHS(ns)      THS(ns)  THS Failing Endpoints  THS Total Endpoints  
----------    ----------    --------          -------      -------  ---------------------  -------------------      -------      -------  ---------------------  -------------------  


------------------------------------------------------------------------------------------------
| Timing Details
| --------------
------------------------------------------------------------------------------------------------


---------------------------------------------------------------------------------------------------
From Clock:  ap_clk
  To Clock:  ap_clk

Setup :            0  Failing Endpoints,  Worst Slack        0.003ns,  Total Violation        0.000ns
Hold  :            0  Failing Endpoints,  Worst Slack        0.007ns,  Total Violation        0.000ns
PW    :            0  Failing Endpoints,  Worst Slack        2.225ns,  Total Violation        0.000ns
---------------------------------------------------------------------------------------------------


Max Delay Paths
--------------------------------------------------------------------------------------
Slack (MET) :             0.003ns  (required time - arrival time)
  Source:                 denselayer1/sum_all/col_trees[20].column_tree/genblk2[0].genblk1[1].tree_reg[1][3]/C
                            (rising edge-triggered cell FDRE clocked by ap_clk  {rise@0.000ns fall@2.500ns period=5.000ns})
  Destination:            denselayer2/INPUT_SIZE_rows[20].OUTPUT_SIZE_cols[26].sa/data_in_ex_reg[7]_rep/D
                            (rising edge-triggered cell FDRE clocked by ap_clk  {rise@0.000ns fall@2.500ns period=5.000ns})
  Path Group:             ap_clk
  Path Type:              Setup (Max at Slow Process Corner)
  Requirement:            5.000ns  (ap_clk rise@5.000ns - ap_clk rise@0.000ns)
  Data Path Delay:        4.392ns  (logic 0.350ns (7.969%)  route 4.042ns (92.031%))
  Logic Levels:           6  (CARRY8=5 LUT2=1)
  Clock Path Skew:        -0.367ns (DCD - SCD + CPR)
    Destination Clock Delay (DCD):    3.407ns = ( 8.407 - 5.000 ) 
    Source Clock Delay      (SCD):    4.142ns
    Clock Pessimism Removal (CPR):    0.368ns
  Clock Uncertainty:      0.035ns  ((TSJ^2 + TIJ^2)^1/2 + DJ) / 2 + PE
    Total System Jitter     (TSJ):    0.071ns
    Total Input Jitter      (TIJ):    0.000ns
    Discrete Jitter          (DJ):    0.000ns
    Phase Error              (PE):    0.000ns
  Inter-SLR Compensation: 0.226ns  ((DCD - CCD) * PF)
    Destination Clock Delay (DCD):    3.407ns
    Common Clock Delay      (CCD):    1.903ns
    Prorating Factor         (PF):    0.150
  Clock Net Delay (Source):      3.186ns (routing 1.315ns, distribution 1.871ns)
  Clock Net Delay (Destination): 2.696ns (routing 1.192ns, distribution 1.504ns)

    Location             Delay type                Incr(ns)  Path(ns)    Netlist Resource(s)
  -------------------------------------------------------------------    -------------------
                         (clock ap_clk rise edge)     0.000     0.000 r  
    BC10                                              0.000     0.000 r  clk (IN)
                         net (fo=0)                   0.000     0.000    clk_IBUF_inst/I
    BC10                 INBUF (Prop_INBUF_HPIOB_M_PAD_O)
                                                      0.593     0.593 r  clk_IBUF_inst/INBUF_INST/O
                         net (fo=1, routed)           0.000     0.593    clk_IBUF_inst/OUT
    BC10                 IBUFCTRL (Prop_IBUFCTRL_HPIOB_M_I_O)
                                                      0.000     0.593 r  clk_IBUF_inst/IBUFCTRL_INST/O
                         net (fo=1, routed)           0.335     0.928    clk_IBUF
    BUFGCE_X0Y146        BUFGCE (Prop_BUFCE_BUFGCE_I_O)
                                                      0.028     0.956 r  clk_IBUF_BUFG_inst/O
    X3Y10 (CLOCK_ROOT)   net (fo=139862, routed)      3.186     4.142    denselayer1/sum_all/col_trees[20].column_tree/clk_IBUF_BUFG
    SLR Crossing[1->3]   
    SLICE_X142Y840       FDRE                                         r  denselayer1/sum_all/col_trees[20].column_tree/genblk2[0].genblk1[1].tree_reg[1][3]/C
  -------------------------------------------------------------------    -------------------
    SLICE_X142Y840       FDRE (Prop_CFF_SLICEM_C_Q)
                                                      0.068     4.210 r  denselayer1/sum_all/col_trees[20].column_tree/genblk2[0].genblk1[1].tree_reg[1][3]/Q
                         net (fo=1, routed)           0.313     4.523    denselayer1/sum_all/col_trees[20].column_tree/accumulator[20]_193[3]
    SLICE_X142Y839       CARRY8 (Prop_CARRY8_SLICEM_S[2]_CO[7])
                                                      0.143     4.666 r  denselayer1/sum_all/col_trees[20].column_tree/data_in_ex_reg[1]_i_2__16/CO[7]
                         net (fo=1, routed)           0.023     4.689    denselayer1/sum_all/col_trees[20].column_tree/data_in_ex_reg[1]_i_2__16_n_0
    SLICE_X142Y840       CARRY8 (Prop_CARRY8_SLICEM_CI_CO[7])
                                                      0.012     4.701 r  denselayer1/sum_all/col_trees[20].column_tree/data_in_ex_reg[16]_i_2__11/CO[7]
                         net (fo=1, routed)           0.023     4.724    denselayer1/sum_all/col_trees[20].column_tree/data_in_ex_reg[16]_i_2__11_n_0
    SLICE_X142Y841       CARRY8 (Prop_CARRY8_SLICEM_CI_CO[7])
                                                      0.012     4.736 r  denselayer1/sum_all/col_trees[20].column_tree/data_in_ex_reg[17]_i_2__13/CO[7]
                         net (fo=1, routed)           0.023     4.759    denselayer1/sum_all/col_trees[20].column_tree/data_in_ex_reg[17]_i_2__13_n_0
    SLICE_X142Y842       CARRY8 (Prop_CARRY8_SLICEM_CI_CO[7])
                                                      0.012     4.771 r  denselayer1/sum_all/col_trees[20].column_tree/data_in_ex_reg[25]_i_2__9/CO[7]
                         net (fo=1, routed)           0.023     4.794    denselayer1/sum_all/col_trees[20].column_tree/data_in_ex_reg[25]_i_2__9_n_0
    SLICE_X142Y843       CARRY8 (Prop_CARRY8_SLICEM_CI_O[3])
                                                      0.072     4.866 f  denselayer1/sum_all/col_trees[20].column_tree/data_in_ex_reg[16]_i_3/O[3]
                         net (fo=73, routed)          3.499     8.365    relulayer1/output_data[20][35]
    SLR Crossing[3->2]   
    SLICE_X81Y625        LUT2 (Prop_G6LUT_SLICEM_I1_O)
                                                      0.031     8.396 r  relulayer1/data_in_ex[7]_rep_i_1__19/O
                         net (fo=1, routed)           0.138     8.534    denselayer2/INPUT_SIZE_rows[20].OUTPUT_SIZE_cols[26].sa/data_in_ex_reg[7]_rep_6
    SLICE_X81Y625        FDRE                                         r  denselayer2/INPUT_SIZE_rows[20].OUTPUT_SIZE_cols[26].sa/data_in_ex_reg[7]_rep/D
  -------------------------------------------------------------------    -------------------

                         (clock ap_clk rise edge)     5.000     5.000 r  
    BC10                                              0.000     5.000 r  clk (IN)
                         net (fo=0)                   0.000     5.000    clk_IBUF_inst/I
    BC10                 INBUF (Prop_INBUF_HPIOB_M_PAD_O)
                                                      0.389     5.389 r  clk_IBUF_inst/INBUF_INST/O
                         net (fo=1, routed)           0.000     5.389    clk_IBUF_inst/OUT
    BC10                 IBUFCTRL (Prop_IBUFCTRL_HPIOB_M_I_O)
                                                      0.000     5.389 r  clk_IBUF_inst/IBUFCTRL_INST/O
                         net (fo=1, routed)           0.298     5.687    clk_IBUF
    BUFGCE_X0Y146        BUFGCE (Prop_BUFCE_BUFGCE_I_O)
                                                      0.024     5.711 r  clk_IBUF_BUFG_inst/O
    X3Y10 (CLOCK_ROOT)   net (fo=139862, routed)      2.696     8.407    denselayer2/INPUT_SIZE_rows[20].OUTPUT_SIZE_cols[26].sa/clk_IBUF_BUFG
    SLR Crossing[1->2]   
    SLICE_X81Y625        FDRE                                         r  denselayer2/INPUT_SIZE_rows[20].OUTPUT_SIZE_cols[26].sa/data_in_ex_reg[7]_rep/C
                         clock pessimism              0.368     8.775    
                         inter-SLR compensation      -0.226     8.550    
                         clock uncertainty           -0.035     8.514    
    SLICE_X81Y625        FDRE (Setup_FFF_SLICEM_C_D)
                                                      0.023     8.537    denselayer2/INPUT_SIZE_rows[20].OUTPUT_SIZE_cols[26].sa/data_in_ex_reg[7]_rep
  -------------------------------------------------------------------
                         required time                          8.537    
                         arrival time                          -8.534    
  -------------------------------------------------------------------
                         slack                                  0.003    





Min Delay Paths
--------------------------------------------------------------------------------------
Slack (MET) :             0.007ns  (arrival time - required time)
  Source:                 denselayer2/sum_all/col_trees[22].column_tree/genblk2[2].genblk1[19].tree_reg[19][10]/C
                            (rising edge-triggered cell FDRE clocked by ap_clk  {rise@0.000ns fall@2.500ns period=5.000ns})
  Destination:            denselayer2/sum_all/col_trees[22].column_tree/genblk2[1].genblk1[4].tree_reg[4][11]/D
                            (rising edge-triggered cell FDRE clocked by ap_clk  {rise@0.000ns fall@2.500ns period=5.000ns})
  Path Group:             ap_clk
  Path Type:              Hold (Min at Fast Process Corner)
  Requirement:            0.000ns  (ap_clk rise@0.000ns - ap_clk rise@0.000ns)
  Data Path Delay:        0.139ns  (logic 0.069ns (49.640%)  route 0.070ns (50.360%))
  Logic Levels:           2  (CARRY8=1 LUT6=1)
  Clock Path Skew:        0.086ns (DCD - SCD - CPR)
    Destination Clock Delay (DCD):    2.742ns
    Source Clock Delay      (SCD):    2.275ns
    Clock Pessimism Removal (CPR):    0.382ns
  Clock Net Delay (Source):      1.809ns (routing 0.797ns, distribution 1.012ns)
  Clock Net Delay (Destination): 2.053ns (routing 0.890ns, distribution 1.163ns)

    Location             Delay type                Incr(ns)  Path(ns)    Netlist Resource(s)
  -------------------------------------------------------------------    -------------------
                         (clock ap_clk rise edge)     0.000     0.000 r  
    BC10                                              0.000     0.000 r  clk (IN)
                         net (fo=0)                   0.000     0.000    clk_IBUF_inst/I
    BC10                 INBUF (Prop_INBUF_HPIOB_M_PAD_O)
                                                      0.293     0.293 r  clk_IBUF_inst/INBUF_INST/O
                         net (fo=1, routed)           0.000     0.293    clk_IBUF_inst/OUT
    BC10                 IBUFCTRL (Prop_IBUFCTRL_HPIOB_M_I_O)
                                                      0.000     0.293 r  clk_IBUF_inst/IBUFCTRL_INST/O
                         net (fo=1, routed)           0.156     0.449    clk_IBUF
    BUFGCE_X0Y146        BUFGCE (Prop_BUFCE_BUFGCE_I_O)
                                                      0.017     0.466 r  clk_IBUF_BUFG_inst/O
    X3Y10 (CLOCK_ROOT)   net (fo=139862, routed)      1.809     2.275    denselayer2/sum_all/col_trees[22].column_tree/clk_IBUF_BUFG
    SLR Crossing[1->2]   
    SLICE_X71Y642        FDRE                                         r  denselayer2/sum_all/col_trees[22].column_tree/genblk2[2].genblk1[19].tree_reg[19][10]/C
  -------------------------------------------------------------------    -------------------
    SLICE_X71Y642        FDRE (Prop_CFF_SLICEM_C_Q)
                                                      0.038     2.313 r  denselayer2/sum_all/col_trees[22].column_tree/genblk2[2].genblk1[19].tree_reg[19][10]/Q
                         net (fo=3, routed)           0.056     2.369    denselayer2/sum_all/col_trees[22].column_tree/genblk2[2].genblk1[19].tree_reg[19]_470[10]
    SLICE_X70Y642        LUT6 (Prop_D6LUT_SLICEL_I5_O)
                                                      0.014     2.383 r  denselayer2/sum_all/col_trees[22].column_tree/genblk2[1].genblk1[4].tree[4][15]_i_14__18/O
                         net (fo=1, routed)           0.007     2.390    denselayer2/sum_all/col_trees[22].column_tree/genblk2[1].genblk1[4].tree[4][15]_i_14__18_n_0
    SLICE_X70Y642        CARRY8 (Prop_CARRY8_SLICEL_S[3]_O[3])
                                                      0.017     2.407 r  denselayer2/sum_all/col_trees[22].column_tree/genblk2[1].genblk1[4].tree_reg[4][15]_i_1__21/O[3]
                         net (fo=1, routed)           0.007     2.414    denselayer2/sum_all/col_trees[22].column_tree/p_19_out[11]
    SLICE_X70Y642        FDRE                                         r  denselayer2/sum_all/col_trees[22].column_tree/genblk2[1].genblk1[4].tree_reg[4][11]/D
  -------------------------------------------------------------------    -------------------

                         (clock ap_clk rise edge)     0.000     0.000 r  
    BC10                                              0.000     0.000 r  clk (IN)
                         net (fo=0)                   0.000     0.000    clk_IBUF_inst/I
    BC10                 INBUF (Prop_INBUF_HPIOB_M_PAD_O)
                                                      0.479     0.479 r  clk_IBUF_inst/INBUF_INST/O
                         net (fo=1, routed)           0.000     0.479    clk_IBUF_inst/OUT
    BC10                 IBUFCTRL (Prop_IBUFCTRL_HPIOB_M_I_O)
                                                      0.000     0.479 r  clk_IBUF_inst/IBUFCTRL_INST/O
                         net (fo=1, routed)           0.191     0.670    clk_IBUF
    BUFGCE_X0Y146        BUFGCE (Prop_BUFCE_BUFGCE_I_O)
                                                      0.019     0.689 r  clk_IBUF_BUFG_inst/O
    X3Y10 (CLOCK_ROOT)   net (fo=139862, routed)      2.053     2.742    denselayer2/sum_all/col_trees[22].column_tree/clk_IBUF_BUFG
    SLR Crossing[1->2]   
    SLICE_X70Y642        FDRE                                         r  denselayer2/sum_all/col_trees[22].column_tree/genblk2[1].genblk1[4].tree_reg[4][11]/C
                         clock pessimism             -0.382     2.360    
    SLICE_X70Y642        FDRE (Hold_DFF_SLICEL_C_D)
                                                      0.046     2.406    denselayer2/sum_all/col_trees[22].column_tree/genblk2[1].genblk1[4].tree_reg[4][11]
  -------------------------------------------------------------------
                         required time                         -2.406    
                         arrival time                           2.414    
  -------------------------------------------------------------------
                         slack                                  0.007    





Pulse Width Checks
--------------------------------------------------------------------------------------
Clock Name:         ap_clk
Waveform(ns):       { 0.000 2.500 }
Period(ns):         5.000
Sources:            { clk }

Check Type        Corner  Lib Pin   Reference Pin  Required(ns)  Actual(ns)  Slack(ns)  Location       Pin
Min Period        n/a     BUFGCE/I  n/a            1.122         5.000       3.878      BUFGCE_X0Y146  clk_IBUF_BUFG_inst/I
Low Pulse Width   Slow    FDRE/C    n/a            0.275         2.500       2.225      SLICE_X41Y681  denselayer2/INPUT_SIZE_rows[11].OUTPUT_SIZE_cols[5].sa/data_in_ex_reg[10]_rep/C
High Pulse Width  Slow    FDRE/C    n/a            0.275         2.500       2.225      SLICE_X49Y676  denselayer2/INPUT_SIZE_rows[11].OUTPUT_SIZE_cols[5].sa/data_in_ex_reg[10]/C



