Copyright 1986-2019 Xilinx, Inc. All Rights Reserved.
----------------------------------------------------------------------------------------------------------
| Tool Version      : Vivado v.2019.1 (lin64) Build 2552052 Fri May 24 14:47:09 MDT 2019
| Date              : Wed Dec  3 04:31:27 2025
| Host              : hvm1 running 64-bit Ubuntu 22.04.5 LTS
| Command           : report_timing_summary -file ../reports/37_13_Argmax_P3_PO0_SAV_MULTPIPE1_timing.rpt
| Design            : waiz_benchmark
| Device            : xcvu13p-fhga2104
| Speed File        : -3  PRODUCTION 1.23 03-18-2019
| Temperature Grade : E
----------------------------------------------------------------------------------------------------------

Timing Summary Report

------------------------------------------------------------------------------------------------
| Timer Settings
| --------------
------------------------------------------------------------------------------------------------

  Enable Multi Corner Analysis               :  Yes
  Enable Pessimism Removal                   :  Yes
  Pessimism Removal Resolution               :  Nearest Common Node
  Enable Input Delay Default Clock           :  No
  Enable Preset / Clear Arcs                 :  No
  Disable Flight Delays                      :  No
  Ignore I/O Paths                           :  No
  Timing Early Launch at Borrowing Latches   :  No
  Borrow Time for Max Delay Exceptions       :  Yes

  Corner  Analyze    Analyze    
  Name    Max Paths  Min Paths  
  ------  ---------  ---------  
  Slow    Yes        Yes        
  Fast    Yes        Yes        



check_timing report

Table of Contents
-----------------
1. checking no_clock
2. checking constant_clock
3. checking pulse_width_clock
4. checking unconstrained_internal_endpoints
5. checking no_input_delay
6. checking no_output_delay
7. checking multiple_clock
8. checking generated_clocks
9. checking loops
10. checking partial_input_delay
11. checking partial_output_delay
12. checking latch_loops

1. checking no_clock
--------------------
 There are 0 register/latch pins with no clock.


2. checking constant_clock
--------------------------
 There are 0 register/latch pins with constant_clock.


3. checking pulse_width_clock
-----------------------------
 There are 0 register/latch pins which need pulse_width check


4. checking unconstrained_internal_endpoints
--------------------------------------------
 There are 0 pins that are not constrained for maximum delay.

 There are 0 pins that are not constrained for maximum delay due to constant clock.


5. checking no_input_delay
--------------------------
 There are 594 input ports with no input delay specified. (HIGH)

 There are 0 input ports with no input delay but user has a false path constraint.


6. checking no_output_delay
---------------------------
 There are 6 ports with no output delay specified. (HIGH)

 There are 0 ports with no output delay but user has a false path constraint

 There are 0 ports with no output delay but with a timing clock defined on it or propagating through it


7. checking multiple_clock
--------------------------
 There are 0 register/latch pins with multiple clocks.


8. checking generated_clocks
----------------------------
 There are 0 generated clocks that are not connected to a clock source.


9. checking loops
-----------------
 There are 0 combinational loops in the design.


10. checking partial_input_delay
--------------------------------
 There are 0 input ports with partial input delay specified.


11. checking partial_output_delay
---------------------------------
 There are 0 ports with partial output delay specified.


12. checking latch_loops
------------------------
 There are 0 combinational latch loops in the design through latch input



------------------------------------------------------------------------------------------------
| Design Timing Summary
| ---------------------
------------------------------------------------------------------------------------------------

    WNS(ns)      TNS(ns)  TNS Failing Endpoints  TNS Total Endpoints      WHS(ns)      THS(ns)  THS Failing Endpoints  THS Total Endpoints     WPWS(ns)     TPWS(ns)  TPWS Failing Endpoints  TPWS Total Endpoints  
    -------      -------  ---------------------  -------------------      -------      -------  ---------------------  -------------------     --------     --------  ----------------------  --------------------  
     -1.789   -16165.231                  43928               276550        0.039        0.000                      0               276550        2.225        0.000                       0                147167  


Timing constraints are not met.


------------------------------------------------------------------------------------------------
| Clock Summary
| -------------
------------------------------------------------------------------------------------------------

Clock   Waveform(ns)         Period(ns)      Frequency(MHz)
-----   ------------         ----------      --------------
ap_clk  {0.000 2.500}        5.000           200.000         


------------------------------------------------------------------------------------------------
| Intra Clock Table
| -----------------
------------------------------------------------------------------------------------------------

Clock             WNS(ns)      TNS(ns)  TNS Failing Endpoints  TNS Total Endpoints      WHS(ns)      THS(ns)  THS Failing Endpoints  THS Total Endpoints     WPWS(ns)     TPWS(ns)  TPWS Failing Endpoints  TPWS Total Endpoints  
-----             -------      -------  ---------------------  -------------------      -------      -------  ---------------------  -------------------     --------     --------  ----------------------  --------------------  
ap_clk             -1.789   -16165.231                  43928               276550        0.039        0.000                      0               276550        2.225        0.000                       0                147167  


------------------------------------------------------------------------------------------------
| Inter Clock Table
| -----------------
------------------------------------------------------------------------------------------------

From Clock    To Clock          WNS(ns)      TNS(ns)  TNS Failing Endpoints  TNS Total Endpoints      WHS(ns)      THS(ns)  THS Failing Endpoints  THS Total Endpoints  
----------    --------          -------      -------  ---------------------  -------------------      -------      -------  ---------------------  -------------------  


------------------------------------------------------------------------------------------------
| Other Path Groups Table
| -----------------------
------------------------------------------------------------------------------------------------

Path Group    From Clock    To Clock          WNS(ns)      TNS(ns)  TNS Failing Endpoints  TNS Total Endpoints      WHS(ns)      THS(ns)  THS Failing Endpoints  THS Total Endpoints  
----------    ----------    --------          -------      -------  ---------------------  -------------------      -------      -------  ---------------------  -------------------  


------------------------------------------------------------------------------------------------
| Timing Details
| --------------
------------------------------------------------------------------------------------------------


---------------------------------------------------------------------------------------------------
From Clock:  ap_clk
  To Clock:  ap_clk

Setup :        43928  Failing Endpoints,  Worst Slack       -1.789ns,  Total Violation   -16165.232ns
Hold  :            0  Failing Endpoints,  Worst Slack        0.039ns,  Total Violation        0.000ns
PW    :            0  Failing Endpoints,  Worst Slack        2.225ns,  Total Violation        0.000ns
---------------------------------------------------------------------------------------------------


Max Delay Paths
--------------------------------------------------------------------------------------
Slack (VIOLATED) :        -1.789ns  (required time - arrival time)
  Source:                 denselayer2/INPUT_SIZE_rows[19].OUTPUT_SIZE_cols[8].sa/data_out_reg[0]/C
                            (rising edge-triggered cell FDRE clocked by ap_clk  {rise@0.000ns fall@2.500ns period=5.000ns})
  Destination:            denselayer2/sum_all/col_trees[22].column_tree/genblk2[0].genblk1[1].tree_reg[1][35]/D
                            (rising edge-triggered cell FDRE clocked by ap_clk  {rise@0.000ns fall@2.500ns period=5.000ns})
  Path Group:             ap_clk
  Path Type:              Setup (Max at Slow Process Corner)
  Requirement:            5.000ns  (ap_clk rise@5.000ns - ap_clk rise@0.000ns)
  Data Path Delay:        6.729ns  (logic 1.059ns (15.738%)  route 5.670ns (84.262%))
  Logic Levels:           12  (CARRY8=7 LUT2=1 LUT3=3 LUT5=1)
  Clock Path Skew:        -0.048ns (DCD - SCD + CPR)
    Destination Clock Delay (DCD):    3.372ns = ( 8.372 - 5.000 ) 
    Source Clock Delay      (SCD):    3.778ns
    Clock Pessimism Removal (CPR):    0.358ns
  Clock Uncertainty:      0.035ns  ((TSJ^2 + TIJ^2)^1/2 + DJ) / 2 + PE
    Total System Jitter     (TSJ):    0.071ns
    Total Input Jitter      (TIJ):    0.000ns
    Discrete Jitter          (DJ):    0.000ns
    Phase Error              (PE):    0.000ns
  Clock Net Delay (Source):      2.822ns (routing 1.128ns, distribution 1.694ns)
  Clock Net Delay (Destination): 2.661ns (routing 1.023ns, distribution 1.638ns)

    Location             Delay type                Incr(ns)  Path(ns)    Netlist Resource(s)
  -------------------------------------------------------------------    -------------------
                         (clock ap_clk rise edge)     0.000     0.000 r  
    BC10                                              0.000     0.000 r  clk (IN)
                         net (fo=0)                   0.000     0.000    clk_IBUF_inst/I
    BC10                 INBUF (Prop_INBUF_HPIOB_M_PAD_O)
                                                      0.593     0.593 r  clk_IBUF_inst/INBUF_INST/O
                         net (fo=1, routed)           0.000     0.593    clk_IBUF_inst/OUT
    BC10                 IBUFCTRL (Prop_IBUFCTRL_HPIOB_M_I_O)
                                                      0.000     0.593 r  clk_IBUF_inst/IBUFCTRL_INST/O
                         net (fo=1, routed)           0.335     0.928    clk_IBUF
    BUFGCE_X0Y146        BUFGCE (Prop_BUFCE_BUFGCE_I_O)
                                                      0.028     0.956 r  clk_IBUF_BUFG_inst/O
    X3Y9 (CLOCK_ROOT)    net (fo=168243, routed)      2.822     3.778    denselayer2/INPUT_SIZE_rows[19].OUTPUT_SIZE_cols[8].sa/clk_IBUF_BUFG
    SLR Crossing[1->2]   
    SLICE_X76Y677        FDRE                                         r  denselayer2/INPUT_SIZE_rows[19].OUTPUT_SIZE_cols[8].sa/data_out_reg[0]/C
  -------------------------------------------------------------------    -------------------
    SLICE_X76Y677        FDRE (Prop_AFF_SLICEM_C_Q)
                                                      0.066     3.844 r  denselayer2/INPUT_SIZE_rows[19].OUTPUT_SIZE_cols[8].sa/data_out_reg[0]/Q
                         net (fo=9, routed)           0.892     4.736    denselayer2/INPUT_SIZE_rows[19].OUTPUT_SIZE_cols[22].sa/data_out_reg__0[0]
    SLICE_X115Y677       LUT2 (Prop_B6LUT_SLICEM_I1_O)
                                                      0.047     4.783 r  denselayer2/INPUT_SIZE_rows[19].OUTPUT_SIZE_cols[22].sa/i___0_i_29/O
                         net (fo=1, routed)           0.020     4.803    denselayer2/INPUT_SIZE_rows[19].OUTPUT_SIZE_cols[22].sa/i___0_i_29_n_0
    SLICE_X115Y677       CARRY8 (Prop_CARRY8_SLICEM_S[1]_O[3])
                                                      0.107     4.910 r  denselayer2/INPUT_SIZE_rows[19].OUTPUT_SIZE_cols[22].sa/i___0_i_14/O[3]
                         net (fo=3, routed)           0.309     5.219    denselayer2/INPUT_SIZE_rows[18].OUTPUT_SIZE_cols[22].sa/p_1430_out[12]
    SLICE_X113Y676       LUT3 (Prop_E6LUT_SLICEL_I1_O)
                                                      0.114     5.333 r  denselayer2/INPUT_SIZE_rows[18].OUTPUT_SIZE_cols[22].sa/genblk2[0].genblk1[1].tree[1][36]_i_1620__8/O
                         net (fo=1, routed)           0.411     5.744    denselayer2/INPUT_SIZE_rows[20].OUTPUT_SIZE_cols[22].sa/genblk2[0].genblk1[1].tree[1][31]_i_257__21[5]
    SLICE_X112Y676       CARRY8 (Prop_CARRY8_SLICEL_DI[5]_CO[7])
                                                      0.064     5.808 r  denselayer2/INPUT_SIZE_rows[20].OUTPUT_SIZE_cols[22].sa/genblk2[0].genblk1[1].tree_reg[1][36]_i_732__7/CO[7]
                         net (fo=1, routed)           0.023     5.831    denselayer2/INPUT_SIZE_rows[20].OUTPUT_SIZE_cols[22].sa/genblk2[0].genblk1[1].tree_reg[1][36]_i_732__7_n_0
    SLICE_X112Y677       CARRY8 (Prop_CARRY8_SLICEL_CI_O[3])
                                                      0.072     5.903 r  denselayer2/INPUT_SIZE_rows[20].OUTPUT_SIZE_cols[22].sa/genblk2[0].genblk1[1].tree_reg[1][36]_i_715__18/O[3]
                         net (fo=3, routed)           0.366     6.269    denselayer2_n_12615
    SLICE_X106Y667       LUT3 (Prop_A6LUT_SLICEM_I0_O)
                                                      0.032     6.301 r  genblk2[0].genblk1[1].tree[1][36]_i_597__21/O
                         net (fo=1, routed)           0.557     6.858    genblk2[0].genblk1[1].tree[1][36]_i_597__21_n_0
    SLICE_X105Y660       CARRY8 (Prop_CARRY8_SLICEL_DI[4]_O[7])
                                                      0.106     6.964 r  genblk2[0].genblk1[1].tree_reg[1][36]_i_162__21/O[7]
                         net (fo=3, routed)           0.941     7.905    genblk2[0].genblk1[1].tree_reg[1][36]_i_162__21_n_8
    SLICE_X94Y600        LUT3 (Prop_F6LUT_SLICEM_I2_O)
                                                      0.114     8.019 r  genblk2[0].genblk1[1].tree[1][36]_i_105__21/O
                         net (fo=1, routed)           0.392     8.411    genblk2[0].genblk1[1].tree[1][36]_i_105__21_n_0
    SLICE_X95Y602        CARRY8 (Prop_CARRY8_SLICEM_DI[0]_O[2])
                                                      0.097     8.508 r  genblk2[0].genblk1[1].tree_reg[1][36]_i_20__21/O[2]
                         net (fo=3, routed)           1.312     9.820    denselayer2/sum_all/col_trees[22].column_tree/genblk2[0].genblk1[1].tree_reg[1][36]_0[2]
    SLICE_X132Y608       LUT5 (Prop_F6LUT_SLICEL_I4_O)
                                                      0.088     9.908 r  denselayer2/sum_all/col_trees[22].column_tree/genblk2[0].genblk1[1].tree[1][31]_i_5__85/O
                         net (fo=1, routed)           0.399    10.307    denselayer2/sum_all/col_trees[22].column_tree/genblk2[0].genblk1[1].tree[1][31]_i_5__85_n_0
    SLICE_X132Y607       CARRY8 (Prop_CARRY8_SLICEL_DI[4]_CO[7])
                                                      0.080    10.387 r  denselayer2/sum_all/col_trees[22].column_tree/genblk2[0].genblk1[1].tree_reg[1][31]_i_1__21/CO[7]
                         net (fo=1, routed)           0.023    10.410    denselayer2/sum_all/col_trees[22].column_tree/genblk2[0].genblk1[1].tree_reg[1][31]_i_1__21_n_0
    SLICE_X132Y608       CARRY8 (Prop_CARRY8_SLICEL_CI_O[3])
                                                      0.072    10.482 r  denselayer2/sum_all/col_trees[22].column_tree/genblk2[0].genblk1[1].tree_reg[1][36]_i_1__21/O[3]
                         net (fo=1, routed)           0.025    10.507    denselayer2/sum_all/col_trees[22].column_tree/p_0_in[35]
    SLICE_X132Y608       FDRE                                         r  denselayer2/sum_all/col_trees[22].column_tree/genblk2[0].genblk1[1].tree_reg[1][35]/D
  -------------------------------------------------------------------    -------------------

                         (clock ap_clk rise edge)     5.000     5.000 r  
    BC10                                              0.000     5.000 r  clk (IN)
                         net (fo=0)                   0.000     5.000    clk_IBUF_inst/I
    BC10                 INBUF (Prop_INBUF_HPIOB_M_PAD_O)
                                                      0.389     5.389 r  clk_IBUF_inst/INBUF_INST/O
                         net (fo=1, routed)           0.000     5.389    clk_IBUF_inst/OUT
    BC10                 IBUFCTRL (Prop_IBUFCTRL_HPIOB_M_I_O)
                                                      0.000     5.389 r  clk_IBUF_inst/IBUFCTRL_INST/O
                         net (fo=1, routed)           0.298     5.687    clk_IBUF
    BUFGCE_X0Y146        BUFGCE (Prop_BUFCE_BUFGCE_I_O)
                                                      0.024     5.711 r  clk_IBUF_BUFG_inst/O
    X3Y9 (CLOCK_ROOT)    net (fo=168243, routed)      2.661     8.372    denselayer2/sum_all/col_trees[22].column_tree/clk_IBUF_BUFG
    SLR Crossing[1->2]   
    SLICE_X132Y608       FDRE                                         r  denselayer2/sum_all/col_trees[22].column_tree/genblk2[0].genblk1[1].tree_reg[1][35]/C
                         clock pessimism              0.358     8.730    
                         clock uncertainty           -0.035     8.695    
    SLICE_X132Y608       FDRE (Setup_DFF_SLICEL_C_D)
                                                      0.023     8.718    denselayer2/sum_all/col_trees[22].column_tree/genblk2[0].genblk1[1].tree_reg[1][35]
  -------------------------------------------------------------------
                         required time                          8.718    
                         arrival time                         -10.507    
  -------------------------------------------------------------------
                         slack                                 -1.789    





Min Delay Paths
--------------------------------------------------------------------------------------
Slack (MET) :             0.039ns  (arrival time - required time)
  Source:                 denselayer1/ready_buffer_reg[2]/C
                            (rising edge-triggered cell FDCE clocked by ap_clk  {rise@0.000ns fall@2.500ns period=5.000ns})
  Destination:            denselayer1/ready_buffer_reg[1]/D
                            (rising edge-triggered cell FDCE clocked by ap_clk  {rise@0.000ns fall@2.500ns period=5.000ns})
  Path Group:             ap_clk
  Path Type:              Hold (Min at Fast Process Corner)
  Requirement:            0.000ns  (ap_clk rise@0.000ns - ap_clk rise@0.000ns)
  Data Path Delay:        0.103ns  (logic 0.039ns (37.864%)  route 0.064ns (62.136%))
  Logic Levels:           0  
  Clock Path Skew:        0.018ns (DCD - SCD - CPR)
    Destination Clock Delay (DCD):    2.627ns
    Source Clock Delay      (SCD):    2.202ns
    Clock Pessimism Removal (CPR):    0.408ns
  Clock Net Delay (Source):      1.736ns (routing 0.681ns, distribution 1.055ns)
  Clock Net Delay (Destination): 1.938ns (routing 0.759ns, distribution 1.179ns)

    Location             Delay type                Incr(ns)  Path(ns)    Netlist Resource(s)
  -------------------------------------------------------------------    -------------------
                         (clock ap_clk rise edge)     0.000     0.000 r  
    BC10                                              0.000     0.000 r  clk (IN)
                         net (fo=0)                   0.000     0.000    clk_IBUF_inst/I
    BC10                 INBUF (Prop_INBUF_HPIOB_M_PAD_O)
                                                      0.293     0.293 r  clk_IBUF_inst/INBUF_INST/O
                         net (fo=1, routed)           0.000     0.293    clk_IBUF_inst/OUT
    BC10                 IBUFCTRL (Prop_IBUFCTRL_HPIOB_M_I_O)
                                                      0.000     0.293 r  clk_IBUF_inst/IBUFCTRL_INST/O
                         net (fo=1, routed)           0.156     0.449    clk_IBUF
    BUFGCE_X0Y146        BUFGCE (Prop_BUFCE_BUFGCE_I_O)
                                                      0.017     0.466 r  clk_IBUF_BUFG_inst/O
    X3Y9 (CLOCK_ROOT)    net (fo=168243, routed)      1.736     2.202    denselayer1/clk_IBUF_BUFG
    SLICE_X117Y450       FDCE                                         r  denselayer1/ready_buffer_reg[2]/C
  -------------------------------------------------------------------    -------------------
    SLICE_X117Y450       FDCE (Prop_EFF_SLICEL_C_Q)
                                                      0.039     2.241 r  denselayer1/ready_buffer_reg[2]/Q
                         net (fo=1, routed)           0.064     2.305    denselayer1/ready_buffer[2]
    SLICE_X117Y451       FDCE                                         r  denselayer1/ready_buffer_reg[1]/D
  -------------------------------------------------------------------    -------------------

                         (clock ap_clk rise edge)     0.000     0.000 r  
    BC10                                              0.000     0.000 r  clk (IN)
                         net (fo=0)                   0.000     0.000    clk_IBUF_inst/I
    BC10                 INBUF (Prop_INBUF_HPIOB_M_PAD_O)
                                                      0.479     0.479 r  clk_IBUF_inst/INBUF_INST/O
                         net (fo=1, routed)           0.000     0.479    clk_IBUF_inst/OUT
    BC10                 IBUFCTRL (Prop_IBUFCTRL_HPIOB_M_I_O)
                                                      0.000     0.479 r  clk_IBUF_inst/IBUFCTRL_INST/O
                         net (fo=1, routed)           0.191     0.670    clk_IBUF
    BUFGCE_X0Y146        BUFGCE (Prop_BUFCE_BUFGCE_I_O)
                                                      0.019     0.689 r  clk_IBUF_BUFG_inst/O
    X3Y9 (CLOCK_ROOT)    net (fo=168243, routed)      1.938     2.627    denselayer1/clk_IBUF_BUFG
    SLICE_X117Y451       FDCE                                         r  denselayer1/ready_buffer_reg[1]/C
                         clock pessimism             -0.408     2.219    
    SLICE_X117Y451       FDCE (Hold_AFF_SLICEL_C_D)
                                                      0.046     2.265    denselayer1/ready_buffer_reg[1]
  -------------------------------------------------------------------
                         required time                         -2.265    
                         arrival time                           2.305    
  -------------------------------------------------------------------
                         slack                                  0.039    





Pulse Width Checks
--------------------------------------------------------------------------------------
Clock Name:         ap_clk
Waveform(ns):       { 0.000 2.500 }
Period(ns):         5.000
Sources:            { clk }

Check Type        Corner  Lib Pin   Reference Pin  Required(ns)  Actual(ns)  Slack(ns)  Location        Pin
Min Period        n/a     BUFGCE/I  n/a            1.122         5.000       3.878      BUFGCE_X0Y146   clk_IBUF_BUFG_inst/I
Low Pulse Width   Slow    FDRE/C    n/a            0.275         2.500       2.225      SLICE_X87Y709   denselayer2/INPUT_SIZE_rows[15].OUTPUT_SIZE_cols[31].sa/data_out_reg[32]/C
High Pulse Width  Slow    FDRE/C    n/a            0.275         2.500       2.225      SLICE_X188Y458  denselayer3/INPUT_SIZE_rows[10].OUTPUT_SIZE_cols[6].sa/data_out_reg[10]/C



