Copyright 1986-2019 Xilinx, Inc. All Rights Reserved.
----------------------------------------------------------------------------------------------
| Tool Version      : Vivado v.2019.1 (lin64) Build 2552052 Fri May 24 14:47:09 MDT 2019
| Date              : Fri Nov 28 10:52:57 2025
| Host              : hvm1 running 64-bit Ubuntu 22.04.5 LTS
| Command           : report_timing_summary -file ../reports/37_13_Argmax_pipe3PO1_timing.rpt
| Design            : waiz_benchmark
| Device            : xcvu13p-fhga2104
| Speed File        : -3  PRODUCTION 1.23 03-18-2019
| Temperature Grade : E
----------------------------------------------------------------------------------------------

Timing Summary Report

------------------------------------------------------------------------------------------------
| Timer Settings
| --------------
------------------------------------------------------------------------------------------------

  Enable Multi Corner Analysis               :  Yes
  Enable Pessimism Removal                   :  Yes
  Pessimism Removal Resolution               :  Nearest Common Node
  Enable Input Delay Default Clock           :  No
  Enable Preset / Clear Arcs                 :  No
  Disable Flight Delays                      :  No
  Ignore I/O Paths                           :  No
  Timing Early Launch at Borrowing Latches   :  No
  Borrow Time for Max Delay Exceptions       :  Yes

  Corner  Analyze    Analyze    
  Name    Max Paths  Min Paths  
  ------  ---------  ---------  
  Slow    Yes        Yes        
  Fast    Yes        Yes        



check_timing report

Table of Contents
-----------------
1. checking no_clock
2. checking constant_clock
3. checking pulse_width_clock
4. checking unconstrained_internal_endpoints
5. checking no_input_delay
6. checking no_output_delay
7. checking multiple_clock
8. checking generated_clocks
9. checking loops
10. checking partial_input_delay
11. checking partial_output_delay
12. checking latch_loops

1. checking no_clock
--------------------
 There are 0 register/latch pins with no clock.


2. checking constant_clock
--------------------------
 There are 0 register/latch pins with constant_clock.


3. checking pulse_width_clock
-----------------------------
 There are 0 register/latch pins which need pulse_width check


4. checking unconstrained_internal_endpoints
--------------------------------------------
 There are 0 pins that are not constrained for maximum delay.

 There are 0 pins that are not constrained for maximum delay due to constant clock.


5. checking no_input_delay
--------------------------
 There are 594 input ports with no input delay specified. (HIGH)

 There are 0 input ports with no input delay but user has a false path constraint.


6. checking no_output_delay
---------------------------
 There are 6 ports with no output delay specified. (HIGH)

 There are 0 ports with no output delay but user has a false path constraint

 There are 0 ports with no output delay but with a timing clock defined on it or propagating through it


7. checking multiple_clock
--------------------------
 There are 0 register/latch pins with multiple clocks.


8. checking generated_clocks
----------------------------
 There are 0 generated clocks that are not connected to a clock source.


9. checking loops
-----------------
 There are 0 combinational loops in the design.


10. checking partial_input_delay
--------------------------------
 There are 0 input ports with partial input delay specified.


11. checking partial_output_delay
---------------------------------
 There are 0 ports with partial output delay specified.


12. checking latch_loops
------------------------
 There are 0 combinational latch loops in the design through latch input



------------------------------------------------------------------------------------------------
| Design Timing Summary
| ---------------------
------------------------------------------------------------------------------------------------

    WNS(ns)      TNS(ns)  TNS Failing Endpoints  TNS Total Endpoints      WHS(ns)      THS(ns)  THS Failing Endpoints  THS Total Endpoints     WPWS(ns)     TPWS(ns)  TPWS Failing Endpoints  TPWS Total Endpoints  
    -------      -------  ---------------------  -------------------      -------      -------  ---------------------  -------------------     --------     --------  ----------------------  --------------------  
     -1.491   -16266.346                  53387               170853        0.029        0.000                      0               170853        2.225        0.000                       0                134214  


Timing constraints are not met.


------------------------------------------------------------------------------------------------
| Clock Summary
| -------------
------------------------------------------------------------------------------------------------

Clock   Waveform(ns)         Period(ns)      Frequency(MHz)
-----   ------------         ----------      --------------
ap_clk  {0.000 2.500}        5.000           200.000         


------------------------------------------------------------------------------------------------
| Intra Clock Table
| -----------------
------------------------------------------------------------------------------------------------

Clock             WNS(ns)      TNS(ns)  TNS Failing Endpoints  TNS Total Endpoints      WHS(ns)      THS(ns)  THS Failing Endpoints  THS Total Endpoints     WPWS(ns)     TPWS(ns)  TPWS Failing Endpoints  TPWS Total Endpoints  
-----             -------      -------  ---------------------  -------------------      -------      -------  ---------------------  -------------------     --------     --------  ----------------------  --------------------  
ap_clk             -1.491   -16266.346                  53387               170853        0.029        0.000                      0               170853        2.225        0.000                       0                134214  


------------------------------------------------------------------------------------------------
| Inter Clock Table
| -----------------
------------------------------------------------------------------------------------------------

From Clock    To Clock          WNS(ns)      TNS(ns)  TNS Failing Endpoints  TNS Total Endpoints      WHS(ns)      THS(ns)  THS Failing Endpoints  THS Total Endpoints  
----------    --------          -------      -------  ---------------------  -------------------      -------      -------  ---------------------  -------------------  


------------------------------------------------------------------------------------------------
| Other Path Groups Table
| -----------------------
------------------------------------------------------------------------------------------------

Path Group    From Clock    To Clock          WNS(ns)      TNS(ns)  TNS Failing Endpoints  TNS Total Endpoints      WHS(ns)      THS(ns)  THS Failing Endpoints  THS Total Endpoints  
----------    ----------    --------          -------      -------  ---------------------  -------------------      -------      -------  ---------------------  -------------------  


------------------------------------------------------------------------------------------------
| Timing Details
| --------------
------------------------------------------------------------------------------------------------


---------------------------------------------------------------------------------------------------
From Clock:  ap_clk
  To Clock:  ap_clk

Setup :        53387  Failing Endpoints,  Worst Slack       -1.491ns,  Total Violation   -16266.345ns
Hold  :            0  Failing Endpoints,  Worst Slack        0.029ns,  Total Violation        0.000ns
PW    :            0  Failing Endpoints,  Worst Slack        2.225ns,  Total Violation        0.000ns
---------------------------------------------------------------------------------------------------


Max Delay Paths
--------------------------------------------------------------------------------------
Slack (VIOLATED) :        -1.491ns  (required time - arrival time)
  Source:                 denselayer2/INPUT_SIZE_rows[7].OUTPUT_SIZE_cols[8].sa/data_out_reg[0]/C
                            (rising edge-triggered cell FDRE clocked by ap_clk  {rise@0.000ns fall@2.500ns period=5.000ns})
  Destination:            denselayer2/sum_all/col_trees[1].column_tree/genblk2[0].genblk1[1].tree_reg[1][36]/D
                            (rising edge-triggered cell FDRE clocked by ap_clk  {rise@0.000ns fall@2.500ns period=5.000ns})
  Path Group:             ap_clk
  Path Type:              Setup (Max at Slow Process Corner)
  Requirement:            5.000ns  (ap_clk rise@5.000ns - ap_clk rise@0.000ns)
  Data Path Delay:        5.947ns  (logic 1.154ns (19.405%)  route 4.793ns (80.595%))
  Logic Levels:           14  (CARRY8=8 LUT2=1 LUT3=4 LUT5=1)
  Clock Path Skew:        -0.532ns (DCD - SCD + CPR)
    Destination Clock Delay (DCD):    3.182ns = ( 8.182 - 5.000 ) 
    Source Clock Delay      (SCD):    4.064ns
    Clock Pessimism Removal (CPR):    0.350ns
  Clock Uncertainty:      0.035ns  ((TSJ^2 + TIJ^2)^1/2 + DJ) / 2 + PE
    Total System Jitter     (TSJ):    0.071ns
    Total Input Jitter      (TIJ):    0.000ns
    Discrete Jitter          (DJ):    0.000ns
    Phase Error              (PE):    0.000ns
  Clock Net Delay (Source):      3.108ns (routing 1.128ns, distribution 1.980ns)
  Clock Net Delay (Destination): 2.471ns (routing 1.023ns, distribution 1.448ns)

    Location             Delay type                Incr(ns)  Path(ns)    Netlist Resource(s)
  -------------------------------------------------------------------    -------------------
                         (clock ap_clk rise edge)     0.000     0.000 r  
    BC10                                              0.000     0.000 r  clk (IN)
                         net (fo=0)                   0.000     0.000    clk_IBUF_inst/I
    BC10                 INBUF (Prop_INBUF_HPIOB_M_PAD_O)
                                                      0.593     0.593 r  clk_IBUF_inst/INBUF_INST/O
                         net (fo=1, routed)           0.000     0.593    clk_IBUF_inst/OUT
    BC10                 IBUFCTRL (Prop_IBUFCTRL_HPIOB_M_I_O)
                                                      0.000     0.593 r  clk_IBUF_inst/IBUFCTRL_INST/O
                         net (fo=1, routed)           0.335     0.928    clk_IBUF
    BUFGCE_X0Y146        BUFGCE (Prop_BUFCE_BUFGCE_I_O)
                                                      0.028     0.956 r  clk_IBUF_BUFG_inst/O
    X3Y9 (CLOCK_ROOT)    net (fo=143848, routed)      3.108     4.064    denselayer2/INPUT_SIZE_rows[7].OUTPUT_SIZE_cols[8].sa/clk_IBUF_BUFG
    SLR Crossing[1->2]   
    SLICE_X185Y660       FDRE                                         r  denselayer2/INPUT_SIZE_rows[7].OUTPUT_SIZE_cols[8].sa/data_out_reg[0]/C
  -------------------------------------------------------------------    -------------------
    SLICE_X185Y660       FDRE (Prop_EFF_SLICEL_C_Q)
                                                      0.070     4.134 r  denselayer2/INPUT_SIZE_rows[7].OUTPUT_SIZE_cols[8].sa/data_out_reg[0]/Q
                         net (fo=6, routed)           1.147     5.281    denselayer2/INPUT_SIZE_rows[7].OUTPUT_SIZE_cols[1].sa/data_out_reg__0[0]
    SLICE_X154Y606       LUT2 (Prop_B6LUT_SLICEM_I1_O)
                                                      0.031     5.312 r  denselayer2/INPUT_SIZE_rows[7].OUTPUT_SIZE_cols[1].sa/i__carry_i_7__173/O
                         net (fo=1, routed)           0.020     5.332    denselayer2/INPUT_SIZE_rows[7].OUTPUT_SIZE_cols[1].sa/i__carry_i_7__173_n_0
    SLICE_X154Y606       CARRY8 (Prop_CARRY8_SLICEM_S[1]_O[2])
                                                      0.104     5.436 r  denselayer2/INPUT_SIZE_rows[7].OUTPUT_SIZE_cols[1].sa/data_out0_inferred__1/i__carry/O[2]
                         net (fo=3, routed)           0.171     5.607    denselayer2/INPUT_SIZE_rows[6].OUTPUT_SIZE_cols[1].sa/p_1793_out[11]
    SLICE_X154Y603       LUT3 (Prop_F6LUT_SLICEM_I1_O)
                                                      0.081     5.688 r  denselayer2/INPUT_SIZE_rows[6].OUTPUT_SIZE_cols[1].sa/genblk2[0].genblk1[1].tree[1][36]_i_1482__0/O
                         net (fo=1, routed)           0.414     6.102    denselayer2/INPUT_SIZE_rows[1].OUTPUT_SIZE_cols[1].sa/genblk2[0].genblk1[1].tree[1][31]_i_177__0[4]
    SLICE_X152Y603       CARRY8 (Prop_CARRY8_SLICEM_DI[4]_O[6])
                                                      0.102     6.204 r  denselayer2/INPUT_SIZE_rows[1].OUTPUT_SIZE_cols[1].sa/genblk2[0].genblk1[1].tree_reg[1][36]_i_724__0/O[6]
                         net (fo=3, routed)           0.228     6.432    denselayer2_n_16648
    SLICE_X153Y601       LUT3 (Prop_G6LUT_SLICEL_I1_O)
                                                      0.134     6.566 r  genblk2[0].genblk1[1].tree[1][31]_i_162__0/O
                         net (fo=1, routed)           0.273     6.839    genblk2[0].genblk1[1].tree[1][31]_i_162__0_n_0
    SLICE_X152Y598       CARRY8 (Prop_CARRY8_SLICEM_DI[7]_CO[7])
                                                      0.045     6.884 r  genblk2[0].genblk1[1].tree_reg[1][31]_i_105__0/CO[7]
                         net (fo=1, routed)           0.023     6.907    genblk2[0].genblk1[1].tree_reg[1][31]_i_105__0_n_0
    SLICE_X152Y599       CARRY8 (Prop_CARRY8_SLICEM_CI_O[0])
                                                      0.050     6.957 r  genblk2[0].genblk1[1].tree_reg[1][36]_i_157__0/O[0]
                         net (fo=3, routed)           1.183     8.140    denselayer2/INPUT_SIZE_rows[62].OUTPUT_SIZE_cols[1].sa/genblk2[0].genblk1[1].tree_reg[1][36]_i_19__0_0[0]
    SLICE_X114Y597       LUT3 (Prop_A6LUT_SLICEM_I0_O)
                                                      0.048     8.188 r  denselayer2/INPUT_SIZE_rows[62].OUTPUT_SIZE_cols[1].sa/genblk2[0].genblk1[1].tree[1][31]_i_60__0/O
                         net (fo=1, routed)           0.207     8.395    denselayer2/INPUT_SIZE_rows[62].OUTPUT_SIZE_cols[1].sa/genblk2[0].genblk1[1].tree[1][31]_i_60__0_n_0
    SLICE_X113Y598       CARRY8 (Prop_CARRY8_SLICEL_DI[1]_O[5])
                                                      0.168     8.563 r  denselayer2/INPUT_SIZE_rows[62].OUTPUT_SIZE_cols[1].sa/genblk2[0].genblk1[1].tree_reg[1][31]_i_26__0/O[5]
                         net (fo=3, routed)           0.560     9.123    denselayer2/sum_all/col_trees[1].column_tree/genblk2[0].genblk1[1].tree_reg[1][31]_1[5]
    SLICE_X107Y583       LUT3 (Prop_C6LUT_SLICEM_I2_O)
                                                      0.047     9.170 r  denselayer2/sum_all/col_trees[1].column_tree/genblk2[0].genblk1[1].tree[1][23]_i_19__64/O
                         net (fo=3, routed)           0.199     9.369    denselayer2/sum_all/col_trees[1].column_tree/genblk2[0].genblk1[1].tree[1][23]_i_19__64_n_0
    SLICE_X108Y586       LUT5 (Prop_H6LUT_SLICEL_I1_O)
                                                      0.135     9.504 r  denselayer2/sum_all/col_trees[1].column_tree/genblk2[0].genblk1[1].tree[1][23]_i_3__64/O
                         net (fo=1, routed)           0.298     9.802    denselayer2/sum_all/col_trees[1].column_tree/genblk2[0].genblk1[1].tree[1][23]_i_3__64_n_0
    SLICE_X107Y586       CARRY8 (Prop_CARRY8_SLICEM_DI[6]_CO[7])
                                                      0.051     9.853 r  denselayer2/sum_all/col_trees[1].column_tree/genblk2[0].genblk1[1].tree_reg[1][23]_i_1__0/CO[7]
                         net (fo=1, routed)           0.023     9.876    denselayer2/sum_all/col_trees[1].column_tree/genblk2[0].genblk1[1].tree_reg[1][23]_i_1__0_n_0
    SLICE_X107Y587       CARRY8 (Prop_CARRY8_SLICEM_CI_CO[7])
                                                      0.012     9.888 r  denselayer2/sum_all/col_trees[1].column_tree/genblk2[0].genblk1[1].tree_reg[1][31]_i_1__0/CO[7]
                         net (fo=1, routed)           0.023     9.911    denselayer2/sum_all/col_trees[1].column_tree/genblk2[0].genblk1[1].tree_reg[1][31]_i_1__0_n_0
    SLICE_X107Y588       CARRY8 (Prop_CARRY8_SLICEM_CI_O[4])
                                                      0.076     9.987 r  denselayer2/sum_all/col_trees[1].column_tree/genblk2[0].genblk1[1].tree_reg[1][36]_i_1__0/O[4]
                         net (fo=1, routed)           0.024    10.011    denselayer2/sum_all/col_trees[1].column_tree/p_0_in[36]
    SLICE_X107Y588       FDRE                                         r  denselayer2/sum_all/col_trees[1].column_tree/genblk2[0].genblk1[1].tree_reg[1][36]/D
  -------------------------------------------------------------------    -------------------

                         (clock ap_clk rise edge)     5.000     5.000 r  
    BC10                                              0.000     5.000 r  clk (IN)
                         net (fo=0)                   0.000     5.000    clk_IBUF_inst/I
    BC10                 INBUF (Prop_INBUF_HPIOB_M_PAD_O)
                                                      0.389     5.389 r  clk_IBUF_inst/INBUF_INST/O
                         net (fo=1, routed)           0.000     5.389    clk_IBUF_inst/OUT
    BC10                 IBUFCTRL (Prop_IBUFCTRL_HPIOB_M_I_O)
                                                      0.000     5.389 r  clk_IBUF_inst/IBUFCTRL_INST/O
                         net (fo=1, routed)           0.298     5.687    clk_IBUF
    BUFGCE_X0Y146        BUFGCE (Prop_BUFCE_BUFGCE_I_O)
                                                      0.024     5.711 r  clk_IBUF_BUFG_inst/O
    X3Y9 (CLOCK_ROOT)    net (fo=143848, routed)      2.471     8.182    denselayer2/sum_all/col_trees[1].column_tree/clk_IBUF_BUFG
    SLR Crossing[1->2]   
    SLICE_X107Y588       FDRE                                         r  denselayer2/sum_all/col_trees[1].column_tree/genblk2[0].genblk1[1].tree_reg[1][36]/C
                         clock pessimism              0.350     8.532    
                         clock uncertainty           -0.035     8.497    
    SLICE_X107Y588       FDRE (Setup_EFF_SLICEM_C_D)
                                                      0.023     8.520    denselayer2/sum_all/col_trees[1].column_tree/genblk2[0].genblk1[1].tree_reg[1][36]
  -------------------------------------------------------------------
                         required time                          8.520    
                         arrival time                         -10.011    
  -------------------------------------------------------------------
                         slack                                 -1.491    





Min Delay Paths
--------------------------------------------------------------------------------------
Slack (MET) :             0.029ns  (arrival time - required time)
  Source:                 denselayer3/sum_all/col_trees[17].column_tree/genblk2[0].genblk1[1].tree_reg[1][28]/C
                            (rising edge-triggered cell FDRE clocked by ap_clk  {rise@0.000ns fall@2.500ns period=5.000ns})
  Destination:            denselayer3/output_data_reg[17][28]/D
                            (rising edge-triggered cell FDRE clocked by ap_clk  {rise@0.000ns fall@2.500ns period=5.000ns})
  Path Group:             ap_clk
  Path Type:              Hold (Min at Fast Process Corner)
  Requirement:            0.000ns  (ap_clk rise@0.000ns - ap_clk rise@0.000ns)
  Data Path Delay:        0.178ns  (logic 0.056ns (31.461%)  route 0.122ns (68.539%))
  Logic Levels:           1  (CARRY8=1)
  Clock Path Skew:        0.103ns (DCD - SCD - CPR)
    Destination Clock Delay (DCD):    2.804ns
    Source Clock Delay      (SCD):    2.371ns
    Clock Pessimism Removal (CPR):    0.330ns
  Clock Net Delay (Source):      1.905ns (routing 0.681ns, distribution 1.224ns)
  Clock Net Delay (Destination): 2.115ns (routing 0.759ns, distribution 1.356ns)

    Location             Delay type                Incr(ns)  Path(ns)    Netlist Resource(s)
  -------------------------------------------------------------------    -------------------
                         (clock ap_clk rise edge)     0.000     0.000 r  
    BC10                                              0.000     0.000 r  clk (IN)
                         net (fo=0)                   0.000     0.000    clk_IBUF_inst/I
    BC10                 INBUF (Prop_INBUF_HPIOB_M_PAD_O)
                                                      0.293     0.293 r  clk_IBUF_inst/INBUF_INST/O
                         net (fo=1, routed)           0.000     0.293    clk_IBUF_inst/OUT
    BC10                 IBUFCTRL (Prop_IBUFCTRL_HPIOB_M_I_O)
                                                      0.000     0.293 r  clk_IBUF_inst/IBUFCTRL_INST/O
                         net (fo=1, routed)           0.156     0.449    clk_IBUF
    BUFGCE_X0Y146        BUFGCE (Prop_BUFCE_BUFGCE_I_O)
                                                      0.017     0.466 r  clk_IBUF_BUFG_inst/O
    X3Y9 (CLOCK_ROOT)    net (fo=143848, routed)      1.905     2.371    denselayer3/sum_all/col_trees[17].column_tree/clk_IBUF_BUFG
    SLICE_X179Y413       FDRE                                         r  denselayer3/sum_all/col_trees[17].column_tree/genblk2[0].genblk1[1].tree_reg[1][28]/C
  -------------------------------------------------------------------    -------------------
    SLICE_X179Y413       FDRE (Prop_EFF_SLICEM_C_Q)
                                                      0.038     2.409 r  denselayer3/sum_all/col_trees[17].column_tree/genblk2[0].genblk1[1].tree_reg[1][28]/Q
                         net (fo=1, routed)           0.115     2.524    denselayer3/sum_all/col_trees[17].column_tree/accumulator[17]_19[28]
    SLICE_X179Y420       CARRY8 (Prop_CARRY8_SLICEM_S[1]_O[1])
                                                      0.018     2.542 r  denselayer3/sum_all/col_trees[17].column_tree/output_data_reg[17][34]_i_1/O[1]
                         net (fo=1, routed)           0.007     2.549    denselayer3/result[17]_51[28]
    SLICE_X179Y420       FDRE                                         r  denselayer3/output_data_reg[17][28]/D
  -------------------------------------------------------------------    -------------------

                         (clock ap_clk rise edge)     0.000     0.000 r  
    BC10                                              0.000     0.000 r  clk (IN)
                         net (fo=0)                   0.000     0.000    clk_IBUF_inst/I
    BC10                 INBUF (Prop_INBUF_HPIOB_M_PAD_O)
                                                      0.479     0.479 r  clk_IBUF_inst/INBUF_INST/O
                         net (fo=1, routed)           0.000     0.479    clk_IBUF_inst/OUT
    BC10                 IBUFCTRL (Prop_IBUFCTRL_HPIOB_M_I_O)
                                                      0.000     0.479 r  clk_IBUF_inst/IBUFCTRL_INST/O
                         net (fo=1, routed)           0.191     0.670    clk_IBUF
    BUFGCE_X0Y146        BUFGCE (Prop_BUFCE_BUFGCE_I_O)
                                                      0.019     0.689 r  clk_IBUF_BUFG_inst/O
    X3Y9 (CLOCK_ROOT)    net (fo=143848, routed)      2.115     2.804    denselayer3/clk_IBUF_BUFG
    SLICE_X179Y420       FDRE                                         r  denselayer3/output_data_reg[17][28]/C
                         clock pessimism             -0.330     2.474    
    SLICE_X179Y420       FDRE (Hold_BFF_SLICEM_C_D)
                                                      0.046     2.520    denselayer3/output_data_reg[17][28]
  -------------------------------------------------------------------
                         required time                         -2.520    
                         arrival time                           2.549    
  -------------------------------------------------------------------
                         slack                                  0.029    





Pulse Width Checks
--------------------------------------------------------------------------------------
Clock Name:         ap_clk
Waveform(ns):       { 0.000 2.500 }
Period(ns):         5.000
Sources:            { clk }

Check Type        Corner  Lib Pin   Reference Pin  Required(ns)  Actual(ns)  Slack(ns)  Location       Pin
Min Period        n/a     BUFGCE/I  n/a            1.122         5.000       3.878      BUFGCE_X0Y146  clk_IBUF_BUFG_inst/I
Low Pulse Width   Slow    FDRE/C    n/a            0.275         2.500       2.225      SLICE_X68Y692  denselayer2/INPUT_SIZE_rows[40].OUTPUT_SIZE_cols[3].sa/data_out_reg[26]/C
High Pulse Width  Slow    FDRE/C    n/a            0.275         2.500       2.225      SLICE_X68Y691  denselayer2/INPUT_SIZE_rows[40].OUTPUT_SIZE_cols[3].sa/data_out_reg[24]/C



