Copyright 1986-2019 Xilinx, Inc. All Rights Reserved.
------------------------------------------------------------------------------------------------------------------------
| Tool Version : Vivado v.2019.1 (lin64) Build 2552052 Fri May 24 14:47:09 MDT 2019
| Date         : Fri Nov 28 10:48:38 2025
| Host         : hvm1 running 64-bit Ubuntu 22.04.5 LTS
| Command      : report_utilization -hierarchical -hierarchical_depth 1 -file ../reports/37_13_Argmax_pipe3PO1_hier.rpt
| Design       : waiz_benchmark
| Device       : xcvu13pfhga2104-3
| Design State : Routed
------------------------------------------------------------------------------------------------------------------------

Utilization Design Information

Table of Contents
-----------------
1. Utilization by Hierarchy

1. Utilization by Hierarchy
---------------------------

+--------------------+---------------------------------------+------------+------------+---------+------+--------+--------+--------+------+--------------+
|      Instance      |                 Module                | Total LUTs | Logic LUTs | LUTRAMs | SRLs |   FFs  | RAMB36 | RAMB18 | URAM | DSP48 Blocks |
+--------------------+---------------------------------------+------------+------------+---------+------+--------+--------+--------+------+--------------+
| waiz_benchmark     |                                 (top) |     596114 |     596114 |       0 |    0 | 132406 |      0 |      0 |    0 |         3814 |
|   (waiz_benchmark) |                                 (top) |      30144 |      30144 |       0 |    0 |      0 |      0 |      0 |    0 |            0 |
|   denselayer1      |                            denseLayer |     319025 |     319025 |       0 |    0 |  33706 |      0 |      0 |    0 |         1038 |
|   denselayer2      |            denseLayer__parameterized0 |     166219 |     166219 |       0 |    0 |  63481 |      0 |      0 |    0 |         1478 |
|   denselayer3      |            denseLayer__parameterized1 |      61945 |      61945 |       0 |    0 |  30417 |      0 |      0 |    0 |         1108 |
|   denselayer4      |            denseLayer__parameterized2 |       7587 |       7587 |       0 |    0 |   4796 |      0 |      0 |    0 |          190 |
|   relulayer1       |                   reluActivationLayer |      37074 |      37074 |       0 |    0 |      0 |      0 |      0 |    0 |            0 |
|   relulayer2       |   reluActivationLayer__parameterized0 |      17595 |      17595 |       0 |    0 |      0 |      0 |      0 |    0 |            0 |
|   relulayer3       | reluActivationLayer__parameterized0_0 |       3291 |       3291 |       0 |    0 |      0 |      0 |      0 |    0 |            0 |
|   softmax          |                    softmaxArgmaxLayer |          2 |          2 |       0 |    0 |      6 |      0 |      0 |    0 |            0 |
+--------------------+---------------------------------------+------------+------------+---------+------+--------+--------+--------+------+--------------+
* Note: The sum of lower-level cells may be larger than their parent cells total, due to cross-hierarchy LUT combining


