Copyright 1986-2019 Xilinx, Inc. All Rights Reserved.
---------------------------------------------------------------------------------------------------------------
| Tool Version : Vivado v.2019.1 (lin64) Build 2552052 Fri May 24 14:47:09 MDT 2019
| Date         : Fri Nov  7 21:37:36 2025
| Host         : hvm1 running 64-bit Ubuntu 22.04.5 LTS
| Command      : report_utilization -hierarchical -hierarchical_depth 1 -file reports/37_13_norm_noop_hier.rpt
| Design       : waiz_benchmark
| Device       : xcvu13pfhga2104-3
| Design State : Routed
---------------------------------------------------------------------------------------------------------------

Utilization Design Information

Table of Contents
-----------------
1. Utilization by Hierarchy

1. Utilization by Hierarchy
---------------------------

+--------------------+---------------------------------------+------------+------------+---------+------+--------+--------+--------+------+--------------+
|      Instance      |                 Module                | Total LUTs | Logic LUTs | LUTRAMs | SRLs |   FFs  | RAMB36 | RAMB18 | URAM | DSP48 Blocks |
+--------------------+---------------------------------------+------------+------------+---------+------+--------+--------+--------+------+--------------+
| waiz_benchmark     |                                 (top) |     483870 |     483870 |       0 |    0 | 156101 |      0 |      0 |    0 |         6493 |
|   (waiz_benchmark) |                                 (top) |      19367 |      19367 |       0 |    0 |      0 |      0 |      0 |    0 |            0 |
|   denselayer1      |                            denseLayer |     196686 |     196686 |       0 |    0 |  40035 |      0 |      0 |    0 |         1718 |
|   denselayer2      |            denseLayer__parameterized0 |     175114 |     175114 |       0 |    0 |  72562 |      0 |      0 |    0 |         2804 |
|   denselayer3      |            denseLayer__parameterized1 |      69844 |      69844 |       0 |    0 |  37880 |      0 |      0 |    0 |         1670 |
|   denselayer4      |            denseLayer__parameterized2 |       9384 |       9384 |       0 |    0 |   5556 |      0 |      0 |    0 |          296 |
|   relulayer1       |                   reluActivationLayer |      72514 |      72514 |       0 |    0 |      0 |      0 |      0 |    0 |            0 |
|   relulayer2       |   reluActivationLayer__parameterized0 |      24630 |      24630 |       0 |    0 |      0 |      0 |      0 |    0 |            0 |
|   relulayer3       | reluActivationLayer__parameterized0_0 |       3013 |       3013 |       0 |    0 |      0 |      0 |      0 |    0 |            0 |
|   softmax          |                          softmaxLayer |        988 |        988 |       0 |    0 |     68 |      0 |      0 |    0 |            5 |
+--------------------+---------------------------------------+------------+------------+---------+------+--------+--------+--------+------+--------------+
* Note: The sum of lower-level cells may be larger than their parent cells total, due to cross-hierarchy LUT combining


