Copyright 1986-2019 Xilinx, Inc. All Rights Reserved.
----------------------------------------------------------------------------------------------
| Tool Version      : Vivado v.2019.1 (lin64) Build 2552052 Fri May 24 14:47:09 MDT 2019
| Date              : Thu Nov 27 16:04:00 2025
| Host              : hvm1 running 64-bit Ubuntu 22.04.5 LTS
| Command           : report_timing_summary -file ../reports/37_13_Argmax_pipe3PO0_timing.rpt
| Design            : waiz_benchmark
| Device            : xcvu13p-fhga2104
| Speed File        : -3  PRODUCTION 1.23 03-18-2019
| Temperature Grade : E
----------------------------------------------------------------------------------------------

Timing Summary Report

------------------------------------------------------------------------------------------------
| Timer Settings
| --------------
------------------------------------------------------------------------------------------------

  Enable Multi Corner Analysis               :  Yes
  Enable Pessimism Removal                   :  Yes
  Pessimism Removal Resolution               :  Nearest Common Node
  Enable Input Delay Default Clock           :  No
  Enable Preset / Clear Arcs                 :  No
  Disable Flight Delays                      :  No
  Ignore I/O Paths                           :  No
  Timing Early Launch at Borrowing Latches   :  No
  Borrow Time for Max Delay Exceptions       :  Yes

  Corner  Analyze    Analyze    
  Name    Max Paths  Min Paths  
  ------  ---------  ---------  
  Slow    Yes        Yes        
  Fast    Yes        Yes        



check_timing report

Table of Contents
-----------------
1. checking no_clock
2. checking constant_clock
3. checking pulse_width_clock
4. checking unconstrained_internal_endpoints
5. checking no_input_delay
6. checking no_output_delay
7. checking multiple_clock
8. checking generated_clocks
9. checking loops
10. checking partial_input_delay
11. checking partial_output_delay
12. checking latch_loops

1. checking no_clock
--------------------
 There are 0 register/latch pins with no clock.


2. checking constant_clock
--------------------------
 There are 0 register/latch pins with constant_clock.


3. checking pulse_width_clock
-----------------------------
 There are 0 register/latch pins which need pulse_width check


4. checking unconstrained_internal_endpoints
--------------------------------------------
 There are 0 pins that are not constrained for maximum delay.

 There are 0 pins that are not constrained for maximum delay due to constant clock.


5. checking no_input_delay
--------------------------
 There are 594 input ports with no input delay specified. (HIGH)

 There are 0 input ports with no input delay but user has a false path constraint.


6. checking no_output_delay
---------------------------
 There are 6 ports with no output delay specified. (HIGH)

 There are 0 ports with no output delay but user has a false path constraint

 There are 0 ports with no output delay but with a timing clock defined on it or propagating through it


7. checking multiple_clock
--------------------------
 There are 0 register/latch pins with multiple clocks.


8. checking generated_clocks
----------------------------
 There are 0 generated clocks that are not connected to a clock source.


9. checking loops
-----------------
 There are 0 combinational loops in the design.


10. checking partial_input_delay
--------------------------------
 There are 0 input ports with partial input delay specified.


11. checking partial_output_delay
---------------------------------
 There are 0 ports with partial output delay specified.


12. checking latch_loops
------------------------
 There are 0 combinational latch loops in the design through latch input



------------------------------------------------------------------------------------------------
| Design Timing Summary
| ---------------------
------------------------------------------------------------------------------------------------

    WNS(ns)      TNS(ns)  TNS Failing Endpoints  TNS Total Endpoints      WHS(ns)      THS(ns)  THS Failing Endpoints  THS Total Endpoints     WPWS(ns)     TPWS(ns)  TPWS Failing Endpoints  TPWS Total Endpoints  
    -------      -------  ---------------------  -------------------      -------      -------  ---------------------  -------------------     --------     --------  ----------------------  --------------------  
     -3.318  -195121.219                 141896               160170        0.080        0.000                      0               160170        2.225        0.000                       0                128844  


Timing constraints are not met.


------------------------------------------------------------------------------------------------
| Clock Summary
| -------------
------------------------------------------------------------------------------------------------

Clock   Waveform(ns)         Period(ns)      Frequency(MHz)
-----   ------------         ----------      --------------
ap_clk  {0.000 2.500}        5.000           200.000         


------------------------------------------------------------------------------------------------
| Intra Clock Table
| -----------------
------------------------------------------------------------------------------------------------

Clock             WNS(ns)      TNS(ns)  TNS Failing Endpoints  TNS Total Endpoints      WHS(ns)      THS(ns)  THS Failing Endpoints  THS Total Endpoints     WPWS(ns)     TPWS(ns)  TPWS Failing Endpoints  TPWS Total Endpoints  
-----             -------      -------  ---------------------  -------------------      -------      -------  ---------------------  -------------------     --------     --------  ----------------------  --------------------  
ap_clk             -3.318  -195121.219                 141896               160170        0.080        0.000                      0               160170        2.225        0.000                       0                128844  


------------------------------------------------------------------------------------------------
| Inter Clock Table
| -----------------
------------------------------------------------------------------------------------------------

From Clock    To Clock          WNS(ns)      TNS(ns)  TNS Failing Endpoints  TNS Total Endpoints      WHS(ns)      THS(ns)  THS Failing Endpoints  THS Total Endpoints  
----------    --------          -------      -------  ---------------------  -------------------      -------      -------  ---------------------  -------------------  


------------------------------------------------------------------------------------------------
| Other Path Groups Table
| -----------------------
------------------------------------------------------------------------------------------------

Path Group    From Clock    To Clock          WNS(ns)      TNS(ns)  TNS Failing Endpoints  TNS Total Endpoints      WHS(ns)      THS(ns)  THS Failing Endpoints  THS Total Endpoints  
----------    ----------    --------          -------      -------  ---------------------  -------------------      -------      -------  ---------------------  -------------------  


------------------------------------------------------------------------------------------------
| Timing Details
| --------------
------------------------------------------------------------------------------------------------


---------------------------------------------------------------------------------------------------
From Clock:  ap_clk
  To Clock:  ap_clk

Setup :       141896  Failing Endpoints,  Worst Slack       -3.318ns,  Total Violation  -195121.218ns
Hold  :            0  Failing Endpoints,  Worst Slack        0.080ns,  Total Violation        0.000ns
PW    :            0  Failing Endpoints,  Worst Slack        2.225ns,  Total Violation        0.000ns
---------------------------------------------------------------------------------------------------


Max Delay Paths
--------------------------------------------------------------------------------------
Slack (VIOLATED) :        -3.318ns  (required time - arrival time)
  Source:                 denselayer2/INPUT_SIZE_rows[11].OUTPUT_SIZE_cols[30].sa/data_out_reg[2]/C
                            (rising edge-triggered cell FDRE clocked by ap_clk  {rise@0.000ns fall@2.500ns period=5.000ns})
  Destination:            denselayer2/sum_all/col_trees[0].column_tree/genblk2[0].genblk1[1].tree_reg[1][36]/D
                            (rising edge-triggered cell FDRE clocked by ap_clk  {rise@0.000ns fall@2.500ns period=5.000ns})
  Path Group:             ap_clk
  Path Type:              Setup (Max at Slow Process Corner)
  Requirement:            5.000ns  (ap_clk rise@5.000ns - ap_clk rise@0.000ns)
  Data Path Delay:        7.766ns  (logic 1.205ns (15.516%)  route 6.561ns (84.484%))
  Logic Levels:           14  (CARRY8=8 LUT2=1 LUT3=3 LUT4=1 LUT6=1)
  Clock Path Skew:        -0.299ns (DCD - SCD + CPR)
    Destination Clock Delay (DCD):    3.418ns = ( 8.418 - 5.000 ) 
    Source Clock Delay      (SCD):    4.075ns
    Clock Pessimism Removal (CPR):    0.358ns
  Clock Uncertainty:      0.035ns  ((TSJ^2 + TIJ^2)^1/2 + DJ) / 2 + PE
    Total System Jitter     (TSJ):    0.071ns
    Total Input Jitter      (TIJ):    0.000ns
    Discrete Jitter          (DJ):    0.000ns
    Phase Error              (PE):    0.000ns
  Inter-SLR Compensation: 0.241ns  ((DCD - CCD) * PF)
    Destination Clock Delay (DCD):    3.418ns
    Common Clock Delay      (CCD):    1.814ns
    Prorating Factor         (PF):    0.150
  Clock Net Delay (Source):      3.119ns (routing 1.128ns, distribution 1.991ns)
  Clock Net Delay (Destination): 2.707ns (routing 1.023ns, distribution 1.684ns)

    Location             Delay type                Incr(ns)  Path(ns)    Netlist Resource(s)
  -------------------------------------------------------------------    -------------------
                         (clock ap_clk rise edge)     0.000     0.000 r  
    BC10                                              0.000     0.000 r  clk (IN)
                         net (fo=0)                   0.000     0.000    clk_IBUF_inst/I
    BC10                 INBUF (Prop_INBUF_HPIOB_M_PAD_O)
                                                      0.593     0.593 r  clk_IBUF_inst/INBUF_INST/O
                         net (fo=1, routed)           0.000     0.593    clk_IBUF_inst/OUT
    BC10                 IBUFCTRL (Prop_IBUFCTRL_HPIOB_M_I_O)
                                                      0.000     0.593 r  clk_IBUF_inst/IBUFCTRL_INST/O
                         net (fo=1, routed)           0.335     0.928    clk_IBUF
    BUFGCE_X0Y146        BUFGCE (Prop_BUFCE_BUFGCE_I_O)
                                                      0.028     0.956 r  clk_IBUF_BUFG_inst/O
    X3Y9 (CLOCK_ROOT)    net (fo=138478, routed)      3.119     4.075    denselayer2/INPUT_SIZE_rows[11].OUTPUT_SIZE_cols[30].sa/CLK
    SLR Crossing[1->3]   
    SLICE_X176Y874       FDRE                                         r  denselayer2/INPUT_SIZE_rows[11].OUTPUT_SIZE_cols[30].sa/data_out_reg[2]/C
  -------------------------------------------------------------------    -------------------
    SLICE_X176Y874       FDRE (Prop_BFF_SLICEM_C_Q)
                                                      0.067     4.142 r  denselayer2/INPUT_SIZE_rows[11].OUTPUT_SIZE_cols[30].sa/data_out_reg[2]/Q
                         net (fo=7, routed)           0.644     4.786    denselayer2/INPUT_SIZE_rows[11].OUTPUT_SIZE_cols[0].sa/data_out0_inferred__1/i__carry_1
    SLICE_X176Y931       LUT2 (Prop_F6LUT_SLICEM_I1_O)
                                                      0.134     4.920 r  denselayer2/INPUT_SIZE_rows[11].OUTPUT_SIZE_cols[0].sa/i__carry_i_3__423/O
                         net (fo=1, routed)           0.026     4.946    denselayer2/INPUT_SIZE_rows[11].OUTPUT_SIZE_cols[0].sa/i__carry_i_3__423_n_0
    SLICE_X176Y931       CARRY8 (Prop_CARRY8_SLICEM_S[5]_CO[7])
                                                      0.137     5.083 r  denselayer2/INPUT_SIZE_rows[11].OUTPUT_SIZE_cols[0].sa/data_out0_inferred__1/i__carry/CO[7]
                         net (fo=1, routed)           0.023     5.106    denselayer2/INPUT_SIZE_rows[11].OUTPUT_SIZE_cols[0].sa/data_out0_inferred__1/i__carry_n_0
    SLICE_X176Y932       CARRY8 (Prop_CARRY8_SLICEM_CI_O[5])
                                                      0.103     5.209 r  denselayer2/INPUT_SIZE_rows[11].OUTPUT_SIZE_cols[0].sa/data_out0_inferred__1/i__carry__0/O[5]
                         net (fo=3, routed)           0.263     5.472    denselayer2/INPUT_SIZE_rows[10].OUTPUT_SIZE_cols[0].sa/p_1664_out[22]
    SLICE_X177Y930       LUT3 (Prop_C6LUT_SLICEL_I1_O)
                                                      0.113     5.585 r  denselayer2/INPUT_SIZE_rows[10].OUTPUT_SIZE_cols[0].sa/genblk2[0].genblk1[1].tree[1][36]_i_964/O
                         net (fo=1, routed)           0.405     5.990    denselayer2/INPUT_SIZE_rows[5].OUTPUT_SIZE_cols[0].sa/genblk2[0].genblk1[1].tree[1][36]_i_526[7]
    SLICE_X176Y928       CARRY8 (Prop_CARRY8_SLICEM_DI[7]_CO[7])
                                                      0.045     6.035 r  denselayer2/INPUT_SIZE_rows[5].OUTPUT_SIZE_cols[0].sa/genblk2[0].genblk1[1].tree_reg[1][36]_i_681/CO[7]
                         net (fo=1, routed)           0.023     6.058    denselayer2/INPUT_SIZE_rows[5].OUTPUT_SIZE_cols[0].sa/genblk2[0].genblk1[1].tree_reg[1][36]_i_681_n_0
    SLICE_X176Y929       CARRY8 (Prop_CARRY8_SLICEM_CI_O[3])
                                                      0.072     6.130 r  denselayer2/INPUT_SIZE_rows[5].OUTPUT_SIZE_cols[0].sa/genblk2[0].genblk1[1].tree_reg[1][36]_i_674/O[3]
                         net (fo=3, routed)           0.569     6.699    denselayer2_n_15661
    SLICE_X175Y921       LUT3 (Prop_H6LUT_SLICEM_I0_O)
                                                      0.082     6.781 r  genblk2[0].genblk1[1].tree[1][36]_i_343/O
                         net (fo=1, routed)           0.462     7.243    genblk2[0].genblk1[1].tree[1][36]_i_343_n_0
    SLICE_X173Y922       CARRY8 (Prop_CARRY8_SLICEL_DI[4]_CO[7])
                                                      0.080     7.323 r  genblk2[0].genblk1[1].tree_reg[1][36]_i_145/CO[7]
                         net (fo=1, routed)           0.023     7.346    genblk2[0].genblk1[1].tree_reg[1][36]_i_145_n_0
    SLICE_X173Y923       CARRY8 (Prop_CARRY8_SLICEL_CI_O[1])
                                                      0.067     7.413 r  genblk2[0].genblk1[1].tree_reg[1][36]_i_142/O[1]
                         net (fo=3, routed)           1.105     8.518    genblk2[0].genblk1[1].tree_reg[1][36]_i_142_n_14
    SLICE_X155Y854       LUT3 (Prop_E6LUT_SLICEL_I0_O)
                                                      0.031     8.549 r  genblk2[0].genblk1[1].tree[1][36]_i_49/O
                         net (fo=1, routed)           0.564     9.113    denselayer2/INPUT_SIZE_rows[62].OUTPUT_SIZE_cols[0].sa/genblk2[0].genblk1[1].tree[1][36]_i_17__63[1]
    SLICE_X154Y832       CARRY8 (Prop_CARRY8_SLICEM_DI[2]_O[4])
                                                      0.132     9.245 r  denselayer2/INPUT_SIZE_rows[62].OUTPUT_SIZE_cols[0].sa/genblk2[0].genblk1[1].tree_reg[1][36]_i_14/O[4]
                         net (fo=1, routed)           2.101    11.346    denselayer2/sum_all/col_trees[0].column_tree/genblk2[0].genblk1[1].tree[1][36]_i_6__63_3[4]
    SLR Crossing[3->2]   
    SLICE_X141Y658       LUT4 (Prop_A6LUT_SLICEM_I0_O)
                                                      0.048    11.394 r  denselayer2/sum_all/col_trees[0].column_tree/genblk2[0].genblk1[1].tree[1][36]_i_24__63/O
                         net (fo=1, routed)           0.319    11.713    denselayer2/sum_all/col_trees[0].column_tree/genblk2[0].genblk1[1].tree[1][36]_i_24__63_n_0
    SLICE_X138Y656       LUT6 (Prop_E6LUT_SLICEL_I2_O)
                                                      0.047    11.760 r  denselayer2/sum_all/col_trees[0].column_tree/genblk2[0].genblk1[1].tree[1][36]_i_6__63/O
                         net (fo=1, routed)           0.010    11.770    denselayer2/sum_all/col_trees[0].column_tree/genblk2[0].genblk1[1].tree[1][36]_i_6__63_n_0
    SLICE_X138Y656       CARRY8 (Prop_CARRY8_SLICEL_S[4]_O[4])
                                                      0.047    11.817 r  denselayer2/sum_all/col_trees[0].column_tree/genblk2[0].genblk1[1].tree_reg[1][36]_i_1/O[4]
                         net (fo=1, routed)           0.024    11.841    denselayer2/sum_all/col_trees[0].column_tree/p_0_in[36]
    SLICE_X138Y656       FDRE                                         r  denselayer2/sum_all/col_trees[0].column_tree/genblk2[0].genblk1[1].tree_reg[1][36]/D
  -------------------------------------------------------------------    -------------------

                         (clock ap_clk rise edge)     5.000     5.000 r  
    BC10                                              0.000     5.000 r  clk (IN)
                         net (fo=0)                   0.000     5.000    clk_IBUF_inst/I
    BC10                 INBUF (Prop_INBUF_HPIOB_M_PAD_O)
                                                      0.389     5.389 r  clk_IBUF_inst/INBUF_INST/O
                         net (fo=1, routed)           0.000     5.389    clk_IBUF_inst/OUT
    BC10                 IBUFCTRL (Prop_IBUFCTRL_HPIOB_M_I_O)
                                                      0.000     5.389 r  clk_IBUF_inst/IBUFCTRL_INST/O
                         net (fo=1, routed)           0.298     5.687    clk_IBUF
    BUFGCE_X0Y146        BUFGCE (Prop_BUFCE_BUFGCE_I_O)
                                                      0.024     5.711 r  clk_IBUF_BUFG_inst/O
    X3Y9 (CLOCK_ROOT)    net (fo=138478, routed)      2.707     8.418    denselayer2/sum_all/col_trees[0].column_tree/CLK
    SLR Crossing[1->2]   
    SLICE_X138Y656       FDRE                                         r  denselayer2/sum_all/col_trees[0].column_tree/genblk2[0].genblk1[1].tree_reg[1][36]/C
                         clock pessimism              0.358     8.776    
                         inter-SLR compensation      -0.241     8.536    
                         clock uncertainty           -0.035     8.500    
    SLICE_X138Y656       FDRE (Setup_EFF_SLICEL_C_D)
                                                      0.023     8.523    denselayer2/sum_all/col_trees[0].column_tree/genblk2[0].genblk1[1].tree_reg[1][36]
  -------------------------------------------------------------------
                         required time                          8.523    
                         arrival time                         -11.841    
  -------------------------------------------------------------------
                         slack                                 -3.318    





Min Delay Paths
--------------------------------------------------------------------------------------
Slack (MET) :             0.080ns  (arrival time - required time)
  Source:                 denselayer3/ready_buffer_reg[0]/C
                            (rising edge-triggered cell FDCE clocked by ap_clk  {rise@0.000ns fall@2.500ns period=5.000ns})
  Destination:            denselayer4/ready_buffer_reg[1]/D
                            (rising edge-triggered cell FDCE clocked by ap_clk  {rise@0.000ns fall@2.500ns period=5.000ns})
  Path Group:             ap_clk
  Path Type:              Hold (Min at Fast Process Corner)
  Requirement:            0.000ns  (ap_clk rise@0.000ns - ap_clk rise@0.000ns)
  Data Path Delay:        0.132ns  (logic 0.040ns (30.303%)  route 0.092ns (69.697%))
  Logic Levels:           0  
  Clock Path Skew:        0.006ns (DCD - SCD - CPR)
    Destination Clock Delay (DCD):    2.674ns
    Source Clock Delay      (SCD):    2.243ns
    Clock Pessimism Removal (CPR):    0.425ns
  Clock Net Delay (Source):      1.777ns (routing 0.681ns, distribution 1.096ns)
  Clock Net Delay (Destination): 1.985ns (routing 0.759ns, distribution 1.226ns)

    Location             Delay type                Incr(ns)  Path(ns)    Netlist Resource(s)
  -------------------------------------------------------------------    -------------------
                         (clock ap_clk rise edge)     0.000     0.000 r  
    BC10                                              0.000     0.000 r  clk (IN)
                         net (fo=0)                   0.000     0.000    clk_IBUF_inst/I
    BC10                 INBUF (Prop_INBUF_HPIOB_M_PAD_O)
                                                      0.293     0.293 r  clk_IBUF_inst/INBUF_INST/O
                         net (fo=1, routed)           0.000     0.293    clk_IBUF_inst/OUT
    BC10                 IBUFCTRL (Prop_IBUFCTRL_HPIOB_M_I_O)
                                                      0.000     0.293 r  clk_IBUF_inst/IBUFCTRL_INST/O
                         net (fo=1, routed)           0.156     0.449    clk_IBUF
    BUFGCE_X0Y146        BUFGCE (Prop_BUFCE_BUFGCE_I_O)
                                                      0.017     0.466 r  clk_IBUF_BUFG_inst/O
    X3Y9 (CLOCK_ROOT)    net (fo=138478, routed)      1.777     2.243    denselayer3/CLK
    SLICE_X52Y449        FDCE                                         r  denselayer3/ready_buffer_reg[0]/C
  -------------------------------------------------------------------    -------------------
    SLICE_X52Y449        FDCE (Prop_FFF2_SLICEM_C_Q)
                                                      0.040     2.283 r  denselayer3/ready_buffer_reg[0]/Q
                         net (fo=1, routed)           0.092     2.375    denselayer4/input_ready
    SLICE_X52Y449        FDCE                                         r  denselayer4/ready_buffer_reg[1]/D
  -------------------------------------------------------------------    -------------------

                         (clock ap_clk rise edge)     0.000     0.000 r  
    BC10                                              0.000     0.000 r  clk (IN)
                         net (fo=0)                   0.000     0.000    clk_IBUF_inst/I
    BC10                 INBUF (Prop_INBUF_HPIOB_M_PAD_O)
                                                      0.479     0.479 r  clk_IBUF_inst/INBUF_INST/O
                         net (fo=1, routed)           0.000     0.479    clk_IBUF_inst/OUT
    BC10                 IBUFCTRL (Prop_IBUFCTRL_HPIOB_M_I_O)
                                                      0.000     0.479 r  clk_IBUF_inst/IBUFCTRL_INST/O
                         net (fo=1, routed)           0.191     0.670    clk_IBUF
    BUFGCE_X0Y146        BUFGCE (Prop_BUFCE_BUFGCE_I_O)
                                                      0.019     0.689 r  clk_IBUF_BUFG_inst/O
    X3Y9 (CLOCK_ROOT)    net (fo=138478, routed)      1.985     2.674    denselayer4/CLK
    SLICE_X52Y449        FDCE                                         r  denselayer4/ready_buffer_reg[1]/C
                         clock pessimism             -0.425     2.249    
    SLICE_X52Y449        FDCE (Hold_HFF_SLICEM_C_D)
                                                      0.046     2.295    denselayer4/ready_buffer_reg[1]
  -------------------------------------------------------------------
                         required time                         -2.295    
                         arrival time                           2.375    
  -------------------------------------------------------------------
                         slack                                  0.080    





Pulse Width Checks
--------------------------------------------------------------------------------------
Clock Name:         ap_clk
Waveform(ns):       { 0.000 2.500 }
Period(ns):         5.000
Sources:            { clk }

Check Type        Corner  Lib Pin   Reference Pin  Required(ns)  Actual(ns)  Slack(ns)  Location        Pin
Min Period        n/a     BUFGCE/I  n/a            1.122         5.000       3.878      BUFGCE_X0Y146   clk_IBUF_BUFG_inst/I
Low Pulse Width   Slow    FDRE/C    n/a            0.275         2.500       2.225      SLICE_X217Y331  denselayer3/INPUT_SIZE_rows[14].OUTPUT_SIZE_cols[4].sa/data_out_reg[18]/C
High Pulse Width  Slow    FDRE/C    n/a            0.275         2.500       2.225      SLICE_X217Y330  denselayer3/INPUT_SIZE_rows[14].OUTPUT_SIZE_cols[4].sa/data_out_reg[10]/C



