Copyright 1986-2019 Xilinx, Inc. All Rights Reserved.
--------------------------------------------------------------------------------------------------------
| Tool Version : Vivado v.2019.1 (lin64) Build 2552052 Fri May 24 14:47:09 MDT 2019
| Date         : Fri Oct 31 16:04:26 2025
| Host         : hvm1 running 64-bit Ubuntu 22.04.5 LTS
| Command      : report_utilization -hierarchical -hierarchical_depth 1 -file reports/37_13_op_hier.rpt
| Design       : waiz_benchmark
| Device       : xcvu13pfhga2104-3
| Design State : Routed
--------------------------------------------------------------------------------------------------------

Utilization Design Information

Table of Contents
-----------------
1. Utilization by Hierarchy

1. Utilization by Hierarchy
---------------------------

+--------------------+---------------------------------------+------------+------------+---------+------+--------+--------+--------+------+--------------+
|      Instance      |                 Module                | Total LUTs | Logic LUTs | LUTRAMs | SRLs |   FFs  | RAMB36 | RAMB18 | URAM | DSP48 Blocks |
+--------------------+---------------------------------------+------------+------------+---------+------+--------+--------+--------+------+--------------+
| waiz_benchmark     |                                 (top) |     287198 |     287198 |       0 |    0 | 136495 |      0 |      0 |    0 |         8505 |
|   (waiz_benchmark) |                                 (top) |          0 |          0 |       0 |    0 |      0 |      0 |      0 |    0 |            0 |
|   denselayer1      |                            denseLayer |      73367 |      73367 |       0 |    0 |  36508 |      0 |      0 |    0 |         2044 |
|   denselayer2      |            denseLayer__parameterized0 |     127333 |     127333 |       0 |    0 |  58216 |      0 |      0 |    0 |         4090 |
|   denselayer3      |            denseLayer__parameterized1 |      71551 |      71551 |       0 |    0 |  34526 |      0 |      0 |    0 |         2048 |
|   denselayer4      |            denseLayer__parameterized2 |      11631 |      11631 |       0 |    0 |   5539 |      0 |      0 |    0 |          318 |
|   relulayer1       |                   reluActivationLayer |       1177 |       1177 |       0 |    0 |      0 |      0 |      0 |    0 |            0 |
|   relulayer2       |   reluActivationLayer__parameterized0 |        576 |        576 |       0 |    0 |   1638 |      0 |      0 |    0 |            0 |
|   relulayer3       | reluActivationLayer__parameterized0_0 |        575 |        575 |       0 |    0 |      0 |      0 |      0 |    0 |            0 |
|   softmax          |                          softmaxLayer |        989 |        989 |       0 |    0 |     68 |      0 |      0 |    0 |            5 |
+--------------------+---------------------------------------+------------+------------+---------+------+--------+--------+--------+------+--------------+
* Note: The sum of lower-level cells may be larger than their parent cells total, due to cross-hierarchy LUT combining


