Copyright 1986-2019 Xilinx, Inc. All Rights Reserved.
----------------------------------------------------------------------------------------------------------------------
| Tool Version : Vivado v.2019.1 (lin64) Build 2552052 Fri May 24 14:47:09 MDT 2019
| Date         : Wed Nov 26 22:32:02 2025
| Host         : hvm1 running 64-bit Ubuntu 22.04.5 LTS
| Command      : report_utilization -hierarchical -hierarchical_depth 1 -file ../reports/4_2_Argmax_pipe3PO0_hier.rpt
| Design       : waiz_benchmark
| Device       : xcvu13pfhga2104-3
| Design State : Routed
----------------------------------------------------------------------------------------------------------------------

Utilization Design Information

Table of Contents
-----------------
1. Utilization by Hierarchy

1. Utilization by Hierarchy
---------------------------

+--------------------+---------------------------------------+------------+------------+---------+------+------+--------+--------+------+--------------+
|      Instance      |                 Module                | Total LUTs | Logic LUTs | LUTRAMs | SRLs |  FFs | RAMB36 | RAMB18 | URAM | DSP48 Blocks |
+--------------------+---------------------------------------+------------+------------+---------+------+------+--------+--------+------+--------------+
| waiz_benchmark     |                                 (top) |       8612 |       8612 |       0 |    0 | 1800 |      0 |      0 |    0 |            0 |
|   (waiz_benchmark) |                                 (top) |          0 |          0 |       0 |    0 |    0 |      0 |      0 |    0 |            0 |
|   denselayer1      |                            denseLayer |       2537 |       2537 |       0 |    0 |  543 |      0 |      0 |    0 |            0 |
|   denselayer2      |            denseLayer__parameterized0 |       3520 |       3520 |       0 |    0 |  466 |      0 |      0 |    0 |            0 |
|   denselayer3      |            denseLayer__parameterized1 |       2169 |       2169 |       0 |    0 |  631 |      0 |      0 |    0 |            0 |
|   denselayer4      |            denseLayer__parameterized2 |        343 |        343 |       0 |    0 |  154 |      0 |      0 |    0 |            0 |
|   relulayer1       |                   reluActivationLayer |         35 |         35 |       0 |    0 |    0 |      0 |      0 |    0 |            0 |
|   relulayer2       |   reluActivationLayer__parameterized0 |          2 |          2 |       0 |    0 |    0 |      0 |      0 |    0 |            0 |
|   relulayer3       | reluActivationLayer__parameterized0_0 |          7 |          7 |       0 |    0 |    0 |      0 |      0 |    0 |            0 |
|   softmax          |                    softmaxArgmaxLayer |          0 |          0 |       0 |    0 |    6 |      0 |      0 |    0 |            0 |
+--------------------+---------------------------------------+------------+------------+---------+------+------+--------+--------+------+--------------+
* Note: The sum of lower-level cells may be larger than their parent cells total, due to cross-hierarchy LUT combining


