Copyright 1986-2019 Xilinx, Inc. All Rights Reserved.
------------------------------------------------------------------------------------------
| Tool Version      : Vivado v.2019.1 (lin64) Build 2552052 Fri May 24 14:47:09 MDT 2019
| Date              : Mon Dec 22 18:36:30 2025
| Host              : hvm1 running 64-bit Ubuntu 22.04.5 LTS
| Command           : report_timing_summary -file ../reports/4_2_expPipeNegmax_timing.rpt
| Design            : waiz_benchmark
| Device            : xcvu13p-fhga2104
| Speed File        : -3  PRODUCTION 1.23 03-18-2019
| Temperature Grade : E
------------------------------------------------------------------------------------------

Timing Summary Report

------------------------------------------------------------------------------------------------
| Timer Settings
| --------------
------------------------------------------------------------------------------------------------

  Enable Multi Corner Analysis               :  Yes
  Enable Pessimism Removal                   :  Yes
  Pessimism Removal Resolution               :  Nearest Common Node
  Enable Input Delay Default Clock           :  No
  Enable Preset / Clear Arcs                 :  No
  Disable Flight Delays                      :  No
  Ignore I/O Paths                           :  No
  Timing Early Launch at Borrowing Latches   :  No
  Borrow Time for Max Delay Exceptions       :  Yes

  Corner  Analyze    Analyze    
  Name    Max Paths  Min Paths  
  ------  ---------  ---------  
  Slow    Yes        Yes        
  Fast    Yes        Yes        



check_timing report

Table of Contents
-----------------
1. checking no_clock
2. checking constant_clock
3. checking pulse_width_clock
4. checking unconstrained_internal_endpoints
5. checking no_input_delay
6. checking no_output_delay
7. checking multiple_clock
8. checking generated_clocks
9. checking loops
10. checking partial_input_delay
11. checking partial_output_delay
12. checking latch_loops

1. checking no_clock
--------------------
 There are 0 register/latch pins with no clock.


2. checking constant_clock
--------------------------
 There are 0 register/latch pins with constant_clock.


3. checking pulse_width_clock
-----------------------------
 There are 0 register/latch pins which need pulse_width check


4. checking unconstrained_internal_endpoints
--------------------------------------------
 There are 0 pins that are not constrained for maximum delay.

 There are 0 pins that are not constrained for maximum delay due to constant clock.


5. checking no_input_delay
--------------------------
 There are 66 input ports with no input delay specified. (HIGH)

 There are 0 input ports with no input delay but user has a false path constraint.


6. checking no_output_delay
---------------------------
 There are 21 ports with no output delay specified. (HIGH)

 There are 0 ports with no output delay but user has a false path constraint

 There are 0 ports with no output delay but with a timing clock defined on it or propagating through it


7. checking multiple_clock
--------------------------
 There are 0 register/latch pins with multiple clocks.


8. checking generated_clocks
----------------------------
 There are 0 generated clocks that are not connected to a clock source.


9. checking loops
-----------------
 There are 0 combinational loops in the design.


10. checking partial_input_delay
--------------------------------
 There are 0 input ports with partial input delay specified.


11. checking partial_output_delay
---------------------------------
 There are 0 ports with partial output delay specified.


12. checking latch_loops
------------------------
 There are 0 combinational latch loops in the design through latch input



------------------------------------------------------------------------------------------------
| Design Timing Summary
| ---------------------
------------------------------------------------------------------------------------------------

    WNS(ns)      TNS(ns)  TNS Failing Endpoints  TNS Total Endpoints      WHS(ns)      THS(ns)  THS Failing Endpoints  THS Total Endpoints     WPWS(ns)     TPWS(ns)  TPWS Failing Endpoints  TPWS Total Endpoints  
    -------      -------  ---------------------  -------------------      -------      -------  ---------------------  -------------------     --------     --------  ----------------------  --------------------  
      0.705        0.000                      0                 2120        0.032        0.000                      0                 2120        2.005        0.000                       0                  1900  


All user specified timing constraints are met.


------------------------------------------------------------------------------------------------
| Clock Summary
| -------------
------------------------------------------------------------------------------------------------

Clock   Waveform(ns)         Period(ns)      Frequency(MHz)
-----   ------------         ----------      --------------
ap_clk  {0.000 2.500}        5.000           200.000         


------------------------------------------------------------------------------------------------
| Intra Clock Table
| -----------------
------------------------------------------------------------------------------------------------

Clock             WNS(ns)      TNS(ns)  TNS Failing Endpoints  TNS Total Endpoints      WHS(ns)      THS(ns)  THS Failing Endpoints  THS Total Endpoints     WPWS(ns)     TPWS(ns)  TPWS Failing Endpoints  TPWS Total Endpoints  
-----             -------      -------  ---------------------  -------------------      -------      -------  ---------------------  -------------------     --------     --------  ----------------------  --------------------  
ap_clk              0.705        0.000                      0                 2120        0.032        0.000                      0                 2120        2.005        0.000                       0                  1900  


------------------------------------------------------------------------------------------------
| Inter Clock Table
| -----------------
------------------------------------------------------------------------------------------------

From Clock    To Clock          WNS(ns)      TNS(ns)  TNS Failing Endpoints  TNS Total Endpoints      WHS(ns)      THS(ns)  THS Failing Endpoints  THS Total Endpoints  
----------    --------          -------      -------  ---------------------  -------------------      -------      -------  ---------------------  -------------------  


------------------------------------------------------------------------------------------------
| Other Path Groups Table
| -----------------------
------------------------------------------------------------------------------------------------

Path Group    From Clock    To Clock          WNS(ns)      TNS(ns)  TNS Failing Endpoints  TNS Total Endpoints      WHS(ns)      THS(ns)  THS Failing Endpoints  THS Total Endpoints  
----------    ----------    --------          -------      -------  ---------------------  -------------------      -------      -------  ---------------------  -------------------  


------------------------------------------------------------------------------------------------
| Timing Details
| --------------
------------------------------------------------------------------------------------------------


---------------------------------------------------------------------------------------------------
From Clock:  ap_clk
  To Clock:  ap_clk

Setup :            0  Failing Endpoints,  Worst Slack        0.705ns,  Total Violation        0.000ns
Hold  :            0  Failing Endpoints,  Worst Slack        0.032ns,  Total Violation        0.000ns
PW    :            0  Failing Endpoints,  Worst Slack        2.005ns,  Total Violation        0.000ns
---------------------------------------------------------------------------------------------------


Max Delay Paths
--------------------------------------------------------------------------------------
Slack (MET) :             0.705ns  (required time - arrival time)
  Source:                 softmax/expResult_reg[1]/CLKARDCLK
                            (rising edge-triggered cell RAMB18E2 clocked by ap_clk  {rise@0.000ns fall@2.500ns period=5.000ns})
  Destination:            softmax/buffer[4]/DSP_A_B_DATA_INST/B[5]
                            (rising edge-triggered cell DSP_A_B_DATA clocked by ap_clk  {rise@0.000ns fall@2.500ns period=5.000ns})
  Path Group:             ap_clk
  Path Type:              Setup (Max at Slow Process Corner)
  Requirement:            5.000ns  (ap_clk rise@5.000ns - ap_clk rise@0.000ns)
  Data Path Delay:        3.923ns  (logic 1.486ns (37.879%)  route 2.437ns (62.121%))
  Logic Levels:           9  (CARRY8=2 LUT2=1 LUT3=1 LUT5=1 LUT6=2 MUXF7=2)
  Clock Path Skew:        -0.094ns (DCD - SCD + CPR)
    Destination Clock Delay (DCD):    1.594ns = ( 6.594 - 5.000 ) 
    Source Clock Delay      (SCD):    1.998ns
    Clock Pessimism Removal (CPR):    0.310ns
  Clock Uncertainty:      0.035ns  ((TSJ^2 + TIJ^2)^1/2 + DJ) / 2 + PE
    Total System Jitter     (TSJ):    0.071ns
    Total Input Jitter      (TIJ):    0.000ns
    Discrete Jitter          (DJ):    0.000ns
    Phase Error              (PE):    0.000ns
  Clock Net Delay (Source):      1.122ns (routing 0.156ns, distribution 0.966ns)
  Clock Net Delay (Destination): 0.961ns (routing 0.141ns, distribution 0.820ns)

    Location             Delay type                Incr(ns)  Path(ns)    Netlist Resource(s)
  -------------------------------------------------------------------    -------------------
                         (clock ap_clk rise edge)     0.000     0.000 r  
    AU14                                              0.000     0.000 r  clk (IN)
                         net (fo=0)                   0.000     0.000    clk_IBUF_inst/I
    AU14                 INBUF (Prop_INBUF_HPIOB_M_PAD_O)
                                                      0.534     0.534 r  clk_IBUF_inst/INBUF_INST/O
                         net (fo=1, routed)           0.000     0.534    clk_IBUF_inst/OUT
    AU14                 IBUFCTRL (Prop_IBUFCTRL_HPIOB_M_I_O)
                                                      0.000     0.534 r  clk_IBUF_inst/IBUFCTRL_INST/O
                         net (fo=1, routed)           0.314     0.848    clk_IBUF
    BUFGCE_X0Y170        BUFGCE (Prop_BUFCE_BUFGCE_I_O)
                                                      0.028     0.876 r  clk_IBUF_BUFG_inst/O
    X4Y7 (CLOCK_ROOT)    net (fo=1921, routed)        1.122     1.998    softmax/CLK
    RAMB18_X8Y158        RAMB18E2                                     r  softmax/expResult_reg[1]/CLKARDCLK
  -------------------------------------------------------------------    -------------------
    RAMB18_X8Y158        RAMB18E2 (Prop_RAMB18E2_L_RAMB180_CLKARDCLK_DOUTADOUT[11])
                                                      0.764     2.762 f  softmax/expResult_reg[1]/DOUTADOUT[11]
                         net (fo=5, routed)           0.535     3.297    softmax/expResult_reg[1]__0[11]
    SLICE_X128Y396       LUT3 (Prop_H6LUT_SLICEM_I1_O)
                                                      0.115     3.412 f  softmax/invertVal[17]_i_21/O
                         net (fo=1, routed)           0.315     3.727    softmax/invertVal[17]_i_21_n_0
    SLICE_X128Y395       CARRY8 (Prop_CARRY8_SLICEM_DI[4]_CO[7])
                                                      0.081     3.808 f  softmax/invertVal_reg[17]_i_4/CO[7]
                         net (fo=1, routed)           0.023     3.831    softmax/invertVal_reg[17]_i_4_n_0
    SLICE_X128Y396       CARRY8 (Prop_CARRY8_SLICEM_CI_CO[4])
                                                      0.081     3.912 f  softmax/invertVal_reg[17]_i_2/CO[4]
                         net (fo=95, routed)          0.334     4.246    softmax/tempSum[20]
    SLICE_X135Y397       LUT2 (Prop_E6LUT_SLICEL_I0_O)
                                                      0.114     4.360 f  softmax/invertVal[17]_i_14/O
                         net (fo=184, routed)         0.263     4.623    softmax/sel[0]
    SLICE_X137Y398       LUT5 (Prop_B5LUT_SLICEM_I2_O)
                                                      0.103     4.726 r  softmax/buffer[4]_i_391/O
                         net (fo=2, routed)           0.181     4.907    softmax/buffer[4]_i_391_n_0
    SLICE_X137Y398       LUT6 (Prop_D6LUT_SLICEM_I1_O)
                                                      0.081     4.988 r  softmax/buffer[4]_i_292/O
                         net (fo=1, routed)           0.029     5.017    softmax/buffer[4]_i_292_n_0
    SLICE_X137Y398       MUXF7 (Prop_F7MUX_CD_SLICEM_I0_O)
                                                      0.061     5.078 r  softmax/buffer[4]_i_134/O
                         net (fo=1, routed)           0.216     5.294    softmax/buffer[4]_i_134_n_0
    SLICE_X136Y395       LUT6 (Prop_A6LUT_SLICEL_I5_O)
                                                      0.031     5.325 r  softmax/buffer[4]_i_46/O
                         net (fo=1, routed)           0.013     5.338    softmax/buffer[4]_i_46_n_0
    SLICE_X136Y395       MUXF7 (Prop_F7MUX_AB_SLICEL_I1_O)
                                                      0.055     5.393 r  softmax/buffer[4]_i_12/O
                         net (fo=5, routed)           0.528     5.921    softmax/buffer[4]/B[5]
    DSP48E2_X17Y161      DSP_A_B_DATA                                 r  softmax/buffer[4]/DSP_A_B_DATA_INST/B[5]
  -------------------------------------------------------------------    -------------------

                         (clock ap_clk rise edge)     5.000     5.000 r  
    AU14                                              0.000     5.000 r  clk (IN)
                         net (fo=0)                   0.000     5.000    clk_IBUF_inst/I
    AU14                 INBUF (Prop_INBUF_HPIOB_M_PAD_O)
                                                      0.330     5.330 r  clk_IBUF_inst/INBUF_INST/O
                         net (fo=1, routed)           0.000     5.330    clk_IBUF_inst/OUT
    AU14                 IBUFCTRL (Prop_IBUFCTRL_HPIOB_M_I_O)
                                                      0.000     5.330 r  clk_IBUF_inst/IBUFCTRL_INST/O
                         net (fo=1, routed)           0.279     5.609    clk_IBUF
    BUFGCE_X0Y170        BUFGCE (Prop_BUFCE_BUFGCE_I_O)
                                                      0.024     5.633 r  clk_IBUF_BUFG_inst/O
    X4Y7 (CLOCK_ROOT)    net (fo=1921, routed)        0.961     6.594    softmax/buffer[4]/CLK
    DSP48E2_X17Y161      DSP_A_B_DATA                                 r  softmax/buffer[4]/DSP_A_B_DATA_INST/CLK
                         clock pessimism              0.310     6.904    
                         clock uncertainty           -0.035     6.869    
    DSP48E2_X17Y161      DSP_A_B_DATA (Setup_DSP_A_B_DATA_DSP48E2_CLK_B[5])
                                                     -0.243     6.626    softmax/buffer[4]/DSP_A_B_DATA_INST
  -------------------------------------------------------------------
                         required time                          6.626    
                         arrival time                          -5.921    
  -------------------------------------------------------------------
                         slack                                  0.705    





Min Delay Paths
--------------------------------------------------------------------------------------
Slack (MET) :             0.032ns  (arrival time - required time)
  Source:                 denselayer1/sum_all/col_trees[38].column_tree/genblk2[0].genblk1[1].tree_reg[1][2]/C
                            (rising edge-triggered cell FDRE clocked by ap_clk  {rise@0.000ns fall@2.500ns period=5.000ns})
  Destination:            denselayer2/INPUT_SIZE_rows[38].OUTPUT_SIZE_cols[8].sa/data_out_reg[2]/D
                            (rising edge-triggered cell FDRE clocked by ap_clk  {rise@0.000ns fall@2.500ns period=5.000ns})
  Path Group:             ap_clk
  Path Type:              Hold (Min at Fast Process Corner)
  Requirement:            0.000ns  (ap_clk rise@0.000ns - ap_clk rise@0.000ns)
  Data Path Delay:        0.124ns  (logic 0.053ns (42.742%)  route 0.071ns (57.258%))
  Logic Levels:           1  (LUT4=1)
  Clock Path Skew:        0.046ns (DCD - SCD - CPR)
    Destination Clock Delay (DCD):    1.397ns
    Source Clock Delay      (SCD):    1.082ns
    Clock Pessimism Removal (CPR):    0.268ns
  Clock Net Delay (Source):      0.687ns (routing 0.096ns, distribution 0.591ns)
  Clock Net Delay (Destination): 0.777ns (routing 0.108ns, distribution 0.669ns)

    Location             Delay type                Incr(ns)  Path(ns)    Netlist Resource(s)
  -------------------------------------------------------------------    -------------------
                         (clock ap_clk rise edge)     0.000     0.000 r  
    AU14                                              0.000     0.000 r  clk (IN)
                         net (fo=0)                   0.000     0.000    clk_IBUF_inst/I
    AU14                 INBUF (Prop_INBUF_HPIOB_M_PAD_O)
                                                      0.234     0.234 r  clk_IBUF_inst/INBUF_INST/O
                         net (fo=1, routed)           0.000     0.234    clk_IBUF_inst/OUT
    AU14                 IBUFCTRL (Prop_IBUFCTRL_HPIOB_M_I_O)
                                                      0.000     0.234 r  clk_IBUF_inst/IBUFCTRL_INST/O
                         net (fo=1, routed)           0.144     0.378    clk_IBUF
    BUFGCE_X0Y170        BUFGCE (Prop_BUFCE_BUFGCE_I_O)
                                                      0.017     0.395 r  clk_IBUF_BUFG_inst/O
    X4Y7 (CLOCK_ROOT)    net (fo=1921, routed)        0.687     1.082    denselayer1/sum_all/col_trees[38].column_tree/CLK
    SLICE_X138Y471       FDRE                                         r  denselayer1/sum_all/col_trees[38].column_tree/genblk2[0].genblk1[1].tree_reg[1][2]/C
  -------------------------------------------------------------------    -------------------
    SLICE_X138Y471       FDRE (Prop_CFF_SLICEL_C_Q)
                                                      0.039     1.121 r  denselayer1/sum_all/col_trees[38].column_tree/genblk2[0].genblk1[1].tree_reg[1][2]/Q
                         net (fo=3, routed)           0.054     1.175    relulayer1/output_data[38][2]
    SLICE_X140Y471       LUT4 (Prop_C6LUT_SLICEL_I1_O)
                                                      0.014     1.189 r  relulayer1/out_buffer[25]/O
                         net (fo=1, routed)           0.017     1.206    denselayer2/INPUT_SIZE_rows[38].OUTPUT_SIZE_cols[8].sa/dense2_input_data[25][0]
    SLICE_X140Y471       FDRE                                         r  denselayer2/INPUT_SIZE_rows[38].OUTPUT_SIZE_cols[8].sa/data_out_reg[2]/D
  -------------------------------------------------------------------    -------------------

                         (clock ap_clk rise edge)     0.000     0.000 r  
    AU14                                              0.000     0.000 r  clk (IN)
                         net (fo=0)                   0.000     0.000    clk_IBUF_inst/I
    AU14                 INBUF (Prop_INBUF_HPIOB_M_PAD_O)
                                                      0.420     0.420 r  clk_IBUF_inst/INBUF_INST/O
                         net (fo=1, routed)           0.000     0.420    clk_IBUF_inst/OUT
    AU14                 IBUFCTRL (Prop_IBUFCTRL_HPIOB_M_I_O)
                                                      0.000     0.420 r  clk_IBUF_inst/IBUFCTRL_INST/O
                         net (fo=1, routed)           0.181     0.601    clk_IBUF
    BUFGCE_X0Y170        BUFGCE (Prop_BUFCE_BUFGCE_I_O)
                                                      0.019     0.620 r  clk_IBUF_BUFG_inst/O
    X4Y7 (CLOCK_ROOT)    net (fo=1921, routed)        0.777     1.397    denselayer2/INPUT_SIZE_rows[38].OUTPUT_SIZE_cols[8].sa/CLK
    SLICE_X140Y471       FDRE                                         r  denselayer2/INPUT_SIZE_rows[38].OUTPUT_SIZE_cols[8].sa/data_out_reg[2]/C
                         clock pessimism             -0.268     1.129    
    SLICE_X140Y471       FDRE (Hold_CFF_SLICEL_C_D)
                                                      0.046     1.175    denselayer2/INPUT_SIZE_rows[38].OUTPUT_SIZE_cols[8].sa/data_out_reg[2]
  -------------------------------------------------------------------
                         required time                         -1.175    
                         arrival time                           1.206    
  -------------------------------------------------------------------
                         slack                                  0.032    





Pulse Width Checks
--------------------------------------------------------------------------------------
Clock Name:         ap_clk
Waveform(ns):       { 0.000 2.500 }
Period(ns):         5.000
Sources:            { clk }

Check Type        Corner  Lib Pin             Reference Pin  Required(ns)  Actual(ns)  Slack(ns)  Location       Pin
Min Period        n/a     RAMB18E2/CLKARDCLK  n/a            1.212         5.000       3.788      RAMB18_X8Y158  softmax/expResult_reg[1]/CLKARDCLK
Low Pulse Width   Slow    RAMB18E2/CLKARDCLK  n/a            0.495         2.500       2.005      RAMB18_X8Y158  softmax/expResult_reg[1]/CLKARDCLK
High Pulse Width  Fast    RAMB18E2/CLKARDCLK  n/a            0.495         2.500       2.005      RAMB18_X8Y158  softmax/expResult_reg[1]/CLKARDCLK



