Copyright 1986-2019 Xilinx, Inc. All Rights Reserved.
--------------------------------------------------------------------------------------------------------------------
| Tool Version : Vivado v.2019.1 (lin64) Build 2552052 Fri May 24 14:47:09 MDT 2019
| Date         : Mon Dec 22 18:36:24 2025
| Host         : hvm1 running 64-bit Ubuntu 22.04.5 LTS
| Command      : report_utilization -hierarchical -hierarchical_depth 1 -file ../reports/4_2_expPipeNegmax_hier.rpt
| Design       : waiz_benchmark
| Device       : xcvu13pfhga2104-3
| Design State : Routed
--------------------------------------------------------------------------------------------------------------------

Utilization Design Information

Table of Contents
-----------------
1. Utilization by Hierarchy

1. Utilization by Hierarchy
---------------------------

+--------------------+---------------------------------------+------------+------------+---------+------+------+--------+--------+------+--------------+
|      Instance      |                 Module                | Total LUTs | Logic LUTs | LUTRAMs | SRLs |  FFs | RAMB36 | RAMB18 | URAM | DSP48 Blocks |
+--------------------+---------------------------------------+------------+------------+---------+------+------+--------+--------+------+--------------+
| waiz_benchmark     |                                 (top) |       9172 |       9171 |       0 |    1 | 1888 |      0 |      1 |    0 |            5 |
|   (waiz_benchmark) |                                 (top) |          0 |          0 |       0 |    0 |    0 |      0 |      0 |    0 |            0 |
|   denselayer1      |                            denseLayer |       2540 |       2540 |       0 |    0 |  543 |      0 |      0 |    0 |            0 |
|   denselayer2      |            denseLayer__parameterized0 |       3564 |       3564 |       0 |    0 |  466 |      0 |      0 |    0 |            0 |
|   denselayer3      |            denseLayer__parameterized1 |       2156 |       2156 |       0 |    0 |  669 |      0 |      0 |    0 |            0 |
|   denselayer4      |            denseLayer__parameterized2 |        465 |        465 |       0 |    0 |  154 |      0 |      0 |    0 |            0 |
|   relulayer1       |                   reluActivationLayer |         35 |         35 |       0 |    0 |    0 |      0 |      0 |    0 |            0 |
|   relulayer2       |   reluActivationLayer__parameterized0 |          4 |          4 |       0 |    0 |    0 |      0 |      0 |    0 |            0 |
|   relulayer3       | reluActivationLayer__parameterized0_0 |          7 |          7 |       0 |    0 |    0 |      0 |      0 |    0 |            0 |
|   softmax          |                       softmaxLayerNeg |        404 |        403 |       0 |    1 |   56 |      0 |      1 |    0 |            5 |
+--------------------+---------------------------------------+------------+------------+---------+------+------+--------+--------+------+--------------+
* Note: The sum of lower-level cells may be larger than their parent cells total, due to cross-hierarchy LUT combining


