Copyright 1986-2019 Xilinx, Inc. All Rights Reserved.
--------------------------------------------------------------------------------------------------------
| Tool Version      : Vivado v.2019.1 (lin64) Build 2552052 Fri May 24 14:47:09 MDT 2019
| Date              : Tue Dec  2 00:37:39 2025
| Host              : hvm1 running 64-bit Ubuntu 22.04.5 LTS
| Command           : report_timing_summary -file ../reports/4_2_Argmax_P1_PO0_SA2_MULTPIPE1_timing.rpt
| Design            : waiz_benchmark
| Device            : xcvu13p-fhga2104
| Speed File        : -3  PRODUCTION 1.23 03-18-2019
| Temperature Grade : E
--------------------------------------------------------------------------------------------------------

Timing Summary Report

------------------------------------------------------------------------------------------------
| Timer Settings
| --------------
------------------------------------------------------------------------------------------------

  Enable Multi Corner Analysis               :  Yes
  Enable Pessimism Removal                   :  Yes
  Pessimism Removal Resolution               :  Nearest Common Node
  Enable Input Delay Default Clock           :  No
  Enable Preset / Clear Arcs                 :  No
  Disable Flight Delays                      :  No
  Ignore I/O Paths                           :  No
  Timing Early Launch at Borrowing Latches   :  No
  Borrow Time for Max Delay Exceptions       :  Yes

  Corner  Analyze    Analyze    
  Name    Max Paths  Min Paths  
  ------  ---------  ---------  
  Slow    Yes        Yes        
  Fast    Yes        Yes        



check_timing report

Table of Contents
-----------------
1. checking no_clock
2. checking constant_clock
3. checking pulse_width_clock
4. checking unconstrained_internal_endpoints
5. checking no_input_delay
6. checking no_output_delay
7. checking multiple_clock
8. checking generated_clocks
9. checking loops
10. checking partial_input_delay
11. checking partial_output_delay
12. checking latch_loops

1. checking no_clock
--------------------
 There are 0 register/latch pins with no clock.


2. checking constant_clock
--------------------------
 There are 0 register/latch pins with constant_clock.


3. checking pulse_width_clock
-----------------------------
 There are 0 register/latch pins which need pulse_width check


4. checking unconstrained_internal_endpoints
--------------------------------------------
 There are 0 pins that are not constrained for maximum delay.

 There are 0 pins that are not constrained for maximum delay due to constant clock.


5. checking no_input_delay
--------------------------
 There are 66 input ports with no input delay specified. (HIGH)

 There are 0 input ports with no input delay but user has a false path constraint.


6. checking no_output_delay
---------------------------
 There are 6 ports with no output delay specified. (HIGH)

 There are 0 ports with no output delay but user has a false path constraint

 There are 0 ports with no output delay but with a timing clock defined on it or propagating through it


7. checking multiple_clock
--------------------------
 There are 0 register/latch pins with multiple clocks.


8. checking generated_clocks
----------------------------
 There are 0 generated clocks that are not connected to a clock source.


9. checking loops
-----------------
 There are 0 combinational loops in the design.


10. checking partial_input_delay
--------------------------------
 There are 0 input ports with partial input delay specified.


11. checking partial_output_delay
---------------------------------
 There are 0 ports with partial output delay specified.


12. checking latch_loops
------------------------
 There are 0 combinational latch loops in the design through latch input



------------------------------------------------------------------------------------------------
| Design Timing Summary
| ---------------------
------------------------------------------------------------------------------------------------

    WNS(ns)      TNS(ns)  TNS Failing Endpoints  TNS Total Endpoints      WHS(ns)      THS(ns)  THS Failing Endpoints  THS Total Endpoints     WPWS(ns)     TPWS(ns)  TPWS Failing Endpoints  TPWS Total Endpoints  
    -------      -------  ---------------------  -------------------      -------      -------  ---------------------  -------------------     --------     --------  ----------------------  --------------------  
      2.588        0.000                      0                 6558        0.016        0.000                      0                 6558        2.225        0.000                       0                  6624  


All user specified timing constraints are met.


------------------------------------------------------------------------------------------------
| Clock Summary
| -------------
------------------------------------------------------------------------------------------------

Clock   Waveform(ns)         Period(ns)      Frequency(MHz)
-----   ------------         ----------      --------------
ap_clk  {0.000 2.500}        5.000           200.000         


------------------------------------------------------------------------------------------------
| Intra Clock Table
| -----------------
------------------------------------------------------------------------------------------------

Clock             WNS(ns)      TNS(ns)  TNS Failing Endpoints  TNS Total Endpoints      WHS(ns)      THS(ns)  THS Failing Endpoints  THS Total Endpoints     WPWS(ns)     TPWS(ns)  TPWS Failing Endpoints  TPWS Total Endpoints  
-----             -------      -------  ---------------------  -------------------      -------      -------  ---------------------  -------------------     --------     --------  ----------------------  --------------------  
ap_clk              2.588        0.000                      0                 6558        0.016        0.000                      0                 6558        2.225        0.000                       0                  6624  


------------------------------------------------------------------------------------------------
| Inter Clock Table
| -----------------
------------------------------------------------------------------------------------------------

From Clock    To Clock          WNS(ns)      TNS(ns)  TNS Failing Endpoints  TNS Total Endpoints      WHS(ns)      THS(ns)  THS Failing Endpoints  THS Total Endpoints  
----------    --------          -------      -------  ---------------------  -------------------      -------      -------  ---------------------  -------------------  


------------------------------------------------------------------------------------------------
| Other Path Groups Table
| -----------------------
------------------------------------------------------------------------------------------------

Path Group    From Clock    To Clock          WNS(ns)      TNS(ns)  TNS Failing Endpoints  TNS Total Endpoints      WHS(ns)      THS(ns)  THS Failing Endpoints  THS Total Endpoints  
----------    ----------    --------          -------      -------  ---------------------  -------------------      -------      -------  ---------------------  -------------------  


------------------------------------------------------------------------------------------------
| Timing Details
| --------------
------------------------------------------------------------------------------------------------


---------------------------------------------------------------------------------------------------
From Clock:  ap_clk
  To Clock:  ap_clk

Setup :            0  Failing Endpoints,  Worst Slack        2.588ns,  Total Violation        0.000ns
Hold  :            0  Failing Endpoints,  Worst Slack        0.016ns,  Total Violation        0.000ns
PW    :            0  Failing Endpoints,  Worst Slack        2.225ns,  Total Violation        0.000ns
---------------------------------------------------------------------------------------------------


Max Delay Paths
--------------------------------------------------------------------------------------
Slack (MET) :             2.588ns  (required time - arrival time)
  Source:                 denselayer1/INPUT_SIZE_rows[5].OUTPUT_SIZE_cols[0].sa/data_out_reg[3]/C
                            (rising edge-triggered cell FDRE clocked by ap_clk  {rise@0.000ns fall@2.500ns period=5.000ns})
  Destination:            denselayer1/sum_all/col_trees[25].column_tree/genblk2[1].genblk1[5].tree_reg[5][2]/D
                            (rising edge-triggered cell FDRE clocked by ap_clk  {rise@0.000ns fall@2.500ns period=5.000ns})
  Path Group:             ap_clk
  Path Type:              Setup (Max at Slow Process Corner)
  Requirement:            5.000ns  (ap_clk rise@5.000ns - ap_clk rise@0.000ns)
  Data Path Delay:        2.341ns  (logic 0.241ns (10.295%)  route 2.100ns (89.705%))
  Logic Levels:           2  (LUT5=1 LUT6=1)
  Clock Path Skew:        -0.058ns (DCD - SCD + CPR)
    Destination Clock Delay (DCD):    2.200ns = ( 7.200 - 5.000 ) 
    Source Clock Delay      (SCD):    2.620ns
    Clock Pessimism Removal (CPR):    0.362ns
  Clock Uncertainty:      0.035ns  ((TSJ^2 + TIJ^2)^1/2 + DJ) / 2 + PE
    Total System Jitter     (TSJ):    0.071ns
    Total Input Jitter      (TIJ):    0.000ns
    Discrete Jitter          (DJ):    0.000ns
    Phase Error              (PE):    0.000ns
  Clock Net Delay (Source):      1.744ns (routing 0.824ns, distribution 0.920ns)
  Clock Net Delay (Destination): 1.567ns (routing 0.747ns, distribution 0.820ns)

    Location             Delay type                Incr(ns)  Path(ns)    Netlist Resource(s)
  -------------------------------------------------------------------    -------------------
                         (clock ap_clk rise edge)     0.000     0.000 r  
    AU14                                              0.000     0.000 r  clk (IN)
                         net (fo=0)                   0.000     0.000    clk_IBUF_inst/I
    AU14                 INBUF (Prop_INBUF_HPIOB_M_PAD_O)
                                                      0.534     0.534 r  clk_IBUF_inst/INBUF_INST/O
                         net (fo=1, routed)           0.000     0.534    clk_IBUF_inst/OUT
    AU14                 IBUFCTRL (Prop_IBUFCTRL_HPIOB_M_I_O)
                                                      0.000     0.534 r  clk_IBUF_inst/IBUFCTRL_INST/O
                         net (fo=1, routed)           0.314     0.848    clk_IBUF
    BUFGCE_X0Y170        BUFGCE (Prop_BUFCE_BUFGCE_I_O)
                                                      0.028     0.876 r  clk_IBUF_BUFG_inst/O
    X4Y5 (CLOCK_ROOT)    net (fo=6623, routed)        1.744     2.620    denselayer1/INPUT_SIZE_rows[5].OUTPUT_SIZE_cols[0].sa/CLK
    SLICE_X125Y252       FDRE                                         r  denselayer1/INPUT_SIZE_rows[5].OUTPUT_SIZE_cols[0].sa/data_out_reg[3]/C
  -------------------------------------------------------------------    -------------------
    SLICE_X125Y252       FDRE (Prop_EFF_SLICEL_C_Q)
                                                      0.070     2.690 r  denselayer1/INPUT_SIZE_rows[5].OUTPUT_SIZE_cols[0].sa/data_out_reg[3]/Q
                         net (fo=106, routed)         1.876     4.566    denselayer1/sum_all/col_trees[25].column_tree/p_640_out[0]
    SLICE_X128Y259       LUT5 (Prop_D5LUT_SLICEM_I2_O)
                                                      0.140     4.706 r  denselayer1/sum_all/col_trees[25].column_tree/genblk2[1].genblk1[5].tree[5][3]_i_2/O
                         net (fo=2, routed)           0.165     4.871    denselayer1/sum_all/col_trees[25].column_tree/genblk2[1].genblk1[5].tree[5][3]_i_2_n_0
    SLICE_X128Y259       LUT6 (Prop_B6LUT_SLICEM_I0_O)
                                                      0.031     4.902 r  denselayer1/sum_all/col_trees[25].column_tree/genblk2[1].genblk1[5].tree[5][2]_i_1/O
                         net (fo=1, routed)           0.059     4.961    denselayer1/sum_all/col_trees[25].column_tree/p_2_out[2]
    SLICE_X128Y259       FDRE                                         r  denselayer1/sum_all/col_trees[25].column_tree/genblk2[1].genblk1[5].tree_reg[5][2]/D
  -------------------------------------------------------------------    -------------------

                         (clock ap_clk rise edge)     5.000     5.000 r  
    AU14                                              0.000     5.000 r  clk (IN)
                         net (fo=0)                   0.000     5.000    clk_IBUF_inst/I
    AU14                 INBUF (Prop_INBUF_HPIOB_M_PAD_O)
                                                      0.330     5.330 r  clk_IBUF_inst/INBUF_INST/O
                         net (fo=1, routed)           0.000     5.330    clk_IBUF_inst/OUT
    AU14                 IBUFCTRL (Prop_IBUFCTRL_HPIOB_M_I_O)
                                                      0.000     5.330 r  clk_IBUF_inst/IBUFCTRL_INST/O
                         net (fo=1, routed)           0.279     5.609    clk_IBUF
    BUFGCE_X0Y170        BUFGCE (Prop_BUFCE_BUFGCE_I_O)
                                                      0.024     5.633 r  clk_IBUF_BUFG_inst/O
    X4Y5 (CLOCK_ROOT)    net (fo=6623, routed)        1.567     7.200    denselayer1/sum_all/col_trees[25].column_tree/CLK
    SLICE_X128Y259       FDRE                                         r  denselayer1/sum_all/col_trees[25].column_tree/genblk2[1].genblk1[5].tree_reg[5][2]/C
                         clock pessimism              0.362     7.562    
                         clock uncertainty           -0.035     7.527    
    SLICE_X128Y259       FDRE (Setup_BFF_SLICEM_C_D)
                                                      0.023     7.550    denselayer1/sum_all/col_trees[25].column_tree/genblk2[1].genblk1[5].tree_reg[5][2]
  -------------------------------------------------------------------
                         required time                          7.550    
                         arrival time                          -4.961    
  -------------------------------------------------------------------
                         slack                                  2.588    





Min Delay Paths
--------------------------------------------------------------------------------------
Slack (MET) :             0.016ns  (arrival time - required time)
  Source:                 denselayer2/sum_all/col_trees[27].column_tree/genblk2[2].genblk1[16].tree_reg[16][0]/C
                            (rising edge-triggered cell FDRE clocked by ap_clk  {rise@0.000ns fall@2.500ns period=5.000ns})
  Destination:            denselayer2/sum_all/col_trees[27].column_tree/genblk2[1].genblk1[4].tree_reg[4][0]/D
                            (rising edge-triggered cell FDRE clocked by ap_clk  {rise@0.000ns fall@2.500ns period=5.000ns})
  Path Group:             ap_clk
  Path Type:              Hold (Min at Fast Process Corner)
  Requirement:            0.000ns  (ap_clk rise@0.000ns - ap_clk rise@0.000ns)
  Data Path Delay:        0.161ns  (logic 0.089ns (55.280%)  route 0.072ns (44.721%))
  Logic Levels:           1  (LUT4=1)
  Clock Path Skew:        0.099ns (DCD - SCD - CPR)
    Destination Clock Delay (DCD):    1.874ns
    Source Clock Delay      (SCD):    1.489ns
    Clock Pessimism Removal (CPR):    0.286ns
  Clock Net Delay (Source):      1.094ns (routing 0.510ns, distribution 0.584ns)
  Clock Net Delay (Destination): 1.254ns (routing 0.568ns, distribution 0.686ns)

    Location             Delay type                Incr(ns)  Path(ns)    Netlist Resource(s)
  -------------------------------------------------------------------    -------------------
                         (clock ap_clk rise edge)     0.000     0.000 r  
    AU14                                              0.000     0.000 r  clk (IN)
                         net (fo=0)                   0.000     0.000    clk_IBUF_inst/I
    AU14                 INBUF (Prop_INBUF_HPIOB_M_PAD_O)
                                                      0.234     0.234 r  clk_IBUF_inst/INBUF_INST/O
                         net (fo=1, routed)           0.000     0.234    clk_IBUF_inst/OUT
    AU14                 IBUFCTRL (Prop_IBUFCTRL_HPIOB_M_I_O)
                                                      0.000     0.234 r  clk_IBUF_inst/IBUFCTRL_INST/O
                         net (fo=1, routed)           0.144     0.378    clk_IBUF
    BUFGCE_X0Y170        BUFGCE (Prop_BUFCE_BUFGCE_I_O)
                                                      0.017     0.395 r  clk_IBUF_BUFG_inst/O
    X4Y5 (CLOCK_ROOT)    net (fo=6623, routed)        1.094     1.489    denselayer2/sum_all/col_trees[27].column_tree/CLK
    SLICE_X131Y300       FDRE                                         r  denselayer2/sum_all/col_trees[27].column_tree/genblk2[2].genblk1[16].tree_reg[16][0]/C
  -------------------------------------------------------------------    -------------------
    SLICE_X131Y300       FDRE (Prop_EFF_SLICEL_C_Q)
                                                      0.039     1.528 r  denselayer2/sum_all/col_trees[27].column_tree/genblk2[2].genblk1[16].tree_reg[16][0]/Q
                         net (fo=3, routed)           0.056     1.584    denselayer2/sum_all/col_trees[27].column_tree/genblk2[2].genblk1[16].tree_reg[16]_408[0]
    SLICE_X131Y299       LUT4 (Prop_G6LUT_SLICEL_I3_O)
                                                      0.050     1.634 r  denselayer2/sum_all/col_trees[27].column_tree/genblk2[1].genblk1[4].tree[4][0]_i_1/O
                         net (fo=1, routed)           0.016     1.650    denselayer2/sum_all/col_trees[27].column_tree/p_19_out[0]
    SLICE_X131Y299       FDRE                                         r  denselayer2/sum_all/col_trees[27].column_tree/genblk2[1].genblk1[4].tree_reg[4][0]/D
  -------------------------------------------------------------------    -------------------

                         (clock ap_clk rise edge)     0.000     0.000 r  
    AU14                                              0.000     0.000 r  clk (IN)
                         net (fo=0)                   0.000     0.000    clk_IBUF_inst/I
    AU14                 INBUF (Prop_INBUF_HPIOB_M_PAD_O)
                                                      0.420     0.420 r  clk_IBUF_inst/INBUF_INST/O
                         net (fo=1, routed)           0.000     0.420    clk_IBUF_inst/OUT
    AU14                 IBUFCTRL (Prop_IBUFCTRL_HPIOB_M_I_O)
                                                      0.000     0.420 r  clk_IBUF_inst/IBUFCTRL_INST/O
                         net (fo=1, routed)           0.181     0.601    clk_IBUF
    BUFGCE_X0Y170        BUFGCE (Prop_BUFCE_BUFGCE_I_O)
                                                      0.019     0.620 r  clk_IBUF_BUFG_inst/O
    X4Y5 (CLOCK_ROOT)    net (fo=6623, routed)        1.254     1.874    denselayer2/sum_all/col_trees[27].column_tree/CLK
    SLICE_X131Y299       FDRE                                         r  denselayer2/sum_all/col_trees[27].column_tree/genblk2[1].genblk1[4].tree_reg[4][0]/C
                         clock pessimism             -0.286     1.588    
    SLICE_X131Y299       FDRE (Hold_GFF_SLICEL_C_D)
                                                      0.046     1.634    denselayer2/sum_all/col_trees[27].column_tree/genblk2[1].genblk1[4].tree_reg[4][0]
  -------------------------------------------------------------------
                         required time                         -1.634    
                         arrival time                           1.650    
  -------------------------------------------------------------------
                         slack                                  0.016    





Pulse Width Checks
--------------------------------------------------------------------------------------
Clock Name:         ap_clk
Waveform(ns):       { 0.000 2.500 }
Period(ns):         5.000
Sources:            { clk }

Check Type        Corner  Lib Pin   Reference Pin  Required(ns)  Actual(ns)  Slack(ns)  Location        Pin
Min Period        n/a     BUFGCE/I  n/a            1.122         5.000       3.878      BUFGCE_X0Y170   clk_IBUF_BUFG_inst/I
Low Pulse Width   Slow    FDRE/C    n/a            0.275         2.500       2.225      SLICE_X129Y252  denselayer1/sum_all/col_trees[60].column_tree/genblk2[1].genblk1[7].tree_reg[7][0]/C
High Pulse Width  Fast    FDRE/C    n/a            0.275         2.500       2.225      SLICE_X128Y257  denselayer1/sum_all/col_trees[25].column_tree/genblk2[1].genblk1[6].tree_reg[6][2]/C



