Copyright 1986-2019 Xilinx, Inc. All Rights Reserved.
-------------------------------------------------------------------------------------------------------
| Tool Version      : Vivado v.2019.1 (lin64) Build 2552052 Fri May 24 14:47:09 MDT 2019
| Date              : Mon Dec  1 23:30:00 2025
| Host              : hvm1 running 64-bit Ubuntu 22.04.5 LTS
| Command           : report_timing_summary -file ../reports/7_3_Argmax_P1_PO0_SA2_MULTPIPE_timing.rpt
| Design            : waiz_benchmark
| Device            : xcvu13p-fhga2104
| Speed File        : -3  PRODUCTION 1.23 03-18-2019
| Temperature Grade : E
-------------------------------------------------------------------------------------------------------

Timing Summary Report

------------------------------------------------------------------------------------------------
| Timer Settings
| --------------
------------------------------------------------------------------------------------------------

  Enable Multi Corner Analysis               :  Yes
  Enable Pessimism Removal                   :  Yes
  Pessimism Removal Resolution               :  Nearest Common Node
  Enable Input Delay Default Clock           :  No
  Enable Preset / Clear Arcs                 :  No
  Disable Flight Delays                      :  No
  Ignore I/O Paths                           :  No
  Timing Early Launch at Borrowing Latches   :  No
  Borrow Time for Max Delay Exceptions       :  Yes

  Corner  Analyze    Analyze    
  Name    Max Paths  Min Paths  
  ------  ---------  ---------  
  Slow    Yes        Yes        
  Fast    Yes        Yes        



check_timing report

Table of Contents
-----------------
1. checking no_clock
2. checking constant_clock
3. checking pulse_width_clock
4. checking unconstrained_internal_endpoints
5. checking no_input_delay
6. checking no_output_delay
7. checking multiple_clock
8. checking generated_clocks
9. checking loops
10. checking partial_input_delay
11. checking partial_output_delay
12. checking latch_loops

1. checking no_clock
--------------------
 There are 0 register/latch pins with no clock.


2. checking constant_clock
--------------------------
 There are 0 register/latch pins with constant_clock.


3. checking pulse_width_clock
-----------------------------
 There are 0 register/latch pins which need pulse_width check


4. checking unconstrained_internal_endpoints
--------------------------------------------
 There are 0 pins that are not constrained for maximum delay.

 There are 0 pins that are not constrained for maximum delay due to constant clock.


5. checking no_input_delay
--------------------------
 There are 114 input ports with no input delay specified. (HIGH)

 There are 0 input ports with no input delay but user has a false path constraint.


6. checking no_output_delay
---------------------------
 There are 6 ports with no output delay specified. (HIGH)

 There are 0 ports with no output delay but user has a false path constraint

 There are 0 ports with no output delay but with a timing clock defined on it or propagating through it


7. checking multiple_clock
--------------------------
 There are 0 register/latch pins with multiple clocks.


8. checking generated_clocks
----------------------------
 There are 0 generated clocks that are not connected to a clock source.


9. checking loops
-----------------
 There are 0 combinational loops in the design.


10. checking partial_input_delay
--------------------------------
 There are 0 input ports with partial input delay specified.


11. checking partial_output_delay
---------------------------------
 There are 0 ports with partial output delay specified.


12. checking latch_loops
------------------------
 There are 0 combinational latch loops in the design through latch input



------------------------------------------------------------------------------------------------
| Design Timing Summary
| ---------------------
------------------------------------------------------------------------------------------------

    WNS(ns)      TNS(ns)  TNS Failing Endpoints  TNS Total Endpoints      WHS(ns)      THS(ns)  THS Failing Endpoints  THS Total Endpoints     WPWS(ns)     TPWS(ns)  TPWS Failing Endpoints  TPWS Total Endpoints  
    -------      -------  ---------------------  -------------------      -------      -------  ---------------------  -------------------     --------     --------  ----------------------  --------------------  
      1.519        0.000                      0                15523        0.011        0.000                      0                15523        2.225        0.000                       0                 17196  


All user specified timing constraints are met.


------------------------------------------------------------------------------------------------
| Clock Summary
| -------------
------------------------------------------------------------------------------------------------

Clock   Waveform(ns)         Period(ns)      Frequency(MHz)
-----   ------------         ----------      --------------
ap_clk  {0.000 2.500}        5.000           200.000         


------------------------------------------------------------------------------------------------
| Intra Clock Table
| -----------------
------------------------------------------------------------------------------------------------

Clock             WNS(ns)      TNS(ns)  TNS Failing Endpoints  TNS Total Endpoints      WHS(ns)      THS(ns)  THS Failing Endpoints  THS Total Endpoints     WPWS(ns)     TPWS(ns)  TPWS Failing Endpoints  TPWS Total Endpoints  
-----             -------      -------  ---------------------  -------------------      -------      -------  ---------------------  -------------------     --------     --------  ----------------------  --------------------  
ap_clk              1.519        0.000                      0                15523        0.011        0.000                      0                15523        2.225        0.000                       0                 17196  


------------------------------------------------------------------------------------------------
| Inter Clock Table
| -----------------
------------------------------------------------------------------------------------------------

From Clock    To Clock          WNS(ns)      TNS(ns)  TNS Failing Endpoints  TNS Total Endpoints      WHS(ns)      THS(ns)  THS Failing Endpoints  THS Total Endpoints  
----------    --------          -------      -------  ---------------------  -------------------      -------      -------  ---------------------  -------------------  


------------------------------------------------------------------------------------------------
| Other Path Groups Table
| -----------------------
------------------------------------------------------------------------------------------------

Path Group    From Clock    To Clock          WNS(ns)      TNS(ns)  TNS Failing Endpoints  TNS Total Endpoints      WHS(ns)      THS(ns)  THS Failing Endpoints  THS Total Endpoints  
----------    ----------    --------          -------      -------  ---------------------  -------------------      -------      -------  ---------------------  -------------------  


------------------------------------------------------------------------------------------------
| Timing Details
| --------------
------------------------------------------------------------------------------------------------


---------------------------------------------------------------------------------------------------
From Clock:  ap_clk
  To Clock:  ap_clk

Setup :            0  Failing Endpoints,  Worst Slack        1.519ns,  Total Violation        0.000ns
Hold  :            0  Failing Endpoints,  Worst Slack        0.011ns,  Total Violation        0.000ns
PW    :            0  Failing Endpoints,  Worst Slack        2.225ns,  Total Violation        0.000ns
---------------------------------------------------------------------------------------------------


Max Delay Paths
--------------------------------------------------------------------------------------
Slack (MET) :             1.519ns  (required time - arrival time)
  Source:                 denselayer2/INPUT_SIZE_rows[34].OUTPUT_SIZE_cols[2].sa/data_out_reg[5]/C
                            (rising edge-triggered cell FDRE clocked by ap_clk  {rise@0.000ns fall@2.500ns period=5.000ns})
  Destination:            denselayer2/sum_all/col_trees[19].column_tree/genblk2[2].genblk1[24].tree_reg[24][5]/D
                            (rising edge-triggered cell FDRE clocked by ap_clk  {rise@0.000ns fall@2.500ns period=5.000ns})
  Path Group:             ap_clk
  Path Type:              Setup (Max at Slow Process Corner)
  Requirement:            5.000ns  (ap_clk rise@5.000ns - ap_clk rise@0.000ns)
  Data Path Delay:        3.356ns  (logic 0.427ns (12.723%)  route 2.929ns (87.277%))
  Logic Levels:           3  (CARRY8=1 LUT5=1 LUT6=1)
  Clock Path Skew:        -0.113ns (DCD - SCD + CPR)
    Destination Clock Delay (DCD):    1.661ns = ( 6.661 - 5.000 ) 
    Source Clock Delay      (SCD):    2.081ns
    Clock Pessimism Removal (CPR):    0.307ns
  Clock Uncertainty:      0.035ns  ((TSJ^2 + TIJ^2)^1/2 + DJ) / 2 + PE
    Total System Jitter     (TSJ):    0.071ns
    Total Input Jitter      (TIJ):    0.000ns
    Discrete Jitter          (DJ):    0.000ns
    Phase Error              (PE):    0.000ns
  Clock Net Delay (Source):      1.126ns (routing 0.156ns, distribution 0.970ns)
  Clock Net Delay (Destination): 0.950ns (routing 0.141ns, distribution 0.809ns)

    Location             Delay type                Incr(ns)  Path(ns)    Netlist Resource(s)
  -------------------------------------------------------------------    -------------------
                         (clock ap_clk rise edge)     0.000     0.000 r  
    BB9                                               0.000     0.000 r  clk (IN)
                         net (fo=0)                   0.000     0.000    clk_IBUF_inst/I
    BB9                  INBUF (Prop_INBUF_HPIOB_M_PAD_O)
                                                      0.602     0.602 r  clk_IBUF_inst/INBUF_INST/O
                         net (fo=1, routed)           0.000     0.602    clk_IBUF_inst/OUT
    BB9                  IBUFCTRL (Prop_IBUFCTRL_HPIOB_M_I_O)
                                                      0.000     0.602 r  clk_IBUF_inst/IBUFCTRL_INST/O
                         net (fo=1, routed)           0.325     0.927    clk_IBUF
    BUFGCE_X0Y146        BUFGCE (Prop_BUFCE_BUFGCE_I_O)
                                                      0.028     0.955 r  clk_IBUF_BUFG_inst/O
    X4Y6 (CLOCK_ROOT)    net (fo=17195, routed)       1.126     2.081    denselayer2/INPUT_SIZE_rows[34].OUTPUT_SIZE_cols[2].sa/CLK
    SLICE_X115Y405       FDRE                                         r  denselayer2/INPUT_SIZE_rows[34].OUTPUT_SIZE_cols[2].sa/data_out_reg[5]/C
  -------------------------------------------------------------------    -------------------
    SLICE_X115Y405       FDRE (Prop_HFF_SLICEM_C_Q)
                                                      0.068     2.149 r  denselayer2/INPUT_SIZE_rows[34].OUTPUT_SIZE_cols[2].sa/data_out_reg[5]/Q
                         net (fo=56, routed)          2.756     4.905    denselayer2/INPUT_SIZE_rows[34].OUTPUT_SIZE_cols[2].sa/p_935_out[1]
    SLICE_X127Y416       LUT6 (Prop_C6LUT_SLICEL_I4_O)
                                                      0.113     5.018 r  denselayer2/INPUT_SIZE_rows[34].OUTPUT_SIZE_cols[2].sa/genblk2[2].genblk1[24].tree[24][6]_i_4__11/O
                         net (fo=2, routed)           0.137     5.155    denselayer2/INPUT_SIZE_rows[33].OUTPUT_SIZE_cols[3].sa/genblk2[2].genblk1[24].tree_reg[24][6]_0[0]
    SLICE_X127Y412       LUT5 (Prop_D6LUT_SLICEL_I4_O)
                                                      0.089     5.244 r  denselayer2/INPUT_SIZE_rows[33].OUTPUT_SIZE_cols[3].sa/col_trees[19].column_tree/genblk2[2].genblk1[24].tree[24][6]_i_10/O
                         net (fo=1, routed)           0.012     5.256    denselayer2/INPUT_SIZE_rows[35].OUTPUT_SIZE_cols[2].sa/genblk2[2].genblk1[24].tree_reg[24][6]_3[1]
    SLICE_X127Y412       CARRY8 (Prop_CARRY8_SLICEL_S[3]_O[5])
                                                      0.157     5.413 r  denselayer2/INPUT_SIZE_rows[35].OUTPUT_SIZE_cols[2].sa/col_trees[19].column_tree/genblk2[2].genblk1[24].tree_reg[24][6]_i_1/O[5]
                         net (fo=1, routed)           0.024     5.437    denselayer2/sum_all/col_trees[19].column_tree/genblk2[2].genblk1[24].tree_reg[24][6]_0[5]
    SLICE_X127Y412       FDRE                                         r  denselayer2/sum_all/col_trees[19].column_tree/genblk2[2].genblk1[24].tree_reg[24][5]/D
  -------------------------------------------------------------------    -------------------

                         (clock ap_clk rise edge)     5.000     5.000 r  
    BB9                                               0.000     5.000 r  clk (IN)
                         net (fo=0)                   0.000     5.000    clk_IBUF_inst/I
    BB9                  INBUF (Prop_INBUF_HPIOB_M_PAD_O)
                                                      0.398     5.398 r  clk_IBUF_inst/INBUF_INST/O
                         net (fo=1, routed)           0.000     5.398    clk_IBUF_inst/OUT
    BB9                  IBUFCTRL (Prop_IBUFCTRL_HPIOB_M_I_O)
                                                      0.000     5.398 r  clk_IBUF_inst/IBUFCTRL_INST/O
                         net (fo=1, routed)           0.289     5.687    clk_IBUF
    BUFGCE_X0Y146        BUFGCE (Prop_BUFCE_BUFGCE_I_O)
                                                      0.024     5.711 r  clk_IBUF_BUFG_inst/O
    X4Y6 (CLOCK_ROOT)    net (fo=17195, routed)       0.950     6.661    denselayer2/sum_all/col_trees[19].column_tree/CLK
    SLICE_X127Y412       FDRE                                         r  denselayer2/sum_all/col_trees[19].column_tree/genblk2[2].genblk1[24].tree_reg[24][5]/C
                         clock pessimism              0.307     6.968    
                         clock uncertainty           -0.035     6.933    
    SLICE_X127Y412       FDRE (Setup_FFF_SLICEL_C_D)
                                                      0.023     6.956    denselayer2/sum_all/col_trees[19].column_tree/genblk2[2].genblk1[24].tree_reg[24][5]
  -------------------------------------------------------------------
                         required time                          6.956    
                         arrival time                          -5.437    
  -------------------------------------------------------------------
                         slack                                  1.519    





Min Delay Paths
--------------------------------------------------------------------------------------
Slack (MET) :             0.011ns  (arrival time - required time)
  Source:                 denselayer4/INPUT_SIZE_rows[8].OUTPUT_SIZE_cols[3].sa/data_out_reg[5]/C
                            (rising edge-triggered cell FDRE clocked by ap_clk  {rise@0.000ns fall@2.500ns period=5.000ns})
  Destination:            denselayer4/sum_all/col_trees[3].column_tree/genblk2[2].genblk1[18].tree_reg[18][2]/D
                            (rising edge-triggered cell FDRE clocked by ap_clk  {rise@0.000ns fall@2.500ns period=5.000ns})
  Path Group:             ap_clk
  Path Type:              Hold (Min at Fast Process Corner)
  Requirement:            0.000ns  (ap_clk rise@0.000ns - ap_clk rise@0.000ns)
  Data Path Delay:        0.152ns  (logic 0.071ns (46.710%)  route 0.081ns (53.289%))
  Logic Levels:           2  (CARRY8=1 LUT6=1)
  Clock Path Skew:        0.095ns (DCD - SCD - CPR)
    Destination Clock Delay (DCD):    1.549ns
    Source Clock Delay      (SCD):    1.185ns
    Clock Pessimism Removal (CPR):    0.270ns
  Clock Net Delay (Source):      0.717ns (routing 0.096ns, distribution 0.621ns)
  Clock Net Delay (Destination): 0.859ns (routing 0.108ns, distribution 0.751ns)

    Location             Delay type                Incr(ns)  Path(ns)    Netlist Resource(s)
  -------------------------------------------------------------------    -------------------
                         (clock ap_clk rise edge)     0.000     0.000 r  
    BB9                                               0.000     0.000 r  clk (IN)
                         net (fo=0)                   0.000     0.000    clk_IBUF_inst/I
    BB9                  INBUF (Prop_INBUF_HPIOB_M_PAD_O)
                                                      0.302     0.302 r  clk_IBUF_inst/INBUF_INST/O
                         net (fo=1, routed)           0.000     0.302    clk_IBUF_inst/OUT
    BB9                  IBUFCTRL (Prop_IBUFCTRL_HPIOB_M_I_O)
                                                      0.000     0.302 r  clk_IBUF_inst/IBUFCTRL_INST/O
                         net (fo=1, routed)           0.149     0.451    clk_IBUF
    BUFGCE_X0Y146        BUFGCE (Prop_BUFCE_BUFGCE_I_O)
                                                      0.017     0.468 r  clk_IBUF_BUFG_inst/O
    X4Y6 (CLOCK_ROOT)    net (fo=17195, routed)       0.717     1.185    denselayer4/INPUT_SIZE_rows[8].OUTPUT_SIZE_cols[3].sa/CLK
    SLICE_X145Y443       FDRE                                         r  denselayer4/INPUT_SIZE_rows[8].OUTPUT_SIZE_cols[3].sa/data_out_reg[5]/C
  -------------------------------------------------------------------    -------------------
    SLICE_X145Y443       FDRE (Prop_CFF_SLICEM_C_Q)
                                                      0.038     1.223 r  denselayer4/INPUT_SIZE_rows[8].OUTPUT_SIZE_cols[3].sa/data_out_reg[5]/Q
                         net (fo=2, routed)           0.060     1.283    denselayer4/sum_all/col_trees[3].column_tree/genblk2[2].genblk1[18].tree_reg[18][6]_5[0]
    SLICE_X146Y443       LUT6 (Prop_C6LUT_SLICEM_I5_O)
                                                      0.014     1.297 r  denselayer4/sum_all/col_trees[3].column_tree/genblk2[2].genblk1[18].tree[18][6]_i_11/O
                         net (fo=1, routed)           0.014     1.311    denselayer4/sum_all/col_trees[3].column_tree/genblk2[2].genblk1[18].tree[18][6]_i_11_n_0
    SLICE_X146Y443       CARRY8 (Prop_CARRY8_SLICEM_S[2]_O[2])
                                                      0.019     1.330 r  denselayer4/sum_all/col_trees[3].column_tree/genblk2[2].genblk1[18].tree_reg[18][6]_i_1/O[2]
                         net (fo=1, routed)           0.007     1.337    denselayer4/sum_all/col_trees[3].column_tree/p_5_out[2]
    SLICE_X146Y443       FDRE                                         r  denselayer4/sum_all/col_trees[3].column_tree/genblk2[2].genblk1[18].tree_reg[18][2]/D
  -------------------------------------------------------------------    -------------------

                         (clock ap_clk rise edge)     0.000     0.000 r  
    BB9                                               0.000     0.000 r  clk (IN)
                         net (fo=0)                   0.000     0.000    clk_IBUF_inst/I
    BB9                  INBUF (Prop_INBUF_HPIOB_M_PAD_O)
                                                      0.488     0.488 r  clk_IBUF_inst/INBUF_INST/O
                         net (fo=1, routed)           0.000     0.488    clk_IBUF_inst/OUT
    BB9                  IBUFCTRL (Prop_IBUFCTRL_HPIOB_M_I_O)
                                                      0.000     0.488 r  clk_IBUF_inst/IBUFCTRL_INST/O
                         net (fo=1, routed)           0.183     0.671    clk_IBUF
    BUFGCE_X0Y146        BUFGCE (Prop_BUFCE_BUFGCE_I_O)
                                                      0.019     0.690 r  clk_IBUF_BUFG_inst/O
    X4Y6 (CLOCK_ROOT)    net (fo=17195, routed)       0.859     1.549    denselayer4/sum_all/col_trees[3].column_tree/CLK
    SLICE_X146Y443       FDRE                                         r  denselayer4/sum_all/col_trees[3].column_tree/genblk2[2].genblk1[18].tree_reg[18][2]/C
                         clock pessimism             -0.270     1.279    
    SLICE_X146Y443       FDRE (Hold_CFF_SLICEM_C_D)
                                                      0.046     1.325    denselayer4/sum_all/col_trees[3].column_tree/genblk2[2].genblk1[18].tree_reg[18][2]
  -------------------------------------------------------------------
                         required time                         -1.325    
                         arrival time                           1.337    
  -------------------------------------------------------------------
                         slack                                  0.011    





Pulse Width Checks
--------------------------------------------------------------------------------------
Clock Name:         ap_clk
Waveform(ns):       { 0.000 2.500 }
Period(ns):         5.000
Sources:            { clk }

Check Type        Corner  Lib Pin   Reference Pin  Required(ns)  Actual(ns)  Slack(ns)  Location        Pin
Min Period        n/a     BUFGCE/I  n/a            1.122         5.000       3.878      BUFGCE_X0Y146   clk_IBUF_BUFG_inst/I
Low Pulse Width   Slow    FDRE/C    n/a            0.275         2.500       2.225      SLICE_X125Y404  denselayer2/sum_all/col_trees[26].column_tree/genblk2[2].genblk1[23].tree_reg[23][4]/C
High Pulse Width  Fast    FDRE/C    n/a            0.275         2.500       2.225      SLICE_X128Y376  denselayer1/INPUT_SIZE_rows[2].OUTPUT_SIZE_cols[29].sa/data_out_reg[4]/C



