Copyright 1986-2019 Xilinx, Inc. All Rights Reserved.
------------------------------------------------------------------------------------------
| Tool Version      : Vivado v.2019.1 (lin64) Build 2552052 Fri May 24 14:47:09 MDT 2019
| Date              : Mon Dec 22 18:55:03 2025
| Host              : hvm1 running 64-bit Ubuntu 22.04.5 LTS
| Command           : report_timing_summary -file ../reports/7_3_expPipeNegmax_timing.rpt
| Design            : waiz_benchmark
| Device            : xcvu13p-fhga2104
| Speed File        : -3  PRODUCTION 1.23 03-18-2019
| Temperature Grade : E
------------------------------------------------------------------------------------------

Timing Summary Report

------------------------------------------------------------------------------------------------
| Timer Settings
| --------------
------------------------------------------------------------------------------------------------

  Enable Multi Corner Analysis               :  Yes
  Enable Pessimism Removal                   :  Yes
  Pessimism Removal Resolution               :  Nearest Common Node
  Enable Input Delay Default Clock           :  No
  Enable Preset / Clear Arcs                 :  No
  Disable Flight Delays                      :  No
  Ignore I/O Paths                           :  No
  Timing Early Launch at Borrowing Latches   :  No
  Borrow Time for Max Delay Exceptions       :  Yes

  Corner  Analyze    Analyze    
  Name    Max Paths  Min Paths  
  ------  ---------  ---------  
  Slow    Yes        Yes        
  Fast    Yes        Yes        



check_timing report

Table of Contents
-----------------
1. checking no_clock
2. checking constant_clock
3. checking pulse_width_clock
4. checking unconstrained_internal_endpoints
5. checking no_input_delay
6. checking no_output_delay
7. checking multiple_clock
8. checking generated_clocks
9. checking loops
10. checking partial_input_delay
11. checking partial_output_delay
12. checking latch_loops

1. checking no_clock
--------------------
 There are 0 register/latch pins with no clock.


2. checking constant_clock
--------------------------
 There are 0 register/latch pins with constant_clock.


3. checking pulse_width_clock
-----------------------------
 There are 0 register/latch pins which need pulse_width check


4. checking unconstrained_internal_endpoints
--------------------------------------------
 There are 0 pins that are not constrained for maximum delay.

 There are 0 pins that are not constrained for maximum delay due to constant clock.


5. checking no_input_delay
--------------------------
 There are 114 input ports with no input delay specified. (HIGH)

 There are 0 input ports with no input delay but user has a false path constraint.


6. checking no_output_delay
---------------------------
 There are 31 ports with no output delay specified. (HIGH)

 There are 0 ports with no output delay but user has a false path constraint

 There are 0 ports with no output delay but with a timing clock defined on it or propagating through it


7. checking multiple_clock
--------------------------
 There are 0 register/latch pins with multiple clocks.


8. checking generated_clocks
----------------------------
 There are 0 generated clocks that are not connected to a clock source.


9. checking loops
-----------------
 There are 0 combinational loops in the design.


10. checking partial_input_delay
--------------------------------
 There are 0 input ports with partial input delay specified.


11. checking partial_output_delay
---------------------------------
 There are 0 ports with partial output delay specified.


12. checking latch_loops
------------------------
 There are 0 combinational latch loops in the design through latch input



------------------------------------------------------------------------------------------------
| Design Timing Summary
| ---------------------
------------------------------------------------------------------------------------------------

    WNS(ns)      TNS(ns)  TNS Failing Endpoints  TNS Total Endpoints      WHS(ns)      THS(ns)  THS Failing Endpoints  THS Total Endpoints     WPWS(ns)     TPWS(ns)  TPWS Failing Endpoints  TPWS Total Endpoints  
    -------      -------  ---------------------  -------------------      -------      -------  ---------------------  -------------------     --------     --------  ----------------------  --------------------  
      0.857        0.000                      0                 7320        0.059        0.000                      0                 7320        2.032        0.000                       0                  8538  


All user specified timing constraints are met.


------------------------------------------------------------------------------------------------
| Clock Summary
| -------------
------------------------------------------------------------------------------------------------

Clock   Waveform(ns)         Period(ns)      Frequency(MHz)
-----   ------------         ----------      --------------
ap_clk  {0.000 2.500}        5.000           200.000         


------------------------------------------------------------------------------------------------
| Intra Clock Table
| -----------------
------------------------------------------------------------------------------------------------

Clock             WNS(ns)      TNS(ns)  TNS Failing Endpoints  TNS Total Endpoints      WHS(ns)      THS(ns)  THS Failing Endpoints  THS Total Endpoints     WPWS(ns)     TPWS(ns)  TPWS Failing Endpoints  TPWS Total Endpoints  
-----             -------      -------  ---------------------  -------------------      -------      -------  ---------------------  -------------------     --------     --------  ----------------------  --------------------  
ap_clk              0.857        0.000                      0                 7320        0.059        0.000                      0                 7320        2.032        0.000                       0                  8538  


------------------------------------------------------------------------------------------------
| Inter Clock Table
| -----------------
------------------------------------------------------------------------------------------------

From Clock    To Clock          WNS(ns)      TNS(ns)  TNS Failing Endpoints  TNS Total Endpoints      WHS(ns)      THS(ns)  THS Failing Endpoints  THS Total Endpoints  
----------    --------          -------      -------  ---------------------  -------------------      -------      -------  ---------------------  -------------------  


------------------------------------------------------------------------------------------------
| Other Path Groups Table
| -----------------------
------------------------------------------------------------------------------------------------

Path Group    From Clock    To Clock          WNS(ns)      TNS(ns)  TNS Failing Endpoints  TNS Total Endpoints      WHS(ns)      THS(ns)  THS Failing Endpoints  THS Total Endpoints  
----------    ----------    --------          -------      -------  ---------------------  -------------------      -------      -------  ---------------------  -------------------  


------------------------------------------------------------------------------------------------
| Timing Details
| --------------
------------------------------------------------------------------------------------------------


---------------------------------------------------------------------------------------------------
From Clock:  ap_clk
  To Clock:  ap_clk

Setup :            0  Failing Endpoints,  Worst Slack        0.857ns,  Total Violation        0.000ns
Hold  :            0  Failing Endpoints,  Worst Slack        0.059ns,  Total Violation        0.000ns
PW    :            0  Failing Endpoints,  Worst Slack        2.032ns,  Total Violation        0.000ns
---------------------------------------------------------------------------------------------------


Max Delay Paths
--------------------------------------------------------------------------------------
Slack (MET) :             0.857ns  (required time - arrival time)
  Source:                 softmax/expResult_reg[4][1]/C
                            (rising edge-triggered cell FDRE clocked by ap_clk  {rise@0.000ns fall@2.500ns period=5.000ns})
  Destination:            softmax/buffer[4]/DSP_A_B_DATA_INST/B[8]
                            (rising edge-triggered cell DSP_A_B_DATA clocked by ap_clk  {rise@0.000ns fall@2.500ns period=5.000ns})
  Path Group:             ap_clk
  Path Type:              Setup (Max at Slow Process Corner)
  Requirement:            5.000ns  (ap_clk rise@5.000ns - ap_clk rise@0.000ns)
  Data Path Delay:        3.823ns  (logic 1.072ns (28.041%)  route 2.751ns (71.959%))
  Logic Levels:           12  (CARRY8=4 LUT2=1 LUT3=2 LUT5=1 LUT6=3 MUXF7=1)
  Clock Path Skew:        -0.037ns (DCD - SCD + CPR)
    Destination Clock Delay (DCD):    2.401ns = ( 7.401 - 5.000 ) 
    Source Clock Delay      (SCD):    2.808ns
    Clock Pessimism Removal (CPR):    0.370ns
  Clock Uncertainty:      0.035ns  ((TSJ^2 + TIJ^2)^1/2 + DJ) / 2 + PE
    Total System Jitter     (TSJ):    0.071ns
    Total Input Jitter      (TIJ):    0.000ns
    Discrete Jitter          (DJ):    0.000ns
    Phase Error              (PE):    0.000ns
  Clock Net Delay (Source):      1.853ns (routing 0.849ns, distribution 1.004ns)
  Clock Net Delay (Destination): 1.690ns (routing 0.773ns, distribution 0.917ns)

    Location             Delay type                Incr(ns)  Path(ns)    Netlist Resource(s)
  -------------------------------------------------------------------    -------------------
                         (clock ap_clk rise edge)     0.000     0.000 r  
    BB9                                               0.000     0.000 r  clk (IN)
                         net (fo=0)                   0.000     0.000    clk_IBUF_inst/I
    BB9                  INBUF (Prop_INBUF_HPIOB_M_PAD_O)
                                                      0.602     0.602 r  clk_IBUF_inst/INBUF_INST/O
                         net (fo=1, routed)           0.000     0.602    clk_IBUF_inst/OUT
    BB9                  IBUFCTRL (Prop_IBUFCTRL_HPIOB_M_I_O)
                                                      0.000     0.602 r  clk_IBUF_inst/IBUFCTRL_INST/O
                         net (fo=1, routed)           0.325     0.927    clk_IBUF
    BUFGCE_X0Y146        BUFGCE (Prop_BUFCE_BUFGCE_I_O)
                                                      0.028     0.955 r  clk_IBUF_BUFG_inst/O
    X5Y5 (CLOCK_ROOT)    net (fo=8562, routed)        1.853     2.808    softmax/clk_IBUF_BUFG
    SLICE_X185Y279       FDRE                                         r  softmax/expResult_reg[4][1]/C
  -------------------------------------------------------------------    -------------------
    SLICE_X185Y279       FDRE (Prop_EFF_SLICEL_C_Q)
                                                      0.070     2.878 r  softmax/expResult_reg[4][1]/Q
                         net (fo=4, routed)           0.447     3.325    softmax/expResult_reg[4]_0[1]
    SLICE_X180Y283       LUT3 (Prop_A6LUT_SLICEM_I1_O)
                                                      0.115     3.440 r  softmax/expSum0__0_carry_i_6/O
                         net (fo=1, routed)           0.211     3.651    softmax/expSum0__0_carry_i_6_n_0
    SLICE_X180Y284       CARRY8 (Prop_CARRY8_SLICEM_DI[2]_CO[7])
                                                      0.093     3.744 r  softmax/expSum0__0_carry/CO[7]
                         net (fo=1, routed)           0.023     3.767    softmax/expSum0__0_carry_n_0
    SLICE_X180Y285       CARRY8 (Prop_CARRY8_SLICEM_CI_O[2])
                                                      0.061     3.828 r  softmax/expSum0__0_carry__0/O[2]
                         net (fo=3, routed)           0.267     4.095    softmax/expSum0__0_carry__0_n_13
    SLICE_X178Y286       LUT3 (Prop_F6LUT_SLICEL_I0_O)
                                                      0.088     4.183 r  softmax/expSum0__56_carry__0_i_5/O
                         net (fo=1, routed)           0.196     4.379    softmax/expSum0__56_carry__0_i_5_n_0
    SLICE_X179Y286       CARRY8 (Prop_CARRY8_SLICEM_DI[3]_CO[7])
                                                      0.090     4.469 r  softmax/expSum0__56_carry__0/CO[7]
                         net (fo=1, routed)           0.023     4.492    softmax/expSum0__56_carry__0_n_0
    SLICE_X179Y287       CARRY8 (Prop_CARRY8_SLICEM_CI_CO[4])
                                                      0.081     4.573 r  softmax/expSum0__56_carry__1/CO[4]
                         net (fo=96, routed)          0.496     5.069    softmax/tempSum[20]
    SLICE_X185Y287       LUT2 (Prop_H6LUT_SLICEL_I0_O)
                                                      0.082     5.151 r  softmax/buffer[4]_i_174/O
                         net (fo=97, routed)          0.283     5.434    softmax/buffer[4]_i_174_n_0
    SLICE_X190Y288       LUT5 (Prop_B5LUT_SLICEL_I0_O)
                                                      0.067     5.501 r  softmax/buffer[4]_i_392/O
                         net (fo=3, routed)           0.210     5.711    softmax/buffer[4]_i_392_n_0
    SLICE_X189Y290       LUT6 (Prop_C6LUT_SLICEL_I3_O)
                                                      0.133     5.844 r  softmax/buffer[4]_i_250/O
                         net (fo=1, routed)           0.013     5.857    softmax/buffer[4]_i_250_n_0
    SLICE_X189Y290       MUXF7 (Prop_F7MUX_CD_SLICEL_I1_O)
                                                      0.055     5.912 r  softmax/buffer[4]_i_114/O
                         net (fo=1, routed)           0.209     6.121    softmax/buffer[4]_i_114_n_0
    SLICE_X188Y287       LUT6 (Prop_B6LUT_SLICEL_I1_O)
                                                      0.048     6.169 r  softmax/buffer[4]_i_40/O
                         net (fo=1, routed)           0.127     6.296    softmax/buffer[4]_i_40_n_0
    SLICE_X189Y286       LUT6 (Prop_G6LUT_SLICEL_I5_O)
                                                      0.089     6.385 r  softmax/buffer[4]_i_9/O
                         net (fo=5, routed)           0.246     6.631    softmax/buffer[4]/B[8]
    DSP48E2_X26Y114      DSP_A_B_DATA                                 r  softmax/buffer[4]/DSP_A_B_DATA_INST/B[8]
  -------------------------------------------------------------------    -------------------

                         (clock ap_clk rise edge)     5.000     5.000 r  
    BB9                                               0.000     5.000 r  clk (IN)
                         net (fo=0)                   0.000     5.000    clk_IBUF_inst/I
    BB9                  INBUF (Prop_INBUF_HPIOB_M_PAD_O)
                                                      0.398     5.398 r  clk_IBUF_inst/INBUF_INST/O
                         net (fo=1, routed)           0.000     5.398    clk_IBUF_inst/OUT
    BB9                  IBUFCTRL (Prop_IBUFCTRL_HPIOB_M_I_O)
                                                      0.000     5.398 r  clk_IBUF_inst/IBUFCTRL_INST/O
                         net (fo=1, routed)           0.289     5.687    clk_IBUF
    BUFGCE_X0Y146        BUFGCE (Prop_BUFCE_BUFGCE_I_O)
                                                      0.024     5.711 r  clk_IBUF_BUFG_inst/O
    X5Y5 (CLOCK_ROOT)    net (fo=8562, routed)        1.690     7.401    softmax/buffer[4]/CLK
    DSP48E2_X26Y114      DSP_A_B_DATA                                 r  softmax/buffer[4]/DSP_A_B_DATA_INST/CLK
                         clock pessimism              0.370     7.771    
                         clock uncertainty           -0.035     7.736    
    DSP48E2_X26Y114      DSP_A_B_DATA (Setup_DSP_A_B_DATA_DSP48E2_CLK_B[8])
                                                     -0.247     7.489    softmax/buffer[4]/DSP_A_B_DATA_INST
  -------------------------------------------------------------------
                         required time                          7.489    
                         arrival time                          -6.631    
  -------------------------------------------------------------------
                         slack                                  0.857    





Min Delay Paths
--------------------------------------------------------------------------------------
Slack (MET) :             0.059ns  (arrival time - required time)
  Source:                 denselayer1/INPUT_SIZE_rows[13].OUTPUT_SIZE_cols[2].sa/data_out_reg[4]/C
                            (rising edge-triggered cell FDRE clocked by ap_clk  {rise@0.000ns fall@2.500ns period=5.000ns})
  Destination:            denselayer1/sum_all/col_trees[2].column_tree/genblk2[0].genblk1[1].tree_reg[1][0]/D
                            (rising edge-triggered cell FDRE clocked by ap_clk  {rise@0.000ns fall@2.500ns period=5.000ns})
  Path Group:             ap_clk
  Path Type:              Hold (Min at Fast Process Corner)
  Requirement:            0.000ns  (ap_clk rise@0.000ns - ap_clk rise@0.000ns)
  Data Path Delay:        0.157ns  (logic 0.071ns (45.223%)  route 0.086ns (54.777%))
  Logic Levels:           2  (CARRY8=1 LUT6=1)
  Clock Path Skew:        0.052ns (DCD - SCD - CPR)
    Destination Clock Delay (DCD):    1.925ns
    Source Clock Delay      (SCD):    1.557ns
    Clock Pessimism Removal (CPR):    0.316ns
  Clock Net Delay (Source):      1.089ns (routing 0.513ns, distribution 0.576ns)
  Clock Net Delay (Destination): 1.235ns (routing 0.571ns, distribution 0.664ns)

    Location             Delay type                Incr(ns)  Path(ns)    Netlist Resource(s)
  -------------------------------------------------------------------    -------------------
                         (clock ap_clk rise edge)     0.000     0.000 r  
    BB9                                               0.000     0.000 r  clk (IN)
                         net (fo=0)                   0.000     0.000    clk_IBUF_inst/I
    BB9                  INBUF (Prop_INBUF_HPIOB_M_PAD_O)
                                                      0.302     0.302 r  clk_IBUF_inst/INBUF_INST/O
                         net (fo=1, routed)           0.000     0.302    clk_IBUF_inst/OUT
    BB9                  IBUFCTRL (Prop_IBUFCTRL_HPIOB_M_I_O)
                                                      0.000     0.302 r  clk_IBUF_inst/IBUFCTRL_INST/O
                         net (fo=1, routed)           0.149     0.451    clk_IBUF
    BUFGCE_X0Y146        BUFGCE (Prop_BUFCE_BUFGCE_I_O)
                                                      0.017     0.468 r  clk_IBUF_BUFG_inst/O
    X5Y5 (CLOCK_ROOT)    net (fo=8562, routed)        1.089     1.557    denselayer1/INPUT_SIZE_rows[13].OUTPUT_SIZE_cols[2].sa/clk_IBUF_BUFG
    SLICE_X174Y264       FDRE                                         r  denselayer1/INPUT_SIZE_rows[13].OUTPUT_SIZE_cols[2].sa/data_out_reg[4]/C
  -------------------------------------------------------------------    -------------------
    SLICE_X174Y264       FDRE (Prop_CFF_SLICEL_C_Q)
                                                      0.039     1.596 r  denselayer1/INPUT_SIZE_rows[13].OUTPUT_SIZE_cols[2].sa/data_out_reg[4]/Q
                         net (fo=4, routed)           0.071     1.667    denselayer1/INPUT_SIZE_rows[3].OUTPUT_SIZE_cols[2].sa/genblk2[0].genblk1[1].tree_reg[1][6]_5[0]
    SLICE_X172Y264       LUT6 (Prop_A6LUT_SLICEL_I3_O)
                                                      0.014     1.681 r  denselayer1/INPUT_SIZE_rows[3].OUTPUT_SIZE_cols[2].sa/col_trees[2].column_tree/genblk2[0].genblk1[1].tree[1][6]_i_14__0/O
                         net (fo=1, routed)           0.008     1.689    denselayer1/INPUT_SIZE_rows[10].OUTPUT_SIZE_cols[2].sa/S[0]
    SLICE_X172Y264       CARRY8 (Prop_CARRY8_SLICEL_S[0]_O[0])
                                                      0.018     1.707 r  denselayer1/INPUT_SIZE_rows[10].OUTPUT_SIZE_cols[2].sa/col_trees[2].column_tree/genblk2[0].genblk1[1].tree_reg[1][6]_i_1__0/O[0]
                         net (fo=1, routed)           0.007     1.714    denselayer1/sum_all/col_trees[2].column_tree/genblk2[0].genblk1[1].tree_reg[1][6]_0[0]
    SLICE_X172Y264       FDRE                                         r  denselayer1/sum_all/col_trees[2].column_tree/genblk2[0].genblk1[1].tree_reg[1][0]/D
  -------------------------------------------------------------------    -------------------

                         (clock ap_clk rise edge)     0.000     0.000 r  
    BB9                                               0.000     0.000 r  clk (IN)
                         net (fo=0)                   0.000     0.000    clk_IBUF_inst/I
    BB9                  INBUF (Prop_INBUF_HPIOB_M_PAD_O)
                                                      0.488     0.488 r  clk_IBUF_inst/INBUF_INST/O
                         net (fo=1, routed)           0.000     0.488    clk_IBUF_inst/OUT
    BB9                  IBUFCTRL (Prop_IBUFCTRL_HPIOB_M_I_O)
                                                      0.000     0.488 r  clk_IBUF_inst/IBUFCTRL_INST/O
                         net (fo=1, routed)           0.183     0.671    clk_IBUF
    BUFGCE_X0Y146        BUFGCE (Prop_BUFCE_BUFGCE_I_O)
                                                      0.019     0.690 r  clk_IBUF_BUFG_inst/O
    X5Y5 (CLOCK_ROOT)    net (fo=8562, routed)        1.235     1.925    denselayer1/sum_all/col_trees[2].column_tree/clk_IBUF_BUFG
    SLICE_X172Y264       FDRE                                         r  denselayer1/sum_all/col_trees[2].column_tree/genblk2[0].genblk1[1].tree_reg[1][0]/C
                         clock pessimism             -0.316     1.609    
    SLICE_X172Y264       FDRE (Hold_AFF_SLICEL_C_D)
                                                      0.046     1.655    denselayer1/sum_all/col_trees[2].column_tree/genblk2[0].genblk1[1].tree_reg[1][0]
  -------------------------------------------------------------------
                         required time                         -1.655    
                         arrival time                           1.714    
  -------------------------------------------------------------------
                         slack                                  0.059    





Pulse Width Checks
--------------------------------------------------------------------------------------
Clock Name:         ap_clk
Waveform(ns):       { 0.000 2.500 }
Period(ns):         5.000
Sources:            { clk }

Check Type        Corner  Lib Pin     Reference Pin  Required(ns)  Actual(ns)  Slack(ns)  Location        Pin
Min Period        n/a     BUFGCE/I    n/a            1.122         5.000       3.878      BUFGCE_X0Y146   clk_IBUF_BUFG_inst/I
Low Pulse Width   Fast    SRL16E/CLK  n/a            0.468         2.500       2.032      SLICE_X129Y454  softmax/ready_buffer_reg[1]_srl2/CLK
High Pulse Width  Slow    SRL16E/CLK  n/a            0.468         2.500       2.032      SLICE_X129Y454  softmax/ready_buffer_reg[1]_srl2/CLK



