Copyright 1986-2019 Xilinx, Inc. All Rights Reserved.
--------------------------------------------------------------------------------------------------------------------
| Tool Version : Vivado v.2019.1 (lin64) Build 2552052 Fri May 24 14:47:09 MDT 2019
| Date         : Wed Dec 17 19:35:12 2025
| Host         : hvm1 running 64-bit Ubuntu 22.04.5 LTS
| Command      : report_utilization -hierarchical -hierarchical_depth 1 -file ../reports/7_3_MinpipeNegmax_hier.rpt
| Design       : waiz_benchmark
| Device       : xcvu13pfhga2104-3
| Design State : Routed
--------------------------------------------------------------------------------------------------------------------

Utilization Design Information

Table of Contents
-----------------
1. Utilization by Hierarchy

1. Utilization by Hierarchy
---------------------------

+--------------------+---------------------------------------+------------+------------+---------+------+------+--------+--------+------+--------------+
|      Instance      |                 Module                | Total LUTs | Logic LUTs | LUTRAMs | SRLs |  FFs | RAMB36 | RAMB18 | URAM | DSP48 Blocks |
+--------------------+---------------------------------------+------------+------------+---------+------+------+--------+--------+------+--------------+
| waiz_benchmark     |                                 (top) |      32212 |      32212 |       0 |    0 | 8459 |      0 |      0 |    0 |            5 |
|   (waiz_benchmark) |                                 (top) |          0 |          0 |       0 |    0 |    0 |      0 |      0 |    0 |            0 |
|   denselayer1      |                            denseLayer |      10053 |      10053 |       0 |    0 | 2144 |      0 |      0 |    0 |            0 |
|   denselayer2      |            denseLayer__parameterized0 |      13154 |      13154 |       0 |    0 | 2456 |      0 |      0 |    0 |            0 |
|   denselayer3      |            denseLayer__parameterized1 |       6823 |       6823 |       0 |    0 | 3028 |      0 |      0 |    0 |            0 |
|   denselayer4      |            denseLayer__parameterized2 |       1777 |       1777 |       0 |    0 |  673 |      0 |      0 |    0 |            0 |
|   relulayer1       |                   reluActivationLayer |        210 |        210 |       0 |    0 |    0 |      0 |      0 |    0 |            0 |
|   relulayer2       |   reluActivationLayer__parameterized0 |        143 |        143 |       0 |    0 |    0 |      0 |      0 |    0 |            0 |
|   relulayer3       | reluActivationLayer__parameterized0_0 |        164 |        164 |       0 |    0 |    0 |      0 |      0 |    0 |            0 |
|   softmax          |                       softmaxLayerNeg |        283 |        283 |       0 |    0 |  158 |      0 |      0 |    0 |            5 |
+--------------------+---------------------------------------+------------+------------+---------+------+------+--------+--------+------+--------------+
* Note: The sum of lower-level cells may be larger than their parent cells total, due to cross-hierarchy LUT combining


