

================================================================
== Vivado HLS Report for 'dense_wrapper_ap_fixed_20_10_5_3_0_ap_fixed_45_25_5_3_0_config10_s'
================================================================
* Date:           Fri Nov 14 00:53:16 2025

* Version:        2019.1 (Build 2552052 on Fri May 24 15:28:33 MDT 2019)
* Project:        myproject_prj
* Solution:       solution1
* Product family: virtex7
* Target device:  xc7vx690t-ffg1761-2


================================================================
== Performance Estimates
================================================================
+ Timing (ns): 
    * Summary: 
    +--------+-------+----------+------------+
    |  Clock | Target| Estimated| Uncertainty|
    +--------+-------+----------+------------+
    |ap_clk  |   5.00|     4.890|        0.62|
    +--------+-------+----------+------------+

+ Latency (clock cycles): 
    * Summary: 
    +-----+-----+-----+-----+---------------------------------------------+
    |  Latency  |  Interval |                   Pipeline                  |
    | min | max | min | max |                     Type                    |
    +-----+-----+-----+-----+---------------------------------------------+
    |   82|   83|   80|   80| loop rewind(delay=0 initiation interval(s)) |
    +-----+-----+-----+-----+---------------------------------------------+

    + Detail: 
        * Instance: 
        N/A

        * Loop: 
        +-------------+-----+-----+----------+-----------+-----------+------+----------+
        |             |  Latency  | Iteration|  Initiation Interval  | Trip |          |
        |  Loop Name  | min | max |  Latency |  achieved |   target  | Count| Pipelined|
        +-------------+-----+-----+----------+-----------+-----------+------+----------+
        |- ReuseLoop  |   82|   82|         4|          1|          1|    80|    yes   |
        +-------------+-----+-----+----------+-----------+-----------+------+----------+



================================================================
== Utilization Estimates
================================================================
* Summary: 
+-----------------+---------+-------+--------+--------+-----+
|       Name      | BRAM_18K| DSP48E|   FF   |   LUT  | URAM|
+-----------------+---------+-------+--------+--------+-----+
|DSP              |        -|      1|       -|       -|    -|
|Expression       |        -|      -|       0|     150|    -|
|FIFO             |        -|      -|       -|       -|    -|
|Instance         |        -|      -|       0|      50|    -|
|Memory           |        1|      -|       3|       4|    -|
|Multiplexer      |        -|      -|       -|     957|    -|
|Register         |        0|      -|    1551|      32|    -|
+-----------------+---------+-------+--------+--------+-----+
|Total            |        1|      1|    1554|    1193|    0|
+-----------------+---------+-------+--------+--------+-----+
|Available        |     2940|   3600|  866400|  433200|    0|
+-----------------+---------+-------+--------+--------+-----+
|Utilization (%)  |    ~0   |   ~0  |   ~0   |   ~0   |    0|
+-----------------+---------+-------+--------+--------+-----+

+ Detail: 
    * Instance: 
    +--------------------------------+--------------------------+---------+-------+---+----+-----+
    |            Instance            |          Module          | BRAM_18K| DSP48E| FF| LUT| URAM|
    +--------------------------------+--------------------------+---------+-------+---+----+-----+
    |myproject_mux_164_20_1_1_U3660  |myproject_mux_164_20_1_1  |        0|      0|  0|  25|    0|
    |myproject_mux_53_20_1_1_U3661   |myproject_mux_53_20_1_1   |        0|      0|  0|  25|    0|
    +--------------------------------+--------------------------+---------+-------+---+----+-----+
    |Total                           |                          |        0|      0|  0|  50|    0|
    +--------------------------------+--------------------------+---------+-------+---+----+-----+

    * DSP48E: 
    +----------------------------------------+----------------------------------+-----------+
    |                Instance                |              Module              | Expression|
    +----------------------------------------+----------------------------------+-----------+
    |myproject_mul_mul_11s_20s_30_1_1_U3662  |myproject_mul_mul_11s_20s_30_1_1  |  i0 * i1  |
    +----------------------------------------+----------------------------------+-----------+

    * Memory: 
    +----------+---------------------------------------------------------------------------+---------+---+----+-----+------+-----+------+-------------+
    |  Memory  |                                   Module                                  | BRAM_18K| FF| LUT| URAM| Words| Bits| Banks| W*Bits*Banks|
    +----------+---------------------------------------------------------------------------+---------+---+----+-----+------+-----+------+-------------+
    |outidx_U  |dense_wrapper_ap_fixed_20_10_5_3_0_ap_fixed_45_25_5_3_0_config10_s_outidx  |        0|  3|   4|    0|    80|    3|     1|          240|
    |w10_V_U   |dense_wrapper_ap_fixed_20_10_5_3_0_ap_fixed_45_25_5_3_0_config10_s_w10_V   |        1|  0|   0|    0|    80|   11|     1|          880|
    +----------+---------------------------------------------------------------------------+---------+---+----+-----+------+-----+------+-------------+
    |Total     |                                                                           |        1|  3|   4|    0|   160|   14|     2|         1120|
    +----------+---------------------------------------------------------------------------+---------+---+----+-----+------+-----+------+-------------+

    * FIFO: 
    N/A

    * Expression: 
    +-------------------------+----------+-------+---+----+------------+------------+
    |      Variable Name      | Operation| DSP48E| FF| LUT| Bitwidth P0| Bitwidth P1|
    +-------------------------+----------+-------+---+----+------------+------------+
    |acc_0_V_fu_1174_p2       |     +    |      0|  0|  27|          20|          20|
    |in_index_fu_1114_p2      |     +    |      0|  0|  39|          32|           1|
    |w_index_fu_1060_p2       |     +    |      0|  0|  15|           1|           7|
    |ap_condition_248         |    and   |      0|  0|   2|           1|           1|
    |ap_condition_265         |    and   |      0|  0|   2|           1|           1|
    |ap_condition_41          |    and   |      0|  0|   2|           1|           1|
    |icmp_ln135_fu_1066_p2    |   icmp   |      0|  0|  11|           7|           7|
    |icmp_ln154_fu_1130_p2    |   icmp   |      0|  0|  18|          28|           1|
    |select_ln154_fu_1136_p3  |  select  |      0|  0|  32|           1|           1|
    |ap_enable_pp0            |    xor   |      0|  0|   2|           1|           2|
    +-------------------------+----------+-------+---+----+------------+------------+
    |Total                    |          |      0|  0| 150|          93|          42|
    +-------------------------+----------+-------+---+----+------------+------------+

    * Multiplexer: 
    +---------------------------------------------------+----+-----------+-----+-----------+
    |                        Name                       | LUT| Input Size| Bits| Total Bits|
    +---------------------------------------------------+----+-----------+-----+-----------+
    |acc_0_V_021_reg_774                                |   9|          2|   20|         40|
    |acc_1_V_020_reg_788                                |   9|          2|   20|         40|
    |acc_2_V_019_reg_802                                |   9|          2|   20|         40|
    |acc_3_V_018_reg_816                                |   9|          2|   20|         40|
    |acc_4_V_017_reg_830                                |   9|          2|   20|         40|
    |ap_NS_fsm                                          |  15|          3|    1|          3|
    |ap_enable_reg_pp0_iter1                            |   9|          2|    1|          2|
    |ap_enable_reg_pp0_iter3                            |   9|          2|    1|          2|
    |ap_phi_mux_acc_0_V_1_phi_fu_932_p10                |  15|          3|   20|         60|
    |ap_phi_mux_acc_1_V_1_phi_fu_911_p10                |  15|          3|   20|         60|
    |ap_phi_mux_acc_2_V_1_phi_fu_890_p10                |  15|          3|   20|         60|
    |ap_phi_mux_acc_3_V_1_phi_fu_869_p10                |  15|          3|   20|         60|
    |ap_phi_mux_acc_4_V_1_phi_fu_848_p10                |  15|          3|   20|         60|
    |ap_phi_mux_data_0_V_read34_phi_phi_fu_516_p4       |   9|          2|   20|         40|
    |ap_phi_mux_data_0_V_read34_rewind_phi_fu_278_p6    |   9|          2|   20|         40|
    |ap_phi_mux_data_10_V_read44_phi_phi_fu_636_p4      |   9|          2|   20|         40|
    |ap_phi_mux_data_10_V_read44_rewind_phi_fu_418_p6   |   9|          2|   20|         40|
    |ap_phi_mux_data_11_V_read45_phi_phi_fu_648_p4      |   9|          2|   20|         40|
    |ap_phi_mux_data_11_V_read45_rewind_phi_fu_432_p6   |   9|          2|   20|         40|
    |ap_phi_mux_data_12_V_read46_phi_phi_fu_660_p4      |   9|          2|   20|         40|
    |ap_phi_mux_data_12_V_read46_rewind_phi_fu_446_p6   |   9|          2|   20|         40|
    |ap_phi_mux_data_13_V_read47_phi_phi_fu_672_p4      |   9|          2|   20|         40|
    |ap_phi_mux_data_13_V_read47_rewind_phi_fu_460_p6   |   9|          2|   20|         40|
    |ap_phi_mux_data_14_V_read48_phi_phi_fu_684_p4      |   9|          2|   20|         40|
    |ap_phi_mux_data_14_V_read48_rewind_phi_fu_474_p6   |   9|          2|   20|         40|
    |ap_phi_mux_data_15_V_read49_phi_phi_fu_696_p4      |   9|          2|   20|         40|
    |ap_phi_mux_data_15_V_read49_rewind_phi_fu_488_p6   |   9|          2|   20|         40|
    |ap_phi_mux_data_1_V_read35_phi_phi_fu_528_p4       |   9|          2|   20|         40|
    |ap_phi_mux_data_1_V_read35_rewind_phi_fu_292_p6    |   9|          2|   20|         40|
    |ap_phi_mux_data_2_V_read36_phi_phi_fu_540_p4       |   9|          2|   20|         40|
    |ap_phi_mux_data_2_V_read36_rewind_phi_fu_306_p6    |   9|          2|   20|         40|
    |ap_phi_mux_data_3_V_read37_phi_phi_fu_552_p4       |   9|          2|   20|         40|
    |ap_phi_mux_data_3_V_read37_rewind_phi_fu_320_p6    |   9|          2|   20|         40|
    |ap_phi_mux_data_4_V_read38_phi_phi_fu_564_p4       |   9|          2|   20|         40|
    |ap_phi_mux_data_4_V_read38_rewind_phi_fu_334_p6    |   9|          2|   20|         40|
    |ap_phi_mux_data_5_V_read39_phi_phi_fu_576_p4       |   9|          2|   20|         40|
    |ap_phi_mux_data_5_V_read39_rewind_phi_fu_348_p6    |   9|          2|   20|         40|
    |ap_phi_mux_data_6_V_read40_phi_phi_fu_588_p4       |   9|          2|   20|         40|
    |ap_phi_mux_data_6_V_read40_rewind_phi_fu_362_p6    |   9|          2|   20|         40|
    |ap_phi_mux_data_7_V_read41_phi_phi_fu_600_p4       |   9|          2|   20|         40|
    |ap_phi_mux_data_7_V_read41_rewind_phi_fu_376_p6    |   9|          2|   20|         40|
    |ap_phi_mux_data_8_V_read42_phi_phi_fu_612_p4       |   9|          2|   20|         40|
    |ap_phi_mux_data_8_V_read42_rewind_phi_fu_390_p6    |   9|          2|   20|         40|
    |ap_phi_mux_data_9_V_read43_phi_phi_fu_624_p4       |   9|          2|   20|         40|
    |ap_phi_mux_data_9_V_read43_rewind_phi_fu_404_p6    |   9|          2|   20|         40|
    |ap_phi_mux_do_init_phi_fu_248_p6                   |  15|          3|    1|          3|
    |ap_phi_mux_in_index_0_i33_phi_fu_502_p6            |  15|          3|   32|         96|
    |ap_phi_mux_p_Val2_01_phi_fu_1037_p10               |  15|          3|   20|         60|
    |ap_phi_mux_p_Val2_13_phi_fu_1016_p10               |  15|          3|   20|         60|
    |ap_phi_mux_p_Val2_25_phi_fu_995_p10                |  15|          3|   20|         60|
    |ap_phi_mux_p_Val2_37_phi_fu_974_p10                |  15|          3|   20|         60|
    |ap_phi_mux_p_Val2_49_phi_fu_953_p10                |  15|          3|   20|         60|
    |ap_phi_mux_w_index32_phi_fu_264_p6                 |  15|          3|    7|         21|
    |ap_phi_reg_pp0_iter1_data_0_V_read34_phi_reg_512   |   9|          2|   20|         40|
    |ap_phi_reg_pp0_iter1_data_10_V_read44_phi_reg_632  |   9|          2|   20|         40|
    |ap_phi_reg_pp0_iter1_data_11_V_read45_phi_reg_644  |   9|          2|   20|         40|
    |ap_phi_reg_pp0_iter1_data_12_V_read46_phi_reg_656  |   9|          2|   20|         40|
    |ap_phi_reg_pp0_iter1_data_13_V_read47_phi_reg_668  |   9|          2|   20|         40|
    |ap_phi_reg_pp0_iter1_data_14_V_read48_phi_reg_680  |   9|          2|   20|         40|
    |ap_phi_reg_pp0_iter1_data_15_V_read49_phi_reg_692  |   9|          2|   20|         40|
    |ap_phi_reg_pp0_iter1_data_1_V_read35_phi_reg_524   |   9|          2|   20|         40|
    |ap_phi_reg_pp0_iter1_data_2_V_read36_phi_reg_536   |   9|          2|   20|         40|
    |ap_phi_reg_pp0_iter1_data_3_V_read37_phi_reg_548   |   9|          2|   20|         40|
    |ap_phi_reg_pp0_iter1_data_4_V_read38_phi_reg_560   |   9|          2|   20|         40|
    |ap_phi_reg_pp0_iter1_data_5_V_read39_phi_reg_572   |   9|          2|   20|         40|
    |ap_phi_reg_pp0_iter1_data_6_V_read40_phi_reg_584   |   9|          2|   20|         40|
    |ap_phi_reg_pp0_iter1_data_7_V_read41_phi_reg_596   |   9|          2|   20|         40|
    |ap_phi_reg_pp0_iter1_data_8_V_read42_phi_reg_608   |   9|          2|   20|         40|
    |ap_phi_reg_pp0_iter1_data_9_V_read43_phi_reg_620   |   9|          2|   20|         40|
    |ap_return_0                                        |   9|          2|   35|         70|
    |ap_return_1                                        |   9|          2|   35|         70|
    |ap_return_2                                        |   9|          2|   35|         70|
    |ap_return_3                                        |   9|          2|   35|         70|
    |ap_return_4                                        |   9|          2|   35|         70|
    |data_0_V_read34_phi_reg_512                        |   9|          2|   20|         40|
    |data_10_V_read44_phi_reg_632                       |   9|          2|   20|         40|
    |data_11_V_read45_phi_reg_644                       |   9|          2|   20|         40|
    |data_12_V_read46_phi_reg_656                       |   9|          2|   20|         40|
    |data_13_V_read47_phi_reg_668                       |   9|          2|   20|         40|
    |data_14_V_read48_phi_reg_680                       |   9|          2|   20|         40|
    |data_15_V_read49_phi_reg_692                       |   9|          2|   20|         40|
    |data_1_V_read35_phi_reg_524                        |   9|          2|   20|         40|
    |data_2_V_read36_phi_reg_536                        |   9|          2|   20|         40|
    |data_3_V_read37_phi_reg_548                        |   9|          2|   20|         40|
    |data_4_V_read38_phi_reg_560                        |   9|          2|   20|         40|
    |data_5_V_read39_phi_reg_572                        |   9|          2|   20|         40|
    |data_6_V_read40_phi_reg_584                        |   9|          2|   20|         40|
    |data_7_V_read41_phi_reg_596                        |   9|          2|   20|         40|
    |data_8_V_read42_phi_reg_608                        |   9|          2|   20|         40|
    |data_9_V_read43_phi_reg_620                        |   9|          2|   20|         40|
    |in_index_0_i33_reg_498                             |   9|          2|   32|         64|
    |p_Val2_031_reg_704                                 |   9|          2|   20|         40|
    |p_Val2_129_reg_718                                 |   9|          2|   20|         40|
    |p_Val2_227_reg_732                                 |   9|          2|   20|         40|
    |p_Val2_325_reg_746                                 |   9|          2|   20|         40|
    |p_Val2_423_reg_760                                 |   9|          2|   20|         40|
    |w_index32_reg_260                                  |   9|          2|    7|         14|
    +---------------------------------------------------+----+-----------+-----+-----------+
    |Total                                              | 957|        208| 1937|       4115|
    +---------------------------------------------------+----+-----------+-----+-----------+

    * Register: 
    +---------------------------------------------------+----+----+-----+-----------+
    |                        Name                       | FF | LUT| Bits| Const Bits|
    +---------------------------------------------------+----+----+-----+-----------+
    |acc_0_V_021_reg_774                                |  20|   0|   20|          0|
    |acc_1_V_020_reg_788                                |  20|   0|   20|          0|
    |acc_2_V_019_reg_802                                |  20|   0|   20|          0|
    |acc_3_V_018_reg_816                                |  20|   0|   20|          0|
    |acc_4_V_017_reg_830                                |  20|   0|   20|          0|
    |ap_CS_fsm                                          |   2|   0|    2|          0|
    |ap_enable_reg_pp0_iter1                            |   1|   0|    1|          0|
    |ap_enable_reg_pp0_iter2                            |   1|   0|    1|          0|
    |ap_enable_reg_pp0_iter3                            |   1|   0|    1|          0|
    |ap_phi_reg_pp0_iter1_data_0_V_read34_phi_reg_512   |  20|   0|   20|          0|
    |ap_phi_reg_pp0_iter1_data_10_V_read44_phi_reg_632  |  20|   0|   20|          0|
    |ap_phi_reg_pp0_iter1_data_11_V_read45_phi_reg_644  |  20|   0|   20|          0|
    |ap_phi_reg_pp0_iter1_data_12_V_read46_phi_reg_656  |  20|   0|   20|          0|
    |ap_phi_reg_pp0_iter1_data_13_V_read47_phi_reg_668  |  20|   0|   20|          0|
    |ap_phi_reg_pp0_iter1_data_14_V_read48_phi_reg_680  |  20|   0|   20|          0|
    |ap_phi_reg_pp0_iter1_data_15_V_read49_phi_reg_692  |  20|   0|   20|          0|
    |ap_phi_reg_pp0_iter1_data_1_V_read35_phi_reg_524   |  20|   0|   20|          0|
    |ap_phi_reg_pp0_iter1_data_2_V_read36_phi_reg_536   |  20|   0|   20|          0|
    |ap_phi_reg_pp0_iter1_data_3_V_read37_phi_reg_548   |  20|   0|   20|          0|
    |ap_phi_reg_pp0_iter1_data_4_V_read38_phi_reg_560   |  20|   0|   20|          0|
    |ap_phi_reg_pp0_iter1_data_5_V_read39_phi_reg_572   |  20|   0|   20|          0|
    |ap_phi_reg_pp0_iter1_data_6_V_read40_phi_reg_584   |  20|   0|   20|          0|
    |ap_phi_reg_pp0_iter1_data_7_V_read41_phi_reg_596   |  20|   0|   20|          0|
    |ap_phi_reg_pp0_iter1_data_8_V_read42_phi_reg_608   |  20|   0|   20|          0|
    |ap_phi_reg_pp0_iter1_data_9_V_read43_phi_reg_620   |  20|   0|   20|          0|
    |ap_return_0_preg                                   |  35|   0|   45|         10|
    |ap_return_1_preg                                   |  35|   0|   45|         10|
    |ap_return_2_preg                                   |  35|   0|   45|         10|
    |ap_return_3_preg                                   |  35|   0|   45|         10|
    |ap_return_4_preg                                   |  35|   0|   45|         10|
    |data_0_V_read34_phi_reg_512                        |  20|   0|   20|          0|
    |data_0_V_read34_rewind_reg_274                     |  20|   0|   20|          0|
    |data_10_V_read44_phi_reg_632                       |  20|   0|   20|          0|
    |data_10_V_read44_rewind_reg_414                    |  20|   0|   20|          0|
    |data_11_V_read45_phi_reg_644                       |  20|   0|   20|          0|
    |data_11_V_read45_rewind_reg_428                    |  20|   0|   20|          0|
    |data_12_V_read46_phi_reg_656                       |  20|   0|   20|          0|
    |data_12_V_read46_rewind_reg_442                    |  20|   0|   20|          0|
    |data_13_V_read47_phi_reg_668                       |  20|   0|   20|          0|
    |data_13_V_read47_rewind_reg_456                    |  20|   0|   20|          0|
    |data_14_V_read48_phi_reg_680                       |  20|   0|   20|          0|
    |data_14_V_read48_rewind_reg_470                    |  20|   0|   20|          0|
    |data_15_V_read49_phi_reg_692                       |  20|   0|   20|          0|
    |data_15_V_read49_rewind_reg_484                    |  20|   0|   20|          0|
    |data_1_V_read35_phi_reg_524                        |  20|   0|   20|          0|
    |data_1_V_read35_rewind_reg_288                     |  20|   0|   20|          0|
    |data_2_V_read36_phi_reg_536                        |  20|   0|   20|          0|
    |data_2_V_read36_rewind_reg_302                     |  20|   0|   20|          0|
    |data_3_V_read37_phi_reg_548                        |  20|   0|   20|          0|
    |data_3_V_read37_rewind_reg_316                     |  20|   0|   20|          0|
    |data_4_V_read38_phi_reg_560                        |  20|   0|   20|          0|
    |data_4_V_read38_rewind_reg_330                     |  20|   0|   20|          0|
    |data_5_V_read39_phi_reg_572                        |  20|   0|   20|          0|
    |data_5_V_read39_rewind_reg_344                     |  20|   0|   20|          0|
    |data_6_V_read40_phi_reg_584                        |  20|   0|   20|          0|
    |data_6_V_read40_rewind_reg_358                     |  20|   0|   20|          0|
    |data_7_V_read41_phi_reg_596                        |  20|   0|   20|          0|
    |data_7_V_read41_rewind_reg_372                     |  20|   0|   20|          0|
    |data_8_V_read42_phi_reg_608                        |  20|   0|   20|          0|
    |data_8_V_read42_rewind_reg_386                     |  20|   0|   20|          0|
    |data_9_V_read43_phi_reg_620                        |  20|   0|   20|          0|
    |data_9_V_read43_rewind_reg_400                     |  20|   0|   20|          0|
    |do_init_reg_244                                    |   1|   0|    1|          0|
    |icmp_ln135_reg_1385                                |   1|   0|    1|          0|
    |in_index_0_i33_reg_498                             |  32|   0|   32|          0|
    |out_index_reg_1389                                 |   3|   0|    3|          0|
    |out_index_reg_1389_pp0_iter2_reg                   |   3|   0|    3|          0|
    |p_Val2_031_reg_704                                 |  20|   0|   20|          0|
    |p_Val2_129_reg_718                                 |  20|   0|   20|          0|
    |p_Val2_227_reg_732                                 |  20|   0|   20|          0|
    |p_Val2_325_reg_746                                 |  20|   0|   20|          0|
    |p_Val2_423_reg_760                                 |  20|   0|   20|          0|
    |r_V_reg_1409                                       |  30|   0|   30|          0|
    |select_ln154_reg_1404                              |  32|   0|   32|          0|
    |tmp_4_reg_1394                                     |  20|   0|   20|          0|
    |w10_V_load_reg_1399                                |  11|   0|   11|          0|
    |w_index32_reg_260                                  |   7|   0|    7|          0|
    |w_index_reg_1380                                   |   7|   0|    7|          0|
    |icmp_ln135_reg_1385                                |  64|  32|    1|          0|
    +---------------------------------------------------+----+----+-----+-----------+
    |Total                                              |1551|  32| 1538|         50|
    +---------------------------------------------------+----+----+-----+-----------+



================================================================
== Interface
================================================================
* Summary: 
+----------------+-----+-----+------------+-------------------------------------------------------------------------------+--------------+
|    RTL Ports   | Dir | Bits|  Protocol  |                                 Source Object                                 |    C Type    |
+----------------+-----+-----+------------+-------------------------------------------------------------------------------+--------------+
|ap_clk          |  in |    1| ap_ctrl_hs | dense_wrapper<ap_fixed<20, 10, 5, 3, 0>, ap_fixed<45, 25, 5, 3, 0>, config10> | return value |
|ap_rst          |  in |    1| ap_ctrl_hs | dense_wrapper<ap_fixed<20, 10, 5, 3, 0>, ap_fixed<45, 25, 5, 3, 0>, config10> | return value |
|ap_start        |  in |    1| ap_ctrl_hs | dense_wrapper<ap_fixed<20, 10, 5, 3, 0>, ap_fixed<45, 25, 5, 3, 0>, config10> | return value |
|ap_done         | out |    1| ap_ctrl_hs | dense_wrapper<ap_fixed<20, 10, 5, 3, 0>, ap_fixed<45, 25, 5, 3, 0>, config10> | return value |
|ap_idle         | out |    1| ap_ctrl_hs | dense_wrapper<ap_fixed<20, 10, 5, 3, 0>, ap_fixed<45, 25, 5, 3, 0>, config10> | return value |
|ap_ready        | out |    1| ap_ctrl_hs | dense_wrapper<ap_fixed<20, 10, 5, 3, 0>, ap_fixed<45, 25, 5, 3, 0>, config10> | return value |
|ap_return_0     | out |   45| ap_ctrl_hs | dense_wrapper<ap_fixed<20, 10, 5, 3, 0>, ap_fixed<45, 25, 5, 3, 0>, config10> | return value |
|ap_return_1     | out |   45| ap_ctrl_hs | dense_wrapper<ap_fixed<20, 10, 5, 3, 0>, ap_fixed<45, 25, 5, 3, 0>, config10> | return value |
|ap_return_2     | out |   45| ap_ctrl_hs | dense_wrapper<ap_fixed<20, 10, 5, 3, 0>, ap_fixed<45, 25, 5, 3, 0>, config10> | return value |
|ap_return_3     | out |   45| ap_ctrl_hs | dense_wrapper<ap_fixed<20, 10, 5, 3, 0>, ap_fixed<45, 25, 5, 3, 0>, config10> | return value |
|ap_return_4     | out |   45| ap_ctrl_hs | dense_wrapper<ap_fixed<20, 10, 5, 3, 0>, ap_fixed<45, 25, 5, 3, 0>, config10> | return value |
|data_0_V_read   |  in |   20|   ap_none  |                                 data_0_V_read                                 |    scalar    |
|data_1_V_read   |  in |   20|   ap_none  |                                 data_1_V_read                                 |    scalar    |
|data_2_V_read   |  in |   20|   ap_none  |                                 data_2_V_read                                 |    scalar    |
|data_3_V_read   |  in |   20|   ap_none  |                                 data_3_V_read                                 |    scalar    |
|data_4_V_read   |  in |   20|   ap_none  |                                 data_4_V_read                                 |    scalar    |
|data_5_V_read   |  in |   20|   ap_none  |                                 data_5_V_read                                 |    scalar    |
|data_6_V_read   |  in |   20|   ap_none  |                                 data_6_V_read                                 |    scalar    |
|data_7_V_read   |  in |   20|   ap_none  |                                 data_7_V_read                                 |    scalar    |
|data_8_V_read   |  in |   20|   ap_none  |                                 data_8_V_read                                 |    scalar    |
|data_9_V_read   |  in |   20|   ap_none  |                                 data_9_V_read                                 |    scalar    |
|data_10_V_read  |  in |   20|   ap_none  |                                 data_10_V_read                                |    scalar    |
|data_11_V_read  |  in |   20|   ap_none  |                                 data_11_V_read                                |    scalar    |
|data_12_V_read  |  in |   20|   ap_none  |                                 data_12_V_read                                |    scalar    |
|data_13_V_read  |  in |   20|   ap_none  |                                 data_13_V_read                                |    scalar    |
|data_14_V_read  |  in |   20|   ap_none  |                                 data_14_V_read                                |    scalar    |
|data_15_V_read  |  in |   20|   ap_none  |                                 data_15_V_read                                |    scalar    |
+----------------+-----+-----+------------+-------------------------------------------------------------------------------+--------------+

