

================================================================
== Vivado HLS Report for 'relu_array_ap_fixed_16u_array_ap_fixed_20_10_5_3_0_16u_relu_config9_s'
================================================================
* Date:           Fri Nov 14 00:53:13 2025

* Version:        2019.1 (Build 2552052 on Fri May 24 15:28:33 MDT 2019)
* Project:        myproject_prj
* Solution:       solution1
* Product family: virtex7
* Target device:  xc7vx690t-ffg1761-2


================================================================
== Performance Estimates
================================================================
+ Timing (ns): 
    * Summary: 
    +--------+-------+----------+------------+
    |  Clock | Target| Estimated| Uncertainty|
    +--------+-------+----------+------------+
    |ap_clk  |   5.00|     4.296|        0.62|
    +--------+-------+----------+------------+

+ Latency (clock cycles): 
    * Summary: 
    +-----+-----+-----+-----+----------+
    |  Latency  |  Interval | Pipeline |
    | min | max | min | max |   Type   |
    +-----+-----+-----+-----+----------+
    |    1|    1|    1|    1| function |
    +-----+-----+-----+-----+----------+

    + Detail: 
        * Instance: 
        N/A

        * Loop: 
        N/A



================================================================
== Utilization Estimates
================================================================
* Summary: 
+-----------------+---------+-------+--------+--------+-----+
|       Name      | BRAM_18K| DSP48E|   FF   |   LUT  | URAM|
+-----------------+---------+-------+--------+--------+-----+
|DSP              |        -|      -|       -|       -|    -|
|Expression       |        -|      -|       0|     714|    -|
|FIFO             |        -|      -|       -|       -|    -|
|Instance         |        -|      -|       -|       -|    -|
|Memory           |        -|      -|       -|       -|    -|
|Multiplexer      |        -|      -|       -|     306|    -|
|Register         |        -|      -|     324|       -|    -|
+-----------------+---------+-------+--------+--------+-----+
|Total            |        0|      0|     324|    1020|    0|
+-----------------+---------+-------+--------+--------+-----+
|Available        |     2940|   3600|  866400|  433200|    0|
+-----------------+---------+-------+--------+--------+-----+
|Utilization (%)  |        0|      0|   ~0   |   ~0   |    0|
+-----------------+---------+-------+--------+--------+-----+

+ Detail: 
    * Instance: 
    N/A

    * DSP48E: 
    N/A

    * Memory: 
    N/A

    * FIFO: 
    N/A

    * Expression: 
    +----------------------------------+----------+-------+---+----+------------+------------+
    |           Variable Name          | Operation| DSP48E| FF| LUT| Bitwidth P0| Bitwidth P1|
    +----------------------------------+----------+-------+---+----+------------+------------+
    |io_acc_block_signal_op103         |    and   |      0|  0|   2|           1|           1|
    |io_acc_block_signal_op3           |    and   |      0|  0|   2|           1|           1|
    |icmp_ln1494_10_fu_800_p2          |   icmp   |      0|  0|  24|          46|           1|
    |icmp_ln1494_11_fu_816_p2          |   icmp   |      0|  0|  24|          46|           1|
    |icmp_ln1494_12_fu_832_p2          |   icmp   |      0|  0|  24|          46|           1|
    |icmp_ln1494_13_fu_848_p2          |   icmp   |      0|  0|  24|          46|           1|
    |icmp_ln1494_14_fu_864_p2          |   icmp   |      0|  0|  24|          46|           1|
    |icmp_ln1494_15_fu_880_p2          |   icmp   |      0|  0|  24|          46|           1|
    |icmp_ln1494_1_fu_656_p2           |   icmp   |      0|  0|  24|          46|           1|
    |icmp_ln1494_2_fu_672_p2           |   icmp   |      0|  0|  24|          46|           1|
    |icmp_ln1494_3_fu_688_p2           |   icmp   |      0|  0|  24|          46|           1|
    |icmp_ln1494_4_fu_704_p2           |   icmp   |      0|  0|  24|          46|           1|
    |icmp_ln1494_5_fu_720_p2           |   icmp   |      0|  0|  24|          46|           1|
    |icmp_ln1494_6_fu_736_p2           |   icmp   |      0|  0|  24|          46|           1|
    |icmp_ln1494_7_fu_752_p2           |   icmp   |      0|  0|  24|          46|           1|
    |icmp_ln1494_8_fu_768_p2           |   icmp   |      0|  0|  24|          46|           1|
    |icmp_ln1494_9_fu_784_p2           |   icmp   |      0|  0|  24|          46|           1|
    |icmp_ln1494_fu_640_p2             |   icmp   |      0|  0|  24|          46|           1|
    |ap_block_pp0_stage0_01001         |    or    |      0|  0|   2|           1|           1|
    |ap_block_state1_pp0_stage0_iter0  |    or    |      0|  0|   2|           1|           1|
    |tmp_data_0_V_fu_896_p3            |  select  |      0|  0|  20|           1|          20|
    |tmp_data_10_V_fu_976_p3           |  select  |      0|  0|  20|           1|          20|
    |tmp_data_11_V_fu_984_p3           |  select  |      0|  0|  20|           1|          20|
    |tmp_data_12_V_fu_992_p3           |  select  |      0|  0|  20|           1|          20|
    |tmp_data_13_V_fu_1000_p3          |  select  |      0|  0|  20|           1|          20|
    |tmp_data_14_V_fu_1008_p3          |  select  |      0|  0|  20|           1|          20|
    |tmp_data_15_V_fu_1016_p3          |  select  |      0|  0|  20|           1|          20|
    |tmp_data_1_V_fu_904_p3            |  select  |      0|  0|  20|           1|          20|
    |tmp_data_2_V_fu_912_p3            |  select  |      0|  0|  20|           1|          20|
    |tmp_data_3_V_fu_920_p3            |  select  |      0|  0|  20|           1|          20|
    |tmp_data_4_V_fu_928_p3            |  select  |      0|  0|  20|           1|          20|
    |tmp_data_5_V_fu_936_p3            |  select  |      0|  0|  20|           1|          20|
    |tmp_data_6_V_fu_944_p3            |  select  |      0|  0|  20|           1|          20|
    |tmp_data_7_V_fu_952_p3            |  select  |      0|  0|  20|           1|          20|
    |tmp_data_8_V_fu_960_p3            |  select  |      0|  0|  20|           1|          20|
    |tmp_data_9_V_fu_968_p3            |  select  |      0|  0|  20|           1|          20|
    |ap_enable_pp0                     |    xor   |      0|  0|   2|           1|           2|
    +----------------------------------+----------+-------+---+----+------------+------------+
    |Total                             |          |      0|  0| 714|         757|         342|
    +----------------------------------+----------+-------+---+----+------------+------------+

    * Multiplexer: 
    +------------------------+----+-----------+-----+-----------+
    |          Name          | LUT| Input Size| Bits| Total Bits|
    +------------------------+----+-----------+-----+-----------+
    |ap_done                 |   9|          2|    1|          2|
    |data_V_data_0_V_blk_n   |   9|          2|    1|          2|
    |data_V_data_10_V_blk_n  |   9|          2|    1|          2|
    |data_V_data_11_V_blk_n  |   9|          2|    1|          2|
    |data_V_data_12_V_blk_n  |   9|          2|    1|          2|
    |data_V_data_13_V_blk_n  |   9|          2|    1|          2|
    |data_V_data_14_V_blk_n  |   9|          2|    1|          2|
    |data_V_data_15_V_blk_n  |   9|          2|    1|          2|
    |data_V_data_1_V_blk_n   |   9|          2|    1|          2|
    |data_V_data_2_V_blk_n   |   9|          2|    1|          2|
    |data_V_data_3_V_blk_n   |   9|          2|    1|          2|
    |data_V_data_4_V_blk_n   |   9|          2|    1|          2|
    |data_V_data_5_V_blk_n   |   9|          2|    1|          2|
    |data_V_data_6_V_blk_n   |   9|          2|    1|          2|
    |data_V_data_7_V_blk_n   |   9|          2|    1|          2|
    |data_V_data_8_V_blk_n   |   9|          2|    1|          2|
    |data_V_data_9_V_blk_n   |   9|          2|    1|          2|
    |real_start              |   9|          2|    1|          2|
    |res_V_data_0_V_blk_n    |   9|          2|    1|          2|
    |res_V_data_10_V_blk_n   |   9|          2|    1|          2|
    |res_V_data_11_V_blk_n   |   9|          2|    1|          2|
    |res_V_data_12_V_blk_n   |   9|          2|    1|          2|
    |res_V_data_13_V_blk_n   |   9|          2|    1|          2|
    |res_V_data_14_V_blk_n   |   9|          2|    1|          2|
    |res_V_data_15_V_blk_n   |   9|          2|    1|          2|
    |res_V_data_1_V_blk_n    |   9|          2|    1|          2|
    |res_V_data_2_V_blk_n    |   9|          2|    1|          2|
    |res_V_data_3_V_blk_n    |   9|          2|    1|          2|
    |res_V_data_4_V_blk_n    |   9|          2|    1|          2|
    |res_V_data_5_V_blk_n    |   9|          2|    1|          2|
    |res_V_data_6_V_blk_n    |   9|          2|    1|          2|
    |res_V_data_7_V_blk_n    |   9|          2|    1|          2|
    |res_V_data_8_V_blk_n    |   9|          2|    1|          2|
    |res_V_data_9_V_blk_n    |   9|          2|    1|          2|
    +------------------------+----+-----------+-----+-----------+
    |Total                   | 306|         68|   34|         68|
    +------------------------+----+-----------+-----+-----------+

    * Register: 
    +-------------------------+----+----+-----+-----------+
    |           Name          | FF | LUT| Bits| Const Bits|
    +-------------------------+----+----+-----+-----------+
    |ap_CS_fsm                |   1|   0|    1|          0|
    |ap_done_reg              |   1|   0|    1|          0|
    |ap_enable_reg_pp0_iter1  |   1|   0|    1|          0|
    |start_once_reg           |   1|   0|    1|          0|
    |tmp_data_0_V_reg_1024    |  20|   0|   20|          0|
    |tmp_data_10_V_reg_1074   |  20|   0|   20|          0|
    |tmp_data_11_V_reg_1079   |  20|   0|   20|          0|
    |tmp_data_12_V_reg_1084   |  20|   0|   20|          0|
    |tmp_data_13_V_reg_1089   |  20|   0|   20|          0|
    |tmp_data_14_V_reg_1094   |  20|   0|   20|          0|
    |tmp_data_15_V_reg_1099   |  20|   0|   20|          0|
    |tmp_data_1_V_reg_1029    |  20|   0|   20|          0|
    |tmp_data_2_V_reg_1034    |  20|   0|   20|          0|
    |tmp_data_3_V_reg_1039    |  20|   0|   20|          0|
    |tmp_data_4_V_reg_1044    |  20|   0|   20|          0|
    |tmp_data_5_V_reg_1049    |  20|   0|   20|          0|
    |tmp_data_6_V_reg_1054    |  20|   0|   20|          0|
    |tmp_data_7_V_reg_1059    |  20|   0|   20|          0|
    |tmp_data_8_V_reg_1064    |  20|   0|   20|          0|
    |tmp_data_9_V_reg_1069    |  20|   0|   20|          0|
    +-------------------------+----+----+-----+-----------+
    |Total                    | 324|   0|  324|          0|
    +-------------------------+----+----+-----+-----------+



================================================================
== Interface
================================================================
* Summary: 
+--------------------------+-----+-----+------------+-------------------------------------------------------------------------+--------------+
|         RTL Ports        | Dir | Bits|  Protocol  |                              Source Object                              |    C Type    |
+--------------------------+-----+-----+------------+-------------------------------------------------------------------------+--------------+
|ap_clk                    |  in |    1| ap_ctrl_hs | relu<array<ap_fixed,16u>,array<ap_fixed<20,10,5,3,0>,16u>,relu_config9> | return value |
|ap_rst                    |  in |    1| ap_ctrl_hs | relu<array<ap_fixed,16u>,array<ap_fixed<20,10,5,3,0>,16u>,relu_config9> | return value |
|ap_start                  |  in |    1| ap_ctrl_hs | relu<array<ap_fixed,16u>,array<ap_fixed<20,10,5,3,0>,16u>,relu_config9> | return value |
|start_full_n              |  in |    1| ap_ctrl_hs | relu<array<ap_fixed,16u>,array<ap_fixed<20,10,5,3,0>,16u>,relu_config9> | return value |
|ap_done                   | out |    1| ap_ctrl_hs | relu<array<ap_fixed,16u>,array<ap_fixed<20,10,5,3,0>,16u>,relu_config9> | return value |
|ap_continue               |  in |    1| ap_ctrl_hs | relu<array<ap_fixed,16u>,array<ap_fixed<20,10,5,3,0>,16u>,relu_config9> | return value |
|ap_idle                   | out |    1| ap_ctrl_hs | relu<array<ap_fixed,16u>,array<ap_fixed<20,10,5,3,0>,16u>,relu_config9> | return value |
|ap_ready                  | out |    1| ap_ctrl_hs | relu<array<ap_fixed,16u>,array<ap_fixed<20,10,5,3,0>,16u>,relu_config9> | return value |
|start_out                 | out |    1| ap_ctrl_hs | relu<array<ap_fixed,16u>,array<ap_fixed<20,10,5,3,0>,16u>,relu_config9> | return value |
|start_write               | out |    1| ap_ctrl_hs | relu<array<ap_fixed,16u>,array<ap_fixed<20,10,5,3,0>,16u>,relu_config9> | return value |
|data_V_data_0_V_dout      |  in |   46|   ap_fifo  |                             data_V_data_0_V                             |    pointer   |
|data_V_data_0_V_empty_n   |  in |    1|   ap_fifo  |                             data_V_data_0_V                             |    pointer   |
|data_V_data_0_V_read      | out |    1|   ap_fifo  |                             data_V_data_0_V                             |    pointer   |
|data_V_data_1_V_dout      |  in |   46|   ap_fifo  |                             data_V_data_1_V                             |    pointer   |
|data_V_data_1_V_empty_n   |  in |    1|   ap_fifo  |                             data_V_data_1_V                             |    pointer   |
|data_V_data_1_V_read      | out |    1|   ap_fifo  |                             data_V_data_1_V                             |    pointer   |
|data_V_data_2_V_dout      |  in |   46|   ap_fifo  |                             data_V_data_2_V                             |    pointer   |
|data_V_data_2_V_empty_n   |  in |    1|   ap_fifo  |                             data_V_data_2_V                             |    pointer   |
|data_V_data_2_V_read      | out |    1|   ap_fifo  |                             data_V_data_2_V                             |    pointer   |
|data_V_data_3_V_dout      |  in |   46|   ap_fifo  |                             data_V_data_3_V                             |    pointer   |
|data_V_data_3_V_empty_n   |  in |    1|   ap_fifo  |                             data_V_data_3_V                             |    pointer   |
|data_V_data_3_V_read      | out |    1|   ap_fifo  |                             data_V_data_3_V                             |    pointer   |
|data_V_data_4_V_dout      |  in |   46|   ap_fifo  |                             data_V_data_4_V                             |    pointer   |
|data_V_data_4_V_empty_n   |  in |    1|   ap_fifo  |                             data_V_data_4_V                             |    pointer   |
|data_V_data_4_V_read      | out |    1|   ap_fifo  |                             data_V_data_4_V                             |    pointer   |
|data_V_data_5_V_dout      |  in |   46|   ap_fifo  |                             data_V_data_5_V                             |    pointer   |
|data_V_data_5_V_empty_n   |  in |    1|   ap_fifo  |                             data_V_data_5_V                             |    pointer   |
|data_V_data_5_V_read      | out |    1|   ap_fifo  |                             data_V_data_5_V                             |    pointer   |
|data_V_data_6_V_dout      |  in |   46|   ap_fifo  |                             data_V_data_6_V                             |    pointer   |
|data_V_data_6_V_empty_n   |  in |    1|   ap_fifo  |                             data_V_data_6_V                             |    pointer   |
|data_V_data_6_V_read      | out |    1|   ap_fifo  |                             data_V_data_6_V                             |    pointer   |
|data_V_data_7_V_dout      |  in |   46|   ap_fifo  |                             data_V_data_7_V                             |    pointer   |
|data_V_data_7_V_empty_n   |  in |    1|   ap_fifo  |                             data_V_data_7_V                             |    pointer   |
|data_V_data_7_V_read      | out |    1|   ap_fifo  |                             data_V_data_7_V                             |    pointer   |
|data_V_data_8_V_dout      |  in |   46|   ap_fifo  |                             data_V_data_8_V                             |    pointer   |
|data_V_data_8_V_empty_n   |  in |    1|   ap_fifo  |                             data_V_data_8_V                             |    pointer   |
|data_V_data_8_V_read      | out |    1|   ap_fifo  |                             data_V_data_8_V                             |    pointer   |
|data_V_data_9_V_dout      |  in |   46|   ap_fifo  |                             data_V_data_9_V                             |    pointer   |
|data_V_data_9_V_empty_n   |  in |    1|   ap_fifo  |                             data_V_data_9_V                             |    pointer   |
|data_V_data_9_V_read      | out |    1|   ap_fifo  |                             data_V_data_9_V                             |    pointer   |
|data_V_data_10_V_dout     |  in |   46|   ap_fifo  |                             data_V_data_10_V                            |    pointer   |
|data_V_data_10_V_empty_n  |  in |    1|   ap_fifo  |                             data_V_data_10_V                            |    pointer   |
|data_V_data_10_V_read     | out |    1|   ap_fifo  |                             data_V_data_10_V                            |    pointer   |
|data_V_data_11_V_dout     |  in |   46|   ap_fifo  |                             data_V_data_11_V                            |    pointer   |
|data_V_data_11_V_empty_n  |  in |    1|   ap_fifo  |                             data_V_data_11_V                            |    pointer   |
|data_V_data_11_V_read     | out |    1|   ap_fifo  |                             data_V_data_11_V                            |    pointer   |
|data_V_data_12_V_dout     |  in |   46|   ap_fifo  |                             data_V_data_12_V                            |    pointer   |
|data_V_data_12_V_empty_n  |  in |    1|   ap_fifo  |                             data_V_data_12_V                            |    pointer   |
|data_V_data_12_V_read     | out |    1|   ap_fifo  |                             data_V_data_12_V                            |    pointer   |
|data_V_data_13_V_dout     |  in |   46|   ap_fifo  |                             data_V_data_13_V                            |    pointer   |
|data_V_data_13_V_empty_n  |  in |    1|   ap_fifo  |                             data_V_data_13_V                            |    pointer   |
|data_V_data_13_V_read     | out |    1|   ap_fifo  |                             data_V_data_13_V                            |    pointer   |
|data_V_data_14_V_dout     |  in |   46|   ap_fifo  |                             data_V_data_14_V                            |    pointer   |
|data_V_data_14_V_empty_n  |  in |    1|   ap_fifo  |                             data_V_data_14_V                            |    pointer   |
|data_V_data_14_V_read     | out |    1|   ap_fifo  |                             data_V_data_14_V                            |    pointer   |
|data_V_data_15_V_dout     |  in |   46|   ap_fifo  |                             data_V_data_15_V                            |    pointer   |
|data_V_data_15_V_empty_n  |  in |    1|   ap_fifo  |                             data_V_data_15_V                            |    pointer   |
|data_V_data_15_V_read     | out |    1|   ap_fifo  |                             data_V_data_15_V                            |    pointer   |
|res_V_data_0_V_din        | out |   20|   ap_fifo  |                              res_V_data_0_V                             |    pointer   |
|res_V_data_0_V_full_n     |  in |    1|   ap_fifo  |                              res_V_data_0_V                             |    pointer   |
|res_V_data_0_V_write      | out |    1|   ap_fifo  |                              res_V_data_0_V                             |    pointer   |
|res_V_data_1_V_din        | out |   20|   ap_fifo  |                              res_V_data_1_V                             |    pointer   |
|res_V_data_1_V_full_n     |  in |    1|   ap_fifo  |                              res_V_data_1_V                             |    pointer   |
|res_V_data_1_V_write      | out |    1|   ap_fifo  |                              res_V_data_1_V                             |    pointer   |
|res_V_data_2_V_din        | out |   20|   ap_fifo  |                              res_V_data_2_V                             |    pointer   |
|res_V_data_2_V_full_n     |  in |    1|   ap_fifo  |                              res_V_data_2_V                             |    pointer   |
|res_V_data_2_V_write      | out |    1|   ap_fifo  |                              res_V_data_2_V                             |    pointer   |
|res_V_data_3_V_din        | out |   20|   ap_fifo  |                              res_V_data_3_V                             |    pointer   |
|res_V_data_3_V_full_n     |  in |    1|   ap_fifo  |                              res_V_data_3_V                             |    pointer   |
|res_V_data_3_V_write      | out |    1|   ap_fifo  |                              res_V_data_3_V                             |    pointer   |
|res_V_data_4_V_din        | out |   20|   ap_fifo  |                              res_V_data_4_V                             |    pointer   |
|res_V_data_4_V_full_n     |  in |    1|   ap_fifo  |                              res_V_data_4_V                             |    pointer   |
|res_V_data_4_V_write      | out |    1|   ap_fifo  |                              res_V_data_4_V                             |    pointer   |
|res_V_data_5_V_din        | out |   20|   ap_fifo  |                              res_V_data_5_V                             |    pointer   |
|res_V_data_5_V_full_n     |  in |    1|   ap_fifo  |                              res_V_data_5_V                             |    pointer   |
|res_V_data_5_V_write      | out |    1|   ap_fifo  |                              res_V_data_5_V                             |    pointer   |
|res_V_data_6_V_din        | out |   20|   ap_fifo  |                              res_V_data_6_V                             |    pointer   |
|res_V_data_6_V_full_n     |  in |    1|   ap_fifo  |                              res_V_data_6_V                             |    pointer   |
|res_V_data_6_V_write      | out |    1|   ap_fifo  |                              res_V_data_6_V                             |    pointer   |
|res_V_data_7_V_din        | out |   20|   ap_fifo  |                              res_V_data_7_V                             |    pointer   |
|res_V_data_7_V_full_n     |  in |    1|   ap_fifo  |                              res_V_data_7_V                             |    pointer   |
|res_V_data_7_V_write      | out |    1|   ap_fifo  |                              res_V_data_7_V                             |    pointer   |
|res_V_data_8_V_din        | out |   20|   ap_fifo  |                              res_V_data_8_V                             |    pointer   |
|res_V_data_8_V_full_n     |  in |    1|   ap_fifo  |                              res_V_data_8_V                             |    pointer   |
|res_V_data_8_V_write      | out |    1|   ap_fifo  |                              res_V_data_8_V                             |    pointer   |
|res_V_data_9_V_din        | out |   20|   ap_fifo  |                              res_V_data_9_V                             |    pointer   |
|res_V_data_9_V_full_n     |  in |    1|   ap_fifo  |                              res_V_data_9_V                             |    pointer   |
|res_V_data_9_V_write      | out |    1|   ap_fifo  |                              res_V_data_9_V                             |    pointer   |
|res_V_data_10_V_din       | out |   20|   ap_fifo  |                             res_V_data_10_V                             |    pointer   |
|res_V_data_10_V_full_n    |  in |    1|   ap_fifo  |                             res_V_data_10_V                             |    pointer   |
|res_V_data_10_V_write     | out |    1|   ap_fifo  |                             res_V_data_10_V                             |    pointer   |
|res_V_data_11_V_din       | out |   20|   ap_fifo  |                             res_V_data_11_V                             |    pointer   |
|res_V_data_11_V_full_n    |  in |    1|   ap_fifo  |                             res_V_data_11_V                             |    pointer   |
|res_V_data_11_V_write     | out |    1|   ap_fifo  |                             res_V_data_11_V                             |    pointer   |
|res_V_data_12_V_din       | out |   20|   ap_fifo  |                             res_V_data_12_V                             |    pointer   |
|res_V_data_12_V_full_n    |  in |    1|   ap_fifo  |                             res_V_data_12_V                             |    pointer   |
|res_V_data_12_V_write     | out |    1|   ap_fifo  |                             res_V_data_12_V                             |    pointer   |
|res_V_data_13_V_din       | out |   20|   ap_fifo  |                             res_V_data_13_V                             |    pointer   |
|res_V_data_13_V_full_n    |  in |    1|   ap_fifo  |                             res_V_data_13_V                             |    pointer   |
|res_V_data_13_V_write     | out |    1|   ap_fifo  |                             res_V_data_13_V                             |    pointer   |
|res_V_data_14_V_din       | out |   20|   ap_fifo  |                             res_V_data_14_V                             |    pointer   |
|res_V_data_14_V_full_n    |  in |    1|   ap_fifo  |                             res_V_data_14_V                             |    pointer   |
|res_V_data_14_V_write     | out |    1|   ap_fifo  |                             res_V_data_14_V                             |    pointer   |
|res_V_data_15_V_din       | out |   20|   ap_fifo  |                             res_V_data_15_V                             |    pointer   |
|res_V_data_15_V_full_n    |  in |    1|   ap_fifo  |                             res_V_data_15_V                             |    pointer   |
|res_V_data_15_V_write     | out |    1|   ap_fifo  |                             res_V_data_15_V                             |    pointer   |
+--------------------------+-----+-----+------------+-------------------------------------------------------------------------+--------------+

