

================================================================
== Vivado HLS Report for 'dense_array_ap_fixed_16u_array_ap_fixed_45_25_5_3_0_5u_config10_s'
================================================================
* Date:           Thu Nov 13 13:59:14 2025

* Version:        2019.1 (Build 2552052 on Fri May 24 15:28:33 MDT 2019)
* Project:        myproject_prj
* Solution:       solution1
* Product family: virtexuplus
* Target device:  xcu280-fsvh2892-2L-e


================================================================
== Performance Estimates
================================================================
+ Timing (ns): 
    * Summary: 
    +--------+-------+----------+------------+
    |  Clock | Target| Estimated| Uncertainty|
    +--------+-------+----------+------------+
    |ap_clk  |   5.00|     3.691|        0.62|
    +--------+-------+----------+------------+

+ Latency (clock cycles): 
    * Summary: 
    +-----+-----+-----+-----+---------+
    |  Latency  |  Interval | Pipeline|
    | min | max | min | max |   Type  |
    +-----+-----+-----+-----+---------+
    |   82|   83|   82|   83|   none  |
    +-----+-----+-----+-----+---------+

    + Detail: 
        * Instance: 
        N/A

        * Loop: 
        N/A

============================================================
+ Verbose Summary: Synthesis Manager
============================================================
InlineROM: 1
ExposeGlobal: 0
============================================================
+ Verbose Summary: CDFG Model
============================================================
IsTopModel: 0
ResetActiveHigh: 1
IsCombinational: 2
IsDatapathOnly: 0
HasWiredReturn: 1
HasMFsm: 0
HasVarLatency: 1
IsPipeline: 0
IsRtlPipelined: 0
IsInstanceOverlapped: 0
IsDontTouch: 0
HasImplIP: 0
IsGatedGlobalClock: 0


============================================================
+ Verbose Summary: Schedule
============================================================
* Number of FSM states : 2
* Pipeline : 0
* Dataflow Pipeline: 0

* FSM state transitions: 
1 --> 2 
2 --> 

* FSM state operations: 

State 1 <SV = 0> <Delay = 2.06>
ST_1 : Operation 3 [1/1] (1.45ns)   --->   "%empty = call { i20, i20, i20, i20, i20, i20, i20, i20, i20, i20, i20, i20, i20, i20, i20, i20 } @_ssdm_op_Read.ap_fifo.volatile.i20P.i20P.i20P.i20P.i20P.i20P.i20P.i20P.i20P.i20P.i20P.i20P.i20P.i20P.i20P.i20P(i20* %data_stream_V_data_0_V, i20* %data_stream_V_data_1_V, i20* %data_stream_V_data_2_V, i20* %data_stream_V_data_3_V, i20* %data_stream_V_data_4_V, i20* %data_stream_V_data_5_V, i20* %data_stream_V_data_6_V, i20* %data_stream_V_data_7_V, i20* %data_stream_V_data_8_V, i20* %data_stream_V_data_9_V, i20* %data_stream_V_data_10_V, i20* %data_stream_V_data_11_V, i20* %data_stream_V_data_12_V, i20* %data_stream_V_data_13_V, i20* %data_stream_V_data_14_V, i20* %data_stream_V_data_15_V)" [firmware/nnet_utils/nnet_dense_stream.h:38]   --->   Operation 3 'read' 'empty' <Predicate = true> <Delay = 1.45> <Core = "FIFO">   --->   Core 32 'FIFO' <Latency = 0> <II = 1> <Delay = 1.45> <Storage> <Opcode : 'read' 'write' 'nbread' 'nbwrite'> <Ports = 0> <Width = 45> <Depth = 1> <FIFO>
ST_1 : Operation 4 [1/1] (0.00ns)   --->   "%data_0_V = extractvalue { i20, i20, i20, i20, i20, i20, i20, i20, i20, i20, i20, i20, i20, i20, i20, i20 } %empty, 0" [firmware/nnet_utils/nnet_dense_stream.h:38]   --->   Operation 4 'extractvalue' 'data_0_V' <Predicate = true> <Delay = 0.00>
ST_1 : Operation 5 [1/1] (0.00ns)   --->   "%data_1_V = extractvalue { i20, i20, i20, i20, i20, i20, i20, i20, i20, i20, i20, i20, i20, i20, i20, i20 } %empty, 1" [firmware/nnet_utils/nnet_dense_stream.h:38]   --->   Operation 5 'extractvalue' 'data_1_V' <Predicate = true> <Delay = 0.00>
ST_1 : Operation 6 [1/1] (0.00ns)   --->   "%data_2_V = extractvalue { i20, i20, i20, i20, i20, i20, i20, i20, i20, i20, i20, i20, i20, i20, i20, i20 } %empty, 2" [firmware/nnet_utils/nnet_dense_stream.h:38]   --->   Operation 6 'extractvalue' 'data_2_V' <Predicate = true> <Delay = 0.00>
ST_1 : Operation 7 [1/1] (0.00ns)   --->   "%data_3_V = extractvalue { i20, i20, i20, i20, i20, i20, i20, i20, i20, i20, i20, i20, i20, i20, i20, i20 } %empty, 3" [firmware/nnet_utils/nnet_dense_stream.h:38]   --->   Operation 7 'extractvalue' 'data_3_V' <Predicate = true> <Delay = 0.00>
ST_1 : Operation 8 [1/1] (0.00ns)   --->   "%data_4_V = extractvalue { i20, i20, i20, i20, i20, i20, i20, i20, i20, i20, i20, i20, i20, i20, i20, i20 } %empty, 4" [firmware/nnet_utils/nnet_dense_stream.h:38]   --->   Operation 8 'extractvalue' 'data_4_V' <Predicate = true> <Delay = 0.00>
ST_1 : Operation 9 [1/1] (0.00ns)   --->   "%data_5_V = extractvalue { i20, i20, i20, i20, i20, i20, i20, i20, i20, i20, i20, i20, i20, i20, i20, i20 } %empty, 5" [firmware/nnet_utils/nnet_dense_stream.h:38]   --->   Operation 9 'extractvalue' 'data_5_V' <Predicate = true> <Delay = 0.00>
ST_1 : Operation 10 [1/1] (0.00ns)   --->   "%data_6_V = extractvalue { i20, i20, i20, i20, i20, i20, i20, i20, i20, i20, i20, i20, i20, i20, i20, i20 } %empty, 6" [firmware/nnet_utils/nnet_dense_stream.h:38]   --->   Operation 10 'extractvalue' 'data_6_V' <Predicate = true> <Delay = 0.00>
ST_1 : Operation 11 [1/1] (0.00ns)   --->   "%data_7_V = extractvalue { i20, i20, i20, i20, i20, i20, i20, i20, i20, i20, i20, i20, i20, i20, i20, i20 } %empty, 7" [firmware/nnet_utils/nnet_dense_stream.h:38]   --->   Operation 11 'extractvalue' 'data_7_V' <Predicate = true> <Delay = 0.00>
ST_1 : Operation 12 [1/1] (0.00ns)   --->   "%data_8_V = extractvalue { i20, i20, i20, i20, i20, i20, i20, i20, i20, i20, i20, i20, i20, i20, i20, i20 } %empty, 8" [firmware/nnet_utils/nnet_dense_stream.h:38]   --->   Operation 12 'extractvalue' 'data_8_V' <Predicate = true> <Delay = 0.00>
ST_1 : Operation 13 [1/1] (0.00ns)   --->   "%data_9_V = extractvalue { i20, i20, i20, i20, i20, i20, i20, i20, i20, i20, i20, i20, i20, i20, i20, i20 } %empty, 9" [firmware/nnet_utils/nnet_dense_stream.h:38]   --->   Operation 13 'extractvalue' 'data_9_V' <Predicate = true> <Delay = 0.00>
ST_1 : Operation 14 [1/1] (0.00ns)   --->   "%data_10_V = extractvalue { i20, i20, i20, i20, i20, i20, i20, i20, i20, i20, i20, i20, i20, i20, i20, i20 } %empty, 10" [firmware/nnet_utils/nnet_dense_stream.h:38]   --->   Operation 14 'extractvalue' 'data_10_V' <Predicate = true> <Delay = 0.00>
ST_1 : Operation 15 [1/1] (0.00ns)   --->   "%data_11_V = extractvalue { i20, i20, i20, i20, i20, i20, i20, i20, i20, i20, i20, i20, i20, i20, i20, i20 } %empty, 11" [firmware/nnet_utils/nnet_dense_stream.h:38]   --->   Operation 15 'extractvalue' 'data_11_V' <Predicate = true> <Delay = 0.00>
ST_1 : Operation 16 [1/1] (0.00ns)   --->   "%data_12_V = extractvalue { i20, i20, i20, i20, i20, i20, i20, i20, i20, i20, i20, i20, i20, i20, i20, i20 } %empty, 12" [firmware/nnet_utils/nnet_dense_stream.h:38]   --->   Operation 16 'extractvalue' 'data_12_V' <Predicate = true> <Delay = 0.00>
ST_1 : Operation 17 [1/1] (0.00ns)   --->   "%data_13_V = extractvalue { i20, i20, i20, i20, i20, i20, i20, i20, i20, i20, i20, i20, i20, i20, i20, i20 } %empty, 13" [firmware/nnet_utils/nnet_dense_stream.h:38]   --->   Operation 17 'extractvalue' 'data_13_V' <Predicate = true> <Delay = 0.00>
ST_1 : Operation 18 [1/1] (0.00ns)   --->   "%data_14_V = extractvalue { i20, i20, i20, i20, i20, i20, i20, i20, i20, i20, i20, i20, i20, i20, i20, i20 } %empty, 14" [firmware/nnet_utils/nnet_dense_stream.h:38]   --->   Operation 18 'extractvalue' 'data_14_V' <Predicate = true> <Delay = 0.00>
ST_1 : Operation 19 [1/1] (0.00ns)   --->   "%data_15_V = extractvalue { i20, i20, i20, i20, i20, i20, i20, i20, i20, i20, i20, i20, i20, i20, i20, i20 } %empty, 15" [firmware/nnet_utils/nnet_dense_stream.h:38]   --->   Operation 19 'extractvalue' 'data_15_V' <Predicate = true> <Delay = 0.00>
ST_1 : Operation 20 [2/2] (0.60ns)   --->   "%call_ret = call fastcc { i45, i45, i45, i45, i45 } @"dense_wrapper<ap_fixed<20, 10, 5, 3, 0>, ap_fixed<45, 25, 5, 3, 0>, config10>"(i20 %data_0_V, i20 %data_1_V, i20 %data_2_V, i20 %data_3_V, i20 %data_4_V, i20 %data_5_V, i20 %data_6_V, i20 %data_7_V, i20 %data_8_V, i20 %data_9_V, i20 %data_10_V, i20 %data_11_V, i20 %data_12_V, i20 %data_13_V, i20 %data_14_V, i20 %data_15_V)" [firmware/nnet_utils/nnet_dense_stream.h:46]   --->   Operation 20 'call' 'call_ret' <Predicate = true> <Delay = 0.60> <CoreType = "Generic">   --->   Core 0 '' <Latency = 0> <II = 1> <Delay = 1.00> <Generic> <Opcode : >

State 2 <SV = 1> <Delay = 3.17>
ST_2 : Operation 21 [1/1] (0.00ns)   --->   "call void (...)* @_ssdm_op_SpecInterface(i45* %res_stream_V_data_4_V, [8 x i8]* @ap_fifo_str, i32 0, i32 0, [1 x i8]* @p_str1213, i32 0, i32 0, [1 x i8]* @p_str1214, [1 x i8]* @p_str1215, [1 x i8]* @p_str1216, i32 2, i32 2, i32 16, i32 16, [1 x i8]* @p_str1217, [1 x i8]* @p_str1218)"   --->   Operation 21 'specinterface' <Predicate = true> <Delay = 0.00>
ST_2 : Operation 22 [1/1] (0.00ns)   --->   "call void (...)* @_ssdm_op_SpecInterface(i45* %res_stream_V_data_3_V, [8 x i8]* @ap_fifo_str, i32 0, i32 0, [1 x i8]* @p_str1206, i32 0, i32 0, [1 x i8]* @p_str1207, [1 x i8]* @p_str1208, [1 x i8]* @p_str1209, i32 2, i32 2, i32 16, i32 16, [1 x i8]* @p_str1210, [1 x i8]* @p_str1211)"   --->   Operation 22 'specinterface' <Predicate = true> <Delay = 0.00>
ST_2 : Operation 23 [1/1] (0.00ns)   --->   "call void (...)* @_ssdm_op_SpecInterface(i45* %res_stream_V_data_2_V, [8 x i8]* @ap_fifo_str, i32 0, i32 0, [1 x i8]* @p_str1199, i32 0, i32 0, [1 x i8]* @p_str1200, [1 x i8]* @p_str1201, [1 x i8]* @p_str1202, i32 2, i32 2, i32 16, i32 16, [1 x i8]* @p_str1203, [1 x i8]* @p_str1204)"   --->   Operation 23 'specinterface' <Predicate = true> <Delay = 0.00>
ST_2 : Operation 24 [1/1] (0.00ns)   --->   "call void (...)* @_ssdm_op_SpecInterface(i45* %res_stream_V_data_1_V, [8 x i8]* @ap_fifo_str, i32 0, i32 0, [1 x i8]* @p_str1192, i32 0, i32 0, [1 x i8]* @p_str1193, [1 x i8]* @p_str1194, [1 x i8]* @p_str1195, i32 2, i32 2, i32 16, i32 16, [1 x i8]* @p_str1196, [1 x i8]* @p_str1197)"   --->   Operation 24 'specinterface' <Predicate = true> <Delay = 0.00>
ST_2 : Operation 25 [1/1] (0.00ns)   --->   "call void (...)* @_ssdm_op_SpecInterface(i45* %res_stream_V_data_0_V, [8 x i8]* @ap_fifo_str, i32 0, i32 0, [1 x i8]* @p_str1185, i32 0, i32 0, [1 x i8]* @p_str1186, [1 x i8]* @p_str1187, [1 x i8]* @p_str1188, i32 2, i32 2, i32 16, i32 16, [1 x i8]* @p_str1189, [1 x i8]* @p_str1190)"   --->   Operation 25 'specinterface' <Predicate = true> <Delay = 0.00>
ST_2 : Operation 26 [1/1] (0.00ns)   --->   "call void (...)* @_ssdm_op_SpecInterface(i20* %data_stream_V_data_15_V, [8 x i8]* @ap_fifo_str, i32 0, i32 0, [1 x i8]* @p_str1178, i32 0, i32 0, [1 x i8]* @p_str1179, [1 x i8]* @p_str1180, [1 x i8]* @p_str1181, i32 2, i32 2, i32 16, i32 16, [1 x i8]* @p_str1182, [1 x i8]* @p_str1183)"   --->   Operation 26 'specinterface' <Predicate = true> <Delay = 0.00>
ST_2 : Operation 27 [1/1] (0.00ns)   --->   "call void (...)* @_ssdm_op_SpecInterface(i20* %data_stream_V_data_14_V, [8 x i8]* @ap_fifo_str, i32 0, i32 0, [1 x i8]* @p_str1171, i32 0, i32 0, [1 x i8]* @p_str1172, [1 x i8]* @p_str1173, [1 x i8]* @p_str1174, i32 2, i32 2, i32 16, i32 16, [1 x i8]* @p_str1175, [1 x i8]* @p_str1176)"   --->   Operation 27 'specinterface' <Predicate = true> <Delay = 0.00>
ST_2 : Operation 28 [1/1] (0.00ns)   --->   "call void (...)* @_ssdm_op_SpecInterface(i20* %data_stream_V_data_13_V, [8 x i8]* @ap_fifo_str, i32 0, i32 0, [1 x i8]* @p_str1164, i32 0, i32 0, [1 x i8]* @p_str1165, [1 x i8]* @p_str1166, [1 x i8]* @p_str1167, i32 2, i32 2, i32 16, i32 16, [1 x i8]* @p_str1168, [1 x i8]* @p_str1169)"   --->   Operation 28 'specinterface' <Predicate = true> <Delay = 0.00>
ST_2 : Operation 29 [1/1] (0.00ns)   --->   "call void (...)* @_ssdm_op_SpecInterface(i20* %data_stream_V_data_12_V, [8 x i8]* @ap_fifo_str, i32 0, i32 0, [1 x i8]* @p_str1157, i32 0, i32 0, [1 x i8]* @p_str1158, [1 x i8]* @p_str1159, [1 x i8]* @p_str1160, i32 2, i32 2, i32 16, i32 16, [1 x i8]* @p_str1161, [1 x i8]* @p_str1162)"   --->   Operation 29 'specinterface' <Predicate = true> <Delay = 0.00>
ST_2 : Operation 30 [1/1] (0.00ns)   --->   "call void (...)* @_ssdm_op_SpecInterface(i20* %data_stream_V_data_11_V, [8 x i8]* @ap_fifo_str, i32 0, i32 0, [1 x i8]* @p_str1150, i32 0, i32 0, [1 x i8]* @p_str1151, [1 x i8]* @p_str1152, [1 x i8]* @p_str1153, i32 2, i32 2, i32 16, i32 16, [1 x i8]* @p_str1154, [1 x i8]* @p_str1155)"   --->   Operation 30 'specinterface' <Predicate = true> <Delay = 0.00>
ST_2 : Operation 31 [1/1] (0.00ns)   --->   "call void (...)* @_ssdm_op_SpecInterface(i20* %data_stream_V_data_10_V, [8 x i8]* @ap_fifo_str, i32 0, i32 0, [1 x i8]* @p_str1143, i32 0, i32 0, [1 x i8]* @p_str1144, [1 x i8]* @p_str1145, [1 x i8]* @p_str1146, i32 2, i32 2, i32 16, i32 16, [1 x i8]* @p_str1147, [1 x i8]* @p_str1148)"   --->   Operation 31 'specinterface' <Predicate = true> <Delay = 0.00>
ST_2 : Operation 32 [1/1] (0.00ns)   --->   "call void (...)* @_ssdm_op_SpecInterface(i20* %data_stream_V_data_9_V, [8 x i8]* @ap_fifo_str, i32 0, i32 0, [1 x i8]* @p_str1136, i32 0, i32 0, [1 x i8]* @p_str1137, [1 x i8]* @p_str1138, [1 x i8]* @p_str1139, i32 2, i32 2, i32 16, i32 16, [1 x i8]* @p_str1140, [1 x i8]* @p_str1141)"   --->   Operation 32 'specinterface' <Predicate = true> <Delay = 0.00>
ST_2 : Operation 33 [1/1] (0.00ns)   --->   "call void (...)* @_ssdm_op_SpecInterface(i20* %data_stream_V_data_8_V, [8 x i8]* @ap_fifo_str, i32 0, i32 0, [1 x i8]* @p_str1129, i32 0, i32 0, [1 x i8]* @p_str1130, [1 x i8]* @p_str1131, [1 x i8]* @p_str1132, i32 2, i32 2, i32 16, i32 16, [1 x i8]* @p_str1133, [1 x i8]* @p_str1134)"   --->   Operation 33 'specinterface' <Predicate = true> <Delay = 0.00>
ST_2 : Operation 34 [1/1] (0.00ns)   --->   "call void (...)* @_ssdm_op_SpecInterface(i20* %data_stream_V_data_7_V, [8 x i8]* @ap_fifo_str, i32 0, i32 0, [1 x i8]* @p_str1122, i32 0, i32 0, [1 x i8]* @p_str1123, [1 x i8]* @p_str1124, [1 x i8]* @p_str1125, i32 2, i32 2, i32 16, i32 16, [1 x i8]* @p_str1126, [1 x i8]* @p_str1127)"   --->   Operation 34 'specinterface' <Predicate = true> <Delay = 0.00>
ST_2 : Operation 35 [1/1] (0.00ns)   --->   "call void (...)* @_ssdm_op_SpecInterface(i20* %data_stream_V_data_6_V, [8 x i8]* @ap_fifo_str, i32 0, i32 0, [1 x i8]* @p_str1115, i32 0, i32 0, [1 x i8]* @p_str1116, [1 x i8]* @p_str1117, [1 x i8]* @p_str1118, i32 2, i32 2, i32 16, i32 16, [1 x i8]* @p_str1119, [1 x i8]* @p_str1120)"   --->   Operation 35 'specinterface' <Predicate = true> <Delay = 0.00>
ST_2 : Operation 36 [1/1] (0.00ns)   --->   "call void (...)* @_ssdm_op_SpecInterface(i20* %data_stream_V_data_5_V, [8 x i8]* @ap_fifo_str, i32 0, i32 0, [1 x i8]* @p_str1108, i32 0, i32 0, [1 x i8]* @p_str1109, [1 x i8]* @p_str1110, [1 x i8]* @p_str1111, i32 2, i32 2, i32 16, i32 16, [1 x i8]* @p_str1112, [1 x i8]* @p_str1113)"   --->   Operation 36 'specinterface' <Predicate = true> <Delay = 0.00>
ST_2 : Operation 37 [1/1] (0.00ns)   --->   "call void (...)* @_ssdm_op_SpecInterface(i20* %data_stream_V_data_4_V, [8 x i8]* @ap_fifo_str, i32 0, i32 0, [1 x i8]* @p_str1101, i32 0, i32 0, [1 x i8]* @p_str1102, [1 x i8]* @p_str1103, [1 x i8]* @p_str1104, i32 2, i32 2, i32 16, i32 16, [1 x i8]* @p_str1105, [1 x i8]* @p_str1106)"   --->   Operation 37 'specinterface' <Predicate = true> <Delay = 0.00>
ST_2 : Operation 38 [1/1] (0.00ns)   --->   "call void (...)* @_ssdm_op_SpecInterface(i20* %data_stream_V_data_3_V, [8 x i8]* @ap_fifo_str, i32 0, i32 0, [1 x i8]* @p_str1094, i32 0, i32 0, [1 x i8]* @p_str1095, [1 x i8]* @p_str1096, [1 x i8]* @p_str1097, i32 2, i32 2, i32 16, i32 16, [1 x i8]* @p_str1098, [1 x i8]* @p_str1099)"   --->   Operation 38 'specinterface' <Predicate = true> <Delay = 0.00>
ST_2 : Operation 39 [1/1] (0.00ns)   --->   "call void (...)* @_ssdm_op_SpecInterface(i20* %data_stream_V_data_2_V, [8 x i8]* @ap_fifo_str, i32 0, i32 0, [1 x i8]* @p_str1087, i32 0, i32 0, [1 x i8]* @p_str1088, [1 x i8]* @p_str1089, [1 x i8]* @p_str1090, i32 2, i32 2, i32 16, i32 16, [1 x i8]* @p_str1091, [1 x i8]* @p_str1092)"   --->   Operation 39 'specinterface' <Predicate = true> <Delay = 0.00>
ST_2 : Operation 40 [1/1] (0.00ns)   --->   "call void (...)* @_ssdm_op_SpecInterface(i20* %data_stream_V_data_1_V, [8 x i8]* @ap_fifo_str, i32 0, i32 0, [1 x i8]* @p_str1080, i32 0, i32 0, [1 x i8]* @p_str1081, [1 x i8]* @p_str1082, [1 x i8]* @p_str1083, i32 2, i32 2, i32 16, i32 16, [1 x i8]* @p_str1084, [1 x i8]* @p_str1085)"   --->   Operation 40 'specinterface' <Predicate = true> <Delay = 0.00>
ST_2 : Operation 41 [1/1] (0.00ns)   --->   "call void (...)* @_ssdm_op_SpecInterface(i20* %data_stream_V_data_0_V, [8 x i8]* @ap_fifo_str, i32 0, i32 0, [1 x i8]* @p_str1073, i32 0, i32 0, [1 x i8]* @p_str1074, [1 x i8]* @p_str1075, [1 x i8]* @p_str1076, i32 2, i32 2, i32 16, i32 16, [1 x i8]* @p_str1077, [1 x i8]* @p_str1078)"   --->   Operation 41 'specinterface' <Predicate = true> <Delay = 0.00>
ST_2 : Operation 42 [1/1] (0.00ns)   --->   "call void (...)* @_ssdm_op_SpecLoopName([12 x i8]* @p_str27) nounwind" [firmware/nnet_utils/nnet_dense_stream.h:34]   --->   Operation 42 'specloopname' <Predicate = true> <Delay = 0.00>
ST_2 : Operation 43 [1/2] (1.71ns)   --->   "%call_ret = call fastcc { i45, i45, i45, i45, i45 } @"dense_wrapper<ap_fixed<20, 10, 5, 3, 0>, ap_fixed<45, 25, 5, 3, 0>, config10>"(i20 %data_0_V, i20 %data_1_V, i20 %data_2_V, i20 %data_3_V, i20 %data_4_V, i20 %data_5_V, i20 %data_6_V, i20 %data_7_V, i20 %data_8_V, i20 %data_9_V, i20 %data_10_V, i20 %data_11_V, i20 %data_12_V, i20 %data_13_V, i20 %data_14_V, i20 %data_15_V)" [firmware/nnet_utils/nnet_dense_stream.h:46]   --->   Operation 43 'call' 'call_ret' <Predicate = true> <Delay = 1.71> <CoreType = "Generic">   --->   Core 0 '' <Latency = 0> <II = 1> <Delay = 1.00> <Generic> <Opcode : >
ST_2 : Operation 44 [1/1] (0.00ns)   --->   "%tmp_data_0_V = extractvalue { i45, i45, i45, i45, i45 } %call_ret, 0" [firmware/nnet_utils/nnet_dense_stream.h:46]   --->   Operation 44 'extractvalue' 'tmp_data_0_V' <Predicate = true> <Delay = 0.00>
ST_2 : Operation 45 [1/1] (0.00ns)   --->   "%tmp_data_1_V = extractvalue { i45, i45, i45, i45, i45 } %call_ret, 1" [firmware/nnet_utils/nnet_dense_stream.h:46]   --->   Operation 45 'extractvalue' 'tmp_data_1_V' <Predicate = true> <Delay = 0.00>
ST_2 : Operation 46 [1/1] (0.00ns)   --->   "%tmp_data_2_V = extractvalue { i45, i45, i45, i45, i45 } %call_ret, 2" [firmware/nnet_utils/nnet_dense_stream.h:46]   --->   Operation 46 'extractvalue' 'tmp_data_2_V' <Predicate = true> <Delay = 0.00>
ST_2 : Operation 47 [1/1] (0.00ns)   --->   "%tmp_data_3_V = extractvalue { i45, i45, i45, i45, i45 } %call_ret, 3" [firmware/nnet_utils/nnet_dense_stream.h:46]   --->   Operation 47 'extractvalue' 'tmp_data_3_V' <Predicate = true> <Delay = 0.00>
ST_2 : Operation 48 [1/1] (0.00ns)   --->   "%tmp_data_4_V = extractvalue { i45, i45, i45, i45, i45 } %call_ret, 4" [firmware/nnet_utils/nnet_dense_stream.h:46]   --->   Operation 48 'extractvalue' 'tmp_data_4_V' <Predicate = true> <Delay = 0.00>
ST_2 : Operation 49 [1/1] (0.00ns)   --->   "call void (...)* @_ssdm_op_SpecLoopName([9 x i8]* @p_str29) nounwind" [firmware/nnet_utils/nnet_dense_stream.h:49]   --->   Operation 49 'specloopname' <Predicate = true> <Delay = 0.00>
ST_2 : Operation 50 [1/1] (1.45ns)   --->   "call void @_ssdm_op_Write.ap_fifo.volatile.i45P.i45P.i45P.i45P.i45P(i45* %res_stream_V_data_0_V, i45* %res_stream_V_data_1_V, i45* %res_stream_V_data_2_V, i45* %res_stream_V_data_3_V, i45* %res_stream_V_data_4_V, i45 %tmp_data_0_V, i45 %tmp_data_1_V, i45 %tmp_data_2_V, i45 %tmp_data_3_V, i45 %tmp_data_4_V)" [firmware/nnet_utils/nnet_dense_stream.h:60]   --->   Operation 50 'write' <Predicate = true> <Delay = 1.45> <Core = "FIFO">   --->   Core 32 'FIFO' <Latency = 0> <II = 1> <Delay = 1.45> <Storage> <Opcode : 'read' 'write' 'nbread' 'nbwrite'> <Ports = 0> <Width = 45> <Depth = 1> <FIFO>
ST_2 : Operation 51 [1/1] (0.00ns)   --->   "ret void" [firmware/nnet_utils/nnet_dense_stream.h:62]   --->   Operation 51 'ret' <Predicate = true> <Delay = 0.00>


============================================================
+ Verbose Summary: Timing violations
============================================================
Target clock period: 5ns, clock uncertainty: 0.625ns.

 <State 1>: 2.06ns
The critical path consists of the following:
	fifo read on port 'data_stream_V_data_0_V' (firmware/nnet_utils/nnet_dense_stream.h:38) [46]  (1.46 ns)
	'call' operation ('call_ret', firmware/nnet_utils/nnet_dense_stream.h:46) to 'dense_wrapper<ap_fixed<20, 10, 5, 3, 0>, ap_fixed<45, 25, 5, 3, 0>, config10>' [63]  (0.603 ns)

 <State 2>: 3.17ns
The critical path consists of the following:
	'call' operation ('call_ret', firmware/nnet_utils/nnet_dense_stream.h:46) to 'dense_wrapper<ap_fixed<20, 10, 5, 3, 0>, ap_fixed<45, 25, 5, 3, 0>, config10>' [63]  (1.72 ns)
	fifo write on port 'res_stream_V_data_0_V' (firmware/nnet_utils/nnet_dense_stream.h:60) [70]  (1.46 ns)


============================================================
+ Verbose Summary: Binding
============================================================
N/A
* FSMD analyzer results:
  - Output states:
 - Input state : 
  - Chain level:
	State 1
	State 2


============================================================
+ Verbose Summary: Datapath Resource usage 
============================================================
N/A
