

================================================================
== Vivado HLS Report for 'gru_stack_array_ap_fixed_3u_array_ap_fixed_20_10_5_3_0_32u_config2_s'
================================================================
* Date:           Thu Nov 13 13:48:49 2025

* Version:        2019.1 (Build 2552052 on Fri May 24 15:28:33 MDT 2019)
* Project:        myproject_prj
* Solution:       solution1
* Product family: virtexuplus
* Target device:  xcu280-fsvh2892-2L-e


================================================================
== Performance Estimates
================================================================
+ Timing (ns): 
    * Summary: 
    +--------+-------+----------+------------+
    |  Clock | Target| Estimated| Uncertainty|
    +--------+-------+----------+------------+
    |ap_clk  |   5.00|     4.346|        0.62|
    +--------+-------+----------+------------+

+ Latency (clock cycles): 
    * Summary: 
    +--------+--------+--------+--------+---------+
    |     Latency     |     Interval    | Pipeline|
    |   min  |   max  |   min  |   max  |   Type  |
    +--------+--------+--------+--------+---------+
    |  308501|  308601|  308501|  308601|   none  |
    +--------+--------+--------+--------+---------+

    + Detail: 
        * Instance: 
        N/A

        * Loop: 
        +-------------------+--------+--------+-------------+-----------+-----------+------+----------+
        |                   |     Latency     |  Iteration  |  Initiation Interval  | Trip |          |
        |     Loop Name     |   min  |   max  |   Latency   |  achieved |   target  | Count| Pipelined|
        +-------------------+--------+--------+-------------+-----------+-----------+------+----------+
        |- DataPropagation  |  308500|  308600| 3085 ~ 3086 |          -|          -|   100|    no    |
        +-------------------+--------+--------+-------------+-----------+-----------+------+----------+

============================================================
+ Verbose Summary: Synthesis Manager
============================================================
InlineROM: 1
ExposeGlobal: 0
============================================================
+ Verbose Summary: CDFG Model
============================================================
IsTopModel: 0
ResetActiveHigh: 1
IsCombinational: 2
IsDatapathOnly: 0
HasWiredReturn: 1
HasMFsm: 0
HasVarLatency: 1
IsPipeline: 0
IsRtlPipelined: 0
IsInstanceOverlapped: 0
IsDontTouch: 0
HasImplIP: 0
IsGatedGlobalClock: 0


============================================================
+ Verbose Summary: Schedule
============================================================
* Number of FSM states : 5
* Pipeline : 0
* Dataflow Pipeline: 0

* FSM state transitions: 
1 --> 2 
2 --> 3 
3 --> 4 
4 --> 5 
5 --> 2 

* FSM state operations: 

State 1 <SV = 0> <Delay = 0.60>
ST_1 : Operation 6 [1/1] (0.00ns)   --->   "call void (...)* @_ssdm_op_SpecInterface(i20* %res_stream_V_data_31_V, [8 x i8]* @ap_fifo_str, i32 0, i32 0, [1 x i8]* @p_str506, i32 0, i32 0, [1 x i8]* @p_str507, [1 x i8]* @p_str508, [1 x i8]* @p_str509, i32 2, i32 2, i32 16, i32 16, [1 x i8]* @p_str510, [1 x i8]* @p_str511)"   --->   Operation 6 'specinterface' <Predicate = true> <Delay = 0.00>
ST_1 : Operation 7 [1/1] (0.00ns)   --->   "call void (...)* @_ssdm_op_SpecInterface(i20* %res_stream_V_data_30_V, [8 x i8]* @ap_fifo_str, i32 0, i32 0, [1 x i8]* @p_str499, i32 0, i32 0, [1 x i8]* @p_str500, [1 x i8]* @p_str501, [1 x i8]* @p_str502, i32 2, i32 2, i32 16, i32 16, [1 x i8]* @p_str503, [1 x i8]* @p_str504)"   --->   Operation 7 'specinterface' <Predicate = true> <Delay = 0.00>
ST_1 : Operation 8 [1/1] (0.00ns)   --->   "call void (...)* @_ssdm_op_SpecInterface(i20* %res_stream_V_data_29_V, [8 x i8]* @ap_fifo_str, i32 0, i32 0, [1 x i8]* @p_str492, i32 0, i32 0, [1 x i8]* @p_str493, [1 x i8]* @p_str494, [1 x i8]* @p_str495, i32 2, i32 2, i32 16, i32 16, [1 x i8]* @p_str496, [1 x i8]* @p_str497)"   --->   Operation 8 'specinterface' <Predicate = true> <Delay = 0.00>
ST_1 : Operation 9 [1/1] (0.00ns)   --->   "call void (...)* @_ssdm_op_SpecInterface(i20* %res_stream_V_data_28_V, [8 x i8]* @ap_fifo_str, i32 0, i32 0, [1 x i8]* @p_str485, i32 0, i32 0, [1 x i8]* @p_str486, [1 x i8]* @p_str487, [1 x i8]* @p_str488, i32 2, i32 2, i32 16, i32 16, [1 x i8]* @p_str489, [1 x i8]* @p_str490)"   --->   Operation 9 'specinterface' <Predicate = true> <Delay = 0.00>
ST_1 : Operation 10 [1/1] (0.00ns)   --->   "call void (...)* @_ssdm_op_SpecInterface(i20* %res_stream_V_data_27_V, [8 x i8]* @ap_fifo_str, i32 0, i32 0, [1 x i8]* @p_str478, i32 0, i32 0, [1 x i8]* @p_str479, [1 x i8]* @p_str480, [1 x i8]* @p_str481, i32 2, i32 2, i32 16, i32 16, [1 x i8]* @p_str482, [1 x i8]* @p_str483)"   --->   Operation 10 'specinterface' <Predicate = true> <Delay = 0.00>
ST_1 : Operation 11 [1/1] (0.00ns)   --->   "call void (...)* @_ssdm_op_SpecInterface(i20* %res_stream_V_data_26_V, [8 x i8]* @ap_fifo_str, i32 0, i32 0, [1 x i8]* @p_str471, i32 0, i32 0, [1 x i8]* @p_str472, [1 x i8]* @p_str473, [1 x i8]* @p_str474, i32 2, i32 2, i32 16, i32 16, [1 x i8]* @p_str475, [1 x i8]* @p_str476)"   --->   Operation 11 'specinterface' <Predicate = true> <Delay = 0.00>
ST_1 : Operation 12 [1/1] (0.00ns)   --->   "call void (...)* @_ssdm_op_SpecInterface(i20* %res_stream_V_data_25_V, [8 x i8]* @ap_fifo_str, i32 0, i32 0, [1 x i8]* @p_str464, i32 0, i32 0, [1 x i8]* @p_str465, [1 x i8]* @p_str466, [1 x i8]* @p_str467, i32 2, i32 2, i32 16, i32 16, [1 x i8]* @p_str468, [1 x i8]* @p_str469)"   --->   Operation 12 'specinterface' <Predicate = true> <Delay = 0.00>
ST_1 : Operation 13 [1/1] (0.00ns)   --->   "call void (...)* @_ssdm_op_SpecInterface(i20* %res_stream_V_data_24_V, [8 x i8]* @ap_fifo_str, i32 0, i32 0, [1 x i8]* @p_str457, i32 0, i32 0, [1 x i8]* @p_str458, [1 x i8]* @p_str459, [1 x i8]* @p_str460, i32 2, i32 2, i32 16, i32 16, [1 x i8]* @p_str461, [1 x i8]* @p_str462)"   --->   Operation 13 'specinterface' <Predicate = true> <Delay = 0.00>
ST_1 : Operation 14 [1/1] (0.00ns)   --->   "call void (...)* @_ssdm_op_SpecInterface(i20* %res_stream_V_data_23_V, [8 x i8]* @ap_fifo_str, i32 0, i32 0, [1 x i8]* @p_str450, i32 0, i32 0, [1 x i8]* @p_str451, [1 x i8]* @p_str452, [1 x i8]* @p_str453, i32 2, i32 2, i32 16, i32 16, [1 x i8]* @p_str454, [1 x i8]* @p_str455)"   --->   Operation 14 'specinterface' <Predicate = true> <Delay = 0.00>
ST_1 : Operation 15 [1/1] (0.00ns)   --->   "call void (...)* @_ssdm_op_SpecInterface(i20* %res_stream_V_data_22_V, [8 x i8]* @ap_fifo_str, i32 0, i32 0, [1 x i8]* @p_str443, i32 0, i32 0, [1 x i8]* @p_str444, [1 x i8]* @p_str445, [1 x i8]* @p_str446, i32 2, i32 2, i32 16, i32 16, [1 x i8]* @p_str447, [1 x i8]* @p_str448)"   --->   Operation 15 'specinterface' <Predicate = true> <Delay = 0.00>
ST_1 : Operation 16 [1/1] (0.00ns)   --->   "call void (...)* @_ssdm_op_SpecInterface(i20* %res_stream_V_data_21_V, [8 x i8]* @ap_fifo_str, i32 0, i32 0, [1 x i8]* @p_str436, i32 0, i32 0, [1 x i8]* @p_str437, [1 x i8]* @p_str438, [1 x i8]* @p_str439, i32 2, i32 2, i32 16, i32 16, [1 x i8]* @p_str440, [1 x i8]* @p_str441)"   --->   Operation 16 'specinterface' <Predicate = true> <Delay = 0.00>
ST_1 : Operation 17 [1/1] (0.00ns)   --->   "call void (...)* @_ssdm_op_SpecInterface(i20* %res_stream_V_data_20_V, [8 x i8]* @ap_fifo_str, i32 0, i32 0, [1 x i8]* @p_str429, i32 0, i32 0, [1 x i8]* @p_str430, [1 x i8]* @p_str431, [1 x i8]* @p_str432, i32 2, i32 2, i32 16, i32 16, [1 x i8]* @p_str433, [1 x i8]* @p_str434)"   --->   Operation 17 'specinterface' <Predicate = true> <Delay = 0.00>
ST_1 : Operation 18 [1/1] (0.00ns)   --->   "call void (...)* @_ssdm_op_SpecInterface(i20* %res_stream_V_data_19_V, [8 x i8]* @ap_fifo_str, i32 0, i32 0, [1 x i8]* @p_str422, i32 0, i32 0, [1 x i8]* @p_str423, [1 x i8]* @p_str424, [1 x i8]* @p_str425, i32 2, i32 2, i32 16, i32 16, [1 x i8]* @p_str426, [1 x i8]* @p_str427)"   --->   Operation 18 'specinterface' <Predicate = true> <Delay = 0.00>
ST_1 : Operation 19 [1/1] (0.00ns)   --->   "call void (...)* @_ssdm_op_SpecInterface(i20* %res_stream_V_data_18_V, [8 x i8]* @ap_fifo_str, i32 0, i32 0, [1 x i8]* @p_str415, i32 0, i32 0, [1 x i8]* @p_str416, [1 x i8]* @p_str417, [1 x i8]* @p_str418, i32 2, i32 2, i32 16, i32 16, [1 x i8]* @p_str419, [1 x i8]* @p_str420)"   --->   Operation 19 'specinterface' <Predicate = true> <Delay = 0.00>
ST_1 : Operation 20 [1/1] (0.00ns)   --->   "call void (...)* @_ssdm_op_SpecInterface(i20* %res_stream_V_data_17_V, [8 x i8]* @ap_fifo_str, i32 0, i32 0, [1 x i8]* @p_str408, i32 0, i32 0, [1 x i8]* @p_str409, [1 x i8]* @p_str410, [1 x i8]* @p_str411, i32 2, i32 2, i32 16, i32 16, [1 x i8]* @p_str412, [1 x i8]* @p_str413)"   --->   Operation 20 'specinterface' <Predicate = true> <Delay = 0.00>
ST_1 : Operation 21 [1/1] (0.00ns)   --->   "call void (...)* @_ssdm_op_SpecInterface(i20* %res_stream_V_data_16_V, [8 x i8]* @ap_fifo_str, i32 0, i32 0, [1 x i8]* @p_str401, i32 0, i32 0, [1 x i8]* @p_str402, [1 x i8]* @p_str403, [1 x i8]* @p_str404, i32 2, i32 2, i32 16, i32 16, [1 x i8]* @p_str405, [1 x i8]* @p_str406)"   --->   Operation 21 'specinterface' <Predicate = true> <Delay = 0.00>
ST_1 : Operation 22 [1/1] (0.00ns)   --->   "call void (...)* @_ssdm_op_SpecInterface(i20* %res_stream_V_data_15_V, [8 x i8]* @ap_fifo_str, i32 0, i32 0, [1 x i8]* @p_str394, i32 0, i32 0, [1 x i8]* @p_str395, [1 x i8]* @p_str396, [1 x i8]* @p_str397, i32 2, i32 2, i32 16, i32 16, [1 x i8]* @p_str398, [1 x i8]* @p_str399)"   --->   Operation 22 'specinterface' <Predicate = true> <Delay = 0.00>
ST_1 : Operation 23 [1/1] (0.00ns)   --->   "call void (...)* @_ssdm_op_SpecInterface(i20* %res_stream_V_data_14_V, [8 x i8]* @ap_fifo_str, i32 0, i32 0, [1 x i8]* @p_str387, i32 0, i32 0, [1 x i8]* @p_str388, [1 x i8]* @p_str389, [1 x i8]* @p_str390, i32 2, i32 2, i32 16, i32 16, [1 x i8]* @p_str391, [1 x i8]* @p_str392)"   --->   Operation 23 'specinterface' <Predicate = true> <Delay = 0.00>
ST_1 : Operation 24 [1/1] (0.00ns)   --->   "call void (...)* @_ssdm_op_SpecInterface(i20* %res_stream_V_data_13_V, [8 x i8]* @ap_fifo_str, i32 0, i32 0, [1 x i8]* @p_str380, i32 0, i32 0, [1 x i8]* @p_str381, [1 x i8]* @p_str382, [1 x i8]* @p_str383, i32 2, i32 2, i32 16, i32 16, [1 x i8]* @p_str384, [1 x i8]* @p_str385)"   --->   Operation 24 'specinterface' <Predicate = true> <Delay = 0.00>
ST_1 : Operation 25 [1/1] (0.00ns)   --->   "call void (...)* @_ssdm_op_SpecInterface(i20* %res_stream_V_data_12_V, [8 x i8]* @ap_fifo_str, i32 0, i32 0, [1 x i8]* @p_str373, i32 0, i32 0, [1 x i8]* @p_str374, [1 x i8]* @p_str375, [1 x i8]* @p_str376, i32 2, i32 2, i32 16, i32 16, [1 x i8]* @p_str377, [1 x i8]* @p_str378)"   --->   Operation 25 'specinterface' <Predicate = true> <Delay = 0.00>
ST_1 : Operation 26 [1/1] (0.00ns)   --->   "call void (...)* @_ssdm_op_SpecInterface(i20* %res_stream_V_data_11_V, [8 x i8]* @ap_fifo_str, i32 0, i32 0, [1 x i8]* @p_str366, i32 0, i32 0, [1 x i8]* @p_str367, [1 x i8]* @p_str368, [1 x i8]* @p_str369, i32 2, i32 2, i32 16, i32 16, [1 x i8]* @p_str370, [1 x i8]* @p_str371)"   --->   Operation 26 'specinterface' <Predicate = true> <Delay = 0.00>
ST_1 : Operation 27 [1/1] (0.00ns)   --->   "call void (...)* @_ssdm_op_SpecInterface(i20* %res_stream_V_data_10_V, [8 x i8]* @ap_fifo_str, i32 0, i32 0, [1 x i8]* @p_str359, i32 0, i32 0, [1 x i8]* @p_str360, [1 x i8]* @p_str361, [1 x i8]* @p_str362, i32 2, i32 2, i32 16, i32 16, [1 x i8]* @p_str363, [1 x i8]* @p_str364)"   --->   Operation 27 'specinterface' <Predicate = true> <Delay = 0.00>
ST_1 : Operation 28 [1/1] (0.00ns)   --->   "call void (...)* @_ssdm_op_SpecInterface(i20* %res_stream_V_data_9_V, [8 x i8]* @ap_fifo_str, i32 0, i32 0, [1 x i8]* @p_str352, i32 0, i32 0, [1 x i8]* @p_str353, [1 x i8]* @p_str354, [1 x i8]* @p_str355, i32 2, i32 2, i32 16, i32 16, [1 x i8]* @p_str356, [1 x i8]* @p_str357)"   --->   Operation 28 'specinterface' <Predicate = true> <Delay = 0.00>
ST_1 : Operation 29 [1/1] (0.00ns)   --->   "call void (...)* @_ssdm_op_SpecInterface(i20* %res_stream_V_data_8_V, [8 x i8]* @ap_fifo_str, i32 0, i32 0, [1 x i8]* @p_str345, i32 0, i32 0, [1 x i8]* @p_str346, [1 x i8]* @p_str347, [1 x i8]* @p_str348, i32 2, i32 2, i32 16, i32 16, [1 x i8]* @p_str349, [1 x i8]* @p_str350)"   --->   Operation 29 'specinterface' <Predicate = true> <Delay = 0.00>
ST_1 : Operation 30 [1/1] (0.00ns)   --->   "call void (...)* @_ssdm_op_SpecInterface(i20* %res_stream_V_data_7_V, [8 x i8]* @ap_fifo_str, i32 0, i32 0, [1 x i8]* @p_str338, i32 0, i32 0, [1 x i8]* @p_str339, [1 x i8]* @p_str340, [1 x i8]* @p_str341, i32 2, i32 2, i32 16, i32 16, [1 x i8]* @p_str342, [1 x i8]* @p_str343)"   --->   Operation 30 'specinterface' <Predicate = true> <Delay = 0.00>
ST_1 : Operation 31 [1/1] (0.00ns)   --->   "call void (...)* @_ssdm_op_SpecInterface(i20* %res_stream_V_data_6_V, [8 x i8]* @ap_fifo_str, i32 0, i32 0, [1 x i8]* @p_str331, i32 0, i32 0, [1 x i8]* @p_str332, [1 x i8]* @p_str333, [1 x i8]* @p_str334, i32 2, i32 2, i32 16, i32 16, [1 x i8]* @p_str335, [1 x i8]* @p_str336)"   --->   Operation 31 'specinterface' <Predicate = true> <Delay = 0.00>
ST_1 : Operation 32 [1/1] (0.00ns)   --->   "call void (...)* @_ssdm_op_SpecInterface(i20* %res_stream_V_data_5_V, [8 x i8]* @ap_fifo_str, i32 0, i32 0, [1 x i8]* @p_str324, i32 0, i32 0, [1 x i8]* @p_str325, [1 x i8]* @p_str326, [1 x i8]* @p_str327, i32 2, i32 2, i32 16, i32 16, [1 x i8]* @p_str328, [1 x i8]* @p_str329)"   --->   Operation 32 'specinterface' <Predicate = true> <Delay = 0.00>
ST_1 : Operation 33 [1/1] (0.00ns)   --->   "call void (...)* @_ssdm_op_SpecInterface(i20* %res_stream_V_data_4_V, [8 x i8]* @ap_fifo_str, i32 0, i32 0, [1 x i8]* @p_str317, i32 0, i32 0, [1 x i8]* @p_str318, [1 x i8]* @p_str319, [1 x i8]* @p_str320, i32 2, i32 2, i32 16, i32 16, [1 x i8]* @p_str321, [1 x i8]* @p_str322)"   --->   Operation 33 'specinterface' <Predicate = true> <Delay = 0.00>
ST_1 : Operation 34 [1/1] (0.00ns)   --->   "call void (...)* @_ssdm_op_SpecInterface(i20* %res_stream_V_data_3_V, [8 x i8]* @ap_fifo_str, i32 0, i32 0, [1 x i8]* @p_str310, i32 0, i32 0, [1 x i8]* @p_str311, [1 x i8]* @p_str312, [1 x i8]* @p_str313, i32 2, i32 2, i32 16, i32 16, [1 x i8]* @p_str314, [1 x i8]* @p_str315)"   --->   Operation 34 'specinterface' <Predicate = true> <Delay = 0.00>
ST_1 : Operation 35 [1/1] (0.00ns)   --->   "call void (...)* @_ssdm_op_SpecInterface(i20* %res_stream_V_data_2_V, [8 x i8]* @ap_fifo_str, i32 0, i32 0, [1 x i8]* @p_str303, i32 0, i32 0, [1 x i8]* @p_str304, [1 x i8]* @p_str305, [1 x i8]* @p_str306, i32 2, i32 2, i32 16, i32 16, [1 x i8]* @p_str307, [1 x i8]* @p_str308)"   --->   Operation 35 'specinterface' <Predicate = true> <Delay = 0.00>
ST_1 : Operation 36 [1/1] (0.00ns)   --->   "call void (...)* @_ssdm_op_SpecInterface(i20* %res_stream_V_data_1_V, [8 x i8]* @ap_fifo_str, i32 0, i32 0, [1 x i8]* @p_str296, i32 0, i32 0, [1 x i8]* @p_str297, [1 x i8]* @p_str298, [1 x i8]* @p_str299, i32 2, i32 2, i32 16, i32 16, [1 x i8]* @p_str300, [1 x i8]* @p_str301)"   --->   Operation 36 'specinterface' <Predicate = true> <Delay = 0.00>
ST_1 : Operation 37 [1/1] (0.00ns)   --->   "call void (...)* @_ssdm_op_SpecInterface(i20* %res_stream_V_data_0_V, [8 x i8]* @ap_fifo_str, i32 0, i32 0, [1 x i8]* @p_str289, i32 0, i32 0, [1 x i8]* @p_str290, [1 x i8]* @p_str291, [1 x i8]* @p_str292, i32 2, i32 2, i32 16, i32 16, [1 x i8]* @p_str293, [1 x i8]* @p_str294)"   --->   Operation 37 'specinterface' <Predicate = true> <Delay = 0.00>
ST_1 : Operation 38 [1/1] (0.00ns)   --->   "call void (...)* @_ssdm_op_SpecInterface(i24* %data_stream_V_data_0_V, [5 x i8]* @p_str, i32 1, i32 1, [5 x i8]* @p_str11, i32 0, i32 0, [1 x i8]* @p_str12, [1 x i8]* @p_str12, [1 x i8]* @p_str12, i32 0, i32 0, i32 0, i32 0, [1 x i8]* @p_str12, [1 x i8]* @p_str12)"   --->   Operation 38 'specinterface' <Predicate = true> <Delay = 0.00>
ST_1 : Operation 39 [1/1] (0.00ns)   --->   "call void (...)* @_ssdm_op_SpecInterface(i24* %data_stream_V_data_1_V, [5 x i8]* @p_str, i32 1, i32 1, [5 x i8]* @p_str11, i32 0, i32 0, [1 x i8]* @p_str12, [1 x i8]* @p_str12, [1 x i8]* @p_str12, i32 0, i32 0, i32 0, i32 0, [1 x i8]* @p_str12, [1 x i8]* @p_str12)"   --->   Operation 39 'specinterface' <Predicate = true> <Delay = 0.00>
ST_1 : Operation 40 [1/1] (0.00ns)   --->   "call void (...)* @_ssdm_op_SpecInterface(i24* %data_stream_V_data_2_V, [5 x i8]* @p_str, i32 1, i32 1, [5 x i8]* @p_str11, i32 0, i32 0, [1 x i8]* @p_str12, [1 x i8]* @p_str12, [1 x i8]* @p_str12, i32 0, i32 0, i32 0, i32 0, [1 x i8]* @p_str12, [1 x i8]* @p_str12)"   --->   Operation 40 'specinterface' <Predicate = true> <Delay = 0.00>
ST_1 : Operation 41 [1/1] (0.00ns)   --->   "%data_in_V = alloca [3 x i20], align 4" [firmware/nnet_utils/nnet_recurrent.h:661]   --->   Operation 41 'alloca' 'data_in_V' <Predicate = true> <Delay = 0.00> <Core = "RAM">   --->   Core 37 'RAM' <Latency = 1> <II = 1> <Delay = 0.59> <Storage> <Opcode : 'load' 'store'> <Ports = 2> <Width = 20> <Depth = 3> <RAM>
ST_1 : Operation 42 [1/1] (0.00ns)   --->   "%data_in_V_addr = getelementptr [3 x i20]* %data_in_V, i64 0, i64 0" [firmware/nnet_utils/nnet_recurrent.h:673]   --->   Operation 42 'getelementptr' 'data_in_V_addr' <Predicate = true> <Delay = 0.00>
ST_1 : Operation 43 [1/1] (0.00ns)   --->   "%data_in_V_addr_1 = getelementptr [3 x i20]* %data_in_V, i64 0, i64 1" [firmware/nnet_utils/nnet_recurrent.h:673]   --->   Operation 43 'getelementptr' 'data_in_V_addr_1' <Predicate = true> <Delay = 0.00>
ST_1 : Operation 44 [1/1] (0.00ns)   --->   "%data_in_V_addr_2 = getelementptr [3 x i20]* %data_in_V, i64 0, i64 2" [firmware/nnet_utils/nnet_recurrent.h:673]   --->   Operation 44 'getelementptr' 'data_in_V_addr_2' <Predicate = true> <Delay = 0.00>
ST_1 : Operation 45 [1/1] (0.60ns)   --->   "br label %.preheader" [firmware/nnet_utils/nnet_recurrent.h:665]   --->   Operation 45 'br' <Predicate = true> <Delay = 0.60>

State 2 <SV = 1> <Delay = 0.59>
ST_2 : Operation 46 [1/1] (0.00ns)   --->   "%reset_state_0 = phi i1 [ true, %_ZN8ap_fixedILi20ELi10EL9ap_q_mode5EL9ap_o_mode3ELi0EEC1Ei.exit.0 ], [ false, %.preheader.i.0 ]"   --->   Operation 46 'phi' 'reset_state_0' <Predicate = true> <Delay = 0.00>
ST_2 : Operation 47 [1/1] (0.00ns)   --->   "%i_in_0 = phi i7 [ 0, %_ZN8ap_fixedILi20ELi10EL9ap_q_mode5EL9ap_o_mode3ELi0EEC1Ei.exit.0 ], [ %i_in, %.preheader.i.0 ]"   --->   Operation 47 'phi' 'i_in_0' <Predicate = true> <Delay = 0.00>
ST_2 : Operation 48 [1/1] (0.59ns)   --->   "%icmp_ln665 = icmp eq i7 %i_in_0, -28" [firmware/nnet_utils/nnet_recurrent.h:665]   --->   Operation 48 'icmp' 'icmp_ln665' <Predicate = true> <Delay = 0.59> <Core = "Cmp">   --->   Core 25 'Cmp' <Latency = 0> <II = 1> <Delay = 0.59> <FuncUnit> <Opcode : 'icmp'> <InPorts = 2> <OutPorts = 1>
ST_2 : Operation 49 [1/1] (0.00ns)   --->   "%empty = call i32 (...)* @_ssdm_op_SpecLoopTripCount(i64 100, i64 100, i64 100)"   --->   Operation 49 'speclooptripcount' 'empty' <Predicate = true> <Delay = 0.00>
ST_2 : Operation 50 [1/1] (0.40ns)   --->   "%i_in = add i7 %i_in_0, 1" [firmware/nnet_utils/nnet_recurrent.h:665]   --->   Operation 50 'add' 'i_in' <Predicate = true> <Delay = 0.40> <Core = "AddSub">   --->   Core 14 'AddSub' <Latency = 0> <II = 1> <Delay = 0.40> <FuncUnit> <Opcode : 'add' 'sub'> <InPorts = 2> <OutPorts = 1>
ST_2 : Operation 51 [1/1] (0.00ns)   --->   "br i1 %icmp_ln665, label %0, label %.preheader.i.0" [firmware/nnet_utils/nnet_recurrent.h:665]   --->   Operation 51 'br' <Predicate = true> <Delay = 0.00>
ST_2 : Operation 52 [1/1] (0.00ns)   --->   "%empty_158 = call { i24, i24, i24 } @_ssdm_op_Read.axis.volatile.i24P.i24P.i24P(i24* %data_stream_V_data_0_V, i24* %data_stream_V_data_1_V, i24* %data_stream_V_data_2_V)" [firmware/nnet_utils/nnet_recurrent.h:669]   --->   Operation 52 'read' 'empty_158' <Predicate = (!icmp_ln665)> <Delay = 0.00> <Core = "AXI4Stream">   --->   Core 5 'AXI4Stream' <Latency = 0> <II = 1> <Delay = 1.00> <Adapter> <Opcode : >
ST_2 : Operation 53 [1/1] (0.00ns)   --->   "%tmp_data_0_V_cast = extractvalue { i24, i24, i24 } %empty_158, 0" [firmware/nnet_utils/nnet_recurrent.h:669]   --->   Operation 53 'extractvalue' 'tmp_data_0_V_cast' <Predicate = (!icmp_ln665)> <Delay = 0.00>
ST_2 : Operation 54 [1/1] (0.00ns)   --->   "%tmp_data_1_V_cast = extractvalue { i24, i24, i24 } %empty_158, 1" [firmware/nnet_utils/nnet_recurrent.h:669]   --->   Operation 54 'extractvalue' 'tmp_data_1_V_cast' <Predicate = (!icmp_ln665)> <Delay = 0.00>
ST_2 : Operation 55 [1/1] (0.00ns)   --->   "%tmp_data_2_V_cast = extractvalue { i24, i24, i24 } %empty_158, 2" [firmware/nnet_utils/nnet_recurrent.h:669]   --->   Operation 55 'extractvalue' 'tmp_data_2_V_cast' <Predicate = (!icmp_ln665)> <Delay = 0.00>
ST_2 : Operation 56 [1/1] (0.00ns)   --->   "%tmp_data_2_V = trunc i24 %tmp_data_2_V_cast to i20" [firmware/nnet_utils/nnet_recurrent.h:669]   --->   Operation 56 'trunc' 'tmp_data_2_V' <Predicate = (!icmp_ln665)> <Delay = 0.00>
ST_2 : Operation 57 [1/1] (0.00ns)   --->   "%tmp_data_1_V = trunc i24 %tmp_data_1_V_cast to i20" [firmware/nnet_utils/nnet_recurrent.h:669]   --->   Operation 57 'trunc' 'tmp_data_1_V' <Predicate = (!icmp_ln665)> <Delay = 0.00>
ST_2 : Operation 58 [1/1] (0.00ns)   --->   "%tmp_data_0_V = trunc i24 %tmp_data_0_V_cast to i20" [firmware/nnet_utils/nnet_types.h:29->firmware/nnet_utils/nnet_recurrent.h:669]   --->   Operation 58 'trunc' 'tmp_data_0_V' <Predicate = (!icmp_ln665)> <Delay = 0.00>
ST_2 : Operation 59 [1/1] (0.59ns)   --->   "store i20 %tmp_data_0_V, i20* %data_in_V_addr, align 4" [firmware/nnet_utils/nnet_recurrent.h:673]   --->   Operation 59 'store' <Predicate = (!icmp_ln665)> <Delay = 0.59> <Core = "RAM">   --->   Core 37 'RAM' <Latency = 1> <II = 1> <Delay = 0.59> <Storage> <Opcode : 'load' 'store'> <Ports = 2> <Width = 20> <Depth = 3> <RAM>
ST_2 : Operation 60 [1/1] (0.59ns)   --->   "store i20 %tmp_data_1_V, i20* %data_in_V_addr_1, align 4" [firmware/nnet_utils/nnet_recurrent.h:673]   --->   Operation 60 'store' <Predicate = (!icmp_ln665)> <Delay = 0.59> <Core = "RAM">   --->   Core 37 'RAM' <Latency = 1> <II = 1> <Delay = 0.59> <Storage> <Opcode : 'load' 'store'> <Ports = 2> <Width = 20> <Depth = 3> <RAM>
ST_2 : Operation 61 [1/1] (0.00ns)   --->   "ret void" [firmware/nnet_utils/nnet_recurrent.h:704]   --->   Operation 61 'ret' <Predicate = (icmp_ln665)> <Delay = 0.00>

State 3 <SV = 2> <Delay = 0.59>
ST_3 : Operation 62 [1/1] (0.59ns)   --->   "store i20 %tmp_data_2_V, i20* %data_in_V_addr_2, align 4" [firmware/nnet_utils/nnet_recurrent.h:673]   --->   Operation 62 'store' <Predicate = true> <Delay = 0.59> <Core = "RAM">   --->   Core 37 'RAM' <Latency = 1> <II = 1> <Delay = 0.59> <Storage> <Opcode : 'load' 'store'> <Ports = 2> <Width = 20> <Depth = 3> <RAM>

State 4 <SV = 3> <Delay = 0.00>
ST_4 : Operation 63 [2/2] (0.00ns)   --->   "%call_ret = call fastcc { i20, i20, i20, i20, i20, i20, i20, i20, i20, i20, i20, i20, i20, i20, i20, i20, i20, i20, i20, i20, i20, i20, i20, i20, i20, i20, i20, i20, i20, i20, i20, i20 } @"gru_static<ap_fixed<20, 10, 5, 3, 0>, ap_fixed<20, 10, 5, 3, 0>, config2, false>"(i1 %reset_state_0, [3 x i20]* %data_in_V)" [firmware/nnet_utils/nnet_recurrent.h:676]   --->   Operation 63 'call' 'call_ret' <Predicate = true> <Delay = 0.00> <CoreType = "Generic">   --->   Core 0 '' <Latency = 0> <II = 1> <Delay = 1.00> <Generic> <Opcode : >

State 5 <SV = 4> <Delay = 1.45>
ST_5 : Operation 64 [1/1] (0.00ns)   --->   "call void (...)* @_ssdm_op_SpecLoopName([16 x i8]* @p_str49) nounwind" [firmware/nnet_utils/nnet_recurrent.h:665]   --->   Operation 64 'specloopname' <Predicate = true> <Delay = 0.00>
ST_5 : Operation 65 [1/2] (0.00ns)   --->   "%call_ret = call fastcc { i20, i20, i20, i20, i20, i20, i20, i20, i20, i20, i20, i20, i20, i20, i20, i20, i20, i20, i20, i20, i20, i20, i20, i20, i20, i20, i20, i20, i20, i20, i20, i20 } @"gru_static<ap_fixed<20, 10, 5, 3, 0>, ap_fixed<20, 10, 5, 3, 0>, config2, false>"(i1 %reset_state_0, [3 x i20]* %data_in_V)" [firmware/nnet_utils/nnet_recurrent.h:676]   --->   Operation 65 'call' 'call_ret' <Predicate = true> <Delay = 0.00> <CoreType = "Generic">   --->   Core 0 '' <Latency = 0> <II = 1> <Delay = 1.00> <Generic> <Opcode : >
ST_5 : Operation 66 [1/1] (0.00ns)   --->   "%tmp_data_0_V_1 = extractvalue { i20, i20, i20, i20, i20, i20, i20, i20, i20, i20, i20, i20, i20, i20, i20, i20, i20, i20, i20, i20, i20, i20, i20, i20, i20, i20, i20, i20, i20, i20, i20, i20 } %call_ret, 0" [firmware/nnet_utils/nnet_recurrent.h:676]   --->   Operation 66 'extractvalue' 'tmp_data_0_V_1' <Predicate = true> <Delay = 0.00>
ST_5 : Operation 67 [1/1] (0.00ns)   --->   "%tmp_data_1_V_1 = extractvalue { i20, i20, i20, i20, i20, i20, i20, i20, i20, i20, i20, i20, i20, i20, i20, i20, i20, i20, i20, i20, i20, i20, i20, i20, i20, i20, i20, i20, i20, i20, i20, i20 } %call_ret, 1" [firmware/nnet_utils/nnet_recurrent.h:676]   --->   Operation 67 'extractvalue' 'tmp_data_1_V_1' <Predicate = true> <Delay = 0.00>
ST_5 : Operation 68 [1/1] (0.00ns)   --->   "%tmp_data_2_V_1 = extractvalue { i20, i20, i20, i20, i20, i20, i20, i20, i20, i20, i20, i20, i20, i20, i20, i20, i20, i20, i20, i20, i20, i20, i20, i20, i20, i20, i20, i20, i20, i20, i20, i20 } %call_ret, 2" [firmware/nnet_utils/nnet_recurrent.h:676]   --->   Operation 68 'extractvalue' 'tmp_data_2_V_1' <Predicate = true> <Delay = 0.00>
ST_5 : Operation 69 [1/1] (0.00ns)   --->   "%tmp_data_3_V = extractvalue { i20, i20, i20, i20, i20, i20, i20, i20, i20, i20, i20, i20, i20, i20, i20, i20, i20, i20, i20, i20, i20, i20, i20, i20, i20, i20, i20, i20, i20, i20, i20, i20 } %call_ret, 3" [firmware/nnet_utils/nnet_recurrent.h:676]   --->   Operation 69 'extractvalue' 'tmp_data_3_V' <Predicate = true> <Delay = 0.00>
ST_5 : Operation 70 [1/1] (0.00ns)   --->   "%tmp_data_4_V = extractvalue { i20, i20, i20, i20, i20, i20, i20, i20, i20, i20, i20, i20, i20, i20, i20, i20, i20, i20, i20, i20, i20, i20, i20, i20, i20, i20, i20, i20, i20, i20, i20, i20 } %call_ret, 4" [firmware/nnet_utils/nnet_recurrent.h:676]   --->   Operation 70 'extractvalue' 'tmp_data_4_V' <Predicate = true> <Delay = 0.00>
ST_5 : Operation 71 [1/1] (0.00ns)   --->   "%tmp_data_5_V = extractvalue { i20, i20, i20, i20, i20, i20, i20, i20, i20, i20, i20, i20, i20, i20, i20, i20, i20, i20, i20, i20, i20, i20, i20, i20, i20, i20, i20, i20, i20, i20, i20, i20 } %call_ret, 5" [firmware/nnet_utils/nnet_recurrent.h:676]   --->   Operation 71 'extractvalue' 'tmp_data_5_V' <Predicate = true> <Delay = 0.00>
ST_5 : Operation 72 [1/1] (0.00ns)   --->   "%tmp_data_6_V = extractvalue { i20, i20, i20, i20, i20, i20, i20, i20, i20, i20, i20, i20, i20, i20, i20, i20, i20, i20, i20, i20, i20, i20, i20, i20, i20, i20, i20, i20, i20, i20, i20, i20 } %call_ret, 6" [firmware/nnet_utils/nnet_recurrent.h:676]   --->   Operation 72 'extractvalue' 'tmp_data_6_V' <Predicate = true> <Delay = 0.00>
ST_5 : Operation 73 [1/1] (0.00ns)   --->   "%tmp_data_7_V = extractvalue { i20, i20, i20, i20, i20, i20, i20, i20, i20, i20, i20, i20, i20, i20, i20, i20, i20, i20, i20, i20, i20, i20, i20, i20, i20, i20, i20, i20, i20, i20, i20, i20 } %call_ret, 7" [firmware/nnet_utils/nnet_recurrent.h:676]   --->   Operation 73 'extractvalue' 'tmp_data_7_V' <Predicate = true> <Delay = 0.00>
ST_5 : Operation 74 [1/1] (0.00ns)   --->   "%tmp_data_8_V = extractvalue { i20, i20, i20, i20, i20, i20, i20, i20, i20, i20, i20, i20, i20, i20, i20, i20, i20, i20, i20, i20, i20, i20, i20, i20, i20, i20, i20, i20, i20, i20, i20, i20 } %call_ret, 8" [firmware/nnet_utils/nnet_recurrent.h:676]   --->   Operation 74 'extractvalue' 'tmp_data_8_V' <Predicate = true> <Delay = 0.00>
ST_5 : Operation 75 [1/1] (0.00ns)   --->   "%tmp_data_9_V = extractvalue { i20, i20, i20, i20, i20, i20, i20, i20, i20, i20, i20, i20, i20, i20, i20, i20, i20, i20, i20, i20, i20, i20, i20, i20, i20, i20, i20, i20, i20, i20, i20, i20 } %call_ret, 9" [firmware/nnet_utils/nnet_recurrent.h:676]   --->   Operation 75 'extractvalue' 'tmp_data_9_V' <Predicate = true> <Delay = 0.00>
ST_5 : Operation 76 [1/1] (0.00ns)   --->   "%tmp_data_10_V = extractvalue { i20, i20, i20, i20, i20, i20, i20, i20, i20, i20, i20, i20, i20, i20, i20, i20, i20, i20, i20, i20, i20, i20, i20, i20, i20, i20, i20, i20, i20, i20, i20, i20 } %call_ret, 10" [firmware/nnet_utils/nnet_recurrent.h:676]   --->   Operation 76 'extractvalue' 'tmp_data_10_V' <Predicate = true> <Delay = 0.00>
ST_5 : Operation 77 [1/1] (0.00ns)   --->   "%tmp_data_11_V = extractvalue { i20, i20, i20, i20, i20, i20, i20, i20, i20, i20, i20, i20, i20, i20, i20, i20, i20, i20, i20, i20, i20, i20, i20, i20, i20, i20, i20, i20, i20, i20, i20, i20 } %call_ret, 11" [firmware/nnet_utils/nnet_recurrent.h:676]   --->   Operation 77 'extractvalue' 'tmp_data_11_V' <Predicate = true> <Delay = 0.00>
ST_5 : Operation 78 [1/1] (0.00ns)   --->   "%tmp_data_12_V = extractvalue { i20, i20, i20, i20, i20, i20, i20, i20, i20, i20, i20, i20, i20, i20, i20, i20, i20, i20, i20, i20, i20, i20, i20, i20, i20, i20, i20, i20, i20, i20, i20, i20 } %call_ret, 12" [firmware/nnet_utils/nnet_recurrent.h:676]   --->   Operation 78 'extractvalue' 'tmp_data_12_V' <Predicate = true> <Delay = 0.00>
ST_5 : Operation 79 [1/1] (0.00ns)   --->   "%tmp_data_13_V = extractvalue { i20, i20, i20, i20, i20, i20, i20, i20, i20, i20, i20, i20, i20, i20, i20, i20, i20, i20, i20, i20, i20, i20, i20, i20, i20, i20, i20, i20, i20, i20, i20, i20 } %call_ret, 13" [firmware/nnet_utils/nnet_recurrent.h:676]   --->   Operation 79 'extractvalue' 'tmp_data_13_V' <Predicate = true> <Delay = 0.00>
ST_5 : Operation 80 [1/1] (0.00ns)   --->   "%tmp_data_14_V = extractvalue { i20, i20, i20, i20, i20, i20, i20, i20, i20, i20, i20, i20, i20, i20, i20, i20, i20, i20, i20, i20, i20, i20, i20, i20, i20, i20, i20, i20, i20, i20, i20, i20 } %call_ret, 14" [firmware/nnet_utils/nnet_recurrent.h:676]   --->   Operation 80 'extractvalue' 'tmp_data_14_V' <Predicate = true> <Delay = 0.00>
ST_5 : Operation 81 [1/1] (0.00ns)   --->   "%tmp_data_15_V = extractvalue { i20, i20, i20, i20, i20, i20, i20, i20, i20, i20, i20, i20, i20, i20, i20, i20, i20, i20, i20, i20, i20, i20, i20, i20, i20, i20, i20, i20, i20, i20, i20, i20 } %call_ret, 15" [firmware/nnet_utils/nnet_recurrent.h:676]   --->   Operation 81 'extractvalue' 'tmp_data_15_V' <Predicate = true> <Delay = 0.00>
ST_5 : Operation 82 [1/1] (0.00ns)   --->   "%tmp_data_16_V = extractvalue { i20, i20, i20, i20, i20, i20, i20, i20, i20, i20, i20, i20, i20, i20, i20, i20, i20, i20, i20, i20, i20, i20, i20, i20, i20, i20, i20, i20, i20, i20, i20, i20 } %call_ret, 16" [firmware/nnet_utils/nnet_recurrent.h:676]   --->   Operation 82 'extractvalue' 'tmp_data_16_V' <Predicate = true> <Delay = 0.00>
ST_5 : Operation 83 [1/1] (0.00ns)   --->   "%tmp_data_17_V = extractvalue { i20, i20, i20, i20, i20, i20, i20, i20, i20, i20, i20, i20, i20, i20, i20, i20, i20, i20, i20, i20, i20, i20, i20, i20, i20, i20, i20, i20, i20, i20, i20, i20 } %call_ret, 17" [firmware/nnet_utils/nnet_recurrent.h:676]   --->   Operation 83 'extractvalue' 'tmp_data_17_V' <Predicate = true> <Delay = 0.00>
ST_5 : Operation 84 [1/1] (0.00ns)   --->   "%tmp_data_18_V = extractvalue { i20, i20, i20, i20, i20, i20, i20, i20, i20, i20, i20, i20, i20, i20, i20, i20, i20, i20, i20, i20, i20, i20, i20, i20, i20, i20, i20, i20, i20, i20, i20, i20 } %call_ret, 18" [firmware/nnet_utils/nnet_recurrent.h:676]   --->   Operation 84 'extractvalue' 'tmp_data_18_V' <Predicate = true> <Delay = 0.00>
ST_5 : Operation 85 [1/1] (0.00ns)   --->   "%tmp_data_19_V = extractvalue { i20, i20, i20, i20, i20, i20, i20, i20, i20, i20, i20, i20, i20, i20, i20, i20, i20, i20, i20, i20, i20, i20, i20, i20, i20, i20, i20, i20, i20, i20, i20, i20 } %call_ret, 19" [firmware/nnet_utils/nnet_recurrent.h:676]   --->   Operation 85 'extractvalue' 'tmp_data_19_V' <Predicate = true> <Delay = 0.00>
ST_5 : Operation 86 [1/1] (0.00ns)   --->   "%tmp_data_20_V = extractvalue { i20, i20, i20, i20, i20, i20, i20, i20, i20, i20, i20, i20, i20, i20, i20, i20, i20, i20, i20, i20, i20, i20, i20, i20, i20, i20, i20, i20, i20, i20, i20, i20 } %call_ret, 20" [firmware/nnet_utils/nnet_recurrent.h:676]   --->   Operation 86 'extractvalue' 'tmp_data_20_V' <Predicate = true> <Delay = 0.00>
ST_5 : Operation 87 [1/1] (0.00ns)   --->   "%tmp_data_21_V = extractvalue { i20, i20, i20, i20, i20, i20, i20, i20, i20, i20, i20, i20, i20, i20, i20, i20, i20, i20, i20, i20, i20, i20, i20, i20, i20, i20, i20, i20, i20, i20, i20, i20 } %call_ret, 21" [firmware/nnet_utils/nnet_recurrent.h:676]   --->   Operation 87 'extractvalue' 'tmp_data_21_V' <Predicate = true> <Delay = 0.00>
ST_5 : Operation 88 [1/1] (0.00ns)   --->   "%tmp_data_22_V = extractvalue { i20, i20, i20, i20, i20, i20, i20, i20, i20, i20, i20, i20, i20, i20, i20, i20, i20, i20, i20, i20, i20, i20, i20, i20, i20, i20, i20, i20, i20, i20, i20, i20 } %call_ret, 22" [firmware/nnet_utils/nnet_recurrent.h:676]   --->   Operation 88 'extractvalue' 'tmp_data_22_V' <Predicate = true> <Delay = 0.00>
ST_5 : Operation 89 [1/1] (0.00ns)   --->   "%tmp_data_23_V = extractvalue { i20, i20, i20, i20, i20, i20, i20, i20, i20, i20, i20, i20, i20, i20, i20, i20, i20, i20, i20, i20, i20, i20, i20, i20, i20, i20, i20, i20, i20, i20, i20, i20 } %call_ret, 23" [firmware/nnet_utils/nnet_recurrent.h:676]   --->   Operation 89 'extractvalue' 'tmp_data_23_V' <Predicate = true> <Delay = 0.00>
ST_5 : Operation 90 [1/1] (0.00ns)   --->   "%tmp_data_24_V = extractvalue { i20, i20, i20, i20, i20, i20, i20, i20, i20, i20, i20, i20, i20, i20, i20, i20, i20, i20, i20, i20, i20, i20, i20, i20, i20, i20, i20, i20, i20, i20, i20, i20 } %call_ret, 24" [firmware/nnet_utils/nnet_recurrent.h:676]   --->   Operation 90 'extractvalue' 'tmp_data_24_V' <Predicate = true> <Delay = 0.00>
ST_5 : Operation 91 [1/1] (0.00ns)   --->   "%tmp_data_25_V = extractvalue { i20, i20, i20, i20, i20, i20, i20, i20, i20, i20, i20, i20, i20, i20, i20, i20, i20, i20, i20, i20, i20, i20, i20, i20, i20, i20, i20, i20, i20, i20, i20, i20 } %call_ret, 25" [firmware/nnet_utils/nnet_recurrent.h:676]   --->   Operation 91 'extractvalue' 'tmp_data_25_V' <Predicate = true> <Delay = 0.00>
ST_5 : Operation 92 [1/1] (0.00ns)   --->   "%tmp_data_26_V = extractvalue { i20, i20, i20, i20, i20, i20, i20, i20, i20, i20, i20, i20, i20, i20, i20, i20, i20, i20, i20, i20, i20, i20, i20, i20, i20, i20, i20, i20, i20, i20, i20, i20 } %call_ret, 26" [firmware/nnet_utils/nnet_recurrent.h:676]   --->   Operation 92 'extractvalue' 'tmp_data_26_V' <Predicate = true> <Delay = 0.00>
ST_5 : Operation 93 [1/1] (0.00ns)   --->   "%tmp_data_27_V = extractvalue { i20, i20, i20, i20, i20, i20, i20, i20, i20, i20, i20, i20, i20, i20, i20, i20, i20, i20, i20, i20, i20, i20, i20, i20, i20, i20, i20, i20, i20, i20, i20, i20 } %call_ret, 27" [firmware/nnet_utils/nnet_recurrent.h:676]   --->   Operation 93 'extractvalue' 'tmp_data_27_V' <Predicate = true> <Delay = 0.00>
ST_5 : Operation 94 [1/1] (0.00ns)   --->   "%tmp_data_28_V = extractvalue { i20, i20, i20, i20, i20, i20, i20, i20, i20, i20, i20, i20, i20, i20, i20, i20, i20, i20, i20, i20, i20, i20, i20, i20, i20, i20, i20, i20, i20, i20, i20, i20 } %call_ret, 28" [firmware/nnet_utils/nnet_recurrent.h:676]   --->   Operation 94 'extractvalue' 'tmp_data_28_V' <Predicate = true> <Delay = 0.00>
ST_5 : Operation 95 [1/1] (0.00ns)   --->   "%tmp_data_29_V = extractvalue { i20, i20, i20, i20, i20, i20, i20, i20, i20, i20, i20, i20, i20, i20, i20, i20, i20, i20, i20, i20, i20, i20, i20, i20, i20, i20, i20, i20, i20, i20, i20, i20 } %call_ret, 29" [firmware/nnet_utils/nnet_recurrent.h:676]   --->   Operation 95 'extractvalue' 'tmp_data_29_V' <Predicate = true> <Delay = 0.00>
ST_5 : Operation 96 [1/1] (0.00ns)   --->   "%tmp_data_30_V = extractvalue { i20, i20, i20, i20, i20, i20, i20, i20, i20, i20, i20, i20, i20, i20, i20, i20, i20, i20, i20, i20, i20, i20, i20, i20, i20, i20, i20, i20, i20, i20, i20, i20 } %call_ret, 30" [firmware/nnet_utils/nnet_recurrent.h:676]   --->   Operation 96 'extractvalue' 'tmp_data_30_V' <Predicate = true> <Delay = 0.00>
ST_5 : Operation 97 [1/1] (0.00ns)   --->   "%tmp_data_31_V = extractvalue { i20, i20, i20, i20, i20, i20, i20, i20, i20, i20, i20, i20, i20, i20, i20, i20, i20, i20, i20, i20, i20, i20, i20, i20, i20, i20, i20, i20, i20, i20, i20, i20 } %call_ret, 31" [firmware/nnet_utils/nnet_recurrent.h:676]   --->   Operation 97 'extractvalue' 'tmp_data_31_V' <Predicate = true> <Delay = 0.00>
ST_5 : Operation 98 [1/1] (1.45ns)   --->   "call void @_ssdm_op_Write.ap_fifo.volatile.i20P.i20P.i20P.i20P.i20P.i20P.i20P.i20P.i20P.i20P.i20P.i20P.i20P.i20P.i20P.i20P.i20P.i20P.i20P.i20P.i20P.i20P.i20P.i20P.i20P.i20P.i20P.i20P.i20P.i20P.i20P.i20P(i20* %res_stream_V_data_0_V, i20* %res_stream_V_data_1_V, i20* %res_stream_V_data_2_V, i20* %res_stream_V_data_3_V, i20* %res_stream_V_data_4_V, i20* %res_stream_V_data_5_V, i20* %res_stream_V_data_6_V, i20* %res_stream_V_data_7_V, i20* %res_stream_V_data_8_V, i20* %res_stream_V_data_9_V, i20* %res_stream_V_data_10_V, i20* %res_stream_V_data_11_V, i20* %res_stream_V_data_12_V, i20* %res_stream_V_data_13_V, i20* %res_stream_V_data_14_V, i20* %res_stream_V_data_15_V, i20* %res_stream_V_data_16_V, i20* %res_stream_V_data_17_V, i20* %res_stream_V_data_18_V, i20* %res_stream_V_data_19_V, i20* %res_stream_V_data_20_V, i20* %res_stream_V_data_21_V, i20* %res_stream_V_data_22_V, i20* %res_stream_V_data_23_V, i20* %res_stream_V_data_24_V, i20* %res_stream_V_data_25_V, i20* %res_stream_V_data_26_V, i20* %res_stream_V_data_27_V, i20* %res_stream_V_data_28_V, i20* %res_stream_V_data_29_V, i20* %res_stream_V_data_30_V, i20* %res_stream_V_data_31_V, i20 %tmp_data_0_V_1, i20 %tmp_data_1_V_1, i20 %tmp_data_2_V_1, i20 %tmp_data_3_V, i20 %tmp_data_4_V, i20 %tmp_data_5_V, i20 %tmp_data_6_V, i20 %tmp_data_7_V, i20 %tmp_data_8_V, i20 %tmp_data_9_V, i20 %tmp_data_10_V, i20 %tmp_data_11_V, i20 %tmp_data_12_V, i20 %tmp_data_13_V, i20 %tmp_data_14_V, i20 %tmp_data_15_V, i20 %tmp_data_16_V, i20 %tmp_data_17_V, i20 %tmp_data_18_V, i20 %tmp_data_19_V, i20 %tmp_data_20_V, i20 %tmp_data_21_V, i20 %tmp_data_22_V, i20 %tmp_data_23_V, i20 %tmp_data_24_V, i20 %tmp_data_25_V, i20 %tmp_data_26_V, i20 %tmp_data_27_V, i20 %tmp_data_28_V, i20 %tmp_data_29_V, i20 %tmp_data_30_V, i20 %tmp_data_31_V)" [firmware/nnet_utils/nnet_recurrent.h:689]   --->   Operation 98 'write' <Predicate = true> <Delay = 1.45> <Core = "FIFO">   --->   Core 32 'FIFO' <Latency = 0> <II = 1> <Delay = 1.45> <Storage> <Opcode : 'read' 'write' 'nbread' 'nbwrite'> <Ports = 0> <Width = 20> <Depth = 1> <FIFO>
ST_5 : Operation 99 [1/1] (0.00ns)   --->   "br label %.preheader" [firmware/nnet_utils/nnet_recurrent.h:665]   --->   Operation 99 'br' <Predicate = true> <Delay = 0.00>


============================================================
+ Verbose Summary: Timing violations
============================================================
Target clock period: 5ns, clock uncertainty: 0.625ns.

 <State 1>: 0.603ns
The critical path consists of the following:
	multiplexor before 'phi' operation ('reset_state_0') [115]  (0.603 ns)

 <State 2>: 0.6ns
The critical path consists of the following:
	'phi' operation ('i_in') with incoming values : ('i_in', firmware/nnet_utils/nnet_recurrent.h:665) [116]  (0 ns)
	'icmp' operation ('icmp_ln665', firmware/nnet_utils/nnet_recurrent.h:665) [117]  (0.6 ns)

 <State 3>: 0.594ns
The critical path consists of the following:
	'store' operation ('store_ln673', firmware/nnet_utils/nnet_recurrent.h:673) of variable 'tmp.data[2].V', firmware/nnet_utils/nnet_recurrent.h:669 on array 'data_in.V', firmware/nnet_utils/nnet_recurrent.h:661 [132]  (0.594 ns)

 <State 4>: 0ns
The critical path consists of the following:

 <State 5>: 1.46ns
The critical path consists of the following:
	'call' operation ('call_ret', firmware/nnet_utils/nnet_recurrent.h:676) to 'gru_static<ap_fixed<20, 10, 5, 3, 0>, ap_fixed<20, 10, 5, 3, 0>, config2, false>' [133]  (0 ns)
	fifo write on port 'res_stream_V_data_0_V' (firmware/nnet_utils/nnet_recurrent.h:689) [166]  (1.46 ns)


============================================================
+ Verbose Summary: Binding
============================================================
N/A
* FSMD analyzer results:
  - Output states:
 - Input state : 
  - Chain level:
	State 1
	State 2
	State 3
	State 4
	State 5


============================================================
+ Verbose Summary: Datapath Resource usage 
============================================================
N/A
