

================================================================
== Vivado HLS Report for 'relu_array_ap_fixed_16u_array_ap_fixed_20_10_5_3_0_16u_relu_config9_s'
================================================================
* Date:           Thu Nov 13 13:59:10 2025

* Version:        2019.1 (Build 2552052 on Fri May 24 15:28:33 MDT 2019)
* Project:        myproject_prj
* Solution:       solution1
* Product family: virtexuplus
* Target device:  xcu280-fsvh2892-2L-e


================================================================
== Performance Estimates
================================================================
+ Timing (ns): 
    * Summary: 
    +--------+-------+----------+------------+
    |  Clock | Target| Estimated| Uncertainty|
    +--------+-------+----------+------------+
    |ap_clk  |   5.00|     4.264|        0.62|
    +--------+-------+----------+------------+

+ Latency (clock cycles): 
    * Summary: 
    +-----+-----+-----+-----+----------+
    |  Latency  |  Interval | Pipeline |
    | min | max | min | max |   Type   |
    +-----+-----+-----+-----+----------+
    |    0|    0|    1|    1| function |
    +-----+-----+-----+-----+----------+

    + Detail: 
        * Instance: 
        N/A

        * Loop: 
        N/A

============================================================
+ Verbose Summary: Synthesis Manager
============================================================
InlineROM: 1
ExposeGlobal: 0
============================================================
+ Verbose Summary: CDFG Model
============================================================
IsTopModel: 0
ResetActiveHigh: 1
IsCombinational: 2
IsDatapathOnly: 0
HasWiredReturn: 1
HasMFsm: 2
HasVarLatency: 0
IsPipeline: 1
IsRtlPipelined: 0
IsInstanceOverlapped: 0
IsDontTouch: 0
HasImplIP: 0
IsGatedGlobalClock: 0

+ Individual pipeline summary: 
  * Pipeline-0: initiation interval (II) = 1, depth = 1


============================================================
+ Verbose Summary: Schedule
============================================================
* Number of FSM states : 1
* Pipeline : 1
  Pipeline-0 : II = 1, D = 1, States = { 1 }
* Dataflow Pipeline: 0

* FSM state transitions: 
1 --> 

* FSM state operations: 

State 1 <SV = 0> <Delay = 4.26>
ST_1 : Operation 2 [1/1] (0.00ns)   --->   "call void (...)* @_ssdm_op_SpecInterface(i20* %res_V_data_15_V, [8 x i8]* @ap_fifo_str, i32 0, i32 0, [1 x i8]* @p_str1178, i32 0, i32 0, [1 x i8]* @p_str1179, [1 x i8]* @p_str1180, [1 x i8]* @p_str1181, i32 2, i32 2, i32 16, i32 16, [1 x i8]* @p_str1182, [1 x i8]* @p_str1183)"   --->   Operation 2 'specinterface' <Predicate = true> <Delay = 0.00>
ST_1 : Operation 3 [1/1] (0.00ns)   --->   "call void (...)* @_ssdm_op_SpecInterface(i20* %res_V_data_14_V, [8 x i8]* @ap_fifo_str, i32 0, i32 0, [1 x i8]* @p_str1171, i32 0, i32 0, [1 x i8]* @p_str1172, [1 x i8]* @p_str1173, [1 x i8]* @p_str1174, i32 2, i32 2, i32 16, i32 16, [1 x i8]* @p_str1175, [1 x i8]* @p_str1176)"   --->   Operation 3 'specinterface' <Predicate = true> <Delay = 0.00>
ST_1 : Operation 4 [1/1] (0.00ns)   --->   "call void (...)* @_ssdm_op_SpecInterface(i20* %res_V_data_13_V, [8 x i8]* @ap_fifo_str, i32 0, i32 0, [1 x i8]* @p_str1164, i32 0, i32 0, [1 x i8]* @p_str1165, [1 x i8]* @p_str1166, [1 x i8]* @p_str1167, i32 2, i32 2, i32 16, i32 16, [1 x i8]* @p_str1168, [1 x i8]* @p_str1169)"   --->   Operation 4 'specinterface' <Predicate = true> <Delay = 0.00>
ST_1 : Operation 5 [1/1] (0.00ns)   --->   "call void (...)* @_ssdm_op_SpecInterface(i20* %res_V_data_12_V, [8 x i8]* @ap_fifo_str, i32 0, i32 0, [1 x i8]* @p_str1157, i32 0, i32 0, [1 x i8]* @p_str1158, [1 x i8]* @p_str1159, [1 x i8]* @p_str1160, i32 2, i32 2, i32 16, i32 16, [1 x i8]* @p_str1161, [1 x i8]* @p_str1162)"   --->   Operation 5 'specinterface' <Predicate = true> <Delay = 0.00>
ST_1 : Operation 6 [1/1] (0.00ns)   --->   "call void (...)* @_ssdm_op_SpecInterface(i20* %res_V_data_11_V, [8 x i8]* @ap_fifo_str, i32 0, i32 0, [1 x i8]* @p_str1150, i32 0, i32 0, [1 x i8]* @p_str1151, [1 x i8]* @p_str1152, [1 x i8]* @p_str1153, i32 2, i32 2, i32 16, i32 16, [1 x i8]* @p_str1154, [1 x i8]* @p_str1155)"   --->   Operation 6 'specinterface' <Predicate = true> <Delay = 0.00>
ST_1 : Operation 7 [1/1] (0.00ns)   --->   "call void (...)* @_ssdm_op_SpecInterface(i20* %res_V_data_10_V, [8 x i8]* @ap_fifo_str, i32 0, i32 0, [1 x i8]* @p_str1143, i32 0, i32 0, [1 x i8]* @p_str1144, [1 x i8]* @p_str1145, [1 x i8]* @p_str1146, i32 2, i32 2, i32 16, i32 16, [1 x i8]* @p_str1147, [1 x i8]* @p_str1148)"   --->   Operation 7 'specinterface' <Predicate = true> <Delay = 0.00>
ST_1 : Operation 8 [1/1] (0.00ns)   --->   "call void (...)* @_ssdm_op_SpecInterface(i20* %res_V_data_9_V, [8 x i8]* @ap_fifo_str, i32 0, i32 0, [1 x i8]* @p_str1136, i32 0, i32 0, [1 x i8]* @p_str1137, [1 x i8]* @p_str1138, [1 x i8]* @p_str1139, i32 2, i32 2, i32 16, i32 16, [1 x i8]* @p_str1140, [1 x i8]* @p_str1141)"   --->   Operation 8 'specinterface' <Predicate = true> <Delay = 0.00>
ST_1 : Operation 9 [1/1] (0.00ns)   --->   "call void (...)* @_ssdm_op_SpecInterface(i20* %res_V_data_8_V, [8 x i8]* @ap_fifo_str, i32 0, i32 0, [1 x i8]* @p_str1129, i32 0, i32 0, [1 x i8]* @p_str1130, [1 x i8]* @p_str1131, [1 x i8]* @p_str1132, i32 2, i32 2, i32 16, i32 16, [1 x i8]* @p_str1133, [1 x i8]* @p_str1134)"   --->   Operation 9 'specinterface' <Predicate = true> <Delay = 0.00>
ST_1 : Operation 10 [1/1] (0.00ns)   --->   "call void (...)* @_ssdm_op_SpecInterface(i20* %res_V_data_7_V, [8 x i8]* @ap_fifo_str, i32 0, i32 0, [1 x i8]* @p_str1122, i32 0, i32 0, [1 x i8]* @p_str1123, [1 x i8]* @p_str1124, [1 x i8]* @p_str1125, i32 2, i32 2, i32 16, i32 16, [1 x i8]* @p_str1126, [1 x i8]* @p_str1127)"   --->   Operation 10 'specinterface' <Predicate = true> <Delay = 0.00>
ST_1 : Operation 11 [1/1] (0.00ns)   --->   "call void (...)* @_ssdm_op_SpecInterface(i20* %res_V_data_6_V, [8 x i8]* @ap_fifo_str, i32 0, i32 0, [1 x i8]* @p_str1115, i32 0, i32 0, [1 x i8]* @p_str1116, [1 x i8]* @p_str1117, [1 x i8]* @p_str1118, i32 2, i32 2, i32 16, i32 16, [1 x i8]* @p_str1119, [1 x i8]* @p_str1120)"   --->   Operation 11 'specinterface' <Predicate = true> <Delay = 0.00>
ST_1 : Operation 12 [1/1] (0.00ns)   --->   "call void (...)* @_ssdm_op_SpecInterface(i20* %res_V_data_5_V, [8 x i8]* @ap_fifo_str, i32 0, i32 0, [1 x i8]* @p_str1108, i32 0, i32 0, [1 x i8]* @p_str1109, [1 x i8]* @p_str1110, [1 x i8]* @p_str1111, i32 2, i32 2, i32 16, i32 16, [1 x i8]* @p_str1112, [1 x i8]* @p_str1113)"   --->   Operation 12 'specinterface' <Predicate = true> <Delay = 0.00>
ST_1 : Operation 13 [1/1] (0.00ns)   --->   "call void (...)* @_ssdm_op_SpecInterface(i20* %res_V_data_4_V, [8 x i8]* @ap_fifo_str, i32 0, i32 0, [1 x i8]* @p_str1101, i32 0, i32 0, [1 x i8]* @p_str1102, [1 x i8]* @p_str1103, [1 x i8]* @p_str1104, i32 2, i32 2, i32 16, i32 16, [1 x i8]* @p_str1105, [1 x i8]* @p_str1106)"   --->   Operation 13 'specinterface' <Predicate = true> <Delay = 0.00>
ST_1 : Operation 14 [1/1] (0.00ns)   --->   "call void (...)* @_ssdm_op_SpecInterface(i20* %res_V_data_3_V, [8 x i8]* @ap_fifo_str, i32 0, i32 0, [1 x i8]* @p_str1094, i32 0, i32 0, [1 x i8]* @p_str1095, [1 x i8]* @p_str1096, [1 x i8]* @p_str1097, i32 2, i32 2, i32 16, i32 16, [1 x i8]* @p_str1098, [1 x i8]* @p_str1099)"   --->   Operation 14 'specinterface' <Predicate = true> <Delay = 0.00>
ST_1 : Operation 15 [1/1] (0.00ns)   --->   "call void (...)* @_ssdm_op_SpecInterface(i20* %res_V_data_2_V, [8 x i8]* @ap_fifo_str, i32 0, i32 0, [1 x i8]* @p_str1087, i32 0, i32 0, [1 x i8]* @p_str1088, [1 x i8]* @p_str1089, [1 x i8]* @p_str1090, i32 2, i32 2, i32 16, i32 16, [1 x i8]* @p_str1091, [1 x i8]* @p_str1092)"   --->   Operation 15 'specinterface' <Predicate = true> <Delay = 0.00>
ST_1 : Operation 16 [1/1] (0.00ns)   --->   "call void (...)* @_ssdm_op_SpecInterface(i20* %res_V_data_1_V, [8 x i8]* @ap_fifo_str, i32 0, i32 0, [1 x i8]* @p_str1080, i32 0, i32 0, [1 x i8]* @p_str1081, [1 x i8]* @p_str1082, [1 x i8]* @p_str1083, i32 2, i32 2, i32 16, i32 16, [1 x i8]* @p_str1084, [1 x i8]* @p_str1085)"   --->   Operation 16 'specinterface' <Predicate = true> <Delay = 0.00>
ST_1 : Operation 17 [1/1] (0.00ns)   --->   "call void (...)* @_ssdm_op_SpecInterface(i20* %res_V_data_0_V, [8 x i8]* @ap_fifo_str, i32 0, i32 0, [1 x i8]* @p_str1073, i32 0, i32 0, [1 x i8]* @p_str1074, [1 x i8]* @p_str1075, [1 x i8]* @p_str1076, i32 2, i32 2, i32 16, i32 16, [1 x i8]* @p_str1077, [1 x i8]* @p_str1078)"   --->   Operation 17 'specinterface' <Predicate = true> <Delay = 0.00>
ST_1 : Operation 18 [1/1] (0.00ns)   --->   "call void (...)* @_ssdm_op_SpecInterface(i46* %data_V_data_15_V, [8 x i8]* @ap_fifo_str, i32 0, i32 0, [1 x i8]* @p_str1066, i32 0, i32 0, [1 x i8]* @p_str1067, [1 x i8]* @p_str1068, [1 x i8]* @p_str1069, i32 2, i32 2, i32 16, i32 16, [1 x i8]* @p_str1070, [1 x i8]* @p_str1071)"   --->   Operation 18 'specinterface' <Predicate = true> <Delay = 0.00>
ST_1 : Operation 19 [1/1] (0.00ns)   --->   "call void (...)* @_ssdm_op_SpecInterface(i46* %data_V_data_14_V, [8 x i8]* @ap_fifo_str, i32 0, i32 0, [1 x i8]* @p_str1059, i32 0, i32 0, [1 x i8]* @p_str1060, [1 x i8]* @p_str1061, [1 x i8]* @p_str1062, i32 2, i32 2, i32 16, i32 16, [1 x i8]* @p_str1063, [1 x i8]* @p_str1064)"   --->   Operation 19 'specinterface' <Predicate = true> <Delay = 0.00>
ST_1 : Operation 20 [1/1] (0.00ns)   --->   "call void (...)* @_ssdm_op_SpecInterface(i46* %data_V_data_13_V, [8 x i8]* @ap_fifo_str, i32 0, i32 0, [1 x i8]* @p_str1052, i32 0, i32 0, [1 x i8]* @p_str1053, [1 x i8]* @p_str1054, [1 x i8]* @p_str1055, i32 2, i32 2, i32 16, i32 16, [1 x i8]* @p_str1056, [1 x i8]* @p_str1057)"   --->   Operation 20 'specinterface' <Predicate = true> <Delay = 0.00>
ST_1 : Operation 21 [1/1] (0.00ns)   --->   "call void (...)* @_ssdm_op_SpecInterface(i46* %data_V_data_12_V, [8 x i8]* @ap_fifo_str, i32 0, i32 0, [1 x i8]* @p_str1045, i32 0, i32 0, [1 x i8]* @p_str1046, [1 x i8]* @p_str1047, [1 x i8]* @p_str1048, i32 2, i32 2, i32 16, i32 16, [1 x i8]* @p_str1049, [1 x i8]* @p_str1050)"   --->   Operation 21 'specinterface' <Predicate = true> <Delay = 0.00>
ST_1 : Operation 22 [1/1] (0.00ns)   --->   "call void (...)* @_ssdm_op_SpecInterface(i46* %data_V_data_11_V, [8 x i8]* @ap_fifo_str, i32 0, i32 0, [1 x i8]* @p_str1038, i32 0, i32 0, [1 x i8]* @p_str1039, [1 x i8]* @p_str1040, [1 x i8]* @p_str1041, i32 2, i32 2, i32 16, i32 16, [1 x i8]* @p_str1042, [1 x i8]* @p_str1043)"   --->   Operation 22 'specinterface' <Predicate = true> <Delay = 0.00>
ST_1 : Operation 23 [1/1] (0.00ns)   --->   "call void (...)* @_ssdm_op_SpecInterface(i46* %data_V_data_10_V, [8 x i8]* @ap_fifo_str, i32 0, i32 0, [1 x i8]* @p_str1031, i32 0, i32 0, [1 x i8]* @p_str1032, [1 x i8]* @p_str1033, [1 x i8]* @p_str1034, i32 2, i32 2, i32 16, i32 16, [1 x i8]* @p_str1035, [1 x i8]* @p_str1036)"   --->   Operation 23 'specinterface' <Predicate = true> <Delay = 0.00>
ST_1 : Operation 24 [1/1] (0.00ns)   --->   "call void (...)* @_ssdm_op_SpecInterface(i46* %data_V_data_9_V, [8 x i8]* @ap_fifo_str, i32 0, i32 0, [1 x i8]* @p_str1024, i32 0, i32 0, [1 x i8]* @p_str1025, [1 x i8]* @p_str1026, [1 x i8]* @p_str1027, i32 2, i32 2, i32 16, i32 16, [1 x i8]* @p_str1028, [1 x i8]* @p_str1029)"   --->   Operation 24 'specinterface' <Predicate = true> <Delay = 0.00>
ST_1 : Operation 25 [1/1] (0.00ns)   --->   "call void (...)* @_ssdm_op_SpecInterface(i46* %data_V_data_8_V, [8 x i8]* @ap_fifo_str, i32 0, i32 0, [1 x i8]* @p_str1017, i32 0, i32 0, [1 x i8]* @p_str1018, [1 x i8]* @p_str1019, [1 x i8]* @p_str1020, i32 2, i32 2, i32 16, i32 16, [1 x i8]* @p_str1021, [1 x i8]* @p_str1022)"   --->   Operation 25 'specinterface' <Predicate = true> <Delay = 0.00>
ST_1 : Operation 26 [1/1] (0.00ns)   --->   "call void (...)* @_ssdm_op_SpecInterface(i46* %data_V_data_7_V, [8 x i8]* @ap_fifo_str, i32 0, i32 0, [1 x i8]* @p_str1010, i32 0, i32 0, [1 x i8]* @p_str1011, [1 x i8]* @p_str1012, [1 x i8]* @p_str1013, i32 2, i32 2, i32 16, i32 16, [1 x i8]* @p_str1014, [1 x i8]* @p_str1015)"   --->   Operation 26 'specinterface' <Predicate = true> <Delay = 0.00>
ST_1 : Operation 27 [1/1] (0.00ns)   --->   "call void (...)* @_ssdm_op_SpecInterface(i46* %data_V_data_6_V, [8 x i8]* @ap_fifo_str, i32 0, i32 0, [1 x i8]* @p_str1003, i32 0, i32 0, [1 x i8]* @p_str1004, [1 x i8]* @p_str1005, [1 x i8]* @p_str1006, i32 2, i32 2, i32 16, i32 16, [1 x i8]* @p_str1007, [1 x i8]* @p_str1008)"   --->   Operation 27 'specinterface' <Predicate = true> <Delay = 0.00>
ST_1 : Operation 28 [1/1] (0.00ns)   --->   "call void (...)* @_ssdm_op_SpecInterface(i46* %data_V_data_5_V, [8 x i8]* @ap_fifo_str, i32 0, i32 0, [1 x i8]* @p_str996, i32 0, i32 0, [1 x i8]* @p_str997, [1 x i8]* @p_str998, [1 x i8]* @p_str999, i32 2, i32 2, i32 16, i32 16, [1 x i8]* @p_str1000, [1 x i8]* @p_str1001)"   --->   Operation 28 'specinterface' <Predicate = true> <Delay = 0.00>
ST_1 : Operation 29 [1/1] (0.00ns)   --->   "call void (...)* @_ssdm_op_SpecInterface(i46* %data_V_data_4_V, [8 x i8]* @ap_fifo_str, i32 0, i32 0, [1 x i8]* @p_str989, i32 0, i32 0, [1 x i8]* @p_str990, [1 x i8]* @p_str991, [1 x i8]* @p_str992, i32 2, i32 2, i32 16, i32 16, [1 x i8]* @p_str993, [1 x i8]* @p_str994)"   --->   Operation 29 'specinterface' <Predicate = true> <Delay = 0.00>
ST_1 : Operation 30 [1/1] (0.00ns)   --->   "call void (...)* @_ssdm_op_SpecInterface(i46* %data_V_data_3_V, [8 x i8]* @ap_fifo_str, i32 0, i32 0, [1 x i8]* @p_str982, i32 0, i32 0, [1 x i8]* @p_str983, [1 x i8]* @p_str984, [1 x i8]* @p_str985, i32 2, i32 2, i32 16, i32 16, [1 x i8]* @p_str986, [1 x i8]* @p_str987)"   --->   Operation 30 'specinterface' <Predicate = true> <Delay = 0.00>
ST_1 : Operation 31 [1/1] (0.00ns)   --->   "call void (...)* @_ssdm_op_SpecInterface(i46* %data_V_data_2_V, [8 x i8]* @ap_fifo_str, i32 0, i32 0, [1 x i8]* @p_str975, i32 0, i32 0, [1 x i8]* @p_str976, [1 x i8]* @p_str977, [1 x i8]* @p_str978, i32 2, i32 2, i32 16, i32 16, [1 x i8]* @p_str979, [1 x i8]* @p_str980)"   --->   Operation 31 'specinterface' <Predicate = true> <Delay = 0.00>
ST_1 : Operation 32 [1/1] (0.00ns)   --->   "call void (...)* @_ssdm_op_SpecInterface(i46* %data_V_data_1_V, [8 x i8]* @ap_fifo_str, i32 0, i32 0, [1 x i8]* @p_str968, i32 0, i32 0, [1 x i8]* @p_str969, [1 x i8]* @p_str970, [1 x i8]* @p_str971, i32 2, i32 2, i32 16, i32 16, [1 x i8]* @p_str972, [1 x i8]* @p_str973)"   --->   Operation 32 'specinterface' <Predicate = true> <Delay = 0.00>
ST_1 : Operation 33 [1/1] (0.00ns)   --->   "call void (...)* @_ssdm_op_SpecInterface(i46* %data_V_data_0_V, [8 x i8]* @ap_fifo_str, i32 0, i32 0, [1 x i8]* @p_str961, i32 0, i32 0, [1 x i8]* @p_str962, [1 x i8]* @p_str963, [1 x i8]* @p_str964, i32 2, i32 2, i32 16, i32 16, [1 x i8]* @p_str965, [1 x i8]* @p_str966)"   --->   Operation 33 'specinterface' <Predicate = true> <Delay = 0.00>
ST_1 : Operation 34 [1/1] (0.00ns)   --->   "call void (...)* @_ssdm_op_SpecLoopName([12 x i8]* @p_str40) nounwind" [firmware/nnet_utils/nnet_activation_stream.h:41]   --->   Operation 34 'specloopname' <Predicate = true> <Delay = 0.00>
ST_1 : Operation 35 [1/1] (0.00ns)   --->   "%tmp = call i32 (...)* @_ssdm_op_SpecRegionBegin([12 x i8]* @p_str40)" [firmware/nnet_utils/nnet_activation_stream.h:41]   --->   Operation 35 'specregionbegin' 'tmp' <Predicate = true> <Delay = 0.00>
ST_1 : Operation 36 [1/1] (0.00ns)   --->   "call void (...)* @_ssdm_op_SpecPipeline(i32 -1, i32 1, i32 1, i32 0, [1 x i8]* @p_str12) nounwind" [firmware/nnet_utils/nnet_activation_stream.h:42]   --->   Operation 36 'specpipeline' <Predicate = true> <Delay = 0.00>
ST_1 : Operation 37 [1/1] (1.45ns)   --->   "%empty = call { i46, i46, i46, i46, i46, i46, i46, i46, i46, i46, i46, i46, i46, i46, i46, i46 } @_ssdm_op_Read.ap_fifo.volatile.i46P.i46P.i46P.i46P.i46P.i46P.i46P.i46P.i46P.i46P.i46P.i46P.i46P.i46P.i46P.i46P(i46* %data_V_data_0_V, i46* %data_V_data_1_V, i46* %data_V_data_2_V, i46* %data_V_data_3_V, i46* %data_V_data_4_V, i46* %data_V_data_5_V, i46* %data_V_data_6_V, i46* %data_V_data_7_V, i46* %data_V_data_8_V, i46* %data_V_data_9_V, i46* %data_V_data_10_V, i46* %data_V_data_11_V, i46* %data_V_data_12_V, i46* %data_V_data_13_V, i46* %data_V_data_14_V, i46* %data_V_data_15_V)" [firmware/nnet_utils/nnet_activation_stream.h:44]   --->   Operation 37 'read' 'empty' <Predicate = true> <Delay = 1.45> <Core = "FIFO">   --->   Core 32 'FIFO' <Latency = 0> <II = 1> <Delay = 1.45> <Storage> <Opcode : 'read' 'write' 'nbread' 'nbwrite'> <Ports = 0> <Width = 20> <Depth = 1> <FIFO>
ST_1 : Operation 38 [1/1] (0.00ns)   --->   "%tmp_data_V_6_0 = extractvalue { i46, i46, i46, i46, i46, i46, i46, i46, i46, i46, i46, i46, i46, i46, i46, i46 } %empty, 0" [firmware/nnet_utils/nnet_activation_stream.h:44]   --->   Operation 38 'extractvalue' 'tmp_data_V_6_0' <Predicate = true> <Delay = 0.00>
ST_1 : Operation 39 [1/1] (0.00ns)   --->   "%tmp_data_V_6_1 = extractvalue { i46, i46, i46, i46, i46, i46, i46, i46, i46, i46, i46, i46, i46, i46, i46, i46 } %empty, 1" [firmware/nnet_utils/nnet_activation_stream.h:44]   --->   Operation 39 'extractvalue' 'tmp_data_V_6_1' <Predicate = true> <Delay = 0.00>
ST_1 : Operation 40 [1/1] (0.00ns)   --->   "%tmp_data_V_6_2 = extractvalue { i46, i46, i46, i46, i46, i46, i46, i46, i46, i46, i46, i46, i46, i46, i46, i46 } %empty, 2" [firmware/nnet_utils/nnet_activation_stream.h:44]   --->   Operation 40 'extractvalue' 'tmp_data_V_6_2' <Predicate = true> <Delay = 0.00>
ST_1 : Operation 41 [1/1] (0.00ns)   --->   "%tmp_data_V_6_3 = extractvalue { i46, i46, i46, i46, i46, i46, i46, i46, i46, i46, i46, i46, i46, i46, i46, i46 } %empty, 3" [firmware/nnet_utils/nnet_activation_stream.h:44]   --->   Operation 41 'extractvalue' 'tmp_data_V_6_3' <Predicate = true> <Delay = 0.00>
ST_1 : Operation 42 [1/1] (0.00ns)   --->   "%tmp_data_V_6_4 = extractvalue { i46, i46, i46, i46, i46, i46, i46, i46, i46, i46, i46, i46, i46, i46, i46, i46 } %empty, 4" [firmware/nnet_utils/nnet_activation_stream.h:44]   --->   Operation 42 'extractvalue' 'tmp_data_V_6_4' <Predicate = true> <Delay = 0.00>
ST_1 : Operation 43 [1/1] (0.00ns)   --->   "%tmp_data_V_6_5 = extractvalue { i46, i46, i46, i46, i46, i46, i46, i46, i46, i46, i46, i46, i46, i46, i46, i46 } %empty, 5" [firmware/nnet_utils/nnet_activation_stream.h:44]   --->   Operation 43 'extractvalue' 'tmp_data_V_6_5' <Predicate = true> <Delay = 0.00>
ST_1 : Operation 44 [1/1] (0.00ns)   --->   "%tmp_data_V_6_6 = extractvalue { i46, i46, i46, i46, i46, i46, i46, i46, i46, i46, i46, i46, i46, i46, i46, i46 } %empty, 6" [firmware/nnet_utils/nnet_activation_stream.h:44]   --->   Operation 44 'extractvalue' 'tmp_data_V_6_6' <Predicate = true> <Delay = 0.00>
ST_1 : Operation 45 [1/1] (0.00ns)   --->   "%tmp_data_V_6_7 = extractvalue { i46, i46, i46, i46, i46, i46, i46, i46, i46, i46, i46, i46, i46, i46, i46, i46 } %empty, 7" [firmware/nnet_utils/nnet_activation_stream.h:44]   --->   Operation 45 'extractvalue' 'tmp_data_V_6_7' <Predicate = true> <Delay = 0.00>
ST_1 : Operation 46 [1/1] (0.00ns)   --->   "%tmp_data_V_6_8 = extractvalue { i46, i46, i46, i46, i46, i46, i46, i46, i46, i46, i46, i46, i46, i46, i46, i46 } %empty, 8" [firmware/nnet_utils/nnet_activation_stream.h:44]   --->   Operation 46 'extractvalue' 'tmp_data_V_6_8' <Predicate = true> <Delay = 0.00>
ST_1 : Operation 47 [1/1] (0.00ns)   --->   "%tmp_data_V_6_9 = extractvalue { i46, i46, i46, i46, i46, i46, i46, i46, i46, i46, i46, i46, i46, i46, i46, i46 } %empty, 9" [firmware/nnet_utils/nnet_activation_stream.h:44]   --->   Operation 47 'extractvalue' 'tmp_data_V_6_9' <Predicate = true> <Delay = 0.00>
ST_1 : Operation 48 [1/1] (0.00ns)   --->   "%tmp_data_V_6_10 = extractvalue { i46, i46, i46, i46, i46, i46, i46, i46, i46, i46, i46, i46, i46, i46, i46, i46 } %empty, 10" [firmware/nnet_utils/nnet_activation_stream.h:44]   --->   Operation 48 'extractvalue' 'tmp_data_V_6_10' <Predicate = true> <Delay = 0.00>
ST_1 : Operation 49 [1/1] (0.00ns)   --->   "%tmp_data_V_6_11 = extractvalue { i46, i46, i46, i46, i46, i46, i46, i46, i46, i46, i46, i46, i46, i46, i46, i46 } %empty, 11" [firmware/nnet_utils/nnet_activation_stream.h:44]   --->   Operation 49 'extractvalue' 'tmp_data_V_6_11' <Predicate = true> <Delay = 0.00>
ST_1 : Operation 50 [1/1] (0.00ns)   --->   "%tmp_data_V_6_12 = extractvalue { i46, i46, i46, i46, i46, i46, i46, i46, i46, i46, i46, i46, i46, i46, i46, i46 } %empty, 12" [firmware/nnet_utils/nnet_activation_stream.h:44]   --->   Operation 50 'extractvalue' 'tmp_data_V_6_12' <Predicate = true> <Delay = 0.00>
ST_1 : Operation 51 [1/1] (0.00ns)   --->   "%tmp_data_V_6_13 = extractvalue { i46, i46, i46, i46, i46, i46, i46, i46, i46, i46, i46, i46, i46, i46, i46, i46 } %empty, 13" [firmware/nnet_utils/nnet_activation_stream.h:44]   --->   Operation 51 'extractvalue' 'tmp_data_V_6_13' <Predicate = true> <Delay = 0.00>
ST_1 : Operation 52 [1/1] (0.00ns)   --->   "%tmp_data_V_6_14 = extractvalue { i46, i46, i46, i46, i46, i46, i46, i46, i46, i46, i46, i46, i46, i46, i46, i46 } %empty, 14" [firmware/nnet_utils/nnet_activation_stream.h:44]   --->   Operation 52 'extractvalue' 'tmp_data_V_6_14' <Predicate = true> <Delay = 0.00>
ST_1 : Operation 53 [1/1] (0.00ns)   --->   "%tmp_data_V_6_15 = extractvalue { i46, i46, i46, i46, i46, i46, i46, i46, i46, i46, i46, i46, i46, i46, i46, i46 } %empty, 15" [firmware/nnet_utils/nnet_activation_stream.h:44]   --->   Operation 53 'extractvalue' 'tmp_data_V_6_15' <Predicate = true> <Delay = 0.00>
ST_1 : Operation 54 [1/1] (1.00ns)   --->   "%icmp_ln1494 = icmp sgt i46 %tmp_data_V_6_0, 0" [firmware/nnet_utils/nnet_activation_stream.h:51]   --->   Operation 54 'icmp' 'icmp_ln1494' <Predicate = true> <Delay = 1.00> <Core = "Cmp">   --->   Core 25 'Cmp' <Latency = 0> <II = 1> <Delay = 1.00> <FuncUnit> <Opcode : 'icmp'> <InPorts = 2> <OutPorts = 1>
ST_1 : Operation 55 [1/1] (0.00ns)   --->   "%trunc_ln = call i20 @_ssdm_op_PartSelect.i20.i46.i32.i32(i46 %tmp_data_V_6_0, i32 10, i32 29)" [firmware/nnet_utils/nnet_activation_stream.h:52]   --->   Operation 55 'partselect' 'trunc_ln' <Predicate = (icmp_ln1494)> <Delay = 0.00>
ST_1 : Operation 56 [1/1] (1.00ns)   --->   "%icmp_ln1494_1 = icmp sgt i46 %tmp_data_V_6_1, 0" [firmware/nnet_utils/nnet_activation_stream.h:51]   --->   Operation 56 'icmp' 'icmp_ln1494_1' <Predicate = true> <Delay = 1.00> <Core = "Cmp">   --->   Core 25 'Cmp' <Latency = 0> <II = 1> <Delay = 1.00> <FuncUnit> <Opcode : 'icmp'> <InPorts = 2> <OutPorts = 1>
ST_1 : Operation 57 [1/1] (0.00ns)   --->   "%trunc_ln708_1 = call i20 @_ssdm_op_PartSelect.i20.i46.i32.i32(i46 %tmp_data_V_6_1, i32 10, i32 29)" [firmware/nnet_utils/nnet_activation_stream.h:52]   --->   Operation 57 'partselect' 'trunc_ln708_1' <Predicate = (icmp_ln1494_1)> <Delay = 0.00>
ST_1 : Operation 58 [1/1] (1.00ns)   --->   "%icmp_ln1494_2 = icmp sgt i46 %tmp_data_V_6_2, 0" [firmware/nnet_utils/nnet_activation_stream.h:51]   --->   Operation 58 'icmp' 'icmp_ln1494_2' <Predicate = true> <Delay = 1.00> <Core = "Cmp">   --->   Core 25 'Cmp' <Latency = 0> <II = 1> <Delay = 1.00> <FuncUnit> <Opcode : 'icmp'> <InPorts = 2> <OutPorts = 1>
ST_1 : Operation 59 [1/1] (0.00ns)   --->   "%trunc_ln708_2 = call i20 @_ssdm_op_PartSelect.i20.i46.i32.i32(i46 %tmp_data_V_6_2, i32 10, i32 29)" [firmware/nnet_utils/nnet_activation_stream.h:52]   --->   Operation 59 'partselect' 'trunc_ln708_2' <Predicate = (icmp_ln1494_2)> <Delay = 0.00>
ST_1 : Operation 60 [1/1] (1.00ns)   --->   "%icmp_ln1494_3 = icmp sgt i46 %tmp_data_V_6_3, 0" [firmware/nnet_utils/nnet_activation_stream.h:51]   --->   Operation 60 'icmp' 'icmp_ln1494_3' <Predicate = true> <Delay = 1.00> <Core = "Cmp">   --->   Core 25 'Cmp' <Latency = 0> <II = 1> <Delay = 1.00> <FuncUnit> <Opcode : 'icmp'> <InPorts = 2> <OutPorts = 1>
ST_1 : Operation 61 [1/1] (0.00ns)   --->   "%trunc_ln708_3 = call i20 @_ssdm_op_PartSelect.i20.i46.i32.i32(i46 %tmp_data_V_6_3, i32 10, i32 29)" [firmware/nnet_utils/nnet_activation_stream.h:52]   --->   Operation 61 'partselect' 'trunc_ln708_3' <Predicate = (icmp_ln1494_3)> <Delay = 0.00>
ST_1 : Operation 62 [1/1] (1.00ns)   --->   "%icmp_ln1494_4 = icmp sgt i46 %tmp_data_V_6_4, 0" [firmware/nnet_utils/nnet_activation_stream.h:51]   --->   Operation 62 'icmp' 'icmp_ln1494_4' <Predicate = true> <Delay = 1.00> <Core = "Cmp">   --->   Core 25 'Cmp' <Latency = 0> <II = 1> <Delay = 1.00> <FuncUnit> <Opcode : 'icmp'> <InPorts = 2> <OutPorts = 1>
ST_1 : Operation 63 [1/1] (0.00ns)   --->   "%trunc_ln708_4 = call i20 @_ssdm_op_PartSelect.i20.i46.i32.i32(i46 %tmp_data_V_6_4, i32 10, i32 29)" [firmware/nnet_utils/nnet_activation_stream.h:52]   --->   Operation 63 'partselect' 'trunc_ln708_4' <Predicate = (icmp_ln1494_4)> <Delay = 0.00>
ST_1 : Operation 64 [1/1] (1.00ns)   --->   "%icmp_ln1494_5 = icmp sgt i46 %tmp_data_V_6_5, 0" [firmware/nnet_utils/nnet_activation_stream.h:51]   --->   Operation 64 'icmp' 'icmp_ln1494_5' <Predicate = true> <Delay = 1.00> <Core = "Cmp">   --->   Core 25 'Cmp' <Latency = 0> <II = 1> <Delay = 1.00> <FuncUnit> <Opcode : 'icmp'> <InPorts = 2> <OutPorts = 1>
ST_1 : Operation 65 [1/1] (0.00ns)   --->   "%trunc_ln708_5 = call i20 @_ssdm_op_PartSelect.i20.i46.i32.i32(i46 %tmp_data_V_6_5, i32 10, i32 29)" [firmware/nnet_utils/nnet_activation_stream.h:52]   --->   Operation 65 'partselect' 'trunc_ln708_5' <Predicate = (icmp_ln1494_5)> <Delay = 0.00>
ST_1 : Operation 66 [1/1] (1.00ns)   --->   "%icmp_ln1494_6 = icmp sgt i46 %tmp_data_V_6_6, 0" [firmware/nnet_utils/nnet_activation_stream.h:51]   --->   Operation 66 'icmp' 'icmp_ln1494_6' <Predicate = true> <Delay = 1.00> <Core = "Cmp">   --->   Core 25 'Cmp' <Latency = 0> <II = 1> <Delay = 1.00> <FuncUnit> <Opcode : 'icmp'> <InPorts = 2> <OutPorts = 1>
ST_1 : Operation 67 [1/1] (0.00ns)   --->   "%trunc_ln708_6 = call i20 @_ssdm_op_PartSelect.i20.i46.i32.i32(i46 %tmp_data_V_6_6, i32 10, i32 29)" [firmware/nnet_utils/nnet_activation_stream.h:52]   --->   Operation 67 'partselect' 'trunc_ln708_6' <Predicate = (icmp_ln1494_6)> <Delay = 0.00>
ST_1 : Operation 68 [1/1] (1.00ns)   --->   "%icmp_ln1494_7 = icmp sgt i46 %tmp_data_V_6_7, 0" [firmware/nnet_utils/nnet_activation_stream.h:51]   --->   Operation 68 'icmp' 'icmp_ln1494_7' <Predicate = true> <Delay = 1.00> <Core = "Cmp">   --->   Core 25 'Cmp' <Latency = 0> <II = 1> <Delay = 1.00> <FuncUnit> <Opcode : 'icmp'> <InPorts = 2> <OutPorts = 1>
ST_1 : Operation 69 [1/1] (0.00ns)   --->   "%trunc_ln708_7 = call i20 @_ssdm_op_PartSelect.i20.i46.i32.i32(i46 %tmp_data_V_6_7, i32 10, i32 29)" [firmware/nnet_utils/nnet_activation_stream.h:52]   --->   Operation 69 'partselect' 'trunc_ln708_7' <Predicate = (icmp_ln1494_7)> <Delay = 0.00>
ST_1 : Operation 70 [1/1] (1.00ns)   --->   "%icmp_ln1494_8 = icmp sgt i46 %tmp_data_V_6_8, 0" [firmware/nnet_utils/nnet_activation_stream.h:51]   --->   Operation 70 'icmp' 'icmp_ln1494_8' <Predicate = true> <Delay = 1.00> <Core = "Cmp">   --->   Core 25 'Cmp' <Latency = 0> <II = 1> <Delay = 1.00> <FuncUnit> <Opcode : 'icmp'> <InPorts = 2> <OutPorts = 1>
ST_1 : Operation 71 [1/1] (0.00ns)   --->   "%trunc_ln708_8 = call i20 @_ssdm_op_PartSelect.i20.i46.i32.i32(i46 %tmp_data_V_6_8, i32 10, i32 29)" [firmware/nnet_utils/nnet_activation_stream.h:52]   --->   Operation 71 'partselect' 'trunc_ln708_8' <Predicate = (icmp_ln1494_8)> <Delay = 0.00>
ST_1 : Operation 72 [1/1] (1.00ns)   --->   "%icmp_ln1494_9 = icmp sgt i46 %tmp_data_V_6_9, 0" [firmware/nnet_utils/nnet_activation_stream.h:51]   --->   Operation 72 'icmp' 'icmp_ln1494_9' <Predicate = true> <Delay = 1.00> <Core = "Cmp">   --->   Core 25 'Cmp' <Latency = 0> <II = 1> <Delay = 1.00> <FuncUnit> <Opcode : 'icmp'> <InPorts = 2> <OutPorts = 1>
ST_1 : Operation 73 [1/1] (0.00ns)   --->   "%trunc_ln708_9 = call i20 @_ssdm_op_PartSelect.i20.i46.i32.i32(i46 %tmp_data_V_6_9, i32 10, i32 29)" [firmware/nnet_utils/nnet_activation_stream.h:52]   --->   Operation 73 'partselect' 'trunc_ln708_9' <Predicate = (icmp_ln1494_9)> <Delay = 0.00>
ST_1 : Operation 74 [1/1] (1.00ns)   --->   "%icmp_ln1494_10 = icmp sgt i46 %tmp_data_V_6_10, 0" [firmware/nnet_utils/nnet_activation_stream.h:51]   --->   Operation 74 'icmp' 'icmp_ln1494_10' <Predicate = true> <Delay = 1.00> <Core = "Cmp">   --->   Core 25 'Cmp' <Latency = 0> <II = 1> <Delay = 1.00> <FuncUnit> <Opcode : 'icmp'> <InPorts = 2> <OutPorts = 1>
ST_1 : Operation 75 [1/1] (0.00ns)   --->   "%trunc_ln708_10 = call i20 @_ssdm_op_PartSelect.i20.i46.i32.i32(i46 %tmp_data_V_6_10, i32 10, i32 29)" [firmware/nnet_utils/nnet_activation_stream.h:52]   --->   Operation 75 'partselect' 'trunc_ln708_10' <Predicate = (icmp_ln1494_10)> <Delay = 0.00>
ST_1 : Operation 76 [1/1] (1.00ns)   --->   "%icmp_ln1494_11 = icmp sgt i46 %tmp_data_V_6_11, 0" [firmware/nnet_utils/nnet_activation_stream.h:51]   --->   Operation 76 'icmp' 'icmp_ln1494_11' <Predicate = true> <Delay = 1.00> <Core = "Cmp">   --->   Core 25 'Cmp' <Latency = 0> <II = 1> <Delay = 1.00> <FuncUnit> <Opcode : 'icmp'> <InPorts = 2> <OutPorts = 1>
ST_1 : Operation 77 [1/1] (0.00ns)   --->   "%trunc_ln708_11 = call i20 @_ssdm_op_PartSelect.i20.i46.i32.i32(i46 %tmp_data_V_6_11, i32 10, i32 29)" [firmware/nnet_utils/nnet_activation_stream.h:52]   --->   Operation 77 'partselect' 'trunc_ln708_11' <Predicate = (icmp_ln1494_11)> <Delay = 0.00>
ST_1 : Operation 78 [1/1] (1.00ns)   --->   "%icmp_ln1494_12 = icmp sgt i46 %tmp_data_V_6_12, 0" [firmware/nnet_utils/nnet_activation_stream.h:51]   --->   Operation 78 'icmp' 'icmp_ln1494_12' <Predicate = true> <Delay = 1.00> <Core = "Cmp">   --->   Core 25 'Cmp' <Latency = 0> <II = 1> <Delay = 1.00> <FuncUnit> <Opcode : 'icmp'> <InPorts = 2> <OutPorts = 1>
ST_1 : Operation 79 [1/1] (0.00ns)   --->   "%trunc_ln708_12 = call i20 @_ssdm_op_PartSelect.i20.i46.i32.i32(i46 %tmp_data_V_6_12, i32 10, i32 29)" [firmware/nnet_utils/nnet_activation_stream.h:52]   --->   Operation 79 'partselect' 'trunc_ln708_12' <Predicate = (icmp_ln1494_12)> <Delay = 0.00>
ST_1 : Operation 80 [1/1] (1.00ns)   --->   "%icmp_ln1494_13 = icmp sgt i46 %tmp_data_V_6_13, 0" [firmware/nnet_utils/nnet_activation_stream.h:51]   --->   Operation 80 'icmp' 'icmp_ln1494_13' <Predicate = true> <Delay = 1.00> <Core = "Cmp">   --->   Core 25 'Cmp' <Latency = 0> <II = 1> <Delay = 1.00> <FuncUnit> <Opcode : 'icmp'> <InPorts = 2> <OutPorts = 1>
ST_1 : Operation 81 [1/1] (0.00ns)   --->   "%trunc_ln708_13 = call i20 @_ssdm_op_PartSelect.i20.i46.i32.i32(i46 %tmp_data_V_6_13, i32 10, i32 29)" [firmware/nnet_utils/nnet_activation_stream.h:52]   --->   Operation 81 'partselect' 'trunc_ln708_13' <Predicate = (icmp_ln1494_13)> <Delay = 0.00>
ST_1 : Operation 82 [1/1] (1.00ns)   --->   "%icmp_ln1494_14 = icmp sgt i46 %tmp_data_V_6_14, 0" [firmware/nnet_utils/nnet_activation_stream.h:51]   --->   Operation 82 'icmp' 'icmp_ln1494_14' <Predicate = true> <Delay = 1.00> <Core = "Cmp">   --->   Core 25 'Cmp' <Latency = 0> <II = 1> <Delay = 1.00> <FuncUnit> <Opcode : 'icmp'> <InPorts = 2> <OutPorts = 1>
ST_1 : Operation 83 [1/1] (0.00ns)   --->   "%trunc_ln708_14 = call i20 @_ssdm_op_PartSelect.i20.i46.i32.i32(i46 %tmp_data_V_6_14, i32 10, i32 29)" [firmware/nnet_utils/nnet_activation_stream.h:52]   --->   Operation 83 'partselect' 'trunc_ln708_14' <Predicate = (icmp_ln1494_14)> <Delay = 0.00>
ST_1 : Operation 84 [1/1] (1.00ns)   --->   "%icmp_ln1494_15 = icmp sgt i46 %tmp_data_V_6_15, 0" [firmware/nnet_utils/nnet_activation_stream.h:51]   --->   Operation 84 'icmp' 'icmp_ln1494_15' <Predicate = true> <Delay = 1.00> <Core = "Cmp">   --->   Core 25 'Cmp' <Latency = 0> <II = 1> <Delay = 1.00> <FuncUnit> <Opcode : 'icmp'> <InPorts = 2> <OutPorts = 1>
ST_1 : Operation 85 [1/1] (0.00ns)   --->   "%trunc_ln708_15 = call i20 @_ssdm_op_PartSelect.i20.i46.i32.i32(i46 %tmp_data_V_6_15, i32 10, i32 29)" [firmware/nnet_utils/nnet_activation_stream.h:52]   --->   Operation 85 'partselect' 'trunc_ln708_15' <Predicate = (icmp_ln1494_15)> <Delay = 0.00>
ST_1 : Operation 86 [1/1] (0.34ns)   --->   "%tmp_data_0_V = select i1 %icmp_ln1494, i20 %trunc_ln, i20 0" [firmware/nnet_utils/nnet_activation_stream.h:51]   --->   Operation 86 'select' 'tmp_data_0_V' <Predicate = true> <Delay = 0.34> <Core = "Sel">   --->   Core 26 'Sel' <Latency = 0> <II = 1> <Delay = 0.34> <FuncUnit> <Opcode : 'select'> <InPorts = 3> <OutPorts = 1>
ST_1 : Operation 87 [1/1] (0.34ns)   --->   "%tmp_data_1_V = select i1 %icmp_ln1494_1, i20 %trunc_ln708_1, i20 0" [firmware/nnet_utils/nnet_activation_stream.h:51]   --->   Operation 87 'select' 'tmp_data_1_V' <Predicate = true> <Delay = 0.34> <Core = "Sel">   --->   Core 26 'Sel' <Latency = 0> <II = 1> <Delay = 0.34> <FuncUnit> <Opcode : 'select'> <InPorts = 3> <OutPorts = 1>
ST_1 : Operation 88 [1/1] (0.34ns)   --->   "%tmp_data_2_V = select i1 %icmp_ln1494_2, i20 %trunc_ln708_2, i20 0" [firmware/nnet_utils/nnet_activation_stream.h:51]   --->   Operation 88 'select' 'tmp_data_2_V' <Predicate = true> <Delay = 0.34> <Core = "Sel">   --->   Core 26 'Sel' <Latency = 0> <II = 1> <Delay = 0.34> <FuncUnit> <Opcode : 'select'> <InPorts = 3> <OutPorts = 1>
ST_1 : Operation 89 [1/1] (0.34ns)   --->   "%tmp_data_3_V = select i1 %icmp_ln1494_3, i20 %trunc_ln708_3, i20 0" [firmware/nnet_utils/nnet_activation_stream.h:51]   --->   Operation 89 'select' 'tmp_data_3_V' <Predicate = true> <Delay = 0.34> <Core = "Sel">   --->   Core 26 'Sel' <Latency = 0> <II = 1> <Delay = 0.34> <FuncUnit> <Opcode : 'select'> <InPorts = 3> <OutPorts = 1>
ST_1 : Operation 90 [1/1] (0.34ns)   --->   "%tmp_data_4_V = select i1 %icmp_ln1494_4, i20 %trunc_ln708_4, i20 0" [firmware/nnet_utils/nnet_activation_stream.h:51]   --->   Operation 90 'select' 'tmp_data_4_V' <Predicate = true> <Delay = 0.34> <Core = "Sel">   --->   Core 26 'Sel' <Latency = 0> <II = 1> <Delay = 0.34> <FuncUnit> <Opcode : 'select'> <InPorts = 3> <OutPorts = 1>
ST_1 : Operation 91 [1/1] (0.34ns)   --->   "%tmp_data_5_V = select i1 %icmp_ln1494_5, i20 %trunc_ln708_5, i20 0" [firmware/nnet_utils/nnet_activation_stream.h:51]   --->   Operation 91 'select' 'tmp_data_5_V' <Predicate = true> <Delay = 0.34> <Core = "Sel">   --->   Core 26 'Sel' <Latency = 0> <II = 1> <Delay = 0.34> <FuncUnit> <Opcode : 'select'> <InPorts = 3> <OutPorts = 1>
ST_1 : Operation 92 [1/1] (0.34ns)   --->   "%tmp_data_6_V = select i1 %icmp_ln1494_6, i20 %trunc_ln708_6, i20 0" [firmware/nnet_utils/nnet_activation_stream.h:51]   --->   Operation 92 'select' 'tmp_data_6_V' <Predicate = true> <Delay = 0.34> <Core = "Sel">   --->   Core 26 'Sel' <Latency = 0> <II = 1> <Delay = 0.34> <FuncUnit> <Opcode : 'select'> <InPorts = 3> <OutPorts = 1>
ST_1 : Operation 93 [1/1] (0.34ns)   --->   "%tmp_data_7_V = select i1 %icmp_ln1494_7, i20 %trunc_ln708_7, i20 0" [firmware/nnet_utils/nnet_activation_stream.h:51]   --->   Operation 93 'select' 'tmp_data_7_V' <Predicate = true> <Delay = 0.34> <Core = "Sel">   --->   Core 26 'Sel' <Latency = 0> <II = 1> <Delay = 0.34> <FuncUnit> <Opcode : 'select'> <InPorts = 3> <OutPorts = 1>
ST_1 : Operation 94 [1/1] (0.34ns)   --->   "%tmp_data_8_V = select i1 %icmp_ln1494_8, i20 %trunc_ln708_8, i20 0" [firmware/nnet_utils/nnet_activation_stream.h:51]   --->   Operation 94 'select' 'tmp_data_8_V' <Predicate = true> <Delay = 0.34> <Core = "Sel">   --->   Core 26 'Sel' <Latency = 0> <II = 1> <Delay = 0.34> <FuncUnit> <Opcode : 'select'> <InPorts = 3> <OutPorts = 1>
ST_1 : Operation 95 [1/1] (0.34ns)   --->   "%tmp_data_9_V = select i1 %icmp_ln1494_9, i20 %trunc_ln708_9, i20 0" [firmware/nnet_utils/nnet_activation_stream.h:51]   --->   Operation 95 'select' 'tmp_data_9_V' <Predicate = true> <Delay = 0.34> <Core = "Sel">   --->   Core 26 'Sel' <Latency = 0> <II = 1> <Delay = 0.34> <FuncUnit> <Opcode : 'select'> <InPorts = 3> <OutPorts = 1>
ST_1 : Operation 96 [1/1] (0.34ns)   --->   "%tmp_data_10_V = select i1 %icmp_ln1494_10, i20 %trunc_ln708_10, i20 0" [firmware/nnet_utils/nnet_activation_stream.h:51]   --->   Operation 96 'select' 'tmp_data_10_V' <Predicate = true> <Delay = 0.34> <Core = "Sel">   --->   Core 26 'Sel' <Latency = 0> <II = 1> <Delay = 0.34> <FuncUnit> <Opcode : 'select'> <InPorts = 3> <OutPorts = 1>
ST_1 : Operation 97 [1/1] (0.34ns)   --->   "%tmp_data_11_V = select i1 %icmp_ln1494_11, i20 %trunc_ln708_11, i20 0" [firmware/nnet_utils/nnet_activation_stream.h:51]   --->   Operation 97 'select' 'tmp_data_11_V' <Predicate = true> <Delay = 0.34> <Core = "Sel">   --->   Core 26 'Sel' <Latency = 0> <II = 1> <Delay = 0.34> <FuncUnit> <Opcode : 'select'> <InPorts = 3> <OutPorts = 1>
ST_1 : Operation 98 [1/1] (0.34ns)   --->   "%tmp_data_12_V = select i1 %icmp_ln1494_12, i20 %trunc_ln708_12, i20 0" [firmware/nnet_utils/nnet_activation_stream.h:51]   --->   Operation 98 'select' 'tmp_data_12_V' <Predicate = true> <Delay = 0.34> <Core = "Sel">   --->   Core 26 'Sel' <Latency = 0> <II = 1> <Delay = 0.34> <FuncUnit> <Opcode : 'select'> <InPorts = 3> <OutPorts = 1>
ST_1 : Operation 99 [1/1] (0.34ns)   --->   "%tmp_data_13_V = select i1 %icmp_ln1494_13, i20 %trunc_ln708_13, i20 0" [firmware/nnet_utils/nnet_activation_stream.h:51]   --->   Operation 99 'select' 'tmp_data_13_V' <Predicate = true> <Delay = 0.34> <Core = "Sel">   --->   Core 26 'Sel' <Latency = 0> <II = 1> <Delay = 0.34> <FuncUnit> <Opcode : 'select'> <InPorts = 3> <OutPorts = 1>
ST_1 : Operation 100 [1/1] (0.34ns)   --->   "%tmp_data_14_V = select i1 %icmp_ln1494_14, i20 %trunc_ln708_14, i20 0" [firmware/nnet_utils/nnet_activation_stream.h:51]   --->   Operation 100 'select' 'tmp_data_14_V' <Predicate = true> <Delay = 0.34> <Core = "Sel">   --->   Core 26 'Sel' <Latency = 0> <II = 1> <Delay = 0.34> <FuncUnit> <Opcode : 'select'> <InPorts = 3> <OutPorts = 1>
ST_1 : Operation 101 [1/1] (0.34ns)   --->   "%tmp_data_15_V = select i1 %icmp_ln1494_15, i20 %trunc_ln708_15, i20 0" [firmware/nnet_utils/nnet_activation_stream.h:51]   --->   Operation 101 'select' 'tmp_data_15_V' <Predicate = true> <Delay = 0.34> <Core = "Sel">   --->   Core 26 'Sel' <Latency = 0> <II = 1> <Delay = 0.34> <FuncUnit> <Opcode : 'select'> <InPorts = 3> <OutPorts = 1>
ST_1 : Operation 102 [1/1] (1.45ns)   --->   "call void @_ssdm_op_Write.ap_fifo.volatile.i20P.i20P.i20P.i20P.i20P.i20P.i20P.i20P.i20P.i20P.i20P.i20P.i20P.i20P.i20P.i20P(i20* %res_V_data_0_V, i20* %res_V_data_1_V, i20* %res_V_data_2_V, i20* %res_V_data_3_V, i20* %res_V_data_4_V, i20* %res_V_data_5_V, i20* %res_V_data_6_V, i20* %res_V_data_7_V, i20* %res_V_data_8_V, i20* %res_V_data_9_V, i20* %res_V_data_10_V, i20* %res_V_data_11_V, i20* %res_V_data_12_V, i20* %res_V_data_13_V, i20* %res_V_data_14_V, i20* %res_V_data_15_V, i20 %tmp_data_0_V, i20 %tmp_data_1_V, i20 %tmp_data_2_V, i20 %tmp_data_3_V, i20 %tmp_data_4_V, i20 %tmp_data_5_V, i20 %tmp_data_6_V, i20 %tmp_data_7_V, i20 %tmp_data_8_V, i20 %tmp_data_9_V, i20 %tmp_data_10_V, i20 %tmp_data_11_V, i20 %tmp_data_12_V, i20 %tmp_data_13_V, i20 %tmp_data_14_V, i20 %tmp_data_15_V)" [firmware/nnet_utils/nnet_activation_stream.h:57]   --->   Operation 102 'write' <Predicate = true> <Delay = 1.45> <Core = "FIFO">   --->   Core 32 'FIFO' <Latency = 0> <II = 1> <Delay = 1.45> <Storage> <Opcode : 'read' 'write' 'nbread' 'nbwrite'> <Ports = 0> <Width = 20> <Depth = 1> <FIFO>
ST_1 : Operation 103 [1/1] (0.00ns)   --->   "%empty_25 = call i32 (...)* @_ssdm_op_SpecRegionEnd([12 x i8]* @p_str40, i32 %tmp)" [firmware/nnet_utils/nnet_activation_stream.h:58]   --->   Operation 103 'specregionend' 'empty_25' <Predicate = true> <Delay = 0.00>
ST_1 : Operation 104 [1/1] (0.00ns)   --->   "ret void" [firmware/nnet_utils/nnet_activation_stream.h:59]   --->   Operation 104 'ret' <Predicate = true> <Delay = 0.00>


============================================================
+ Verbose Summary: Timing violations
============================================================
Target clock period: 5ns, clock uncertainty: 0.625ns.

 <State 1>: 4.26ns
The critical path consists of the following:
	fifo read on port 'data_V_data_0_V' (firmware/nnet_utils/nnet_activation_stream.h:44) [68]  (1.46 ns)
	'icmp' operation ('icmp_ln1494_2', firmware/nnet_utils/nnet_activation_stream.h:51) [89]  (1 ns)
	'select' operation ('tmp.data[2].V', firmware/nnet_utils/nnet_activation_stream.h:51) [119]  (0.344 ns)
	fifo write on port 'res_V_data_0_V' (firmware/nnet_utils/nnet_activation_stream.h:57) [133]  (1.46 ns)


============================================================
+ Verbose Summary: Binding
============================================================
N/A
* FSMD analyzer results:
  - Output states:
 - Input state : 
  - Chain level:
	State 1


============================================================
+ Verbose Summary: Datapath Resource usage 
============================================================
N/A
