

================================================================
== Vivado HLS Report for 'softmax_argmax_array_array_ap_fixed_20_10_5_3_0_5u_softmax_config12_s'
================================================================
* Date:           Thu Nov 13 13:59:16 2025

* Version:        2019.1 (Build 2552052 on Fri May 24 15:28:33 MDT 2019)
* Project:        myproject_prj
* Solution:       solution1
* Product family: virtexuplus
* Target device:  xcu280-fsvh2892-2L-e


================================================================
== Performance Estimates
================================================================
+ Timing (ns): 
    * Summary: 
    +--------+-------+----------+------------+
    |  Clock | Target| Estimated| Uncertainty|
    +--------+-------+----------+------------+
    |ap_clk  |   5.00|     4.013|        0.62|
    +--------+-------+----------+------------+

+ Latency (clock cycles): 
    * Summary: 
    +-----+-----+-----+-----+----------+
    |  Latency  |  Interval | Pipeline |
    | min | max | min | max |   Type   |
    +-----+-----+-----+-----+----------+
    |    7|    7|    7|    7| function |
    +-----+-----+-----+-----+----------+

    + Detail: 
        * Instance: 
        N/A

        * Loop: 
        N/A

============================================================
+ Verbose Summary: Synthesis Manager
============================================================
InlineROM: 1
ExposeGlobal: 0
============================================================
+ Verbose Summary: CDFG Model
============================================================
IsTopModel: 0
ResetActiveHigh: 1
IsCombinational: 0
IsDatapathOnly: 0
HasWiredReturn: 1
HasMFsm: 2
HasVarLatency: 0
IsPipeline: 1
IsRtlPipelined: 1
IsInstanceOverlapped: 0
IsDontTouch: 0
HasImplIP: 0
IsGatedGlobalClock: 0

+ Individual pipeline summary: 
  * Pipeline-0: initiation interval (II) = 7, depth = 8


============================================================
+ Verbose Summary: Schedule
============================================================
* Number of FSM states : 8
* Pipeline : 1
  Pipeline-0 : II = 7, D = 8, States = { 1 2 3 4 5 6 7 8 }
* Dataflow Pipeline: 0

* FSM state transitions: 
1 --> 2 
2 --> 3 
3 --> 4 
4 --> 5 
5 --> 6 
6 --> 7 
7 --> 8 
8 --> 

* FSM state operations: 

State 1 <SV = 0> <Delay = 1.18>
ST_1 : Operation 9 [1/1] (0.59ns)   --->   "%out_data_data_V = alloca [5 x i13], align 2" [firmware/nnet_utils/nnet_activation_stream.h:328]   --->   Operation 9 'alloca' 'out_data_data_V' <Predicate = true> <Delay = 0.59> <Core = "RAM">   --->   Core 37 'RAM' <Latency = 1> <II = 1> <Delay = 0.59> <Storage> <Opcode : 'load' 'store'> <Ports = 2> <Width = 13> <Depth = 5> <RAM>
ST_1 : Operation 10 [1/1] (0.00ns)   --->   "%out_data_data_V_addr = getelementptr [5 x i13]* %out_data_data_V, i64 0, i64 0" [firmware/nnet_utils/nnet_activation_stream.h:347]   --->   Operation 10 'getelementptr' 'out_data_data_V_addr' <Predicate = true> <Delay = 0.00>
ST_1 : Operation 11 [1/1] (0.00ns)   --->   "%out_data_data_V_addr_1 = getelementptr [5 x i13]* %out_data_data_V, i64 0, i64 1" [firmware/nnet_utils/nnet_activation_stream.h:347]   --->   Operation 11 'getelementptr' 'out_data_data_V_addr_1' <Predicate = true> <Delay = 0.00>
ST_1 : Operation 12 [1/1] (0.59ns)   --->   "store i13 0, i13* %out_data_data_V_addr, align 2" [firmware/nnet_utils/nnet_activation_stream.h:332]   --->   Operation 12 'store' <Predicate = true> <Delay = 0.59> <Core = "RAM">   --->   Core 37 'RAM' <Latency = 1> <II = 1> <Delay = 0.59> <Storage> <Opcode : 'load' 'store'> <Ports = 2> <Width = 13> <Depth = 5> <RAM>
ST_1 : Operation 13 [1/1] (0.59ns)   --->   "store i13 0, i13* %out_data_data_V_addr_1, align 2" [firmware/nnet_utils/nnet_activation_stream.h:332]   --->   Operation 13 'store' <Predicate = true> <Delay = 0.59> <Core = "RAM">   --->   Core 37 'RAM' <Latency = 1> <II = 1> <Delay = 0.59> <Storage> <Opcode : 'load' 'store'> <Ports = 2> <Width = 13> <Depth = 5> <RAM>

State 2 <SV = 1> <Delay = 0.59>
ST_2 : Operation 14 [1/1] (0.00ns)   --->   "%out_data_data_V_addr_2 = getelementptr [5 x i13]* %out_data_data_V, i64 0, i64 2" [firmware/nnet_utils/nnet_activation_stream.h:347]   --->   Operation 14 'getelementptr' 'out_data_data_V_addr_2' <Predicate = true> <Delay = 0.00>
ST_2 : Operation 15 [1/1] (0.00ns)   --->   "%out_data_data_V_addr_3 = getelementptr [5 x i13]* %out_data_data_V, i64 0, i64 3" [firmware/nnet_utils/nnet_activation_stream.h:347]   --->   Operation 15 'getelementptr' 'out_data_data_V_addr_3' <Predicate = true> <Delay = 0.00>
ST_2 : Operation 16 [1/1] (0.59ns)   --->   "store i13 0, i13* %out_data_data_V_addr_2, align 2" [firmware/nnet_utils/nnet_activation_stream.h:332]   --->   Operation 16 'store' <Predicate = true> <Delay = 0.59> <Core = "RAM">   --->   Core 37 'RAM' <Latency = 1> <II = 1> <Delay = 0.59> <Storage> <Opcode : 'load' 'store'> <Ports = 2> <Width = 13> <Depth = 5> <RAM>
ST_2 : Operation 17 [1/1] (0.59ns)   --->   "store i13 0, i13* %out_data_data_V_addr_3, align 2" [firmware/nnet_utils/nnet_activation_stream.h:332]   --->   Operation 17 'store' <Predicate = true> <Delay = 0.59> <Core = "RAM">   --->   Core 37 'RAM' <Latency = 1> <II = 1> <Delay = 0.59> <Storage> <Opcode : 'load' 'store'> <Ports = 2> <Width = 13> <Depth = 5> <RAM>

State 3 <SV = 2> <Delay = 4.01>
ST_3 : Operation 18 [1/1] (0.00ns)   --->   "%out_data_data_V_addr_4 = getelementptr [5 x i13]* %out_data_data_V, i64 0, i64 4" [firmware/nnet_utils/nnet_activation_stream.h:347]   --->   Operation 18 'getelementptr' 'out_data_data_V_addr_4' <Predicate = true> <Delay = 0.00>
ST_3 : Operation 19 [1/1] (1.45ns)   --->   "%empty = call { i45, i45, i45, i45, i45 } @_ssdm_op_Read.ap_fifo.volatile.i45P.i45P.i45P.i45P.i45P(i45* %data_V_data_0_V, i45* %data_V_data_1_V, i45* %data_V_data_2_V, i45* %data_V_data_3_V, i45* %data_V_data_4_V)" [firmware/nnet_utils/nnet_activation_stream.h:327]   --->   Operation 19 'read' 'empty' <Predicate = true> <Delay = 1.45> <Core = "FIFO">   --->   Core 32 'FIFO' <Latency = 0> <II = 1> <Delay = 1.45> <Storage> <Opcode : 'read' 'write' 'nbread' 'nbwrite'> <Ports = 0> <Width = 45> <Depth = 1> <FIFO>
ST_3 : Operation 20 [1/1] (0.00ns)   --->   "%maximum_V = extractvalue { i45, i45, i45, i45, i45 } %empty, 0" [firmware/nnet_utils/nnet_activation_stream.h:327]   --->   Operation 20 'extractvalue' 'maximum_V' <Predicate = true> <Delay = 0.00>
ST_3 : Operation 21 [1/1] (0.00ns)   --->   "%tmp_data_V_2_1 = extractvalue { i45, i45, i45, i45, i45 } %empty, 1" [firmware/nnet_utils/nnet_activation_stream.h:327]   --->   Operation 21 'extractvalue' 'tmp_data_V_2_1' <Predicate = true> <Delay = 0.00>
ST_3 : Operation 22 [1/1] (0.00ns)   --->   "%tmp_data_V_2_2 = extractvalue { i45, i45, i45, i45, i45 } %empty, 2" [firmware/nnet_utils/nnet_activation_stream.h:327]   --->   Operation 22 'extractvalue' 'tmp_data_V_2_2' <Predicate = true> <Delay = 0.00>
ST_3 : Operation 23 [1/1] (0.00ns)   --->   "%tmp_data_V_2_3 = extractvalue { i45, i45, i45, i45, i45 } %empty, 3" [firmware/nnet_utils/nnet_activation_stream.h:327]   --->   Operation 23 'extractvalue' 'tmp_data_V_2_3' <Predicate = true> <Delay = 0.00>
ST_3 : Operation 24 [1/1] (0.59ns)   --->   "store i13 0, i13* %out_data_data_V_addr_4, align 2" [firmware/nnet_utils/nnet_activation_stream.h:332]   --->   Operation 24 'store' <Predicate = true> <Delay = 0.59> <Core = "RAM">   --->   Core 37 'RAM' <Latency = 1> <II = 1> <Delay = 0.59> <Storage> <Opcode : 'load' 'store'> <Ports = 2> <Width = 13> <Depth = 5> <RAM>
ST_3 : Operation 25 [1/1] (1.01ns)   --->   "%icmp_ln1494 = icmp sgt i45 %tmp_data_V_2_1, %maximum_V" [firmware/nnet_utils/nnet_activation_stream.h:340]   --->   Operation 25 'icmp' 'icmp_ln1494' <Predicate = true> <Delay = 1.01> <Core = "Cmp">   --->   Core 25 'Cmp' <Latency = 0> <II = 1> <Delay = 1.01> <FuncUnit> <Opcode : 'icmp'> <InPorts = 2> <OutPorts = 1>
ST_3 : Operation 26 [1/1] (0.26ns)   --->   "%select_ln340 = select i1 %icmp_ln1494, i45 %tmp_data_V_2_1, i45 %maximum_V" [firmware/nnet_utils/nnet_activation_stream.h:340]   --->   Operation 26 'select' 'select_ln340' <Predicate = true> <Delay = 0.26> <Core = "Sel">   --->   Core 26 'Sel' <Latency = 0> <II = 1> <Delay = 0.27> <FuncUnit> <Opcode : 'select'> <InPorts = 3> <OutPorts = 1>
ST_3 : Operation 27 [1/1] (1.01ns)   --->   "%icmp_ln1494_1 = icmp sgt i45 %tmp_data_V_2_2, %select_ln340" [firmware/nnet_utils/nnet_activation_stream.h:340]   --->   Operation 27 'icmp' 'icmp_ln1494_1' <Predicate = true> <Delay = 1.01> <Core = "Cmp">   --->   Core 25 'Cmp' <Latency = 0> <II = 1> <Delay = 1.01> <FuncUnit> <Opcode : 'icmp'> <InPorts = 2> <OutPorts = 1>
ST_3 : Operation 28 [1/1] (0.26ns)   --->   "%select_ln340_2 = select i1 %icmp_ln1494_1, i45 %tmp_data_V_2_2, i45 %select_ln340" [firmware/nnet_utils/nnet_activation_stream.h:340]   --->   Operation 28 'select' 'select_ln340_2' <Predicate = true> <Delay = 0.26> <Core = "Sel">   --->   Core 26 'Sel' <Latency = 0> <II = 1> <Delay = 0.27> <FuncUnit> <Opcode : 'select'> <InPorts = 3> <OutPorts = 1>

State 4 <SV = 3> <Delay = 2.89>
ST_4 : Operation 29 [1/1] (0.00ns) (grouped into LUT with out node icmp_ln1494_3)   --->   "%tmp_data_V_2_4 = extractvalue { i45, i45, i45, i45, i45 } %empty, 4" [firmware/nnet_utils/nnet_activation_stream.h:327]   --->   Operation 29 'extractvalue' 'tmp_data_V_2_4' <Predicate = true> <Delay = 0.00>
ST_4 : Operation 30 [1/1] (0.00ns) (grouped into LUT with out node select_ln340_6)   --->   "%select_ln340_1 = select i1 %icmp_ln1494_1, i2 -2, i2 1" [firmware/nnet_utils/nnet_activation_stream.h:340]   --->   Operation 30 'select' 'select_ln340_1' <Predicate = true> <Delay = 0.00> <Core = "Sel">   --->   Core 26 'Sel' <Latency = 0> <II = 1> <Delay = 0.27> <FuncUnit> <Opcode : 'select'> <InPorts = 3> <OutPorts = 1>
ST_4 : Operation 31 [1/1] (0.00ns) (grouped into LUT with out node select_ln340_6)   --->   "%or_ln340 = or i1 %icmp_ln1494_1, %icmp_ln1494" [firmware/nnet_utils/nnet_activation_stream.h:340]   --->   Operation 31 'or' 'or_ln340' <Predicate = true> <Delay = 0.00> <Core = "LogicGate">   --->   Core 27 'LogicGate' <Latency = 0> <II = 1> <Delay = 0.12> <FuncUnit> <Opcode : 'and' 'or' 'xor'> <InPorts = 2> <OutPorts = 1>
ST_4 : Operation 32 [1/1] (0.00ns) (grouped into LUT with out node select_ln340_6)   --->   "%select_ln340_3 = select i1 %or_ln340, i2 %select_ln340_1, i2 0" [firmware/nnet_utils/nnet_activation_stream.h:340]   --->   Operation 32 'select' 'select_ln340_3' <Predicate = true> <Delay = 0.00> <Core = "Sel">   --->   Core 26 'Sel' <Latency = 0> <II = 1> <Delay = 0.27> <FuncUnit> <Opcode : 'select'> <InPorts = 3> <OutPorts = 1>
ST_4 : Operation 33 [1/1] (0.00ns) (grouped into LUT with out node select_ln340_6)   --->   "%zext_ln340 = zext i2 %select_ln340_3 to i3" [firmware/nnet_utils/nnet_activation_stream.h:340]   --->   Operation 33 'zext' 'zext_ln340' <Predicate = true> <Delay = 0.00>
ST_4 : Operation 34 [1/1] (1.01ns)   --->   "%icmp_ln1494_2 = icmp sgt i45 %tmp_data_V_2_3, %select_ln340_2" [firmware/nnet_utils/nnet_activation_stream.h:340]   --->   Operation 34 'icmp' 'icmp_ln1494_2' <Predicate = true> <Delay = 1.01> <Core = "Cmp">   --->   Core 25 'Cmp' <Latency = 0> <II = 1> <Delay = 1.01> <FuncUnit> <Opcode : 'icmp'> <InPorts = 2> <OutPorts = 1>
ST_4 : Operation 35 [1/1] (0.00ns) (grouped into LUT with out node icmp_ln1494_3)   --->   "%select_ln340_4 = select i1 %icmp_ln1494_2, i45 %tmp_data_V_2_3, i45 %select_ln340_2" [firmware/nnet_utils/nnet_activation_stream.h:340]   --->   Operation 35 'select' 'select_ln340_4' <Predicate = true> <Delay = 0.00> <Core = "Sel">   --->   Core 26 'Sel' <Latency = 0> <II = 1> <Delay = 0.27> <FuncUnit> <Opcode : 'select'> <InPorts = 3> <OutPorts = 1>
ST_4 : Operation 36 [1/1] (1.01ns) (out node of the LUT)   --->   "%icmp_ln1494_3 = icmp sgt i45 %tmp_data_V_2_4, %select_ln340_4" [firmware/nnet_utils/nnet_activation_stream.h:340]   --->   Operation 36 'icmp' 'icmp_ln1494_3' <Predicate = true> <Delay = 1.01> <Core = "Cmp">   --->   Core 25 'Cmp' <Latency = 0> <II = 1> <Delay = 1.01> <FuncUnit> <Opcode : 'icmp'> <InPorts = 2> <OutPorts = 1>
ST_4 : Operation 37 [1/1] (0.00ns) (grouped into LUT with out node select_ln340_6)   --->   "%select_ln340_5 = select i1 %icmp_ln1494_3, i3 -4, i3 3" [firmware/nnet_utils/nnet_activation_stream.h:340]   --->   Operation 37 'select' 'select_ln340_5' <Predicate = true> <Delay = 0.00> <Core = "Sel">   --->   Core 26 'Sel' <Latency = 0> <II = 1> <Delay = 0.27> <FuncUnit> <Opcode : 'select'> <InPorts = 3> <OutPorts = 1>
ST_4 : Operation 38 [1/1] (0.00ns) (grouped into LUT with out node select_ln340_6)   --->   "%or_ln340_1 = or i1 %icmp_ln1494_3, %icmp_ln1494_2" [firmware/nnet_utils/nnet_activation_stream.h:340]   --->   Operation 38 'or' 'or_ln340_1' <Predicate = true> <Delay = 0.00> <Core = "LogicGate">   --->   Core 27 'LogicGate' <Latency = 0> <II = 1> <Delay = 0.12> <FuncUnit> <Opcode : 'and' 'or' 'xor'> <InPorts = 2> <OutPorts = 1>
ST_4 : Operation 39 [1/1] (0.27ns) (out node of the LUT)   --->   "%select_ln340_6 = select i1 %or_ln340_1, i3 %select_ln340_5, i3 %zext_ln340" [firmware/nnet_utils/nnet_activation_stream.h:340]   --->   Operation 39 'select' 'select_ln340_6' <Predicate = true> <Delay = 0.27> <Core = "Sel">   --->   Core 26 'Sel' <Latency = 0> <II = 1> <Delay = 0.27> <FuncUnit> <Opcode : 'select'> <InPorts = 3> <OutPorts = 1>
ST_4 : Operation 40 [1/1] (0.00ns)   --->   "%zext_ln346 = zext i3 %select_ln340_6 to i64" [firmware/nnet_utils/nnet_activation_stream.h:346]   --->   Operation 40 'zext' 'zext_ln346' <Predicate = true> <Delay = 0.00>
ST_4 : Operation 41 [1/1] (0.00ns)   --->   "%out_data_data_V_addr_5 = getelementptr [5 x i13]* %out_data_data_V, i64 0, i64 %zext_ln346" [firmware/nnet_utils/nnet_activation_stream.h:346]   --->   Operation 41 'getelementptr' 'out_data_data_V_addr_5' <Predicate = true> <Delay = 0.00>
ST_4 : Operation 42 [1/1] (0.59ns)   --->   "store i13 1024, i13* %out_data_data_V_addr_5, align 2" [firmware/nnet_utils/nnet_activation_stream.h:346]   --->   Operation 42 'store' <Predicate = true> <Delay = 0.59> <Core = "RAM">   --->   Core 37 'RAM' <Latency = 1> <II = 1> <Delay = 0.59> <Storage> <Opcode : 'load' 'store'> <Ports = 2> <Width = 13> <Depth = 5> <RAM>

State 5 <SV = 4> <Delay = 0.59>
ST_5 : Operation 43 [2/2] (0.59ns)   --->   "%out_data_data_V_load = load i13* %out_data_data_V_addr, align 2" [firmware/nnet_utils/nnet_activation_stream.h:347]   --->   Operation 43 'load' 'out_data_data_V_load' <Predicate = true> <Delay = 0.59> <Core = "RAM">   --->   Core 37 'RAM' <Latency = 1> <II = 1> <Delay = 0.59> <Storage> <Opcode : 'load' 'store'> <Ports = 2> <Width = 13> <Depth = 5> <RAM>
ST_5 : Operation 44 [2/2] (0.59ns)   --->   "%out_data_data_V_load_1 = load i13* %out_data_data_V_addr_1, align 2" [firmware/nnet_utils/nnet_activation_stream.h:347]   --->   Operation 44 'load' 'out_data_data_V_load_1' <Predicate = true> <Delay = 0.59> <Core = "RAM">   --->   Core 37 'RAM' <Latency = 1> <II = 1> <Delay = 0.59> <Storage> <Opcode : 'load' 'store'> <Ports = 2> <Width = 13> <Depth = 5> <RAM>

State 6 <SV = 5> <Delay = 0.59>
ST_6 : Operation 45 [1/2] (0.59ns)   --->   "%out_data_data_V_load = load i13* %out_data_data_V_addr, align 2" [firmware/nnet_utils/nnet_activation_stream.h:347]   --->   Operation 45 'load' 'out_data_data_V_load' <Predicate = true> <Delay = 0.59> <Core = "RAM">   --->   Core 37 'RAM' <Latency = 1> <II = 1> <Delay = 0.59> <Storage> <Opcode : 'load' 'store'> <Ports = 2> <Width = 13> <Depth = 5> <RAM>
ST_6 : Operation 46 [1/2] (0.59ns)   --->   "%out_data_data_V_load_1 = load i13* %out_data_data_V_addr_1, align 2" [firmware/nnet_utils/nnet_activation_stream.h:347]   --->   Operation 46 'load' 'out_data_data_V_load_1' <Predicate = true> <Delay = 0.59> <Core = "RAM">   --->   Core 37 'RAM' <Latency = 1> <II = 1> <Delay = 0.59> <Storage> <Opcode : 'load' 'store'> <Ports = 2> <Width = 13> <Depth = 5> <RAM>
ST_6 : Operation 47 [2/2] (0.59ns)   --->   "%out_data_data_V_load_2 = load i13* %out_data_data_V_addr_2, align 2" [firmware/nnet_utils/nnet_activation_stream.h:347]   --->   Operation 47 'load' 'out_data_data_V_load_2' <Predicate = true> <Delay = 0.59> <Core = "RAM">   --->   Core 37 'RAM' <Latency = 1> <II = 1> <Delay = 0.59> <Storage> <Opcode : 'load' 'store'> <Ports = 2> <Width = 13> <Depth = 5> <RAM>
ST_6 : Operation 48 [2/2] (0.59ns)   --->   "%out_data_data_V_load_3 = load i13* %out_data_data_V_addr_3, align 2" [firmware/nnet_utils/nnet_activation_stream.h:347]   --->   Operation 48 'load' 'out_data_data_V_load_3' <Predicate = true> <Delay = 0.59> <Core = "RAM">   --->   Core 37 'RAM' <Latency = 1> <II = 1> <Delay = 0.59> <Storage> <Opcode : 'load' 'store'> <Ports = 2> <Width = 13> <Depth = 5> <RAM>

State 7 <SV = 6> <Delay = 0.59>
ST_7 : Operation 49 [1/2] (0.59ns)   --->   "%out_data_data_V_load_2 = load i13* %out_data_data_V_addr_2, align 2" [firmware/nnet_utils/nnet_activation_stream.h:347]   --->   Operation 49 'load' 'out_data_data_V_load_2' <Predicate = true> <Delay = 0.59> <Core = "RAM">   --->   Core 37 'RAM' <Latency = 1> <II = 1> <Delay = 0.59> <Storage> <Opcode : 'load' 'store'> <Ports = 2> <Width = 13> <Depth = 5> <RAM>
ST_7 : Operation 50 [1/2] (0.59ns)   --->   "%out_data_data_V_load_3 = load i13* %out_data_data_V_addr_3, align 2" [firmware/nnet_utils/nnet_activation_stream.h:347]   --->   Operation 50 'load' 'out_data_data_V_load_3' <Predicate = true> <Delay = 0.59> <Core = "RAM">   --->   Core 37 'RAM' <Latency = 1> <II = 1> <Delay = 0.59> <Storage> <Opcode : 'load' 'store'> <Ports = 2> <Width = 13> <Depth = 5> <RAM>
ST_7 : Operation 51 [2/2] (0.59ns)   --->   "%out_data_data_V_load_4 = load i13* %out_data_data_V_addr_4, align 2" [firmware/nnet_utils/nnet_activation_stream.h:347]   --->   Operation 51 'load' 'out_data_data_V_load_4' <Predicate = true> <Delay = 0.59> <Core = "RAM">   --->   Core 37 'RAM' <Latency = 1> <II = 1> <Delay = 0.59> <Storage> <Opcode : 'load' 'store'> <Ports = 2> <Width = 13> <Depth = 5> <RAM>

State 8 <SV = 7> <Delay = 0.59>
ST_8 : Operation 52 [1/1] (0.00ns)   --->   "call void (...)* @_ssdm_op_SpecInterface(i45* %data_V_data_0_V, [8 x i8]* @ap_fifo_str, i32 0, i32 0, [1 x i8]* @p_str1185, i32 0, i32 0, [1 x i8]* @p_str1186, [1 x i8]* @p_str1187, [1 x i8]* @p_str1188, i32 2, i32 2, i32 16, i32 16, [1 x i8]* @p_str1189, [1 x i8]* @p_str1190)"   --->   Operation 52 'specinterface' <Predicate = true> <Delay = 0.00>
ST_8 : Operation 53 [1/1] (0.00ns)   --->   "call void (...)* @_ssdm_op_SpecInterface(i45* %data_V_data_1_V, [8 x i8]* @ap_fifo_str, i32 0, i32 0, [1 x i8]* @p_str1192, i32 0, i32 0, [1 x i8]* @p_str1193, [1 x i8]* @p_str1194, [1 x i8]* @p_str1195, i32 2, i32 2, i32 16, i32 16, [1 x i8]* @p_str1196, [1 x i8]* @p_str1197)"   --->   Operation 53 'specinterface' <Predicate = true> <Delay = 0.00>
ST_8 : Operation 54 [1/1] (0.00ns)   --->   "call void (...)* @_ssdm_op_SpecInterface(i45* %data_V_data_2_V, [8 x i8]* @ap_fifo_str, i32 0, i32 0, [1 x i8]* @p_str1199, i32 0, i32 0, [1 x i8]* @p_str1200, [1 x i8]* @p_str1201, [1 x i8]* @p_str1202, i32 2, i32 2, i32 16, i32 16, [1 x i8]* @p_str1203, [1 x i8]* @p_str1204)"   --->   Operation 54 'specinterface' <Predicate = true> <Delay = 0.00>
ST_8 : Operation 55 [1/1] (0.00ns)   --->   "call void (...)* @_ssdm_op_SpecInterface(i45* %data_V_data_3_V, [8 x i8]* @ap_fifo_str, i32 0, i32 0, [1 x i8]* @p_str1206, i32 0, i32 0, [1 x i8]* @p_str1207, [1 x i8]* @p_str1208, [1 x i8]* @p_str1209, i32 2, i32 2, i32 16, i32 16, [1 x i8]* @p_str1210, [1 x i8]* @p_str1211)"   --->   Operation 55 'specinterface' <Predicate = true> <Delay = 0.00>
ST_8 : Operation 56 [1/1] (0.00ns)   --->   "call void (...)* @_ssdm_op_SpecInterface(i45* %data_V_data_4_V, [8 x i8]* @ap_fifo_str, i32 0, i32 0, [1 x i8]* @p_str1213, i32 0, i32 0, [1 x i8]* @p_str1214, [1 x i8]* @p_str1215, [1 x i8]* @p_str1216, i32 2, i32 2, i32 16, i32 16, [1 x i8]* @p_str1217, [1 x i8]* @p_str1218)"   --->   Operation 56 'specinterface' <Predicate = true> <Delay = 0.00>
ST_8 : Operation 57 [1/1] (0.00ns)   --->   "call void (...)* @_ssdm_op_SpecInterface(i24* %res_V_data_0_V, [5 x i8]* @p_str, i32 0, i32 0, [5 x i8]* @p_str11, i32 0, i32 0, [1 x i8]* @p_str12, [1 x i8]* @p_str12, [1 x i8]* @p_str12, i32 0, i32 0, i32 0, i32 0, [1 x i8]* @p_str12, [1 x i8]* @p_str12)"   --->   Operation 57 'specinterface' <Predicate = true> <Delay = 0.00>
ST_8 : Operation 58 [1/1] (0.00ns)   --->   "call void (...)* @_ssdm_op_SpecInterface(i24* %res_V_data_1_V, [5 x i8]* @p_str, i32 0, i32 0, [5 x i8]* @p_str11, i32 0, i32 0, [1 x i8]* @p_str12, [1 x i8]* @p_str12, [1 x i8]* @p_str12, i32 0, i32 0, i32 0, i32 0, [1 x i8]* @p_str12, [1 x i8]* @p_str12)"   --->   Operation 58 'specinterface' <Predicate = true> <Delay = 0.00>
ST_8 : Operation 59 [1/1] (0.00ns)   --->   "call void (...)* @_ssdm_op_SpecInterface(i24* %res_V_data_2_V, [5 x i8]* @p_str, i32 0, i32 0, [5 x i8]* @p_str11, i32 0, i32 0, [1 x i8]* @p_str12, [1 x i8]* @p_str12, [1 x i8]* @p_str12, i32 0, i32 0, i32 0, i32 0, [1 x i8]* @p_str12, [1 x i8]* @p_str12)"   --->   Operation 59 'specinterface' <Predicate = true> <Delay = 0.00>
ST_8 : Operation 60 [1/1] (0.00ns)   --->   "call void (...)* @_ssdm_op_SpecInterface(i24* %res_V_data_3_V, [5 x i8]* @p_str, i32 0, i32 0, [5 x i8]* @p_str11, i32 0, i32 0, [1 x i8]* @p_str12, [1 x i8]* @p_str12, [1 x i8]* @p_str12, i32 0, i32 0, i32 0, i32 0, [1 x i8]* @p_str12, [1 x i8]* @p_str12)"   --->   Operation 60 'specinterface' <Predicate = true> <Delay = 0.00>
ST_8 : Operation 61 [1/1] (0.00ns)   --->   "call void (...)* @_ssdm_op_SpecInterface(i24* %res_V_data_4_V, [5 x i8]* @p_str, i32 0, i32 0, [5 x i8]* @p_str11, i32 0, i32 0, [1 x i8]* @p_str12, [1 x i8]* @p_str12, [1 x i8]* @p_str12, i32 0, i32 0, i32 0, i32 0, [1 x i8]* @p_str12, [1 x i8]* @p_str12)"   --->   Operation 61 'specinterface' <Predicate = true> <Delay = 0.00>
ST_8 : Operation 62 [1/1] (0.00ns)   --->   "%tmp = call i32 (...)* @_ssdm_op_SpecRegionBegin([13 x i8]* @p_str19)" [firmware/nnet_utils/nnet_activation_stream.h:325]   --->   Operation 62 'specregionbegin' 'tmp' <Predicate = true> <Delay = 0.00>
ST_8 : Operation 63 [1/1] (0.00ns)   --->   "call void (...)* @_ssdm_op_SpecPipeline(i32 -1, i32 1, i32 1, i32 0, [1 x i8]* @p_str12) nounwind" [firmware/nnet_utils/nnet_activation_stream.h:326]   --->   Operation 63 'specpipeline' <Predicate = true> <Delay = 0.00>
ST_8 : Operation 64 [1/1] (0.00ns)   --->   "%tmp_data_0_V = sext i13 %out_data_data_V_load to i20" [firmware/nnet_utils/nnet_activation_stream.h:347]   --->   Operation 64 'sext' 'tmp_data_0_V' <Predicate = true> <Delay = 0.00>
ST_8 : Operation 65 [1/1] (0.00ns)   --->   "%tmp_data_1_V = sext i13 %out_data_data_V_load_1 to i20" [firmware/nnet_utils/nnet_activation_stream.h:347]   --->   Operation 65 'sext' 'tmp_data_1_V' <Predicate = true> <Delay = 0.00>
ST_8 : Operation 66 [1/1] (0.00ns)   --->   "%tmp_data_2_V = sext i13 %out_data_data_V_load_2 to i20" [firmware/nnet_utils/nnet_activation_stream.h:347]   --->   Operation 66 'sext' 'tmp_data_2_V' <Predicate = true> <Delay = 0.00>
ST_8 : Operation 67 [1/1] (0.00ns)   --->   "%tmp_data_3_V = sext i13 %out_data_data_V_load_3 to i20" [firmware/nnet_utils/nnet_activation_stream.h:347]   --->   Operation 67 'sext' 'tmp_data_3_V' <Predicate = true> <Delay = 0.00>
ST_8 : Operation 68 [1/2] (0.59ns)   --->   "%out_data_data_V_load_4 = load i13* %out_data_data_V_addr_4, align 2" [firmware/nnet_utils/nnet_activation_stream.h:347]   --->   Operation 68 'load' 'out_data_data_V_load_4' <Predicate = true> <Delay = 0.59> <Core = "RAM">   --->   Core 37 'RAM' <Latency = 1> <II = 1> <Delay = 0.59> <Storage> <Opcode : 'load' 'store'> <Ports = 2> <Width = 13> <Depth = 5> <RAM>
ST_8 : Operation 69 [1/1] (0.00ns)   --->   "%tmp_data_4_V = sext i13 %out_data_data_V_load_4 to i20" [firmware/nnet_utils/nnet_activation_stream.h:347]   --->   Operation 69 'sext' 'tmp_data_4_V' <Predicate = true> <Delay = 0.00>
ST_8 : Operation 70 [1/1] (0.00ns)   --->   "%zext_ln163 = zext i20 %tmp_data_0_V to i24" [firmware/nnet_utils/nnet_activation_stream.h:347]   --->   Operation 70 'zext' 'zext_ln163' <Predicate = true> <Delay = 0.00>
ST_8 : Operation 71 [1/1] (0.00ns)   --->   "%zext_ln163_1 = zext i20 %tmp_data_1_V to i24" [firmware/nnet_utils/nnet_activation_stream.h:347]   --->   Operation 71 'zext' 'zext_ln163_1' <Predicate = true> <Delay = 0.00>
ST_8 : Operation 72 [1/1] (0.00ns)   --->   "%zext_ln163_2 = zext i20 %tmp_data_2_V to i24" [firmware/nnet_utils/nnet_activation_stream.h:347]   --->   Operation 72 'zext' 'zext_ln163_2' <Predicate = true> <Delay = 0.00>
ST_8 : Operation 73 [1/1] (0.00ns)   --->   "%zext_ln163_3 = zext i20 %tmp_data_3_V to i24" [firmware/nnet_utils/nnet_activation_stream.h:347]   --->   Operation 73 'zext' 'zext_ln163_3' <Predicate = true> <Delay = 0.00>
ST_8 : Operation 74 [1/1] (0.00ns)   --->   "%zext_ln163_4 = zext i20 %tmp_data_4_V to i24" [firmware/nnet_utils/nnet_activation_stream.h:347]   --->   Operation 74 'zext' 'zext_ln163_4' <Predicate = true> <Delay = 0.00>
ST_8 : Operation 75 [1/1] (0.00ns)   --->   "call void @_ssdm_op_Write.axis.volatile.i24P.i24P.i24P.i24P.i24P(i24* %res_V_data_0_V, i24* %res_V_data_1_V, i24* %res_V_data_2_V, i24* %res_V_data_3_V, i24* %res_V_data_4_V, i24 %zext_ln163, i24 %zext_ln163_1, i24 %zext_ln163_2, i24 %zext_ln163_3, i24 %zext_ln163_4)" [firmware/nnet_utils/nnet_activation_stream.h:347]   --->   Operation 75 'write' <Predicate = true> <Delay = 0.00> <Core = "AXI4Stream">   --->   Core 5 'AXI4Stream' <Latency = 0> <II = 1> <Delay = 1.00> <Adapter> <Opcode : >
ST_8 : Operation 76 [1/1] (0.00ns)   --->   "%empty_23 = call i32 (...)* @_ssdm_op_SpecRegionEnd([13 x i8]* @p_str19, i32 %tmp)" [firmware/nnet_utils/nnet_activation_stream.h:348]   --->   Operation 76 'specregionend' 'empty_23' <Predicate = true> <Delay = 0.00>
ST_8 : Operation 77 [1/1] (0.00ns)   --->   "ret void" [firmware/nnet_utils/nnet_activation_stream.h:349]   --->   Operation 77 'ret' <Predicate = true> <Delay = 0.00>


============================================================
+ Verbose Summary: Binding
============================================================
STG Binding: 
---------------- STG Properties BEGIN ----------------
- Is combinational: 0
- Is one-state seq: 0
- Is datapath-only: 0
- Is pipelined: 1
- Is top level: 0
Port [ Return ] is wired: 1; IO mode=ap_ctrl_hs:ce=0
Port [ data_V_data_0_V]:  wired=1; compound=1; hidden=0; nouse=0; global=0; static=0; extern=0; dir=0; type=3; pingpong=0; private_global=0; IO mode=ap_fifo:ce=0
Port [ data_V_data_1_V]:  wired=1; compound=1; hidden=0; nouse=0; global=0; static=0; extern=0; dir=0; type=3; pingpong=0; private_global=0; IO mode=ap_fifo:ce=0
Port [ data_V_data_2_V]:  wired=1; compound=1; hidden=0; nouse=0; global=0; static=0; extern=0; dir=0; type=3; pingpong=0; private_global=0; IO mode=ap_fifo:ce=0
Port [ data_V_data_3_V]:  wired=1; compound=1; hidden=0; nouse=0; global=0; static=0; extern=0; dir=0; type=3; pingpong=0; private_global=0; IO mode=ap_fifo:ce=0
Port [ data_V_data_4_V]:  wired=1; compound=1; hidden=0; nouse=0; global=0; static=0; extern=0; dir=0; type=3; pingpong=0; private_global=0; IO mode=ap_fifo:ce=0
Port [ res_V_data_0_V]:  wired=1; compound=1; hidden=0; nouse=0; global=0; static=0; extern=0; dir=1; type=0; pingpong=0; private_global=0; IO mode=axis:ce=0
Port [ res_V_data_1_V]:  wired=1; compound=1; hidden=0; nouse=0; global=0; static=0; extern=0; dir=1; type=0; pingpong=0; private_global=0; IO mode=axis:ce=0
Port [ res_V_data_2_V]:  wired=1; compound=1; hidden=0; nouse=0; global=0; static=0; extern=0; dir=1; type=0; pingpong=0; private_global=0; IO mode=axis:ce=0
Port [ res_V_data_3_V]:  wired=1; compound=1; hidden=0; nouse=0; global=0; static=0; extern=0; dir=1; type=0; pingpong=0; private_global=0; IO mode=axis:ce=0
Port [ res_V_data_4_V]:  wired=1; compound=1; hidden=0; nouse=0; global=0; static=0; extern=0; dir=1; type=0; pingpong=0; private_global=0; IO mode=axis:ce=0
---------------- STG Properties END ------------------

---------------- Datapath Model BEGIN ----------------

<LifeTime>
<method=bitvector/>
out_data_data_V        (alloca         ) [ 001110000]
out_data_data_V_addr   (getelementptr  ) [ 001111100]
out_data_data_V_addr_1 (getelementptr  ) [ 001111100]
store_ln332            (store          ) [ 000000000]
store_ln332            (store          ) [ 000000000]
out_data_data_V_addr_2 (getelementptr  ) [ 000111110]
out_data_data_V_addr_3 (getelementptr  ) [ 000111110]
store_ln332            (store          ) [ 000000000]
store_ln332            (store          ) [ 000000000]
out_data_data_V_addr_4 (getelementptr  ) [ 010011111]
empty                  (read           ) [ 000010000]
maximum_V              (extractvalue   ) [ 000000000]
tmp_data_V_2_1         (extractvalue   ) [ 000000000]
tmp_data_V_2_2         (extractvalue   ) [ 000000000]
tmp_data_V_2_3         (extractvalue   ) [ 000010000]
store_ln332            (store          ) [ 000000000]
icmp_ln1494            (icmp           ) [ 000010000]
select_ln340           (select         ) [ 000000000]
icmp_ln1494_1          (icmp           ) [ 000010000]
select_ln340_2         (select         ) [ 000010000]
tmp_data_V_2_4         (extractvalue   ) [ 000000000]
select_ln340_1         (select         ) [ 000000000]
or_ln340               (or             ) [ 000000000]
select_ln340_3         (select         ) [ 000000000]
zext_ln340             (zext           ) [ 000000000]
icmp_ln1494_2          (icmp           ) [ 000000000]
select_ln340_4         (select         ) [ 000000000]
icmp_ln1494_3          (icmp           ) [ 000000000]
select_ln340_5         (select         ) [ 000000000]
or_ln340_1             (or             ) [ 000000000]
select_ln340_6         (select         ) [ 000000000]
zext_ln346             (zext           ) [ 000000000]
out_data_data_V_addr_5 (getelementptr  ) [ 000000000]
store_ln346            (store          ) [ 000000000]
out_data_data_V_load   (load           ) [ 010000011]
out_data_data_V_load_1 (load           ) [ 010000011]
out_data_data_V_load_2 (load           ) [ 010000001]
out_data_data_V_load_3 (load           ) [ 010000001]
specinterface_ln0      (specinterface  ) [ 000000000]
specinterface_ln0      (specinterface  ) [ 000000000]
specinterface_ln0      (specinterface  ) [ 000000000]
specinterface_ln0      (specinterface  ) [ 000000000]
specinterface_ln0      (specinterface  ) [ 000000000]
specinterface_ln0      (specinterface  ) [ 000000000]
specinterface_ln0      (specinterface  ) [ 000000000]
specinterface_ln0      (specinterface  ) [ 000000000]
specinterface_ln0      (specinterface  ) [ 000000000]
specinterface_ln0      (specinterface  ) [ 000000000]
tmp                    (specregionbegin) [ 000000000]
specpipeline_ln326     (specpipeline   ) [ 000000000]
tmp_data_0_V           (sext           ) [ 000000000]
tmp_data_1_V           (sext           ) [ 000000000]
tmp_data_2_V           (sext           ) [ 000000000]
tmp_data_3_V           (sext           ) [ 000000000]
out_data_data_V_load_4 (load           ) [ 000000000]
tmp_data_4_V           (sext           ) [ 000000000]
zext_ln163             (zext           ) [ 000000000]
zext_ln163_1           (zext           ) [ 000000000]
zext_ln163_2           (zext           ) [ 000000000]
zext_ln163_3           (zext           ) [ 000000000]
zext_ln163_4           (zext           ) [ 000000000]
write_ln347            (write          ) [ 000000000]
empty_23               (specregionend  ) [ 000000000]
ret_ln349              (ret            ) [ 000000000]
</LifeTime>

<model>

<comp_list>
<comp id="0" class="1000" name="data_V_data_0_V">
<pin_list>
<pin id="1" dir="1" index="0" bw="1" slack="0"/>
</pin_list>
<bind>
<StgValue><ssdm name="data_V_data_0_V"/></StgValue>
</bind>
</comp>

<comp id="2" class="1000" name="data_V_data_1_V">
<pin_list>
<pin id="3" dir="1" index="0" bw="1" slack="0"/>
</pin_list>
<bind>
<StgValue><ssdm name="data_V_data_1_V"/></StgValue>
</bind>
</comp>

<comp id="4" class="1000" name="data_V_data_2_V">
<pin_list>
<pin id="5" dir="1" index="0" bw="1" slack="0"/>
</pin_list>
<bind>
<StgValue><ssdm name="data_V_data_2_V"/></StgValue>
</bind>
</comp>

<comp id="6" class="1000" name="data_V_data_3_V">
<pin_list>
<pin id="7" dir="1" index="0" bw="1" slack="0"/>
</pin_list>
<bind>
<StgValue><ssdm name="data_V_data_3_V"/></StgValue>
</bind>
</comp>

<comp id="8" class="1000" name="data_V_data_4_V">
<pin_list>
<pin id="9" dir="1" index="0" bw="1" slack="0"/>
</pin_list>
<bind>
<StgValue><ssdm name="data_V_data_4_V"/></StgValue>
</bind>
</comp>

<comp id="10" class="1000" name="res_V_data_0_V">
<pin_list>
<pin id="11" dir="1" index="0" bw="1" slack="0"/>
</pin_list>
<bind>
<StgValue><ssdm name="res_V_data_0_V"/></StgValue>
</bind>
</comp>

<comp id="12" class="1000" name="res_V_data_1_V">
<pin_list>
<pin id="13" dir="1" index="0" bw="1" slack="0"/>
</pin_list>
<bind>
<StgValue><ssdm name="res_V_data_1_V"/></StgValue>
</bind>
</comp>

<comp id="14" class="1000" name="res_V_data_2_V">
<pin_list>
<pin id="15" dir="1" index="0" bw="1" slack="0"/>
</pin_list>
<bind>
<StgValue><ssdm name="res_V_data_2_V"/></StgValue>
</bind>
</comp>

<comp id="16" class="1000" name="res_V_data_3_V">
<pin_list>
<pin id="17" dir="1" index="0" bw="1" slack="0"/>
</pin_list>
<bind>
<StgValue><ssdm name="res_V_data_3_V"/></StgValue>
</bind>
</comp>

<comp id="18" class="1000" name="res_V_data_4_V">
<pin_list>
<pin id="19" dir="1" index="0" bw="1" slack="0"/>
</pin_list>
<bind>
<StgValue><ssdm name="res_V_data_4_V"/></StgValue>
</bind>
</comp>

<comp id="20" class="1001" name="const_20">
<pin_list>
<pin id="21" dir="1" index="0" bw="1" slack="0"/>
</pin_list>
<bind>
<StgValue><ssdm name=""/></StgValue>
</bind>
</comp>

<comp id="22" class="1001" name="const_22">
<pin_list>
<pin id="23" dir="1" index="0" bw="1" slack="0"/>
</pin_list>
<bind>
<StgValue><ssdm name=""/></StgValue>
</bind>
</comp>

<comp id="24" class="1001" name="const_24">
<pin_list>
<pin id="25" dir="1" index="0" bw="1" slack="0"/>
</pin_list>
<bind>
<StgValue><ssdm name=""/></StgValue>
</bind>
</comp>

<comp id="26" class="1001" name="const_26">
<pin_list>
<pin id="27" dir="1" index="0" bw="1" slack="0"/>
</pin_list>
<bind>
<StgValue><ssdm name=""/></StgValue>
</bind>
</comp>

<comp id="28" class="1001" name="const_28">
<pin_list>
<pin id="29" dir="1" index="0" bw="1" slack="0"/>
</pin_list>
<bind>
<StgValue><ssdm name=""/></StgValue>
</bind>
</comp>

<comp id="30" class="1001" name="const_30">
<pin_list>
<pin id="31" dir="1" index="0" bw="1" slack="0"/>
</pin_list>
<bind>
<StgValue><ssdm name=""/></StgValue>
</bind>
</comp>

<comp id="32" class="1001" name="const_32">
<pin_list>
<pin id="33" dir="1" index="0" bw="1" slack="0"/>
</pin_list>
<bind>
<StgValue><ssdm name="_ssdm_op_Read.ap_fifo.volatile.i45P.i45P.i45P.i45P.i45P"/></StgValue>
</bind>
</comp>

<comp id="34" class="1001" name="const_34">
<pin_list>
<pin id="35" dir="1" index="0" bw="1" slack="0"/>
</pin_list>
<bind>
<StgValue><ssdm name=""/></StgValue>
</bind>
</comp>

<comp id="36" class="1001" name="const_36">
<pin_list>
<pin id="37" dir="1" index="0" bw="1" slack="0"/>
</pin_list>
<bind>
<StgValue><ssdm name=""/></StgValue>
</bind>
</comp>

<comp id="38" class="1001" name="const_38">
<pin_list>
<pin id="39" dir="1" index="0" bw="1" slack="0"/>
</pin_list>
<bind>
<StgValue><ssdm name=""/></StgValue>
</bind>
</comp>

<comp id="40" class="1001" name="const_40">
<pin_list>
<pin id="41" dir="1" index="0" bw="1" slack="0"/>
</pin_list>
<bind>
<StgValue><ssdm name=""/></StgValue>
</bind>
</comp>

<comp id="42" class="1001" name="const_42">
<pin_list>
<pin id="43" dir="1" index="0" bw="1" slack="0"/>
</pin_list>
<bind>
<StgValue><ssdm name=""/></StgValue>
</bind>
</comp>

<comp id="44" class="1001" name="const_44">
<pin_list>
<pin id="45" dir="1" index="0" bw="1" slack="0"/>
</pin_list>
<bind>
<StgValue><ssdm name=""/></StgValue>
</bind>
</comp>

<comp id="46" class="1001" name="const_46">
<pin_list>
<pin id="47" dir="1" index="0" bw="1" slack="2147483647"/>
</pin_list>
<bind>
<StgValue><ssdm name="_ssdm_op_SpecInterface"/></StgValue>
</bind>
</comp>

<comp id="48" class="1001" name="const_48">
<pin_list>
<pin id="49" dir="1" index="0" bw="1" slack="2147483647"/>
</pin_list>
<bind>
<StgValue><ssdm name="ap_fifo_str"/></StgValue>
</bind>
</comp>

<comp id="50" class="1001" name="const_50">
<pin_list>
<pin id="51" dir="1" index="0" bw="1" slack="2147483647"/>
</pin_list>
<bind>
<StgValue><ssdm name=""/></StgValue>
</bind>
</comp>

<comp id="52" class="1001" name="const_52">
<pin_list>
<pin id="53" dir="1" index="0" bw="1" slack="2147483647"/>
</pin_list>
<bind>
<StgValue><ssdm name="p_str1185"/></StgValue>
</bind>
</comp>

<comp id="54" class="1001" name="const_54">
<pin_list>
<pin id="55" dir="1" index="0" bw="1" slack="2147483647"/>
</pin_list>
<bind>
<StgValue><ssdm name="p_str1186"/></StgValue>
</bind>
</comp>

<comp id="56" class="1001" name="const_56">
<pin_list>
<pin id="57" dir="1" index="0" bw="1" slack="2147483647"/>
</pin_list>
<bind>
<StgValue><ssdm name="p_str1187"/></StgValue>
</bind>
</comp>

<comp id="58" class="1001" name="const_58">
<pin_list>
<pin id="59" dir="1" index="0" bw="1" slack="2147483647"/>
</pin_list>
<bind>
<StgValue><ssdm name="p_str1188"/></StgValue>
</bind>
</comp>

<comp id="60" class="1001" name="const_60">
<pin_list>
<pin id="61" dir="1" index="0" bw="1" slack="2147483647"/>
</pin_list>
<bind>
<StgValue><ssdm name=""/></StgValue>
</bind>
</comp>

<comp id="62" class="1001" name="const_62">
<pin_list>
<pin id="63" dir="1" index="0" bw="1" slack="2147483647"/>
</pin_list>
<bind>
<StgValue><ssdm name=""/></StgValue>
</bind>
</comp>

<comp id="64" class="1001" name="const_64">
<pin_list>
<pin id="65" dir="1" index="0" bw="1" slack="2147483647"/>
</pin_list>
<bind>
<StgValue><ssdm name="p_str1189"/></StgValue>
</bind>
</comp>

<comp id="66" class="1001" name="const_66">
<pin_list>
<pin id="67" dir="1" index="0" bw="1" slack="2147483647"/>
</pin_list>
<bind>
<StgValue><ssdm name="p_str1190"/></StgValue>
</bind>
</comp>

<comp id="68" class="1001" name="const_68">
<pin_list>
<pin id="69" dir="1" index="0" bw="1" slack="2147483647"/>
</pin_list>
<bind>
<StgValue><ssdm name="p_str1192"/></StgValue>
</bind>
</comp>

<comp id="70" class="1001" name="const_70">
<pin_list>
<pin id="71" dir="1" index="0" bw="1" slack="2147483647"/>
</pin_list>
<bind>
<StgValue><ssdm name="p_str1193"/></StgValue>
</bind>
</comp>

<comp id="72" class="1001" name="const_72">
<pin_list>
<pin id="73" dir="1" index="0" bw="1" slack="2147483647"/>
</pin_list>
<bind>
<StgValue><ssdm name="p_str1194"/></StgValue>
</bind>
</comp>

<comp id="74" class="1001" name="const_74">
<pin_list>
<pin id="75" dir="1" index="0" bw="1" slack="2147483647"/>
</pin_list>
<bind>
<StgValue><ssdm name="p_str1195"/></StgValue>
</bind>
</comp>

<comp id="76" class="1001" name="const_76">
<pin_list>
<pin id="77" dir="1" index="0" bw="1" slack="2147483647"/>
</pin_list>
<bind>
<StgValue><ssdm name="p_str1196"/></StgValue>
</bind>
</comp>

<comp id="78" class="1001" name="const_78">
<pin_list>
<pin id="79" dir="1" index="0" bw="1" slack="2147483647"/>
</pin_list>
<bind>
<StgValue><ssdm name="p_str1197"/></StgValue>
</bind>
</comp>

<comp id="80" class="1001" name="const_80">
<pin_list>
<pin id="81" dir="1" index="0" bw="1" slack="2147483647"/>
</pin_list>
<bind>
<StgValue><ssdm name="p_str1199"/></StgValue>
</bind>
</comp>

<comp id="82" class="1001" name="const_82">
<pin_list>
<pin id="83" dir="1" index="0" bw="1" slack="2147483647"/>
</pin_list>
<bind>
<StgValue><ssdm name="p_str1200"/></StgValue>
</bind>
</comp>

<comp id="84" class="1001" name="const_84">
<pin_list>
<pin id="85" dir="1" index="0" bw="1" slack="2147483647"/>
</pin_list>
<bind>
<StgValue><ssdm name="p_str1201"/></StgValue>
</bind>
</comp>

<comp id="86" class="1001" name="const_86">
<pin_list>
<pin id="87" dir="1" index="0" bw="1" slack="2147483647"/>
</pin_list>
<bind>
<StgValue><ssdm name="p_str1202"/></StgValue>
</bind>
</comp>

<comp id="88" class="1001" name="const_88">
<pin_list>
<pin id="89" dir="1" index="0" bw="1" slack="2147483647"/>
</pin_list>
<bind>
<StgValue><ssdm name="p_str1203"/></StgValue>
</bind>
</comp>

<comp id="90" class="1001" name="const_90">
<pin_list>
<pin id="91" dir="1" index="0" bw="1" slack="2147483647"/>
</pin_list>
<bind>
<StgValue><ssdm name="p_str1204"/></StgValue>
</bind>
</comp>

<comp id="92" class="1001" name="const_92">
<pin_list>
<pin id="93" dir="1" index="0" bw="1" slack="2147483647"/>
</pin_list>
<bind>
<StgValue><ssdm name="p_str1206"/></StgValue>
</bind>
</comp>

<comp id="94" class="1001" name="const_94">
<pin_list>
<pin id="95" dir="1" index="0" bw="1" slack="2147483647"/>
</pin_list>
<bind>
<StgValue><ssdm name="p_str1207"/></StgValue>
</bind>
</comp>

<comp id="96" class="1001" name="const_96">
<pin_list>
<pin id="97" dir="1" index="0" bw="1" slack="2147483647"/>
</pin_list>
<bind>
<StgValue><ssdm name="p_str1208"/></StgValue>
</bind>
</comp>

<comp id="98" class="1001" name="const_98">
<pin_list>
<pin id="99" dir="1" index="0" bw="1" slack="2147483647"/>
</pin_list>
<bind>
<StgValue><ssdm name="p_str1209"/></StgValue>
</bind>
</comp>

<comp id="100" class="1001" name="const_100">
<pin_list>
<pin id="101" dir="1" index="0" bw="1" slack="2147483647"/>
</pin_list>
<bind>
<StgValue><ssdm name="p_str1210"/></StgValue>
</bind>
</comp>

<comp id="102" class="1001" name="const_102">
<pin_list>
<pin id="103" dir="1" index="0" bw="1" slack="2147483647"/>
</pin_list>
<bind>
<StgValue><ssdm name="p_str1211"/></StgValue>
</bind>
</comp>

<comp id="104" class="1001" name="const_104">
<pin_list>
<pin id="105" dir="1" index="0" bw="1" slack="2147483647"/>
</pin_list>
<bind>
<StgValue><ssdm name="p_str1213"/></StgValue>
</bind>
</comp>

<comp id="106" class="1001" name="const_106">
<pin_list>
<pin id="107" dir="1" index="0" bw="1" slack="2147483647"/>
</pin_list>
<bind>
<StgValue><ssdm name="p_str1214"/></StgValue>
</bind>
</comp>

<comp id="108" class="1001" name="const_108">
<pin_list>
<pin id="109" dir="1" index="0" bw="1" slack="2147483647"/>
</pin_list>
<bind>
<StgValue><ssdm name="p_str1215"/></StgValue>
</bind>
</comp>

<comp id="110" class="1001" name="const_110">
<pin_list>
<pin id="111" dir="1" index="0" bw="1" slack="2147483647"/>
</pin_list>
<bind>
<StgValue><ssdm name="p_str1216"/></StgValue>
</bind>
</comp>

<comp id="112" class="1001" name="const_112">
<pin_list>
<pin id="113" dir="1" index="0" bw="1" slack="2147483647"/>
</pin_list>
<bind>
<StgValue><ssdm name="p_str1217"/></StgValue>
</bind>
</comp>

<comp id="114" class="1001" name="const_114">
<pin_list>
<pin id="115" dir="1" index="0" bw="1" slack="2147483647"/>
</pin_list>
<bind>
<StgValue><ssdm name="p_str1218"/></StgValue>
</bind>
</comp>

<comp id="116" class="1001" name="const_116">
<pin_list>
<pin id="117" dir="1" index="0" bw="1" slack="2147483647"/>
</pin_list>
<bind>
<StgValue><ssdm name="p_str"/></StgValue>
</bind>
</comp>

<comp id="118" class="1001" name="const_118">
<pin_list>
<pin id="119" dir="1" index="0" bw="1" slack="2147483647"/>
</pin_list>
<bind>
<StgValue><ssdm name="p_str11"/></StgValue>
</bind>
</comp>

<comp id="120" class="1001" name="const_120">
<pin_list>
<pin id="121" dir="1" index="0" bw="1" slack="2147483647"/>
</pin_list>
<bind>
<StgValue><ssdm name="p_str12"/></StgValue>
</bind>
</comp>

<comp id="122" class="1001" name="const_122">
<pin_list>
<pin id="123" dir="1" index="0" bw="1" slack="2147483647"/>
</pin_list>
<bind>
<StgValue><ssdm name="_ssdm_op_SpecRegionBegin"/></StgValue>
</bind>
</comp>

<comp id="124" class="1001" name="const_124">
<pin_list>
<pin id="125" dir="1" index="0" bw="1" slack="2147483647"/>
</pin_list>
<bind>
<StgValue><ssdm name="p_str19"/></StgValue>
</bind>
</comp>

<comp id="126" class="1001" name="const_126">
<pin_list>
<pin id="127" dir="1" index="0" bw="1" slack="2147483647"/>
</pin_list>
<bind>
<StgValue><ssdm name="_ssdm_op_SpecPipeline"/></StgValue>
</bind>
</comp>

<comp id="128" class="1001" name="const_128">
<pin_list>
<pin id="129" dir="1" index="0" bw="1" slack="2147483647"/>
</pin_list>
<bind>
<StgValue><ssdm name=""/></StgValue>
</bind>
</comp>

<comp id="130" class="1001" name="const_130">
<pin_list>
<pin id="131" dir="1" index="0" bw="1" slack="2147483647"/>
</pin_list>
<bind>
<StgValue><ssdm name=""/></StgValue>
</bind>
</comp>

<comp id="132" class="1001" name="const_132">
<pin_list>
<pin id="133" dir="1" index="0" bw="1" slack="0"/>
</pin_list>
<bind>
<StgValue><ssdm name="_ssdm_op_Write.axis.volatile.i24P.i24P.i24P.i24P.i24P"/></StgValue>
</bind>
</comp>

<comp id="134" class="1001" name="const_134">
<pin_list>
<pin id="135" dir="1" index="0" bw="1" slack="2147483647"/>
</pin_list>
<bind>
<StgValue><ssdm name="_ssdm_op_SpecRegionEnd"/></StgValue>
</bind>
</comp>

<comp id="136" class="1004" name="out_data_data_V_alloca_fu_136">
<pin_list>
<pin id="137" dir="0" index="0" bw="1" slack="0"/>
<pin id="138" dir="1" index="1" bw="13" slack="0"/>
</pin_list>
<bind>
<opcode="alloca(26) " fcode="alloca"/>
<opset="out_data_data_V/1 "/>
</bind>
</comp>

<comp id="140" class="1004" name="empty_read_fu_140">
<pin_list>
<pin id="141" dir="0" index="0" bw="225" slack="0"/>
<pin id="142" dir="0" index="1" bw="45" slack="0"/>
<pin id="143" dir="0" index="2" bw="45" slack="0"/>
<pin id="144" dir="0" index="3" bw="45" slack="0"/>
<pin id="145" dir="0" index="4" bw="45" slack="0"/>
<pin id="146" dir="0" index="5" bw="45" slack="0"/>
<pin id="147" dir="1" index="6" bw="225" slack="0"/>
</pin_list>
<bind>
<opcode="read(1150) " fcode="read"/>
<opset="empty/3 "/>
</bind>
</comp>

<comp id="154" class="1004" name="write_ln347_write_fu_154">
<pin_list>
<pin id="155" dir="0" index="0" bw="0" slack="0"/>
<pin id="156" dir="0" index="1" bw="24" slack="0"/>
<pin id="157" dir="0" index="2" bw="24" slack="0"/>
<pin id="158" dir="0" index="3" bw="24" slack="0"/>
<pin id="159" dir="0" index="4" bw="24" slack="0"/>
<pin id="160" dir="0" index="5" bw="24" slack="0"/>
<pin id="161" dir="0" index="6" bw="20" slack="0"/>
<pin id="162" dir="0" index="7" bw="20" slack="0"/>
<pin id="163" dir="0" index="8" bw="20" slack="0"/>
<pin id="164" dir="0" index="9" bw="20" slack="0"/>
<pin id="165" dir="0" index="10" bw="20" slack="0"/>
<pin id="166" dir="1" index="11" bw="0" slack="2147483647"/>
</pin_list>
<bind>
<opcode="write(1151) " fcode="write"/>
<opset="write_ln347/8 "/>
</bind>
</comp>

<comp id="173" class="1004" name="out_data_data_V_addr_gep_fu_173">
<pin_list>
<pin id="174" dir="0" index="0" bw="13" slack="0"/>
<pin id="175" dir="0" index="1" bw="1" slack="0"/>
<pin id="176" dir="0" index="2" bw="1" slack="0"/>
<pin id="177" dir="1" index="3" bw="3" slack="0"/>
</pin_list>
<bind>
<opcode="getelementptr(29) " fcode="getelementptr"/>
<opset="out_data_data_V_addr/1 "/>
</bind>
</comp>

<comp id="181" class="1004" name="out_data_data_V_addr_1_gep_fu_181">
<pin_list>
<pin id="182" dir="0" index="0" bw="13" slack="0"/>
<pin id="183" dir="0" index="1" bw="1" slack="0"/>
<pin id="184" dir="0" index="2" bw="1" slack="0"/>
<pin id="185" dir="1" index="3" bw="3" slack="0"/>
</pin_list>
<bind>
<opcode="getelementptr(29) " fcode="getelementptr"/>
<opset="out_data_data_V_addr_1/1 "/>
</bind>
</comp>

<comp id="189" class="1004" name="grp_access_fu_189">
<pin_list>
<pin id="190" dir="0" index="0" bw="3" slack="0"/>
<pin id="191" dir="0" index="1" bw="13" slack="0"/>
<pin id="192" dir="0" index="2" bw="0" slack="0"/>
<pin id="196" dir="0" index="4" bw="3" slack="0"/>
<pin id="197" dir="0" index="5" bw="13" slack="2147483647"/>
<pin id="198" dir="0" index="6" bw="0" slack="2147483647"/>
<pin id="193" dir="1" index="3" bw="13" slack="0"/>
<pin id="199" dir="1" index="7" bw="13" slack="1"/>
</pin_list>
<bind>
<opcode="load(27) store(28) " fcode="load"/>
<opset="store_ln332/1 store_ln332/1 store_ln332/2 store_ln332/2 store_ln332/3 store_ln346/4 out_data_data_V_load/5 out_data_data_V_load_1/5 out_data_data_V_load_2/6 out_data_data_V_load_3/6 out_data_data_V_load_4/7 "/>
</bind>
</comp>

<comp id="202" class="1004" name="out_data_data_V_addr_2_gep_fu_202">
<pin_list>
<pin id="203" dir="0" index="0" bw="13" slack="2147483647"/>
<pin id="204" dir="0" index="1" bw="1" slack="0"/>
<pin id="205" dir="0" index="2" bw="3" slack="0"/>
<pin id="206" dir="1" index="3" bw="3" slack="0"/>
</pin_list>
<bind>
<opcode="getelementptr(29) " fcode="getelementptr"/>
<opset="out_data_data_V_addr_2/2 "/>
</bind>
</comp>

<comp id="209" class="1004" name="out_data_data_V_addr_3_gep_fu_209">
<pin_list>
<pin id="210" dir="0" index="0" bw="13" slack="2147483647"/>
<pin id="211" dir="0" index="1" bw="1" slack="0"/>
<pin id="212" dir="0" index="2" bw="3" slack="0"/>
<pin id="213" dir="1" index="3" bw="3" slack="0"/>
</pin_list>
<bind>
<opcode="getelementptr(29) " fcode="getelementptr"/>
<opset="out_data_data_V_addr_3/2 "/>
</bind>
</comp>

<comp id="218" class="1004" name="out_data_data_V_addr_4_gep_fu_218">
<pin_list>
<pin id="219" dir="0" index="0" bw="13" slack="2147483647"/>
<pin id="220" dir="0" index="1" bw="1" slack="0"/>
<pin id="221" dir="0" index="2" bw="4" slack="0"/>
<pin id="222" dir="1" index="3" bw="3" slack="0"/>
</pin_list>
<bind>
<opcode="getelementptr(29) " fcode="getelementptr"/>
<opset="out_data_data_V_addr_4/3 "/>
</bind>
</comp>

<comp id="226" class="1004" name="out_data_data_V_addr_5_gep_fu_226">
<pin_list>
<pin id="227" dir="0" index="0" bw="13" slack="2147483647"/>
<pin id="228" dir="0" index="1" bw="1" slack="0"/>
<pin id="229" dir="0" index="2" bw="3" slack="0"/>
<pin id="230" dir="1" index="3" bw="3" slack="0"/>
</pin_list>
<bind>
<opcode="getelementptr(29) " fcode="getelementptr"/>
<opset="out_data_data_V_addr_5/4 "/>
</bind>
</comp>

<comp id="234" class="1004" name="maximum_V_fu_234">
<pin_list>
<pin id="235" dir="0" index="0" bw="225" slack="0"/>
<pin id="236" dir="1" index="1" bw="45" slack="0"/>
</pin_list>
<bind>
<opcode="extractvalue(56) " fcode="extractvalue"/>
<opset="maximum_V/3 "/>
</bind>
</comp>

<comp id="238" class="1004" name="tmp_data_V_2_1_fu_238">
<pin_list>
<pin id="239" dir="0" index="0" bw="225" slack="0"/>
<pin id="240" dir="1" index="1" bw="45" slack="0"/>
</pin_list>
<bind>
<opcode="extractvalue(56) " fcode="extractvalue"/>
<opset="tmp_data_V_2_1/3 "/>
</bind>
</comp>

<comp id="242" class="1004" name="tmp_data_V_2_2_fu_242">
<pin_list>
<pin id="243" dir="0" index="0" bw="225" slack="0"/>
<pin id="244" dir="1" index="1" bw="45" slack="0"/>
</pin_list>
<bind>
<opcode="extractvalue(56) " fcode="extractvalue"/>
<opset="tmp_data_V_2_2/3 "/>
</bind>
</comp>

<comp id="246" class="1004" name="tmp_data_V_2_3_fu_246">
<pin_list>
<pin id="247" dir="0" index="0" bw="225" slack="0"/>
<pin id="248" dir="1" index="1" bw="45" slack="1"/>
</pin_list>
<bind>
<opcode="extractvalue(56) " fcode="extractvalue"/>
<opset="tmp_data_V_2_3/3 "/>
</bind>
</comp>

<comp id="250" class="1004" name="icmp_ln1494_fu_250">
<pin_list>
<pin id="251" dir="0" index="0" bw="45" slack="0"/>
<pin id="252" dir="0" index="1" bw="45" slack="0"/>
<pin id="253" dir="1" index="2" bw="1" slack="0"/>
</pin_list>
<bind>
<opcode="icmp(45) " fcode="icmp"/>
<opset="icmp_ln1494/3 "/>
</bind>
</comp>

<comp id="256" class="1004" name="select_ln340_fu_256">
<pin_list>
<pin id="257" dir="0" index="0" bw="1" slack="0"/>
<pin id="258" dir="0" index="1" bw="45" slack="0"/>
<pin id="259" dir="0" index="2" bw="45" slack="0"/>
<pin id="260" dir="1" index="3" bw="45" slack="0"/>
</pin_list>
<bind>
<opcode="select(49) " fcode="select"/>
<opset="select_ln340/3 "/>
</bind>
</comp>

<comp id="264" class="1004" name="icmp_ln1494_1_fu_264">
<pin_list>
<pin id="265" dir="0" index="0" bw="45" slack="0"/>
<pin id="266" dir="0" index="1" bw="45" slack="0"/>
<pin id="267" dir="1" index="2" bw="1" slack="0"/>
</pin_list>
<bind>
<opcode="icmp(45) " fcode="icmp"/>
<opset="icmp_ln1494_1/3 "/>
</bind>
</comp>

<comp id="270" class="1004" name="select_ln340_2_fu_270">
<pin_list>
<pin id="271" dir="0" index="0" bw="1" slack="0"/>
<pin id="272" dir="0" index="1" bw="45" slack="0"/>
<pin id="273" dir="0" index="2" bw="45" slack="0"/>
<pin id="274" dir="1" index="3" bw="45" slack="1"/>
</pin_list>
<bind>
<opcode="select(49) " fcode="select"/>
<opset="select_ln340_2/3 "/>
</bind>
</comp>

<comp id="278" class="1004" name="tmp_data_V_2_4_fu_278">
<pin_list>
<pin id="279" dir="0" index="0" bw="225" slack="1"/>
<pin id="280" dir="1" index="1" bw="45" slack="0"/>
</pin_list>
<bind>
<opcode="extractvalue(56) " fcode="extractvalue"/>
<opset="tmp_data_V_2_4/4 "/>
</bind>
</comp>

<comp id="281" class="1004" name="select_ln340_1_fu_281">
<pin_list>
<pin id="282" dir="0" index="0" bw="1" slack="1"/>
<pin id="283" dir="0" index="1" bw="2" slack="0"/>
<pin id="284" dir="0" index="2" bw="1" slack="0"/>
<pin id="285" dir="1" index="3" bw="2" slack="0"/>
</pin_list>
<bind>
<opcode="select(49) " fcode="select"/>
<opset="select_ln340_1/4 "/>
</bind>
</comp>

<comp id="288" class="1004" name="or_ln340_fu_288">
<pin_list>
<pin id="289" dir="0" index="0" bw="1" slack="1"/>
<pin id="290" dir="0" index="1" bw="1" slack="1"/>
<pin id="291" dir="1" index="2" bw="1" slack="0"/>
</pin_list>
<bind>
<opcode="or(24) " fcode="or"/>
<opset="or_ln340/4 "/>
</bind>
</comp>

<comp id="292" class="1004" name="select_ln340_3_fu_292">
<pin_list>
<pin id="293" dir="0" index="0" bw="1" slack="0"/>
<pin id="294" dir="0" index="1" bw="2" slack="0"/>
<pin id="295" dir="0" index="2" bw="1" slack="0"/>
<pin id="296" dir="1" index="3" bw="2" slack="0"/>
</pin_list>
<bind>
<opcode="select(49) " fcode="select"/>
<opset="select_ln340_3/4 "/>
</bind>
</comp>

<comp id="300" class="1004" name="zext_ln340_fu_300">
<pin_list>
<pin id="301" dir="0" index="0" bw="2" slack="0"/>
<pin id="302" dir="1" index="1" bw="3" slack="0"/>
</pin_list>
<bind>
<opcode="zext(34) " fcode="zext"/>
<opset="zext_ln340/4 "/>
</bind>
</comp>

<comp id="304" class="1004" name="icmp_ln1494_2_fu_304">
<pin_list>
<pin id="305" dir="0" index="0" bw="45" slack="1"/>
<pin id="306" dir="0" index="1" bw="45" slack="1"/>
<pin id="307" dir="1" index="2" bw="1" slack="0"/>
</pin_list>
<bind>
<opcode="icmp(45) " fcode="icmp"/>
<opset="icmp_ln1494_2/4 "/>
</bind>
</comp>

<comp id="308" class="1004" name="select_ln340_4_fu_308">
<pin_list>
<pin id="309" dir="0" index="0" bw="1" slack="0"/>
<pin id="310" dir="0" index="1" bw="45" slack="1"/>
<pin id="311" dir="0" index="2" bw="45" slack="1"/>
<pin id="312" dir="1" index="3" bw="45" slack="0"/>
</pin_list>
<bind>
<opcode="select(49) " fcode="select"/>
<opset="select_ln340_4/4 "/>
</bind>
</comp>

<comp id="314" class="1004" name="icmp_ln1494_3_fu_314">
<pin_list>
<pin id="315" dir="0" index="0" bw="45" slack="0"/>
<pin id="316" dir="0" index="1" bw="45" slack="0"/>
<pin id="317" dir="1" index="2" bw="1" slack="0"/>
</pin_list>
<bind>
<opcode="icmp(45) " fcode="icmp"/>
<opset="icmp_ln1494_3/4 "/>
</bind>
</comp>

<comp id="320" class="1004" name="select_ln340_5_fu_320">
<pin_list>
<pin id="321" dir="0" index="0" bw="1" slack="0"/>
<pin id="322" dir="0" index="1" bw="3" slack="0"/>
<pin id="323" dir="0" index="2" bw="3" slack="0"/>
<pin id="324" dir="1" index="3" bw="3" slack="0"/>
</pin_list>
<bind>
<opcode="select(49) " fcode="select"/>
<opset="select_ln340_5/4 "/>
</bind>
</comp>

<comp id="328" class="1004" name="or_ln340_1_fu_328">
<pin_list>
<pin id="329" dir="0" index="0" bw="1" slack="0"/>
<pin id="330" dir="0" index="1" bw="1" slack="0"/>
<pin id="331" dir="1" index="2" bw="1" slack="0"/>
</pin_list>
<bind>
<opcode="or(24) " fcode="or"/>
<opset="or_ln340_1/4 "/>
</bind>
</comp>

<comp id="334" class="1004" name="select_ln340_6_fu_334">
<pin_list>
<pin id="335" dir="0" index="0" bw="1" slack="0"/>
<pin id="336" dir="0" index="1" bw="3" slack="0"/>
<pin id="337" dir="0" index="2" bw="2" slack="0"/>
<pin id="338" dir="1" index="3" bw="3" slack="0"/>
</pin_list>
<bind>
<opcode="select(49) " fcode="select"/>
<opset="select_ln340_6/4 "/>
</bind>
</comp>

<comp id="342" class="1004" name="zext_ln346_fu_342">
<pin_list>
<pin id="343" dir="0" index="0" bw="3" slack="0"/>
<pin id="344" dir="1" index="1" bw="64" slack="0"/>
</pin_list>
<bind>
<opcode="zext(34) " fcode="zext"/>
<opset="zext_ln346/4 "/>
</bind>
</comp>

<comp id="347" class="1004" name="tmp_data_0_V_fu_347">
<pin_list>
<pin id="348" dir="0" index="0" bw="13" slack="2"/>
<pin id="349" dir="1" index="1" bw="20" slack="0"/>
</pin_list>
<bind>
<opcode="sext(35) " fcode="sext"/>
<opset="tmp_data_0_V/8 "/>
</bind>
</comp>

<comp id="350" class="1004" name="tmp_data_1_V_fu_350">
<pin_list>
<pin id="351" dir="0" index="0" bw="13" slack="2"/>
<pin id="352" dir="1" index="1" bw="20" slack="0"/>
</pin_list>
<bind>
<opcode="sext(35) " fcode="sext"/>
<opset="tmp_data_1_V/8 "/>
</bind>
</comp>

<comp id="353" class="1004" name="tmp_data_2_V_fu_353">
<pin_list>
<pin id="354" dir="0" index="0" bw="13" slack="1"/>
<pin id="355" dir="1" index="1" bw="20" slack="0"/>
</pin_list>
<bind>
<opcode="sext(35) " fcode="sext"/>
<opset="tmp_data_2_V/8 "/>
</bind>
</comp>

<comp id="356" class="1004" name="tmp_data_3_V_fu_356">
<pin_list>
<pin id="357" dir="0" index="0" bw="13" slack="1"/>
<pin id="358" dir="1" index="1" bw="20" slack="0"/>
</pin_list>
<bind>
<opcode="sext(35) " fcode="sext"/>
<opset="tmp_data_3_V/8 "/>
</bind>
</comp>

<comp id="359" class="1004" name="tmp_data_4_V_fu_359">
<pin_list>
<pin id="360" dir="0" index="0" bw="13" slack="0"/>
<pin id="361" dir="1" index="1" bw="20" slack="0"/>
</pin_list>
<bind>
<opcode="sext(35) " fcode="sext"/>
<opset="tmp_data_4_V/8 "/>
</bind>
</comp>

<comp id="363" class="1004" name="zext_ln163_fu_363">
<pin_list>
<pin id="364" dir="0" index="0" bw="13" slack="0"/>
<pin id="365" dir="1" index="1" bw="24" slack="0"/>
</pin_list>
<bind>
<opcode="zext(34) " fcode="zext"/>
<opset="zext_ln163/8 "/>
</bind>
</comp>

<comp id="368" class="1004" name="zext_ln163_1_fu_368">
<pin_list>
<pin id="369" dir="0" index="0" bw="13" slack="0"/>
<pin id="370" dir="1" index="1" bw="24" slack="0"/>
</pin_list>
<bind>
<opcode="zext(34) " fcode="zext"/>
<opset="zext_ln163_1/8 "/>
</bind>
</comp>

<comp id="373" class="1004" name="zext_ln163_2_fu_373">
<pin_list>
<pin id="374" dir="0" index="0" bw="13" slack="0"/>
<pin id="375" dir="1" index="1" bw="24" slack="0"/>
</pin_list>
<bind>
<opcode="zext(34) " fcode="zext"/>
<opset="zext_ln163_2/8 "/>
</bind>
</comp>

<comp id="378" class="1004" name="zext_ln163_3_fu_378">
<pin_list>
<pin id="379" dir="0" index="0" bw="13" slack="0"/>
<pin id="380" dir="1" index="1" bw="24" slack="0"/>
</pin_list>
<bind>
<opcode="zext(34) " fcode="zext"/>
<opset="zext_ln163_3/8 "/>
</bind>
</comp>

<comp id="383" class="1004" name="zext_ln163_4_fu_383">
<pin_list>
<pin id="384" dir="0" index="0" bw="13" slack="0"/>
<pin id="385" dir="1" index="1" bw="24" slack="0"/>
</pin_list>
<bind>
<opcode="zext(34) " fcode="zext"/>
<opset="zext_ln163_4/8 "/>
</bind>
</comp>

<comp id="388" class="1005" name="out_data_data_V_addr_reg_388">
<pin_list>
<pin id="389" dir="0" index="0" bw="3" slack="4"/>
<pin id="390" dir="1" index="1" bw="3" slack="4"/>
</pin_list>
<bind>
<opset="out_data_data_V_addr "/>
</bind>
</comp>

<comp id="393" class="1005" name="out_data_data_V_addr_1_reg_393">
<pin_list>
<pin id="394" dir="0" index="0" bw="3" slack="4"/>
<pin id="395" dir="1" index="1" bw="3" slack="4"/>
</pin_list>
<bind>
<opset="out_data_data_V_addr_1 "/>
</bind>
</comp>

<comp id="398" class="1005" name="out_data_data_V_addr_2_reg_398">
<pin_list>
<pin id="399" dir="0" index="0" bw="3" slack="4"/>
<pin id="400" dir="1" index="1" bw="3" slack="4"/>
</pin_list>
<bind>
<opset="out_data_data_V_addr_2 "/>
</bind>
</comp>

<comp id="403" class="1005" name="out_data_data_V_addr_3_reg_403">
<pin_list>
<pin id="404" dir="0" index="0" bw="3" slack="4"/>
<pin id="405" dir="1" index="1" bw="3" slack="4"/>
</pin_list>
<bind>
<opset="out_data_data_V_addr_3 "/>
</bind>
</comp>

<comp id="408" class="1005" name="out_data_data_V_addr_4_reg_408">
<pin_list>
<pin id="409" dir="0" index="0" bw="3" slack="4"/>
<pin id="410" dir="1" index="1" bw="3" slack="4"/>
</pin_list>
<bind>
<opset="out_data_data_V_addr_4 "/>
</bind>
</comp>

<comp id="413" class="1005" name="empty_reg_413">
<pin_list>
<pin id="414" dir="0" index="0" bw="225" slack="1"/>
<pin id="415" dir="1" index="1" bw="225" slack="1"/>
</pin_list>
<bind>
<opset="empty "/>
</bind>
</comp>

<comp id="418" class="1005" name="tmp_data_V_2_3_reg_418">
<pin_list>
<pin id="419" dir="0" index="0" bw="45" slack="1"/>
<pin id="420" dir="1" index="1" bw="45" slack="1"/>
</pin_list>
<bind>
<opset="tmp_data_V_2_3 "/>
</bind>
</comp>

<comp id="424" class="1005" name="icmp_ln1494_reg_424">
<pin_list>
<pin id="425" dir="0" index="0" bw="1" slack="1"/>
<pin id="426" dir="1" index="1" bw="1" slack="1"/>
</pin_list>
<bind>
<opset="icmp_ln1494 "/>
</bind>
</comp>

<comp id="429" class="1005" name="icmp_ln1494_1_reg_429">
<pin_list>
<pin id="430" dir="0" index="0" bw="1" slack="1"/>
<pin id="431" dir="1" index="1" bw="1" slack="1"/>
</pin_list>
<bind>
<opset="icmp_ln1494_1 "/>
</bind>
</comp>

<comp id="435" class="1005" name="select_ln340_2_reg_435">
<pin_list>
<pin id="436" dir="0" index="0" bw="45" slack="1"/>
<pin id="437" dir="1" index="1" bw="45" slack="1"/>
</pin_list>
<bind>
<opset="select_ln340_2 "/>
</bind>
</comp>

<comp id="441" class="1005" name="out_data_data_V_load_reg_441">
<pin_list>
<pin id="442" dir="0" index="0" bw="13" slack="2"/>
<pin id="443" dir="1" index="1" bw="13" slack="2"/>
</pin_list>
<bind>
<opset="out_data_data_V_load "/>
</bind>
</comp>

<comp id="446" class="1005" name="out_data_data_V_load_1_reg_446">
<pin_list>
<pin id="447" dir="0" index="0" bw="13" slack="2"/>
<pin id="448" dir="1" index="1" bw="13" slack="2"/>
</pin_list>
<bind>
<opset="out_data_data_V_load_1 "/>
</bind>
</comp>

<comp id="451" class="1005" name="out_data_data_V_load_2_reg_451">
<pin_list>
<pin id="452" dir="0" index="0" bw="13" slack="1"/>
<pin id="453" dir="1" index="1" bw="13" slack="1"/>
</pin_list>
<bind>
<opset="out_data_data_V_load_2 "/>
</bind>
</comp>

<comp id="456" class="1005" name="out_data_data_V_load_3_reg_456">
<pin_list>
<pin id="457" dir="0" index="0" bw="13" slack="1"/>
<pin id="458" dir="1" index="1" bw="13" slack="1"/>
</pin_list>
<bind>
<opset="out_data_data_V_load_3 "/>
</bind>
</comp>

</comp_list>

<net_list>
<net id="139"><net_src comp="20" pin="0"/><net_sink comp="136" pin=0"/></net>

<net id="148"><net_src comp="32" pin="0"/><net_sink comp="140" pin=0"/></net>

<net id="149"><net_src comp="0" pin="0"/><net_sink comp="140" pin=1"/></net>

<net id="150"><net_src comp="2" pin="0"/><net_sink comp="140" pin=2"/></net>

<net id="151"><net_src comp="4" pin="0"/><net_sink comp="140" pin=3"/></net>

<net id="152"><net_src comp="6" pin="0"/><net_sink comp="140" pin=4"/></net>

<net id="153"><net_src comp="8" pin="0"/><net_sink comp="140" pin=5"/></net>

<net id="167"><net_src comp="132" pin="0"/><net_sink comp="154" pin=0"/></net>

<net id="168"><net_src comp="10" pin="0"/><net_sink comp="154" pin=1"/></net>

<net id="169"><net_src comp="12" pin="0"/><net_sink comp="154" pin=2"/></net>

<net id="170"><net_src comp="14" pin="0"/><net_sink comp="154" pin=3"/></net>

<net id="171"><net_src comp="16" pin="0"/><net_sink comp="154" pin=4"/></net>

<net id="172"><net_src comp="18" pin="0"/><net_sink comp="154" pin=5"/></net>

<net id="178"><net_src comp="136" pin="1"/><net_sink comp="173" pin=0"/></net>

<net id="179"><net_src comp="22" pin="0"/><net_sink comp="173" pin=1"/></net>

<net id="180"><net_src comp="22" pin="0"/><net_sink comp="173" pin=2"/></net>

<net id="186"><net_src comp="136" pin="1"/><net_sink comp="181" pin=0"/></net>

<net id="187"><net_src comp="22" pin="0"/><net_sink comp="181" pin=1"/></net>

<net id="188"><net_src comp="20" pin="0"/><net_sink comp="181" pin=2"/></net>

<net id="194"><net_src comp="24" pin="0"/><net_sink comp="189" pin=1"/></net>

<net id="195"><net_src comp="173" pin="3"/><net_sink comp="189" pin=0"/></net>

<net id="200"><net_src comp="24" pin="0"/><net_sink comp="189" pin=4"/></net>

<net id="201"><net_src comp="181" pin="3"/><net_sink comp="189" pin=2"/></net>

<net id="207"><net_src comp="22" pin="0"/><net_sink comp="202" pin=1"/></net>

<net id="208"><net_src comp="26" pin="0"/><net_sink comp="202" pin=2"/></net>

<net id="214"><net_src comp="22" pin="0"/><net_sink comp="209" pin=1"/></net>

<net id="215"><net_src comp="28" pin="0"/><net_sink comp="209" pin=2"/></net>

<net id="216"><net_src comp="202" pin="3"/><net_sink comp="189" pin=0"/></net>

<net id="217"><net_src comp="209" pin="3"/><net_sink comp="189" pin=2"/></net>

<net id="223"><net_src comp="22" pin="0"/><net_sink comp="218" pin=1"/></net>

<net id="224"><net_src comp="30" pin="0"/><net_sink comp="218" pin=2"/></net>

<net id="225"><net_src comp="218" pin="3"/><net_sink comp="189" pin=0"/></net>

<net id="231"><net_src comp="22" pin="0"/><net_sink comp="226" pin=1"/></net>

<net id="232"><net_src comp="44" pin="0"/><net_sink comp="189" pin=4"/></net>

<net id="233"><net_src comp="226" pin="3"/><net_sink comp="189" pin=2"/></net>

<net id="237"><net_src comp="140" pin="6"/><net_sink comp="234" pin=0"/></net>

<net id="241"><net_src comp="140" pin="6"/><net_sink comp="238" pin=0"/></net>

<net id="245"><net_src comp="140" pin="6"/><net_sink comp="242" pin=0"/></net>

<net id="249"><net_src comp="140" pin="6"/><net_sink comp="246" pin=0"/></net>

<net id="254"><net_src comp="238" pin="1"/><net_sink comp="250" pin=0"/></net>

<net id="255"><net_src comp="234" pin="1"/><net_sink comp="250" pin=1"/></net>

<net id="261"><net_src comp="250" pin="2"/><net_sink comp="256" pin=0"/></net>

<net id="262"><net_src comp="238" pin="1"/><net_sink comp="256" pin=1"/></net>

<net id="263"><net_src comp="234" pin="1"/><net_sink comp="256" pin=2"/></net>

<net id="268"><net_src comp="242" pin="1"/><net_sink comp="264" pin=0"/></net>

<net id="269"><net_src comp="256" pin="3"/><net_sink comp="264" pin=1"/></net>

<net id="275"><net_src comp="264" pin="2"/><net_sink comp="270" pin=0"/></net>

<net id="276"><net_src comp="242" pin="1"/><net_sink comp="270" pin=1"/></net>

<net id="277"><net_src comp="256" pin="3"/><net_sink comp="270" pin=2"/></net>

<net id="286"><net_src comp="34" pin="0"/><net_sink comp="281" pin=1"/></net>

<net id="287"><net_src comp="36" pin="0"/><net_sink comp="281" pin=2"/></net>

<net id="297"><net_src comp="288" pin="2"/><net_sink comp="292" pin=0"/></net>

<net id="298"><net_src comp="281" pin="3"/><net_sink comp="292" pin=1"/></net>

<net id="299"><net_src comp="38" pin="0"/><net_sink comp="292" pin=2"/></net>

<net id="303"><net_src comp="292" pin="3"/><net_sink comp="300" pin=0"/></net>

<net id="313"><net_src comp="304" pin="2"/><net_sink comp="308" pin=0"/></net>

<net id="318"><net_src comp="278" pin="1"/><net_sink comp="314" pin=0"/></net>

<net id="319"><net_src comp="308" pin="3"/><net_sink comp="314" pin=1"/></net>

<net id="325"><net_src comp="314" pin="2"/><net_sink comp="320" pin=0"/></net>

<net id="326"><net_src comp="40" pin="0"/><net_sink comp="320" pin=1"/></net>

<net id="327"><net_src comp="42" pin="0"/><net_sink comp="320" pin=2"/></net>

<net id="332"><net_src comp="314" pin="2"/><net_sink comp="328" pin=0"/></net>

<net id="333"><net_src comp="304" pin="2"/><net_sink comp="328" pin=1"/></net>

<net id="339"><net_src comp="328" pin="2"/><net_sink comp="334" pin=0"/></net>

<net id="340"><net_src comp="320" pin="3"/><net_sink comp="334" pin=1"/></net>

<net id="341"><net_src comp="300" pin="1"/><net_sink comp="334" pin=2"/></net>

<net id="345"><net_src comp="334" pin="3"/><net_sink comp="342" pin=0"/></net>

<net id="346"><net_src comp="342" pin="1"/><net_sink comp="226" pin=2"/></net>

<net id="362"><net_src comp="189" pin="3"/><net_sink comp="359" pin=0"/></net>

<net id="366"><net_src comp="347" pin="1"/><net_sink comp="363" pin=0"/></net>

<net id="367"><net_src comp="363" pin="1"/><net_sink comp="154" pin=6"/></net>

<net id="371"><net_src comp="350" pin="1"/><net_sink comp="368" pin=0"/></net>

<net id="372"><net_src comp="368" pin="1"/><net_sink comp="154" pin=7"/></net>

<net id="376"><net_src comp="353" pin="1"/><net_sink comp="373" pin=0"/></net>

<net id="377"><net_src comp="373" pin="1"/><net_sink comp="154" pin=8"/></net>

<net id="381"><net_src comp="356" pin="1"/><net_sink comp="378" pin=0"/></net>

<net id="382"><net_src comp="378" pin="1"/><net_sink comp="154" pin=9"/></net>

<net id="386"><net_src comp="359" pin="1"/><net_sink comp="383" pin=0"/></net>

<net id="387"><net_src comp="383" pin="1"/><net_sink comp="154" pin=10"/></net>

<net id="391"><net_src comp="173" pin="3"/><net_sink comp="388" pin=0"/></net>

<net id="392"><net_src comp="388" pin="1"/><net_sink comp="189" pin=0"/></net>

<net id="396"><net_src comp="181" pin="3"/><net_sink comp="393" pin=0"/></net>

<net id="397"><net_src comp="393" pin="1"/><net_sink comp="189" pin=2"/></net>

<net id="401"><net_src comp="202" pin="3"/><net_sink comp="398" pin=0"/></net>

<net id="402"><net_src comp="398" pin="1"/><net_sink comp="189" pin=0"/></net>

<net id="406"><net_src comp="209" pin="3"/><net_sink comp="403" pin=0"/></net>

<net id="407"><net_src comp="403" pin="1"/><net_sink comp="189" pin=2"/></net>

<net id="411"><net_src comp="218" pin="3"/><net_sink comp="408" pin=0"/></net>

<net id="412"><net_src comp="408" pin="1"/><net_sink comp="189" pin=0"/></net>

<net id="416"><net_src comp="140" pin="6"/><net_sink comp="413" pin=0"/></net>

<net id="417"><net_src comp="413" pin="1"/><net_sink comp="278" pin=0"/></net>

<net id="421"><net_src comp="246" pin="1"/><net_sink comp="418" pin=0"/></net>

<net id="422"><net_src comp="418" pin="1"/><net_sink comp="304" pin=0"/></net>

<net id="423"><net_src comp="418" pin="1"/><net_sink comp="308" pin=1"/></net>

<net id="427"><net_src comp="250" pin="2"/><net_sink comp="424" pin=0"/></net>

<net id="428"><net_src comp="424" pin="1"/><net_sink comp="288" pin=1"/></net>

<net id="432"><net_src comp="264" pin="2"/><net_sink comp="429" pin=0"/></net>

<net id="433"><net_src comp="429" pin="1"/><net_sink comp="281" pin=0"/></net>

<net id="434"><net_src comp="429" pin="1"/><net_sink comp="288" pin=0"/></net>

<net id="438"><net_src comp="270" pin="3"/><net_sink comp="435" pin=0"/></net>

<net id="439"><net_src comp="435" pin="1"/><net_sink comp="304" pin=1"/></net>

<net id="440"><net_src comp="435" pin="1"/><net_sink comp="308" pin=2"/></net>

<net id="444"><net_src comp="189" pin="3"/><net_sink comp="441" pin=0"/></net>

<net id="445"><net_src comp="441" pin="1"/><net_sink comp="347" pin=0"/></net>

<net id="449"><net_src comp="189" pin="7"/><net_sink comp="446" pin=0"/></net>

<net id="450"><net_src comp="446" pin="1"/><net_sink comp="350" pin=0"/></net>

<net id="454"><net_src comp="189" pin="3"/><net_sink comp="451" pin=0"/></net>

<net id="455"><net_src comp="451" pin="1"/><net_sink comp="353" pin=0"/></net>

<net id="459"><net_src comp="189" pin="7"/><net_sink comp="456" pin=0"/></net>

<net id="460"><net_src comp="456" pin="1"/><net_sink comp="356" pin=0"/></net>

</net_list>

</model> 
---------------- Datapath Model END ------------------

* FSMD analyzer results:
  - Output states:
	Port: res_V_data_0_V | {8 }
	Port: res_V_data_1_V | {8 }
	Port: res_V_data_2_V | {8 }
	Port: res_V_data_3_V | {8 }
	Port: res_V_data_4_V | {8 }
 - Input state : 
	Port: softmax_argmax<array,array<ap_fixed<20,10,5,3,0>,5u>,softmax_config12> : data_V_data_0_V | {3 }
	Port: softmax_argmax<array,array<ap_fixed<20,10,5,3,0>,5u>,softmax_config12> : data_V_data_1_V | {3 }
	Port: softmax_argmax<array,array<ap_fixed<20,10,5,3,0>,5u>,softmax_config12> : data_V_data_2_V | {3 }
	Port: softmax_argmax<array,array<ap_fixed<20,10,5,3,0>,5u>,softmax_config12> : data_V_data_3_V | {3 }
	Port: softmax_argmax<array,array<ap_fixed<20,10,5,3,0>,5u>,softmax_config12> : data_V_data_4_V | {3 }
  - Chain level:
	State 1
		out_data_data_V_addr : 1
		out_data_data_V_addr_1 : 1
		store_ln332 : 2
		store_ln332 : 2
	State 2
		store_ln332 : 1
		store_ln332 : 1
	State 3
		store_ln332 : 1
		icmp_ln1494 : 1
		select_ln340 : 2
		icmp_ln1494_1 : 3
		select_ln340_2 : 4
	State 4
		zext_ln340 : 1
		select_ln340_4 : 1
		icmp_ln1494_3 : 2
		select_ln340_5 : 3
		or_ln340_1 : 3
		select_ln340_6 : 3
		zext_ln346 : 4
		out_data_data_V_addr_5 : 5
		store_ln346 : 6
	State 5
	State 6
	State 7
	State 8
		tmp_data_4_V : 1
		zext_ln163 : 1
		zext_ln163_1 : 1
		zext_ln163_2 : 1
		zext_ln163_3 : 1
		zext_ln163_4 : 2
		write_ln347 : 3
		empty_23 : 1


============================================================
+ Verbose Summary: Datapath Resource usage 
============================================================

* Functional unit list:
|----------|--------------------------|---------|---------|
| Operation|      Functional Unit     |    FF   |   LUT   |
|----------|--------------------------|---------|---------|
|          |    select_ln340_fu_256   |    0    |    45   |
|          |   select_ln340_2_fu_270  |    0    |    45   |
|          |   select_ln340_1_fu_281  |    0    |    2    |
|  select  |   select_ln340_3_fu_292  |    0    |    2    |
|          |   select_ln340_4_fu_308  |    0    |    45   |
|          |   select_ln340_5_fu_320  |    0    |    3    |
|          |   select_ln340_6_fu_334  |    0    |    3    |
|----------|--------------------------|---------|---------|
|          |    icmp_ln1494_fu_250    |    0    |    24   |
|   icmp   |   icmp_ln1494_1_fu_264   |    0    |    24   |
|          |   icmp_ln1494_2_fu_304   |    0    |    24   |
|          |   icmp_ln1494_3_fu_314   |    0    |    24   |
|----------|--------------------------|---------|---------|
|    or    |      or_ln340_fu_288     |    0    |    2    |
|          |     or_ln340_1_fu_328    |    0    |    2    |
|----------|--------------------------|---------|---------|
|   read   |     empty_read_fu_140    |    0    |    0    |
|----------|--------------------------|---------|---------|
|   write  | write_ln347_write_fu_154 |    0    |    0    |
|----------|--------------------------|---------|---------|
|          |     maximum_V_fu_234     |    0    |    0    |
|          |   tmp_data_V_2_1_fu_238  |    0    |    0    |
|extractvalue|   tmp_data_V_2_2_fu_242  |    0    |    0    |
|          |   tmp_data_V_2_3_fu_246  |    0    |    0    |
|          |   tmp_data_V_2_4_fu_278  |    0    |    0    |
|----------|--------------------------|---------|---------|
|          |     zext_ln340_fu_300    |    0    |    0    |
|          |     zext_ln346_fu_342    |    0    |    0    |
|          |     zext_ln163_fu_363    |    0    |    0    |
|   zext   |    zext_ln163_1_fu_368   |    0    |    0    |
|          |    zext_ln163_2_fu_373   |    0    |    0    |
|          |    zext_ln163_3_fu_378   |    0    |    0    |
|          |    zext_ln163_4_fu_383   |    0    |    0    |
|----------|--------------------------|---------|---------|
|          |    tmp_data_0_V_fu_347   |    0    |    0    |
|          |    tmp_data_1_V_fu_350   |    0    |    0    |
|   sext   |    tmp_data_2_V_fu_353   |    0    |    0    |
|          |    tmp_data_3_V_fu_356   |    0    |    0    |
|          |    tmp_data_4_V_fu_359   |    0    |    0    |
|----------|--------------------------|---------|---------|
|   Total  |                          |    0    |   245   |
|----------|--------------------------|---------|---------|

Memories:
+---------------+--------+--------+--------+--------+
|               |  BRAM  |   FF   |   LUT  |  URAM  |
+---------------+--------+--------+--------+--------+
|out_data_data_V|    1   |    0   |    0   |    0   |
+---------------+--------+--------+--------+--------+
|     Total     |    1   |    0   |    0   |    0   |
+---------------+--------+--------+--------+--------+

* Register list:
+------------------------------+--------+
|                              |   FF   |
+------------------------------+--------+
|         empty_reg_413        |   225  |
|     icmp_ln1494_1_reg_429    |    1   |
|      icmp_ln1494_reg_424     |    1   |
|out_data_data_V_addr_1_reg_393|    3   |
|out_data_data_V_addr_2_reg_398|    3   |
|out_data_data_V_addr_3_reg_403|    3   |
|out_data_data_V_addr_4_reg_408|    3   |
| out_data_data_V_addr_reg_388 |    3   |
|out_data_data_V_load_1_reg_446|   13   |
|out_data_data_V_load_2_reg_451|   13   |
|out_data_data_V_load_3_reg_456|   13   |
| out_data_data_V_load_reg_441 |   13   |
|    select_ln340_2_reg_435    |   45   |
|    tmp_data_V_2_3_reg_418    |   45   |
+------------------------------+--------+
|             Total            |   384  |
+------------------------------+--------+

* Multiplexer (MUX) list: 
|-------------------|------|------|------|--------||---------||---------|
|        Comp       |  Pin | Size |  BW  | S x BW ||  Delay  ||   LUT   |
|-------------------|------|------|------|--------||---------||---------|
| grp_access_fu_189 |  p0  |   6  |   3  |   18   ||    33   |
| grp_access_fu_189 |  p2  |   5  |   0  |    0   ||    27   |
| grp_access_fu_189 |  p4  |   2  |   3  |    6   |
|-------------------|------|------|------|--------||---------||---------|
|       Total       |      |      |      |   24   || 1.90875 ||    60   |
|-------------------|------|------|------|--------||---------||---------|



* Summary:
+-----------+--------+--------+--------+--------+--------+
|           |  BRAM  |  Delay |   FF   |   LUT  |  URAM  |
+-----------+--------+--------+--------+--------+--------+
|  Function |    -   |    -   |    0   |   245  |    -   |
|   Memory  |    1   |    -   |    0   |    0   |    0   |
|Multiplexer|    -   |    1   |    -   |   60   |    -   |
|  Register |    -   |    -   |   384  |    -   |    -   |
+-----------+--------+--------+--------+--------+--------+
|   Total   |    1   |    1   |   384  |   305  |    0   |
+-----------+--------+--------+--------+--------+--------+
